<?xml version="1.0" encoding="UTF-8"?>
<!-- Generated by org.testng.reporters.JUnitReportReporter -->
<testsuite skipped="0" hostname="ankit" name="runner.webClickTest" tests="1" failures="0" timestamp="19 Sep 2021 15:52:02 GMT" time="22.092" errors="0">
  <testcase name="scenario" time="22.092" classname="runner.webClickTest"/>
</testsuite> <!-- runner.webClickTest -->
