<?xml version="1.0" encoding="UTF-8"?>
<!-- Generated by org.testng.reporters.JUnitReportReporter -->
<testsuite skipped="0" hostname="ankit" name="runner.webClickTest" tests="1" failures="0" timestamp="19 Jul 2021 07:27:00 GMT" time="25.118" errors="0">
  <testcase name="scenario" time="25.118" classname="runner.webClickTest"/>
</testsuite> <!-- runner.webClickTest -->
