<?xml version="1.0" encoding="UTF-8"?>
<testsuite xmlns:xsi="http://www.w3.org/2001/XMLSchema-instance" xsi:noNamespaceSchemaLocation="https://maven.apache.org/surefire/maven-surefire-plugin/xsd/surefire-test-report-3.0.xsd" version="3.0" name="runner.APIFeatureTest" time="7.451" tests="1" errors="0" skipped="0" failures="0">
  <properties>
    <property name="sun.desktop" value="windows"/>
    <property name="awt.toolkit" value="sun.awt.windows.WToolkit"/>
    <property name="file.encoding.pkg" value="sun.io"/>
    <property name="java.specification.version" value="1.8"/>
    <property name="sun.cpu.isalist" value="amd64"/>
    <property name="sun.jnu.encoding" value="Cp1252"/>
    <property name="java.class.path" value="C:\Users\HP\Desktop\Selenium-Framework\automation-runner-project\target\test-classes;C:\Users\HP\Desktop\Selenium-Framework\automation-runner-project\target\classes;C:\Users\HP\.m2\repository\io\cucumber\cucumber-java8\4.7.2\cucumber-java8-4.7.2.jar;C:\Users\HP\.m2\repository\io\cucumber\cucumber-java\4.7.2\cucumber-java-4.7.2.jar;C:\Users\HP\.m2\repository\io\cucumber\cucumber-core\4.7.2\cucumber-core-4.7.2.jar;C:\Users\HP\.m2\repository\io\cucumber\gherkin\5.1.0\gherkin-5.1.0.jar;C:\Users\HP\.m2\repository\io\cucumber\tag-expressions\1.1.1\tag-expressions-1.1.1.jar;C:\Users\HP\.m2\repository\io\cucumber\cucumber-expressions\7.0.2\cucumber-expressions-7.0.2.jar;C:\Users\HP\.m2\repository\io\cucumber\datatable\1.1.14\datatable-1.1.14.jar;C:\Users\HP\.m2\repository\io\cucumber\datatable-dependencies\1.1.14\datatable-dependencies-1.1.14.jar;C:\Users\HP\.m2\repository\org\apiguardian\apiguardian-api\1.1.0\apiguardian-api-1.1.0.jar;C:\Users\HP\.m2\repository\net\jodah\typetools\0.5.0\typetools-0.5.0.jar;C:\Users\HP\.m2\repository\com\acn\ntc\library-engine\1.0.0\library-engine-1.0.0.jar;C:\Users\HP\.m2\repository\com\acn\ntc\library-api\1.0.0\library-api-1.0.0.jar;C:\Users\HP\.m2\repository\com\intuit\karate\karate-apache\0.9.4\karate-apache-0.9.4.jar;C:\Users\HP\.m2\repository\com\intuit\karate\karate-core\0.9.4\karate-core-0.9.4.jar;C:\Users\HP\.m2\repository\com\jayway\jsonpath\json-path\2.1.0\json-path-2.1.0.jar;C:\Users\HP\.m2\repository\net\minidev\json-smart\2.2\json-smart-2.2.jar;C:\Users\HP\.m2\repository\net\minidev\accessors-smart\1.1\accessors-smart-1.1.jar;C:\Users\HP\.m2\repository\info\cukes\cucumber-java\1.2.5\cucumber-java-1.2.5.jar;C:\Users\HP\.m2\repository\info\cukes\cucumber-core\1.2.5\cucumber-core-1.2.5.jar;C:\Users\HP\.m2\repository\org\yaml\snakeyaml\1.24\snakeyaml-1.24.jar;C:\Users\HP\.m2\repository\de\siegmar\fastcsv\1.0.3\fastcsv-1.0.3.jar;C:\Users\HP\.m2\repository\info\picocli\picocli\3.0.1\picocli-3.0.1.jar;C:\Users\HP\.m2\repository\org\apache\httpcomponents\httpclient\4.5.5\httpclient-4.5.5.jar;C:\Users\HP\.m2\repository\org\apache\httpcomponents\httpcore\4.4.9\httpcore-4.4.9.jar;C:\Users\HP\.m2\repository\org\apache\httpcomponents\httpmime\4.5.5\httpmime-4.5.5.jar;C:\Users\HP\.m2\repository\org\slf4j\jcl-over-slf4j\1.7.25\jcl-over-slf4j-1.7.25.jar;C:\Users\HP\.m2\repository\org\slf4j\slf4j-api\1.7.25\slf4j-api-1.7.25.jar;C:\Users\HP\.m2\repository\ch\qos\logback\logback-classic\1.2.3\logback-classic-1.2.3.jar;C:\Users\HP\.m2\repository\ch\qos\logback\logback-core\1.2.3\logback-core-1.2.3.jar;C:\Users\HP\.m2\repository\com\intuit\karate\karate-junit4\0.9.4\karate-junit4-0.9.4.jar;C:\Users\HP\.m2\repository\io\cucumber\cucumber-junit\4.7.2\cucumber-junit-4.7.2.jar;C:\Users\HP\.m2\repository\junit\junit\4.13.2\junit-4.13.2.jar;C:\Users\HP\.m2\repository\org\hamcrest\hamcrest-core\1.3\hamcrest-core-1.3.jar;C:\Users\HP\.m2\repository\io\cucumber\cucumber-picocontainer\4.7.2\cucumber-picocontainer-4.7.2.jar;C:\Users\HP\.m2\repository\org\picocontainer\picocontainer\2.15\picocontainer-2.15.jar;C:\Users\HP\.m2\repository\io\cucumber\gherkin-jvm-deps\1.0.6\gherkin-jvm-deps-1.0.6.jar;C:\Users\HP\.m2\repository\org\apache\maven\plugins\maven-surefire-plugin\3.0.0-M5\maven-surefire-plugin-3.0.0-M5.jar;C:\Users\HP\.m2\repository\org\apache\maven\surefire\maven-surefire-common\3.0.0-M5\maven-surefire-common-3.0.0-M5.jar;C:\Users\HP\.m2\repository\org\apache\maven\surefire\surefire-api\3.0.0-M5\surefire-api-3.0.0-M5.jar;C:\Users\HP\.m2\repository\org\apache\maven\surefire\surefire-logger-api\3.0.0-M5\surefire-logger-api-3.0.0-M5.jar;C:\Users\HP\.m2\repository\org\apache\maven\surefire\surefire-extensions-api\3.0.0-M5\surefire-extensions-api-3.0.0-M5.jar;C:\Users\HP\.m2\repository\org\apache\maven\surefire\surefire-booter\3.0.0-M5\surefire-booter-3.0.0-M5.jar;C:\Users\HP\.m2\repository\org\apache\maven\surefire\surefire-extensions-spi\3.0.0-M5\surefire-extensions-spi-3.0.0-M5.jar;C:\Users\HP\.m2\repository\org\apache\maven\maven-toolchain\3.0-alpha-2\maven-toolchain-3.0-alpha-2.jar;C:\Users\HP\.m2\repository\org\apache\maven\shared\maven-artifact-transfer\0.11.0\maven-artifact-transfer-0.11.0.jar;C:\Users\HP\.m2\repository\org\apache\maven\shared\maven-common-artifact-filters\3.0.1\maven-common-artifact-filters-3.0.1.jar;C:\Users\HP\.m2\repository\org\apache\maven\maven-model\3.0\maven-model-3.0.jar;C:\Users\HP\.m2\repository\org\apache\maven\maven-plugin-api\3.0\maven-plugin-api-3.0.jar;C:\Users\HP\.m2\repository\org\sonatype\sisu\sisu-inject-plexus\1.4.2\sisu-inject-plexus-1.4.2.jar;C:\Users\HP\.m2\repository\org\codehaus\plexus\plexus-classworlds\2.2.3\plexus-classworlds-2.2.3.jar;C:\Users\HP\.m2\repository\org\sonatype\sisu\sisu-inject-bean\1.4.2\sisu-inject-bean-1.4.2.jar;C:\Users\HP\.m2\repository\org\sonatype\sisu\sisu-guice\2.1.7\sisu-guice-2.1.7-noaop.jar;C:\Users\HP\.m2\repository\org\apache\maven\shared\maven-shared-utils\3.1.0\maven-shared-utils-3.1.0.jar;C:\Users\HP\.m2\repository\commons-io\commons-io\2.5\commons-io-2.5.jar;C:\Users\HP\.m2\repository\commons-codec\commons-codec\1.11\commons-codec-1.11.jar;C:\Users\HP\.m2\repository\org\codehaus\plexus\plexus-java\1.0.5\plexus-java-1.0.5.jar;C:\Users\HP\.m2\repository\org\ow2\asm\asm\7.2\asm-7.2.jar;C:\Users\HP\.m2\repository\com\thoughtworks\qdox\qdox\2.0-M9\qdox-2.0-M9.jar;C:\Users\HP\.m2\repository\org\apache\maven\surefire\surefire-shared-utils\3.0.0-M4\surefire-shared-utils-3.0.0-M4.jar;"/>
    <property name="java.vm.vendor" value="Oracle Corporation"/>
    <property name="sun.arch.data.model" value="64"/>
    <property name="user.variant" value=""/>
    <property name="java.vendor.url" value="http://java.oracle.com/"/>
    <property name="user.timezone" value="Asia/Calcutta"/>
    <property name="java.vm.specification.version" value="1.8"/>
    <property name="os.name" value="Windows 10"/>
    <property name="user.country" value="IN"/>
    <property name="sun.java.launcher" value="SUN_STANDARD"/>
    <property name="sun.boot.library.path" value="C:\Program Files\Java\jdk1.8.0_144\jre\bin"/>
    <property name="sun.java.command" value="C:\Users\HP\AppData\Local\Temp\surefire7966303054365161272\surefirebooter1674538679520542330.jar C:\Users\HP\AppData\Local\Temp\surefire7966303054365161272 2021-06-18T18-23-55_575-jvmRun1 surefire2718618999786350141tmp surefire_07824103742429704083tmp"/>
    <property name="surefire.test.class.path" value="C:\Users\HP\Desktop\Selenium-Framework\automation-runner-project\target\test-classes;C:\Users\HP\Desktop\Selenium-Framework\automation-runner-project\target\classes;C:\Users\HP\.m2\repository\io\cucumber\cucumber-java8\4.7.2\cucumber-java8-4.7.2.jar;C:\Users\HP\.m2\repository\io\cucumber\cucumber-java\4.7.2\cucumber-java-4.7.2.jar;C:\Users\HP\.m2\repository\io\cucumber\cucumber-core\4.7.2\cucumber-core-4.7.2.jar;C:\Users\HP\.m2\repository\io\cucumber\gherkin\5.1.0\gherkin-5.1.0.jar;C:\Users\HP\.m2\repository\io\cucumber\tag-expressions\1.1.1\tag-expressions-1.1.1.jar;C:\Users\HP\.m2\repository\io\cucumber\cucumber-expressions\7.0.2\cucumber-expressions-7.0.2.jar;C:\Users\HP\.m2\repository\io\cucumber\datatable\1.1.14\datatable-1.1.14.jar;C:\Users\HP\.m2\repository\io\cucumber\datatable-dependencies\1.1.14\datatable-dependencies-1.1.14.jar;C:\Users\HP\.m2\repository\org\apiguardian\apiguardian-api\1.1.0\apiguardian-api-1.1.0.jar;C:\Users\HP\.m2\repository\net\jodah\typetools\0.5.0\typetools-0.5.0.jar;C:\Users\HP\.m2\repository\com\acn\ntc\library-engine\1.0.0\library-engine-1.0.0.jar;C:\Users\HP\.m2\repository\com\acn\ntc\library-api\1.0.0\library-api-1.0.0.jar;C:\Users\HP\.m2\repository\com\intuit\karate\karate-apache\0.9.4\karate-apache-0.9.4.jar;C:\Users\HP\.m2\repository\com\intuit\karate\karate-core\0.9.4\karate-core-0.9.4.jar;C:\Users\HP\.m2\repository\com\jayway\jsonpath\json-path\2.1.0\json-path-2.1.0.jar;C:\Users\HP\.m2\repository\net\minidev\json-smart\2.2\json-smart-2.2.jar;C:\Users\HP\.m2\repository\net\minidev\accessors-smart\1.1\accessors-smart-1.1.jar;C:\Users\HP\.m2\repository\info\cukes\cucumber-java\1.2.5\cucumber-java-1.2.5.jar;C:\Users\HP\.m2\repository\info\cukes\cucumber-core\1.2.5\cucumber-core-1.2.5.jar;C:\Users\HP\.m2\repository\org\yaml\snakeyaml\1.24\snakeyaml-1.24.jar;C:\Users\HP\.m2\repository\de\siegmar\fastcsv\1.0.3\fastcsv-1.0.3.jar;C:\Users\HP\.m2\repository\info\picocli\picocli\3.0.1\picocli-3.0.1.jar;C:\Users\HP\.m2\repository\org\apache\httpcomponents\httpclient\4.5.5\httpclient-4.5.5.jar;C:\Users\HP\.m2\repository\org\apache\httpcomponents\httpcore\4.4.9\httpcore-4.4.9.jar;C:\Users\HP\.m2\repository\org\apache\httpcomponents\httpmime\4.5.5\httpmime-4.5.5.jar;C:\Users\HP\.m2\repository\org\slf4j\jcl-over-slf4j\1.7.25\jcl-over-slf4j-1.7.25.jar;C:\Users\HP\.m2\repository\org\slf4j\slf4j-api\1.7.25\slf4j-api-1.7.25.jar;C:\Users\HP\.m2\repository\ch\qos\logback\logback-classic\1.2.3\logback-classic-1.2.3.jar;C:\Users\HP\.m2\repository\ch\qos\logback\logback-core\1.2.3\logback-core-1.2.3.jar;C:\Users\HP\.m2\repository\com\intuit\karate\karate-junit4\0.9.4\karate-junit4-0.9.4.jar;C:\Users\HP\.m2\repository\io\cucumber\cucumber-junit\4.7.2\cucumber-junit-4.7.2.jar;C:\Users\HP\.m2\repository\junit\junit\4.13.2\junit-4.13.2.jar;C:\Users\HP\.m2\repository\org\hamcrest\hamcrest-core\1.3\hamcrest-core-1.3.jar;C:\Users\HP\.m2\repository\io\cucumber\cucumber-picocontainer\4.7.2\cucumber-picocontainer-4.7.2.jar;C:\Users\HP\.m2\repository\org\picocontainer\picocontainer\2.15\picocontainer-2.15.jar;C:\Users\HP\.m2\repository\io\cucumber\gherkin-jvm-deps\1.0.6\gherkin-jvm-deps-1.0.6.jar;C:\Users\HP\.m2\repository\org\apache\maven\plugins\maven-surefire-plugin\3.0.0-M5\maven-surefire-plugin-3.0.0-M5.jar;C:\Users\HP\.m2\repository\org\apache\maven\surefire\maven-surefire-common\3.0.0-M5\maven-surefire-common-3.0.0-M5.jar;C:\Users\HP\.m2\repository\org\apache\maven\surefire\surefire-api\3.0.0-M5\surefire-api-3.0.0-M5.jar;C:\Users\HP\.m2\repository\org\apache\maven\surefire\surefire-logger-api\3.0.0-M5\surefire-logger-api-3.0.0-M5.jar;C:\Users\HP\.m2\repository\org\apache\maven\surefire\surefire-extensions-api\3.0.0-M5\surefire-extensions-api-3.0.0-M5.jar;C:\Users\HP\.m2\repository\org\apache\maven\surefire\surefire-booter\3.0.0-M5\surefire-booter-3.0.0-M5.jar;C:\Users\HP\.m2\repository\org\apache\maven\surefire\surefire-extensions-spi\3.0.0-M5\surefire-extensions-spi-3.0.0-M5.jar;C:\Users\HP\.m2\repository\org\apache\maven\maven-toolchain\3.0-alpha-2\maven-toolchain-3.0-alpha-2.jar;C:\Users\HP\.m2\repository\org\apache\maven\shared\maven-artifact-transfer\0.11.0\maven-artifact-transfer-0.11.0.jar;C:\Users\HP\.m2\repository\org\apache\maven\shared\maven-common-artifact-filters\3.0.1\maven-common-artifact-filters-3.0.1.jar;C:\Users\HP\.m2\repository\org\apache\maven\maven-model\3.0\maven-model-3.0.jar;C:\Users\HP\.m2\repository\org\apache\maven\maven-plugin-api\3.0\maven-plugin-api-3.0.jar;C:\Users\HP\.m2\repository\org\sonatype\sisu\sisu-inject-plexus\1.4.2\sisu-inject-plexus-1.4.2.jar;C:\Users\HP\.m2\repository\org\codehaus\plexus\plexus-classworlds\2.2.3\plexus-classworlds-2.2.3.jar;C:\Users\HP\.m2\repository\org\sonatype\sisu\sisu-inject-bean\1.4.2\sisu-inject-bean-1.4.2.jar;C:\Users\HP\.m2\repository\org\sonatype\sisu\sisu-guice\2.1.7\sisu-guice-2.1.7-noaop.jar;C:\Users\HP\.m2\repository\org\apache\maven\shared\maven-shared-utils\3.1.0\maven-shared-utils-3.1.0.jar;C:\Users\HP\.m2\repository\commons-io\commons-io\2.5\commons-io-2.5.jar;C:\Users\HP\.m2\repository\commons-codec\commons-codec\1.11\commons-codec-1.11.jar;C:\Users\HP\.m2\repository\org\codehaus\plexus\plexus-java\1.0.5\plexus-java-1.0.5.jar;C:\Users\HP\.m2\repository\org\ow2\asm\asm\7.2\asm-7.2.jar;C:\Users\HP\.m2\repository\com\thoughtworks\qdox\qdox\2.0-M9\qdox-2.0-M9.jar;C:\Users\HP\.m2\repository\org\apache\maven\surefire\surefire-shared-utils\3.0.0-M4\surefire-shared-utils-3.0.0-M4.jar;"/>
    <property name="sun.cpu.endian" value="little"/>
    <property name="user.home" value="C:\Users\HP"/>
    <property name="user.language" value="en"/>
    <property name="java.specification.vendor" value="Oracle Corporation"/>
    <property name="java.home" value="C:\Program Files\Java\jdk1.8.0_144\jre"/>
    <property name="basedir" value="C:\Users\HP\Desktop\Selenium-Framework\automation-runner-project"/>
    <property name="file.separator" value="\"/>
    <property name="line.separator" value="&#10;"/>
    <property name="java.vm.specification.vendor" value="Oracle Corporation"/>
    <property name="java.specification.name" value="Java Platform API Specification"/>
    <property name="java.awt.graphicsenv" value="sun.awt.Win32GraphicsEnvironment"/>
    <property name="surefire.real.class.path" value="C:\Users\HP\AppData\Local\Temp\surefire7966303054365161272\surefirebooter1674538679520542330.jar"/>
    <property name="sun.boot.class.path" value="C:\Program Files\Java\jdk1.8.0_144\jre\lib\resources.jar;C:\Program Files\Java\jdk1.8.0_144\jre\lib\rt.jar;C:\Program Files\Java\jdk1.8.0_144\jre\lib\sunrsasign.jar;C:\Program Files\Java\jdk1.8.0_144\jre\lib\jsse.jar;C:\Program Files\Java\jdk1.8.0_144\jre\lib\jce.jar;C:\Program Files\Java\jdk1.8.0_144\jre\lib\charsets.jar;C:\Program Files\Java\jdk1.8.0_144\jre\lib\jfr.jar;C:\Program Files\Java\jdk1.8.0_144\jre\classes"/>
    <property name="user.script" value=""/>
    <property name="sun.management.compiler" value="HotSpot 64-Bit Tiered Compilers"/>
    <property name="java.runtime.version" value="1.8.0_144-b01"/>
    <property name="user.name" value="HP"/>
    <property name="path.separator" value=";"/>
    <property name="os.version" value="10.0"/>
    <property name="java.endorsed.dirs" value="C:\Program Files\Java\jdk1.8.0_144\jre\lib\endorsed"/>
    <property name="java.runtime.name" value="Java(TM) SE Runtime Environment"/>
    <property name="file.encoding" value="Cp1252"/>
    <property name="java.vm.name" value="Java HotSpot(TM) 64-Bit Server VM"/>
    <property name="localRepository" value="C:\Users\HP\.m2\repository"/>
    <property name="java.vendor.url.bug" value="http://bugreport.sun.com/bugreport/"/>
    <property name="java.io.tmpdir" value="C:\Users\HP\AppData\Local\Temp\"/>
    <property name="java.version" value="1.8.0_144"/>
    <property name="user.dir" value="C:\Users\HP\Desktop\Selenium-Framework\automation-runner-project"/>
    <property name="os.arch" value="amd64"/>
    <property name="java.vm.specification.name" value="Java Virtual Machine Specification"/>
    <property name="java.awt.printerjob" value="sun.awt.windows.WPrinterJob"/>
    <property name="sun.os.patch.level" value=""/>
    <property name="java.library.path" value="C:\Program Files\Java\jdk1.8.0_144\jre\bin;C:\WINDOWS\Sun\Java\bin;C:\WINDOWS\system32;C:\WINDOWS;C:/Program Files/Java/jre1.8.0_144/bin/server;C:/Program Files/Java/jre1.8.0_144/bin;C:/Program Files/Java/jre1.8.0_144/lib/amd64;%TRICENTIS_HOME%;%TRICENTIS_PROJECTS%;%TRICENTIS_SEARCH%;%TRICENTIS_HOME%\Resources\Mobile\Tools;C:\oraclexe\app\oracle\product\11.2.0\server\bin;C:\ProgramData\Oracle\Java\javapath;%SystemRoot%\system32;%SystemRoot%;%SystemRoot%\System32\Wbem;%SYSTEMROOT%\System32\WindowsPowerShell\v1.0\;C:\Program Files\Microsoft SQL Server\Client SDK\ODBC\130\Tools\Binn\;C:\Program Files (x86)\Microsoft SQL Server\130\Tools\Binn\;C:\Program Files\Microsoft SQL Server\130\Tools\Binn\;C:\Program Files\Microsoft SQL Server\130\DTS\Binn\;C:\Program Files (x86)\Microsoft SQL Server\Client SDK\ODBC\130\Tools\Binn\;C:\Program Files (x86)\Microsoft SQL Server\140\Tools\Binn\;C:\Program Files (x86)\Microsoft SQL Server\140\DTS\Binn\;C:\Program Files (x86)\Microsoft SQL Server\140\Tools\Binn\ManagementStudio\;%SYSTEMROOT%\System32\OpenSSH\;C:\Program Files\Git\cmd;C:\Android;C:\Windows\System32;C:\Program Files\Java\jdk1.8.0_144\bin;;%USERPROFILE%\AppData\Local\Microsoft\WindowsApps;C:\Users\HP\Downloads\eclipse;;."/>
    <property name="java.vm.info" value="mixed mode"/>
    <property name="java.vendor" value="Oracle Corporation"/>
    <property name="java.vm.version" value="25.144-b01"/>
    <property name="java.ext.dirs" value="C:\Program Files\Java\jdk1.8.0_144\jre\lib\ext;C:\WINDOWS\Sun\Java\lib\ext"/>
    <property name="sun.io.unicode.encoding" value="UnicodeLittle"/>
    <property name="java.class.version" value="52.0"/>
  </properties>
  <testcase name="[1:4] getListOfAllCountries" classname="[countryWeather]" time="5.912">
    <system-out><![CDATA[18:23:58.959 [main] WARN com.intuit.karate - skipping bootstrap configuration: could not find or read file: classpath:karate-config.js
18:23:59.666 [main] DEBUG org.apache.http.client.protocol.RequestAddCookies - CookieSpec selected: karate
18:23:59.681 [main] DEBUG org.apache.http.client.protocol.RequestAuthCache - Auth cache not set in the context
18:23:59.681 [main] DEBUG com.intuit.karate - request:
1 > GET https://restcountries.eu/rest/v2/all
1 > Accept: application/json
1 > Accept-Encoding: gzip,deflate
1 > Connection: Keep-Alive
1 > Host: restcountries.eu
1 > User-Agent: Apache-HttpClient/4.5.5 (Java/1.8.0_144)

18:23:59.681 [main] DEBUG org.apache.http.impl.conn.PoolingHttpClientConnectionManager - Connection request: [route: {s}->https://restcountries.eu:443][total kept alive: 0; route allocated: 0 of 5; total allocated: 0 of 10]
18:23:59.697 [main] DEBUG org.apache.http.impl.conn.PoolingHttpClientConnectionManager - Connection leased: [id: 0][route: {s}->https://restcountries.eu:443][total kept alive: 0; route allocated: 1 of 5; total allocated: 1 of 10]
18:23:59.697 [main] DEBUG org.apache.http.impl.execchain.MainClientExec - Opening connection {s}->https://restcountries.eu:443
18:23:59.775 [main] DEBUG org.apache.http.impl.conn.DefaultHttpClientConnectionOperator - Connecting to restcountries.eu/172.67.204.7:443
18:23:59.775 [main] DEBUG org.apache.http.conn.ssl.SSLConnectionSocketFactory - Connecting socket to restcountries.eu/172.67.204.7:443 with timeout 30000
18:23:59.884 [main] DEBUG org.apache.http.conn.ssl.SSLConnectionSocketFactory - Enabled protocols: [TLSv1, TLSv1.1, TLSv1.2]
18:23:59.884 [main] DEBUG org.apache.http.conn.ssl.SSLConnectionSocketFactory - Enabled cipher suites:[TLS_ECDHE_ECDSA_WITH_AES_128_CBC_SHA256, TLS_ECDHE_RSA_WITH_AES_128_CBC_SHA256, TLS_RSA_WITH_AES_128_CBC_SHA256, TLS_ECDH_ECDSA_WITH_AES_128_CBC_SHA256, TLS_ECDH_RSA_WITH_AES_128_CBC_SHA256, TLS_DHE_RSA_WITH_AES_128_CBC_SHA256, TLS_DHE_DSS_WITH_AES_128_CBC_SHA256, TLS_ECDHE_ECDSA_WITH_AES_128_CBC_SHA, TLS_ECDHE_RSA_WITH_AES_128_CBC_SHA, TLS_RSA_WITH_AES_128_CBC_SHA, TLS_ECDH_ECDSA_WITH_AES_128_CBC_SHA, TLS_ECDH_RSA_WITH_AES_128_CBC_SHA, TLS_DHE_RSA_WITH_AES_128_CBC_SHA, TLS_DHE_DSS_WITH_AES_128_CBC_SHA, TLS_ECDHE_ECDSA_WITH_AES_128_GCM_SHA256, TLS_ECDHE_RSA_WITH_AES_128_GCM_SHA256, TLS_RSA_WITH_AES_128_GCM_SHA256, TLS_ECDH_ECDSA_WITH_AES_128_GCM_SHA256, TLS_ECDH_RSA_WITH_AES_128_GCM_SHA256, TLS_DHE_RSA_WITH_AES_128_GCM_SHA256, TLS_DHE_DSS_WITH_AES_128_GCM_SHA256, TLS_ECDHE_ECDSA_WITH_3DES_EDE_CBC_SHA, TLS_ECDHE_RSA_WITH_3DES_EDE_CBC_SHA, SSL_RSA_WITH_3DES_EDE_CBC_SHA, TLS_ECDH_ECDSA_WITH_3DES_EDE_CBC_SHA, TLS_ECDH_RSA_WITH_3DES_EDE_CBC_SHA, SSL_DHE_RSA_WITH_3DES_EDE_CBC_SHA, SSL_DHE_DSS_WITH_3DES_EDE_CBC_SHA, TLS_EMPTY_RENEGOTIATION_INFO_SCSV]
18:23:59.884 [main] DEBUG org.apache.http.conn.ssl.SSLConnectionSocketFactory - Starting handshake
18:24:00.103 [main] DEBUG org.apache.http.conn.ssl.SSLConnectionSocketFactory - Secure session established
18:24:00.103 [main] DEBUG org.apache.http.conn.ssl.SSLConnectionSocketFactory -  negotiated protocol: TLSv1.2
18:24:00.103 [main] DEBUG org.apache.http.conn.ssl.SSLConnectionSocketFactory -  negotiated cipher suite: TLS_ECDHE_ECDSA_WITH_AES_128_GCM_SHA256
18:24:00.103 [main] DEBUG org.apache.http.conn.ssl.SSLConnectionSocketFactory -  peer principal: CN=sni.cloudflaressl.com, O="Cloudflare, Inc.", L=San Francisco, ST=CA, C=US
18:24:00.103 [main] DEBUG org.apache.http.conn.ssl.SSLConnectionSocketFactory -  peer alternative names: [sni.cloudflaressl.com, *.restcountries.eu, restcountries.eu]
18:24:00.103 [main] DEBUG org.apache.http.conn.ssl.SSLConnectionSocketFactory -  issuer principal: CN=Cloudflare Inc ECC CA-3, O="Cloudflare, Inc.", C=US
18:24:00.119 [main] DEBUG org.apache.http.impl.conn.DefaultHttpClientConnectionOperator - Connection established 192.168.0.176:49673<->172.67.204.7:443
18:24:00.119 [main] DEBUG org.apache.http.impl.conn.DefaultManagedHttpClientConnection - http-outgoing-0: set socket timeout to 30000
18:24:00.119 [main] DEBUG org.apache.http.impl.execchain.MainClientExec - Executing request GET /rest/v2/all HTTP/1.1
18:24:00.119 [main] DEBUG org.apache.http.impl.execchain.MainClientExec - Target auth state: UNCHALLENGED
18:24:00.119 [main] DEBUG org.apache.http.impl.execchain.MainClientExec - Proxy auth state: UNCHALLENGED
18:24:00.119 [main] DEBUG org.apache.http.headers - http-outgoing-0 >> GET /rest/v2/all HTTP/1.1
18:24:00.119 [main] DEBUG org.apache.http.headers - http-outgoing-0 >> Accept: application/json
18:24:00.119 [main] DEBUG org.apache.http.headers - http-outgoing-0 >> Host: restcountries.eu
18:24:00.119 [main] DEBUG org.apache.http.headers - http-outgoing-0 >> Connection: Keep-Alive
18:24:00.119 [main] DEBUG org.apache.http.headers - http-outgoing-0 >> User-Agent: Apache-HttpClient/4.5.5 (Java/1.8.0_144)
18:24:00.119 [main] DEBUG org.apache.http.headers - http-outgoing-0 >> Accept-Encoding: gzip,deflate
18:24:00.119 [main] DEBUG org.apache.http.wire - http-outgoing-0 >> "GET /rest/v2/all HTTP/1.1[\r][\n]"
18:24:00.119 [main] DEBUG org.apache.http.wire - http-outgoing-0 >> "Accept: application/json[\r][\n]"
18:24:00.119 [main] DEBUG org.apache.http.wire - http-outgoing-0 >> "Host: restcountries.eu[\r][\n]"
18:24:00.119 [main] DEBUG org.apache.http.wire - http-outgoing-0 >> "Connection: Keep-Alive[\r][\n]"
18:24:00.119 [main] DEBUG org.apache.http.wire - http-outgoing-0 >> "User-Agent: Apache-HttpClient/4.5.5 (Java/1.8.0_144)[\r][\n]"
18:24:00.119 [main] DEBUG org.apache.http.wire - http-outgoing-0 >> "Accept-Encoding: gzip,deflate[\r][\n]"
18:24:00.119 [main] DEBUG org.apache.http.wire - http-outgoing-0 >> "[\r][\n]"
18:24:04.088 [main] DEBUG org.apache.http.wire - http-outgoing-0 << "HTTP/1.1 200 [\r][\n]"
18:24:04.088 [main] DEBUG org.apache.http.wire - http-outgoing-0 << "Date: Fri, 18 Jun 2021 12:54:02 GMT[\r][\n]"
18:24:04.088 [main] DEBUG org.apache.http.wire - http-outgoing-0 << "Content-Type: application/json;charset=utf-8[\r][\n]"
18:24:04.088 [main] DEBUG org.apache.http.wire - http-outgoing-0 << "Transfer-Encoding: chunked[\r][\n]"
18:24:04.088 [main] DEBUG org.apache.http.wire - http-outgoing-0 << "Connection: keep-alive[\r][\n]"
18:24:04.088 [main] DEBUG org.apache.http.wire - http-outgoing-0 << "Access-Control-Allow-Origin: *[\r][\n]"
18:24:04.088 [main] DEBUG org.apache.http.wire - http-outgoing-0 << "Access-Control-Allow-Methods: GET[\r][\n]"
18:24:04.088 [main] DEBUG org.apache.http.wire - http-outgoing-0 << "Access-Control-Allow-Headers: Accept, X-Requested-With[\r][\n]"
18:24:04.088 [main] DEBUG org.apache.http.wire - http-outgoing-0 << "Cache-Control: public, max-age=86400[\r][\n]"
18:24:04.088 [main] DEBUG org.apache.http.wire - http-outgoing-0 << "CF-Cache-Status: DYNAMIC[\r][\n]"
18:24:04.088 [main] DEBUG org.apache.http.wire - http-outgoing-0 << "cf-request-id: 0ac0c881d90000de52ad277000000001[\r][\n]"
18:24:04.088 [main] DEBUG org.apache.http.wire - http-outgoing-0 << "Report-To: {"endpoints":[{"url":"https:\/\/a.nel.cloudflare.com\/report\/v2?s=WNxn6l8juPU4hwULQh3PcHOnmkAbLpm0EJND8bQduhzFiav5hZGx8Dam3nPMJNHwTTwYuHWtlbeto52pTH365SF7ForOENur51omitpZLICPiLb6AD1Oawz6r9W0oQ%3D%3D"}],"group":"cf-nel","max_age":604800}[\r][\n]"
18:24:04.088 [main] DEBUG org.apache.http.wire - http-outgoing-0 << "NEL: {"report_to":"cf-nel","max_age":604800}[\r][\n]"
18:24:04.088 [main] DEBUG org.apache.http.wire - http-outgoing-0 << "Content-Encoding: gzip[\r][\n]"
18:24:04.088 [main] DEBUG org.apache.http.wire - http-outgoing-0 << "alt-svc: h3-27=":443"; ma=86400, h3-28=":443"; ma=86400, h3-29=":443"; ma=86400, h3=":443"; ma=86400[\r][\n]"
18:24:04.088 [main] DEBUG org.apache.http.wire - http-outgoing-0 << "Expect-CT: max-age=604800, report-uri="https://report-uri.cloudflare.com/cdn-cgi/beacon/expect-ct"[\r][\n]"
18:24:04.088 [main] DEBUG org.apache.http.wire - http-outgoing-0 << "Server: cloudflare[\r][\n]"
18:24:04.088 [main] DEBUG org.apache.http.wire - http-outgoing-0 << "CF-RAY: 6614a9e2fc18de52-BOM[\r][\n]"
18:24:04.088 [main] DEBUG org.apache.http.wire - http-outgoing-0 << "[\r][\n]"
18:24:04.088 [main] DEBUG org.apache.http.wire - http-outgoing-0 << "10ab[\r][\n]"
18:24:04.088 [main] DEBUG org.apache.http.wire - http-outgoing-0 << "[0x1f][0x8b][0x8][0x0][0x0][0x0][0x0][0x0][0x0][0x3][0xdc][0x99][0xcf]o[0xdb][0xc8][0x15][0xc7][0xff][0x15]bP [0x87][0xd2][0x8a][0xa8][0xdf][0xd6]M[0x91][0x9c][0xac][0xd7][0xf2][0xf]X[0xf6]b[0x9b] ([0x9e][0xa4][0x11][0xc5]x4T[0xf8][0xc3][0xa9][0x1d][0xe4]`+[0x9][0xd2]l[\n]"
18:24:04.088 [main] DEBUG org.apache.http.wire - http-outgoing-0 << "[0xf4][0xd0][0x2]E{[0xd9]8@[0xbd][0xb6][0xd3][0x6][0xae][0xdb]b[0xb3]Yl[0xf]r[0xf][0x9b][0xbf][0x80]Jn+[0x14]h[0xff][0x8b]b[0x86]?[0xc4]!)[0xcb]F[0xd1][0x1e][0xaa][0x83][0xac]y[0x9c]y|3[0xe4][0xe7][0xfb][0xde][0x8c][0xef]<D[0x14]z[0x18][0x95]Q[0xa5][0xa3]v[0x81]j[0xa6][0x5][0x14][0xc9][0xc8][0xd2][0xfb]u[0xbc][0x8d]IM[0xef][0x81]FQ[0xf9][0xe]JA[0x7][0xdd][0x95][0x11][0x90]~[0x17]2U[0xbd][0xcd][0xc7][0xdc]D[0x9e]%[0x1b]Xn![0x19][0xb5][0x80][0x10][0x8d][0xaa][0xcc]f[0xb2][0xb1][0xf3]Y6[0xb4][0x5]}[0xcd][0x2][0x82][0xca]h[0x9][0x9a]6[0xe1]C[0xad]F[0x1f][0xf3][0xbe][0xbc][0x1f][0xf7]W[0xe9][0x9c][0xbf]<[0xdf]c[0x91][0x9c][0xef]Q6[0xce][0xc0][0xaa][0xa6]S[0xe6][0xdc][0xd4][0x0][0xc9][0xc8][0xb4][0x9b][0x81][0xa9][0xa1][0xdb]V[0x17][0x1b]T[0xf2][0xae][0xf5][0xf5][0xbe]M[0xc0][0xe2][0x17]3[0xc5]B[0xbe][0xa8][0xe4][0xf2]2"`[0x11][0xaa][0xa2][0xf2][0x9d]l6[0x95][0x96][0xb][0xf9]T[0xfa][0xae][0x8c][0xda][0xb8][0xa7][0xd3][0x9d]^0u[0x16][0x8f][0x81][0x1][0x95][0xb][0xf9]L&[0x9b]N[0xa5]e[0xa4]jTc~R%[0x19]YZ[0xf][0xef][0xea][0xd4][0x9d][0xd0][0xe6]F[0xf5][0xc7][0xe9]\9[0x9b]f[0xf1]5u[0xa3][0x8d][\r]n_\_A2Z[0xab],![0x19]m,-#[0x19]m[0xde][0xbe][0xc1]~[0xca],[0xd5]OVX[\n]"
18:24:04.088 [main] DEBUG org.apache.http.wire - http-outgoing-0 << "[0x96][0xb6][0x8d]W[0xdc]ew[0xe]G{[0xce]7[0xce][0xe1][0xe8][0xa9]s[0xe6][0x1c][0xb3][0xbf]HF[0xd4][0xee]aCkyk[0x9a]N[0xe7][0xd8][0x9a][0xda][0x86][0x81]iK[0xe3][0x1]<D-[0xbd][0xd9][\r][0x85]G([0x81]"
18:24:04.103 [main] DEBUG org.apache.http.headers - http-outgoing-0 << HTTP/1.1 200 
18:24:04.103 [main] DEBUG org.apache.http.headers - http-outgoing-0 << Date: Fri, 18 Jun 2021 12:54:02 GMT
18:24:04.103 [main] DEBUG org.apache.http.headers - http-outgoing-0 << Content-Type: application/json;charset=utf-8
18:24:04.103 [main] DEBUG org.apache.http.headers - http-outgoing-0 << Transfer-Encoding: chunked
18:24:04.103 [main] DEBUG org.apache.http.headers - http-outgoing-0 << Connection: keep-alive
18:24:04.103 [main] DEBUG org.apache.http.headers - http-outgoing-0 << Access-Control-Allow-Origin: *
18:24:04.103 [main] DEBUG org.apache.http.headers - http-outgoing-0 << Access-Control-Allow-Methods: GET
18:24:04.103 [main] DEBUG org.apache.http.headers - http-outgoing-0 << Access-Control-Allow-Headers: Accept, X-Requested-With
18:24:04.103 [main] DEBUG org.apache.http.headers - http-outgoing-0 << Cache-Control: public, max-age=86400
18:24:04.103 [main] DEBUG org.apache.http.headers - http-outgoing-0 << CF-Cache-Status: DYNAMIC
18:24:04.103 [main] DEBUG org.apache.http.headers - http-outgoing-0 << cf-request-id: 0ac0c881d90000de52ad277000000001
18:24:04.103 [main] DEBUG org.apache.http.headers - http-outgoing-0 << Report-To: {"endpoints":[{"url":"https:\/\/a.nel.cloudflare.com\/report\/v2?s=WNxn6l8juPU4hwULQh3PcHOnmkAbLpm0EJND8bQduhzFiav5hZGx8Dam3nPMJNHwTTwYuHWtlbeto52pTH365SF7ForOENur51omitpZLICPiLb6AD1Oawz6r9W0oQ%3D%3D"}],"group":"cf-nel","max_age":604800}
18:24:04.103 [main] DEBUG org.apache.http.headers - http-outgoing-0 << NEL: {"report_to":"cf-nel","max_age":604800}
18:24:04.103 [main] DEBUG org.apache.http.headers - http-outgoing-0 << Content-Encoding: gzip
18:24:04.103 [main] DEBUG org.apache.http.headers - http-outgoing-0 << alt-svc: h3-27=":443"; ma=86400, h3-28=":443"; ma=86400, h3-29=":443"; ma=86400, h3=":443"; ma=86400
18:24:04.103 [main] DEBUG org.apache.http.headers - http-outgoing-0 << Expect-CT: max-age=604800, report-uri="https://report-uri.cloudflare.com/cdn-cgi/beacon/expect-ct"
18:24:04.103 [main] DEBUG org.apache.http.headers - http-outgoing-0 << Server: cloudflare
18:24:04.103 [main] DEBUG org.apache.http.headers - http-outgoing-0 << CF-RAY: 6614a9e2fc18de52-BOM
18:24:04.166 [main] DEBUG org.apache.http.impl.execchain.MainClientExec - Connection can be kept alive indefinitely
18:24:04.197 [main] DEBUG org.apache.http.wire - http-outgoing-0 << "[0xfb]$[0xd9]J[0xed][0xf4][0x9a]:[p[0xe7][0xb][0xf4][0xe8].[[0x7][0xaa][0xda][0xa0]z.4S/d[0xe7][0xaa][0xa0]2[0xea][0x9b]H[0xf6][0xdb][0x19][0xd6][0xb6][0xcd][0x89][0xdb]50[0xbb][0x96][0x8e]"[0x81][0x8f][0xbe][0xfb][0xf0][[0xe7]x[0xf4][0xc]=[0x92][0x5]W[0xf6][0xae][0xe8][0xca][0xde]mN\m[0xee]6[0xf1]V[0xd4][0xd3][0xea][0xfb]w[0xdc][0x1c]qdm[0x89][0x8e],{k[0xe2]h[0xc3]6[0xb6]z[0x98]F]m[0xc][0xbf]u[0xed]l[0xb6][0x96][0x1][0xd4]t_[0x6][0x13][0x95][0x1f][0xa2]v[0xfc]5g+[0xc1]L[0xdc]2|[0xc9]L[0x1d]#[0xd6][0xeb][0x1e][0xa0]2[0x1a][0xef][0x1f][0x8c][0x7][0xbf][0x1e][0xef][0xbf][0x1e][0xf][0xbe][0x18][0xef][0xbf][0x1d][0xef][0xff]m<8c[0x11]Z[0xb1][0xfe]M[0xd7][0x5][0xf6][0xdc][0xbe]bk[0xd7][0xb7][0xe2]6JbC[0xbb]F( n[0xe9]@[0xf2][[0xf2]HF[0x1d][0x2]**[0xa3][0xae]e[0xf5][0xcd][0xf2][0xf5][0xeb][0x6]6[0xad][0x96]nS[0xcb][0xd0][0xb0][0x99][0xc2][0xf6][0xf5]6Xp[0x1d]:j[0xca][0xdc]V[0x91][0xcf][0x11][0x90][0x1b]Do[0xb9]o[0x0][0xb4][0xc][0xf][0x81]F[0xa5][0xb2]^[0x9d],/[0xc7][0x8a]3[0xc5][0xc8]2[0xf5][0x96][0xc6][0x97]Q[0xea][0xe8][0x86][0xb4][0xee][0xb9][0x91][0xaa][0xba][0xde][0xc7][0x86][0xb][0x9b][0x8c]t[0xc6]a[0xc5]u[0xc8][0xbc][0xdf][0xf5]L[0xec][0xc9][0xf0]6{$-Moy*[0xc1][0x9e][0xb6]w[0xb7][0xe1][0x13][0x2][0xb4]--[0x9a][0xec][0x8f]9E}~[0x16]W[0x9f][0xcf]c[0xea]S[0xaf]$[0xa8]O6_[0x12][0xe5]g[0x19][0xc][\r]w[0xa1]G[0x93]$[0x88]9[0xad][0x0][0x8b][0x84][0xfd][0xf0][0xff]v[0xb7]1[0x5][0xda][0x3][0x10][0x4]i[0xc1]6[0xf4]>[0x8e]H[0xd2][0x8a]n[0xb8][0x92][0x14]\[0x15]D[0xa9]T*[0x86][0x15][0xa9][0x90]N)J[0xa1]P([0xca][0xca]|j^[0x90]%wY4[0xb3][0x1b]([0x93][0x92]/[0x85]t[0x89][0xda][0x84]$[0xe9]R[0xa6][0x9c][0x8e][0xe8]RTt\[0xcf]1[0xa1][0xc9][0xe4]JS[0x85]fas}[0xf2]z[0xb0][0x99][0x85][0xe5][0xe5][0x87][0xfd][0xd7][0x17][0xeb][0x8b][0xb9]-[0xb2]l>[0xc0][0xa1][0x97][0xed][0x1][0xf6]f)[0x4]incjn[0xc1]t[0x94][0x83]Y[0xb8][0x14][0xf3][0xc5][0x2][0x9f][0xe0][0xe0][0xa2][0x7][0xef][0xf1]x[0xf0][0xed]xp4[0x1e][0x9c][0x8d][0x7]?[0xff][0xe7][0xc9][0xd7][0xff]8[0xfb][0xab][0xf][0xef][0xa2][0xa9][0x13],[0xf9][0x8f][0x9a][0xc3][0xbb]H[0xba]`J[0xed][0x89][0x95][0xe3][0x1b][0xb3]r[0x80][0xdd];a[0x8d][0x7][0xc][0xbb]VsK[0x93]tKoi[0x1][0xc8][0xaf][0x9d]?9[0x87][0x1f]_8[0xa7][0x92]s8z<z[0xea][0xbc][0xb9]<[0xc9][0x4].A[0xf2][0xc2][0xa6][0xf8][0x9c][0xfa][0x18][0xa8][0xb4]I[0xaf][0xe]i[0x98][0xd0][\n]"
18:24:04.197 [main] DEBUG org.apache.http.wire - http-outgoing-0 << "i[0x2][0xe5][0x8b][0x9b][0x84]&[0x89][0xa3]Y[0x8f][0xa3]y#[0x11][0xcd][0xbc][0x88][0xe6][0x86]f[0x0][0x85]$.[0x99][0xc7]F[0xf7][0xbe][0xd6][0x1f][0x9e][0x18]Z[0xf8]7[0xf8][\r][0x16][0xe0]L:[0x83][0x82]a[0x1a][0x9d][0x85]t[0xa6][0x10][0xe2]3[0xa7][0xa4][0xd2]r&[0x1d][0xad][0x18][0xdc][0xf5][0x98][0xd4][0xc][0x99]R1W[0x9a][0xa0][0x99][0xcd][0xa5][0xf2]Ih*14[0xd1][0xf2][0xca][0x2][0x92][0xd1]-[0xae][0xbe][0xcb]K5$[0xa3][0xa5][0xd5]F[0xac]L[0x10]f[0x1b]-[0xf][0xa6]S[[0xa9][0xd7]C[0xe5][0x81][0x17][0xb4]Dx[0xe][0xe][0xe8][0xad][0xcf]`[0xf7]~[0x84][0xdd][0xfb]Z[0xdc]'J[0x8a][0xf7][0x82],[0xcc][0x87][0xe1]I[\n]"
18:24:04.197 [main] DEBUG org.apache.http.wire - http-outgoing-0 << "[0xe][0xde]/7[0xfd][0xba][0x97][0x85][0xd4]{2[0x1e][0xfc][0x92][0xa7][0xde][0x83] [0xe9][0x6][0x83][0x9a][0xde][0xa0][0xe1][0x81][0xdb][0xee][b[0xdb]M[0xb4][0xbc][0xfb][0xf0]$[0xc8][0xb2][0xbc]}[0xf][0x2]4[0xf]F[0x8f][0x9d][0xaf]Xn[0xfd][0xf8][0xe2][\n]"
18:24:04.197 [main] DEBUG org.apache.http.wire - http-outgoing-0 << "L6/[0xc1]du[0xe1][0xe6]Fe[0xb2]hUL-[0x3][0x88][0x14][0xe0]y[0xd3][0xc0]X[0xda]0[0x80]I[0x8b]j`[0xdc][0xc3][0xd4][0xba]jJ[0xad][0xdf][0x10][0x81]U[0xb1]1[\r][0xd8][0xf6]n[0xc][0xd8][0xda][0xed]([0xb0][0xb5][0xdb]I[0xb9]4[0xa3]DJ[0xf9][\n]"
18:24:04.197 [main] DEBUG org.apache.http.wire - http-outgoing-0 << "Q5[0xf6]&[0xc7][0x89][0xe5].k[0xbb][0xb0][0x83][\r][0x9e]I[0xd5][0xe1][0x91][0xa1]a[0xb1][0xa0][0xef][0x18]Z[0xb][0xa6][0xe5][0xcf][0xe0]j[0x98][0xd0]\:[0x97]f[0x9f][0x10][0xa2][0x19][0x6]^6F(_[0x80][0x10][0xa1][0xd9][0x92]R[0xe4]4[0xfb][0x8c][0xe6]S[0xd9]K2[0xba][0xb1][0xc9][0xaa][0xec][0xfa][0x8d][0x9f] [0x19][0xad],[0xb0]D[0xb8][0xd0][0xf8][0x84][0xf1][0xba][0xbe][0xc1][0xbe][0xeb][0x8b][0xec][0xbb][0xb2][0x9e]T[0xdc]?v[0x15][0xdf][0xf9][0xbd]s[0x1a]'W[0xc9]L%[0xb7]v[0xbb][0x16][0xa6][0xcc][0x9d][0x8c][0xd4][0xd6]([0x18]Ba[0xff]&[0xe5][0xcc][0xc8][0xbd]|@[0x88]_0 [0xe4][0xd9][0x80][0xa6][0xd6]BIq[0xbf]uN[0x9d][0xaf]F[0xcf][0x9d][0xa3][0x8b]0fq[0x85]06TL[0xc2][0x18]{[0xcf]\[0xe4]x[0xff][0xeb][0xf1][0xfe][0xe1]xp,[0xa0][0xec][0xbf][0xae].[0xca][0x86]:<"![0x94]'m[0xf]e[0xd6][0xfd][0x1e][0x9e][0xa0][0xfc][0xf7][0xef]4#T,?[0x9e][0xe4][0xd9]K[0xa3][0xdc][0xde][0xbd]Lz[0xad]l[0x86][0xf7][[0xec][0x5][0xbd]|vu#;t[0x8e][0x9d]?8[0x87][0xce][0x1b]^[0x1]8[0xaf]F{[0xce][0xe9][0xe8][0xf9]h[0xf4][0x9c]m[0x17][0x99]+[0x9][0xb8]c[0x8d]b[0xd7]2|[0xa5]{0[0xf0][0xd4][0xc8],gT[0xb0][0xf4][0xf4]{ =[0x0]n[0xdb][0x2]t[0x97])A([0xe6][0xba][0xf8][0xc0][0xa5]:[0x6][0xd5][0xc6][0x97][0x8a][0xf8][0xb5]s8z[0xe2][0xbc]u[0x8e][0xdc]h[0xdf][0x8c][0x9e][0x8d][0x1e]K[0x91][0xf7]CF[0x9f][0x9e][0xef][0xf5][0xb4][0xf7][0xef][0xc0][0x92][0xa0]=W[0xb3][0x1f][0x0][0x91][0x80][0xcc][0xbd][0xc7][0xee]v~[0xb2][0x3][0xac][0xb8]so*[0xe9][0x1d][0x89][0xc7][0xd0][0xb0][0xc0][0xc2]&[0x12]5L[0xd8][0x16]T8+@[0xa5][0x6][0xf4][0xf4]i[0xb5][0x87][0x19][0xaf]=[0x1a][0xb1][0xda][0xa3][0xb1][0x9c] eJ[0xa1][0x94][0x13][0xb5]l[\r]T]b_I[0xf5][0x7][0xf3][0xca]#[0xda][0x2][0xa9]q[0xbe][0xe7]FT[0xe9]a"[0x18][0xdc][0x1f][0x92]g[0x17][0xc4]n[0xb5][0x85][0xbd]t[0x15]V[0xbb]5[0x9d][0xec]P[0x1c]?[0xbc][0xc8][0x17][0x15]A[0xe4][0xe6][0x94]\*[0xeb]}[0xe4]9[0xa5][0x18][0xab]H[0x84][0xc5][0x9a][0xc8][0x9e]2??k[0xc7]0[0xa7](3w[0xc][0xb1]g[0x11]U[0xb2][0xc2]T%[0xdb]l[0x84][0x94]l[0x93]j[0x16]n[0xbb][0xf]_[0xaa][0xe9][0x84][0x88]r[0xf6][0xa3][0x8b][0xa5][0x8c]+MH[0xca]0UC[0xc5].UI[0xc2]6[0xc2]7GN[0x17][0xcc]^[0xa4][0xaa][0xe9][0xe9][0xa1][0x1d][0x89][0xbf][0x86][0x82]'[0x15]T[0xa0] u[0xe0][0x1a]x[0xcb]0][0x18][0xdd]"
18:24:04.197 [main] DEBUG org.apache.http.wire - http-outgoing-0 << "[0x17][0x85]jf[0xab];[0xe7]/[0x19][0x97]H[0xde][0x90][0xfc][0xe5][0xc][0xa4][0xd2]5C[0x8f][0xe9]%'[0xdf][0x14]D[0xf3]%[0x97][0xcb][0x93]}[0xf9][0x9b][0xf1][0xfe]_[0xc6][0x83][0x83][0x90]t[0x8a][0xe][0xb1]/[0xa1][0xf1][0xfb][0xf4][0xad]D[0xb3]+[0xa8]n[0xbc]@[0xcd][0xe0][0x1][0xbb][0xc2][0xca][0xec][0xe7][0xbf][0xd8][0x82][0xc0][0xec]*[0xec][0x19]S[0x85][0xd1]3[0xe7][0xe0][0xe3][0xb][0xc9]9[0x18]=qN?[0xbe][0xf8]p[0xe4][0x1c]^[0xbe]n2{S[0xc4]6$[0x7][0x8d][0x8a] [0x7][0xb4][0xad][0x1b][0xc6]4[0x1d]h[0xc7]u[0xa0][0x16][0xd3][0x81][0x95]Z[0xd2][0x1e][0xa4]X[0x88][0x94]4[0xee][0x8d]$[0x2][0xd2]g[0x98][0x90][0xc4][0xdd][0x8]s[0xb4]fh[0xb4][0xa5][0xf5][0x81]h[0xd6][0xe][0x97][0xb5] @[0xff][0x8a]%[0xb5][0xaf][0xf9][0xd6][0xff]pgR,[0xa5][0x95]\x_[0x92]I[0xe5]e%[0x95][0x17]E[0xc0][0xbd][0xd7][0x84][0xfe]\[0xa1]4[0xfb][0xbc] [0xa1][0xe0][0xb9][0xb9]^[0xe1]E[0xce]Z[0xac][0xa4][0x99]L2[0xa2][0x0][0x99][0xf4][0xe9][0xec][0x80][0x97][0x80]!R[`[0x85]Ji[0xb0][0xd8]YM[0x14][0xd5][0x16]3[0xf][0xbf][0xbc][0x0][0xd0]`[0x1a]n[0xe1][0x12]4[0xdd][0xc2][0x85]7[0xc5][0xba][0x85][0x9d][0x1b][0x8c][0x7]GA[0xc5][0x12][0x8c]h[0x1a]B[0xb3]/^[0xa5]Dhv[0x83][0xce][0xe1]}[0xc7]S[0x96]W[0x9d][0xd3][0xab][0xf0]C[0xdb][0xb3][0xf9]Y[0xa9][0x89][0xfc][0xa8]:[0x99][0x86][0x8f][0x1e][0xc7]g5[0x86][0xcf][0xad][0xd5][0xa4][0x1d]A.[0x92]E[0xeb]6[0xd0]v"4l[0xf8]:[0xee][0xf][0xbf]i[0x12][0xad][0x5][0xfc] [0xc5][0x8f][0xe9][0xfd][0xde][0xf7][0xbf][0xeb][0xdb]M[0x9e]L[0xdb]X[0x2]z[0xed][0xfb][0x97][0xdf][0xff][0x8a][0xc0][0xec][0xed][0xc2][0xb2][0xd6]n[0xb3][0xe3][0x9b][0xa4][0xcd]B&_*[0x94][0xd2][0x91]<[0xca][0xc1])[0xc5][0xc8]a[0x81][0x84][0xd2]f&W([0xa6]C[0x87]m[0xf9]R[0xaa]pIx[0xaa][0xab][0xec] [0xd5]U[0xa6][0x11][0xb7][0x97][0xd9][0xb1][0xc7]Je9[0x1]$o[0xea]Q[0x8e].8[0xec]_[\r]m"[0xbd][0x88][0xa5][0xad][0x7]@w!L[0xd4][0xd2][0xee][0x8c][0xc3]~+r[0xd8][0xaf][0x1b][0xa1][0xc3]~[0xdd][0xb0]l[0xd5][0xc6]&[0x8e]2[0xe5]][0x19][0x1e][0x9b][0x17]a[0xe5]M[0xca][0xa3][0xca]kyPy[0xad]0S[0xfb][0x16][0x98][0xf2]z4[0x85][0xfe]}[0xe1][0x9a][0x7][0x94][0xd7][0xea][\n]"
18:24:04.197 [main] DEBUG org.apache.http.wire - http-outgoing-0 << "=[0x3][0x9e]>[0xf0]:[0xf5]*<[0xa9][0xfa][0xff]O[0xf1][0x1f][0x96][0x80][[0x11][0x9][0xb0]52U[0x4][0xb4][0xb8][0x8],[0xc6]D`1[0xe9]X@[0xc9][0x14]"*[0xb0][0xd1][0xc5][0xd2]g@[0x8][0xde]IR[0x82]E[0x91]k[0xb7][0x1c]1#dW[0xc1][0xd0][0x9a]M[0xcc][0xa9][0xc]S[0xad]ds[0xf9]L[0x8]i[0xa5][0x94][0xca][0xe4][0xe5][0xb9]B6[0xc5][0xe][0xd2][0xd9]'[0x8a]6[0x9b]t[0xf8],`^[0x99]Y[0x13][0xa7]s[0xb3]k[0xe2][0xc9]j[0x8a][0xc][0x17][\n]"
18:24:04.197 [main] DEBUG org.apache.http.wire - http-outgoing-0 << "[0xd3]s[0xe1][0xe7][0xd5]P5[0xbc][0x0][0xa6]%[0x5][0xd3][0x94][0xda][0xff][0xd3]z[0xf8][0x2][0x86][0xfd]i[0xf9][0x14][0xfb]m[0x9f]c[0xbf]-[0x90][0xfc]G[0x91]d[0xbf]Os2&[0xc][0xb3][0xd7][0xf4]i[0xf6]{[0xfb]<okq[0xa0]?[0xbe][0xb8][0x2][0xd2][0xff][0x6][0x0][0x0][0xff][0xff][0xd4][Io[0x1b]7[0x14][0xfe]+[0x3]_[0xd2][0x2][0x92][0xaa]e[0xb4][0x1d]%[0xd5]PZ[0xd4]K$[0xb]F|[0xa3]$[0xc6][0x9a]T[0x1a])[0xd4][0x8c][\r][0xdf]l[0x7][\r]|H/=t[0x1]z[0xa8][0x91][0x1a][0xb6][0xdc][0x6][0x89][0xf]6\7i[0x80][\n]"
18:24:04.197 [main] DEBUG org.apache.http.wire - http-outgoing-0 << "[0xe8][0xd9]>[0x8c]a'[0x17][0x15]A[\n]"
18:24:04.197 [main] DEBUG org.apache.http.wire - http-outgoing-0 << "[0xf4]_[0x14][0xe4]l[0x8f][0xe4]h[0xab][0x8b][0x0][0xbd]8[0x9c][0xe1][0x82]7[0x14][0xbf][0xef][0xf1][0xbd][0xf7][0x5]}[0x84]44[0xd6]E[0xf2][0xe0]0[0x10][0xa9][0x19][0xb6][0x17][0x9][0x82][0xc7][0x3][0x19][0x1e]w$x,[0x5][0xc1]#[0x95][0x8e][0xf3][0xe8][0x90]1[0x1][0xf1][0xb0][0xd8]v[0x8e][0x1][0x0][0x83][0x88][0x1][0xc1][0xab][0xa5][0xd5]H*[0x19]R#j[0x86];[0xfb][0xbe]?[0x8b][0xa8][0xb3][0xe9]qG>A[0x8f]|[0xc8][0xf6]k[0xb0][0x9d][0x4][0xed][0x14]h[0xa7]A;[0xe3][0xb7]cQ[0xd0][0x8e]O[0x0]#[0xb0][0xef]bX9[0x1c]H[0xb9][\n]"
18:24:04.197 [main] DEBUG org.apache.http.wire - http-outgoing-0 << "L[0x90][0x99]][0x9a]Q[0xd5][0x86][0x81]([0xe4]M+[0xe6][0x17][0xfd]iy[0xa2][0x19]Z[0xb7][0xa1]t[0xda]&[0xab][0xe7]xS~[0xf2][0xde][0x2]Qb[0xf2]K[0x11]Xz/[0x99][0xdd]n@v[0xfd][0xfc][0x87][0x8b][0x87][0x17][[0x17][[0xe7]g[0xe7][0xa7][0xe7][0xbf][0x8c][0x82][0xb2][0x81][0xc8][0xe7][0x6][0xf5][\n]"
18:24:04.197 [main] DEBUG org.apache.http.wire - http-outgoing-0 << "[0x1e][0x98][0x8d][0xfe].1[0xb4]:[0x80][0xb3][0xbd][0xfd][0xf]L[0xef][0xbe][0xfb][0xee][0xcb]o[0xfe][0xda];~[0xf7][0xe3][0xfe][0xdf][0xdf][0x9d][0xfa][0x88]6[0x10][0x9d][0x87]}H[0x83][0x95][0x1c]T[0xd3]75[0xe7][0x95][0x83]l[0xf0][0xdb]6[0x88]h[0x92]S[0x12][0xbb]~t[0xbd]su[0xf0][0xfa][0xd9]tumcjxk[0xab]&Rh[0xa5]9[0x8f]H[0xd5][0xac][0xf][0xc3][0xf9][0xaa][0x8c][0xf3][0xa2][0x8c][0xf3]b[0xb0][0x1b][0x14]J[0xcd]e[0xa4][0xe9][0x86][0xf2]i[0xbb][0xa1][0xdf][\n]"
18:24:04.197 [main] DEBUG org.apache.http.wire - http-outgoing-0 << "[0xca][0x91][0xe7][0x8a]7q[0x84][0x99]T<[0xb]k[0xc9][0xb1]t$J[0x1d]a,[0x92][0x11]< [0xfb]t=[0xe4]~8[0x8][0x10][0xd5][0xf8][0xe3][\n]"
18:24:04.197 [main] DEBUG org.apache.http.wire - http-outgoing-0 << "[0x83]6W[0xbc][0xd9]f[0xfe][0xd7]^[0xd1][0xfe]B[0x93][0xfb]B[0x17]S[0xac]k[0x3]t[0xb8][0xd0][0xa2][0x1d]al[0x84][0xfd][0x1e].[0xa2]|[0xf4]v[0xfb][0xc9][0xdb][0xed][0xe7][0xec][0xf1]WV[0xe0]z[0xf1][0xf6][0xe1][0xd7][0xec][0xef]&@[0x1e][[0x1e][0x83][0xe5]=[0x4]>[0x15]{<$J=. [0xed][0xc5]t[0xd0][0xd3][0xf0][0x8c]]C[0x8a][0x6][0xbf][0xc2][0x8b]O[0xf][0xdf]<[0xa6].[0xf8]j_[0xb9][0xde]Qh[0x95][0x8c]%w[0xae][0x9e]M[0xe3][0x90][0x8d]I[0x94]([0x85]\[0xe9][0x93][0xc2][0xc2][0x1c][0xc][0xf1][0xdd][0x93]Ph[0xb7]Z[0xa6][0xae][0x19][0x1b][0x93]\[0xb7][0xb]m:[0xb6][0x8e][0xea]J[0x1d]7[0xed][0xe3]D[0xb9][0xcb]^[0x3][0x99]F[0xbf]g[0xbf][0xec][0xf7][0xb0][0xce][0xee][0xda][0xec][0x89]&[0xec][0xb0]R[0xc4]-[0x8c][0xf5]n[0xad][0x81]:[0xc2]uz[0x89][0xa3][0x14][0xb2][0x8a]uC[0xd3][0x87][0x11][0x9][0x91][0x89][0xa4]$[0x11]I)[0x88]H[0x92][0xc2]m:ob[0xbd][0xdd]Ur[0x1a][0xc1][0x81]4B[0x97]u[0xad][0xc1]J[0x9][0xb3]P[0xba][0xc6][0x87][0xdb][0xbe][0xb5][0x13]P[0x8e]#[0x0][0xb2];[0xc5][0x12]\"[0x99][0xa5]U8x[0xff]H[0xa8][0x91]h([0x9c]R[0xc5][0xac][0xb4]k[0x13],[0xc4][0xa5]3t[0xb6]O;j`[0xb1][0xdc][0xb9][0x8e][0xf0][0xa1]u~[0x81][0x96]2[0xf2],;U[0xb8]M[0xdb][0x8b]%Z[0x94][0xab][0x94][0xee][0xca][0x1]"
18:24:04.197 [main] DEBUG org.apache.http.wire - http-outgoing-0 << "6[0xf8]u[0x4]&J[0xc][0xaf][0xbb][0xe5]JeX,q[0xb7][0xb4][0x83][0xbb][0xed]i(H[0xd0][0xd3]u;[0xa0][0xe6]V[0xee][0xd0][0xc4][0xb0]LA[0xdd][0xe][0xea][0x1f][0xb5][0x9b][0xe2][0x5]aU[0xa0][0xb3]U[0xa2][0xfb]k[0x15]MD[0x90][0xde]*.[0x96][C[0xfd]#|[0xeb][0xcf][0xb3][0x97]#([0xcd][0xf9]:[0xa1][0x80][0xe7][0xee][0xd9]=[0x2]w@[0xac][0xe1][0xbd]`[0xfc][0xb5][0x5]5p`n[0x95][0x8]/:[0xe2][0x8][0x9b][0x8d]\[0xb]@U[0x1e]Z`[0xd3][0xcf][0xd5][0xd1][0xeb]o[0x99][0xf4][0xed][0xf0][0xcd][0xe3]i.[0x8]d[0x12][0xba][0xa9][0x94]s[0xf3]\y[0xa2][0xad][0xd3]\.w[0xfe]ue[0xde][0xd9]:[0x99]wf*[0xf3][0xb9]2[0xcb]o[0xb2][0xc6]gL[0xf2][0x99]c:O[0x9e][0x8f][0x9c][0xc0][0xbd][0x8e][0x95]yT[0xd3][0xe8]AW[0xca]&An&[0xbe][0xeb]G[0xfb]lH[0xbf][0xcc][0x86]4[0xc3]9a[0xc]V[0xd6][0x90][0xae][0xac][0x98]Z=[0xec][0xe7][0xed]1[0xb3][0x91][0x9d];[0xc1]v;A[0xc1][0xd1]X[0x89][0xcf][\n]"
18:24:04.197 [main] DEBUG org.apache.http.wire - http-outgoing-0 << "[0x90][0x16][0x1e].[0xee]i[0xc9]$6'[0x93][0xd8]\`b]`[0xb1][0xbb][0x98][0xe0]5[0x14][0xa8][0xba][0xa3][0xf3]o[0xa3][\r][0xe4][0x88][0x1e]][0x6][0xb3][0xab][0x85][0xae]y[0xd6][0xa6][0xb5]k[0x1d][[0xbb][0xd6]K[0xeb][0x95][0xb5]k[0x9d]X?)[0xec][0xd5][0xc9]%[0xfd]{f[0xed]Y[0xaf][0xac][0xd3][0xcb]m[0xab]g[0x1d][0xb3]O[0xc6][0xa9][0x87][0x97]q[0xd7][0x18]&[0x1e][0xce]fU[0x9e][0xe3]TJY[0xaa][0xa4][0x1d][0xb6][0xad][0x3][0xf4][0x96]M[0xab][0x9][0xa0]2[0x88]F[0xb2][0xc1][0xe2]a[0x89][0xdc]r+L[0x9]4K[0xd3][0xa4][0xb6][0x90]x[0xa9]"k[\n]"
18:24:04.197 [main] DEBUG org.apache.http.wire - http-outgoing-0 << "[0xc4]M[0x90][0xd9]-[0x19][0x1b][0xce]ns0hrLW[0xea][0x4][0xb5][0x0][0xb9][0xd1]k[0xe0]Hvkl[0xf0][0x8c][0xd4][0xd8][0xc0][0xf2][0xaa]3[0xc1]v[0xef]]nZ{[0xd6][0xc9]{[0x8d][0x82][0x98]E[0x90][0xe4][0xdc][0x3][0xe5]P\[0xab][0xdf][0xb]P[0x1b][0xed][\n]"
18:24:04.197 [main] DEBUG org.apache.http.wire - http-outgoing-0 << "j#oV[0xd5][0x9d]u[0x8][0xd5]F[0xf6]*[0x80][0xda][0xe8]p[0xc8]k[0xf4][0x19][0xa8][0x8d][0xf6][0xaf][0x8e][0xae][0xbf][0xf8]7z^[0xd2][0x9a]D[0x5]([0xc8][0x0][0x11][0x93][0xf2][0xce][0xd6][0xda]z[0xbb][0xa5][0xd5][0x86]&-gfs[0xb3][0x95][0x99][0x91]:[0xa3][0xd2][0x1c][0xcf][0x1d]fu[0x18]s[0xac][0xcb][0xcc][0xb1],1G~9[0xa8][0xa6][0x90]M[0xf3][0xcc][0xb1]@[0x90]~[0x1f]w[\r]T[0xf]"[0x8f][0xe5][0x1b]e[0x13][0xa3][0xe9]D[0x16]V[0xd6]X[0x81] [0x9c][0xca]F[0xb2][0x81][0xd9]D[0xfa][0xc1][0xa0]N0^[0x90];Q[0xfc][0xe4]l#[0x8f][0xe4]d"1[0x1c][0xc9][0xcb]E[0x88]9j[0x94]r[0xaf][0xd9]&[0x9a][0xe][0xaf])|5[0xfa][0x9e][0xa2]7y[0xd8][0xe9][0xcd][0xba][0xbf][0xea][0xc7][0xa6]Q[0x93]n)[0xf3][0xb8][0x8e][0x89][0xad][0xd3][0x16] [0xdc][0x11][0xea]t[0x1d][0x4][0xee])[0x1f][0xd0][0xa0][0xe][0x13][0xfd]Ce[0xd1][0xd4][0xef][0xa3][0xaa]&[0xae];88[0x1c][0xf4][0x9e][0xf][0xe][0xbe][0x1f][0x1c][0xfc]68[0xf8]y[0xd0][0xdb][0x1c][0x5]h{[0xb7][0x1c]4[0xdb][0xf][0xe][0x96][0xed][0x7]^6[0xe8]C[0xd8][0xee][0xad][0xc2][0xa1][0x1d][0xd8][0xe3]@[0xd7]~h[0xc0]a[0xde]][0x84][0xa6]*[0xa6][0x9]z[0xaa][0xeb][0xe3][0xb]u[0xa5][\n]"
18:24:04.197 [main] DEBUG org.apache.http.wire - http-outgoing-0 << "[0x87])7[0x99]5[0x4]W[0xa6][0x8c][0xab][0x8a][0x84][0xab]J9([0xf][0x19][0xe3]aU@z[0x15][0xdb][0x85]I[0x9]T[0x95][0x9][0xc4]+[0x9e][0xa5],[0xf0][0x9f][0xc7][0xeb][0xca][\n]"
18:24:04.197 [main] DEBUG org.apache.http.wire - http-outgoing-0 << "v[0xa5][0xf3][0x9c]3Uc[0xb1]t"[0xc5]E[0xc][0xf1]t$[0x1a][0x8a]%$[0xdd][0x9e][0x97][0xc9][0xf3]0[0x96]Ne[0xe3][0xd1][0xb8][0xca][0xf9][0xd4]@u-[0x9f][0xa7]L[0x8c][0xcb]SF[0xb3][0xfe][0x18].g[0x19][0x5][0xef]c[0xd2][0xf2][0x91][0xb0][0xb]~.1[0xce]H[0xdd]8}[0xf9][0xf][0x0][0x0][0x0][0xff][0xff][0x1a][0xa0][0xd1][0xe][0xa8][0x83][0x90]*M$_B[0xb2][0x1a]L[0x9][0xda][0x1a][0xfb][0xa6][0x9d][0x8f][0x9b];[0xc0]+[0xed]Q[0x16][0xf8]!iO[0x82]k?[0xbc][0x10]y[0x91][0x1f][0xb2][0x8]$#B5![0xd5][0xa2]P[0x11][0x94]z[0x14]T[0x83]n[0x4]M[0xa7][0xdd][0xee]!%c[0x96][0x16][0x13][0xce][0x98][0xa1][0xc1][0x18][0x19][0x13]g[0xb6],[0xc1][0xcc][0x96]![0x98][0xd9]2[0x4]K[0xb6]4A[S[0x1b][0x96][0x99][0x9a][0x87]}[0x11]<H[0xf7][0xe1]i[0xa0][0x92][0xb4](5[0x13]\8[0xfb][0xa3]pR[0x11]<[0x82][0xeb]M`[0x8d]_[0xac][0xcb]M,[0xcc][0x8d]L-[0x8d][\r][0x91][0x9b][0xbf][0xe6][0x88][0xf5]g[0x86][0xc6]p6f[0xe6]E[0xce][0xba][0x16][0xc6][0x16][0xe6]HsmFf 6q[0x93][0xe8][0xe0][0xc6][0xb0][0xb][0xb8][0x19][0xe3][0x1]^~[0xeb][0x9][0x9e]Z[0xf1][0xf1][0x4][0x89][0x7][0x87]y[0x83]I?[0xf0]8[0x80]+F#[0x19]5[0x8c][0xd0]r[0xa5][0x9][0xad]V[0xaa][0x80][0x7][0xc7][0x91][0xb2]bJj)RO=[0xb5]([0x17][0xb3][\r][0xeb][0x92]ZZR[0x9c][0x8c]''[0xa2][0xfa][0x4][0x91][0x15][0x91]3bIQfr[0x6][0x8e]|[0x88][0x91][0x9][0x11]Y[0xf0][0xf0]B8[0x1f][0x9c][0x1][0x91][0xf8][0xe0][0xec][0xe7][0x9f]_\[0x92][0x9a]W[0x94][0x99][0x95][0x8d][0x92][0xfd]P3[0xdf]*[0xd0][0xd2][0xaf][0x1b][H[0xc8]v%[0xf4][0xdc][0xc4][0x2][0xca]p[0xc8]9[0xb8]*[0xb5]()13[0xb][0xe7][0x1e]W[0xcc][0x95][0xf1][0x8e][0x18]+[0xe3]![0xfd]4[0x8c]=[0xae][0x96][0xf0][0xde].[0x0][0x0][0x0][0xff][0xff][\r][\n]"
18:24:04.197 [main] DEBUG org.apache.http.wire - http-outgoing-0 << "16ca[\r][\n]"
18:24:04.197 [main] DEBUG org.apache.http.wire - http-outgoing-0 << "[0xec]][0xcb]o[0xdc]F[0x9a][0xff]W[0x8]c[0x81][0xcc][0x2]R[0xa3][0xd9][0xec][0xe7]Q[0xb4][0x9e]#K[0xf2]tK[0xf2][0xc4][0x8b]=[0x14][0xd5][0xa5]nJlR[0xe1]C[0x86]t[0xb2][0xa5][0x8c][0xed][0xbc][0xc6][0x1b][0xc][0x16][0x9b]l[0x82]M[0xe2]I[0x9c]([0x8e]a;[0xb2]7Nb{[0xe]=9[0xec]b[0xf][0xad][0x9b][0x94][0xb9]x"8[0x98][0xf9]/[0x16][0xf5] Y[0xaf]nu[[0x8e]c[0x7]s[0xb1]E[0xb2][0xaa]X[0xac][0xe6][0xf7][0xe3]W[0xdf][0xe3][0xf7]Q[0x9b][0x1d]X[0x8d]T2|V[0xdc][0xdf][0xb2]s[0x1a][0xd9][0xfc][0x9f]w}[0xb]l[0xa0][0x8d]{[0x15][0x6]4$&[0xf8][0xf3][0xed]cle+%#[[0x10][0xb7][0xb2][0x85][0xa1]|I[0x8c][0x81]I&b[0xa7][0x2]\,[0xb2][0xa6]:[0xc3][0xc8][0x94][0xfa][0xdd][0xcd]b[0x9b][0x0][0xbb][0x9b][0xad]b[0x9d]D[0xb5][0xa7]e[0x9e]Z[0xf1][0x11][0xed][0xb1][0x9d]=[0xcb]f[0xbf][0xa6][0xd3][0xd7]Z[0xc0][0xc5]Qb}oi[0x81][0x90][0xb5][\n]"
18:24:04.213 [main] DEBUG org.apache.http.wire - http-outgoing-0 << "6[0xa1]rdQ~[0x1][0xf3]{[0xd5]m[0xc7][0xee][0xf1]I[\r][0xf0] udUN[0xbf][0xaa]d[0xe4][\r]6[0xf5][0x14][0x9f]j[0xdf][0xac][0xaf][0xf0][0xb9][0xa7][0xc8][0xe2][0x86]s`[0xb6]>F[0x11][0xf4][0xdb]dMo[0xec]+d[0xf9][0xcc][0x19]6[0xf9][0x94];E>[0xb0][0xe8][0x14][0xb4][0xeb][0x9b]+L[0xf2])n[0xb6]R[0xff][0xee]![0x93]~zu[0xff][0x16]2[0xf8][0xe3][0x88][0xfa]/[0x6][0xdb][0xae]n[0xc2][0xa3]?[0xb3]g[0xc7]X!5A[0x13][0xb4]@[0x97]<PK[0xe][0xf8]6[0xa5][0x80]os[0xb2][0xa6][0xf4][0xce][0xe5][0x5]7[0xfc],[0x8][0x2][0xa0][0x12]R<$r[0x15]x[0xee]9[0x8][0x9c][0xb0][0x89][0x4]5l"w[\n]"
18:24:04.213 [main] DEBUG org.apache.http.wire - http-outgoing-0 << "[0x99][0xdb]16[0x9c][0x6][0xb6][0xb3][0xf9]+y[0x1c][0xbf]R*[\n]"
18:24:04.213 [main] DEBUG org.apache.http.wire - http-outgoing-0 << "[0xaa]0[0xbe][0x17][0xfb]5[0xd5][0x8d][\n]"
18:24:04.213 [main] DEBUG org.apache.http.wire - http-outgoing-0 << "kZ[0xea][0xb6][0xdd],[0x1c][0xb9][0xdd]LWX[0xfc]4v[0xf]>3[0xd9]0[0xee]xj[0xcf][0x89][0xba][0x9a]>[0xf][0x96][0xaa][0xf4][0x10]KTzH[0x84][0x9][0xb9][0xd9][0xae][0x1c]n[0xff]W,=[0xe9]u[0x8b]o[0xbe]F[0xae][0xc6]K[0xe5]$[0x17]8[0xff]n[0x10][0xcb][0xb]Y[0x8a]DRP[0x2][0xd9]%[0x9c]3[0xd1][0xbf]*j5[0x83][0x17][0xdc]1f[0x8e]L[\n]"
18:24:04.213 [main] DEBUG org.apache.http.wire - http-outgoing-0 << "[0x12][0xec][0x3][0xbb][0xcb]7[0xd6]j[0xca][0x12]<)KpU[0xf5][0x8d]-[0x19]b&[0xb7][0xb]Z*M[0x19][0x8f]8m[0xbb][0x8d][0xba][0xd7]B[0xb2][0x9b][0xce]h[0x6][0xb4][0x1c][0xb0][0x8a]2U[0x9c]a[0x13][0xfc][0xf5][0xde]'>[0xd8]p[0x8f][0xf1]u[0xd5][0xf3][0xd9]|[0x85][0xcf]GCZn![0x9b])[0x14]DqFS[0xb0][0x99]}m[0xe1][0xe8][0xe0]l[0xe3]Ha[0xfe][0xe1][0xfc][0x15][0x1c]K[0xf8][0xd9][0xfe][\r][0x1c]K[0xa8] [0x90][0xe8][0x91][0xd7]mN[0xf2]b[0x8d][0xa7]([0xe7][0x99]eP[0xa2][0xd9]g?[[0xa2]Y[0xfa][0xf3][0xc5][0x2][0xee]C[0xdb]e[0x4][0xdc][0x87][0xed][0x9b].'[0xe1][0xf7][0xf][0xb7][0xbf][0xc0][0xff][0xee]2rN{Y>wH[0xe5][0xdc]o[0xef][0xb4][0x18]9[0xa7][0x17][0x9b]|[0xdb]X[0xca]o [0xbd]w[0x80][0xef][0xa0][0xd5][0xf4][0xfb][0x9]0}A2[0xb5][0xcc][0xea],/[0xef]n[0xc3][0x1]u[0x88][0xa1][%[0xf2]rv[0x86])eg[0x98][0x13][0xaa][0xec][0x8c]r9[0xcb][0x8b][0xfc]h[0x13][0xac]*%[0x1e][0xa7]d@o[0xcd][0x81]/[0x5][0x1a][0xab]`s[0xb3][0x9b]h[0xdf]q[0xdb]w[0xd6][0xfc][0xf6][0x9d][0x15][0x10][0xb6][0xef][0xa0]_[0x89]mp[0xc][0xba][0x19][0xbd][0xa8]g[0xb3][0xc5]RE[0xf8][0xb4]g[0x87]*Y[0xe9][0xc3][0x1e][0xdf]/[0x5][0x3]=_*[0x94]XM;[0x97][0xd1]UxPTd[0x90][0xcf] [0xac][0x9c][0x9a][0x1d]=![0xe7][0x99]'[0x17][0xbd]D[0xdd]w[0xc1][0xe6][0xe8]<[0x8b][0x9][0xc9]d[0xb5][0x90],}[0x82][\n]"
18:24:04.213 [main] DEBUG org.apache.http.wire - http-outgoing-0 << "[0x8f]>[0xdd][0xed][\r][0x9][0x96][0xf0][0xb5][0xb7] c[0x13]6[0xa1][0xdb][0x0][0x8e]l[0x9][0xbe][0xf6][0xc5][0xa3]k[0xf][0x1f]][0xdb]zt[0xed][0xcb]G[0xd7][0x1e][0xf6][0x2][0x5]:[0xb3]tk[0xcc]=0[0xc5][0x6][0xe6]L[0x8a][0xe][0xbb]([0xea][0x6][0x19][0xa9].[0x1d]n}u[0xb8][0xfd]I[0x8a][0x11]LsK[0x1a]`[0x8d]mC[0xf6][0xdc][0x14].[0x98]FM[0xb6][0xdb]w[0x1f][0xa5][0xa0][0x81][0xc3]XQ[0xc][0xf8][0xcd][0x1]6[0xcc]V[0xa3][0xfe][0xdc][0xf1][0xb7][0x98]#[0x82][0xf8][0xfb][0x16][0xa8]{[0xdd]4vK[0x16]~S[0x12][0xfe][0xaa][0xa9][0xd6][0xd8][0x85][0xdc],[0xd3][0xb7][0xeb][\r][0x18]z[0xe7]T^d[0xd3]<[0x8e]^[0x9e]+[0x17][0xf8][0xa0]Z=[\r]([0x1f][0x1a].T2[0x5][0x95][0xc9][0x8b]<;[0xab][0xa5][0xe7][0x8d][0xa7][0xe2][0x12]b[0x16]U[0x94][0xdc][0xee][0xd1]+[0xa6][0xc9]}[0xcd][0xe9][0xd4][0x9e][0x1b]-=y"*[0xac][0xc9]1[0x15]Ut[0xc]99%[0xac][0xf][0xaf][0x1d]n}[0x9d]Jh[0xd2][0xcb][0xf2][0xf9][0xe3]5[0xe1]:[0x15][0xcd][0xe4][0xb8])[0xb4]O4v[0xb2][0xb7][0xc5]IX[0xbb][0xfd][0xb][0xa6]o[0xbd][0xf0]Z{[0x95][0x13]c[0xe8][0x0][0xe2]wWI[0xf1][0x86],[0xc5]/KR|[0xaa][0xaa][0x8c][0x3][0x11]H^fl7XU[0xc9]/[0x1a][0xd0][0xb4][0xf1]4[0xbe]{O0[0x93][0xa5][0xb3][0xeb][0xbc][0xdd][0xb9][0xdb][0xf9][0xb6][0xf3]p[0xef]<[0xf5][0xff][0xdf][0xdb][0xbb][0x82]N[0xd8][0xb9][0xbb]w[0xa1][0xf3][0xa7][0xbd][0xed][0xce][0xed][0xce][0xb7][0x9d]{[0x9d]o:[0xb7]4[0xda][0xf6][0x16]m[0xfb]&[0xba][0x1]t<[0x1f]E[0x14]l[0x0]|[0x8b][0xd8][0xc8][0x16][0xdf][0xe1][0x87][0xf3][0xef][0x1e]m<[0xa7][0xee]L[0xb5][0xf1][0xbc][0x92][0xaf][0x94]K[0x1c][0x94][0x14][0xd0][0xb6][0x1d][0xf1]T[0xf0][0xd8]An[0xc8]E[0x8f]dK[0x9c][0xc1]-WT[0xbb][0xba][0x14][0xb1]q[0xa7][0x16][0xb1]}|[0x1e][0x99]NO[0xe3]89bp[[0x98][0x96][\r]n[0xec][0xb2][0xfc][0xdf][0x5][0xba]0<[0xcc][0xe8]=[0xc8])[0xcc][0x97][0x19][0xbb][0x1b]r[0xfb][0xa5]O[0xa2][0xf9][0x91][0xe5]@[0x16]jL[0x9f][0x8d][0xbf]7_f,[0xec]sN[0xfd][0xc8][0xae]=[0xd5][0xb]([0xaa][0x17][0xe][0xab]^0[0xab][0xcb]?[0xfd]m[0xf6][0xa5]@[0xef][0xc9][0xde][0x15][0xad]s[0xbf][0xf3][0xb0][0xf3]e[0xe7][0xd6][0xb3][0x8c]L9[0x3][0xed][0xf6][0x7][0xe8]]d[0x89][0xac][0x90][0x0]x>[0x9e]y[0x82][0x8c]v{[0x87][0xbe][0xb4][0xc]<[0xbe][0x8b][0x15][0x98][0xeb][0xd8][0xd8][0xff]U[0x2][0x8f]v[0xfc]z'v~:`[0xfb][0x1b]zr-T[0x9c][0xc4]Xy[0xc6][0xe][0x87][0xab]Q<[0x1b][0x2][0x97]+d<[0xd6][0xea][0xff][0x19]Vbn[0xf][0x86][0x96][0x8e][0xff]s"
18:24:04.213 [main] DEBUG org.apache.http.wire - http-outgoing-0 << "[0x86][0xad] d[0xe2][0xa1][0xae]aG[0xad].P[0x7]e[0xa8][0x1b][0x93][0xa0]n[0xec][0x94][\n]"
18:24:04.213 [main] DEBUG org.apache.http.wire - http-outgoing-0 << "[0xea]r[0xa2][0xba][0x12][0x5][0x1]tT1[0xbb]xH<[0xf][0xec][0xde][0xc4][0xc1][0xe4][0xf]7[0xfe][0x8b][0xa4]e[0xb0][0x96][0x8c]d[0xea][0xd3][0x9e]k[0xbb][0xab][0xc8]?[0xa3][0xa5][0xe3]T[0xbd][\r][0x10][0xb5] [\n]"
18:24:04.213 [main] DEBUG org.apache.http.wire - http-outgoing-0 << ""d[0xfb][0xb7][0xff][0xdb][0xb5][0x1b][0xd8][0x8b][0xa4][0xc5]78[0x9e][0x83]P[0xd7][\r][0xbd]R[0xd0]Y[0xf]a![0x9b])[0xc7][0x1e][0xc2][0xbc][0xc]u[\r][0x16][0xe7][0x8c]l!W[0xe6][0xfc][\n]"
18:24:04.213 [main] DEBUG org.apache.http.wire - http-outgoing-0 << "[0xd9][0x81]R[0xd3][0x89]c[0xf0][0xd4][0x2]b[0xeb][0x9b]=[0xa5][0xd8][0xf9]$[0xb]"*O[0xc5][0x9f][0xc8][0xf9][0xf7]4Ci[0x96][0x5]K[0xca]2kI[0x19]GS[0x97][0x6][Fa[0xc0][0x9f][0x2][[0x1a][0xeb][0xa7]pJ[0xa6][0xef](A[0xac][0xf6][0x8e][0xd3] q[0xe2][0x4][0xae][0xd2][0x17]/[0x85][0xaa][0xeb]8C[0xf0]~[0x82]S[0xa8][0x8d][0x97]@T:[0x2]A[0xa7][0xf4][0x98](q[0xc9][0xcf][0xd9]Ln[0xc0][0x3][0xd2][0xf7][0xef] [0x6][0x8a][0xfe][0xe1][0x8]:[0xcf][0xd2][\r][0x89][0xd0][0x82][0x87][0x1f][0x1b];[0x98]T[0xe8]#[0xbb] [0xcd][0xb3][0xb2][0xa2]uV[0x95]5[0x90][0x15][0xe2]{L[0xe8][0xb4][0xbc]5e[0xc4][0xad]y[0xb6][0xaf][0xbd][0x12]e*S'[0x2][0x18][0xa5][0xac][0xc1][0xef][0x98]J[0xd8][0x93]Q.gJ[0x5]Q[0xfc][0xed]M.[0x9] W)[0x16][0x99][0xec]zCe[0xed][0x18]VY;&[0xe6][0x91]2=3[0xf6][[0x95][0xcc][0x93]U[0x15]D[0xbe][0xdc][0xc3][0xa9][0xc1][0xb2]l[0x91][0xfe][0xcf]x[0xb3]4[0xf4][0x14][0xf3][0x6]z[0x88]+Y[0x18]"[0xad][0xd0][0xb1][0x97] #[0xab][0xe4]Z*[0xa9]$|[0xe0][0x1b]FRI[0xb][0x8b]k[0xbf][0xc6]][0x8b][0xa5][0x94][0x1c]5[0xb9][0x96][0x89][0x8c][0xfe][0xe5][0xcd][0xfd]/[0x7]P[0x18]6_[0xc8][0xed][0xd5][0x10]?[0xbd][0xa9][0x9a][0xcc][0xfb][0x97][0x84][0xe6]O[0xb9]!l[0x10][0xb][0x8c]V[0xdb][0x8]B[0xd8]R)7[0xb5][0xa9][0x93]#r>A[0xcd]F[0xed]1[[0x86][0x3][0xe2][0x91][0x96]p[0x8e][0x1][0xbe][0x8f][0x97][0xa4][0x16][0xc][0xf1][0x9b][0xbe][0xa9][0xb3]<[0x14][0xb9]][0x1d]5+2[0x12][0xfd]Z[0xd6][0x83]fU[0x1][0xbc][0xb9][0x8a]@[0xad][0xe5][0xf9][0xa1]7<[0xeb][0xad][0xab][0xb8][0xb5][0xf0][0xa8][0xfc]^[0x8f]L[0xaa][0xda][0xde][0xc1]'_[0x89][0xa0]V[0x8f]4[0x13]EX[0xbb]GS[0x82]$[0xde][0x1a][0x15]'[0x88][0x9e]-[0x16][0x8c]b[0x81][0x8d][0xf8][0xad]d[\n]"
18:24:04.213 [main] DEBUG org.apache.http.wire - http-outgoing-0 << "C[0xb9]LN[0x84],[0x17][0xd1]0[0xc1][0xd4]B[0xab][0xe7][0x8a]9&[[0xd2][0xe8][0x9f][0x11][0xc4][0x1c][0x1f]I[0x98][0x3]g'[0xd0][0xdf][0xf3][0x13]s2~[0x91][0xc7][0x93]Xy{[0xd0][0xff]vn<}[0xbd][0xd0]c[0xc7][0xc4][0x10][0xda][0xc9][0xf1][0x11][\r][0xe9][0x4]K,[0x90][0x8d][0x1f][0xb1][0x9f]:[0x9e][0xde][0xd1][0x1d]~\[0xc6]u[0x3][0xdd][0xf6][0x8d][0xd4]s[0x13]?r[0x8a]>[0xaf][0xb3][0x1e][0x1b][0xda][0x93]"[0x8f][0xcb]xk[0xa0]k[0xa7][0xce][0x1a]z[0xa5][0xc9]6Kl[0xae][0x83][0xb9]i[0xa0][0xfb]K[0xe4][0x1]AR[0xca][0x9][0xbd][0xdf][0xea][0x9a][0xff]l[0xc9][0x19]?[0xa6][0x94][0xf1]c[0xce],[0xa8][0xec][0xb5][0xf9][0xbc][0xa0][0x81]L[0x82][0x96][0xed][0x84][0x9e]R[0x3]A[0x83]"[0x9a][0x10][0xca][0xfb]M[0x4]?[0x9e][0x18][0xba]@[0x8f]HNS[0xb][0xfa][0x1]j[\n]"
18:24:04.213 [main] DEBUG org.apache.http.wire - http-outgoing-0 << "[0xfb][\n]"
18:24:04.213 [main] DEBUG org.apache.http.wire - http-outgoing-0 << "[0xbe]HID[0x95][0x9a]KQ[0xaf]p[0x8]`[0xe4][0x18]r[0xbd]b^V_[0xd0]D[0xd8][0xfd]K![0xff]Tl[0xbc][0xc9][0xe3][\n]"
18:24:04.213 [main] DEBUG org.apache.http.wire - http-outgoing-0 << "*K[0xf][0x2][0x11]s[0x86]SY[0xe8][0xc4][0x9e][0x17][0x13]o[0xf2]@T[0xd8][0x93][0x1f][0x90]*[0x1b][0xe8][0x18][0xf2][0xa1][0x18][0x1f][0x1c]n[0xc2]g<[0xa7][0xa3]X>?[0xca]Z[0xc8][0x1f]S[0xf1][0x8f][0x9b]7[0xd3][0xe6]lD[0xc6]m[0xcc]U7H[0xaa][0xb2][0xd5][0x8a][0x8e][0x8c]Z2[0xc7]x[0x93]B3[0xea]Z:[0xc3][0x92]c[0x83]M)6[0xd8][0x9c][0x9f]U[0x86]<[0x88][0xc][0xd9]M[0xbb][0xb5][0xd6]T[0x6]-[0xcd][0xb][0x96][0x2]2[0xa3]c[0xb8]4K[0xa5]B1[0xc7][0xf9]3K[0x99][0x2][0xf2]g[\n]"
18:24:04.213 [main] DEBUG org.apache.http.wire - http-outgoing-0 << "[0xe2][0x81]o[0xc4]~+[0x8d][0xb2]Q[0xc9]s[0x9f][0xca]~[0x9d][0x99][0xa8]F[0x86][0xda][0x99][0xf9][0xbf][0xf7]-?j[0xc]o[0xe0][0xca]![0xa2][0xbc][0xf4]P[0xf1][0xe7][0x19][e2S[0xcd]mDN[0xe8]Gl[0xde][0xdb][0x89][0xd9]([0xc3][0x9a]*[0xa7]f[0x19]{[0xc0][0x94]['&[0xca]5[0x8]y[0xbb][0xc0][0xd7]G[0x4][0x5][0xb][0x91][0x85][0xf5]M[0x86]hrt[0xd3]s[0x1b][0xab]M [0xf9]@[0x1f]\}[0xf4][0xf0][0xfa][0xa3][0x7][0xf7][0x1f]=x[0xf5][0xd1][0xfd]7[0x1e]=[0xb8][0xd0]C[0xe6][0xe2][0x17][0x8f][0x88]\[0xc4][0xd6][0xb1]0[0x9b]^[0xc4][0xd6][0xb0] [0xdc][0x2]\[0xe9][0x8a][0xa4];[0x91][0xb5][0x88][0xad]W[0x91][0x1c][0x11]9[0x8b][6iK[0xc0]~g/[0xf][0x98][0xc7]f[0x85][0xee][0xf3][0xe7][0xd7][0x9c][0xe4][0x12]qL[0xcf][0xb1][0xd7]m[0xa0][0xfd][0xea][0xb4][0x13][0xf9][0xb6][0x8b]G[0x4][0xe]%/[0xf5][0x96][0xff][0xb9][0x8b][0xb0][0xcb]\z[0xa6][0xc4][0xa5]G[0x12][0xd9][0xa5][\r]|E[0xf8]|[0xd6][0xa2]%LC([0x89]:[0x1a][0xd0][0x8c][0x1c][0xfb][0x1c]vb[0x9c]I[0xfe]R[0xcf]T[0xa3]O[0x82]8[0x1d]Q[0x12][0x9d][0xa7][0xd1]vK[0xa4][0x1d]2[0x16]&-[0xe8][0xb0][0xda][0xc]h[0x1][0xc7][0x1][0xaf][0x84][0xcc][0x1d][0xb4]Z[0xb4][0x81][0xa0]g[0x1e][0x86][0xed]?j[0x8b][0x9e][0xd3][0xbe][0xb1]n[0x1f][0x9b]P@[0xcf]V[0xca][0x85]l[0xa1][0xc2][0xd1][0xf4][0x95]0[0xa1][0x80][0x98]nK[0xa7][0xc9][0xc4]D[0xa2][0xbe]e&[0xc7][0xa0]PT[0xd1]z[0xf][0xab]C[0x94]'[0x94]l[0x2][0xa7][0xc7]d[0x8f]I[0xba]>"[0xf4][0xf4][0x88][0xad][0x9a]3[0x19][0xe8][0xa1]3[0xd7],[0xfa][0x7]g^4[0x83][0xcc][0xb3]c[0x14][0x0]B[0xfe].[0xd8]h1[0xfa][0xec]F+[0xe][0xdc]b[0xe3][0x9c][0xd1]Y[\r][0xf8][0x91]8[0xd6]+[0x82]{[0x84][0x98][0xfd][0xe8]X[0xbf][0x89][0xe0]R3[0x92][0x6][0xab]F.[0xd0]jv[0xab]G[0xb4]4Y-[0xc6][0xc4][0x98],?[0xc1]5r9[0xc5][0xb5][0xf7][0xb1][0xd9][0xe2][0xf][0x87][W[0x1f][0xfc][0x9f]?[0xde]z[0xfb][0xc7][0xff][0xb8][0xf2][0xf8][0xbd][0x7][0x9][0xc6]%[0xbd]-[0xda][0x9b][0xbc][0xb7]1[0xcc][0xa5][0xc7][0x4][0xe8][0x92][0xe6][0xcd][0xf4]f[0x9c][0xb9][0xf1]22f F[0xb2][0xfe][0xe1][0xce]s[0xfe][0xc1]F[0xa0]d#@P[0xc8][0x81][0xae][0xb]l[0x1f][0xe]i5[0xc4][0x9c]4[0x16][0x5]![0x8][0xed]([0xc0][0x19][0x86]5[0xd0]5[0xd9][0x18][0xbd])[0x19]W[0xae]Db[0xfe]F[0xb6]X[0xd4][0x94][0xd0]+[0xe6][0x1c]O[0xfb][0xc0][0x81]"
18:24:04.213 [main] DEBUG org.apache.http.wire - http-outgoing-0 << "n[0x9d][0xa4][0xbf]H[0x0][0x8c][0x86]5=[0x17][0xda]~t[0xac][0xec][0xe3]R>[[0xe6][0x93][0x8f]u[0x94]}\[0xce][0xe4]P[0xdc]I[0x89][0x3][0xbf][0xd8][0x8b][0x10][0x13][\r]<[0x9d]=[0x8]YoE[0xf2]qapJ[0xef]`[0xf0]}[0xc8][0xf1][0xfc]&[0xdd][0xf1]C[0xfd][0x16]E[0xe9][[0x84][0xa6]B[0x96][0x8d]BJ[0xdc][0x3]Qv[\r][0xe3].[0xc8][0xba][0x7][0xc3][0xb8][0x3][0x82][0x1a][0xd2][0x81][0x82]J[0x97][0xe]q{[0xcb][0xe7][0x96]w-[0xe4]W[0xdb][0x89]GC C'[0x92][0xc0][0xcb][0xc5][0x81]J[0x17]X[0xf0][0xc8]\F[0x9c][0x1][0xc3]JY[0xe0][0xd2][0xb4][0xdd]I[0xe8]o[0xc2][0x86][0xb7][0xde][0x95][0xc7][0xc8][0x2][0xb2]T[0x8d]HR55[0xa9][0xf2][0x87][0x96]K"[0x1f][0x9a][0xf]V[0xa0][0xda][\n]"
18:24:04.213 [main] DEBUG org.apache.http.wire - http-outgoing-0 << "8[0x82]E[\n]"
18:24:04.213 [main] DEBUG org.apache.http.wire - http-outgoing-0 << "[0xcd]k[0x98][0x9f]S[0xe7][0xed][0xce][0xc3][0xbd][0xb][0x9d][0x7]([0x9e][0xe3][0x9e][0xd6][0xf9][0xa4]sw[0xef][0xfc][0xde][0xc5][0xce][0xdd][0xce].v[0xd9][0xdf]CW[0x8e][0xcb][0xaf]m[0x14][0xc]][0xe7]T[0x90]<[0x12]/][0x8a][0xd9][0xc0][0x13]t[0x87][0x98]e[0xe3][0xec][0x2]z.[0xcb][0x10][0xee][0x1b][0xc5]L[0xae]O[0x1b][0xe1]du[0x11][0xf9]5p5[0xa0]Z[0xd5]T( [0x81][0x8b][0xd8][0xb9]&[0xa1][0xbf][0x94].[0x8d][0xa0][0x8c][0x94]z[0xd8][\r]FfXeD[0xf5][0xf3]kK[0x9e][0xbb][0xe][0xfd][0xd0][0xb6][0x1c][0xa8][0xb5][0x80][0xbf]:H[0x6][0x95]%(([0x96][0x17][0x88][0xf7][0x93][0x1c][0x8d][0x96][0x17][0x0][0x17][0xd5][0xc8]Z[0x81][0x9b][0xb6]T[0x0][0xb0])X#[0x9b][0xfe]:cK[0xf7]=[0x10]*[0x86]l[0xfa][0xeb] [0xec]:d [0xc][0x19][0xf8]k[0x8c][0x16][0x5]}K1[0xe2][0xde][0x85][0xbd][0xf3][0x9d]?[0x91]`[0xe]m[0xef][0x9d][0xce][0xdd][0xce]W([0xb8][0xa8][0x17][0xf6][0x4][0x88]n[0x4]c[\r]][0xdd]s[0xe4][0xd7][0xa2][0xaa][0xc]^[0xfb][\r]A[0xf0]([0x8][0xa1][0xae][0xf8][0xf5]o[0xef][0xe0]K[0x9c][0x8e][0x83]r:[0xdf][0x88][0xc9][0xe2][0xde][0xc1][0xb1][0x1f][0xaf][0xa2]Z*[0x88]E[0xf9][0xf][0x87][0xdb][0xaf][0xa7][0xfa][0xe][0xbe][0x5][0xac]kc[0xec]-[0xa8][0xab]u[0x97]\[0x14][0xee]O[0xfd][0xae][0xea][0x8b]T-[\n]"
18:24:04.213 [main] DEBUG org.apache.http.wire - http-outgoing-0 << "[0x10][0xa3][0x9][0xe2][0x8e][0xe3][0xaf]6[0xfd][0xae][0xef]g[0xba];[0xdc]E[0x98][0x86][0xd8][0xe3][0xe].[0xed][0xdf][0xde][0xff][0x92][0x12][0xba][0xe][0xb0]_[0xb4][0x9b][0xcf]G[0xa5]%[0x84]t[0x1c][0x92][0x86][0xc1]9[0xd0][0x15];e[0x12][0x14]S"A1[0xcf](K-[0x15][0x5][0xec][0x9c][0x0][0x96][0xe7]{[0xae]r?xF[0xf4][0xa0][0xa4][0xb3]:[0x5][0x97]A[0x18]4[0xb1][0x9b](9}[0xa4][0xf]%5[0xb])[0x89][0xd5][0xf5][0xbc][0x9e][0xcb][0x16]9>[0x7][0xe4][0x1a][0xc9][0x89]q[0x1f]3[0xe9]<(@[0x96]sY6[0xc0][0xad][0xa8][0xab]#?d[0xde]X[0xcc][0xa2]>t[0xe2],.[0x12]Kx[0xd5][0xcf][0x9e][0x19]S[0xe0]drG[0x11][0x1c]{[0x4][0xb4][0x9d]aYa[0xe9][0x8][0x1a]z^V[0x93]9[0xfd][0xcc][0xfc][0xc0][0xa1]0T[0x18]0q[0xf3][0xf3][0xc9][0xf3]q[0x15][0xd7] }[0xee][0x1e][0xb8][0x94][0xac][0xc][0x5][0xa2][0xe4][0x98][0x82]Or[0x9c][0xee][0xaa]^=[0xdc][0xbe][0xc9]!K[0xd2][0xc6][0x8a][0xfb]DL}[0x11][0xe6][0x98]bF[0xd2][0x9e][0xa2][0xc4][0xd2]:[0x10][0x90][0xe1][0xf3][0xfd]][0xc4],ypq[0x10][0x3][0xed][0xb9]_P[0xb1]&v/4[0xcf]cK[0xb4][0xe]C[0xea] [0xe9][0x2]0[0xeb]2[0xc0],J[0x0][0xb3][0xa8][0xa2][0x9d]8[0x8a][0x92][0x9a][0xc]D[0xe6][0xd0][0xbe][0x87][0xcd]K[0xe4]`[0x18][0x1f][0xb1][0x10][0xd2][0x9b][0xac][0x9a][0xe3]})[0xe4]3[0xf9][0xd8][0xd5]bd[0xf2]j[0xba][0xea]|[0xe5]I[0xca][0x96][0xc8]P[0xc0]L][0x4][0x83][0xee][0x16][0xe3][0xd9][0xb9]i&[0xba][0xd5][0xf3][0xcf]A[0x14][0xba][0xa6][0xad]R[0xec]M[0xe0]`[0xf5][0x8]o*[0xb6][0xf0][0xb0];[0x1b][0xb6][0xce]B2[0xae][0xb4][0xbb][0xf1][0xfc]@[0xd2][\K[0x1c][0xca]RM[0xd1][0xf4]V[[0xed]O[0x1c][0xe5][0x90][0x9a]E/[0x8a]C[0xb]P[0xe3][0xba][0x9e]j[0xe8][0xd9][\r][0x17]OL9[0xb4]K/[0xf6][0x80][0x1e][0xf4]K[0xd8]n[0x80][0x3]t1[0xfa][0xa0][0x97]Z#[0xe7][0x93][0x9a][0xad][0xbf]w`z[0x8a][0xb5]Xo[0xbf]+[0xd4]ke[0xba]&[0x5][[0xd3]SI[0xb5][0xd6][0xf4][0x14]E#tDJ[0xb5][0xc6][0x88]4[0x17]z[0xab][0xcc]<[0xe2]"[0xad]h[0xff]upI[0xc3][0x9b][0xb1][0xcb][0x7][0x97][0xfa][0x7][0xa6][0xf5]p Zj[0xd3][0x7][0x9b][0xb6][0xd3]E[0xb6]e[0x2]Y[0xb3]*g[0xce][0xa8][0x94][0x7][0xb1][0xae][0xaa][0xe9][0x83][0xa0]}[0x83]p[0xeb]Hb[0x8e][0xc6]D[\r][0xf0]<[0xc6][0xd1][0xee][0x1a][0xff][0xc4]|[0x12]]<O[0x86]Q6i[\n]"
18:24:04.213 [main] DEBUG org.apache.http.wire - http-outgoing-0 << "[0xb4][0xba][0xa7][0xd1][0x11][0x8e]i[0xb][0xce]e[0x8b][0xba]Q(W[0xc][0xce][0x18][0x8c][0x14][0x86][0xe1][0x82]d[0xc][0xc6]s[0xe2][0xf8]f[\n]"
18:24:04.213 [main] DEBUG org.apache.http.wire - http-outgoing-0 << "z[0xa1]T,1[0xd6][0xe0][0xbc][0x8a][0xb0]b[0x98][0xa1][0x8a][0xa2]6[0x92]![0x91][0x2]X[0xa5][0x82]P[0x8b]16[0xde][0x9f][0xc4][0xff]N,[0x8c][0xe3]_[0xe6][0xac][0xc7]C'[0xa8][0x15][0xe][0x9f]Y[0x1c][0x93][0xeb][0xbe]'[0xeb]-[0xe2]R[0xf7][0xf8]T[0xb3]z[0x8a][0xa5][0xae][0xa7][0xcf][0xae][0xf9][0x10]8,,U[0xff][0xe9]g+[0xff]B[0x1e][0x8a]5[0xdb][0xc6]OI[0x14][0xc][0xbf][0xbd]C[0xe]S[0xd9][0xde][0xc1]d[0x16][0xd7][0x13][0xfd][0x2]wH[0xa3][0xcd][0xe2][0xfe]k![0xb7]fN[0xba][0x2]LTh[0xfc][0x8a]&~_$[0xc6][0x7][0xaf][0xe][0x90][0xd1][0x3][0xfe]a[0xa3]U[0xdb]h[0xab]#<h[0x91][0xba][0x9][0xd4])[0x8a][0xc9][0xe1][0xb4]y[0xe8][0xfb]v[0xe8][0xf9][0x1b]j0[0xb3]e[0xb7][0xd8][0x94][0xe4][0x16][0x9b][0x9a][0x9b]W[0x96][0x98][0x12][0xb2][0x0]Gm[0xd8][0xf0][0xb4][0x9][0xe0]/)[0x1]mj[0xee][0xe8][0xfd]M[0x9c][0xc0][0xa3][0xdc][0xde][0x18]Bu[\r][0x14][0xa9]Z[0x12][0x8b][0xad][0x91][0x87]O[0xa0][0xa7][0xd8]Ge[0xf6][0xe2][0xd1]*[0xcb]Q++[0xc6][0xb6][0x16][0x9f][0x89][0x91][0xf6][0xa7][0x9][0x16][0xc1][0xcf][0xba][0xd4][0x84]A[0xf2][0x84]v[0xd4][0xd2][0xec][0x16]~zt[0xc1][0xd5][0xe6]h[0xd4]0F[0x93][0xa4][0x15][0xfa][0xd8][0xd8][0xc8][0xcf]m/y8`sn[0xa9][0xbd][0x3]\Ok[0xbf][0xe5][0xd6][0xed]%/[0x6][0x1c][0xda][0xc1][0xf6][0xa1]f[0xf9]v[0x8]\[0x97][0x84][0x12]B[0xcd]y[0xc9][0xc3]][0xf0][0xad] C[0xb4][0xf3]1[0xe]S[0xff][0xfc]p[0xeb]k\l[0xf1]cR[0xf8][0xed][0xc7];o<~[0xff][0xd6][0xe3][0xf]>[0x88]q[0x8a][0x99]J<2[0x99][\n]"
18:24:04.213 [main] DEBUG org.apache.http.wire - http-outgoing-0 << "[0x1a][0x18][0xa2][0xa9][0xd8][0xf8][0x17]L"[0xdc]I[0x87][0xf6]n2[0xf9][0xab][0xa4][0x87]G~cOk[0xdf]"
18:24:04.213 [main] DEBUG org.apache.http.wire - http-outgoing-0 << "h[0xbf]E[0xe7][0xbe][0x16][0xf6][0xd5]!yV[\n]"
18:24:04.213 [main] DEBUG org.apache.http.wire - http-outgoing-0 << "[0x87]v[0x18][0xa0]`T[0xcb][0x86]u[0xe8]j6F[0x8e]x%q'[0xc6]y[0x8f][0xe7][0x8c][0xcc]d[0xa8][0xc1]J[0xb0][0xea][0xe1]Y[0xa3][0x13]!$[0xf][0xb6][0x12][0x3][0xe9][0xc1][0xd6][0xc1][0xab][0xa8][0xc2]#![0xfe]Gl_[0x9f][0x93]"[0xd9][0xfb][0x9f]j[0xfb]7I![0xfb]-t[0x84][0xcb]x[0xec]j[0x7][0x97][0x6][0xaa]jo{[0xe1]/q'[0xc7][0xc2]%/|3[0xb6][0xeb][0xf9][0xda]\[0x14]:[0x1b][0xb6][0xdb][0x88][0xa3][0xdf][0xd4][0xa0][0x19][0xc9]lG[0xb]R,[0xde][0xc2][0xcc][0xd4][0x93][0xec][0xee][0x16]f[0x9e]B [0x1d][0x1f][0xff][0xaf][0xac]H[0x9b] $A[0xc5]>*[0xd1][0x12][0xfd]k[0xc0]2B}.[0xb2][0xe0][0xe4]*[0xeb]O[0x82][0x9f][0xa3][0xcf][0x5]~N;[0xd0]v[0xa1][0x8f][0x84]<[0x80][0x8e][0x5][0x3];[0xdc][0x8c][0xdc][0x6]D[0x82][0xef]k[0x8b][0x10]1[0x96][0xd8][0x8d][0x10][0xba]h[0xda] L[0xb5]2[0xb4][0x1a][0x81][0xb6][0xe0][0x84]>h[0x1][0x14][0x6][0x12]h3[0xd0][0xf5]|[0xf4]e[0x80][0x1a][0x89][0x10][0x9][0x90]x1[0xc9][0xd9]ho[0x16]h-[0xdb][0x85][0x11]j[0x87][0xf2][0x11][0xed][0x86][0xdb][0xde][0xc1]}[0x2][0xad][0xfd]Z[0x8][0xc2]`x[0xc1][0xb5][0x93][0xe0][0xbe][0xc7][0xff]v[0xf9]o[0x1f]]|[0xfc][0xde][0x83][0xbf][0xf8][0xce][0x8f][0xef][0xbf][0xf6][0xf8][0xd6][0x95][0xbf][0xbf]wU[0xd8][0xc6]A4[0xa2][0xe7][0xdb][0x1a][0x89][0xd8]F[0xd0][0xdc]pl[0xbc][0xcc]6[0x9a]@h[0xa3][\n]"
18:24:04.213 [main] DEBUG org.apache.http.wire - http-outgoing-0 << "[0xaa][0xc9][0x9b][0x97]l[0xf5][0xd2][0x9][0x8f][0xda][0x88]2[0x9e]|[0xd4][0x2]y[0xee][0xc9]N[0xb0][0xef][0x1e][0x18]L[0xc9][0xd2]j`[0xb9][0x1][0x1d][0x88]V[0x94][0xec][0x19][0xa1][0x8b][0x15][0xa9]:[0xc4][0xab][0xeb][0xda][0x8d]:$[0xaf]D[0x2][0xac]3[0xc0][0xb1][0xb5][0xa8][0xe][0x9c][0x15][0xe8][0xda][0x9a][0x17]zK[0xb6]V[0x1b][0x19][0x1d][0x6][0xec][0xde][0x92][0x14]&[0xd7][0xbe][0xdf]9[0xb8][0xfc][0xfd][0xc5][0xef]w4[0x8c]Kw[0xfe][0xf2][0xe6][0xc1][0xa5][0x1f][0xce][0xbf][0x89].j[0xb8][0x5]E-[0xed][0xe0]w[0x18][0xba]n[0xa2][0xed][0xe8][0x93][0xd4][0xda][0x8d]Z[0xf6]@[[0xd2]E[0xdb]o[0xd8]n[0x12][0x96][0xfb]+[0xaa][0x93]t[0x9]wZ[0x97][0xcb]%-J[0xe5][0x92][0x16]'[0xd4][0xf4][0xe]b[0x5][0xee][0xaa][0x7][0xea][0xda][0xbc][0x9a][0xdd]aq[0xe2][0x98][0xec][0xe]\[0xfd]\[0xbd][0x9c][0xc9][0x1b][0xba]Q&[0xf1][0xbe][0xc5][0x9c][0x91][0xe5][0xb5];n[0x11][0xa0][0x9f][0xc6][0x1b][0x15][0x9e]J[0xed][0xc0]X[0xcf][0xe3][0xd7]Z[0xd6][0xef]*]m[0xd6][0xe4][0xde][0xf4]'[0xfb][0x97][0xd1][0xed]Z[0xf1][0xec][0xc5][0xd1][0x3][0xb5]_Gnc[0x19][0xfa].6[0x14][0x9]p[0xb5][0xd8][0xbe][0x81]J[0x83]`[0xbc]q[0xb4]*[0xb4]][0x8f][0x8]-[0x8f]P[0x8b]6[0xf4][0x1b]0`[0xf5][0xbd][0xa0][0x9b]v[0xb7]}[0xe7]p[0xeb]#[0x1c][0x10]y[0xef]p{[0xf7]o[0xd7][0xef]I[0xe8][0xb4][0x8][0xd1][0xcf]ckf[0xac][0xe3]5![0xf]C[0xe8][0xf7][0x83]n[0x90]jh@@[0x1d]u[0x3]Vc[0x9b][0x1][0xa0]Q[0x87]n[0x8c]0[0xb2][0x8a]6[0xba][0x2][0xd7][0xed]?[0xbf]E[0xe][0xe6][0x10][0xa4]([0xc0][0x4]y[0xd3][0xf6]o[0xef][0x81]|j[0x92][0x9e][0xd6]7T[0xac]7[0xac]#[0xa1]bj[0xd1][0xec][0x85][0x16][0xb][0x99]Z[0xa6][0x1b]T[0xc8][0x5]F[0x17][0xa5][0x2][0xa3][0x8b]S*[0xe][0x9]]3[0xf2][0x2][0x11][0xd4][0xc9]&[0xf0][0x1d]/[0xc][0xa1]6[0xd2][0xa2]<[0xd4][0x12]d[0xa0][0xd1][0x17]j[0xf8][0xbf]dw+[0x89][0x1c][0x9a][0xb1]x[0xf6]8!=z[0xbe][0x94]7x[0xa8]1[0xf2][0x18]f*F_[0x18]c[0xe4][0x8b][0x19][0xa3]x|[0x90][0x11]~[0x1a]Ja[0xc9]A[0x80][0x84]8[0xe5][0x1e][0xbc]P[0xcf]=[0x92]P[0xe3][0x86];[0x18][0x9a]h[0x8e]J[0xf]P`J[0x17]E[0x7];[0xe4]?[0xc2][0xb0]r}0X[0x89]m9]@[0x85]3[0xe3](0[0x85][0xbb][0x8e]!ETK[0xba][0x80][0xb][0x1b]m[0xd4][\r]B[0x9e]D[0xd3]X[0xb7][0xfd][0xa3][0xe1][0xa3][0xb6][0xc8][0x9b][0x92]"[0x17][0xda][0xda]([0xa2][0xea][0x8][0x80][0x3][0xba]q2[0xb8][0xb2])|V6[0x85][0xcf]*[0x8b][0xaf][0x1a]"1[0xb3][[0x7][0xbe]V[0x83][0x88][0xfa][\r]6[0xc0]9u[0x82]4[0x1a][0x8b]X[0xf1][0x88][0xfd][0x1b][0xcd][0xf3][0xc4][0xd0][0x9],C#[0x96]W[0xc7][0x81][0xd5][0xa7]!X[0x82]}[0xa5]X[0xc]'[0x16]'9[0xcf]"[0xaf][0xeb]<[0x85]$[0xaa][0x88][0xa6][0xeb][0xf9]LQU[0x82][0x84]L[0x85][\r]:[0xea][0x8b]I[0xb2][0xac]`[0x8e]{[0xb9]&[0x19][0xa6]ga[0x3][0xf8]@S[0xfd].[0xa2]n[0xd2][0xc3]T=[0xcb]&)[0x91][0xa1][0x8e]([0xcc]Z[0x9b]`[0xba][0xd4]l[0xb7][0x1][0xd6]<[0xff][0x9][0xb2][0xb1][B[0x1c]R+`[0x2][0xa5]g[0x80][0x83][0x83][0x9f][0xf9]($[0xd0][0x4][0x1][0xd0]f[0xa0][0x3]6[0xa2]^j[\n]"
18:24:04.213 [main] DEBUG org.apache.http.wire - http-outgoing-0 << "}[0x3][0xa8]e[0x9b][0x1e]Q[0xcb]6=J[\r][0xdb][0xd7][0xf][0xb7][0xdf][0xc2][0xf6][0xa3]o[0xf][0xb7][0xcf]c[0xfa][0x83][0xbb][0x98][0xaf][0xe5][0xfe][0xe1][0xf6][0x87][0xa9][0xb5][0x9b]v[0xb3][0xb8]A[0xd6][0xb8]kTW[0xa0]G[0xcd][0xa4][0xe5][\n]"
18:24:04.213 [main] DEBUG org.apache.http.wire - http-outgoing-0 << "[0x97][0xe1]t[0xf9][0xe0][0xe2][0xfe][0xb5]A[0xe2][0x91][0xfd][0xbe][0x12][0x1d]kc[0xac][0xb1][0x9b]M[0xb9][0x88]M[0xde][0x10]U[0xeb]$[0x19][0x19][0xdd]m[0xde]=[0xe3]i[0xf8][0xea]'f[0xe4]4@[0xd7]*[0xb][0x96][0xbc][0xdb]0'd&I%[\r]UA[0xc8]I[0xae]y[0xcb]j[0xd8][0x84][0x18]L[0x93]N[0x9][0x91]LI[0x14]S{[0xaf]w[0xbe][0xed][0xec]">!LEu<[0xf2][0xa8][0x92]^0Jev[0xab][0x82]9[0x9f]s[0x92][0xf3][0x8b]N[0x8a]I[0x85][0xd0][0xb3][0xe5][0x12][0xe3]8[0xcf][0x95][0xd5][0xc1][0x87][\n]"
18:24:04.213 [main] DEBUG org.apache.http.wire - http-outgoing-0 << "[0xbf][0xd6][0x4]N[0xb2][0x99][0x99]F"X[0x9d][[0xa0]![0x88]j[0xb2]v[0xe9]y%[0xe6][0xa8]l[0x8f]([0xc4][0x9]6[0x1b]+~[0x4][0xcd][0x81][0xeb][0xac][0x88]w[0xbe][0xed]|y[0x4][0xf3]SC[0x88]6[0x8c][0x1c][0xc5][0xb8]2[0xf1]S:u[0x1a][0xd0][0xd7]G8[0x1f][0x19][0x8d]qj[0xa5][0xaf][0x3][0x11]~[0xda]@[0x10][0xff][0xad]/[0xf8][0xea][0xb]L7+[0xee][0xd6][0xfe][0x88][0xa9][0xbf][0xc0][0x9e] BOz[0xac][0xa4][0x94][\n]"
18:24:04.231 [main] DEBUG org.apache.http.wire - http-outgoing-0 << "Q[0x3][0xf8][0xc1]*[0xcf][0xc4][0xf4][\r][0xe6][0xaf][0x1b][0xb4][0x8c][0x98][0xd5][0xf0][0x9f])[0x1][0xca][0x2][0x1f][0xe4][0x1f][0xf9][0xab]([0xe0]t[0x1c][0xe0][0xb2][0x9a]*A_[0x96][0x5]}\[0x12][0xf4]qe[0xe0]\Np[0x17][0xcd]E[0xa0][0x1][0xea]^[0xd4][0xf0][0x94]i[0x93][0xe3][0xc7]e[0x14][0xa8]d[0x8d][0xbc]Q)[0xf1][0xd4][0x91][0xd9][0xa1][0xe1][0x9c]$[0xb2][0xf8][0xa9]-[0xc8][0xd4]B[0xcd]UXw[0xb5]"
18:24:04.231 [main] DEBUG org.apache.http.wire - http-outgoing-0 << "Q[0xc9][0x94]e[0x91][0x15][0xd9][0x4]0[0xe5][0xc2][0xc9])[0x14][0x9d]31[0x89]V`[0xe6][0xd4]T[0xc2]/[0xa0]d[0x16][0xe0][0x97][[0xd4][0xf8]_[0x10]~[0x1][0x81]#iY[0x18][0x8b]E[0x80]q[0x12][0xb9][0xc7][0x8d]4[0x1e]9[0xcb][0x91]S[0x87][0xbd]$[0x9d][&*[0xec][0xdc]9*[0xf0][0xdc]9N[0xe8]o`[0x6][0x83]G;[0x80][0xad]4[0xff][0x88][0xef]`)[0x6][0xa1][0x8][0xe0][0xbf][0x12][0xb1]?[0x94]#7l*:[0xa7][0xb1]t[0xb7][0xbf][0xdf]A[0xea][0xfb][0xfe][0xa7][0x7][0x17]Pe[0xa4][0x83][0xcb][0xfd][0x3][0xc2][0xf2]/3[0xa2]n[0xa1]*[0x0]O[0xe4][0xe2][0xe4]p[0x15][0xe6][0xc8][0xf6][0x9]S[0xb2]O[0x98][0xa3]*oK[0xae]P[0x12]+6[0xaf]D-+R[0xd6]V[0xc3][0x83][0xf2][\n]"
18:24:04.231 [main] DEBUG org.apache.http.wire - http-outgoing-0 << "F<+zv[0x15]h[0x1b]/-X[0xe9]i[0x81][0x8][0x85]^8[0x9e][0x97][[0xcf][0xea]z[0xbe][0x90]-pu[0x9c]3[0x85]!#+[0xe3]V[0xc4];[0xbb]s[0xa5][0xb2][0x91][0xe7][0xe8][0xdb][0x8c]>5[0x8d][0x93]sX[0xc7][0xc0][0x11][0xcf][0xf3]gGTPE[0x9f]YT*z[0xe4]YN[0x8d][0xb3][0x1f]:[0xd9][0x9f][0x17][0x9e]|W[0xa4][0x8d]d"x[0xa7][0xed][0xe4]![0xd9][0xc1][0xa6]V[0xe9][0xf9]^[0x8]E;[0xc6][0xe0]D[0xf]c\[0xa2][0x87][0xdc]6d[0xf7]p[0xeb][0x1e][0x83]D[0xb4][0x89][0xc5][0xf7][0x88][0xf1][0xa7][0xfd][\r][0x9d][0x98][0xc3]]n[0xf2][0xad][0x19][0xc0][0xc1];[0x8f][0x9b][0x83][0xec]<[0xea][0xf6]/[0x12]hF[0xa7]X[0xa0]9[0x9]Z[0x96]W[0xef][0xb6][0x8d]Y[0x95]k`LK50[0xa6]'UU[0x95][0xcb]bh[0xdf][0xe9][0xa6][0xeb][0xb5][0xb4][0xd3][0xd0]m*[0xa0]fZ[0xa8][0x83][0x91]L[0xeb][0xb8]&[0xb][0xbd]P[\r][\n]"
18:24:04.231 [main] DEBUG org.apache.http.wire - http-outgoing-0 << "b59[\r][\n]"
18:24:04.231 [main] DEBUG org.apache.http.wire - http-outgoing-0 << "[0xcc][0x15][0xf3][0xf9][0xbc][0xa8][0xf4][0xe8]Yq[0xa3][0x12][0xdf][0x92]-[0x9a][0xaa]g[\r][0xc6]ba[0x94][0xd4]5[0x92]K[\n]"
18:24:04.231 [main] DEBUG org.apache.http.wire - http-outgoing-0 << "[0x92][0xdb][0x11][0x14]34[0x8f][0xb5][0x9e][0xc5][0xd9][0x19][0x9]>[0xa6][0xdb]W[k[0xdf][0xdd]Xj[0xb6]w[0x80][0x82][0xd2][0xb6][0xbb][0xc5]bz[0xb2][0xca][0x92][0x88][0xd1])k[0xbe][\r][0xb9][0xe0][0xba][0xbf]~[0xf0][0xde]O[0xe5][YE&[0x16][0xfb][0xff][0x1][0x0][0x0][0xff][0xff][0xdc][0x9d][0xbf]o[0xd3]@[0x14][0xc7][0xff][0x95][0x8a]=R[0xe3]_[0xb1]Gs-[0x19]BJ[0x87]*"l[0x17][0xfb][0x94][0xa4]Il[0xcb]I[0x8a]:[0x2][0x2]$[0xc4][0xc4][0x84]:[0xa4][0xea][0x18][0x89]?[0x80][0x1]u[0x89][0xf8]#*[0xa6][0xfc]'[0xe8][0x9e][0xaf][0xbe]wg[0xbb]2[0x4]([0xea][0x16][0xc7][0xf6][0xe5][0xce]I>z[0xf7]~|[0x9f]$[0xc6]d[0x84][0xaa][0xb2];[0xa3][0x19]Ku^lW[0xaf][0xb6][0x97][0x9f][0xb6][0xab][0xcf][0xdb][0xcb][0xd7][0xdb][0xd5][0xc5][0x1d][0x91]bX[0xf]W([0xbb]%[0x7][0xac][0xf0]<[0xdf][0xc2]d[0xb][0x1e][0xa2][0x1e]r[0xc0][\r]^r[0xf4][0x15]ma[0xe0][0xb2][0xa1][0xdc][0xc2][0xc0][0xf1]i[0xbe][0x81][0x91][0x87][0xd1]4[0x1f][0xf4]4[0xcf][0xfd][0xcf]f[0xf1][0xfd]:[0xdf][0xbe]p[0xdf][0xe2][0xcd][[0xc0][0xc8][0x97][0xda][0xf8][0x98][0x8c]f[0xff][0x89][0xe3][0x82][0xf8]][0xed][0x1f][0xcf][0xd2]8[0xae][0x90][0x80][0x9][0x8a][0xaa]J[0xa4][0x90][0xc9]A[0xba]e[0x8e][0xb][0xc3][0xd4]l[0x8b]>[0x8d][0x97]Q[0xb8]Y[0x97][0xfc][0xdf]aLlZ[0xa0]YiFDvfYCO[0xad];[0xe][0xc3])[0xab][0xa8][0x4]2Z[0xfb][0x9e][0xeb][0x19][0x88][0x3]<[[0xae]i[0x14])[0x0][0xf3]P[0x94][0xf2][[0xb6]e[0xa9][0x8a]j^[0xdd][0xf6][0x90]P[0x5]tB[0xe] [0x11][0x97];l[0xda]G[0xbc]$[0xbb][0xed]?[0x16][0x1a]k:[0x19][0xd0][0x83][0xd0][0xa8]`T[0xbb]+[0x9e][0xfb]OJ[0xe4][0xfb]v[0xd9][0x2][0xfd][0xc1]"[0xa1][0xbf][0xa3][0xd6][0xd6][0xe1][0xcf]i[0x19]!P0n[0x14] Rd[0xbf][0x1a]L[0x8a]+!C-UeH>[0xca]-(h[0xca][0xd3]S[0x11]*[0xf2]7[0xb2][0x8c][0xb][0x18]W[0x86]?[0xe5]40*[0xc0][0xda][0xa8][0x8d][0x8a]`[0x96]>DK[0x83]SB[0xe1]ND[0xab][0xb4][0xdc][0x82]b[0xe9]6)[0x94]n[0x13][0xbf],l[0xa2])[0xd1]<[,[0xe8][0xcb][0xb2][0xcd]L[0xa6]M[0xb9]k[0x1a][0x99][0xd3][0xb4]m[0xcb][0xc5].[0x14][0xc8][0xa7]mxEk"R[0xdb]mx[0x9e]k9Z[0xe7][0x1c][0xa7],^[0xea][0xa2][0xd4][0xfe][0x16]z[0xed][0xa0][0xd7][0xd5]e[0x1]z[0x17]h[0x9e][0x6]^[0xc2][0x18][0xf1]U[0xe8][0x84][0xa9][0xf6][0xb0][0x10][0xff][0x0][0xdb][0x1d][0xd1]}4[0xec][0xf8]7X[0x11][0x8f]FP%[0xa2][0xe1][0xe6]JBE[0x9c][0x94]H[0xf9][0x80][0xf4][0xe0][0xf2][0xd3][0x83]T[0xb9]7Y([0x87][0xc2][0xe8][0x10][0xd7][\n]"
18:24:04.231 [main] DEBUG org.apache.http.wire - http-outgoing-0 << "[0x8a][0x88]#[0x9][0x91]w[0xd0][0xa7]~L3[0xa0]u[0x2]%G[0xbe]Rw[0xc]?w[0x99]P[0xff][0x9b]U[0xc7][0x8f]NR[\n]"
18:24:04.231 [main] DEBUG org.apache.http.wire - http-outgoing-0 << "jM![0xdb]{:[0x1e][0xa4][0x8c]k[0xda][0xb2]4[0x18][0xc3];[0xfe]l[0xb3][0xe6][0xc3]C>[0xc][0xff]@[0xce][0x16]?[0x8][0xe2]4[0xcc]ohl[0xd6][0xbc][0xdd][0xe8][0x90][0xf1][0xb]x[0xf2]v[0xcb]X[0xcd][0xee]'j;[0x1f]B[0x7]1[0xf]Q[0x87][0x15][\n]"
18:24:04.246 [main] DEBUG org.apache.http.wire - http-outgoing-0 << "[0xd5]A[0xb1][0xe4][0x90][0x14]J[0xe][0xc9]q[0xaf][0xd4][0x94]q[0xb5][0xcd]KJKc00[0xa0]j[0xc7][0xa0]I[0xa1][0x1a][0xa4][0x90][0xe1]S[0xbb]9rm[0xb3]i[0x98]X[0x2][0xa2][0xe9][0x80][0x1b][0xd7]*0([0x81][0x18][0xbe][0xda][0xf6]g[0xdf]D[0xbd]9[0xed][0xd2][0x16][0xf5][0x8d][0x1a]E[0x8b][0xca]B5[0x8e][0x98][0xd5][0x15][0xcc][0xa4]w[0x88]9"&[0xc8][0xdd][0xf5]l[0x1e],CEl[0xea]p[0x1e][0xdc][[0x89]P[0x87]&[0xf9][0xea][0x4][\n]"
18:24:04.246 [main] DEBUG org.apache.http.wire - http-outgoing-0 << "[0xd0]z[0x5][\r][0xe0][0x92][0x85][0xc2][0x83]oP[0x8d][0xc]:[0xf2]o[0xde]K0$[0xf2]^[0x1][0x7]4[0x9a][0xe0][0x3]~[0x9e][0x99][0xa9]A[0x93]3[0xfe][0xed][0xc9][0xd2][0xa1][0x17]l[0xca][0xb3]C[0x17][0xf3][0x9][0xdd][0xcb]]p[0x12][0x1b]?>[0xde]\[0xef]qg[0xc7]/[0xe4][0xb5][0x7][0xc9][0xd9][0x83]4>[0x8e]{*+[0xce]g4[0xba];[0x89]}Rl[0x1d][0xd4])[0xb4][0xe]"[0xfd]2gG[0xd3][0xb4]4oG[0x9b][0xc5][0xe9][0x90]U[0xe5][0x88]v[0xfa][0xbb]dn[0xd9][0xae]a*bL\[0x18][0xba][0xe1][0xea]r[0x97][0xd9][0x9a][0x15]w[0xa8]c[0xed][0xde][0x96][0xf7]'[0x0][0x0][0x0][0xff][0xff][0xec]][0xdb]s[0xd3]X[0x9a][0xff]WTyi[0xba]*I[0xd9][0x8a][0xaf][0x8f]i[0xd9]$`[0x8][0xe9]\[0x9a]&[[0xfb] [0xcb][0xc2]VlKnY[\n]"
18:24:04.246 [main] DEBUG org.apache.http.wire - http-outgoing-0 << "[0x93]<A[0x2][0x3][0xec][0xc2][0xd4]\[0xf6]VS[[0xb3]E[0xf],[0x84]kg[0x18]z[0xb8]Mw[0xd5]:[0xec]C?[0x98]'[0xb6][0xa0][0xfb][0x5]:[0xdd]][0xbb]O[0xf3]/l[0x9d][0xef][0x1c]I[0xe7]&;n[0x3][\r][0xcc]TQE$[0x1d][0x1d][0x9d]#[0xeb][0xfb][0x9d][0xf3][0xdd]~[0x9f][0xe4]e[0xf2][0xe2][0xdf][0xc3]|q[0x84][0xd9]F[0xd0][0xfd][0xbc]![0xb1]Y%[0xdd]BoM[0x12][0x8b][0xa5][0xe9]V[0x93][0xe2][0xac][0xc4]1W[0x9a][0xde][0xb9][0xd5][0xd4]m*[0xc8]j[0xb][0xa2])~[0x17][0x13]R[0x85][0xe7][0xcc][0xc6]Q[0x85][0xe7][0xa8][0xd8])xX[0xc4]i[0x89][0x9b][0xf0][0xb1][0x97]%}[0xb9][0x89][0xc3]-[0x9d][0x98]pK[0xc0][0x84]S[0x83][0xe8]"[0xab][0xcd][0xbe][0xa1]Q[0xda][0xe4][0x11]F[0xb6]8}3X[0xe]cVe[0xd1]a[0xaa][0xed][0x15][0xb7][0xfa]{[0xa5][0xab]rF[0x88][0x90][0xaa][0xfa][0x96]lYF[0xb7][0xf7][0x18][0x17]mb0[0xa0]Y[0x8]=CY[0x19]R[0xf9]|[0x8e][0xcd][0xc9]CNS5[0xc9]/[0xcc][0xec][0xc8][0xa2][0xdc]<U[0xcd][0xe7]R[0xfd]8"[0xe5][0x86][0x6]0[0xc9][0x4][0x86][0x86][0xc8][0xdc]0[0xf][0x96][0xbf][0xf9][0xc2][0x8c][0xc4][0x4][0xf9]y[0xa5][0xf3][0xb9][0xdb][0xf9][0xbc][0xdd][0xb9][0xda]6[0x15][0xaf]sS[0xf9][0xa0]sU?[0xea]vn[0xd6]%[0xba]A[0xea]uZ[0x1f]^[0xa6][0x87][0xa3][0xcd][0x85]`[0xb4]u[\n]"
18:24:04.246 [main] DEBUG org.apache.http.wire - http-outgoing-0 << "%[0xe6]u[0xbb][0xea][0xf0]][0xad]v>[0xb5][0xab][0x9d]O[0xe1][0x95][0xb4];[0x17][0xed]j[0xe7][0xf3]x[0xbc]X[0xc2][0xf3][0xd5][0x8f]R[0x11][0x9d][0xc1][0xd2][0x1c][0xe0][0x7][0xb5][0xf]$5[0xf][0xa2]E[0xc][0xb0][0xa4][0xc7][0xf7]Hp[0xe5][0xbb][0xbb]7[0xbe][0xbf]x[0x13]B8[0xff][0x19][0x87]p~j[0xeb][0xfb]_[0x9f][0xa3][0xd8]#[0xe1][0xa9][0xd4]S[0xa8][0x87][0x0][0xd8][0x8][0xa3][0x18][0xa3][0xd6][0xd2][0x96][0xd7][0xaf][0x5][0xc6]![0xe8]X"
18:24:04.246 [main] DEBUG org.apache.http.wire - http-outgoing-0 << "o[0x8c][0xe1]%[0x17][0xd2]s[0xc9]l[0xcd]z[0x0]K[0xf3][0xae]Y[0xb1][0x97]a[0x92][0xdb][0xe7]e;[0x95][0xa7][0xd7][0x9f][0x9d]zv[0x1a]mTP[0xe][0xc9][0xa7]h+[0xf0][0xcd][0xb9]g[0xeb][0x90]R[0x82][0xac]'_o[0xa2][0x8c][0xe8][0x1]T[0x9f][0xa3][0xef][0xe4][0x16]fr/[0x3][0xb3]5=[0x86][[0xc5][0x13][0xcb][0x16]/[0x8]e[0x8b]14[0x88][0x90][0xca][0xed][f[0xde]+,[0xeb]M[0xd3][0x96]);[0xd0][0xe9][0x82][0x81][0xc7][0xc1](=[0xe4][0x14]k[0xb8][0xc5]-[0x87][0xc2][0xd3]d*[0x95][0xcf]r[0xd5]N[0x91]C&[0x99][0xe7][0x11][0xb5][0xc6]Z[P[0xca][0xe][0xc3][0xdf]$[0x8f]X[0xe9][0x1][0xa5]x[0x9]:[0x0][0xb5][0x1e][0xe9][0x8a][0x18][0x8]Py([\r][0xde][0x9][0xf][0x99][0xb9][0xb7][0x14]2_a[0x85][0xf4][0x85]6yWX[0xa9][0xc2][0xe3]$hr[0x81][0xf8][0x84]O[0xec]l[0xfc]~g[0xe3]l[0xa8]BYp[0x11]+O5[0x9d][0xd2][0x9b][0xc8][0x1][0xc0][0xd3]B{Y[0xd7]C[0xca][0x94][0xed]s[0xb8]wP[0x8e][0xc0][0x9e][0xb2]kH[0xf1][0x8c][0xca];[0x9])[0xd3][0x93],[0xa4]`[0xe][0xb][0xd9]6M[0xa4][0xa8][0xd5][0xe][0x8][0xdb][0xb4]i);x[0x86][0xe7][0xd2][0xb4]=K[0xaf][0xca][0xb8]4[0xa1]K[0x16]I[0xf0][0x88]8[0xcb][0x9][0x9c][0x1d][0x96][0xbd];[0x97][0xcc]s[0xe1][0xeb]cP[0x2]y,+[0xec][0xcf][0xd0][0xf3](4[0xc9][0xa6]3[0xc9][0x4][0xe5][0x0]J[0xab]=[0xca][0x80][0x8d][0xf6][0xe3][0xf1][0x6]>[0x16][0x19]ww0y[0xe]Fz[0xd4]Q[0xd6][0xe]P|pd[0xd4]J[0xcb]l;[0x83]hQ[0xaf][0xa4][0x96]W0[0x17]"[0xe6][0xf8][0x0][0x9b]MjV[0xc3]b[0xe4][0xfc]j$[0xe4][0x11][0xa5]Jp[0xf][0x11]r[0xf2]f[0x1a]T[0x7]D[0xc6]I[0xd7][0xb0][0xaf]@[0xc9][0xa9]'[0x7][0xd9]9[0xd4]v[0xc3]v=KYLgu[0xc3]:j[0x19][0xca]d[0x3][0x91][0xda]@}[0xb2][0xbe][0x92]>[0x89][0x9a][0xae]a[0x3][0xe8][0xac]ntn[0x1c]E|[0x8]\[0x9][0xae][0xbf]F[0xba][0x16]mz[0x1f][0x7]Gq[0xfc][0x94][0x86][0x98]W[0xa3][0xcd][0x88]p$s[0x10][0xe5]x[0xa5][0xd1][0xb4][0x96]-[0xb0][0x14][0x8]h[0x84]n_[0xaa]=:oW[0xab]~[0xe7]6[0x1c]8[0xe8]o'[0xf8][0x13][0x93][0xc4][0xcf][0x9a]N[0xab]a[0xbe][0xd7]V8[0xe4][0x82][0xc1][0xa3][0x8d][0xfa][0xf9]_|w[0xff][0xfe][0xf][0x9f][0xfd][0x8a][0xde][0xa2][0xe3]~k~[0xe7][0x82]2[0xd7][0xd9][0xb4][0x9b][0x9d][0x1b][0xb6]2[0xd5][0xf9][0x83]][0xad]u6[0xe1]i}"]z[0xc5][0xb8]Ld[0xb3])UMfh[0xa2]K[0x8]\[0x91]D[0xb9][0xd4][0xd8]ja[0xf9]L*[0x91]HR[0xb9][0xc2][0xa9][0xac][0x9c][0xe8]R[0x92][0x96]3[0xb9][0x17][0xf0][0xc][\n]"
18:24:04.246 [main] DEBUG org.apache.http.wire - http-outgoing-0 << "[0x97][0x1c][0x84]M[0xd3]ti[0x8a]TE[0x19][0x1d])M.[0x1][0xd7][0x14]"[0xa9]+M[0xa1][0xbf]qP[0xcc][0xc1]I[0x88][0xe1][0x9f]A-g'Ka[0xfd][0xe7][0x85][0xfd][0xa5][0x98]`[0x19][0xf4]J[0xe1][0x1d][0xf2][0xc0][0x18]og[0xd2]f[0x8e]0[0xc0][0x8][0xb5]TV}[0xc0][0xf4][0x10][0x18][0xff][0xeb]Rod\[0xab][0xb1][0xc8][0xb8]Vs[0x84]NG[0xc4][0xb1][0xfe][0xf0]/[0xa7][0x95]=[0xf8][0xe7]>[0xd6][0xd9][0xb4][0xdf][0xef][0x9][0x92][0x11][0xcd]ep[0x10][0x80]$[0xab][0xfb]Ej[0x9e]F[0x91][0xe4][0x6][0xf7][0x4] I)j5[0x8a][0xf3][0xb6]D[0x91][0xdc]~=X[0xa1]1[0xa3]f[0xf7][0xb7][0x7]M[0xb3]~[0x99][0x9a]k[0xb5][0xbd][0xa6][0xde][0xee]I[0x8]i[0xfc]L[0x94][0xe8][0x8f][0x5][0x89][0xfe]X[0x16]h[0x92][0xe1]|[0xbe]{1y[0xc6]^[0x94][0xa8][0xae]9+[0xb2][0xc][[0xe8]:[0xe4]'[0xc2][0xf2][0xca][0x8d][0x92][0x96]?[0xa0][0xae][0x11]Dp[0xd2]o[0xa3]}:![0xa4]F[0xf5][0xc4][0x97]L[0x9d][0xcc][0x90][0xe5][0x86][0xcb][0xaa][0x1c]-\[0x1a]DQ[0x9a]&'y]D[0x87][0x99][0xd8]E[0xb6]\[0xb6][0xbf][0xb5]V[0xec][0x9f][0x93][0xa3]L[0xfc][0x6]cr[0x91][0xb2][0xd7][0x86][0xf3]S[0xca]x[0x1d]6[0xad][0x9a][0xad][0x1b]5[0xaf]-R6[0xc2][0xe2][0xb5][0x82]Je2[0xb4][0x8d][0xe1][0xdb][0x88][0xc][0xb6][0xb7]p[0xa6]=[0xb2][0xd9][0xae][0xdf][0x13][0xf8][0x1b]+[0x16]Z[0xd0][0xf4][0x6][0x93][0xfb][0xca]t[0x13][0xb1]8V[0x1c][0xdc]6[0x12]B[0xd2][0x8a][0xa5]r[0xfc][0xc0]y[0xf4][0x85][0xb5]}[0x1a][0x13]o[0xd4]%l[0x8e]_oB^[0xfc][0xed]g[0xa7][0x6][0xa8]\n[0xfc][0xcc][0x1d][0x88]>Cs[0xc][0xa7][0xad][0xec])[0x99]&[0x92][0x92][0xf7]{[0xfb]F[0xc]C[0x94]VM[0x90]V[0xad][0xb4][0xb]i[0x85][0xf4][0x8c][0xe8]S[0xe7][0x5]U[0xe3][0x5][0x15][0xe5][0xb1][0xc6][0x8f][0x95][0x9c][0x92]&[0xc4][0xf]'[0xc5][0xe9]4[0xa3]*$UTR,[0x13][0x96][0xe]ge[0x18][0xc6]'[0x92]p[0xa4]v[0xc3][0xb5]6[0xd1]O[0x80]c'[0xcf][0xcb]q[0xe6]-[0x95][0xe3][0x92]Sw[0xda]R[0x97][0xb]L[0xdd]Q[0xf0][0x11]y[0x3][0x9c][0x3][0x6]5[0x89][0x84][0xf9]6[0xfc][0xbb][0xf7][0x97][0x87]g [0xc7][0xe5]![0xd4][0xdb][0xb9][0xbd][0xb3][0xfe][0xd9]_[0x1e][0x9e][0x95][0xfa]c[0xe0][0x9]&[0xd5]7[0xed][0x98]!}S~[0x19][0x94]{[0x1f][0x9c][0xc6]2[0x8e][0xe][0x4][0xc7][0xc][0x9a][0x90][0xb3][0x12]O[0x83][0x1][0x9c]:[0x9b][0x88][0x87]l[0xf7][0xf2]m[0xd4][0x7][0x94][0xef][0x86][0xd3],[0xc7]Ev[0x1b]"[0xcd][0xa1]&[0xd0][0x1c]j[0xf2][0xea]_|[\n]"
18:24:04.246 [main] DEBUG org.apache.http.wire - http-outgoing-0 << "[0x89]Su<[0x88]l[0x11][0x84][0xf9][0x10][0xaf][0xde]Gc[0xe2]4[0xfc][0xe0][0xc2][0x90]J~*[0x97]M[0xe7][0xf3][0xe9][0x1c][0x93][0xa3][0x8e]T|![0xce][0x93]<[0x90]NKM%[0xb3][0xa9][0x1c][0xa5][0xe5][0xa7]ea[0x9e]2[0x7])![0xb7]-j[0x8b][0xb0][0xa7][0x9d][0x9][0xd9]Ue[0x8c][0xaa][0xd4];[0xe0][0xe4][0xb7]GU[0xc][0xed][0x10][0xad][0xe8][0x7]c3T[0xfd][0x92][0xd3][0xf0][0x9b]e*[0xf1][0x94][0x9a]![0xde][0xcc][0xe2]c[0x93][0x96][0xd2][0x8d][0x1b][0x10][0xb8][0xfd][0x1b]:j;[0xba][0xad]Ln[0xeb][0xfc][0x91][0x9c]hy[0xdc][0x9]"{[0xe1][0x1d]D[0xec]`$[0xcb]TH[0x4]p[0x2]^[0x19][0x88]\[0xc6]p[0xfe]f[0x14][0xf8])[0x8d][0x2]l[0x9d]-[0xcd]i:[0xae][0x13][0x17][0xb2]!F[0xab][0x97][0xc4]h[0xf5]C[0x7][0xa5]e+[0xb8]4[0xfb][0x83][0xa8]h[0x85][0xcc][0x99][0xc]=[0x86][0xef][0x1e]oG[0x82]1[0xe1][0xd3][0x15]X[0x87][0x9a][0x88][0xb6][\r][0x9d][0xab][0xac]YM[0xb0][0xc0][0x96][0xd0]9[0xdc][0xe5][0xd8]>[0xcf][0xb3]^[0xdc][0xbd][0xb4]}[0xa2][0xa2][0xe8][0x8d][0xb1][0xf][0xfd][0xa6][0xef]n_[0x1b]23.[0x97][0xc8]$[0xd3][0x13][0xdc].%I[0x94][0x8c][0xd1]T[0x8a][0xaf][0x15][0xe]cd"
18:24:04.246 [main] DEBUG org.apache.http.wire - http-outgoing-0 << "[0x12]\2[0x94]U3[0x93][0x92]{[0x9b]'[0xfa][0xaa][0x18][0xe1]<y@[0x8b][0x8f]'-[0x1d][0xa4][0x1d] p[0xff][0x8f]I[0x85]{[0x9][0x9e][0x8a][0xd7][0x11]U[0x1a]|&.[0xfe]$h[0xa8]D[0xbf]H;B[0xca][0xe0]#[0x8a][0x80][0xf2][0xd3][0x9d][0x8d][0x1b][0x11]D[0xa2][0xeb][0x11]@[0x6][0xad][[0x1e]sH[0xc0]1x[0x12][0xc1]F[0xf2][0x1b][0x5][0xc0]x[0x6][0xaa][\r]o[\r][0x0][0x8b][0xcd]w[0xc7]%[0xc2][0xa0][0xec][0xe4][0x1][0xf6][0x9b]Q[0xe][0x98]z[0xd5][0xdf][0x15][0x8a]?[0xbd][0xe][0xf1][0xfe][0xf7][0x9e]n[0xe2][0xd1][0xde]B%[0x17][0x15][0xee][0x13][0x1b][0x1d][0xd9][0xbf]}[0xa2]i}[0xf5]@[0xf7][0x14][0xbd]2V[0xf0][0x8f][0xe9][\r][0x4][0x2]_=@O[0xdb][0xbe][0xb6][0xaa][0xd7][0xa0][0xfe][\r]z([0x82][0x18][0x18][0x3][0xe1][0xbd]b[0x91][0x91]M[\r][\n]"
18:24:04.246 [main] DEBUG org.apache.http.wire - http-outgoing-0 << "2d84[\r][\n]"
18:24:04.246 [main] DEBUG org.apache.http.wire - http-outgoing-0 << "[0xe4]qp[0xec][0x82]lw'[0xd2][0x8f]hS".NII[0xac]U[0x81][0x92]mM_[0xb1][0x1a][\r][0xa9]a[0x5][0xf5][0x1]#[0x19][0xa3][0x1b][0xe][0x17]E[0x93]M%9fkd[0xa0]L[\n]"
18:24:04.246 [main] DEBUG org.apache.http.wire - http-outgoing-0 << "[0xb6]L[0xf4][0xd8][0x6]S[0xcf]9[0xc5]V[0xed]Iew[0x1d]@39[0x85]6[0xab][0xb4][0xef][0x17][0x87][0xd1][0xa0]L[0x1d][0x1e][0xef][0xf8][0xc]%[0xf2]C[0xf0][0xe8][0xf7][0xb6][0xba][0x1b][0x9c][0x8e][0xd7][0xb0][0xa8][0x9c][0xe0][0x3][0x88][0xf2]Hd-@[0xa7];[0x17][0x1a]z[0xaf]m"~K[0x4][0xf7][0xf0][0x1]A=|[0x10]a[0xde][0xed][0x9d][0xf5]?[\n]"
18:24:04.246 [main] DEBUG org.apache.http.wire - http-outgoing-0 << "[0xf1]-A[0xb3]2}O[0x8b][0xbe]Bp[0xcf][0xae]:[0xca][0xdf][0x85]Q)[0x1f]! y&[0x1][0xc0][0x9f][0xa3][0xda]^[0x3][0xc0]_[0xf5][0x9d][0xf4][0x8]O[0x1d][0x12]0E[0xd9]S0[0x9b][0x8e][0x81]Jf[0x18][0x8c][0x8f][0xc3][0xab][0x99]1[0x94][0x89][0x86][0x18][0x82][0xa2][0x15]D[0xc0][0x91][0x86][0xa0][0xa4]8[0xde][0xb3][0x92]e[0xb7][0x11][0xd3][0x95][0xc]mP[0x7][0x85][0xb9]P[0xe2]0[0xf0]P7[0x14][0xe6][0xb4][0xe1][0xb0]'[0x97]N[0xa8][0x19][0x16]|[0x12]2Z#[0x11]{[0xd4][0x89]T*[0x97][0xce][0xed][0xb2] [0xd0]h,[0xf3][0x0][0x6]"L[0xdf][0x10][0x0][0xd1]T[0xc8]E[0x80][0xe3][0xf9][0x10]#[0xc1][0xe8][0xc8]"[0x4][0xa4][0xa0][0x12]c=[0x1][0xaa][0xb3]I~[0xcc][0xde]p[0x95][0xeb][0xa1]}[0x16][0x98][0xcd][0x1a][0x99][0xf9][0xdb][0xc]Rl_u.D[0xb0][0xee][0xd0]$[0x8][0x8e]$D[0xb0]d[0xd5][0xe1]4[0x1f]kx[0x8c]S[0xb0][0x8f][0xd1][\n]"
18:24:04.246 [main] DEBUG org.apache.http.wire - http-outgoing-0 << "[0xf6]1[0x9d]x[0xae][0xb9][0xae][0xda][0xe4][0x2]?C[0xae]du[0xc3][0xa7][0x8a])[0x1d][0xf0][0xcb][0xfa]XI[0xf7]t[0xbb]*Ls[0xa1]][0xb3][0x1a]~[0xb9][0x1f][0x16][0x83][0x98][0x8f]#[0x1][0x7]"[0xd4][0x8][0x97][0x95]=[0xe8][0x9c][0x82][0xae][0xbe][0xcf]`[0xb4][0xb2][0x7]}X[0xe3][0xf0]I[0xc1]%[0x16][0xb1][0xf8][0xec]W[0xdf][0xdd]} [0xc7]m[0xae]O[0x1c][0x90]XP[0x18][0x18][0xa7][0x8e]i$/[0xcc]i,[0x86][0x8f][0xa2]n[0x9c][0xba][0xab][0xcb][0xf3] [0x98][0xe8][0xc2][0x1f][0x81][0xf3][0xef]f[0xe4][0xcf][0xa1][0x2][0x8b][0xf3]N[0xbd][0x8f][0xc5][0xbf]."zIDt[0xa9][0xc5]?[0xc7]m!'Wt[0xd7][0x97][0xe2]98[0x87][0x1f]][0xab][[0xca]{[0xdb][0xc7]-W[0xb7][0xad]]X[0xf0]g[0x9d][0xc6][0xaa]mJ[0xfc][0xe0][0xb9]$[0xbb]kT[0x93][0xe3]jP[0xc3]m,[0x99][0xce][0x8f]g[0xa5][0xe][0xb8][0xe8]]P[0xb6]{u"[0xd3]7W[0x2]S[0xff][0xf7]1[0xde]3/[0x9a][0xc7][0xdc][0x1e][0xd5][0xdd][0x96]([0x8b]=[0xe5][0xa5][0xe8][0xc7]O[0xa9][0x95][0xe8][0xc][0xb][0xea][0xe9]o[0x88][0xad][0x1f][\r]In[0xea][0xc7][0xae]0[0xda][0xb2][0xf]g"/[0xdd][0xc6][0xce][0xfa]-[0xb9][\r][0x1f][0x1a]2[0x86]{8C[0xe7]S[0xe0]3[0x4]W[0x9c]:o[0xb1]G[0xe7][0x9c][0x15][0x7][0x19][0xec][0xb7][0xcf]/[0x9b][0xb1]&[0xfb][0x1]p[0xa4][0xbf][0xb9][0x1e][0x89][0xf]#[0x94]mOW[0xe6][0xf0][0xa6]D&[0x92]b[0x9d]5M[0xa8][0xb3][0xa6][0xcd][0xc9]x[0x9f][0xd2][0x9]1(O[0xd9][0xef][0xb4][0xe5][0xe4][0xc]s[0x82][0xd9][0x9e][0x1a][0x18]o[0xb8][0xf]/[0xed]&[0xa3])Pub[0x8c][0xf7][0xf9][0xc4]D[0x96]Il[0x84][0xf8][0xbc][0x9c][0x90][0xd8][0x18]>[0x94][0xae]h[0x9d][0xa4]5[0xbf]tB^P-#[0xa9][0xd7][0xba]O#f{Qx[0xa9]y[0xf3][0xa2][0x1b][0xaf][0xdd]i[0xc0]R)[0xfc][0xa8][0xb6]b8[0x8d][0xce]m&[0x4][0xe5][0xdb][0xf5][0xb]?It[0x1e]=1[0xb2][0xf0]Sg[0xc8][0x8a]O[0x9d][0x89][0xbc]k[0xf7]v[0xd6][0xbf][0xc4][0x9][0x8][0xd1][0xfa]N5,[0xb][0xb7][0xb6][0x84]6D[0x8][0xa9]3dmo{[0xba][0xcb]$4"n8D[0x18]90[0xc3][0xb3][0xe1][0xee][0x86][0xbc]I[0x9b][0xdc]7/[0xd1][0xc3][0x3][0xdb][0xf4]>[0xdb]3[0xab].fc[0x99]_m{fSfb[0x9f][0xdf][0x87][0xa9][0x5][0xd8]5~[0xde]B[0xed]AD[0x1a]z[0xd0][0x93][0x1]+6I[0x1][0x9][0xec][0xe6][0xa3][0xec]:=[0xa7]1[0x90][0x80][0xcb][0x87][0xcb][0xf1][0xa0]&[0xe2][0xc1][0xb4][0x80][0x7][0xb8]^[0xbb]X[0xf0][0x9e][0x8b][0xfb]_[0xd2][0xab][0xae]Y[0x96][0x80][0x1][0xf4]8[0x8d][0xab][0x95][0xeb]<.[0x84][0xa3][0x8b][0xf8][0xe0][0xc2][0xa6]C[0x16][0xba]O%[0xf3][0x89]L[0x86])t[0x9f][0x8e]l[0xdb][0xc9]4[0x9f][0xec][0x18][0xd5]Y'x[0x90]I[0xe7]Y[0xea][0xb7][0xec].-A[0xa8]p[0xf6][0xe8][0xc8][0xf4][0xe2][0xc]S[0xe7]~td[0xfe]#[0x11]![0xa8][0x17][0xc3][0xe1]C>[0xbe]b[0xcf][0xf4]\I,[0x10][0xaf][0xd4]}[0x9b][0xa9][0xe2]\[0xb7]{#[0xc3]K);[0x1f][0xab] [0xc0][0xfd][0x94][0x9d][0xda]ut[0x83][0xf2][0xe8][0xe1][0xcb][0xcc][0xea]|[0x3][0x92][0x93]N[0xd0][0xe]=[0xd7][0xd1][0xd7]([0x9e][0xeb]t.[0x18][0x94];/:[0xc6][0xf9][0xce][0xd0]i[0x94][0xec]L[0xbd][0xdb][0x0][0xe][0xb6]P[0x1][0xe6][0xa7][0xb7][0x7][0x88][0xf0][0xad][0xb9]+[0xaf][0x93]?V[0x9b]c[0xcd])H[0xb][0x93][0xaf][0xe5][0xbe][0xb8][0x96]/[\n]"
18:24:04.262 [main] DEBUG org.apache.http.wire - http-outgoing-0 << "k[0xf9][0xa2][0xac][0x1c]M[0x9a][0xb3][0x97]L[0xeb][0xa4]T[0xb5][0xb0][0x8e]/[0xf2][0xf2][0x8a][0x87][0xc3][0xad][0xe0][0xe8][0xe4]Pu$[0xd4][0x89]|"A3[0xac][0xa9]I[0x92][0x90][0xcc]-[0xdb]~[0x99]v>%[0xf2][0xb9][0xdc][0xcb][0xc9]G[0xc6][0xd3][0xe2][0x5][0xb0]G[0xd8][0xfc]"[0xbd]@[0xa3]Q)[0x86]c[0xaf][0x98][0xae]g[0x95][0x1b][0xa6][0xcc][0xab]N[0xed][0xaf][0x17]g[0xf9]{[0xdf][0xc]/<~[0x9]XZ[0xf1][0xdf]XT[0xf1][0xdf]DNo[0xec]l\[0x82][0xa8][0x98]_[0x86]B[0x8a][0xaf][0x97][0xa9][0xb6]-[0xea]<^[0xab][0xf1][0xdf]x[0x95]&}[0x7]^[0xa4][0xa7]W[0x6]Y[0x96][0xfd][0xfe]u[[0xd0]G[0xcf][0x88][0x90][0xab]w.[0xeb]q[0x8e][0x8e]c[0xa2][0x18][0x1d][0x16][0xc5][0xe8][0xb0]L[0x8c][0xf2][0x9c][0x3][0xf8]0[0xf2]\4Q}[\r][0x99],[0xa1].[0xd0]X[0xc][0x18]J[0xa9][0xf3][0x7][0xb7][\r]4[0xcd][0x1a]L[0x12][0x87][0x94]FC=[0x80]45[0xea]xV[0xb7][0xda]Jp[0xd3]0[0xc2][0x96]N[0xe5][0xd8][0xa2]-[0xea]x[0x12][0xad][0x8a][0xd9][0xd1][0xb1]Ln</[0x86][0xa6][0x15]|[0xf][0xac]j[0x84][0xfd]#[0x95]z[0x19]e[0xa1][0xa8][0x99]q[0x85][0xea]&[0xe2][0x97][0xbd]I[0x8][0xf9][0xe]5Z[0x4][0xa1]X1[0x9d][0xb4]=[0xf4][0xea]u[[0xa9][0xfa]V[0x3]+[0xe1][0xa1]0[0xfd][0xf7][0xaf][0xfb]T/opu[0xc1][0x1b][0x95][0xe8])[0xc1][0xe4][0xb9][0xca][0x11][0x15][0xf2]d[0xde][0xe2][0x6][0x82]H[0xf3][0x89][0xe8][0x94][0x1d]p[0xf]"
18:24:04.262 [main] DEBUG org.apache.http.wire - http-outgoing-0 << "q[0xc5][0xbf][0xaf][0xcc][0xfa][0xf6][0xb2]^[0x16][0xc]y[0xcf][0xaf]\}[0xbe][0xf9][0xd9][0xf3]+[0xff][0xfe][0xfc][0xca][0x17][0xcf][0xaf]\[0xbe]y[0x9c][0xef][0xff][0xd5]([0xd4][0xd1]o[0x81][0xde][0xe][0xa9][0x99][0xe2][0xb2]W[0x96][0xc3][0xba][0x86]D[0xe8][0xc3]+e[0xae]e[0x8b][0xbb]N[0x0] <[0xe6][0xea][0xb2][0x0][0x4]l[0xc1]>[0xfd][0xf2][0xd3][0xff][0x1c][0xc4][0xce][0xe6][0x1f][0x1b],[0x9c]m[0xb5][0xe5][0xfa]q[0xb6]*[0x91][0xb9]C[0x93]0w[0xcc]J[0xab]-p[0xd1]l3[0x96][0xe1][0xb4][0xe5]\?G@[0xf0][0xff][0xdc][0xc2][0xa1][0x1f][0xa5][0xed][0xad][0xb2][0xbb][0xbd][0xd5][0xe6][0xd7][0xd8]`[0x9c][0xdd][0xdf]>>[0xf5][0xf8][0xf8][0xe3][0x13][0xdd]{[0xdd][0xad][0xee][0xfd][0xee]M[0xa5][0xfb]O[0xdd]?u[0x1f]v[0xbf][0xec][0xde]|[0xa2][0xbb][0xf5][0xf8]d[0xf7]Vw[0x8b][0xea]G[0xd1][0xfc]f[0xcd]w[0xad]U[0xd3][0xb3][0x86][0xdd]<[0xe7]R\[0xd6],[0x84][0x92]#[0xe2][0x1f]vA^m[0xb9][0x96][0xe3]E[0xc9] j[0xff][0xaa]q[0xf2][0xba][0xc][0x1f][0x88][0xd9]l[0xdd][0xdf]>>[0xf][0xf3][0xff][0xf2][0xf1][0xba]du[0x8e][0x8f]U-.[0xce][0xb1][0xbb]1Va[0xbe][0xde]gu[0xe5][0xf0][0xc0]lP|[0xeb]S[0xae]i[0xd6][0x95]=M[0xa7][0x82][0x4][0x99][0x17][0xb5][0xee][0x9d][0xee][0x83][0xee][0x83][0xee][0x9f][0xba][0xee][0xde][0xeb][0xde][0xef]^[0xe7][0xc5][0xd7][0xe3]v[0xdc][0x9e]O[0xd1][\r]- [0xaa]sQ|[0x17]:[0xf][0xdd]z[0xe7][0xb2][0xc9][0xf7]U[[0xe5]v[0xef][0xab]&[0x1d][0x84][0xd0]4m[0xc9][0xee][0xfd][0xc9][0xf1]'[0x17][0x9e][0xdc]yr[0xe9][0x8e]?[0xb9][0xf4][0xa4][0x17]'[0xc1]j[0xcb]tm*[0xb1][0xa4][0xe5]R[0xe9]w[0xab][0xf8]([0xda][0x11][0xfc]+l[0xde][0xef]E[0x9]&-[0xd7][0xa1]2Lp[0xf3] [0xc5][0x4][0x1f]aT[0x8]>ulA[0xb3]Z`]$[0xc5]x[0xa1][0xae][0xf9][0x0][0xd1][0xad][0xab][0xad][0xd7][0xba]O?2[0xcb][0x80][0xcb][0x9a]i[0xd4][0xfa][0x11][0x97][0xac][0x89] [0xb3]$[0x80][0xcc]RQ[0x2]2)5![0xd0][0x89][0xe1][0x0][0x13][0x1]cP[0x8f][0xdb][0xe7][0xcc]v[0xbd]sAq)[0xcf][0x6][0x9c]s[0x86][0xac][0xd9][0x92]L[0xa4][0xd3][0xb9][0xb4][0xca][0x14]m[0xc9][0x8f]g[0xd3][0x12]u[0x1a][0xbd][0x90]([0xff]5[0x97][0xa3]+7[0xa9][0x19]y[0x8a][0x98],[0xaa]b[0x11][0x15]J/[0xc0][0xef]6[0xb][0xd1][0xc4][0xf3][0x1f][0x95][0x4][0xa8][0x90]M[0x98][0xc5][0xb]51[0x11][0xbf][0x9b]_[0xa2][0xd5]i[0xf8]%[0xeb][0x8e][0xcb]i[0xd3][0xa5][0xed][0xf3][0xbd]q[0xc3][0xe0]v[0xe5][0x6][0x8e][0xa4][0xa2]z[0xe5][0xa5]q[0xfb][0xbc][0xf9][0xe8][0x82][0x87]R[0xab]x/`[0x9d][0xdb][0xe0]7[0xea][0xd4][0x6][0xbf][0xe1][0xac][0xe8]u[0xbe][0xaf]v[0xc3]Y1[0xed][0xed][0xf3][0xd0][[0xaf][0xdc]y[0xd3][0xa8][0xf5][0xe7][0x18][0xa9][0x99][0x86][0x94]Z[0xc4]3j[0x9d]+[0x9f][0xf8]&[0x9d]}[0xbb]~yg[0xfd][0xb6][0x94]B[0xc4][0x90]1[0x87],[0x18][0xa4]s[0x81]0[0x84][0x9c][0xf][0xf2][0xf0][0xd1]@#]~[0xfb][0x9c][0xf9][0xe8]B[0x9c][0x8b][0xee][0xe7][0x83][0x98][0xd5][0xd7][0xcc][0xd7][0x8a][0x13]KE[0x1a]'[\n]"
18:24:04.262 [main] DEBUG org.apache.http.wire - http-outgoing-0 << "[0xa6][0xdd][0xd4][0xdd][0xba][0x1c] *[0xa2][0xc7][0xac] x[0xcc][\n]"
18:24:04.262 [main] DEBUG org.apache.http.wire - http-outgoing-0 << "32[0x8f][0x19][0xcf][0x1e][0xa6]9-[0xd3][0xae][0xe9]USF[0x1e][0x6][0x9d][0x16][0xf4]`$[0x14]kz4<[0xe4]'5][0xab]jzJ[0xd0][0xb2]/t[0x84][0xdc][0xa7]R[0xec]Hg[0x93][0xd9][0x4]S[0x9a]6[\r][0x4][0xca][0xbc][0x92]_[0x8][0xf4]W[0xa2]pL$h3[0x9c][0x9a][0x92]A[0x7]Ob[0x1a][0xfd][0x1d][0xc5]J[0x4][0x11][0x13][0x12][0x90]A[0xf0][0xc2]CJ[0xf4]~x [0x89][0xb7][0xdb][0x17]J[0x14][0x90][0xe0]y(u[0xd7][0x1][0xff]kd[0x96][0xeb][0x13][0xe3]P[0xe1]t[0x88][\n]"
18:24:04.262 [main] DEBUG org.apache.http.wire - http-outgoing-0 << "[0xad]C[0x14][0xa4][0xca]}[0x5]qx[0xc5][0x8b]}[0xa1]s[0xd1]6[0xc9]d@[0xd4][0xb][0x96][0x8d]h[0x89]#[0x19]/[0xe8]a[0x3]"[0xd7][0xa7]![0xba][0xfe]wP[0xdd][0xf1]V [0xdd][0xe8][0xe9][0xc1]} [0xd7]tG [0xcf][0xf4][0x9][0x10][0xe4][0x82][0x89]{[0x8e][0x1c]e[0x5]4[0xd8]H[0x90]o![0xaa][0xd2]g[0xa7][0x90][0x89]~[0x0])[0xae][0xd8][0xf5][0xd7])[0xc5][0x85]"[0x93][0xa0]ZX[0xb6][0xca][0x8e][0xef][0xc5]TW[0xa9],[0x8b]b[0xbc]_[0x10][0xe3][0xfd][0xf2][0xea]*[0x9c]i[0x8e]z[0x92] [0xc5][0xa8][0xcf][0xfd]z[0xd9][0xc7][0x97][0xa7][0xc2][0xbf]he[0x82][0xba][0x9f][0x9][0xe9]1[0xe9]+[0xe4][0xd6][0x9a][0xb2][0xd8]l[0xfa][0xbe][0xed]@[0xbf][0xcd][0x9a][0x8f]t[0x9][0xbd]R[0xd1][0x95][0xe0])[0xc3][0x5][0x9b][0xe7][0x13][0x9][0x8e][0x89][0x7]Y[0xf9]R[0xbc]NAO[0x99]8[0xd2]U&$3![0xdf]<[0x88]Q[0xe6]#Epe[0x16][0x17][0x90]9~[0xfe][0x90][0x98][0x17]N=[0x8a][0x13][0xf2][0x1e][0x19][0xad][0x85][0xfd]T,S[0xd0][0xc3]O][0x85][0xe5][0x15][0x12][0xee][0x14][0xda]F[0xcd]*[0xe3][0xb7][0x4][0xe8]q$8[0xc2][0xd0][0x11][0xbd]C[0xa2][0x10][0xdc][0x85]z,'[0x2][0xd0][0x98][\n]"
18:24:04.262 [main] DEBUG org.apache.http.wire - http-outgoing-0 << "[0x9a][0x97][0x83][0xe6][0xf8][0x10][0xe3]Exhs[0x9f];[0xc6][0x8a]G_[0x84][0xf][0xc3][0xcb][0xfe]7[0xe7][0xa0][0x8c][0xc2][0xd5][0x1],[0xf8][0x95][0xe5]w[0xa8][0xe][0xcb][[0x19]w[0x8e][0xc0][0x8e][0x86]O[0xa7]i[0xd9][0xb1]A[\n]"
18:24:04.262 [main] DEBUG org.apache.http.wire - http-outgoing-0 << "[0x15]1%[0xa7] [0xa4][0xe4][0x14][0xe][0xca][\n]"
18:24:04.262 [main] DEBUG org.apache.http.wire - http-outgoing-0 << "[0xe2]%[0xb3][0x19][0xce][0x18]3[0xe7][0xb4]M]V[0xc][0xf][0xba][0xc4][0x3][0xc1][0xfb][0xd9][0xc3][0xba][0xf5][0xed][0xf1][0xf3]|[0xa5][0xee][0x97]}[0x8][0xb2][0xd3][0x9c]f[0xd3][0xb1][0x8f][0x99]z[0xc3][0xab][0x1][0x96][0x6][0xc3][0x1e][0xc2][0xfc][0x9a]M[0xaa][0xf9][0x9][0x96][0x8c],E|[0x92][0xa3]c[0x99][0xe4][0xf8][0x84],98x0[0xcd]'[0x94]|[0x19]VX[0xea][0x87][0xe0][0xf0]/[0x19][0x8f][0x1f]kT|[0x10][0x2]|%[0x9c][0xec][0x1b][0x12]!DM[0xb]ow[0xa2]c[0xc]Y[0xd4][0xcf]N[0xb6];gw6[0xfe]cg[0xe3][0x1f][0x11]+b[0x14]wH[0xdd]Wv[0xd9][0xe3][0x16]w[0x1d][0xa3]Wt\[0x8b][0xda][0xd3]{[0x1d][0x94]3[0x83][0xd8]3[0x6][0xc]F[0xa8]4[0xf5][0xbe][0xa6]N$[0x11][0x12][0x19][0xeb][0xc7][0xa6]Z[0x11][0xd3]x[0xb]B[0x1a]oA[0x9a][0x0][0x97][0xcc]%[0xf2]#[0xa3]#[0xc9][0x9c][0x8a][0xff]K[0xe5]E[0xda].[0x7]K[0x8d][0x94][0xbb][0xab]ph(GF"[0x91]M'Ri[0x96][0xc6][0x18]e[0xea]&[0xe4]4[0x19][0xa2][0x14][0xa5]r[0x99],K\[0xa3][0xee]N[0x8e]F[0xa6][0x17][0xf6][0x89]![0xd3][0x91]*[0x1b]>J&Y[0xf1][0x11]{[0x5]:G7[0xfa][0x1][0xdf][0x8][0xef]`[0xf0]-[0xf7]'(e&/X[0x10]*[0xe4]*[0xc5]N[0xc3]H_[0xf]NR[0xa6]c"
18:24:04.262 [main] DEBUG org.apache.http.wire - http-outgoing-0 << "[0xde][0xac][0xc0]\[0xe4]M[0xb][0xec][0xef]A[0x8b][0xaa][0x9c]4[0x9c]l[0xff][0xf0]`V[0xa6][0x7][0xe0][0xc5][0xa9][0xec]*[0x1b]N[0x9b][0x9c][0xdb][0x87][0xd3]OC[0xca][0xeb][0x0]k[0xd1][0xf2][0xe4][0xdb][0x96][0xb7][0xba][0x9b][0xe5]^sP[0xdb][0x8a]^[0x81]ta[0xe8][0xc4]$K[0x9c]o[0xeb][0xbe][0xd7][0xd9][0xc4]';[0x9b][0xa6][\r][0xbf][0xc][0x1c][0xe1][0xdf]z[0xca]l[0x9a][0xa6][0x8d]h[0x17][[0xfc][0x6][0xe4][\r][0x8c]*[0xb0]9nE[0xc3][0xd7]+[0xc0][0xea]/[0x1]?S$%)[\n]"
18:24:04.262 [main] DEBUG org.apache.http.wire - http-outgoing-0 << "[0xa4]$8)_t[0xfe]r[0x9a][0xda][0x87][0xbe][0xe5][0xc9]P[0xe]:[0xa4]U[0xb2]hDL[0x18]E#[0xbc]0,Ma&[0x9d]Jg[0xf3]y&[0x8e][0x19][0x80]1[0xcb][0xd9]h[0xc9][0x3]M[0xa6][0xde]e&[0x97][0xa2]11/[0xcb][0x93][0xd4][0x92][0xe1][0x8b]_[0xc6]Q[0x14]F[0xb3][0xe7]q1[0xde][0xac][0xf2]2[0x8b][0xcf][0xbd][0x1a]t[0x8c]f[0x5]h[0x18][0x1d][0xe2]h[0xe4][0xb3][0x9f][0xf8][0xba]g[0x82][0xb3][0x87][0xe8]HWP[0xc4][0x13][\n]"
18:24:04.262 [main] DEBUG org.apache.http.wire - http-outgoing-0 << "w:[0xbb][0xb3][0x11][0xc6]AF[0xb7][0x1][0xba][0x15]?[0x9][0xe][0x1][0xcf][0xa2]C@[0xb0][0xa8]1@V[0xb1][0xbe][0x12]<[0x12]0[0xea]2[0xf8]U/#x[0x1a] E[0xd7]4[0xfc]][0x80][0xd2]_#[0xa9][0x0]B[0x1][0x1a]V[0xaa][0xab]P;D[0x6]*b[0xea]lQH[0x9d]-N[0x1d][0x91][0x99]8/[0x8f][0xa6][[0xae][0x14]SP[0xa0]l1[0xc0][0x2]c[0xea]k[0xa3][0x89]*TI[0x8d]4I5[0xcf][0x99]iTD[0xe8]'[0xd4][0xca][0x85][0xa7]1[0xf4]'[0x89][0x84][0x9a]J[0xd3][0x8c][0xc9][0x9]9c[0xb2][0xc4][0xfd][0xbb]o~.[0xe4]J[0x96]Q[0xcd]?;[0xf5][0xf4][0xce][0xd3][0xad]o[0x8f][0xff]B,[0xea][0xdd][0x3]7[0x8a]S[0xd4]~*[0x18][0xaf][0xd2]B5[0x5][0x19][0x16][0xbf][0xdf][0xbf]r[0x8a][0x80]8[0xdc][0xe8][0x9c]D[0xa3][0x8a][0xa2]$[0x8b]U[0xab][0xe5]9[0x11]n[0xc0]U[0x6]5[0xee][0x82][0xb7][0xf5]L[0x8][0x19]U[0xcb][0xf3]B_+:[\n]"
18:24:04.262 [main] DEBUG org.apache.http.wire - http-outgoing-0 << "C0[0xc2][0xbe]0\[0x4]][0xd5]H[0xc3][0x96][0xee][0x85][0xbe]Vx[0xbb][0xbb][0x7][0x89][0xea][0xea][0xdf][0xec])?[0xa9]=[0x5][0xa1][0x7][\r]F[\r]e^o[0xac][0xc4][0xef]s[0xda]b![0xab]y[0xa1][0x90][0xd5][0xfc][0x81][0x8f][0xa4]y[0x1f][0x13]b[0xde][0x7][0xf5]4[0x1e][0x9a][0xe6][0xf9]zV[0xec][0xe0][0xd8][0xc8]Q[0xfa][0xda][0xd0][0xc9][0x1f][0x99][0xb4][0x9a][0xc8]d[0xd3]l[0x9d][0xde]\[0x98][0xbd][0x95][0xcb][0x8d][0xe7][0x93][0x12][0xb5]0[0x18][0x0][0xbd][0x9]J&[0x98]=P[0xae][0xc7][0x1e][0x88][0xb]cY@[[0xf5][0xe9][0x19][0x91][0xe1][0x9d]}[\r][0xdc][0xde]GU[0xdf][0xe6][0xbd][0xf]33[0xc]c[0xcc])[0xc0]2[0xea]8[0x4][0xb3][0x8d]k;[0xeb]w[0xa0][0xd0][0xd5]/[0xb9][0x8d][0x10]s?[0x86]6[0xe6]TKl[0x85]Q[0x8e]9U[0xe3][0x1e]LvF[0xcf]N[0xa2]X[0xb3]g'[0xc4][0xfe][0xa8][0xdd]Xy;[0xb3]B[0x8a][0xf3][0x8c]u[0x8][0xed]%=[0xc4][0x98][0xd3]P[0xa6]|[0xcb]6cL[0xb1][0xd5]O[0x4][0xdc][0x98][0xfa][0x90][0xc7][\r]\[0x8f]VL[0xca][0xe7][0xf6]2[0x7][0xf5][0x86]^[0x96]mf[0xa0]G[0x6]1$[0x83]cq[0x3][0x9f][0x6][0x85][0x9]7[0x14][0xdd][[0xa8]Ig[0xd3]T:[0x9b]ao<-[0xbc]N[0x1a]Q[0xf][0x1c][0xb2][0xd8][0x84][0xaa][0xaa][0xa9][0x14][0xcd][0xdc][0xaa][0xca][0x1c][0xdc][0xc2][0xfc]([0xe4][0xc9]%v[0x13]@[0x17][sB[0xc6]5"{Y<[0xfe]d^ga[0xe0][0xa1]P[0xe8]u[0x90]-uN[0x86][0xbf][0xd0]X[0xf8][0x5][0x2][0xb0][0xc9][0xde]%[0xc0][0x1b][0xf9][0xdc][0xc6][0xb0][0xaa][0x17]~n[0x0]u[0xff]{[0xe7][0xe2][0xff][0x9d][0xf8][0xcd][0xce][0xfa]M0q[0x85][0xc9]-A_[0xcc][\r][0xe5][0xa8]3[0xfa][0xb3]$[0x88]'[0xbb][0x80]q/8C[0x8f]8[0xd4][0xb][0xd1][0x95]e[0xbd]a[0xeb][0xca][0xd4][0x8a]e[0x9b][0x14][0xbb][0xdd]-d[0xb8]zvZ[0xc1]ir[0x8][0x10][0xbf]97[0x80]g[0xad]j[0xf2].[0xa6][0xba]O[0x15]?d[0xc0][0xd2][0xb5]<7[0xe]"M1[0x85][0xae]([0xa4][0xd0][0x15][0xa5])[0xb5]j[0x9e]#[0xb6][0x9d]l7[0xb1]n![0xe8]{[0xa8]GX[0xf5][0x1][0x1f][0xc3][0xf1][0xbc]8[0xb3][0xf1][0xe2][0xdc][0x99][0x17]g[0xae](/[0xfe][0xe1][0xe2][0x8b]37^[0x9c][0xbd][0xf3][0xe2][0xcc]5[0x8][0xee]9[0xd6][0xd0]=e[0x1f]ji[0xad][0x2][0xb5][0xe6]W_[0x14]][0xcf][0xdd]FnYr[0x1a][0xfe][0x1e][0xd2][0xa7][0x9f][0x9e]H[0xab][0x92][0xf2]:[0x13][0xf9][0xf1][0xff][0x7][0x0][0x0][0xff][0xff][0xdc]]?k[0xdb]@[0x14][0xff]*[0x1a][0xbb][0x14][0xfc]'[0xb6][0xdb]1[0x1][0x99][0x82][0x93][0xc][0x89][0xc9][0xd2]I&r%l[0xcb]F:[\n]"
18:24:04.262 [main] DEBUG org.apache.http.wire - http-outgoing-0 << "[0x1e][0x13]CQ$[0x1b]:[0xb4]d[0x8][0x94]R([0xd4]6[0xee][0x90][0xa4][0x83][0x97].n[0xbf]CM[0xa7][0xc3]_[0xa4][0xdc][0x9d]Nzw[0xd2][0xb9]1n[0x2][0xcd]x[0xf2]Iz:[0xe9][0xfd][0xfc][0xee][0xfd][0xf9]=[0x9][0xf3][0x98][0xcc][0x90],[0xb3]R[0x86]Q}[0x15][0xd4]eD[0xf5]Y[0xea]D[0x14][0xd5][0xcf][0xd8],Jk!a[0xdd][0x9a][0xd6][0xa2][0xfa][0x11]pkp[0x89]5[0xc7]h5[0x85]L[0xc0][0xc3]fk=[0xc2][0xd1]x5L[0xf3][0xb5]a[0x9a][0xaf][0xfd][0xca][0xb5][0x9d]~[0x8a]s[0x83][0xc8];[0x1c][0x11][0xc1][0x83][0xab]{[0x88][0xee]?@[0x1d]A[0xf2]]2#0[0x1e]F[0x9b]Y[0xb7][0x8f],w1[0x16][0xf6][0xb3][0x84]\[0xd7][0xa7][0xd5][0xc0]1.&[0xe7]1[0xc3][0x8f][0xe][0x93][0xa2]?0f[0xd0][0x17]O[0xb7][0x92][0xe9][0x9][0xc4][0xb1][0xd2][0xdf]_[0x13]B[0x8b]}[0xf7][0x1d][0xae][0xfb][0x88]2[0x6][0x80][0x11]x$[0x84][0xe1]u[0xf]u[0x1d]Ui[0xb0]i[0xa6]qMO[0xe1][0xda]q=[0xab]"[0xa2]"[0xb1]w[0xd4][0xe9][0x84][0xac]LDzI[0xdd][0xf4]RyK[0x89]l[0xf4]W[0xed][0xc4]h[0x18][0xae]mo[0x9d][0x84][0x98]/[0xe6]K[0xcf]w[0x84]$D[0x12]4$[0x9][0xc9]"^[0xb1][0xfb][0x83]Xa[0xa9]@[0xfd]`[0xdc][0xb7][0xa5][0xc8]`[0xce][0xf0]m[0xed][0x9f][0xec]F-*R{[0xc2][0xe8][0xc1]e[0x84]*[0xde]We[0x83][0xd4][0xed][0xd8][0xf4][0x10][0xb8]Z[0xf2][0xc4][0x82][0x90]&[0x15]R[0xad][0xf4][0x1e][0x8a][0xa8][0xcf][0x99][0xd2][0xc7][0xef][0x8d]*=[0x1b][0x8a][0x1e][0xac]9[0xd5]xh[0x9]%'5[0xa2][0x93][0x16][0xb7][0xe][0xd0]x[0xf]-n[0x1c][0xa0][0xf1][0xf1]-[0xad][0xe4][0x1e][0x82][0xc6]S[[0x86]D[0xe4][0xee][0xae][0xf1][0x1e]z[0xc8]|B[0xa2]8P[0x13][0x91]ew{JUDiU[0xac][0xa7]T"
18:24:04.262 [main] DEBUG org.apache.http.wire - http-outgoing-0 << "[0x91][0xfe][0x1d][0xa6][0xf3][0x9]e[0x13][0xe3][0xf4][0xd4][0xf6][0xb4][0xdd][0x86][0xd1][0xc8][0xb4]3[0xea][0xd4]P[0xf8]1A[0xfd][0x9f]#<[0xbf][0xc4][0xf3]Kf%TI[0xc5][0x9b][0xd1][0xd6][0x14][0xb4]n@~[0x1c]~[0xc1][0xc1]'[0xf2]g[0x16]~[0xc5][0xc3]o8[0x9c]jx4[0xc4][0xe1]-[0xf6][0xa7][0xd8][0xf]q[0x18]h8[0xbc][0xc6][0xfe][0x7][0x1c][0xcc][0xe8][0xa1]k[0x1c]N[0xe9]Q[0x82]Go[0xf1][0xc5]g[0xec][0x7]8[0x98]m[0x9b]kX([0xe4][0xca][0xb9][0x1c][0xf4][0x6][0x11]b[0xb5][0xe2]3Y[0xcf]#[0xc9][0xa1]a[0x92][0xdb])B[0xcb][0xa4][0xa0]h[0xfc][0xa7][0xb6]L[0xa8][0xb5]W[0xd3][0xf][0xa3][0xac][0xc3]u=T[0xa5][0xb5][0xca][0x0][0x3]u9[0xa4]^[0xdf][0x3][0x9f]#[0x10][0xad]a[0xbb][0x82]Sh[0xef]o[0xc][0xb8][0x1d][0xc9][0xb8][0xe8]X[0xe0][0xad]c[0x19]n[0xda][0xba][0xc0][0xc1]G[0xec]_qcE[0xbd][0x8f]bB[0x1][0xff]6[0xb2][0xbb][0xbd][0xc5][0xc][0x18][0x5][0xd1][0xc][0xc1]&8[[0x9d]OV[0x83]w[0x10]![0x10][0xff][0xbe][0x18]B {q[0xd3][0x3][0x8][0x91][0x8c][0x19]B[0xb0][0xab]&[0xd5][0x3][0xec]|[0x1]#&[0xbf][0x87]K[0xf9]}[0x13][0x8c]@[0xd6][0xa3][0xb4][\n]"
18:24:04.262 [main] DEBUG org.apache.http.wire - http-outgoing-0 << "[0xea]/ [0x16]U[0x8d]v[0x8b][0xd2]Dq[0xd6][0xa7]'[0x7]F[0xfb][0xb5][0xed][0x18][0x9e][0x82][0xb9][0xb1][0x99][0xae]Z[0xa8][0xa6][0xaa][0x16][0xaa][0xfb][0xb5]L[0xe7][0xb2][0xe4]$:F[0x86][0xd3]6[0xfb][0x19][0xd0]D/[0xc9][0x88][0x9e][0xb8]<[0xdb][0x6][0xca][0xb][0xa5][0xb2]@}][0xca][0x93]J[0xa6][0xa7]%y[0xef]"[0xad][0x8]l[0xcf]Q[0xc8]W[0x8a][0xff]"[0x11]O^[0xf4][0xc][0x1c]P[0x87][0xb9][0xaa]5[0x10][0xe6]J[0xbd][0xbe][0x8d][0xc3]][0xf7][0xb2]7[0xe0]be[0x11]w[0xc5][0xef]S [0xef]:0[0xda]][0xe2][0xc9]H[0xb8][0xac][0x7][0xef]W[0xe7]cV[0x90][0xb0][0x1a][0x8c]i}[0xc2][0x5]i[0xd3]A[0xaa][0x14][0xa6][0xa4][0x13][0xc0] [0xa0][0x8d];2[0xdb]t[0xc4][0xeb]Bz[0x81][0x90][0x3][0xec][0xae][0xa6]H[0xfb][0x5]D[0x1][0xd4]_[0xfc]\[0xe]/|[0xcc])[0xc0][0xb4][0x97][0xe2][0x83][0xc4]d[0x83]|"[0xe1]KQ5[0xf2]X[0x9e][0x11]-[0xa7]}[0x6][0xde]l[0xd0]_[0xb4][0xd9]n[0xfd]o[0x91][0xfa]?[0x0][0x0][0x0][0xff][0xff][0xa2][0xd3]L=jaV[0x94][0x9f][0x8a][0xff][0x98][0xc2]4[0xcc][0x5][0x90]n[0x18][0xb] [0xdd][0x82][0xfc][0xb1][0xe][0xe0]X[0xa0]ut[0xe]o.*[0xce]H,[0xc3][0xd6][0xd5][0x1][0x1b][0xea]vxGQ~%[0xb8];[0xef]vxY[0xd1][0xe1][0x1d][0xa9]Eh7[0xc6][0x93][0xd1][0xa7]1[0xb1]46G[0xbe][0xb8][0xcf][0xc][0xb2][0xda][0x7][0xa3][0x14]+[0xca]G>m[0xd6][0xd0][0xd8][0xd2][0x98][0xf0][0xf0][0xb][0xe1][0xf3][0x9][0x91][0xbc][0x84]^d[0x99]P[0xbe]Q[\n]"
18:24:04.262 [main] DEBUG org.apache.http.wire - http-outgoing-0 << "ql[0x8a]F^~^[0xaa]&rA[0x7][0xf6][0x8f]Bv[0xd1][0xe1][0xcd]h[0xe7][0x1e][0x11][0xda]w[0x91][0x8f]6h[0x9c][0x98][0x8f]a,[0xc6][0xa8]1[0xd8][0x97][0xc5][0xd9]%x[0x8a][0xb8][0xc3]K[0x8a][0xe]oK-[0xd2][0xf5][0xc4]R[0xc6][0x81][0x8d]E-[0xe0][0xdc][0xe][0xaf],[0xca][0x7][0x1f][0x9f][0x87]([0xde][0x96][0x83][0xaf]5[0xd9][0x83][0xbd][0x0]+R[0xf0]O-B-[0xaf]@[0xc6][0x82][0x8d]@)[0xad][0xa0]b[0xd0][0xb2]*[0x15][0xec]*D[0x91]TD[0xa8]4[0x2][0x1d][0x92]D|9T[0x94]O[0xdb][0x8e][0x13][0x0][0x0][0x0][0xff][0xff][0xec]]Mo[0x1b][0xc7][0x19][0xfe]+[0x8b][0x9c]-[0x81]K.[0xb9][0xe4][0x91][0xb2][0xc5][0x95]RI[0x11]$:E{[0x1b][0x8a]#qHj%[0xec][0x87]P[0xf9][0x14][0x9b][0x86][0x12][0x14][0x12][0xd0]"M[0x13][0x4][0x9][0x12][0xdb]r#7:[0xc4]q[0xd3][0xd4][0xad][0x91][0x1c][0xa8]\{&[0xeb][0x8b][0x15][0xc1][0x5][0xfa]/[0x8a][0x99][0xd9][0x9d]}wf[0x96][0x12]%H[0xae][0x8d]^[0x4][0xee]rw43[0xdc][0xe7][0xd9][0x99][0xf7][0xe3]y[0xd3][0x1b][0xa7][0x14][0xb8]I;#[0x3]kU[0xcd][0xc0][0xaa])[0x19]X5m[0x6]V[0xc9][0x96][0xa3][0x98][0xc3]-[0xdd]V[0x89][0xb5][0xf7].Q[0xc][0x17]Q[0xa7][0xe6][0xa9][0xb0].[0xa1][0xd9][0x4][0x1b]FtU[0x8d][0xb4][0x8f][0xbe]6[0x1c]t[0xfc][0xf4]}[0xe4][0x1d][0xdd]no[0xa3]3([0x95][0xce][0xe3].[0xd2])[0x95][0x96]K[0xb6],pO[0xf7]7[0xa6]-[0xcb]L[0xd3][0xfe][0xa4][\n]"
18:24:04.262 [main] DEBUG org.apache.http.wire - http-outgoing-0 << "v[0xe4]mP[0xb1][0xc3][0xca]k[0xf7]6f[0xfe]t[0xd8][0xf3]qJ[0x90][0xb7][0xb2][0x8d][0xab][0xb5][0xb7][0x81]#[0x9b][0xf7][0xea][0x8a][0xd3][0x5]$[0xd7]Q[b[0x1][0xd2][0x96][0xfb]'[0xb7][0xb4][0xb5][0xe1]#[0xe3]][0xd4]A[[0xf4][0x17][0x95][0xf5][0x18]$[0xa3]o[0xb][0xca]I[0xcf][0x10][0xb7][0xa9][0xca][0xbd][0xec]?}[0xb1][0xff][0xe3][0x8b][0xfd][0x83][0x17][0xf][0xf7]^[0xec][0xff][0xe9][0xc5]CE[0xee]%[0x94][0xec][0xbe][0xa1][0x7][0xa4]inz[0xcd]P[0xb5][0xfa][0xe][0x1e][0xf][0x98]Xq&K[0x91]&[0xcd][0xe7][0x8a][0xd9][0xa9]F[0xb6]E&W[0x8d]4[0xdb]$EG[0xf]X[0xbc][0xd1][0xb3][0x98][0x88]jdM[0xe4]qE[0xbf][0xff]f[0x0][0x9e][0x85]n[0xf2][0x99]s[\r]9[0xfa][0xbd] [0x99][0xe1][0xed][0xe7][0xbb]4}[0xeb][0xec][0xcc][0x92][0x99][0xb6][0x95][0xd0]Am[0xf6][0xed]4#[0xb8][0xd9][0xf5]BW[0x89]J[\n]"
18:24:04.262 [main] DEBUG org.apache.http.wire - http-outgoing-0 << "[0xb3][\n]"
18:24:04.262 [main] DEBUG org.apache.http.wire - http-outgoing-0 << ")[0xcc].h5^[0xa4][0x17][0xfd][0xc][0xee][0xfa][0xc4][0xed][0xe8][0xd2]2Y[0x9b][0xcb][0xe1][0xc6][0xba][0xca][0xc]q[0xe7][0xe8][0xb7][0xd8]5[0x2][0xe4][0xa3]-[0xd4][\r][0xa0][0xfc]!v[0xc5]u[0x17]M[0xb7][0xb6]*f[0xd9][0xb4][0xe1][0xba][0xc0][0xd2]Y:k[0xc4]M[0xe5][[0x17][\n]"
18:24:04.293 [main] DEBUG org.apache.http.wire - http-outgoing-0 << "e+o[0xa5][0xb4][0x1a]*g[0xb4]t.[0xbc][0xc3][0xfc]T[0xbf][0x9c][0xce][0xb0]w[0xc6][0xb3]"[0x93][0xc6]e)[0xb9][0xac][0x12][0x19][0xe2].[0x84][0xb8][0xab][0xf3]4[0xfb][0xac][0x8f][0xb2][0x1e][0xc3][0x96][0xac][0xca][0x8e][0xa1]*;n[0xea][0x1a][0xda][0xc2],[0xcf]y[0x4][0x12]][0x17][0x9a]N[0xa3][0xdf]=1[0x9e]F'[0xb0][0x4]I[0xba][0xef][0x89]v?[0x9]0[0x93][[0x1b][0xf1][0xad][0xfd][0xfb][0xd1][0x99][0xcd]@>[0x13]![0xd5][0x85]f[0xd4][0x1a][0x81]i[0xd9][0xc3][0xdb][0xc3][0x1d]j[0x8a][0x18]oOB[0xdc][0xab]\[0xb]P[0xac]B[0xf0]{Q[0xe5]4[0x1d][0xf6]U/mmI][0xe4][0xeb]r[\n]"
18:24:04.293 [main] DEBUG org.apache.http.wire - http-outgoing-0 << "[0xb]R[0xfc][0xdb]"[0xf2][0x88][0xaf][0xc3]=m[0x8f][0x87][0x1c][0xc0][0x94]+[0x18][0x96]"B[0xf][0xce][0xb0][0xe4][0xa7]EN3[0xb1]]*[0xd9][0xa6][0x14][0xa4]kQ[0x87][0x84]\[0xa3]PD@ph[0x97][0xac]\[0xc9][0xae][0x0]'F^+q[0xcc]E[0xc9][0xa3][0xe0][0xfe][\n]"
18:24:04.309 [main] DEBUG org.apache.http.wire - http-outgoing-0 << "[0xad].*>'[0xe7][0xcb][0xe0][0xb3]^{!][0xa7][0x2][0x9e][0xb7][0xc0]"
18:24:04.309 [main] DEBUG org.apache.http.wire - http-outgoing-0 << "[0xe7]b[0xf2][0xd9][0x4][0xd7][0x9b][0xba][0xba][0x16][0xac]*[0xf8][0xd4][0xf4][0x9c][0x10][0x84][0x99][0xad][0xd3]_l[0xee]&[0xad][0xcd]<[0xcf]jEN/S[[0xc8][0xf5][0x99]i[0x85]|[0xc4][0xe3]![0xb1]O1wY[0xec]s)[0xb1])t[0x18][0x1d][0xf][0x13]v3[0xe7][\r]:0[0xc0][0x1a][0xf1]8[0x5]gp[0xb6]H[0xe4][0x99][0x92][0x1b][0x1a][0xf1][\r][0xfd][0xaf][0x12][0xa2][0x10][0x87][0x9c]%[0xd8][0xff]#m[0x91][0x1b][0xc5][0xee][0xe]STA[0xe5][0xdb][0x86];[0x83]'cxXW=t[0xa5]T[0xb1]TMS[0x5][0x83][0xa9][0x13][0x12]n[0x1e][0xd5][0x85][0xbe][0xad][0xaa][0xa1]o5%[0xf4][0xed]fM[0x9b][0x1a]d[0xc9]a[0xfc][0xdb]QV[0x95][0x12][0xfb]F[0xef][0x17][0xdd]p[0xc2]m$[0x99][0x3][0xce]e[0xd6][0xb4][0x8a][0x96])[0xd7]/-[0xca]2[0xb][0x82][0x15][0xf8][0xd6][0xb4][0x5][0xb3][0x90]U[0xb1][0x94][0x1a][0x87][0xd4][0x80]3:[0xc][0xc8]v*[0xe8][0xac][0xd7][0xe]t[0xb7][0xfa][0xf5]i>[0x9c][0xc1][0x86][0x7]"[0xc2][0x10]=48[0xec]|[0x94][0x4][0x84]![0xf6]cjp[0xf8][0x9f]/?[0xa1][0xc1]`4[0xfb][0xe7][0xb7]I0[0x18]ke[0x95][0xb7][0x2]#[0xc1][0xa4][0xc6][0xe3]80[0xe9][0xb4][0xc0][0xaa]?![0xfa][0x97][0x86][0xab][0xe1]l[0xa1]v[0x94][0x94][0xc9]c[0xbf][0x86][0x1f][0xd0][0xaa][0xa6][0xc3][0x1d][0xe3]\[0x8]^[0xb]W[0xff]o[0x80][0x4][0x6][0xc8]k[0x97]o[0xef][0xe0][0xac][0x5][0x8b][0x97]h[0x88]kS%[0xae]E[0x85][0xb8][0x16]U[0xd3][0x96]][0xa9][0xc8]k[0x9d]M[0x8c][0x83][0xa3][0xf]5[0xcc][0xc5][0xda]d][0xe9]?[0xf2][0x89][0x84]vMO[0x17][0xda][0xf3][0x8e][0xbe]vq@[0x10][0xb5]P[0x1d][0xdd][0xbe]P[0xa1][0x96][0xbc]m[0x96]%[0xf3][0x7][\r];[0x9b]0[0xad][0x9c]v[0x9][0x94]t[0x5]Dt[0x98]%[0xfb][0x8c][0x5]Z[0xb2][0xd6]B#-$Y[0x93]#S[0xe1][0x88]"[0x8b]0[0xf6][0xb6][0xb6]x[0xd5][0x12]3g[0xa1][0xc3][0x89]xf[0x13]'[0xef][0xe2]F[0x97][0xb0][0xb9]VH1kJ[0xb4][0x14][0xd9][0xfb][0x9c]E[0x87][0xed][0x9d][0xdc][0xf9][0x1e]x[0x82][0x95][0xc6][0x5]W[0xb2]oh[0xe3]*_[0xea][0xbf][0x2][0x9c][0x19][0xf]"[0xf1][0x18]'[0xbc][0xc9][0xff][0xe3]-[0xe0]=[0x1e][0xfe]0[0xbc][0xfb]|[0xf7][0xe7][0xf7]v[0x87];[0x83]o[0x9f][0xef][0x9e][0x8f]?7[0xb7]W[0xc7][0x92][0xaf][0x8d][0x1e]d![0xdb]Z[0xc7][0x9e]Ghd/[0xce]pl[0x4]*[0x11][0xd4][0x15]"[0xa8][0xd6]uD [0xb1][0xc0][0x86][0x17]L[0xa0][0xf0]7[0x13]5[0xf1]h[0xa8]|P[0xaf][0x9d][0x1e][0xb1]![0xfa][0xae][0x8f][0x9e][0xb7]R[0x80][0xb6]*[0x93][0xf9][0xe2][0xb5]Re[0xd2],[0xd9][0xa3]65[0xb6]m[0xd9][0xa7][0xfb]1N[0xd7][0x80][0x8f][0xe6][0x93]x[0x98]Uc[0xa6][0x87][0xd8]7P[0xe8][0xd3][0x88]w[0xec][0x1b]80[0x90][0x1b] o[0x85][0x95][0xc1][0xf3][0xc1][0x3][0xac][0xf1][0xd6][0x96]^[0xbf]ME[0xc]hl,[0xf7][0x9f]5'[0x8c][0xd0]mR]m[0xe4]u[0x2][0xe2][0xaf][0xe1][0x6][0xc1],}[0x90]![0xbc]N[0xb0][0xe7]![0xdf][0xa8][0x8a][0xd9][0xd9][0xa6][0xd7][0xf6][0xef]y[0x1]][0xac][\n]"
18:24:04.309 [main] DEBUG org.apache.http.wire - http-outgoing-0 << "[0x90][0x9][0x97][0xee][0x98][0xb3][0xa9][0xe3][0x83][0x97]{[0x1f][0xff][0xfb][0x8f]OOz[0xff][0xa0][0x1f][0x1e]~[0xf7][0xf2][0xb3]o^~[0xf1]E[0xcc][\n]"
18:24:04.309 [main] DEBUG org.apache.http.wire - http-outgoing-0 << "[0x2][0xc][0xf1][0xbf]&,[0xa3]~9l[0xc6][0xec]P[0x87]=&[0xbe][0x81]3;[0xbc][0x19][0x8c]uy[0xc2]"T)[0xa1]A0u[0x8][0x13][0xb6][0x12][0xb9][0x15][0x92]&[0xee][0x92]v[0x7][0x1b][0xb3]n[0x93]O.}[0xcf]!Wf[0x19]b[0xb4][0xc3][0x9f]~p[0x89]A[0xf8][0xb4]t[0x2]r[0xb4][0xd7]!F[0x80][0xf9][0xb0][0xda][0x89][0xaf][0xe6][0xc9][0xe0][0xf1][0xe0][[0xae]8A[0x19][0xe8]}[0xea][0xb8]1[0x6][0x87][0xc3][0x1d][0xaa][0xa4]O[0xc9][0xe8][0x3]q[0xf4]/[0xa6][0xad]w^[0x82]B[0xc1][0xea][0x9b][0x18][0xee][0x2]9[0xd5]A[\r][0xd6]Q[0xdd][0xfe][0xf][0xa9][0xfb][0xbf][0xaa][0xb2][0xff][0xab]NiS[0x9f][0xa4][0xa0][0xbb]9[0xd2][0xf0]pV[0xfd]c[0xd6]*[0xeb][0x8]N[0xa4]Hd[0xcb][0x11][0xfb]^1[0x1c][0x8d][0x9f][0xa0]T[0xce][0xe5][0xf3]vY[0xa9][0x8b]L[0x3]_R[0x1c][0x1b][0xf7]'IL*[0xd9][0xa5][0x12](MjQ[0xe9][0xbe]q2[0x93]x[0x9]R[0x9a]+[0xa6]l[0x17][0xa3][0x1f]A[0xa6][0xd0][0xd2]kS[0xfc]8[0x8b]V[0xa9][0xae][0xa2]X[0x15]9[0xa8][0xc1]Kw[0xf1][0xed]a4[0xe8]([0xe8][0xed][0xf0][0xa4][0xf7][0xd9]IO[0xa8][0xe8][0xc6][0xdf]6[0xa2]K[0xfb][0xf]DV[0xb7]8b[0xbc][0x13]_[0xd8][0x82]mF[0xdb][0xbb][0xc1]W[0x83][0x83]1[0xf4]h[0xd6]P[0xe3][0x8d][0xcc][0xe5][0xa9]N[0xa5][0x11][0xbf][0xde][0xc8][0xda]9[0xad][0xa9][0xc2]s[0x8e]"<[0xe7][0xcc]k!/+7L![0xb7][0x1d]vup[0x9f][0x97][0xdc]B[0x1]U[0xd8][0xe1][0xbd]:[0x15][0xdb][0xb1]Q8[0x3][0xdc]e[0xaa][0xbf][0x90][0xce][0xb6][0xe2]zW[0x13]fi[0xb2][0xa8][0x93][0xc5][0xe2][0xff][0x1b][0xc6][0xbf][0xe6]+[0xc5][0xf3][0x4][0x86][0xbc][0xb5]<[0xbd][0xa0][0x1]w4[0xdf][0x12][0xba][0xed][0xec][0x5][0x92]3[0xf][0x1c][0xc5]Q[0xef][0x8c]&[0xea]"[0x9f]@H[0xdf]x[0x5]Qlb4[0x11][0xa2][0xa3][0xa3][0x8][0xd1][0xeb][\r][0x18][0xc7]z[0xc8]\4[0x1f][0xc2][0x84][0xbf][0xf8]z[0xe][0xeb][0xfe][0xfd][0xe8][0x90][0xe3]Z[0x1c]F[0xc0][0x8e][0x8e]Z[0xa2]m[0x98][0xb6][0xc7][0xb4][0x6][0xe][0xa8][0xf9][0xe6][0xec][0xf8]^C[0xf1][0x9d][0x92]{r[0xf0][0x86][0xb7][0x96][0x9]p5[0xa7][0xc5]QrZ[0x9c]i][0xa8]W[0xa5]"[0x9]l[0xd7][0x1b][0xa4]K|[0x9d][0x3][0x98]5[0xb9][0x8c]:[0xc8][0xb][0xb6]p7[0xad][0xb8]_[0xf5]I&[0xa6]U+G[0xc1][0xce][0xe7][0xac][0xb4][0x97][0x87][0xc6]nX[0x5]I[0xc7])[0x1a]t[0x82][0xe1]R[0xc5]N)[0xe6][0x9a]z[0x1][0x3][0x8d]pSu[0x89][0xf2]S[0xf5][0xd7][0xb1][0xb][0xf7][0xda][u[0x8d][0x85][0xf7][0xb8]w[0xef][0xb8][0xf7][0xbb][0xe3][0xde]C[0xf6][0xf7][0xcb][0xe3][0xde][0xc7][0xc7][0xbd][0x8f][0x8e]{8[0xee]}z[0xdc][0xfb]\[0xf3].[0xcf][0xb6]q8[0xd3]@s#[0x1e][0x88]1[0x87][0xbc][0x14][0xd8][0x8f]{[0x9f][0x8e][0x86]{G[0x12][0xcd][0xee][0xa0]@mV[0x89]bO[\r][0xe0][0x1][0xeb][0xfd]'#[0xd0][0xcf][0x9a]I[0xec][0x1c][0xc9][0xb3][0xc6][0x9][0xa0][0xff][0x88]}[0x9f]P[0xc0]7L[0xe1][0xe0]o[0x90][0x2][0xc4]-[0x9c][0x3]p[0xff]It[0xcc]I 9[0xe6],[0xc0].O[0x8c][0x12][0x8e][0x17][0xde]J[0xf3][0xc0][0xe3][0xc1]!/p9[0xce][0x9b][0x1e]o[0x9c]jy[0xa0](H[0xc1][0xca][G[0xee]v[0x86][0x84][0xa4][\n]"
18:24:04.309 [main] DEBUG org.apache.http.wire - http-outgoing-0 << "[0xab][0x1b][\n]"
18:24:04.309 [main] DEBUG org.apache.http.wire - http-outgoing-0 << "[0xac][0xb8][0xc3]N[0x91]"
18:24:04.309 [main] DEBUG org.apache.http.wire - http-outgoing-0 << "[0xad][0x97][0xc][0x8e]S[0xd8][0xe3]e[0xd8][0x15][0xad][0xc8]i[0x90][0x85][0x2]_[0x9f]I[0xcf][0xa6]B[0xb7][0x89][0xfd][0xb8][0x2][0x84]q[0x3][0x87][0x81][0xbf][0xd2]:[([0xc5]Hok[0xd9][0xb4][0xed]\%[0x85]C[0x96][0xa4]/[0xc7][0x89][0xf3][0xae]$[0x81][0x14]E[0xdb]4a [0x85]VFdD[0xd1][0xb][0xee][0xe9][0xe4][0x5]A[0xb8][0xea]?[0xf7]Ps[0xe7][0xc2][0xdc][\r]Q[0x12]C[0xe7][0xef][0x84][0xe3]W_[0xbf][0x97][0x15]r[0xc1][0xa2][0x15][0xa0]x=[0xe]![0xe][0xa3][0x9][0xd2]ut[0x84][0xf4]dj$[0xc]z[0xd5].^G [0xcf][0xac]J[0xb][0xaf][0xa1][0xb5][0xb4][0xa6][0xe4][0x9d][0xfd][0x93][0xde][0xdd][0x4]y^|G[0xc3][0x13]-[0xb4][0x4][0xf4][0xc0]1[0x17][0x88][0xc]I[0xe0][0xc3][0xf8][0x88][0x85]6^GG{@[0x6][0xf2][0xfe][0xf0].[0xd5][0xad][0x1f]G[0xf3][0x11][0x87]W[0xe9][0xf5]t[0xa6][0x97]R ne{;[[0xea][0x9b]qFy3[0xce][0xe8][0xe2]#[0xf2]r[0x80]DueE[0x9b][0xc4][0xee][0xcc]\p[0x81][0x9b][0xb7]Kv[0xce][0xb4]-)[0xa7]kB[0x8e]z`[0xe3][0x84][0xaf][0xc3]|[0xa1]\,[0x14]N[0x8b]z[0x94][0xfd][0x9b]5:[0xda][0xeb][0xb3]T[0xcf][0xa8][0xee][0xbc][0xa3][0xae]l[Zy[0xd7][0x11]U[0x9d][0x9d][0x19][0xa0][\n]"
18:24:04.309 [main] DEBUG org.apache.http.wire - http-outgoing-0 << "[0x13]w[0xd2]X[0xc1]M[0x92][0x86][0xd8]w[0xaf]be[0xdb][0x82]>[0xcd][0x16][0x10]o[0x8d][0xf][0x92]e[0xed]3[0xe8][0xb7]l[0x1]9V[0x7][0xa8][0xaf]:@l5[0xbe][0xa8][0x5].[0xe2][0x10][0xfa][0xfb]pg[0x9c]%l[0xb][0xbd][0x91]K[0xd8][0x99]Tp[0x82]C[0x1a][0x1e][0x8d][\n]"
18:24:04.309 [main] DEBUG org.apache.http.wire - http-outgoing-0 << "[0xcc][0xd0][0xf2]ZS[0xc3][0x18][0x1d]%[0x8c][0xd1][0x99][0x9d][0xd2][0x86]1J[0xbb]T[0xf8][0xaf][0x14][0xb8][0xce]^[0xb4][0x86]\[0xa1][0x90]6[0xe9][0x17]J[0x93][0xa6][0x90][0xe3]*N[0x16][0xa4]E,[0xec][0xb]_[0xc5][0x9e]K[0x8][0x87]F[0x0])X[0x5]mKx[0x1d]Q[0xe4][0xd5][0x99][0x5]yU[0xa2][0x89][0xff][0x91][0x84]*8$[0xe]Zp[0x82][0x3][0x17][0x9c]HUfx[0xc4][0x96][0xa5]?[0x2][0xbd]-[0x87]4H7[0xa0]&o[0x1]ep[0xf3]f O[0xa1][0xfc][0xec][0xb4][0xe4][[0xe2][0xb4][0x82][0x83][0xe1][0xdd][0x9f][0xdf][0xdb][0x1d]|[0xcf][0x92][\n]"
18:24:04.309 [main] DEBUG org.apache.http.wire - http-outgoing-0 << "[0xee][0x9c][0x1d][0xe8][0xa4][0xf1][0xaa][0x92][\n]"
18:24:04.309 [main] DEBUG org.apache.http.wire - http-outgoing-0 << "h[0x81][0xbf][0xac]([0xc2]55[0x8a][0xd0]Q[0xa2][0x8][0x9d][0xa5][0xeb]:[0xe8]I[0xc8][0xab][0x6]-[0xec][0xea][0xfc]h[0xac][0xc1][0xe9]n[0xb7][0x8f][0xd5][0x1][0x9a][0xc1][0xdd].vA[0xba]5[0xad][0xb][0xf9]Q[0xaa][0xca]`F][0xc8][0xb][0x82][0xd7][0xcc][0x95][0x8b][0xe5][0x9c][0x9]m[0xc5][0x5][0xa6][0x94][0xa0][0xbc]miED[0x90]UdV*P[0x3][0xd4][0xd2]/zu[0xe1]}s[0x94][0xb3][0xa6][0xd8][0x4][0xd4][0xd9]"t[0xfe][0x17][0xaa][0x8e]^4[0xf8][0xc3][0xfe][0x85][0xd5][0xbe]L[0xa3][0xb9][0x90][0xcb][0xbd][0xe]E!31[0xed][0x11][0xbc][0xd2][0xc2][0xa9][0xa8]`[0xc7][0xc3] [0xb8][0xcf][0xf1][0xfa][0x7] [0xb8][0x8f]JJ[0xfd][0x99][0xfa][0xc7]{[0xf][0x4][0x94][0xe3][0xeb][0x1b][0xd1][0xf5][0x8f]V[0x8][0xfa]/[0x0][0x0][0x0][0xff][0xff][0xe4]][o[0xdc][0xc6][0x15][0xfe]+[0x84]_[0xd2][0xa2][0x92][0xb0][0x17]r/[0x8f][0xba]X[0xcb][0x8d][0xa4][0xb5][0xa2][0x95][0x94]8o[0x94][0x96]^[0xd2][0xe2][0x92][.)a[0xfd][0x14];N[0xdc][0x0]5[0x8a][0xbe][0xa4]([0xfa][0xd2][0x14][0xb2]S[0xbb]6[0xec][0xc6]m[0xe0][0x14]h_[0xd6][0xfd][0xf][0xb2][0x9f][0x8c][0xba][0x9][0xd0]Q[0xcc][0xc]9<sf[0xb8][0xda][0xad].[0xb6][0xd2][0x87][0x18]![0x97];[0xe4]P[0xfb][0x9d][0x99]9[0xf3][0x9d][0xef][0xe3] [0xe6][0x87][0xc][0xc2][0xa1]k[0xef][0xd9][0x2][0xb][0xb8][0x11][0xc2]).-[0x91][0xfe]|[0xba][0xc5]e[0xb8]{[0xae]S[0xdc][0x8d][0xcb][0x18][0xbd]cJ[0x0][0xba][0x9e][0xc][0xe0]U[0x19][0xc0][0xab][0xca]Z?[0xb4]Tm[0xc5][0xf1][0x9e][\n]"
18:24:04.309 [main] DEBUG org.apache.http.wire - http-outgoing-0 << "[0xbf][0xe4][0xcb][0x8d]p[0xf4]\&[0xf1][0xe7]p[0xf9]2=^%[0x9d][0xcf]0j:d[0xf1][0xd3][0xf2][0x9d]Y[0x89][0xe7][0xc2]{NCD[0xaa]cY[0xa9][0x14]j[0x95][0x9][0xb][0x94][0xc7][0x9a][0xa7]MR[0x9][0xb8]by[0x16]yk[0x91][0xd6][0x8a]}[0x8b]%`[0x10]<[0xf5][0xb3][0xb5]N[0xdb][0xf3]p[0x16][0x8][0xa0]4}[0xbc]A[0x1c]a[0x88][0xee][0x81][0x8f][0xc6][0xa0]s[0xf4]-[0x82]f`#[0xca]>?%$[0x81][0x1e][0xd2]9[0xb3]L[0xdb][0x17][0x1b][0xd8]I[0x1b]@[0xcc][0xfd][0x6]y[0xb][0x88][0xbb][0xf][0xef][0x93][0xe0][0x96][0x1f][0xf3][0xd4][0x10][0xd5]v[0x9b][0xae][0xaa][0xb8][0x1b]zS[0x91]R[0xc8]m[0xad]N[0xde][0xa2][0xb2]#[0xa3]mIF[0xdb][0x92][0xca]ZD[0xaf]b[0xd9][0xd9]hN[0xa3][0xe9]0[0xfb]=[0xe5][0xb0][0xb9]t2/[0x91]r[0xb9]TS[0x98][0xa2][0xa7][0xb6]<JC[0x11][0xd6]y[0xb8][0xd0],[0x9f][0x8e]9z[0xf6]V1~j[0x17][0xd8][0x95]'[0xeb]U:[0xb0]%[0x87][0xd7]B~(&O[0x1f][0x91][0x8a][0xfe]O?[0x1]C[[0xf2][0x8d][0x4]*Vr[0x98][0xc0]$=L[0x10][0x92]^[0xec][0x84][0xe2][0xdd]Rx[0x90][0x81][0x8d][0xb8][0xf]N[0x1][0x8e][0xce][0x85]t[0xec][0x80][0xa3][0xa5]P1[0xd3][0x88][0xad][0x8e][0xed][0x5]q?o[0xbe][0xdb][0x97][0x1][0xbc].[0x1]xu][0xc9][0x81][0x97]6D[0x7][0x3]{[0x96][0xf2][0x80]T[0xf0]%m4[0xe][0xac][0xe]y[0x9a][0x93] Y/[0x14][0x8a]e[0xa8][0xc0]Z[0xac][0x10][0x1a][0x19][0xc1][0xb0]Q[0x93][0x8c][0xb5][0xf8][0xb][0x80] [0x9e][0x84][0xf]?[0x1][0x86][0xe1][0xbb]E0[0x1e]c[0xae][0xf5].[0xb2][0xc3][0x84][0xae][0xa4][0xa4][0xf7][0x8e][0xe5][0xb1][0x13])[0xdb]=[0xbb][0x84][0x3]8[0xf5][0xb7][0xa0][0xc3][0xdf]o2[0xaa]{rm[0x86]d[0xd0]\?B'[0x18][0x9a]a[0xfb][0xc][0xd0][0xfb][0xec][0x12][0xb][0x16][0xb1][0x93][0x12][0xf6][0x97]w4Bm[0xa7][0xd2][0xce][0xb7][0x89][0xc2][0xcf][0xe4][0xf8][0xf6][0xfa][0xd3][\r]~1[0x95]NR[0x1]'[0x96][0x81][0xb3]%[0x17][0x8f](M[0xb5]*U[0xc4][0x1e]2[0xad][0xee][0xe8]^4[0xfa][0xb3]2[0xa7][0xba]E[0xcb]FF[0xf7][0x9c][0xd1]=[0x92]rr[0x97]D[0x1c][0x5][0xa1][0xba]X[0xd3]K[0x85]<[0xee]@Q[0xd7][0xe7][0xaa]5[0x85]1[0x1d]y[0x3][0x96] [0x93]g[0xe8][0xf5]c[0xb3]6[0xc5][0xc2]$[0xe8][0xe9])pS9[0x1f][0x99][0xf4][0xd3]+2[0xa7]x[0x83][0x9e][0xe0][0xe][0x0][0xe4][0xa2]c[0xf5][0x82]0[0xc]p[[0xec]|,iv[0x9e][0x89]z{[0xf2][0xa6]SX[0xf7][0x0][0xa2]{[0x18][0xcb][0xbf][0x7][0x10][0xee][0x1][0xf0][0xf6][0x0]n{[0x10][0xb3]=[0x8e][0xd6][0xa4][0xe5][0xb4][0xf0][0x84][0xf0][0x17][0xa6][0xa8]4[0xe9][0x1d][0xbf]_[0xb9][0xb5][0x86][0xa0]Id[0xd2][0xbd][0xbc][0x99]"
18:24:04.309 [main] DEBUG org.apache.http.wire - http-outgoing-0 << "[0xa9][0xac][0xa8][0xd7][0x90][0x14][0xf5][0x98][0x96][0xbf],Y[0x85][0xc4]-[0xf9][0xad][0xb4]E6[0xb2]K[0x18][0xdd]<[0xb9][0xb7]A[0xb1]R[0xac]V[0x8a]e[0xe4][0x1c]i[0xcc][0xcc][0xd6][0xb]s%[0x3]c[0x92]=[0xf]tf[0xa9][0xd5]j[0x0][0x97][0x86][0xa1]*[0xe9]V[0x1a][0x1a],[0xac]~L[0xd8][0xc][0xd4][0x1a][0xc2][0xa4][0xf5][0x97]k[0x97]?RT|e[0xaf][0x1b]a[0xb6]4[0x86][0xe8][0xb3][0xf9][0x1][0xc8][0xa1][0xf0][0xc7][0xd6]~[0x1e][0xdb][0xd1][\r][0xba]r[0xe3][0x88][0xfd][0xe0]m[0x18][0x1b][0xc0]^[0xa5][0xf8][0xe0]'R[0x90][0xf0][0x13][0x2]R>[0xa7][0xa2]T[0xf][0x0]^[0xf8]u;[0xf8][0x8b]}|[0x85][0xef][0xa1][0x13][0xe9][0x80][0x97][0xdd]<[0xc3][0xd1][0xd1]C[0xba][0x7]y{[0x9a]yl[0xd4][0xbb][0x98]&[0x6][0x8d]-q[0xa3]$[0xb6]C`[0xe7][0xb0][0x12][0xba][0xb2][\r]SC[0xb2]aj(m[0x98]t]^{[0xae][0xdb][0x91][0x1d]j[0xa4][0x14]B[0x5]q[0xd2][0xf0][0x82][0xe5]z[0xee][0x81][0xbb][0xbb]Gi[0x9][0xd9][0xb3][0x91][0xf3][0x9e]ku[0x13][[0x2][0xa2][0xf8]D>8[0xa1][0xbc]C[0xa5]T[0x17],[0xde][0xf4]:[0xe0][0xfa][0x95][0x92][0xc9].[0x1a][0xae][0x17][0x1d][0xcb][0xf7]mO[0xd6][0xb1][0xab][0xd6]NC[0x9][\n]"
18:24:04.309 [main] DEBUG org.apache.http.wire - http-outgoing-0 << "[0xf4][0x19]y4[0x8d][0x11][0xb1]l,[0x80]M[0x96][0x85][0xd0][0x8d]H[0xe2]G[0xb9][0xc5][0x92]/[0x5][0x95][0xde][0xf8][0x9c][0xb7]ff[0xce]e[0xee][0xcd][0xdf]i[0x12][0x82][0xf8]q[0x12][0x81][0xd2][0xdf][0x13][0xda][0xa1]}&J[0xb7][0x80][0xef][0xed][0x84][0xe2]q[0x1f]}[0x9e][0x84][0x1f]~[0xec][0xa0][0xeb][0xe1][0x2][0xfa][0x9b]i[0xcc][0x2]rm[0xa3][0xf2][0xa6][0xd7]c[0x8c]I|[0x19][0xdc]-y[0x13][0xb4][0xa5][0xa4][0xea][0xe2][0xea][0xec][0xc0][0xb7][0xf6]B[0xe5][0xc8][0xdd]B\[0xdd][0xcc][0x8e]Di6rR[0x2]o[0xa9][0xae]#U[0xa7]b[0x91]V5J[0xc9]^l[0x1b][0xa2][0x1b]5[0x3][0xaa]S[0xd7][0xe7][0xf4]c[0x9][0xe][0x8c][0xda][0xd0]h-P[0xe7]5[0xba][0xdf][0xb2]J[0xb5]k[0x98]p[0xed][0xea]e[0xa5][0x93][0x8][0xd3]o[0xc7][0x83]|~^[0xb7][0xd1]Z[0x86]@[0xa5][0xcf]}[0xde][0xfc]|[0x4][0xd4]k[0xa8][0xad][0x18]$[0x89][0x97]cOR[0xe6]_[0x8e][0xbd]k[0xb1][0xd7][0xb1][0xc7][0xa1]T6[0x9]A[0xce] [0xc2][0x9e][0x8d]l[0x3]"Z[0x88]~[0x1f][0x19]&][0xdf][0x6][0xb]`[0xa5][0x95][0xc7][0x14]{[0xac][0xfe][0x8f][0x92]L[0xb1][0xd5][0x94][0x83][0xc8][0xec][0x82];[0x18]P[0x1b]xU,9[0x90]c[0xc9][0x87][0xb2][0xc9][0x91][0xba][0xd2][0x7][0xb1][0x82][0xf9]}[0xa4]P[0xf2][0xa1]2[0x94]d[0xf][0xa6]2&J?=aX1[0xf4]j[0xb5]Z[0x15][0xb3][0xdb]$[0xaa][0x18][0xca][0xa8][0x92][0xdc][0x14]f[0xb5]+[0xc5][0x12][0xa8][0x8]([0x1b][0xaa][0xd2][0x1f]l[0x84]Fc[0xaf][0xb2]"@[0xe8][0x1a][0xe]%[0x95]1[0xa1][0xe4][0xa3]+ [0x94][0x90].[0x9f][0xac][0xe6][0xa7][0x8f][0xd4][0xf0][0xfb][0x1]p[0xe9] [0x13][0xbd][0xb8][0x1b]+[0x94] [0x93]OF[0xf][0x7][0xc7][0xc5][0x83][0xac][0x8f] ,[0x90][0x93][0xa3][0xaf]b[0xec][0x1b][0xc4]/[0x15][0x83][0x4]- [0xf8][0xeb][0x9b][[0xf7][0xc5]h[0x91]][0xe][0x82]Fv[0x12][0xc4][0xe][0xf0][0x9e][0xb3][0x10][0x92][0x9d][0x84][0x91]D[p[0xd9]Id[\r]D[0xca][0xc][0x9e][0x1d]}}t[\n]"
18:24:04.309 [main] DEBUG org.apache.http.wire - http-outgoing-0 << "U[0xc8][0xae][0xff][0xe3],6Xh[0x8b][0xc1]e[0x98][0xcf][0xa8][0x1c][0xca]Q[0xe5][0xaa][0x9c][0x2][0xbc][0xaa][0xcc][0x9d][0xe3][0x14][0x3][0xdd][0xf7][0x8a][0x82][0x3][0x15]3[0x9a][0xb6][0xba][0x18][0xcc][0x6]};[0xa4][0xbf]S[0x91][0x1e][0xcd][0x1e][0xf1][0x84][0x92]2U[0xbd][0x82][0xf8][0xcf]TRF"@S[0xe1][0x17]X5X[0xd4][0xeb][0x15][0x90]x[0xd0]uU[0xe8]P[0xa5][0xd3][0x81][0xbc][0xcc][0xcc][0xa5]me[0x18][0x19][0xaa][0xf8][0x97][0xe5][0xd2][0x18][0xfe][0xe5]UXX[0x94]<[0xeb][0xbb][0xb2]9[0x86]De[0x86][0x90][0x81][0x19][0xb]J2[0xb7][0x1e][0x11]f[0xb3]B=F[0x14][0x8d][0x11][0xb5]b[0xb2][0x0][0x0][0xc5]ar%a[0xa6][0xc8][0xcd][\r]/[0xbe][0x8b][0xfd][0xff][0xa3]J6[0x9]= [0x94][0x99][0x16][0x13][0xa9]UD2GN[0x96][0x9a]R[0xb2][0xd4][0xdc]l*[0x93][0xa5]u[0xa5][0x94][0xc4][0xec]z[0xe8]2[0x91]2[0x1c][0xcd]h[0xcb]0[0x80][0xa5][0xf]&[0xac][0xb8][0xde]3[0xad][0xd1][0x93]Tz[0xd7][0xa5][0xe5][0x1e][0xf3]Cr[0xdd]I8[0x0][0xc5]B[0xb5]V[0x10]S[0xac]u*[0xa4]][0x9a][0xd3]U[0xc6][0xb1][0xf4][0xc9][0xe0]"[0xac]Z[0x85][0xee][0xd7]F}[0xae]4a[0xd1][0xd5][0xd2][0x95]5)[0xbe][0xf1][0x1e][0xa2][0xf8]6[0xc6][0xbe][0xcc][0xdc]l[0x0][0xc5]Y[0xf6]tZ7[0x88][0xc3][0x8e]@[0xa2]i[0x9c][0xdf]R[0xcb]AS,[0x7]Vee[0xef]Od[0x11][0x85][0xf6]p[0xf4][0x8d][0xa7]YCw0[0xb4][0xfd][0xfc][0x90][0x99][0xfe]2h[0xc4]L[0xf]h[0xc0][0xe4][0xef].)[0x5][0xf9][0x15]-[0x5][0xb9][0x99]F[0xcb][0xf4][0xda][0x9d][0x10][0x1c][0xf4][0xe1]'[0xbe][0x7][q[0xe0]uL[0x0][0xe6][0xe][0x99][0xf][0x11][[0xb1])[0xf2][0x1f]N[0xe4]^p[0xfa][0x80]9/[0xac][0xad]L[0xdb][\n]"
18:24:04.309 [main] DEBUG org.apache.http.wire - http-outgoing-0 << "S[0x9f][0x9][0x8d][0xfc][0xb7][0xb6][0xbb]D[0xba][0xd5][0x19]/[0xb8][0xef][0x90]L[0xf1][0x9c]%[[0xcb][0x9a]R[0xb1][0xb5][0xb9][0xb6]t[0xac]:[0x8d]*[0x88][0xac][0x9][0x81][0x0][0x5][0x0][0x84]{At[0xc6]([0xcf][0x15]g[0xaa][0xa5]9C[0x9]x[0xda]_EGA&U/[0x96]NC[0x8c]f[0x92]W[0x8b][0x3]C[0xfe][0xc2]i~[0xb]L|[0x12][0xcd][0x16][0xf7][0x9d][0xe1][0x5][0xb1][0xbe][0x12][0xb9][0x99][0x8e]k[0xf3][0x8e][0xaa][0x8c]B[0xd8][0x95]C~[0x8d][0xa8][0xa7]O?[0x9d][0xb5][0xa3][0xd9]5+[0xfb][0x9c]G[0x0][0x92][0x13][0xfd][0xe2][0xfb]g[0xdf][0xbe][0xb9][0xf9]G[0xb2]7C,D[0xbe][0xa0][0xf4][0xa2]?[0xbd][0xf9]Ti[0x18][0xc2]nf[0xc3][0x9b]q[0xe1]}[0xfe]a[0xe2][0x1a][0x92]][0xc2]u[0xf8][0xf3]/a[0xc1][0x85]>[0xac]f[0xfb][0xfc][0x93][0xd4]L$[\r]8W[0xa2]`/i[0xc4][0xd5][0x82](xq[0xf7][0xba][0xf0]0[0x98][0xf4][0xf0][0xf2][0xe][0x91][0xfe]f[0xf2]/[0x99][0x9c][0xff]g[0xaf][0x1e][0x10][0x2][0xfe][0x93][0x84][0xc7]{{[\n]"
18:24:04.309 [main] DEBUG org.apache.http.wire - http-outgoing-0 << ".[0xa0][0xd3][0xeb]L[0x95][0xaf]5[0x3]o[0xa8][0xb5][0xed][0x1c].[0xd1][0xbe][0xac][0xa7][0xb2]-[0xe9][0xa9]l[0xcf][0xab][0xfd][0x4][0xd1],b#[0xe8][0xa9][0xe6][0xe]m[0xcb][0xdf][0x8d],[0xad]mw[0xe8][0x14]h[0x9b][0xd8][0x94][0xd1][0xf1]e[0xd3][0xb1][0xb5][0xf4][0xe8][0x84][0xb4]x[0xdd][0x10][0x94]5[0x8b]s[0xf5][0x99]biN7[0xd4][0xd2][0x9a][0x85]9b58u[0x9][0xb][0x91][0xb5][0x95][0xb4][0xb3][0xc5][0xce]a[0xf0][0x9f]U=[0xa7][0x87][0xea][0xaa]=8[0x82][0xaf]Z[0x91]+[0x8d][0xdf][0xe4]M[0xf9]6[0x9e]"
18:24:04.309 [main] DEBUG org.apache.http.wire - http-outgoing-0 << "[0x9][0xb8]h&[0xe0]F`V[0xd1][0x8c]h<[0xc2]-%[0xa7][0x83][0xd3][0xdd]i[0x99]9[0xf3]zU[0xd3]v=[0xb7]k[0x87]Z;[0x8a][0x1d]/[\r]am"[0xec]D[0xff]~i[0xd8][0xda][0xf][0xdc]Pk[[0xae][0x1f]q[0xa7][0xe8][0x9b]_~[0xff][0xb7][0xaf][0xd3]8$|[0x83][0xc6][0x9e][0xe4]G[0xcc][0xc5]`[0xc0]q[0x12]U[0xe8][0x9d][0xb5]v[0x14][0xd0][0x82][0x5][0x1a]H[0xda][0xfb]6i&[\n]"
18:24:04.309 [main] DEBUG org.apache.http.wire - http-outgoing-0 << "<[0xb6][0xb0][0xe7]2RI[0x84]xy[0xeb][0xe8][0xc9][0xd1][0xb3][0x89][0xc3][0xc2][0xbe][0x15]M[0x19][0x16][0xfc]N[0x1c]Zy[0x93][0x1]y#[0xc7][0x94]6r[0x18][0xf1]@^\[0xa0][0x8d][0x9c]M[0xbb][0x1b][0xef][0xba]][0xcb][0xeb][0xab][0xa8]R&[0xde][0xcc][0x1][0xf]&[0xba][0xcb][0xf3][0xf]NL[0xdb][0xa8][0x19][0xd5][0x8a]![0xd2][0x11]i[0xe6][0xa4]VA[\n]"
18:24:04.309 [main] DEBUG org.apache.http.wire - http-outgoing-0 << "[0xe][0xc9]-[0x5][0x15][0x16][0xbd][0xe][0xa6][0x12]lwg"[0xca][0x6][0xe3][0xad]0[0xca]F[0xab][0xb9]([0xaf],[0xb2]~[0xa3]([0xa2][0xe7]s5[0xcc][0x16][0x90]iH[0x9f]V[0xf3][0xec]^[0xdf][\r][0x5][0xf3][0x9d][0xd5][0xb7][0xc1][0xd4][0x0]]b[0xab][0x81][0xec][0x98]-[0x8][0xb2][0xe3]dB[0xf0][0xbb]t[0x87][0xf4][0x1e]a[0xe5]g[0xda][0xd8][0xe0][0xca][0x1d][0xf4][0xcd]>[0xfa][0x9c]!.;v[0xd0][0xf5][0xc9]J[0x81][0xf0][0xef]_[0xfe][0x82][0xe8][0xaf]M[0x1]2[0xc7][0xef]\L[0x8a][0x86]y[0xa5][0x85][0xc0][0xdf][0xd5]V[0x2]:MT[0xa1]_[0xb6][0xe]4%[0xeb]@s[0xa5][0xa1]@[0xcd]@IR[0xc2][0xbe]"[0xb0][0xde]vw[0x89]b[0x9e]2[0x4][0x90][0xb6][0xff]s[0xff][0xb7]?<r[0x9c]*[0xb]7[0x17][0x95][0xa9][0x92][0xd5]r[0x89][0x18][0x84][0x2]P[0x97]J[0x84]cL[0xc4][0x1e][0x8a][0xaa]:[0x81]E[0xc7][0x15][0xb2][0xa2][0xc4]a[0x14] [0xbb][0xac][0xae][0x90][0xab])[0x94][0xd4]L9[0xf][0x9a]tG[0xc6]r[0xfe]r[0xc0]\Y[0x12][0xb0][0xcc][0xfe]Bo[0x95]'y[0x3][0xf1]$o8[0x1][0xe4]I[0xa6][0xef]Oh[0xea][0xdf][0xcf][0x1f][0xff][0xf0][0xe5][0x1d][0xed]'[0x1f];[0xff][0xbc][0xeb]w[0xf]F[0xf][0xfc][0x9f][0x8e][0x8d][0x10][0xfc][0x87][0x98][0x86][0x8]~"[0x8d][0x11][0xfc][0x4][\r][0x12][0xfc][0xcd][0xa6][0x81][0x81][0xbc][0x83][0xaf][0xef][0xe3]+[0xd2][0xd8][0xd0][0xdd]c[0xc7][0xe][0xfe][0x6][0xf][0xe][0xaf][0x9e][0xfc][0xeb][0x93]_[0xbe]z@[0xfe]g[0xf2][0xe8][0xb0][0xd7]=v[0x8]&[0xa8][0x81]@[0x8c][0xfd][0xae][0x15][0xe6]P[0xa5][0x1c][0x99][0xae]lJtesK[0xe9][0x8c]SA[0x1b][0xa0]q[0xc7][0xea]3_i[0x9]}[[0xc7]O[0xbe]S[0xd8])[0xe7][0xde][0xf5]Z[0xa9][0x8c]L/[0xc8][0xa8]X[0xc2][0xec][0x8][0xd6]W[0x98][0x9a][0xab][0x97][0xb]%@q*[0x17]U[0xa9][0xb9]1J,[0xe6][0x6][0x19]L7[0xae][0x90][0x97][0xd2][0xde] ;[0xc1][0xed][0xed][0x15][0xfa]/y'[+[0xb2]B[0xd2][0x9a][0xd5][0x1d]Za[0x10][0xe]n[0x8c][0xbe][0xea]*[0xd0][0x99][0xbf]Kan[0x81]]N[0xde][0x15][0xed]Z[0x10][0xb2][0x89]b[0xb6][0xbf][0x19][0x8d][0x87][0xa7][0x13][0xa3][0xe4][[0xec]+[0x1a][0xc6][0xa8][0xea][0xd1][0x7][0xcf][0x7][0xd2][0x16][0xf9][0x1e]_[0x97][0x93]fB[0xe0][0xe7]K~[0xe2]![0x90]@"[0xb][0xef]g[0x94][0x92][0xf4][0x10][0x90][0x91][0xb6][0xfc][0xae]c[0x87]Y[0xd1][0x1b]m%+x[0xcb][0xe]9[0x8c][0xac][0xd0][0xbd][0xce][0x99][0xf]k[0xd6][0x8b]_[0x13][0x17][0xbb]L[0x8f][0xf9][0xb3][0xa3]G[0xd4][0xf9]jZ%$'>W[0xc3][0x1a][0x2]![0x80][0xc9][0xe6][0xae][0x9d]_[0xaa][0xea][0xe]$L[0xd2][0xc1]^[0xc0]d[0xb3][0xbd][0xaa][0x94]y@[0x13][0xe3][\r]{[0xb8]w[0xdd][0xda][0x1f]=V[0x15][0xac][0xd2]V[0x9b][0xa9][0xd4][\r][0x9c] g[0xcf][0xb7]:[0xfa][0xfb][0xe8][0xe9][0xbe][0xed]u[0xdc][0xd1]Smtwp[0x1a][0xfe]T[0xe5]2[0x1a]E+L[0xc1][0x1d];t'O[0x1]]w[0xb]$[0xc][0x1c][0x97]f[0x1b][0x9f]`K;!![0xd3][0xc8][0xcf][0xaf]7[0xdb][0xa0]D5y,w[0xf7]0[0xa0]t[0xd1]$[0xd8][0x1d]x[0x8a][0x86]/)[0x1e][0xf9][0x18]K)[0xfe]g[0xe4]I3X[0x9c][0x9a]$+[0xb3][0x8d][0xc4]?[0xd0][0x8d][0xc4][0xef][0xa4][0xba]Tv![0x87]gs[0x80]*R[0xe1][0x9][\n]"
18:24:04.309 [main] DEBUG org.apache.http.wire - http-outgoing-0 << "[0xd1][0xe6][0xfb][0x82]T[0x12][0x8c][0xc4]k[0x9b][0x10][0x8][0xa6],Du[0x7][0xde]$[0xc8]\[0xa6][0x6]@[0x18][0x9b][0xcb][0xa1]mk[0x9b][0xa1][0xd5][0xb1][0xb5][0xf9][0xc1] [0xd8]u[0xd9]On:[0xb0][0x12]lA[0xb0]&[0xfd]UAU^[0xc3]6[0xa5]5lS[0xb9][0x86][0xad][0xa3]Z[0x9f][0x96]}[0xa0]-[0xd9][0x9e][0xa3][0xd2][0x15][0xa4]m.8/n[0x86]4[0x7]# 5y[0xb8][0x5][0xc7][\n]"
18:24:04.309 [main] DEBUG org.apache.http.wire - http-outgoing-0 << "[0xad]HkX~haI[0xc5]$7[0xd3]cW[0x14][0x4][0x95][0xea]F[0x9][0x9b]L[0x91][0xa1]v[0xa6][0x8a][0x9d]e[0xe9][0xdd][0x1]][0xa8]T[0xab][0x1a][0x82][0x6]DY[0xc5]F$i[0xf0][0xb2]4[0xdc].S&5-[0x13]^[0xd8]$[0x1d]^c[0xea][0xc1]t[0xf5][0xde]Z'[0xe1]n}[0x9e][0xc0]puE[0xce][0x91][0xbd]>|[0xfc][0xfa][0xf0][0x1f][0xaf][0xf][0x9f][0xbe]><T ;?G[0xd6]l[0x81][0x1c][0x19][0xeb][0x8e][0x16][0xc6]}[0xdb][0x16]se[0xdf][0x1d]3[0xe0][0x9e][0x81][0x3][0xe4][0x99]d[0xdc]I[0xf]3[0x19][0xc3][0xa6][0x10]#[0x84][0x0]q[0x88][0xe2][0x2][0xac]T[0x1f][0xdd][0x85]![0x81][0x1f][0xb1]x[0x90][0x1c]8I[0x93][0xd0];[0xe1][0xce]tq`[0xa2][0x85]p{~[0x9e][0xaa][0xae][0xa4]y[0x4][0xb6][0xf9]M[0xdc]>`[0x0] s(m#iF[[0xc][0x12][0xc6][0xcc][0xf4][0x91][0xa1][0xb5][0x84]"C0[0xc6][0x8f][0xc5][0x95][0xab][0xe0][0x9b]R[0x15]|sI5[0xb9][0xae][0xa0]%[0xee][0xfb]TTT[0xb5][0xb2][0xa5]-[0xa2][0x88][0xc0][0x1f]*[0xf5][0x96][0x4]''[0x9][0xc][0xb3]c[0xd6][0xc0]%[0xa3]V-[0x18][0xc8][0x81][0x96][0x8c][0xdf]Ei6[0xce]o[\n]"
18:24:04.309 [main] DEBUG org.apache.http.wire - http-outgoing-0 << "[0x92][[0xf5][0x82]n@^PYWe[0xb7]~V[0xa8][0x2][0xfd][0x89][0x1a][0xf8][0xd9]|[0xe5][0xd2][0xe6]*[0x99][0xc7][0xac]]%[0xff][0xae][0xb7][0x1a]Rl[0x80]/[0x4][0x5][0x86]1f[\r][0xcd]%10$=![0xc1][0xc1][0xb5][0x1c][0x18][0x1d]6[0xfa][0xc7][0x8c][0xf9][0x1d]4[0xe6][0xfb][0x1d]U[0xcb][0x18][0xcb][0xb][0x96]c[\r],[0xf0][0x97][0x1b][0x7][0xea]@[0xf4]a[0x81]]N[0xc1][0x1d]0[0xfb][0x15][0x9][0xe2][0x92][0xcf][\n]"
18:24:04.309 [main] DEBUG org.apache.http.wire - http-outgoing-0 << "[0xfc][0xf2][0x8e][0xf0][0xe5]l[0x1a][0x0][0xcf][0xa4][0xb8][0xf]D[0x1b][0x15]v[0x6][0x8a][0x96]2OI[0xba][0x1f]5M[0xf5][0x80][0xdb][0x99][0x88][0xae][0xdc][0xbe][0xc][0xa9]<[0x10][0xfc])[0xa1][0xc7]&[0xda][0x8],6[0xe4]3z[0xc6][0xc3]_[0xa8]"
18:24:04.309 [main] DEBUG org.apache.http.wire - http-outgoing-0 << "BZ[0x1c][0xfd]%"[0x94][0x94]&I[0xe7][0xe7]l~[0xed][0xca][0x9a]m[0x8b][0x92]f[0x1b][0xe3][0xe3][0xcb][0xe5][\n]"
18:24:04.309 [main] DEBUG org.apache.http.wire - http-outgoing-0 << "[0x88]b|[0xd5][0xea][0x5][0xf1]`[0x10][0xc4]{t+[0x7]G[0x2][0xda]ns?[0x8][0x87][0xda]b`[\r][0xf0]LAzZT[0xc9][0x80]>?[0x11][0xf3][0xf8][0xbf][0x0][0x0][0x0][0xff][0xff][0xdc]]]o[0xdb]T[0x18][0xfe]+[0x16]7[0x1b]R;%v[0x12];[0xdc][0xb5][0xb4]LN[0x9b]iM+[0xd0][0x84]vq[0xb2][0xb8][0x89]c[0xc7]iO[0x92][0x96]rE[0xbb]N[0x2][0xc4][0x5]p[0xc5][0xc4][0x84][0x80]![0xad]][0x7]c[0x1a][0x8][0xaa][0xe]q[0x91]r[0xb3][0x1f][0xd0][0xa4]\R[0xf5][0x9a][0xbf][0x80][0xce][0x87][0xed][0xf3][0xe5]&Q[0xda][0xe][0xb8][0xaa]O[0xea][0x1c][0x1f][0xdb]y[0xde][0xf3]~>[0xef][0x1b][0xba][0x9e]3[0xd3][0x86][0x91][0x16][0x9][0x1b][0xc5][0xc4]c[0xb4]\^[0x83][0xd0]39cP[0xb3][0x1]%_#[0xe1][0xa8]$[0xd9][0xc7]qQ[0x83]([0xc][0xa4][0xa7] H[0x4][0xeb][0xd2][0x92][0x90]/[0xa6]jh[0xd6]_v[0x82][0xb2][0xe3][0x6]^[0xf7]E+n[0xdb][0xf2]f[0xb3][0xd5][0xc6].[0xdd]"[0x80][0xcb][0xae][0x1f][0x8a][0x5][0xe9]iP[0xd1][0xf0][0x1c][0x7][0xcd]?[0xc4]n[0xf2][0x7]'w[0x9f][0xe2]a[0xc4][0x19]G&[0x9b][0xb9]2[0x85]^^3[0x94][0x12][0xf4][0x12]Mr[0x89][0xa8]0X[0xfe][0x98][0xc8][0x8b][0xb5]f[0x13]z[0x1d][0xfc]+%A[0xef]2*[0xa4][0x9d][0xae];~[0xd3]k[0xb6][0xda]l[0xd7][0x93]G[0xfd][0xef][0x8f][0xb7][0xb5][0xfe]~[0xff]Q[0xff][0xc9][0xd0]R[0xe3][0x8e][0xbb][0xf6][0xcc]CF[0xa2][0x82][0xd5]@P,[0xe6]*[0xb2][0xba][0x1a][0xc]S[0x9c][0xd6]\~=A%[0x91]y[0xec]l[0x89][0xc7][0xce].[0xa9]T[0x92][0xbc]%[0xc6][0xdc]j4l%j$%[0xea]V[0x10][0x96][0xa4][0xd9][0xe4][0xfc]B[0xb3]Q[0xeb]@wr[0xc3][0xd1]f[[0xfe][0xe1]f[0x3][0x1f][0xda][0xa8]1[0xdc]8f[0x8b][0x99]7ry>W[0xd9]@a4[0xa9][0xfd]%Z[0x6][0xa7][0x93][0xe4]2V[0x9a]m|`$[0xd0]5[0x1b]IV[0xb]K[0x9d]n[0x97][0x16]"K[0x85]p[0xd9]-[0xcd][0xc9]9~$I[0x3]{[0xac]d[0xa5]$Y[0x4][0xd9]%V)![0xf7][0xa1]A[0x97][0xaf][0x98][0xfe][0xfb][0x97][0x17][0x3]$[0x8f][0x10][0xd9]_&A-Z[0xe4][0xe0]@[0xbc]C^}[0xb][0xc0][0x96]+Q[0xda][0x1d]o[0x12]w[0x1b][0xda][0xbf][0x13][0xf5][0x11][0xf2][0x9e][0x89]&B[0x8e][0x89][0x12]B[0x8e]c[0xf5][0x83]8[0x1f][0xe][0x18]_[0xc4][0xd7][0xa7][0xf7][0x9e][0x9d]~[0xfe][0xc9][0xe9][0x97][0xbf]QaC<<D[\r][0x81][0xdd][0x87][0x91][0x2][0x2][0x99]V(t[0xde][0x1a]s[0x8d][0xd8][0xfd][0xf0]l$[0xb7][0xa0][0xb][0x83][0x81][0xfe]u[0xbb]d[0xb][0x10]\M[0x0][0x9b][0x9c][0xe8]f/[0xc8]`[P[0x81]-[0x97][0x11]It[0xaa][0xb5][\n]"
18:24:04.309 [main] DEBUG org.apache.http.wire - http-outgoing-0 << "[0xa8][0xa8][0xe0][0xb6] [0x1a][0x0]dA[0x85]N[0xa3][0xf6][0xc7][0x1e]t76@[[0x3][0xfe][0xe4]_[0x1f]|[0x81]0[0xb6]:VW[0x2][0xcb]2[0xb2][0x19]6Q[0x16][0x93]+#[0xee]+[0x11]b[0xab]n[0x9c][0x19]gXF[0x9a][0xad]QL[0xa9][0xfb][0xca]+Z[0xcd][0x12]QT[0xc0][0xdd][0xe5][0xe7][0xde]A[0xe][0xf9]E,[0xb2][0x17]o[0x95][0x12][0x1a][0x14]`)[0xbc][0x8f]_[0xfb][0x96][0x2][[0xc9][0xde]w{a[0x86][0xc3][0xd6][0xaa][0xab]U[0xdc][0x80][0xf][\r][\n]"
18:24:04.309 [main] DEBUG org.apache.http.wire - http-outgoing-0 << "38d6[\r][\n]"
18:24:04.309 [main] DEBUG org.apache.http.wire - http-outgoing-0 << "[0x8b][0xf5][0xf7][0xaf]![0xb][0xf6],p[0x1]a[[0x7][0xec][0xb6]>[0x5]AYv[0xef]EK[0xde]9[0xfe][0xb8][0xbf]+[0xfa][0x1]<[0xc1][0x99][0xef]u[0x98]b[0xa5][0xb9][0xe]Tu[0xa0]G[0x1f]w8[0x13][0xa1][0x1e][0x83]P[0x8f]A[0xa8]' t+[0x8a][0x83][0xd1][0xdf][0x15][0xc5]"X[0xed]81[0x1a][0xe9]([0x84][0xa3][0xc7][0xc0][0xd1][0x8b][0xe0][0x18][0xbe][0x95][0xe1][0xc1][0xb8]:[0xcc][0x16]>[0xcf]?_m[0xde][0x1]U[0xbc][0x9a][0xc1][0x1b][0xf8][0x13][0xdc]Me[0xbf][0xbf]K6od[0x9b]lk[0xc2][0xeb][0x98]x[0xad][0x80][0xf6][0xa8][0x97][0x7][0x8]F[0x95][0xc9][0x99][0xce]:[0xf0][0x11][0x9e]^[0x1e][0xa0][0xab][0x1d][0xee]m`k[0x90]\[0x14][0xc1][0xf][0xaf][0x81][0x10][0xd0]p;7[0x2]:'6[0xce][\n]"
18:24:04.309 [main] DEBUG org.apache.http.wire - http-outgoing-0 << "[0x1][0xc8]}[0x15][0xec]YYr[0xa8]C[0x0][0x2]}[0xde][0xc][0x12][0xc][0xca]}[0x1a][0xcd][0xd8][0xfd][0x88][0x1a][0x3][0x9c][0x0][0x9][0x97]v[0xb3]Y[0xf6][0xc1][0x9d]Z[[0xb][0x80]V[0xc3][0xa7][0x82] [0x18][0x9b][0xbf][0xc0]0-[0xde][0x80][0xb6][0xe8][0x89]I[0xc9][0xfd][0xf][0xc9]/[0x9b][0x12][0x15][0xa4]t[0xd3][0x18][0xc4].+[0xe6][0xc3]L[0xcb][0xf2]![0xbc]aA0[0x98][0x17]E[0xcc]U[0x15]6[0xdb][0xaa][0xef][0xb0]bF[0x1][0xde][0xeb][0xc0]q[0xfd][0xaa]s9[0xfe]@[0xc8][0x85][\r]`[0xe8][0xfd][0xa7][0xd2]@[0x15]5@i[0xb3]b[0xd4][0x0][0xf2]Q[0x83]h[0xb8][0xc2][0xff][0x97][0x88][0x7][0x7]r[0x11][0x3]6[0x9c]Gv[0xec]Q[0x3][0x6][0xd0][0xbf][0xcc]P[0x1e][0x82][0x1d][0x8b][0xe3][0x96][0x8f]a_[0x4][0x9][0xed][0x4]][0xb9][0xb7][0x98]-[0xa5][0xbb][0xdb][0xc5][0x1b]C[0xb0][0x91][0xcc]4;U[0x1f][0xa8]H0[0xf1][0x8c][0xb3]>[0xe2][0xd0]y[0x1b][0x4][0x1][0xc6]{[0x11]a[0x95][0xfc]q[0xc7][0x6][0xad][0x95][0xc9][0xe4][0xd9]B[0xe2]l[0x6][0x93][0xeb]e[0x84]l[0xb6]"[0x8][0xde][0x8b][0x19][0xc1]L[0xfd]<[0xc8]E[0xf8]',[0xf2][0x8b][0x18][0xe7][0xca]/b[0x17]o[0xbe]{[0xfd]v[0xfc]5t?[0xaf][0x94][[0xa4][0xba]&[0x8a][0x8f]5~u[\n]"
18:24:04.309 [main] DEBUG org.apache.http.wire - http-outgoing-0 << "[0xe9][0xe1]W[0xcf][0xf2][0x15][0xb6][0x1c][0x9f]>[0xca](TH[0x1c][0x3][0x1][0x9b]T[0x1f]D[0xc3][0xf9]_[0x9d][0xdc]}.d[0xca][0x3][0xad][0xe2][0xd2][0x93][0xe2][0xfc][0xf8][0xe8]{q>|[0xf4][0x11][0xc1]?[0xf7]:[0xe3][0x84][0xf7]"[0xa3][0xb8]3[0xb9][0xed][0xf7]F[0xd1][0xde][0x1b][0xc1][0xab]"[0x8f][0xb7][[0x10][0xe0][0xc4][[0x95][0x4][0x90][0xb9][0xa7][0xed]y9[0xa0]_R[0xd9][0x1][0xa6][0x18][0x8]p`[0xa7][0x5]|[0x9c][0xd0]'[0x9][0x1]4)[0xd6]<[0xf0].[0x1e][0xae][0xa8][0xe8]T[0xe][0xf7][0x2][0xd0][0xd6]n[0xb9]-x[0xb8]y[0xc5][0xf1][0xc7]0[0x1][0xac][0xac]n[0xf2][0x8d][0xc9][0xc][0xe4][0xa2]32b[0x1f]Qr[0xf9][0xd8][0x8][0xd0]S[0xa6][0x99][0xe2]xJ[0xf4]![0xd9][0xe1]gq[0x9d]3[0xb1][0x1][0xe6][0xa7]oP[0xed]_[0x94][0x12][0xbd][0xfb]G?[0xf5]v[0x8f]~[0xec]m[0xf5]v[0x8e]~[0xed]}z[0xf4]s[0xef][0x81]b[0x9b]?#[0x12]8[0xcf]dT[0xd2][0xd5]k[0x81][0xb3][0xae][0xb5]j[0x8e][0xe7][0xf8][0xfc][0xa6][0xff]x@<P[0xc8]-[0xaf]9e&[0x1e][0xe8][0x94][0xa1][0xb3][0x9e]H[0x1a][0xdf][0xfb][0xb6][0xf7]Yo[0xa7]w[0xbf][0xf7]X[0x94][0x5][0xe7]`Z$[0xa7][0xf][0xd0][0x1f][0xb][0x95][0x9]tD[0x93][0x7] [0xe8][0xee][0xf9][0xac]]@[0xac][0xf5][0xad][0x1d][0xc6])H[0xbe][0xe3][0xc4][0x99][0x3]t[0x8a][0x95]6;[0xa2][0x12] [0x9c][0x90]h[0x0][0xef][0x87]W#*[0x0][0xee]s[0x8c][0x8b][0xec][0x8e][0xb7]G[0xc8][0x1a][0x80][0x83][\r][0xf7]E[0xae])[0x12]*2HH[0x8b]s[0xe5][0xc2]W[*|[0xb5][0x97]TM[0x91][0x8c][0xe1]*V[0xf0]t[0xb4][0xcc][0x81]k[0xfd][0x8b][0xe]I>[0xba]K[0xfe][0xb][0xc6]-\[0xc9][0xa5]r[0xb9]l[0x96][0xaf]^[0xd1][0xaf]Ya?[0x96]t|[0xcc][0x3]8*[0xcd][0xa0][0xae][0xf9]T[0xda]0[0x18]Fyr<B*[0x1d]ia[0xb6][0x88][0xa3][0xfa]$}[0xe]5/[0x9b][0xc0][0xa5]?[0xb7][0x95][0x5] [\n]"
18:24:04.309 [main] DEBUG org.apache.http.wire - http-outgoing-0 << "[0xf7][0xfc]Euy[0x18][0xaf]J%[0x11]V[0xe8][0xc]&,[0x17][0xde][0x15][0xc1][0x15][0xfe]'[0x7][0xab][0xdf]qS[0x87]8[0x12][0x17][0x9e]O [0xd5][0xee]~[0xe3]31[0xb8]hH@[0x85][0xce]e[0xa2]ohX[0xe7][0x15]k[0x94]![0xb7]=R[0xe7]P[0xb7][\r].U[0xb5]^[0xe2][0xe2]k[0x5][0xd0][0x0]$[0xb4][0xa4][0x80]h]V[0xab][0xb][0x92]Z][0x98]R[0x12][0xed]Z[0xa6][0x90][0xbb]:[0x87]`[0xd9]n[0xaa][0xac][0xe4]Bq[0x9c][0xd2]r[0xdd][0xd4][\r]=[0x93]c[0xcb]@,[0xac]8[0x9b][0xa6][0xa0]9[0xd3][0x9b]e[0xa9];[0xf3][0xf9]4[0x13][0x9][0xcb][0xaa][0x9]4[0x6]W[0x94][0xc6][0x8f]Q[0x4]S[0xb2]3[0xac][0xc0]v[0xe2][\r][0x97][0xf6]/[0xa9][0x1a][0xc5][0xcb][0xf1]"[0xc6][0x8c][0xf8][0xf6]0[0xaa][0xd0][0xb0][0xfb][0x94][0xb8][0xa3][0xe2][0xde]G[0xf]q[0xe5][0xe7]w'[L[0xe3][0xa3][0xe8]{e[0xc8]M[0x83][0xd1][0xc5]<4[0x9f][0x1b][0xd6][0xc2][0x93][0xeb][0x1e]K@[0x8d][0xfc]Hx[0xcf][0xfa]sw[0x4]|[0xd5]A[0xe3]?^[0x18]^[0xe0][0x9b][0xf0][0x16][0xc0]J[0x92][0x1d]\[0xc7][0xec][0xee][0xff][0x0][0x0][0x0][0xff][0xff][0xdc]][0xcb]O[0x13]A[0x18][0xff]W6=i[0x82][0xa6][0xdb][0x96].{[0xc4][0xa4][0x91]l# [0xc2]An[0x3]l[0xec][0xf6][0xb5][0xeb]n{[0xa0]'[0xb7][0x8d]'[0x8f]*[0x1a]1[0x6]5D[0x14][0x13]J[0x88][0x8a][0xe0][0xe3]P[0xfe][0x80]YN[0xe2][0xb5][0x9][0xf1][0xcf]03[0xb3][0x8f][0x99][0xd9][0xd9][0xd2][0x82]^8[0xee]f[0x1e][0xdf]>~[0xdf][0xcc][0xf7][0xfb][0x1e][0xc3][0x2]6VR^[0x9b][0x15][0xd9][0xc1][0x13]\[0xac][0xdc][0xbc]YY[0x15]y[0xc0][0xf1]x[0xd3][0x86]ea$O[0x1b]%[0xb3]~[0x81]l[0xf]9[0x93]W[0xf3]\[0x18][0x1c]^[0xf4][0xe4],OU[0xe1][0xc7][0xa6][0x13]=[0xb2][0x8a][0xa2]f[0xd3][0x8c]KI[0x16]-[0x96][0xea][0x99][0xe8]=}[0xb6]y[0xfa][0xf2]c[0x1c][0xbc][0x3]N/[0xd3]f[0xef][0xd2][0xe0]%[0xa2]I[0xab][0x18][0x8c][0x91][\r][0xbb]9[0x18][0xba]e[0x8e][0xb7]*[[0xf5][0xf8][0xa0])[0xa1][0xb0]>[0xbc][0x92][0xae][0xf4][0xdd][0xed][0xbe]{[0xd8]o?[0xee][0xbb]O[0xae][0xe][0x2][0xb3][0x15][0xd9][0xa2][0x1a][0xb0]z{[0xf5][0x8][0xc9][0xe4];b[0x14][0x87][0xaf]![0x0]/[0xfa][0xc8]z[0x4]^[0x8b][0xf8][0x83]|[0xec]Z[0x94]w([0x98][0xc1][0x7][0xae][0x15][0x99][0x99][0xbf][0x9f][0xff]zw[0xf2]c[0x4][0xfb][0xb2]l[0x9d][0xed][0x1d]B0[\r][0x8][0xdd]N[0xac]S[[0x8e][0xb3][0xbc]Z[0x8c][0xe5][0xd5][\n]"
18:24:04.309 [main] DEBUG org.apache.http.wire - http-outgoing-0 << "C[0xd5][0xa9]E[0xb9][0xa4]"
18:24:04.309 [main] DEBUG org.apache.http.wire - http-outgoing-0 << "[0xd2][0x94]^5t[0xd1][0x89]~xX[0xa6]Jm([0x17]S[0xa3]Vt[0xb7][0xf7]^[0xd2]z[[0xb6]m\[0x94]B[0x92][0xd3][0xe9][0x9]6[0x87]C[0xc5]Ka&)w*[0xa1]d[0xad],[0x9f][0xeb]x[0xc0][0xd8][0xb2][0x18]<+[0xcf](e[0xfe])[0xa3][0xa4][0x15]XF[0x89]L{[0x9][0xeb][0xd5][0x86][0xef][0x93]@9[0xb8]"P[0xe][0xae][0x98][0x15][0xf9][0x1b][[0xa8]6[0xa4][0x94][0xc2][0xd6]KL_[0x82][0xed][0xf0][0xab]U[0xe9][0xab][0x12][0xd3]2X[0x94]wG[0x8a]3+[0xeb][0xa3]U[0xa9][0xd5]L{%q[0xb1]3[0xe3][0xd0][0x9e][0x89]A{FH[0xf9][0xf0][0xb1][0x9f][0x93][0xb5][0x9a]0[0xce][0x2][0xf]8[0x5][0x9c][0x92]^3[0x1a][0xba][0x84][0xf6][0xb0]+f[\r][0x83];[0x90][0xc]T[0xaf][0xdd][0x2][0xb5]*[0xa8][0x80][0x12]rY-[0xd8]+[0xcd]:[0xf6]X[0xa1][0xab][0xa9]#[0xd7])[0x19]5[0xe2][0xc1]:?#[0xa4][0x8e]geE[0xce][0xb0][0x8c]Pz[0xc][0xad][0x94][0xec][0x1a][0x89][0x85][0xa2]-[0xca][0x9]5[0x9b][0xcb]0[0xd5]%sC[0xbb][0x85][0x91][0xd3][0x9b]Pf[0x91]CX[0xe8][\n]"
18:24:04.309 [main] DEBUG org.apache.http.wire - http-outgoing-0 << "~[0x8b]jc[0x8][0xc2],r[0x3][0xe][0xc][0xd4]f[0xe8][0xdd]o [0xb7][0xc0][0x1d][0xbc]s[0x1d]m[0xf6][0xfe][0xb3];8[0x11]pD[0xb0][0xc8][0xbc][0xc]$[\r]Q[0xe7]7[0x88]H[0xdc]-[0xec][0xbd]y[0xd0][0xef][0xec]E+i[0xd4]i)[0xe8][0xd4]{S[0x8f][0xec]L[0xfa][0x6][0x1][0x1d][0xe9][0x11][0xd9][0x9a][0xe1][0xef][0x16][0x10]8[0xe4][0x8d][0xf][0x8d];[0xd3][0xbe]Dn^[0x4]jJI[0x14]A[0xb]TJN#IQTZ[0xa8]$[0xd2][0xf1]:[0xec][0xc2]/1[0x95]Q\[0xe4]UFqrQ[0xa0]20[0xab][0xa9]([0x9c][0xda]@[0x93][0x8a]"[0xc6][0xf1][0xa8][0xb7]A[0xb][0xdc][0xf7][0xc5][0x82]/[0xd0][0xec][0xb0][0xeb]=[0xf4]\[0xaf][\r][0xbb][0xf0];[0xe7][0x10]f[0x1e][0xe2][0xd8]o}[0xbc][0x1e][0xb4][0x96][0xe0][0x6][0xfc][0xe4][0xb9][0xf0][0xa7][0xd7][0x81][0xbb][0xf0][0x10][0xee][0xc3][0x3][0xd8][0xf5]\[0xef][0x11]=[0x8f]4[0xa7];h[0xc4][0xde]N[0x5]8G[0xe8][0x0]OQ/)A[0x16][0x87][0xc4][0xb1][0x3]Z[0x94]3TV[0x98][0x14]/[0xd8][0xd9]+[0xca]x[0x96]=[0xf4]&[0x87][0xc2]S[0xf3][0xfc][0xbe]>[0x9a][0x8d]"[0xb2][0x95]LN[0xa5][0x93][0xd0]2[0xaa][0x98][0x8][0x1b][0xa7][0xc2][0xd6][0xf3][0xe2][0x94][0xee][0xb1]T[0xf1]&[0xfa][0x1a]s[0xb]w[0xfc]@1T?[0xf0]FL[0x93][0xc5][0xdf][0xb9][0xc0] H[0xb6][0xe6][0x8b][0x8b][0xf3][0xf4]a[0x88][0xe1]3I[\r][0xbd]~[0x8f][0xce]tA[0xbb][0xa9][0xc1][0xc7],V[0xf8]c[0x16][[0xfc][0xc8][0xbc]:#[0xff]6[0x92]][0xf2][0xda][0xde][0x1a]<[0xf4][0xd6][0xf8][\r][0x89][0xcd][0x85][0xb8][0xd8]M* m[0xae][0xe9][0x88][0xc2][0xe3][0xe1][0x86][0xd7][0xf1]\[0xcf][0x85][0x7]p[0x1f]~M[0xd6][0x92]E[0xe0][0x80][0xe5][0xe0][0xdf][0xc5]j[0x12][0x89]Y6[0x9c]F[0xef]uhj0?[0xb8][0xbf]G[0xd9][0xee][0xb7]?[0xf7];O[0x11][0xd7][0x8d]x[0xb9]Pc[0xe2][0xb6][0x86][0xdf][0x96]D[0xbe][0xa2][0xbc][0x89]F[0x8c]l[0x10][0xee][0x1e]V[0x9c][0xa8]g(J)[0x98]7[0xb8]Ard[0xda][0xa8][0x80][0xd3]I{[0xe4]|[0xd6][\n]"
18:24:04.309 [main] DEBUG org.apache.http.wire - http-outgoing-0 << "h[\r][0xc3][0xd4]qT[0x1d][0xc0][0xa1]~[0x85]e[0xb3]n[0xa2]`[0xcd]$[0xce].U[0x98],,[0xa4][0x6]1wH/[0xd1]ZO[0xaf][0xaf][0xf2][0xbc][0xdd]_[0x0][0x0][0x0][0xff][0xff][0xdc]][0xcb]N[0xe3]0[0x14][0xfd][0x15]>[0x80]A[0xb8]M[0x93]vO[0xc5][0xc3][0x12][0x12]C[0x11][0xd2][0xec][0x1c])"[0xa6]HE}`[0x95][0xd5][0x8]6[0x8]Fb[0xd6][0xec]f30[0x95][0x10]B,[0xe8][0xbe]?[0x90][0xee][0xa8]X[0xf2]#[0xc8][0xaf][0xe4][0xc6]vh[0x19]F[0x3]b[0x87][0x9d][0xc4]v[0x83][0xce][0xcd][0xf5][0xf1][0xbd][0xe7]j[0x83]goz[0xb0][0xb5][0xe9][0xc1]u[0xa7]~[0xbf][0x99][0xdd][0xba]Nh[0xbb][0x15][0xba]2[0xe6][0xc4][0x90]9[0x13][0xa6]V[0xb4]FD[0xf0][0xe9]\[0x9f][0xa8][0xae][0xa9]q[0xee])C[0xe0][0x8a]s[0xf7][0x82]R[0x5][0x19][0xc2][0xfd][0xdc][0xf9][0xb1][0xc][0x9][0x9f][0xb][0xd4][0xca][0xaa].[0x96]}[0x10][0x11][0xe7][0x5][0xb][0xc1][0x8c][0xae]O[0xbd][0xb1][0xc2][0xdd][0x1d]A[0x7]m[0x8a][0xd2]W[0x8d]o[0x9c]W[0xdf]Z[0xb6][0xb3][0xe2][0xf4][0x8f]6=[0x9f][0xe2][0x0]S\[0x7][0x87]`r[0xd1]s[0x9d][0x98][0x8a][0x17][0xb]=[0x9f][0xcd][0xf8][0xbf][0xed]V:[0xcc][0xd0][0x8d]aP7[0x86][0x91][0x98][0xee]Y[0xd9]u[0x98]v[0xd4][0x85]b[0xbb][0x10]I[0x97]F[0x9a][0x84][0x8][0xb8]M[0xfa][0xad]);p[0x9b][0x17][0xed][0xd7]W[0x5][0xf2]7z[0xa3][0x1]p[0x95]6z[0xa3]?[0xc0]Q[0xd2][0xa3][0xc6]jT[0xc0][0xc7]s[0xd9][0x87]W1[0xf1][0xcd][0xe8]Sj[0xf6]s[0xa0]C[0xbb]A[0xdb]4$Er[0xb4]M;[0x97][0x6][[0xb9]4x[0xd5][0xb5][0xa9][0xf2][0xab][0x6][0xe3]/[0x13][0x5][0x1b][0xa4]M[0x98][0xd3]GZ5[0xed]G[0xb6][0xb2][0xaf]4$![0x17][0xde][0xa5]Y[0xef][[0xea][0xef][0xa1][0xb2]g[0x18][0x10]-:;[0x8f][0x2]+x[0xfd][0xb]X[0x89][0xda]F!4[0xbd][0xf0]^)sFP[0x19][0xfc]=[0xbd][0x9c]%[0x98]/oGJ5[0xff][0xdf][0xe8]N[0x16][0x97][0xf7][0xd1]s[0x90][0x93][0x7][0xf0]*[0xa4][0xd9][0xc8][0xda][0xd2]rdme<[0xae][0x85][0xfc][0xc5]O 3[0x5][0xee][0x9][0x8d]g[0x94][\r][0xe1][0x1d][0xa3]_[0x99][0x1a]-[0xb8]#6[0x9e]P[0xb6][0x84][0xc7][0xca]<[0xfe]x[0xb8][0xe2][0xe8]}[0x5][0xe1][0xd1][0xa4][0xd3][0xcf][0xcc]9[0x9c] @{[0x8c][0x88][0xa3]R[0x17]<[0xed]j[0x1a][0xd8][0xaa][0xa6]![0x83][0xb8]m[0xce][0xc3]Hu[0x93][0xf3][0x14][0xd5][0xd5][0x13][0xc3][0xa6][0x81].[0xe9][0x9a][0x96][0x8][0xdb][0x93][0xb1][0xee][0xaa][0xeb][0xef]I[\r][0xf]U[0xcb]~[0x5][0xd6][0x85].[0xd5][0x16]*[0xf3]^[0xc5][0xc]s[0x91]3e`DA[0x15][0xcd]PR[0xab]0[0xd4][0x9d][0xb3][0x19].[0x1e]cr<9[0x99][0x9c]>[0xc][0xec][0xaf]9z[0xe1]k[0xbe][0xbd][0x4]C[0xc5][0xc5]J[0x9d],[0xc6][0xe4][0xf8][0xdd]X[0x8c][0xf4][0xbf]'[0x11][0xa5][[0x12]O-[0x16][0x8d]n[0xba][0x19][0x9c]n[0x9e][0x8e]~?[0x1d]][0xca][0xec][0xb4][0x14]Q[0xfa][0x19][0x89]'[0xdd][0xda][0xcf]][0x93]HjE,[0xa2]i[0xca][0x19][0xee][0x1d][0x90][0xdd].[0xf8]$s[0x9][0xfc][0xc1][0xec][0xf0]a[0xdd]O[0xc4][[0xe0][0xad][0xed][0x1c][0xd0][0xfb][0xed][0x9d][0xfe][0xe1][0xb][0xbc][0x85]]c[0xf][5[0xf6][0xe4][0xe6][0xd6][0x2]{[0xcd][0xb7]J[0xe7][0xc4][0xcd][0xc8][0xa5]P#[0x86]L.[0x92][0xe1][0xf8]{r[0x97][0xc][0x93][0xfb]d8>[0xe7][0xbb]f[0xb1]"
18:24:04.309 [main] DEBUG org.apache.http.wire - http-outgoing-0 << ":[0x18]7[0x93]\[0x8c][0xcf][0xf8]M[0xe3][0xb3][0xe4][0xbe][0x88][0x8f]x[0x6][0x0][0x0][0xff][0xff][0xdc]][0xcd]s[0xdb][0xc6][0x15][0xff]W8[0xbe][0xa4][0x7][0xd9]#[0x2][0x4]H[0x1e])KV[[0x81][0xb1]F_[0x13][0xe7][0x6][0x90][0x8][0x9][0x13]$8[0xf8]`-[0x9d][0x1c]YI[0xd4][0xc6]m&m'i[0xa7][0x99]v|Hc)U*[0xc7][0xca][0xd4]Q[0xe2][0xe4][0xa0][0xfa][0xce][0xdc][0xc4][0xe6][0xe2][0xa9][0x1c]5[0xfd]/2[0xbb][0xd8][0x5][0xde]~[0x80]"[0xcd]Zq=[0xe3][0x91][0xb5][0xf8]X, [0xbc][0x1f]v[0xdf][0xfb][0xbd][0xdf]{[0x1b][0x9e]I=[\n]"
18:24:04.309 [main] DEBUG org.apache.http.wire - http-outgoing-0 << "[0xc1][0xfa][0x4][0x8e][0x4]}[0xba]P[0xe4]b[0x1a][0xe8][\[0xe4][0xd3]\[0x17][0x1c][0xbf][0xd1]t6@[0x1a]|[0xb9][0xac][0xe5][0x19].[0x8d][0x94][\r][0x97][0xed]6[0xc0]~[0xa0][0x95][0x9f]/d8[0xc][0xe0][0xe3][0xc8]t[0x19][0x14][0xf2][0xc5]l[0xe8][0x98][0x87][0xb][0x81][0xe4]epr[0x81][0xd7][0x86][0xe0][0xf1][0xcd][0xeb][0xc3][0x91][0xa3][0xb5][0xce]9[0xc][0x1c][0x9f][0xef][0xf7][0xc2][0xb0][0xb1][0xbf][0xd5][0xdf]?Wo[0x81][0xe3]7[0x9c][0xc0]a[0xdc][0x5][0x8e][0xdf][0x88][0x9c][\r][0xce]a[0x10][0xff]A[0x1d][0xd6]e[0xb0][0x87][0xdc][0xab][0x9b][0x9f][0xb0]_{x[0x1c]Y4[0xe0][0x1e][0x19]w[0x1][0xd9][0xb6][0xc1]9[0xc][0xd0]h6[0x80][0xa7]5[0x1e][0x1e][0xeb]/[0xb8]7[0xd8][0xfc][0xf6][0xf6][0xf1][0xa7][0xe3]{[0xc][0x1a]?[0xae][0xc7]`[0x9e][0xf1][0x18][0x18][0xa6][0x97][[0xb4][0xbd][0xae]k[0xbf][0x14][0xe4]f[0xed][0xb6]WC[0x2][0x1d]5h[0xe2][0x12][0x14]rEiiC[0x90][0x96]6*W[0xa5]*[0x92][0x1c][\n]"
18:24:04.309 [main] DEBUG org.apache.http.wire - http-outgoing-0 << "[0xad]9v[0x7]U%[0x90][0xb1][0xf5]p[0xa7][0x86][0xe9][0xc5]?[0x83][0xf8][0xbf][0xb3][0xc6][0xbb]l[0x86]MT[0xd5][0xd6]D[0x93][0x92]E[0xf3][0x86][0x19]6[0x9d][0xae][0x19][0x9a][0xe]n[0xdc][0xf0]:9[0xd4][0xe3][0xa4]z[0x1c]z[0xa1][0xac]p[0xeb][0x7]4[0xff][0xc8]O[0xf3][0x18]d[0x98][0x1e][[0xb4]B[0xd5]K[0xd0][0x8d][0xa9][0xea]r[0x1f]DQ[0xc4][0xa0]X[0x99]g[0x1][0xab][0xf6][0xc7]x[0xb4][0x82][0x93][0xef][0xd7]^[0x16]3][0x1f][0x1f][0xee]>>[0xfc][0x13][0xfe][0xf7][0xe1][0xe3][0xc3]O[0x1f]c[0x91]c[0x1e][0x87][0xb2]][0x97]Fe[0x1][0xaa]N{[0xb9][0x96][0xd3]e[0x89]}{g[0xc8]X{[0xbc][0x8c][0xb5][0xc7]t([0x8][0xf3][0x1c][0xfe][0x19][0xf]s[0x17][0xff][0xa4]C[0xce][0x4][0xc][0xf2]:`[0xa4] [0xbf]c[0x80] [0xbf][0x93][0xb8][0xcb][0xce][0xc9][0xe6][0xee][0xc9][0xe6][0xe7]O[0xe][0xf]O[0xf7][0xdf]=[0xdd][0xf7][0xc9][0x83]/[0xf8]DWz[0x86][0x5][0xce][0xee][0x82][0xed][0x18][0x10][0xc8][0xef]MpL[0xc][0x3][q[0x95][0xae]1tf][0xd3]{NT5[0x90]}2H[0x10][0xf6][0xb2][0x14]u[0xdc][0x9e]h[0xef]k[0x82][0xbd][0xaf]Iy[0xb9]E[0x8e]D[0xb4][0xe4]4d+[0xdc][0x1f]\[0xf9]'[0xe3][0xc1][0xbf]\7[0x3]j[0xe3]-sbFDY[0xcf][0xeb]l&[0x1c][0x96][0xb5][0x14]M[0x17][\r]!5][0xbd][0xa0]ie[0xc6]r[0xf5][0x11][0xb9][0xf4]3[0x6][0xb2][0xdc][0xb9]e[0xb4][0x8]3VVI[0xe8][0x81][0xb7]Yr[0xa7][0xa2][0xa1][0xe])[0xb1]5[0xa1][0xd8]|[0x8f][0xb7][0xd2][0x1e]#6[0xdf][0x93]|[0xd3]][0xb4][0xd9]~t'[0xca][0xf5]L[0xd7][0xab][0xf][0x11][0xc8]1[0xec]0[0x84]yn[0x86][0x1d]z[0xc0][0xe1][0x87]v{L[0x9c]t[0x7][0x89]_[0xa0][0x2]|[0x89][0xdb][0x8f][0x1c][0x93]x[0xfe][0xc];<:[0x0][0xae]?[0xd4][0xbe][0xf]|[0x86][0x1d][0xc2],[0xb7][0xf4][0x89]R{[0xdd]E:8c,[0xd6][0xdd][0xde][0xb9]Rq[0x8d][0xca][\n]"
18:24:04.309 [main] DEBUG org.apache.http.wire - http-outgoing-0 << "c[0x94][0xb6]ev[0xbc][0x8c][0xb5][0x80]k[0x89]V9#X[0xe5][0x8c]TTB[0xe7][0xac]r[0xc6]v[0xfc]H[0xa6]![0x8b]{[0xc4][0xc3]@d6[0xf0][0x99][0xad][0xb8][0x17]I[0xaa]{[0xcc]l[0xa8][0xb8][0x17][\r][0xc7][0xea][0xfc][0xf3][0xf5][0xce][0xa4][0xcc][0x6][0xad]\[0xe2][0x12]UU5[0xe5][0xcd][0xab][0x9a][0x9c]7O[0xc7][0x8][0x88][0xbc][0x5]m[0x84]D8[0x89][0xb5][0x12][0x82][0x83][0x84][0xda]0[0xd8]:[0xbe][0x8b][0xcb]zH[0x88][\r]J6[0x81][0xc9][0x80][0x4][0xa6][0xe4]a[\n]"
18:24:04.309 [main] DEBUG org.apache.http.wire - http-outgoing-0 << "\[0xa4][0xc1][0xd6]%[0x94]zq[0xae]i[0xee][0xcf][0x86][0x94]d8[0xf4][0xbd][0x8d][\r][0xff]h[0xcf][0x8a][0x8b]&[0xc4][0x86][0x8f][0xf6][0xa6]V[0xff]7[0xe4][0xa9][0xbb][0xf5][0x1b][0x10][0xeb][0x8b]OOl>9;6[0xf9][0xa4][0x19][|r[0xa9][0xa6][0xcf]4[0xa9][0xc5][0xd3]?[0xd8][0xc8][0x16]ou^ [0xff][0x82][0xf1][0xb3][0x19][0x16]P[0x2]/[0xc4]R[0xdf]2@[0x11][0x15]p[\r]A[0x1][0xd7]X[0x96]M[0xeb][0x15][0x9d][0x9b][0xd6]W[0xcd][0xc0][0xf6]euyq[0x8f][0x80]4[0x95][0x8e][0xa8][0x1a][0x5]^[0xce]3[0x93]-g[0x86][0x8]SY[0x1a]i[0x15][0xde]R[0xb9][0x90]/[0x17][0xa0]^[0x1e]v&*%>y[0xd6][0xa3]#[0xa0][0x19]7[0xaa][0x6]di4E[0x96][0x1] [0x5][0x8e]W+W[0xc4][0x8f]zr<^d[0xbb][0xf1][0x8d]e[0x3][0xe2][0x5][0xee] [0xe7]z[0xd8][0xdf][0x9][0xeb]>[0xa4][0x1e][0xfc]W+K[0x82][0x1a]#[0x9]D[0xf9]&[0x8b]2K[0xe7][0x17]B[0xe4][0x92]{[0x2]/[0xe4][0x6][0x89][0xfe]x[0xcb][0xf4][0xf1]0[0xc5]w[0xc8]S[0x1b]2[0xb7][0xa0][0x8f][0x95]L-h[0x93]L-h3[0xc1][0x98][0xcd][0x87][0xc0]w[0x99][0xee][0xb7][0x92][0xc3]S[0x80][0xa1]-2[0xa3][0xa0][0x87]6[0x99]C)[0xbc][0xdc][0x1f]l[0xa3]I[0xc5][0xe8][0xf0][0x12]x/bD[0xd1][0x98]c[\n]"
18:24:04.309 [main] DEBUG org.apache.http.wire - http-outgoing-0 << "[0xf5][0x1a][0x8e]E[0xf4][0xc6]e8#[0xaa]a[0x19]K[0xe2][0xc4]E[0x16]PTTn[0xe2]R[0xf5]:[0xbe][0xd7][0x93][0x16][0x9f][0xc0]}2K[\n]"
18:24:04.309 [main] DEBUG org.apache.http.wire - http-outgoing-0 << "2[0xa8][0xc9]4[0xf6][\n]"
18:24:04.309 [main] DEBUG org.apache.http.wire - http-outgoing-0 << "z[0x9e][0xd3][0xe1][0xd4]/iS[0x17][0xcb][0x1c][0xaa][0x90][0x8b][0xc1][0x2]3y[0x95][0x91][0xe0],[0xc9][0x9c][0x8f][0xd2][0xaa][0xde][0xb1]P[0xe1][0xb2]1'[0xa2]K[0xf2][0x9c]9tQ[0xb3]i[0x96][0xc6][0x12][0x8]O[0xd0]a>'[0xa1][0xbe][0xf4]~b[0xb3]N[0x9a]t[0xe2]@[0x9a][0xc4][0xac]wOn[0xfd][0x91][0xcd][0xdd]K[0xf][0xb1][0xc8][0x19]G;@[0xe9][0x1e][0xb4][0xe9][0xec][0x81][0x1c][0xde]L/[0x0][0x17][0xc]8[0xbe]wo,[0xce][0x80]k[0xf9]/[0xa4][0x85][0xcf],q[0x16][0x9e][0xc5]5r[0xc5]J[0xdc][0xc6]5[0xd1][0xbe]e[0x9][0x16]J[0x9e][0x97][0xbb][0xf3][0x9d][0xae][0xe7][0xca][0xb8]F[0xb8][0xcb]$[0x1a]I[0x87]C[0x82][0x91]q[0xf3]LCO[0xfc][0x4]RK[0xd7][0xd5][0x12]g[0xe9][\n]"
18:24:04.309 [main] DEBUG org.apache.http.wire - http-outgoing-0 << "V[0xdc][0xe5][0xe5][0xb8][0xf1][0xc5][0x80][0xa1][0x17][0xb5][0xb2]V[0x98]~[0x9a]d[0x89][0xb][0xb3][0x98]T[0xb4]r[0x19]Yh[0x9c][0x80][0xff][0xf2][0x1c]^[0x8c]`[0xb9][0xe2][0x95]U"
18:24:04.325 [main] DEBUG org.apache.http.wire - http-outgoing-0 << "[0xb1][0x1c][0xcd][0xbf]o[0xbe]3[0xd8][0x1a][0xfc][\n]"
18:24:04.325 [main] DEBUG org.apache.http.wire - http-outgoing-0 << "O[0x1b]%>[0xbe]!E*[0x8d]k,[0xe][0xac][0xcb][0xb8][0xd6][0x83][0xad][0xf3][0x90][0xde][0x1a][0x2][0x7][0xeb])[0xd1][0xda]p,[0x6][0xb][0xd6]m[0x6][0x9]~[0xc7][0xc2][0x0][0x0][0x81][0xa3]=[0xb]@[0x0]mQ[0x0][0x0][0x8e]~[0xd4][0xe2][0xad][0x1c]g[0x81][0xb5][0xfe][0xe2]X[0xfe][0xd4][0xff][0xe5]rg[0xa6][0xc2][0x82][0x94]]k[0x86]v'[0x8]m'[0xcb][0x8b]"[0xb2][0x9b][0xc][0x81][0xdd]d`[0xd1].![0x1b]L[0xe1]4[0xbf][0xd6][0xcc]z[0xb4]![0x83]*[0xd4]![0xae][0xc0][0xed]tM[0x97][0x94][0xcd][0xe2][0xc7]v[0xe5][0xe8]K?[0x8][0xed]N[0x18][0xb5][0xb9]}g[0xba];[0xe9]|E^[0xf6][0xa3][0xa8]+*[[0xc2]G![0x89]_S[0xe5]K[0x9a][0xd4][0x97][0x2]/[0xf]S[0xc0][0xf4][0xa7]C[0xb5]X[0x88][0x0][0xc9][0xe][0x88][0xf3][0x17][0xf6]![0xf0][0xe8][0x95][0xed][0xf8][0xbc][0xfc][0xd3]+[0x90][0x8f][0xe8][0x4][0xc1][0xf8]Z[0xc0][0xcf][0xa2][0x16]%G[0x4][0xb9][0xd8][0x8d][0x4][0xc1][0xd8][0x8d])[0x92][0xfd][0xf6][0xe4][0xd6][0x9b][0xb8][0x8c][0xcf]?P[0xb9][0xbc][0xcd][0xaf]c[0xd1][0xf0][0x14][0xdb][0xd8][0xf3],Ygd[0xb6][0x13][0xe0]M[0x4][0x7][0x8][0xe0][0xb1][0x7][0x12][0xdc]C[0x9b][0x1e][0xdd][0x9][0xcd][0xeb][0x1d][0x6][0xfd]>9[0xde][0x1d][0xbc][0x89][0xea][0xd9]~t|[0x80][0x2][0x9d][0xdf][0xde][0x1e][0xc7][0x93][0xe2][0xd8]?rI[0x11]d[0xb7][0xc][0x1c][0x84][0xcd][0x88][0x90][0x4]eP [0xca][0x8f][0x18][0x82][0xfc]H[0xec][0xbe][0x17][0xc3][0x1c][0xd3]|X[0xd3][0xed]8[0x91]L3[0xc]w[0xc9].K[0xd2]Q[0x19][0x8e][0x1d]F=/[0x0]L[0x89]I[0xa3][0x1d]J[0xa9][0xa8]([0x8c][0x1f]DC[0x89][0x9c]JA[0x98][0xc5][0x90]a[0x80][0x80][0x87][0xa6]2[0xa1][0xca][0xe2][0x98][0x1][0x8f]8$[0xb4]x[0xd5][0xc8][\n]"
18:24:04.325 [main] DEBUG org.apache.http.wire - http-outgoing-0 << "x[0xe0][0xbb][0x95][0xac]^[\n]"
18:24:04.325 [main] DEBUG org.apache.http.wire - http-outgoing-0 << "[0xcf]Jo[0xc4][0xe5]\[0x12][0xae][0x3][0xab][0xeb][0xc2]'[0xc0][0xc6]<[0xf0]@[0x9d]G[0xf7]s-[0xd3][0xb5][0x86][0x85]<[0x9c][0xd0][0x8c][0xe0][0x8c]%[0x8c]`j[0x18]i[0xb3][0xf3][0x96]m[0xa4][0xf0][0xc7][0x90][0x9d][0xc1]i[0x16]=[0x8d]I[0xe][0x83][0x1b][0x88]U[0x87]^[0xf4][0xb][0x1b][0x18]t[0xd8]c[0xe7]1[0xbb][0x83]m[0xe4][0x6][0x1d]g6[0x13]F[0xe7][0x1a][0xfa]XYel5[0xba]a[0xb7]-/[0xf2]3*Y[0xba]b[0x9]=C([0xa1]g[0xac][0xbe]"[0xd5][0xea][0xe4]R=[0x99]k[0x9][0xf6][0x8a]z[0x9d]G^[0xb4][0xdc]lTk[0xc6][0xdf]nx[0x2][0xde]w[0x11][0xed];[0xda]A[0xd9][0xdc][0xdc]N[0xef][0xe8]/M[0xdb][0xdf][0xf0][0x1a][0xf8][0xc3][0x8e][0xf7]%[0xbb][0xa2] [0x0][0xfb][0x8e]>[0xe]7l+[0xb2][0xfd][0xc6][0x84][0x9f]|[0xad][0xa8]+|[0xca]wQ[0x9b][0xd2][0xe5][0x19][0xdf][0xe9]x[0xc1][0xa7]^[0xd1]J:#[0x1d]\[0x1a][0xf1][?3g$[0xa2]C[0xb3]s"[0xab][0x92]y:[0xbc][0xd9]?+5[0xd0][0xe7][0xa5][0x80]5[0xdb][0x93]kq`[0x14][0x82][0xac][0xae][0xf4]9I[0xfc]([0xe0]U[0xb1][0x87][0xcf]F[0xc0][0xfb][0x16]#[0x12][0xdd][0x90][0xfa]J[0xe1][0x1f][0x84][0xa0][0xd2][0xc7][0x98][0xf3][0xf9][0x5][0x96][0x1b]}/n&[0xd8][0x14][0x5]A[0xda][0x83][0xe5][0xf3]}[0xc6][0xf8][0x4][0xb7]t\n 1BE[0xad] [0xd9]B`j[0xb0][0xfd][0xaf][0x1d][0x9c][0x88][0xf5][0xc6][0xf1]]T[0xc1]w[0x8c][\n]"
18:24:04.325 [main] DEBUG org.apache.http.wire - http-outgoing-0 << "[0x9d]nt[0xe3]\[0xc1]j[0xf5][0x15][0x8]VU[0xb3]ff[0x4]U[0xda]bJzUHI[0xaf]V.K[0xb9]R[0xdc][0xfa]B[0x82]N[0xb8][0xaf][0xd3][0xaf][0xee][0xff][0xf7][0xfd][0xbb]Xt[0xb4]fz[0xb9][0xe5][0xae]]s[0x10]s[0xb2][0xde]v:[0xe]J[0x2]@[0xaf][0xe])[0xc4][0x84][0xe0]+l[0xda])[0x8b][0x8a])V[0xd2]t[0xf0]j[0xf0][0xc9][0x83][0xbd][0xef][0xdf][0xf9]{[0xcc][0x9b]![0x8c][0x99][0xf][0xde]FWy[0xef][0xe6]~[0xf9][0xf9]w[0xdb][0x1f]~[0xe7][0xf6][0xe9][0xef][0xbf][0xfe][0xee][0xd7]7[0xf1]\[0xa6][0x11][0xaf]/[0xe1][0xe5][0xcc][0xdc]\@[0x86][0x81]u(kf[0x94][0xab][0x9b]9P[0xf7]{[0x11][0x3][0x96][0x8f][0xb6][0xc6][0x97]}z[0xc9][0x18][0xbd]P[0xce][0xf3][0xf5][0x81])[0xd4]M[0xe5][0xf3][0xea]%M[0x1b]Z[0x1f]X[0x1d]aY3bu[0xe0][0xf8]!I[0xa0]-;[0xda]S[0xbd][0xba][0x8][0xb5]Ek$:l[0x86]f[0x8d])r[0xb8]8[0x1c][0xe3][0xfe]g[0x15]}Y[0x90][0xea]r3[0xa6][0xae][0x7][0x98][0xa4][0x8b][0x9e][0x1f]F[0x8d]H[0xd2]3[0xd9]s[0xb4];$JL[0xad][0x6][0x3][0x13]m[0xbc][0xe6][0x83]F"[0x82][0x8a][0xd2]Bw)[0x4][0xd1][0xbd][0x16]=4[0xa2][0xb8]C[0x1b][0x1d][0x17][0x1c]FJ[0x98][0xb6][0xcc]4l[0xf3][0x6][0x92][0x8b]B[0xcc][0xad][0x91][0xf1][0xa5]m[0xd6][0xc6]R[0xa9][0xa8][0x9a]5[0xbb][0x8e][0x98]+[0xb9][0x9f] k{[0xcd][0xf3][0xdb][0xb6][0x9f][0xbb][0x16]5[0xbc][0xc0]5{#[0x94][0xc]i[0x8b][0x95][0xba][0xab]B[0xa5][0xee][0xea][0x82][0xac][0xc6][0xa1]Z[0xe2][0xc4][0x10][0x97][^[0xf7][0xba][0x8c]`[0x89]{[0x84][0x0][0x90][0xc][0x9b]$[0x8a][0xf3]i[0xe2][0x1f][0xf4][0xf7][0xfb][0x87][0xfd][0xcf][0xfa][0x7][0xfd][0xaf][0xfa][0xf][0xfb][0xf][0xbe][0xf9]CR[0x9d]DeZ+ij[0x99]%s't[0xf]E[0xe1][0x96])[0xc9][0x8][0x1][0xa5]R+[0xe6]a[0xf1]"u[0xf4]b[0xc3][0x98][0xde]23[0x8f][0xe6][0x16][0xf3][0xb8][0xa0][0xdd][0xc2][0xd5]eRrX[0xe0]v[0xcb][0xee]][0x90][0xb1][0x99][0xce][0xe6]vWa[0x15][0xf0][0xf4]6ru[0x9b][0xf3][0xb9][0xf6][0xf][0xfa][0x9f][0xf5][0x1f][0xe][0xb7][0xf6]6[0x97][0x11][0xde]n[0xd5]e[0x9d][0xb][0x84][0xec]/[0xe1]M[0xc4][0xc4][0xec][0x1c][0xba][0x13][0xc4][0xf1][0xef][0x1f][0xe][0xb3][0xd5][\r][0xdc]e[0xba][0xb6][0x81][0xaf][\n]"
18:24:04.325 [main] DEBUG org.apache.http.wire - http-outgoing-0 << "5[0xda][0xa3][0x9d][0xba][0x17][0xfb][0x1a]R[0xcb][0xbd][0x87][0x8b][0x9d][0xa1][0xe5][0xcd][0xe9][0xfb][0x1f][0x9d][0xdc][0xfa]+[0x16][0xa0]9[0xa0][0x95]G[0x90][0xd3]V[0xe0]d[0xc2][0xae][0xa9][0x91][0xdb]u[0x86][0xf8][0x15]o[0x81][0xd4]/zR[0xea][0xcd][0xad][0x9a]-[0xbc]%[0xf5][0xe8][0x8e]n[0xee][0xad]Q[0xaa] ^f}[0x17]4cA[0xea][0xc3]h[0xf8][0xb6][0xdd][0xb6]qA[0xe9]q&[0x1a][0xe8][0xa5]a`[0xa5]n6[0xcc][0xa0][0x86]_[0x18][0x19]j[0x88][0xf9]!U!?[0xa4]:;/[0xa5]pp[0xa1][0xd5]J[0x7])YtL[0xdf][0xe9][0xc9]T[0xdf]p[0xbf],v[0x80][0xb1]-[0xd9]][0xf][0xbb]/:/9t[0x8f][0xd3][0x8a]C[0x3]\[0x5]4p[0xde]dY[0xe1][0x8a]RP[0xb][0xaa][0xae]2[0x94][0xf][0xf4]i/[0x14][0x5][0x10]q[0xd1]%[0xd7]Afxq[0xba][0x0]e[0x1f][0xb]r[0xe1]8[0xf5][0xcc][0xbc]M[0xee]^[0xb9]i"
18:24:04.325 [main] DEBUG org.apache.http.wire - http-outgoing-0 << "[0x80][0x96][0xed][0xd8][0xa8][0xce]W[0xa0][0x5][0xc7][0x3][0xcc][0xa1][0x92][0xe1][0xfe][0xfa][0x85][0x1f][0x0][0x0][0x0][0xff][0xff][0xec]][0xcd]o[0xdc][0xc6][0x15][0xff]W[0x88]\[0x9a][0x83]%,w[0xb9][0x1f]:[0xae]%[0xf9][0x3][0x16]e[[0x1f]v[0x9c][0xa2][0x87][0xd9]]j9[0x12][0x97]\[0x93]\[0xc9][0xf2]I[0xb6][0xe2][0xa6]mj[0xa0]@[0x81][0x2][0x5][\n]"
18:24:04.325 [main] DEBUG org.apache.http.wire - http-outgoing-0 << "[0x14]N[0x8a][0xd8][0x8a][0xe3][0x1a][0xae][0x93][0xa0][0xa8]S[0xfb][0xb0]6P[0x14]=H79[0x5]t[0xd1][0xa5][0xf9]/[0x8a][0xf9] [0xf9][0xe6][0x83][0xfb][0xe1]ml[0xc7][0xe8]I[0xe2],g8[0xc3][0xdd][0xdf][0x9b][0xf7][0xde][0xbc][0xf7]{@:[0xd4][0xc3][0xd7]g[0xeb]t[0xda][0x92][0x94][0xf1][0xda][0xea][0x1c][0x95][0xd1]p[0xec][0xf8][0xdb]F'[0xf9]x[0x80]L[0xa1][0xaf]j[0x83][0xfe]`[0xb8]L[0x1]?!.T@K[0xc6][0x89][0xbe]CJ[0x9c][0x13][0x8a][0x88][0xfb][0x80][0xb]Y[0xb8][0xb7][0xa1][0xf4][0xee][0xa6][0xf7][0xf4][0xef][0xf0]&.8[0xc0]4[0xdc]PnI[\n]"
18:24:04.325 [main] DEBUG org.apache.http.wire - http-outgoing-0 << "[0x9e][0xdf]=|xx[0xf7][0xbb][0x87][0x84]([0x99]j[0xf][0x8f]F[0x17]&[0xad][0xf6][0xbb]x l[0xd7]%[0xd1][0xe4][0xa1][0xad][0x9c][0x14][0xf2][0x8e][0x9a][0xa3]j+9[0xaa][0xf6][0xe5][0xb3]Z[0xb1]$[0xe5][0xa8].`/[0xf0][0xdb][Zu[0xe6][0xb2]"[0x92][0xe8][0x9c]&[0x13]+f[0xa5]V*[0xce][0x98]B[0xe5]UbS[0x10][0xf6]uU[0xac]l[0x89]1[0x1f]5[0xab]f[0x9][0xf4][0xeb][0x85][0x11]=[0xa8][0xf6][0xf9][0xf]S[0x92][0x89][0xf]mU[0x1d]I_[0xb7],a[0xf2][0xf]|[0xed][0xcb][0xe7]D[0xf4][0x92][0xb9][0x1a][0x1b][[0xa8][0xe9][\n]"
18:24:04.325 [main] DEBUG org.apache.http.wire - http-outgoing-0 << "[0x86][0x86]}[0xee][0xb5][0x85][0x88][0xf9]R[0x9e][0x1a]'[0xce]H[0x8d][0x96][0xa6][0xeb]p[0xde][0x9]0V[0xd3][0xc5][0xb3][0xae][0xf3][0xe2]k4H[0xb4][0xf0][0xb7][0xc3][0xc5][\n]"
18:24:04.325 [main] DEBUG org.apache.http.wire - http-outgoing-0 << "[0xbf][0xe2]"[0x85]_e[0xe2]d[0x8f]&[0xb8][0xfe])[0x13]$[0xfc][0x8e][0x86]p?[0x17] ^[0xff][0xce]&[0xce][0x84][0x7][0xff][0xd0]Mn[0xdd][0xc4]Ph[0x10]X[0x92][0x4][0xd7][0xd1][0x85][0xc5][0x16]~7[0x85][0xc5]eYXl[0xe7]Vp[0xee][0xa8][0x1]$[0xb6][0x12]@[0xc2]*[0xf]+[0x8c][0x13][0x5]9[0xa3][0x9d][0xd4][0xb7]\[0xe8]u[0xba]=[0x1d]C[0xa7]}e[0xe2]L[0xb0][0x92]i[0x15][0xca][0x96][0x9][0xc9][0xa6]I[0xc4][0xa8]i[0x16][0x95]"-l[0xcd][0x80][0xdb][0xbd]T[0xa8][0x15][0xa0][0xe5][0x92][0x93][0x8f][0xaa][0xf1]=[0x9c][0xa4]i[0xeb][0xac][0x8a]5[0xc9][0x2][0xd3][0x89][0x87]m][0xf1]e[0xab][0x9c][0xa6]j_Y[0x12][0x5][0xc4]6[0xab][0xbd][0x8c][0xfd]v[0x9b][0x1e][0x94]dA[0xa4][0xf6]@[0x11][0xc1][0x9c]([0xd0][0x19][0x11]u4#+a![0xf7]^~L[0xf6]WR~[0x84][0xc4][0xb4]<[0xa6]1-[0x3]A[0xce][0xd7][0x98][0xc2]<[0x82][0xf6][0x88][0x87]0,[0xbd]L[0x90][0xfe]%5?`[0xdd]e[0x1b]y[0xb0][0xea]2[0xc5]w[0x4][\r][0x8d][0xf4]:[0x1][0xbc][0x83]#[0xc1][0xca][0xf0][0x84]r[0xcb][0x1c][0xf5][0xe3]P`v[0xb6][0xa3][0xb7]$)[0xcc][0xae]/K0m[0xe1]M'[0xca][0x81][0xa9][0x9a][0x16]f_R[0x8d][0x8d]K[0xda][0x4][0x94][0x82][0x1c]/[0xee][0xf5][0xf7]t[0x0][0xbd]D[0xdd][0x9a]t[0x1a][0x9c][0x93]6[0x92]6y[0xe2]_[0x1][0x13][0x9d]s[0xf1][0xa6][0xe3]bc[0x9][0xa1][0xf5]ug[0xbb][0xed][0x18]$O%[0x8]hI[0xc6]I*[0x9d][0x96],[0xab] DR[0x94][0x8][0x8f][0xae]B[0x15][0xc3][0xa6]"Tp[0x10][0xcf]P[0xad]\[0xd6][0xba]![0x86]E[0xba]D[0x9][0xd1][0x95][0xfc]c[0x13][0xfb][0x92][0x88][0xe8][0x16][0xde]d[0xd5][0xd4][0xd7][0xf0]6[0x12]6[0xfd][0xe9][0xa3]!d[0x14]-)W[0xac][0x85]A[0xae][0xd8][0x1c]}[0xe7]2[0x9e][0x8f]>9[0xba]w[0xf4][0x8b][0xa3]/[0x8f]v[0x8e][0xee][\r][0x84][0xb1]CV[0x6]<[0xb][0xf4][\r]F[0x0][0xc8][0xc9][0xca]9[0x90]?[0xa5][0x84][0x9a][0x1f][0x1f][0xdf][0xfc][0xec]x[0xf7]w[0x0][0xc8][0xe4]6[0x0][0xe4]d[0x94]n,^'@N[0x9e][0xea]f[0xf7][0xcb][0x9b][0xf7][0xc3][0xff]z[0x1c]/ak[0x94][0xea][0xc7][0xcb][0xf5]:[0xf5]5[0x89][0xe1][0xfa][0x14][0xb5][0x10][0xd4]kA[0xc8]}[0xf6][0xc8]3f[0x83][0xa0][0xeb][0x84][0xaf][0x12][0x3]A[0x0](B:OIW[0xeb]%[0xd9]J[0xbd]${A[0xab][0xa4][0xcb][0x91]P'Q[0x7]mh[0xbd][0x6][0xb][0xaa][0x8a][0x8e]e[0x9f]@[0x8f][0xb5]N[0x16][0xa7]m[0xd6][0xcc][0x92][0x14][0xbe]I[0xab][0xa1]Ni[0xb4]vAg/Z[0x5]s[0x6][0x12][0xe4][0x96]tJ[0xbb]6p[0x93][0x97]D[0x7]A[0xdb][0xf6][0xd2]J[0x16][0xc4]9[0xbf][0xa8][0xdb][0xa7]5J|[0xa5][0xf2][0xe3].[0x87][0xce]W[0x95][0xa0][0x19][0xaa][0xde][0xa2][0xe2][\r]|[0xfa][0x1e]T[0xb8][0xa1][0xba][\r]um[0xa8]iKP[0x1d]g[0xbf][0xf5][0xde]M[0x1d]{[0xe1][0xac][0x84][0xf4]8O[0xc1]V#[0x9d][0xec][0x15][0x15][0xea]+[0xda][0xe0][0x9][0x99][0xc0][0x1]y[0x9e][0x13][0xc7][0xba][0xc][0xc]{E[0x5];[0xbd]1)[0xb7][0xb4][0x81][0x8c][0x18][0xfd][0x84]7Ox[0x8e]`[0x15][0xcb][0xa5][0x1a][0xc]s[0x2][0x99][0xa2]'Lk[0xba]\[0xd3]D:[0x92]'[0xb]'[0x81][0xff][0x1b][0x92][0xfb]d[0x9d][0x12][0xac][0xab]?TXS'[0x96][0xfd]t[0xb1][0xb0][0xed][0xc7][0x9a][0x13]:[0xd2][0x8c]_K[0xb5][0xd3][0xe4]m$[0xe2] [0x86]*z,[0xea][0xe7][0xf7][0x8f]o>[0x3]2![0x86]zy[0xc][0x95][0xf2][0x18]j[0xe4]1[0x2]r![0x96]U[0xf1]/[0xc6][0x10][0xc][0xf1][0xeb][0x8c]" [0x8][0x13][0x0][0x1b]F.[0xf2]<[0xa0][0xe7][0xea][0xb0][0xeb][0xaa][0xd8]=[0xa3]`[0xf7][0x8c][0xae]Hqe[0xa6](k[0xdd][0xeb][0xec][0xa7][0xa6] [0xf7][0x8c]V[0xc9]V[0xe6]W[0xf]<[0xa7][0xfb][0xfc][0x86]o[0xd4][0x83][0xf0][0xc5][0xed][\r][0xec][0x1b][0xf6][0xbf][0xee][0xa2]u[0xe7][0xf9][0xb7][0x93]p3[0x96][0xad]Z[\r][0xee][0xdb][0xc4]kf*,[0xd1][0xc9]t[0x84][0xa4][0xef][0xda][0xa8][0xa4][0x8c][0x83][0xf1][0x9b],B[0x86]p[0xb9][0x96][0xef]^[][0x6][0xe7]{[0xab]>[0x8e][0x9d][0x16][0xf]Q[0xcd][0xc9]U[0x92][0xf]_[0x8a][0xb][0xe8] [0x17][0xca][0x6][0xf8][0xe]E[0x2]J[0xb4][0xe][0xbf][0xce][0x1][0xe8]fC`R[0xe2]T[0xa8]o[0x1a][0xa5][0xbf][0x18]X[0xe2]Th[0xcd][0x80]O[0xad]rR[0x9e][0xe2][0xfe][0xee][0xff]U[0xaa]x[0xea][0xc0].i[0xcd]Sa[0xa0][0xb4][0xec][0xa9][0xd0][0xca][0xe5][0x3]_#[0xa6][0x15]M[0x80][0xc2][0x1f][0xbe][0xb8][0x83][0xbc]`[0x13][0x1b][0xe7][0xe3][0xa0][0x89]a[0x19]TV[0x11][0xd9][0xa0]n[0xff]G[0x87]_[0x11]12[0xba][0x10]q[0xbd][0xa1][0xa1][0x2][0x4][0x9f]"[0xf2]c[0xec]cV>K[0x87][0xf9][0xab]*[0xe6]/*[0x98]_[0xb9][0xa8][0xc1]|Y[0xa6]"
18:24:04.325 [main] DEBUG org.apache.http.wire - http-outgoing-0 << "};[0x15][0x84][0xf1]T[0xcb][0x99]:ETE[0xad][0x17][0xfd][0xe2]$[0xa5][0xd7]J[0xd5]Z[0xd1][0x82]V[0xb2]iM[0xd3]@[0x9c][0xea][0x89][0xa9][0x8a])A8U0[0x19]z[0x19]`[0x7][0x81]w[0xaa]`[0x8d][0xb0][0xf9][0x82][0x97])[0xef][0xc0][0xd6][[0x19]a8[0x0][[0xd9]R[0xf8][0xf6]I[[0x9a]`[0xb][0x5][0xb7][0xc0]}t[0xf7][0xe7][0xd4]<[0xfe][0x84]B[0xeb]a[0xb6][0xa7]f[0xfd][0x1b][0xa1][0xd4][0xd0][0x95][0xef]H[0xf0][0x93]=[0xc1]U[0x9e][0xc9]wZ[0xc2][0xab]r[0xf8][0x5]/":[0xc6][0x8e][0x1b]_[0x1d]3[0xae][0xa6][0x17][0xe2]8?[0x86][0xbf][0xa3][0xe6][0x16][0xdb]Jn13[0xca]T#V[0xda][0x1d][0x17][0x83][0x1e][0xda]h[0xba]A[0xac]#F[0xa1][0xa3][0x12])[0xd7][0x1][0xf4]cL[0xc7][0x5]3D)K[\n]"
18:24:04.325 [main] DEBUG org.apache.http.wire - http-outgoing-0 << "[0xf1]>[0xd1][0xfa]/[0xff]|z6[0xf2]H[0xb2]S[0xd2]`S[0xe][0x95][0xf8][0xf9][\r][0x9f]6Mh[0xf6][0x96][0xaa]f[0xad]R[0x15](T[0x89][0xfb]i[0xca]T[0x3]i[0x92]y[0xc2][0xe2][0x87][0xa5]B[0x15][0xba][0xab][0xac][0x82][0x8e][0xfc]@k[0xfb]2[0xcf][0xc0]2[0xa5][0x90][0x9f]_>[0xa3]r[0xa7][0xdc]"![0x9d][0x84]L[0x95][0xc4][0xa1][0xeb][0xb3][0x15][0xab][0x3]|[0xd3]K[0xe7][0xe1][0xb6][0x95][0xce][0xdd][0x8]z[0xed][0x1e][0xde][0x16]|Y[0xab][0xf6][0x1b][0xcb]X$3sb$[0x6][0xca][0x80][0x1f][0x4][0xc7],oq[0x4][0x97][0xd6][0xb7]4[0x95][0xf9][0x99][0x98][0xb] [0xf4]nd[0xbd][0x85]|[0x0][0xb1][0x89][0xa3][0x96][0xf7][0x83][0x9e]j[0xde][0x4][0x9d][0xd5][0xe4]K[0xe1]EJ[0xc7]I[0xe][0xe8][0x84][0xf1][0xff]S[0x1d][0xdf]h[0xaa][0xa3][0xbd][0xb2][0xa8][\n]"
18:24:04.325 [main] DEBUG org.apache.http.wire - http-outgoing-0 << "F[0x96]r[0xa4][0x93][0x8b]j[0xba][0x84][0xad][0xa4]K[0xd8][0xab][0xcb]Z[0xce][0x5][0xc9]WOb;[0x8d][0x85][0xa0][0x87]u[0xe9]MtTU[0x1e][0xb2][0x89])[0x91]?[0xbd][0x10]7[0x9d]I[0xcf][0xe7][0x8b][0x95]b[0xad]:#E[0xfd][0x14][0xb9][0xb9][0xa2]\[0x95][0xc3][0xf9][0x8c]`[0x4]aa[0x94]|[0xed]QT[0xf][0xb6] E[0xb0][\r]([0xa0]l[0xaf].[0xc9][0x82][0x8d][0xb9][0xe8][0xbb][0x8e]#[0xaa] [0xf7][0xde][0x0]![0x3][0xfc][0xf6]2i[0xd6][0xc4][0x1]T[0xe9][0x8d]l[0xdd][0xb2]4[0xa3]:}F[0xcc][\n]"
18:24:04.325 [main] DEBUG org.apache.http.wire - http-outgoing-0 << "[0x87]K[0x85]Y[0xff][0x1][0x1b]/[0x15]e[0xa4]A[0x12]d[0xac]K&[0xc6][0x9a]x[0xbd][0x17])Rlt[0x1e][0xc6]N/z'][0x80]K[0x92][0xb]p;[0x88][0xe3][0x1c][0xa3]b[u[0x2]^Q[0x9d][0x80]W[0xb4][0xaa]REq$t[0x82]^[0xeb]z[0xa0]c|[0xa2]#[0xcc]9][0x14][0xc6]$[0x0][0x92][0xc9][0x84]d^s[0xfd]=[0xf2][0x1][\r][0x8d]d"[0x81]}2i$`e[0xc6],[0xb][0x1];[0xa0][0xf4][0xba]U[0xd6]'B[0x8d]m[0x8d][0x8c][0x16][0xf][0x98],U[0x14][0x9]f[0xb5][0xfc]#3E[0x92]up1[0x90]\r[0x8d]&[0xb9][0xcc]L[0x90]{[0xc7][0xbb][0xbb][0x80]s)[0xbb][0xa5]![0xf6][0xe8][0x8a][0x9f]r[0xd0]'[0x97][0xae]xs[0xea][0xd7]#[0xe7]r[0xe3][0xd8][0x19][0xdb][0xef][0x90][0xbe][0x92]c[0x1a]9[0xd7]p3/[0xb][0xe9][0x9a][0xba][0xfd][0xa0]`}^[0x97]-)'K[0xb2][0xc7][0xe4][0xd5][0x88][0xa0][0xa3][0xd2][[0x90]O[0x89]r[0xb9]#[0x8c]7%[0x8a][0xcc][0x89][0xf7][0xe6][0xa3][0x18][0xb5][0x82][0x88][0xbc]^[0xf2]'[0xeb]2[0x8a][0xef]![0xa1][0x86]g[0x1f]+[0xfa]@[0xb1]X-YU[0xe8][0x84]([0x96][0xa8][\r]TP[0x8c] [0xf6]X[0xc0][0x10]_[0xb1]J[0xd5][0xb2]P"[0xaa][0xa0]sC[0xd4][0xd2]b.S[0x8c][0xaa][0x99][0xff]_[0xd1][0xe5]B[0x93]H[0xbe][0xd3]+[0xb4][0xca][0xdc][0xb2]&T[0xa7][0xbf][0xc7][0xbf]8Yi[0x18][0x10][0xca][0xf7][0x1][0x88][0x4]I[0xde]m[0xd7][0x89][0x82]q|[0x8c][0x91]D[0xcf][0xd6][0x85][0x15][0x9e][0xba][0xc8][0xd7][0xe9][0xb]Q[0x17][0xf5][0x1f][0x5][0xde][0x0]9[0xe1]\[0xc3][0x1b]YVO[0xba]6&&[0x9c]k[0xa2][0xa7][0xe2][0xe]ao'[0xe1]8)[0xbb][0x81][0xed]D[0x11][0xeb][0xc1][0xc4]D:[0x0][0x13][0x13][0xd9][0xbb][0xf2][0xe0]O[0x9e]I[0x9]g#b[0xcf][0xce][0xb2]|[0xfe]BJ[0xc3][0x8f].%[0x9c]Q[0xb2][0x8]/[0x80]@[0xed][0xb][0xa8][0x89][0xd7]p[0xd3][0xa8][0x93][0xba][0xcd][0xcc][0x9f]6TP[0xd4][0xc9][0xad][0xd7][0x11]-[0x7][0x1]5[0xfb][0xf][0xd6][0xc8]"$3d[0xb1].[0xe4][0x16][0xd0][0x1c][0xff][0xe4][0x7][0xff][0xca][0x99][0x5][0xef][0xad][0x84][0x88][0xc0][0x8e][0xa6])[0xe3]F[0xe8][0x90]J[0xf6]N[0xd8][0xc4][0xb4][0xa5][0xde]![0xdc]XM61[0xf2]@[0xb2][0x9a]z[0xb3][0x19][0x84][0xad][0xb4][0xc3]T[0xaf][0xe9]"[0xbf][0xed][0x90][0x1b]ZSI[0x17][0xc2]R[0x2][0xd5][0x90]y1=2u[0xf4][0x1b][0xef][0x9f]rZ$[0x8e]![0xf3][0x8d][0xe7]f@[0xad]u[0x14][0x99]u[0xca][0x96]e[0xd6][0xa9]e[{[0xd0]![0xe5]2\@[0x1e]f5[0x10]d[0x81]E[0x87][0xd4]L[0xca][0x0][0xa7][0x13][0x93][0x94][0x99]*[0x14]k[0x12]Y[0xdc]LZf[0xaa]\[0x9b].J[0xa6]I:N&[0x93][0xaa][0x85][0xe1]4[0xb6]f[0x1][0x14][0x97]2[0x87]h$p[0xae][0xf2][0xf1]F)O[0xe4][0xb0][0x7][0xf3]/[0xf4][0xa7]s?[0xcb]-&[0xf5][0xd6][0x1c][0x83][0xe4]J([0xbc][0xc1][0xd6][0xf]\4[0xf0][0x95]0IE[[0xfa]{B[0xfc][0xe0][0x1f]IZ[0xf4][0xee][0x83][0xe3][0xdd][0xdb],[0x84][0xf0][0xfb][0x9d][0xcf][0xbe][0xbf][0xf9]y*[0xb9][0xe0] [\r]q[0x90][0xcc]S#41![0x96][0xf4][0x3][0x9e][0x1a]6E[0x18]VHO$[0xb8][0x86]a[0xbc][0xbc]q[0xf8][0x90]8Z_~d[0xbc][0xbc]E$[0xdc][0xe1]#[0xea][0x1d]'[0xe8]p-[0xea][0xc][0xf5][0xbc][0x12]tA[0x1c][0x7]^+[0xd8]D[0xc6][0xfb]#[0xa4]/[0xb6]T[0x85]cN[0x8d][\r][0xd4]S[0xc6]K[0xc1]D[0xb3].[0xfe][0xc7][0xef][0xb1][0xff]|Wg][0xd0]Q[0x5][0x3][0x9b]$hEi[0xdb][0xd0][0x10][0x83][0xc4][0xaa][0xd0]3)[0x95][0xcb]%1[0xcf][0x98]j[0x7][0xa4][0x10][0xad]D(K[0x9f][0x6][0xe3]|kVeX@[0x91]6[0xb]`[0xe9]<[0xd1]HW[0xcf][0xa9]T[0xd4][0xd9]2%[0xad]a@AZ{[0xe][0xf8][0xb6][0x92]Y[0x1a][0x1e]%0[0x80][0xbc][0xb2][0x83] [0x19]J[0x85][0x1d][0xc2][0xc0][0x7]e`[0x82][0x8e][0x96]?e)[0xe8][0xf4]?[0xf5][0x9f][0xef][0xe][0x0]e[0xe0][0xb5][0xd0][0x16][0xce][0xec][0xb]r[0xbd][0x9][0xf0][0xc8][0xae][0x1d]9[0x6][0xf0][0x97][0xc7][0xbb][0xbf]Q[0xf3][0x7][0xb3][0xce][0x8d][0xa4]3[0x9][0xda][0xcf]P[0x8][0x1a][0x18][0x6]Y[0xf][0x80][0xc0][0xf4][0xf5]f[0xe7][0x1b][0x1f][0x91][0xc][0xa0][0xf1][0x82][0xf9][[0xe8]-I#[0x9c][0xab]"
18:24:04.325 [main] DEBUG org.apache.http.wire - http-outgoing-0 << "[0x8b]@[0xf6]Q[0xae][0xa9][0xd0]T[0x91];[0xab] w[0xf6][0xbc][0x16][0xb9]U[0x85][0x9d][0x95]=GA[0xed][0xac][0x86][0x11]-[0xbd];[0xf9][0xa0][0x17]3F[0x15][0xfe][0xc1][0x84]<h5[0xb1]^[0x8b]U[0x9a][0xae]&[0x1e][0x81][0xea][0xb4]%![0xd8]w[0xda](b[0xaa]*w[0x11]N[0x17][0x8a][0xaf]@}F[0x88]PT[0xe8][0xf2]u[0xca][0xc8]};[0xe9]O[0xf2]![0xcb][0x97][0xc1]5[0xfd][0xc7][0xfc][0x92][0xe3][0x95]_eh[0xfd][0x15][0xd0][0xf2][0x93]o8[0xe][0x8c][0x16][0xce][0xbe]x[0xae][0xf2][0xc5]/[0xb9][0xca][0x9f][0xc][0xec][0xb]?)7y[0xc][0xd4][0xf8][0xe9].x[0x97][0xd4][0x94][0x1b][0x1d][0xa3][0xcd]`[0xf8]q[0xfd][0xf9]E[0x9]>[0xed][0xc0][0xcb]=[0x82][0xf4]U[0x0]-*[0x0]Z[0xd4][0xe5][0xe0][0xce]T[0xa5][0xc3][0xfa]U[0xf][0xf9][0xc6]I[0x14][0x7][0xda][0xe4][0x95][0xc5][0x9]83J[0x85][0x19]y3[0xab]h[0xb][0x18]%[0x8b][0x5]Fr[0xb9]b[0x99][0xa6]X[0xc3][0xa8][0x9c][[0xc3][0xe8][0xc4]@[0xfe][0xc]=1[0xd8][0xfe][0x1f]h[0x8e][0xfd][0xe3][0xfd][0xa7][0xfb]O[0x8c][0x83][0xdd][0xfd]'[0x7]74p[0x19]@[0xa9][0xb1][0xb8][0x2]7:[0xbe][0x0]#[0xee][0xd3][0xe][0xfb][0xdf][0xb4]E[0xf0][0xfc]yHl[0x9d][0xa4][0x83]v[0xe0][0x86][0x7]_[0xce][0x80][0x15][0xdc]:[0xb8][0xbd][0xff]d [0x92][0xda][0x81][0xe7]d![0xb3][0xd9][0xef]+[0x1][0x13][0xb9][0x16]7[0xbf][0xc7]$[0x8b][0x1e]$[0xbf]f}[0x1a]I[0x9f][0xfe]c[0xf][0xee]yYC[0x82]$[0xd2][0x3][0xee]y[0xb4]AHe[0xf9][0x1b][0xdd][0xf7][0xc6]-r[0xd6][0xf1][0xdb][0xc3]1uzA[0xc2]T[0xec][0xf8]N;[0xcc][0xdb][0x96][0xd4][0x2][0xe6][0xf6][0xbc][0x8a][0xaa]y-[0x1f]FQ>[0xc0]j[0xb5][0x3][0xee]9R@EF[0x98][\r]}d[0x9c][0xe][0xc2][0x89][0x83]R+E[0xb3]&d[0x8e]Z47lf[0xba]$c[0x8c]-[0x1e][0x3][0x94][0x95]jfQ[0xa0][0xe0]*[0x8c][0xc7]jq[0x96][0xc4][0xf0][0x9d]Y[0xba]4[0x98][0xd5][0xe2][0xf3][0x83][0x9d][0xfd][0xbf][0x13]j[0x8f][0xdf][0xee]?=[0xd8][0xd1]PZX33?[0xd0][0xb6][0x14]I[0xdb]R[0x14]v[0x81][0x3][0xca][0x9][0x1b][0x1a]\[0x1d][0xdc]8[0xd8][0xd9][0x96][0x11]W|[0x9d][0x10]W[0x88]Ao[\r][0xc9][0xb7][0xd5][0x8]@[0xb1][0xc2][0x93]A[0xa4]SR[0x1b]A[0x84][0xfc]h[0x3][0x1b][0xeb][0xce]u[0xbc][0xa1][0x14]3[0xb8]*M[0xf6]*[0x6][0xbe]b[0xaf][0xa1][0xd5]{[0x97][0xdd][0xab][0xb8]+[0x8f][0xe4]J[0xcb]vC[0x90]H3[0x1b][0x6]([0xd6][0x8c][0xe4][0x86][0x9b]([0x6][0x93][0xcb][0x15]%[0xff][0x5][0x0][0x0][0xff][0xff][0xdc]][0xcb]n[0xda]@[0x14][0xfd][0x15]+k[0x88][0xc0][0xc1]NX[0xba]([0xaa][0xba]0D[0x10])[0x15][0xbb][0xc1]X5[0x82][0xf1] [0x3][0xaa]`U[0x5][0xa5][0xed][0xa2]][0xf5][0xb][0xba][0xaa]XD[0xed][0xa2][0xea][0xa2][[0xf8][0x88]$[0xcb][0xe6]G[0xaa][0xeb][0xc7][0xf8][0xce][0x3][0x2]EU[0xd3]l[0x90]<[0xf8]1c[0xb8]G3[0xf7][0x9e]9[0x7][0x87]Q[0x6]&yK[0x6]'[0xe3][0xe5]"\.[0x92]6[0xc])[0xa0];[0xfa][0xf1][0xfe][0xf2][0xdb][0xfd][0xfc][0x1a][0x1]K~}[0x6]-y[0xcb]P9'[0x3][0x97][0xbc]%F[0x97]<[0xa6]$[0xce][0xd0][0xed][0xbb]_o>[0xdc][0xbe][0xbd][0xfb][\n]"
18:24:04.325 [main] DEBUG org.apache.http.wire - http-outgoing-0 << "[0x8b][0xd8][0x1d] [0xc6]$S[0xeb][0xfa][0xa9][0x8c]c#?[0x8a][0xc8][0x1a][0xbb]f[0xaa][0x9a][0xac][0xb8][0x8a][0xc9][0x8a][0xdb][0xd2][0x99][0x1f][0x94]m[0xbb]"[0x1][0xd9]`J[0x1]t8[0xd6][0xda][0x87][0xc5]W[0xa9][0x9a]&[0xe6][0xf0][0xd9][0xa0][0x1f]X[0xb4][0xcd]CS[0xc1][0xad]d[0xb0]"[0x8b][0xe8][0xc1][0x84][0xd5]V<>[0xfc]&[0xa5]<Ui}=[0xfd]e[\r][0xe5][0x9f]`[0x2]d[0xf0]A>[0x96][0x4][0x14][0x1e][0x18][0x8f]Q[0xde][0xc2]c[0x94][0xb7][0x8][0x11][0xfa]>[0x16][0xe6][[0xe0][0xca][0x1a]>[0xb7][0xa3]\[0x9d]Eh[0xd2][0xe0][0xe3][0x8][0xe5][0xe7][0x4][0xca]U\h[0x1b]m[0xe3]~Ps[0x9a]/j[\r][0x17]E&[0xff][0x8d]j[0x8c][0xd2]I[0x98]T[0x97][0x1e][0xcc]g[0xd7][0x18][0x9c][0xdb]%[0xdd]8g[0x1d][0xdf][0x4][0x6][0x98][0xdc]#Y?[0xc6][0x8d][0xcb][0x85][0x1f][0xc6][0x5][0xb7][0xf8][0xa8]7[0xf2][0x2][0xdf]x[0xee]S[0xdf][0xf]G^@[0x86][0xeb]kj,b[0xde][0xda][0x95][0xb2]j[0x83][0xea]:[0xaa][0xb4][0x9f][0xd6][0xc7][0xa4],MI[0x9a][0xa4]C[0xb4]4CG[0xb4]K[0xca];[0xe4][0xc][0x8a].[0xa1][0x3][0xd2]OY[0x84]d[0xf5][0x19][0x86][0xb6][0x15][0x83]p[0xb3][0xef][0x1],[0x89][0x8f]-[0x13]3j[0x8e] [0xa2][0x8b][0xea][0xd2][0x0]:[0x83]"[0xbf]R[0xb1]-K[0xa4][0xf]V[0xb7][0xa4][0xf][0x2]e[0x10]>[0xcf][0xf4]>[0xec]W7?[0x81]A[0xa5]A[0x82][\r]E2[0x7][0xb]n[0xa5]}5[0xba][0xbd]( Tvb[0xbf]:[0xfc][0x87][0x94][0xc1][0x88][0xf5]Q[0xc9][0x8c]D[0xd1][0xc4][0xf7][0x18][0xda][0xfe][0x1a]1O@[0x81]k[0xa8][0xac][0xa3][0x92][0x19][0xc9][0xfe][0x13][0x19][0xa3]7b[0x1e]C[0x1b]_[0xf9]q[0xc6][0xe7]M[0x9f][0x97][0x91]y[0x19]^BC^[0xf9]nq[0xf3]}[0x7]i[0xbc]'[0xe4]w[0xf2]R[0x1][0x9d][0xa6][0x8]Z3B;[0x1b]v[0x13][0xcc]T[0xdc]j+[0xb8][0xd5][0xd0][0x99][0xc8][0x9b][0xd6][0x89]L[0xfc][0x19]N[0xc6][0xda][0xc]_[[0xc9][0xcb][0xa3]^![0x1d][0xd0]8[0xbf][0xb7][0xfc][0x92]}[0xb7]'[0xf1][0xc7][0xae][0x98]G[0xc7]%Q[0xab][0x7][0xaa]l[0xe0][0x1b])[0x83]W[0xdc][0x1f][0xc]_'[0xa5][0xb2]U[0xc5][0xf0]e[0xe9][0xbd][0x99]ur=[0xb1]x[0x11][0x18][0xc0][0x15][0xe]Z[0x17][0xa2]tO[0xe1][0xa0]}q[0xaa][0xc9][0x2][0xe6][0x83]VQmC[0x12][0xbf][0x8d]K[0xff]|[0x10][0x6][0xf5][0xc7]=[0x8f][0xc][0x4]![0x9f][0xf3][0xcd][0xa0][0xf6]7[0xb5]=[0xd9][0x8]:[0xd6][0xcf]g8[0xe8][0xd7]Og8[0xa8][0x85]c[0xdb][0xe5][0x8f]x[0x92][0xf3]I[0xda][0xb5][0x90][0xe][0x13]-A[0xf0][0xcb]Kg8[0xc2][0xfb][0x1c][0xc8][0x8f][0x8][0xd0]C[0xfb][0x2]s0U[0x1c][0xde][0x8d])[0xc0]fO[0x92]?[0xd8][0x10][0xec][0xe1][0xdd])[0x9][0xe9]Z[0xad]A[0xb5]>[0xef]*[0xf5][0xf9][0xc4][0xb3]\[0xc9]sJ[0x9a]^u2[0x1d]N{][0xf2]Z[0x7]$p[0xcf]g[0x93][0x88][0x12][0xcd][0x96][0xc4][0xe4][\r][0x0][0xba][0xf0][0x9e][0x9e][0xc1][0x8d]&[0xe1]lb[0x9c][0x7]$[0xa4][0xab]y[0x97][0x18][0xee]t5[0xa7][0xc4][0xa8][0x93]^[0x18][0xbe]"!<h_[0xd9][0x1f][0xab][0xc][0xee][0x92][0xa6][0xa4]:\*T[0xe5]m[0x8a][0xd0]u[0xbe]E[0xf1]7[0x0][0x0][0x0][0xff][0xff][0xdc]]Ko[0xd3]@[0x10][0xfe]+9[0x82]TPl[0xc7]v"
18:24:04.340 [main] DEBUG org.apache.http.wire - http-outgoing-0 << "[0xe8]-UP@M[0xad]([0x12][0xaa]z[0xdc][0x12]W[0x9][0xb1][0xd7][0x96][0x13][0x1f][0xb8][0x19]PAB[0xe2][0xc0][0xa9][0xe2][0x9e]"[0x84]z[0x82]{O[0xfc][0x9]n[0x8e][0xf8]#h[0x1f]^[0xcf]>[0x92]4[0x4][0x89][0x88][F[0xbb]v&[0xeb][0xcc][0xe7][0x9d][0x9d][0xc7]GH[0x15]|[0xcf][0xf5][0xdb][0x9b][0xb3][0x8d][0xbd]CG[0xcb]$[0xea]u[0x5][0xf5][0xfb][0xd3][0x80]|&$[0xde]+[0x1a][0x0][0xd1][0x5][0xd1][0xd3][0xe][0xd7][0xed][0x97]N@0[0xae]vc[0xfa][0x12]I[0x9d][0x8e]g[0x1b][0x8e]K[0x95][0x8e]^1[0xec][0xe8]U[0xaf][0x85][0xa4][0xeb][0xb2][0xb8]Z[0x16][0x9f][0x96][0xc5][0xcd][0xb2][0xb8]\[0x16]7kPE<e[0x6]*Bd[0x88]"D[0x11][0xaf]'[0x5][0x85][0xdf]Y}a[0x85]%G[0x93],[0x96][0xca])[0xc4]U[0xc]F[0x84][0xc8] D[0x88]<0[0xff]B|%[0xc3][0xf][0x1a][0x95][0xcb][\n]"
18:24:04.340 [main] DEBUG org.apache.http.wire - http-outgoing-0 << "[0x5][0xef][0x8e][0x1e]q[0xb6]/[\r][0xce][0xa4][0xc0]`[0x80]b[0xce][0x9c]e0x[0xac][0xfb];[0x81][0xe6][0xef][0x4][0x9d][0x13]c[0xc2][0xb0]rrq:[0xc1][0xa3]q[0x12]N[\r][0x6]O[0xef][0xc9][0x14][0xa1]g[0xd3][0xd0][0xe6]+[0xfd]v[0xe4][0x86][0xb5][0x1d][0xbb][0xe5][0xb4][0xdb]R[0xc9][0x80]m[0xa2]v[0xe3][0xdf][0x7][0xb6][0x8][0xb6][0xeb]Y ?[0xd0]sL[0x1e][0x8e][0xf9]X[0xb6]Gl[0xf5][0xe8][0xb4]#6[\n]"
18:24:04.340 [main] DEBUG org.apache.http.wire - http-outgoing-0 << "[0xa6][0xbe]~[0xf5][0x13]P[0xb6][0x4][0xd6][0xea]pG[0x0][0x1d][0x9d]Je[0xf3]a[0xc7][0x9e]S[0xc6][0xa2][0xb][0xc5][0xcd][0xba][0xc8][0xe4]7[0xe8][0x14]!<SoV[0xf][0xac]D[0x8e]zY)r[0xd4]"E[0xe]&[0x82][0x8d][0xc8]{[\n]"
18:24:04.340 [main] DEBUG org.apache.http.wire - http-outgoing-0 << "[0x1e][0x90]Q[0xae][0xbe][0xe2][0x9c]_![0xb1][0xca][0x1][0x19]Gbz[0x1d][a2[0x8][0xad][0x10]R[0xea]K[0xc6]/[0xb7][0x5][0xb7]$F[0xf1][0xff][0xb8][0xed] [0xa0]![0xa1]PN[0xb9][0xa3]M[0x18][0xa4][0xd7]w[0x6]Z}g04q4y[0xbe][0x82]Ag([0xa3]][\r][0x80][0x86][0x14][0x80][0x92][0x90][0x1e]^[0xf][0xa2][0x10][0xcd][0x10][0x9e][0xf3][0xae][0x7][0x1a] 1U[0x87][0x13]F[0xd7][0xd4][0xe0][0xd7][0xed][0x94]2[0xd8][0x94][0xfa][0x98]<h[\n]"
18:24:04.340 [main] DEBUG org.apache.http.wire - http-outgoing-0 << "[0x96][0xb6][0x3][0xcb][0xab][0xf3][0x7][0x15][0xa0][0xca][0xb3][0x1c]V4[0xfd][0x95]>[0x8][0xd5][0xaf]S[0xa0][0xc8]^}[0xfa][0xda]y[0x6][0xa0][0xa8][0x93][0x13]6[0x88][0xe8][0xe]`t[0xf]'8[0xbc]/[0xae]d[0x1a][0xff][0x83]f[0x9][0xf4][0x9f][\n]"
18:24:04.340 [main] DEBUG org.apache.http.wire - http-outgoing-0 << "[0xfb][0x91][0xa2][0x1c]"k[0xb5][0xc6]2[0xbb]K[0x92][0x85][0xd9][0x4]WO~[\r][0x4][0xb1][0xc5][0xe4][0x0][0xc4][0x4][0xe]?L[0x10][0xe0][0xf3][0xfa]3[0x88][0xec]V[0xa3][0xe7]pj[\n]"
18:24:04.340 [main] DEBUG org.apache.http.wire - http-outgoing-0 << "G8[0xe2]0a[0xc][0xa7][0x9][0xac]!d[0x7][[0xc5]Wp[0x96]o[0xc][0xe1][0x12];[0x83]f[0x1b][0xa6][0xd4][0xff]4[0x99]m[0xaa][0x9b][0xed]@3[0xdb]A[0xdf][0x98][0x13][0xa1]$[0x15][0x1d][0xa3][0xf9]8Fxd[0xca][0x6][0xa4]7e[0xd9][0xbc]Q[0xa3][0x1b][0xc6][0xc9]s[0x12][0x9b][0x90][0xb][0xb4]+5[0xfb][0xc9][0x94][0x14]][0xcf][0xb3][0xc9][0xb4][0xd1]C[0x18][0xcd][0x11][0x9][0xe][0x91][0xe1][0x1f][0xaf][0xa2]][0x1a][0x5][0xda][0xed][0x96]C8[0xa2][0xa1]k@6[0xfc]m[0xb5][0xf3][0x18][0xd5]Dj_[0xd2][0xf2][0xa5][0xe]&[0x8e]m[0xe6]]r[0xf][[0xae]1[0x99][0x82]x[0x5][0xaa][0x11][0x97][0x8b]/[0xe5][0xf5][0xbb]r[0xf1][0xb5]\[0xdc][0x96][0x8b]o[0x6]s^[0xed][0x12][0x4][0x3][0xb0]I[0xa8][0xd4][0xfd][0x83][0xda]D[0xac][0x90]&[0xe1]0U[0xee][0xab]5[0xf]T[0xd4].[0xaf][0x8b]5[0xa6]E[0xaa][0xc8]"a[[0xfc][0x1]3[0xdb][0xaa][0x86][0xb8]q}[0xf8][0xf5][0xe6]#-N[0xac][0xed][0x8b]Og[0xf6][0xc5][0x85][0x14][0x8e]0[0xfb][0xe2][0xc2][0x18]N[0xe3][0xf6][0xf5][0xf3]v[0xab][0xe]!8[0x8d][0xf6][0xae]M`[0xf0]x [0xdb]2[0x99][0xb8][0xa6][\r][0x11][0xd6][0xbb][0x5][0x6]Z[0xb7][0xc0][0xa0]o[0xe4]'Q[0x89][0x6]b[0xe2]e[0x8f][0xe8][0xa1][0xbc]f[0xd0][0xe4][0x9e]O[0xc8][0xcb][0x83][0xbe]z[0x3]b[0xda][0xf4][0xf3]n[0xc9][0x80][0x96][0xdf][0xb4][0x1e][0xc9][0x89][0xf9].[0xc9][0xcc]p[0x1f][0xfa]rB~7[0x9f][0x83][0x92][0xc0][0x96][0xd5][0x86][0xe1][\r][0xc7][0x18][0xde][0xe0][0xb1][0xcd][0x3][0xd9][0x11][0xf8][\r][0x0][0x0][0xff][0xff][0xe4]][0xcb]s[0x1c]E[0x9a][0xff]W*ta[0xf][0x92][0xa6][0xdf][0x8f][0xa3]$[0xcb][0xb2]FR[0xab][0xe9][0xb6][0xc6]c[0xed])[J[0xba]K]][0xd5][0xae][0xea][0xb2]V>![0x99]0[0xc][0xeb]][0x82]XX[0x98][0x9][0x98][0xc0][0xc0][0x0][0xb2]-[0xb0][0x1][0xf][0xb6][0x99][0xf1][0x1c][0xda][0xbe][0xec][0xa9]u[0x93][0xf0][0x89][0x10][0xcb][0xc6][0xf2][0xf8][0x1f]6[0xf2]QU_>[0xaa][0x1f][0x16][0xb6][0x81][0x8d]p[0x84]UY[0xd9]YY[0x8f][0xef][0x97]_~[0x8f][0xdf][0xa7][0x94]H[0xd3][0x15]G[0x8b]nO[0x15][0xd2][0xc2]c[0x8a][0xc2][0xb0]-I4-PI$[0xb8]}[0xfd],[0xfb][0xe9][0xdb]f[0xd0])[0xc][0xe9]-[0xa3][0xee][0x9e][0x87]=c[0x1a]mD[0xce][0x8d]2[0xda][0xf2]&[0xa6]Q[0xc4][0xed][0xb9]s[0x95]:7?;[0xba][0xf8]|[0x18],[0x88][0xb0]g[0x1a][0xd3][0xc8][0xf3]B[0x8a][0xc0]S[0xe][0x19]:[0xd4][0xbe][0xa3][0xa1][0xcd][0x89][0x1c][0x1d][0xf0]i2[0xa9]5/8[0x17]p[0xcb]kFj[0xf8]=[0xca][0xeb]O[0x8]~^|x[0xd9]8|[0xf1][0xf0][0x85][0xc3]K[0x7][0xc3][0x97][0x1d][0xb3][0xad][0xf5]'I[0x18]V[0x9a]=![\n]"
18:24:04.340 [main] DEBUG org.apache.http.wire - http-outgoing-0 << "[0xe9][0xa6]1C[0xd8]S[0x9d]X>[0x14][[0x8d][0xe6]-)[0xd1][0xbc][0xa5][0x19]-[X![0xaf][0xf0][0xa1][0xb4][0xba][0xbb][0xba][0xa0][0xa9][0xd2][0xcc]0[\n]"
18:24:04.340 [main] DEBUG org.apache.http.wire - http-outgoing-0 << "/[0xb6][0x90]N[0xdf]M[0xe5][\n]"
18:24:04.340 [main] DEBUG org.apache.http.wire - http-outgoing-0 << "[0xf9]\^[0xd8][0x8b]'I[0x90]T.+[0x11]h[0xb][0xb7][0xb][0xc2][\r][\n]"
18:24:04.340 [main] DEBUG org.apache.http.wire - http-outgoing-0 << "Y[0x98][0xb1][0x17][0xa7][0xed][0xe]f[0xed]+9[0xfe]ylYxb[0x86][0x90][0x11][0xd3]j7[0xaa][0x1c][0xf6])M[0xfa][0xfb]2[0xa0][0xe6][0x9c]9Y[0xfe][0xb9][0xb0]q[0x96][0xb0][0xdf][0xe4][0x8f]-Jy)[0xf9][0xf8]<[0x12][0xbe][0x1e][0xb6]\j[0x9f][0x1]_;[0xff][0x95][0x94]#&[0x86][0xf9]k[0x94]H[0xfb][0xf]"SI[0xc9]w[0xa4][0x11][0xd9][0x8a][0x1a][0xb6][\n]"
18:24:04.340 [main] DEBUG org.apache.http.wire - http-outgoing-0 << "[0x5]|@3[0xac][0xe2]S2[0xb1][0xbf]9[0x11][0xc][0x2][0xf6][0xcf][0xa4][0xfb][0x2]o[0x8e][0xb6][0xd1][0xa4][0x12][0x7][0xf7][0xae]]"[0x1b][0xe9][0x87][0x97][0x8d][0x83][0xeb][0x84][0xb4]w[0x14][0x19]^[0xb3]F[0xa2] "[0x9f][0xe1]*F[0x1c]Xt2[0xa7][0xfa][0xd7]J[0x8a][0xad][0xb4][0xaa][0x95]9[0xd9]L[0xc6][0x84][0xac][0xe3]h[0xf7][0xa9][0xab][0x94][0x81][0xaf][0x83][0x91][0xeb][0xc][0x93][0xa4][0x16]n[0xc7][0xc]R[0xcc]T[0xbc][\r]![0xf8]'W[0xcc][0x17][0xb2][0xc2][0x16][0x94][0xd6][0xc6]I[0xe6]U[0x5]6"
18:24:04.340 [main] DEBUG org.apache.http.wire - http-outgoing-0 << "[0x1c][0x3][0xd6][0xe][0xcd]'2[0xb9][0xbc][0x10][0x1e][0xac][0xa1][0xb5][0x9f]`[0x12][0xc9][0xf2]f[0x85][0xfc][0xb5][0x94][0xf0]w&[0x1b][0xfc]=8[0xd9]^[0xbc]'Ir[0xfb]T[0xc6]([0xad]B[0x3]Z4[0xc8][0xd3]%[0xee]3%K[0xba][0xb]"[0xe][0x97][0xee]o;[0xae][0xa2]3w[0xb0][0xe1]b[0xc7][0xe0]'[0xfb][0x1][0x82][0x87]1J[0x0][\r]Vq[0xb0][0xaa][0x8a]X[0xb0][0xda][0xdd][\r]Vr[0x19][0x9]nS][0x9a]-[0xd8][0x10][0x91] [0x1a]-[0xc2][0x81]Ulu[0xdf][0xb5][0xd7]%[0x18][0x80][0xad][0x0][0x5]V[0xc3]9[0x6][0x10]`[0xf2]A#[0xcd][0x9b]F'}[0xfa][0xf0][0xf2][0xa8][0xeb][0xf6][0x85][0xc1]2O$[0x14][0x8a][0xbd][0xb9][0x86]\T[0xf7][0xe3][0x16]ZS[0x15][0xfa]yE[0xe8][0xe7]uu>[0xb3][0x89][0xac][0xec]T[0xb7][0xf9][0x85][0x14][0x91][0x9f][0x97][0xed]O`V[0xa2]S=:s[0xec][0x8c][0xfa]\*[0x97][0xca]'[0x4]R?[0x9a]O_[0x90]}[0xea][0xe1]5a[0x18]s"[0x9d]O[0xf]b[0x14][0xd3]&[0xce][0xcf]T[0xc8][0xdd][0x9e][0xd2]li[0xe1]][0xcb]R[0x1e][0xaf]'[0x97][0xe6][0x1][0x85]X4Uc[0xad][0xfb][0x99][0xbb][0xee][0xd4][0x4][\n]"
18:24:04.340 [main] DEBUG org.apache.http.wire - http-outgoing-0 << "[0xb1][0x99][0xa7][0x92]<[0xf][0xef][0x8b][0xc9]%h`2[0x9][0x1a]BY$[0xeb][0xf1].[0x89][0xda][0x5][0x8b]1[0xe8]W[0xb][0xd8][0xbd][0xc2]Z[0xda][0x1d][0xb9][0x85][0x8b]][0xf4]#[0xae]0[0x93]2fu[0x90][0x7]w[0x89]f[0x9b]~H[0x83][0x84]>9|[0xe9][0xe0][0x83][0xc3][0x17][0x87][0x17]:sm[0xa8][0xd0][0xc0][0xf9][0xaa][0x1a][0xb1][0x1b]f[0xbe][0xcf][0xdb][0x1d]\g;\[0xa3][0xba][0xe5]upK[0xa3]C[0x8f]U[0xe7]g[0xa8]KT4mWM[0xd2][0x9f]J[0x87][0x85][0x82][0x91][0xd6][0xa8][0xa1][0x9a]^[0xc7]A[0xfc]*h\4O[0xcf][0x88]N2[0x93]U[0xca][0xd6][0xa1][0x80][0x9a][0xa5]PR[0xb2][0x14][0x18][0x1b][0xbc]J?([0xab][0xdb]&ja[0x1d][0xc7][0x6][0x1d][0xb1]dn[0x4][0x85][0xf6][0x0][0x18][0xb0][0x89]Id[0xfa][0xac][0xf9]x[0xb4][0x82][0xa9]D>)[0xb3][0xe9][0x93]|[0xa1][0x82][0x82][0x0]u[0xec]253[0xa0][0xd3][0xcf][0xe5][0x13]B[0x5][0x8c][0xcc]dnH[0x8f][0x19]'[0xd5][0xa7][0x94][0x82][0x8c]Z[0xff]4[\r][0xee]][0x9c]>[0x1b][0x12][0xe][0x96][0xe6][0xa6]4[0xf0][0xc0][0x9e][0x83][0x4][\r]}[0xea]d[0xfc]"X[0xf5][0x83][0xdb]b[0xc8][0xd0][0xdd]cG[0x1c][0x16][0xd8]A[0x4][0x9][0xb7][0x8f]v>[0x94][0xec]\[0xbc][0xf][0x83][0x83][0xe0][0xe7][0xc][\n]"
18:24:04.340 [main] DEBUG org.apache.http.wire - http-outgoing-0 << "[0x82]#[0xe][0x3][0xec][0xa0][0x1]G[0xe][0xc5][0xff][0xe0][0xfa][0x8][0x8e]n[0x1b][0xff][0x8a]b[0x3][0x1] [0xcc][0xcf])[0x80][0x10][0xbb][0x3]WKr[0x96][0x94][0x92][0x9c][0xa5][0xb9])-[0xf3][0x9e][0xb4][0x1d][0x98][0xaa][0xf9][0x1b]Z[0xb5]`[0x8e]![0x2]v[0x19][0x13]f[0x9]u[0xf7]6[0xba]{nw[0xaf][0xfb][0xe]0[0x88]+X1[0x8c]'}@[0x91][0x8d]\[0xb1]P[0x90]p![0x11][0x8b][0xb]@/([0xa6][0xd2][0xf9][0x1c][0x8][0x83][0xc9][0x14][0xf4][0xa6]n[0xad][0xfd][0x8c][0xd6][0xd7][0xa0][0x91]E[0xc][0x10][0x8][0xa2]jA@[0xe7]H[0xef]S\[0xa3]4W[0x82][0x1a][0x2][0x9b][0xb2]a#[0xd3]E[0xa2]M[0xed][0x83][0xa7][0x90]6[0x10][0xdd][0x10]W[\r][0x82][0xc3][0x0][0x1][0x8][0x15][0xb][0x12][0xdc]H[0xef][0x7]8pUP[\r][0x82][0x1f][0xd6][0xa4][0x1f]r[0xb5] <[0x8e][0xd0][0xc0]D[0x2][0x1e][0x8][0x8e]l[0x6][0x9][0xf]/[0x8f][0xa2][0x9][0xd4][0xd1][0xaf][0x12][0x16][0xe6]*",[0xc4]E[0xe0][0xda]*[0x1b]giE[0xdd],h[0xbd][0xd8][0x5][0x89][0x1d]c[0xca]r[0x9e]3u[0x98][0xb0]2[0x84]I[0xa0][0xec]X[Z[0x1f]t&/[0xc6][0xd0][0x16]'[0x13][0x81][0xf]z"[0x99]+N[0x16]t[0x4]z[0xe4][0x86][0xa1][0xf]:7[0x90]Tsb[0x18][0xb3][0x9c][0xe9][0xdf][0xff][0xf]U[0x8c][0xfb][0x14][0xd3][0x18]m;[0x1f][0xeb][0x85][0xa6][0xf7][0xf3]3[0xc9][0x19][0xe2][0xdf][0x12][0x97][0xfc]([0x8a][0x96][0xff][0x1d][0xad][0xfb][0x1f][0x1c][0xed]|[0x14]I[0xba][0x8f]#1[0x8f]Be[0xf9][0xdf]\[0xbc][0xa3][0xe8][0xd8]`[0xe0]hk=[0x12][0xdb][0x85]m[0xfa][0xa3][0x19][0xd2][0x1c][0xf7]9[0xc7]jF[0x81][0x15]:IyN[0x95][0x94][0x93][0x8a][0xa4][0x9c]\[0xd0][0xc6]{H96$[0x8d][0xc6][0x8b]1[0xa5][0x91]1Oc[0xd7]5;[0x8e]K[0xc9]([0x94][0xc9][0x9d]&~5[0xd7][0xc][0xce]=[0xd3]4[0xa6]L[0xb][0xdb]?[0xa1][0xdd]-[0x95]N[0xa4][0x4]38[0x10][0xba]d.?Y[0x94][0xcc][0xe1][0xc2][0xc][0x81][0xfd]-[0x9d][0x1b][0xc6][0x1a][0x9e][0x1e]h[\r][0x97][0x1e][0x80],[0x99][0x9f]&[0x8][0xe4][0xc9][0x8b][0x12][0xbb]1Z[0xaf][0x2][0x96][0xab][0xa0]F[0x13]vN [0xb7][0x15][0x9a][0xb9][0xa0][0xfd];U[0xad]_?[0xda][0xd9]e[0x81][0xea]R[0xc1][\n]"
18:24:04.340 [main] DEBUG org.apache.http.wire - http-outgoing-0 << "[0x4]~[0x11][0xd6][0xab][0x0]ma[0xb5][\n]"
18:24:04.340 [main] DEBUG org.apache.http.wire - http-outgoing-0 << "[0xd0][0xc6][0xa4][0x91][0x1d][0xb2]R[0x15][0x81]X.w[0x9c]&[0x9c]YP[0xa4][0x82][0x94][0xa8]8|[0xd1]8[0xbc]DC;[0xb6]G[0x88]^[0xb7][0x9f]k[0x8e]$[0xa9][0xb][0x8e][0x8b][0x91][0xf1]O [0xa0][0xa2][0x8c][0x9d][0xb6][0x85][0x9f][0xf1][0x8c][0xc1]TPM5[0xf6]cA[0x89][0xfd](Wt"\[0xc8][0xca][0xd4][0xd3][[0x8e]][0xdf]B[0xf4]3[0x90]e[0x98][0xe]:`[0x8a][0x6][0xbd][0x93][0xb1][0xf1][0xb1][0x1f][0xae][0xdc][0xf8][0xe1][0x85]w[0xbe][0xff][0xe4]o?[0xbc]G[0xff][0xbd][0xfd][0xe6][0xf]o[0xdf][0xfe][0xfe][0x93][0xbf]}[0xf7][0xd9][0xad][0x1f][0xff][0xf8][0xda]w[0xb7]H[0xfa][0xf3]L[0xc3][0xf1][0x1e][0xbc]b[0x1b]K[0xa6][0xbd][0xe1]o[0xf8][0xf][0xf6]Lc[0xde]n[0x99][0xb6][0xb1][0xe0][0xd8][0xf5][0xc6]&[0xaa][0xfb][0xcd]c[0x10]p[0xa4][0xb2][0xa9]BR[0xd4][0x9c])[0x9]u2[0xa5][0x4][0xa1]R[0xee]?:s[0xb8][0xaf]Nd[0xd3]C[0x84][0x91][0x17][0xe3]x7[0x16][0x96]+1[0xec][0x1b][0xdf][0xff]u[0xfb][0xc7][0xd7][0xdf]R[0x89][0x0][0xfa]$[0xa5],[0x94][0xcf][0xc8]\[0x85]l[0xbe][0xc6]&[0xc5][[0xa0]:[0xef][0xf6][0x17][0xf9][0xa6][0xc4]/[0xd5][0x84]9)[0xe1]3[0x10][0xe6][0xfb][0xe3][0xeb]o}wk[0xef][0x87][0xff][0xfc][0xbc][0xaf][0xcc][0xaf]7[0xf9][0xab][0xa7][0x2]?C[0xbf]hHtH[0x5]~[0xc6]q[0xbb][0xbb][0xcc]h[0xe2][0xb8][0xeb][0x81][0xbc][0xfb][0xd6][0xdb][0xff][0xfb][0xf1][0xc7][0xdf][0xde]x[0xf5][0x9b][0xdb]_~s[0xfb][0xcb][0xff][0xb9][0xb7][0xfb][0xcd][0xdd][0xbb][0xdf][0xde]xU![0x9e][0x12]F][0xf][0x84][0x9f][0xb4][0x9a][0xc8]Xw[0xc2]k[0xb5];[0xda]f[0xe][0x1][0x84]X1[0xf8]N)[0x0]T7[0xf0]yL[0xd2][0xe7]I[0xab][0xe0][0xfc]"[0xf2]p[0x9d]"[0xc0]G#[0xac][0xd4]mw[0xb0][0xfc][0x13][0x89][0x14][0x17]k[0x16]"
18:24:04.340 [main] DEBUG org.apache.http.wire - http-outgoing-0 << "[0xf0][0xb4][0x84][0xc8][0xa6][0x8][\r](R[0xa5][0xca][0xfc]RYe[0xeb](k[0xb3][0xdc][0xf3][0x92][0xd0]W[0x91][0xd9]F[0xba]U[0x9b][0xe]Ir}[0x1d]{[0x13]#[0xab][0xd3][0x8][0xd2]B[0xfa]L[0xb6][0x8a][0xec]&[0xea]t[0x8][0x15][0xad]I[0xf0][0x97][0x9d][0xa3]U[0x83][0xcc][0xee]_l[0xe4][0x1d][0xab]pU[0xae][0x98][0x11][0xb6][0xc2][0xd9][0xc9][0xd4]x2[0xa3]D[0x95][0x4][0xd6][0xcc]([0xb0]$[0x97][0x19][0x92][0xe3]q[0xd0][0x9a][0x1d]w[0xdf]2[0xd1]c[0xe2][0x97]V[0xc7]jM[0xaa]c[0xc5][0x8a][0xd6][0x87][0xa5][0xe2]Q[0xcb]q[0x19][0xfd][0x4][0x1c][0x8b][0xb5][0xfb][0xfd]"[0xc7][0xfe][0xea][0xae][[0xa4][0xce]<fX-aE[0x9e][0xa4][0xa7]bEX[0xcc][0xca]D[0xb6]M[0x1e][0x8e][0x8][0x1a][0xff]}[0xf9][\r]V[0xe2][0xf2]h[0x87][0x90]_[0xc5]T[0xb5][0xa2][0xbf]5[0xaa][0xb8][0xd3]![0x6]h*[0x8a][0xa6]R[0xe4][0x8a]N@)r[0x15][0xb4]F[0xa8][0x81]-s[0xa3][0x19][0xdd][0x88]\[0xf0][0x8a][0xc3][0x88][0xd3]Bd[0x3]O[0xa9]N[0x9c][0xbe][0x85][0xaf]Xn[0xb][0xf3][0xaa]>z[0x95]M[0xbb]=[0xea]v`[0x13]m[0xc5]l[0x3][0x1c]u[0x1b][0xb0][0xac]l[0x3][0x96]uv[0xf5][0x8c]dV_[0xf6],][0xbe]*[0x1d][0xae][0xe4][0xb8]u[0xcc][0xfe][0xc7]u1[0xf1]>[0x9c][0x1d]Y[0xfc][0xb1]k6q[0xc7][0x8][0xba][0x8b]M[0xb8]>88-[0x14]TmtZ6[0x95]J[0xa7][0xb2][0xb0][0xa2]|[0x8e]f[0xa7]$T[0xc5]`[0x13][0xd7][0x85][0x8a][0xf2][0xa9]t[0x1][0xb2]o[0xa4][0xb2]C[[0xd5]N[0xd2][0xaa][0xb5][0xd5]3[0xb3]1ZAp[0xb3][0xf2]6[0xa0][0x8f][0xbf]myAP[\n]"
18:24:04.340 [main] DEBUG org.apache.http.wire - http-outgoing-0 << "[0xd8]\[\r]Jm[\n]"
18:24:04.340 [main] DEBUG org.apache.http.wire - http-outgoing-0 << "1[0xa4]9[0xc0][0x9a]nK*[0x81][\r]U[0x2][0xf8][0xc][0xe4][0xf9]z[\n]"
18:24:04.340 [main] DEBUG org.apache.http.wire - http-outgoing-0 << "[0x8b][0x8f]][0x93][0x87][0xaa][0xe9][0xa6]8[0xed]4[[0xdd][0xbf]X[0xda]![0x8d][0x1a]?)[0xf]-A[0x9d]m;[0xba][0xa1]K[6[0x9d][0x98]vh[0x9b][0x9f][0xec][0xa7][0xc7]l[0xe2]:[0x88][0xe2]q\[0x1f][0xd7][0x81][0xc7][0xde]=[0xdf][0xfd][0xa8][0x8e][0x85][0x8d][0xca]5j[0x14][0xf8][0x10][0xa4][0xc0][0x91]nd6[0x91]k>[0x18][0x85][0xfb][0xe4][0x83][0xc3][0x10]Z[0x82][0x8b]6[0x82][0xab][0xe0][0x7]W[0x9a]0[0x99][0xe5][0xe6][0xe1]K_[0xbd]9[0xfc][0xfe][0xc3][0x19][0xc6]- r[0xf7]h9{[0xa2]8[0xd8]Q#[0xe9][0x96][0x5]S[0xdd]r[0x8b]~@[0x1a][0xe4]q[0xd4],[0xd7]e%[0xcb]u[0x99][0x12][0xfc][0xa9]E[0xee][0xe5]dy[0xdf][[0xd3][0xb2]|[0xd0][0x11][0xab][0xbe][0xd5]!a[0xe8]4[0xd5][0x9f]O[0xa8][0x8a][0xac][0xaf][0xef][0xec][0x91]V[0xe3][0xbf][0xbe]\i[0xdd][0xdf][0xb6][0x7][0xed]8Bs[0xbd][0xaa][0x9d]d2[0xa9]D2-[0xd0][0xe2][0x93][0xb0][0x9e][0xac][0xbc][0xdf] [0xd7]6A[0xf9][0xfa]b6[0xf1]H[0xd5]q[0xc6][0xaa][0xd4][0x82];U![0x90]rvvIe[0xf6][0xb8]C[0x17][0x95]K[0x9a]d[0xb7]xW[0xdd][0xf2][0x12][0x88]v[0xa5]S5\S[0xcc]{?[0xb8]9yp[0xe7][0xe9][0x11]z[0xf0]wG[0x5]t[0xb9][0xd5][0xbd]b[0x7][0xe2][0xc9]OD[0x81][0xae][0xb4][0xee][0xe5][0xc5][0x90][0xc8][0xc3]a[0xe7]k[0xac]o[0xf7][0xbd]@ [0xf9][0xdf]T[0x1a][0xf9][0x18][\r]0[0x1e][[0xbc][0x83]g9[0xac][0xc]:-{[0x18][0x1b][0xfc]/[0x84][0x2]cyIp[0xd1][0x97]Q[0xd3][0xf4]:q2[0xdd]n*2]^P,[0x12]S:[0x8b][0x84]\A[0x97]V[0x0]D5[0xb4][0xae][0x91]j:f[0xf9][0xfe]6[0x99][\n]"
18:24:04.340 [main] DEBUG org.apache.http.wire - http-outgoing-0 << "[0x91]\}[0xbd]@0UV[0x18][0xf0][0xfe]5#[0xac][0x19][0x88][0x9e][0xc1][\r][0x3][0xc]q[0x8c][0xac][0x94]d1[0x93]Le[0x13]9hb[0xa4][0xa4][0x82]yY[0xad][0x8]f[0x14]a@[0xa1][0x90],[0xe]CF[0x98][0xd5]d[0xbd][0x9e][0x9c][0x93]r[0xd6][0xe7]+%[0x5][0x9][0xc0]C[0x90]7*[0xf1][0xde][0xba][0xf2]B[0x5][0x16]b[0xe0][0x93]~[0xd2][0x95][0xb3]D-[0xc0][0x97]`[0xc5]wA4[0xfd][0x8a][0xbb][0xee][0xab][0xa0]rp[0x93][0x88]F<[0x9c][0x80]g[0xc3][0xe3][0xe8][0xc9]1[0x80][0x15][0xd0][0x81][0xaf][0xfa][0xaf][0xd2][0xb2][0x1a]wh1[0xc1][0x88]s7[0xea]Vc?;[0xe7][0x93][0x81][0xde]s[0xa2]0z[0xd0]b[[0xe2]o[0x1a][0xd2][0xa5][0xc2][0xf8][0xf9][0xaf]vG[0xe6][0x7]m[0xa3][0xe6][0xcf].[0x1][0x86][0xc8][0xbb][0x80] [0x16][0x8a][0xc9]Amo[0xaa][0xf0]qF[0x81][0x8f][0xc5]3Z[0xef][0x9d]d[0xdb]([0xd5][0xb1][0xeb][-_[0x8b][0x1f]g[0xa4][0xf8][0x9e]`N[0xd3][0xd8][0xf2]}[0x3][0xbb][0x6]2[0xa6]1i:N[0xb6]i[0xbe][0x98][0x85]&[0x8b]<[0x9][0xbd]Og[0xa4][0xd0]{zeh[0xaf][0xc8][0x16][0x1f][0xc5][0xf4][0xa8][0x8a]=[0xbb]!Y[0xe6][0xe3]Kc[0xc9].[0xba][0x9e][0xfd][0x5]W[0xa2][0x8]n[0x9f][0x8b]5;[0xe0]"m![0xc7][0x83][0x2]M[0x2][0xfc][0xae]F[0xa2][0xcc][0xfa][0xd6]\p[0xd0][0x86]g[0xb8][0xf4][0xb2][0x83][0x6][0xec][0x16][0xca]-[0xf5][0x8f]0BJh[0xdb][0xda][0x1c]l5\<#I[0x11][0xf6]:[0xa6][0x8d][0xc7][0xd9][0x93]7[0x9c][0xe7]bdJ[0xa5][0xc5],+[0xb4][0x98][0xe5][0xea][0xac]6A4!s[0xe9][0xb5][0x90]e![0x1d]+&[0x1d]3[0x98][0x89][0x11][0xce][0x8e]8[0xe][0xd0][0xa6][0x85]:[0xc6]I[0xd3]B[0xde][0xd7]w[0xf6][0xcc]c)[0xda][0xb9]B*#[0xa4][0xb4][0xa4][0x93][0x93]EBA[0x95][0x92][0xa5][0x8a]^[0x1f][0xee][0xe0]a[0xd5][0xb9]tV[0xcf][0xab][0xad][0xe1][0x9f][0x9a][0xa7][0x8c][0xa1][0xb3]s$0[0xee][0xb7][0xcb]j4[0xcc][0xe1]6[0xa5]q[0xfe][0xe2][0xf0]e[0x8d][0xba][0x9d][0xea]S[0x8b]n~[0x11]Dc[0xce]{.[0xc2][0x96]i[0xd8]x[0xd3][0xf0][0x1a][0xf8][0x1c][0xb6][0xc4]u[0xf6][0xea]S[0xd3][0xb9][0xcb][0xc8][0xea][0xbe]O[0x9e]%[0x2][0xf2][0x84][0x83][0x86]@[0xa6][0xc2][0xb7][0x1d][0x89][0xd5]u[0xb2]N^[0xdc]>[0xba][0xf8]2[0x10][0xae][0xf0][0x87]5Wjh[0xcb]=[0x2]A#[\r][0x1b][0xb6][0x87][0x8d]:[0xae][0x91][0xdc]7[0xb0]d[0x82]y [0xf0]*[0x1e]^[0x1e]e[0xc5][0xf4][0xf0][0xaf]H[//[0xce][0x8a](a[0xa3]VL[0xf8]\[%[0x9d])O[0xa9][0xba]zI[0x1b]W[0x9f][0x97][0xab]@[0x91][0xeb][0xc4][0x95][0xae][0xa3][0xc3][0x8a][0xcb]-[0x9f][0x96][0x18]XO[0x9b][0xbb]W[0x8e][0x1f]V[0x9f].$3[0xb9]<[0xd4][0xc7][0x8b]4[0xaa]^[0xd5][0xc7][0xc9]<[0x4][0x94][0xc8]g3I[0x90]a[0x93]M[0xea][0x13]Q5[0xfa][0xf8][0xcc]2[0xf9]FHh[0xbd][0xba][0x18][0xb3][0xfb]R[0x96][0xe3]b2^[0x5][0x9f][0x9a][0x86]*x0O[0xa3][0x86][0xac][0x9a]#[0xc4][0xcc]M[0xff]f[0xf2][0xb1][0xad][0xcd]"
18:24:04.340 [main] DEBUG org.apache.http.wire - http-outgoing-0 << "[0x8f]%[0x16]?|[0xfb][0x1c]M[0x82][0x87][0xc3][0xb1][0x84][0x9f][0x8c][0x80][0xe4][0xe5][0xa3][0x8b][0x8e] [0x84][0x9f][0xae][0xb9][0xc2]o[0xdb][0x1d][0xf1]9[[0xb0]oC[0x18]8Z[0xa6])S[0xcc][0x8][0x1c]1md[0xff]2[0xc3][0xec][0x89][0x14][0xb][0xa8][0xd0][0xf6][0x11][\r][0x97][0x99][0xf3]M[0x1b][0xc7][0xe1][0x83][0x1a]^[V[0xc2]k[0xcb][0xda]j[0x1b][0xb9]|VS[0xd8]z[0xc9]q[0xb1]W[0xd3][0x2][0x4][0x19]d[0xde]^[0xc7]mL[0xdc]*[0x1d][0x3]([0x12][0xca]T[0xa3]~F[0xb5][0x83];F[0xcd][0xb4][0x1c][0xbb][0x1e][0xf4]4}*[0xb8][0x8f][0x9e]4[H[0x14]d[0x9e]KZ[0xbe]#[0x93]W[0xc0]C[0x9c][0x1a][0xf4]9[0xa6][\n]"
18:24:04.340 [main] DEBUG org.apache.http.wire - http-outgoing-0 << "[0xb0][0xec]uV[0x9b][0xcd][0xae]s;[0x8e][0xcd][0x9f][0xd0]m[0xe1][0xe1][0x9d][0xa9] [0x12][0xef]'([0xcf]-@[0x10][0x91][0xe6]k4[0xd9][0xda][0x19]1[0xd0]=[0x15]M[0xbd][0xed][0xa3][0x89][0x12][0xf6][0xeb][0xc1][0xfb][0xe5][0xa8][0xd0][0xee][0xde]E[0x6][0xcb][0x9e][0xb]_=G[0x88][0xb6][0xe3]#[0xcf][0xc4][0x13]a[0x1a][0x1d][0xe9][0xd0][0xdd][0x15][0xd5][0x8f]7[0xa8]w0L[0xa7][0xfb]XL[0xa9][0xe5][0xf][0x83][0xa6][0xd3][0x85][0xc3]sL[0xa1]g[0x82][0x13][0xdd][0xdd][0x8]][0xd4][0x13][0x1c]g[0xda][0xe]F[0x13],[0xb5].[0x1c][0xac]![0xf]v[0xde][0xb4]A[0x88][0x1][0x5][0xa0]{[0x87]/[0x1d][0xbc]k|[0xf5][0x9]QXx[0xbc][0xd1][0xf0]`4D%[0x10]"[0x9d][0x82][0xdc][0xd3][0x1c][0xa4][0x18]O`{K[0x95][0xf7][0xb3]j4[0xd1]Y[0x9d]> [0xd3]NNy[0xbe]MqI'[0xec]g[0x15]m [0x9c][0x96][0xa0][0xf]X[0xf0][0xcc]i[0xdc][0xe9][0xbe][0xc7][0x1b][0xba]W[0xcc]at[0x4]n[0xd6][0xd0]'[0xde][0x15][0xb2][0x99]l:'[0x4][0x5][0xd2][0xcc][0xbb]lA[0x11]s6[0x7]([0xdf][0x89]\>[0xb][0x8c]v[0xd9][0xd4]df8&[0xfe][0xb1][0xa9][\n]"
18:24:04.340 [main] DEBUG org.apache.http.wire - http-outgoing-0 << "[0x81][0xba]i[0xaa]*Lk*X[0x81];[0x16][0xc5]<[0xd7][0x87][0x98][0xbf]|v[0xe][0x8a]y0_[0xa3][0xee]#[0x92][0xfb][0xb2]'n%>}[0x9c]k[0xbe]h[0xb3][0xab]K[0x88]QwA[0x85][0x9f][0xb9]hv"[0xe7][0xdc]y[0xd4][0xbd][0x89][0x9f][0xf9][0xfa][0xee][0xdf][0xfb][0xa1]F[0xf8][0x98]8\[0x84][0xc7][0x1c]#[0xc2]ca[0x9f]O[0x12][0xf9][0x8e]v[0xde][0x8f]P [0xec]V[0x3]?3#[0x91][0xf][0x8f][0xb9][0xa4][0x87][0xfd][0x1b]a[0xff][0xf3]hC [0xbd]x[0x94][0x4][0xbe][0xb6][0xbb]5[0x84]f[0xb1]R[0x85][0xac][0x95]!C[0xab][0xf0][0x9d][0xf7][0xa3][0xab][0x1c][)MU)[0xa5][0x9][0xfd][0x83]|[0x83]+[0xab]S%U[0xcf][0xe0][0xc1][0xf9]$>[0x13][0xad][0x99][0xe4][0x9b]6[0xaa][0xbe][0x1b]*[0x17]^[0x14][0xd1]O[0xbb]t?[0xec][0xde][0xa2]][0xac][0x89])[0xa9][0xf]6H![0xc4]U[0xdf]\g[0xa7]([0x99] [0xa6]s[0xa4][0x1f][0x9a]4w[0x96][0x84] [0xaa].[0x82];[0xb1][0x8c][0xe3][0xf8][0xeb][0xda]j[0x82]`YI[0x10],k[0x13][0x4][0xb3][0x12]m[0xce][0xa2][0xd9][0xd2][0xe5][0x2][0xd1][0xe1][0x4][0xe0]b[0x93]1d[0xd4][0xc2]n[0xf7][0xee]q[0x1]*[0x9d][0xcc][0x14][\n]"
18:24:04.340 [main] DEBUG org.apache.http.wire - http-outgoing-0 << "2[0xdf]6[0xd1])&[0xf2]9[0x19][0xa1][0xb0][0xeb][0x9f][0x17]x;R[0x85]l*[0x99][0x13]R[0x80][0x92]C[0xee]b"h"[0xbe][0x5][0xba][0xa3][0xa1]-[0xb3]3*[0xa9][0xe][0xbb]Q[0x15][0xa9][0xe2][0xe3][0x97][0xcb][0xb3][0xe0][0x3][0xe][0xe6]mx[0x8e]`[0xed][0xa8][0xfe]f[0xf2][0xa9]lKpD"[0x17][0xdc][0x19][0x3][0x93][0xee][0xae][0xeb][0x0][0x16][0xb9]?[0xd1][0xfa][0x98][0xa1][0xcf][0x9f][0xf4][0xbd][0x13]"[0x8][0x8e]H[0xe4][0xf8][0xdf][0xc]9pD![0xc7][0xff][0xe][0x10]c[0x14][0xee][0xb8][0xf6]PYO[0xa4][0x8c][0xf6][0xff]K0[0x9a][0x15][0xc1][0xa8]aZf[0xbb]m[0xda]8&X[0xb3][0xdd]P1[0xe9][0x94][0x82]I[0xa7][0xb4]|%i[0x85][0xb9][0xc0][0xb4][0xb4][0xa8]tJ[0xc3][0xde]-[0xce],[0xc0][0xa7]&2[0xc8]F[0x89][0x9c]2[0xe5]x[0xcc]Ga[0xea]N&[0xd2][0xa9][0xbc]D[0xf6]E[0xf9][0xb][0x92][0x84][0xf3]W[0xc0][0xa8][0x93][0xec][0xa2]N[0x14][0xfc][0x90]I[0xa5][0xb3][0x90][0xbd] [0xa6]toa[0xb0][0xab]#[0xbc][0x1f][0x15][0x89][0xfa]l[0x8d]N[0x95][0x81][0x90][0x84][0x8f][0xcb][\r][\n]"
18:24:04.496 [main] DEBUG org.apache.http.wire - http-outgoing-0 << "40b7[\r][\n]"
18:24:04.496 [main] DEBUG org.apache.http.wire - http-outgoing-0 << "hcOb[0xf9][0xba][0xf9]4vE[0xe1][0x84]B[0xe7][0xe4]Ip[0x9b][0xc][0x96][0x84]w[0xcc][0xb1][0xe9][0xf5][0xa3][0x9d][0xf7]Hd[0xe4][0xc5][0xd7][0x80][0xf2]d[0xd0]1@)8V[0xbb]#5P[0xbc]b[\r][0x1b]vdm[0xe5]]t1[0x8d][0xb4][0x8e][0xcc][0xa5][0x83]O[0xe][0xb7][0x9]][0xc8][0xc3][0xcb][0x87][0xf7]F[0xb3][0xc0]6[0xac][0x9f][0x9]gw[0xf9][0xd4][0xbc] [0xdf]fg[\r][0x99]n\[0xac][0x83]Z[0x8d][0xb4][0xac]T#-[0xcf][0x94][0x86] #[0x9a]ZG-[0xaf][0xe3]lj[0xb7]Kd[0x80]`&[0xc6])b[0xf8]p=[0xc7]6N[0xf8]k&[0xa6]yO[0xcb][0xd8]v[0xc2]x[0xe4]G[0xcf]L[0xcc][0x8a][0xbb][0xa1][0xec]d[0x82]g"[0x8e]O$[0xd3][0x89][0xc9][0xa4][0xa8]s[0x4][0x13]Rr[0xa4]2[0xf9][0xc1]%[0xca][0x86][0x11]ja|[0x8d]l[0xf7][0x9]dz[0xc4],E6[[?[0x81][0x9f][0x8b]c3[0xfa]$A(5h[0x5][0x1][0xd4][0xa0][0x95][0xa3][0xc3]k[0xb4][0xc8][0xd9]Mj[0x19][0xf9]L[0x8c][0x98][0x6][0x9d]A[0x88]4h[0x5]![0xd2]es[0xad]{[0xc5][0x5][0xdc]bA79.:hw[0xce];$ [0xfa][0xfe][0xbf]mDY[0x90][0xf7][0x1e]^>[0xb8]J[0x13]-F@[0x8a]5{[0xa4][0xc0][0xe7][0xb2][0x13][0x9f][0xff][0xd8]Vi6[0xcb][\n]"
18:24:04.496 [main] DEBUG org.apache.http.wire - http-outgoing-0 << "[0xcd]fyY[0xb7]6g[0xa4][0xe8][0xc3]3[0xc8][0xf5][0xb4][0x15]6[0xe8][0x80][0xc2][0x8e]![0x98]P[0xe5][0x2]^[0xbb][0xd0]v[0xbc][0xb6]c[0x99][0x1d]D[0xda][0x9]w[0xe2][0xc0][0xe8][0xe6]`1[0x8e][0xab][0xc3][0x9d][0xce][0xa7][0xd2]E[0x91]z31[0x9e]R[0xdc][0x1e][0xe][0xff][0xf6][0xf8]RL[0x98]D[0x8a][0x2][0x8f]HrX[0xc2][0x80]E[0xa2][0xc0][0xcd][0xac][0xce]r[0xda][0xcd][0xf1][0xb1][0xc5][0xd3]+<[0xcc]y|[0xac][0xfa];b~\YP[0x9d][0xa6][0xfc]~U[0xa1][0xee][0x13][0x93][0xb4][0x8][0xb7][0xe][0xf4][0xe][0x8c][0xb][0xf]v[0x1c][0xea]q[\n]"
18:24:04.496 [main] DEBUG org.apache.http.wire - http-outgoing-0 << "e[0xf2][0xc2][0x83][0x9d][0x1][0x95]y,[0xb9]2[0x8f]%[0xf]+[0xb][0xe5][0xc6][0xfd]?^[0xd8]j[0x1a]m2[0xe7]>[0xdc]_e[0xc7][0x8a]V[0xeb][0xb2]cA[0xf2]?rX[0x87][0xfe][0xd1][0xb7]u[0xec]^[0xd1][0x8f]j[0xfc]G[0x2][0xb1][0x1f]9[0x86][0x8c]~[0xc1][0x5][0x1b][0xbc][0xf3][0x6][0xa4][0xdf]|[0xe1][0xf0][0xc5][0xd1][0x83][0x87][0x1c][0xeb]Irn[0x12][0xe1][0x12][0x84][0x95][0x14]?[0x8a][0xe3][0xb9]nwTq=[0xad]Z'O[0xeb]Xq[0xd5][0xfd][0xbd]W[0xd3]&+[0xd3][0x11][0xc3][0xf2]L[0x8][0x1e][0xe0]0[0xb4]P4S[0x82][0xde][0xc7][0xac]h[0x9c]L[0xa4][0xf3][0x99][0x82]P[0x1d]4][0x9c][0xcc][0x8e]O([0x16]IX?*[0xe0][0xfc]H[0xc0][0xf2]Z[0xe9][0x82][0x9e][\n]"
18:24:04.496 [main] DEBUG org.apache.http.wire - http-outgoing-0 << ",[0xe2][0x5][0x94][0xe4]XW[0x1d][0x10][0xbc][0xf]IJ[0xfb][0xb0][0xd4][0x1f][0x8f]1[0xf7]1[0x96][0xcd][0x2]w[0xc3][0x5]4<[0xe6][0x12][0x1a][0x1e]G"z[0x8d][0xae][0x97][0xd7][0x1][0xd5][0xf][0xe9][0xe6][0xd4][0x91]e9[0x91][0x94][0x86]?lw[0xa4][0xc7]f[0x89][0xc7][\r][0xa9]h[0x1]8[0xb8]zpw$[0x9e][0xeb][0xb6][0xdb]y[0xb2][0x92]*[0xee]{}[0xec]v[0x1c][0xa3]b[0xc6][0xd5][0xef]l[0xab][0xb5]$[0xca][0x15]UX[0xe7]uI[0x8a][0xf9]B~l|,YL[0x17][0xe5]\E[0xdb][0xf8][0xad][0xaf][0xcd]V[0xa4]c[0xcb][0xd9][0x8a][0xe2]$g[0xbd][0xe]Zw[0x8c]E[0xb3][0xe6][0x92][0xe4][0x6][0xb2]uX[0xa7][0x6][0x3][0xd8][0xed][0x18]e}[0xd3][0x99]|&Y[0x10]*[0xfb][0xd2][0xe2]x[0x13][0xb9][0x9c][0x1c][0xf0][0x17]^[0x10][0x16][0xbf])[0xe4][0x13]?Ee_[0xf1][0xa6]%[0xb1]M?[0xa1][0xcc][0xc4][0x9f][0xd0][0x81][0xf0]xth[0xe1]!14[0x10][0x9a]B@[0x8][8$[0xbc]q[0xb4][0xf3][0x11]G[0x5][0x92]}[0xf8][0x99][0x80][\n]"
18:24:04.496 [main] DEBUG org.apache.http.wire - http-outgoing-0 << "A[0xdf][0x9a][0xf2][0xeb][0xb6][0xd2][0x87]![0x83]p[0xd1][0x10][0x1c][0x1c][0xd7][0x4]UC[0x89][0x8b][0xf0][0xe6][0xc1][0xd5][0xc3][0x97][0xc][0x92]5[0xf8][0xd5][0xee]([0xc6]B[0xd7][0x1c][0xec]!\[0x11]$[0xfb]Y[0xd4][0x89]+JwN[\r][0x17]zV[0x9][0x17]zv[0xea][0xb4]6[0x8e]P[0xda][0xef][0x9e]p[0x1a]:S[0x16][0x1d]/t[0xfd][0x7]s[0xe1][0xf1][0x83][0xcf]"[0x92][0xaf][0xe3][0x1e]#x0[0x95]-[0xe4][0xb3]9[0xc8][0xbe][0x9b]"a[0x80][0xd9][0xe4]dJ[0x14]Qz[0xe5](F?[0x99][0xcc][0x16][0xa0]1=[0xa9]W[0x8f][0xd3][0xfa]4[0x1d]%^p[0xe7][0xe0][0x8b][0x83][0x9b][0x1a][0xe9][0x8c][0xb7][0x9a]?[0xb][0xb]J[0xb1][0xc9][0x19]$[0x85]AN[0xcd]9[0xdc]yjQ[0x82][0xb][0xfc]e1[\n]"
18:24:04.496 [main] DEBUG org.apache.http.wire - http-outgoing-0 << "[0x0]~@[0xe5](x[0x8d]<7[0xe7][0x1a][\r][0x9d][0x87][0xec]yA[0x7][0x96][0xd1][0xcf][0xf]X[0x1e]??[0xa0][0xd2][0x12]t[0xa3]r[0x12]\[0x8e][0xc9][0x8]{[0xa2][0xc3][0x8a][0xc5]9[0xd4][0xf9][0x15][0x5][0xfc][0x11][0x89][0x3][0x2],2rx[0xce]y[0xfd][\n]"
18:24:04.496 [main] DEBUG org.apache.http.wire - http-outgoing-0 << "[0xad][0x88][0xf2][0xef][0x95],[0x9d][0x85][0xe5][0xaa]N[0x97][0x96]I[0xb2][0xca][0xae][0x19][0xc4]`[0xca][0xe2]L[0xc7][0xec][0xbd][0xd3][0xbb][0xd5][0xfb][0xc7][0xfe][0xc5][0xde][0xcd][0xde][0x97][0xbd][0xdb][0xbd][0xbb][0xbd][0x1b]F[0xef]O[0xbd]{[0xfb][0xdb][0xbd]{[0xbd]O{[0xf7][0x8e][0xb9][0xe5]M[0xe6][0xd3][0xe9]B[0x6].[0xbb][0x99][0xd4]$5Z[0xe5][0xc7]S[0xc9]IZ[0xcf])/[0xc8]6}((2W%[0x13][0xc5][0xc4][0x10]d[0x1f][0xba][0xaa]s[0x8b]$Boi[0x81][0xac][0x9c]K[0x94]9[0xb4]ZQ[0xab][0xce][0xf1][0x17][0xd2]D[0x6]f/[0xa4]{M1f[0xb1][0x8b]>[0xe][0x85][0xda];'[0xad][0xc5][0xe7][0x0][0xd3][0xf5][0x94]U[0xb]b[0x1f][0x85])W[0x1b][0xe7][0xcc][0xb6][0xbc][0x12]{[0x12]vx.[0xa8]3S[0xc5]nM3[0xd0][0xfe][0xf6][0xfe][0xf3][0xbd][0xec]o[0xf7][0xee][0xf6]n[0x1b][0xfb]o[0xf6]n[0xf5][0xbe] [0x9f]@,[0x8a][0xb0][0xe7]@!$[0xfc]v[0x9][0x86][0xb0][0xf6][0x8d]0[0x86][0x9b][0xc0][0x6][0xfb][0x8b]bF[0xd8][0x97][0x82]FxDP[0x83][0xf5]j[0x8][0xbd]8[0xc3][0x7]a[0xb7]&4\C[0xe3]F[0xd3][0xf1][0x86][0x89][0xfe][0x13]sk[0x83][0xf0]?m[0x8e]m[0xdd][0xc5][0xb8][0x85][0xed][0xce]h[0xda]8[0xb9]'([0xf1][0xdd]][0x9f][0xab][0xf4][0x9a]U[0xdb]U[0xbd][0xe2][0x15][0xc5]+^[0x99]][0xd1]V[0x96]L)l!vg[0xe2][0x4][0xb6]MO#[0xed][0x15][0xe6][0x1d]gs9^[0xad][0xe9]B&Q[0xcc]g[0xa4][0xba][0x15][0xc9][0xec]xV[0xae][[0x11][0x12][0xbe][0xaa][0x11][0xfe][0xc3]'[0xd3][0xca][0x12][0xbb][0x88][0xc][0xf0]L[0xe5]U[0xfa]q[0x15][0x8b]y<[0xc4][0xb6][0xe0]F[0xa8]X[0xd1][0xf7][0xc3][0xc2][0xb2][0xe8][0xe2][0xc][0xce]"
18:24:04.496 [main] DEBUG org.apache.http.wire - http-outgoing-0 << "s[0x15][0xf7][0xfa][0xd1][0xc5][0xf]h[0xa8][0xdc]U`"[0xae][0x98][0xb4]W[0xe8]?b[0xc3]D[0xe9]m[0xe0][0x98][0xae][0xd5]`[0xd8][0x86]t[0x19][0xe6];[0xba]I[0xd2]c8[0x11][0xde][0xf0][0xf6])[0x17][0xfb][0xbf]FrKa[0xfd]v[0x82][0x12][0xba]:aV[0xb9]:*[\n]"
18:24:04.496 [main] DEBUG org.apache.http.wire - http-outgoing-0 << "WGeY'[0xcc][0x19])[0x93]g[0xda]_k [0xf2][0x94]u[0x92]L[0xc6][0xac][0xf8][0xc1]D*[0xe][0xf8][0xb3][0xd5]}[0xd7]6[0x8f]k[0xa8]N[0x16][0xb][0xb9]d&[0x1][0xab][0xc4]f[0x88][0x82][0x9d][0x92]Y[0xef][0xf9][0xd3][0x0][0xc4][0x97][0xe9]B[0xba][0x98][0x1c][0x9c].[0xab][0xc9][0xe3][0x99][0x9e]#[0xe2]yj[0x85]X[0x91][0x97]NL[0xf1][0xe5]Zo[0x9e][0xe][0xef]S[0x91][0xff]L[0xbc][0xd7][0xa9][0xb2][0xc][0xc][0xd4][0xc1][0xcc][\r][0xb][0xfb][0x10][0x7],l[0xf6][0xc7][0x1]W[0xa2][0xe4]p[0x1d][[0x1d]uL;[0xdf][0xfb][0x17][0xfb][0x0][0x81][0xdf][0xea][0xbe][0xf][0xab][0xd4]D[0xef][0x97][0x1][0x1]{[0xc9][0xc0]B}[0x8d]j[0xe9][0x16][0xc3]f[0xa3][0xcf][0x93][0xe1][0x80][0xd3][0xea]^[0x5][0x16]jr[0xbc][0xb],[0xd4][0x15][0x87][0xac]o[0xa0][0xd8]L[0xc5]o[0xf9]6[0xb4]S[0x93][0xe8][0x17][0x96]^?[0x2][0xff][0x8d][0xeb][0xf8]O[0xd2][0xfa]E$[\n]"
18:24:04.496 [main] DEBUG org.apache.http.wire - http-outgoing-0 << "[0x8a][0xa8][0xef]Q[0x17]3[0xe3]~[0xee][0xc4]/[0xbd]*[0x15]mE[0xa1][0xa2]e[0x8e][0x12]YZ[0xa5][0xec][0x9a]%[0xc7][st[0xfe]%:^[0xc5][0xf1]<FN[0xad][0x9d]Y[0xef][0x1d][0xa2]m[0xef]o[0xf7]n[0xf7][0xee]PU[0xec][0xc6][0xfe]+F[0xef][0xfd][0xde][0xad][0xde][0xe7][0xbd][[0xfb][0xcf][0xf7]n[0xec]_[0xea][0xdd][0xde]%[0x1c][0xc8]k[0xa2]-[0x14][0xc]A[0x7]>[0xa6][0xb0]gr[0xd9]b1Y[0x80][0xec][0x18][0x94][0xbe]6[0x99][0x90][0xfd]R|[0xfe][0x91]n>[0x99]O[0xa6]2[0x99]Lj6[0xf][0x8a]\[0xc4]o[0xbe][0xc7][0xc1][0x12]?[0x1e][0xd4]z[0x8f][0xfe][0xce][0x83][0xbf][0xb][0xe0][0xef]"[0xa8][0x8a][0x3][0xab][0xe5]$[0xe5][0xca]9[0x92][0xfe]O[0xbd]^[0xdc][0x3]F[0xb3][0xf0]g[0xab][0xc4][0xfa][0xc1][0xe8]~[0xe6]f[0x9][0x8a].L[0x91]JB[0x8c][0x82]q[0xf1]wS[0xa1]l[0x89][0xf1][0x8a]SZ%[0xe6]c[0xd4][0xc1]P[0xf4][0xea][0xe8][0xfb][0x91][0xa1]([0x1d][0xf]E+ y([0xf8]*\[0xbf]fI[0xd9][0xfb][0x1f][0x80]E[0xbe][0x84]E[0xbe][0xa7][0xc];[0xa6][0xcc]y[0xff]"[0x9d][0xf3]][0xf2][0xc1][0xf5][0x3]$[0xcf][0x83]ur*[0xbe][0x7][0xd0][0x88][0x8c][\r][0xb0]h[0xef]h[0xe7][0xff][0x0][0x0][0x0][0xff][0xff][0xdc]]KO[0xdb]@[0x10][0xfe]+V/\B[0x94][0x97]A[0x1c]!M[0x1b][0x9a][0x96][0x3][0x6]q6[0xb0][0xaa]][0x8c][0x83][0xfc][0x8][0xe2][0x6]I[0x8b][0x10][0xf4][0xd0]co[0x95][0x8a]T[0x1e][0x17][0xe][0xb4]B*[0xb7][0xe6]O$g[0x9f][0xf8][0x17][0xd5][0xcc][0xae]7k[0xef][0xae][0x9a]([0xa8]U[0xb9]D[0xf1]d[0xe5][0x9d][0xb5]3[0x9f]v[0xe7][0xf5][0xdd]%[0xdd][0xaf][0xf][0x87][0xe7][0xf][0xdd]o[0x1c][0x8b]P[0x1][0xe]E[0xfd][0x9f][0xec][0x92]"[0x11][0xbf][0xa4]@[0x14][0x87]b[0xdf]O[0x98][0xec]][0x6][0x83][0x6][0xb7][0x13][0xb5][0xd9][0xe][0xe2]q[0xce][0x2][0x8d][0x1c][0x4][0xd9][0xf8][0x1e][0x1a][m[0xbf][\r][0xbd]*tX[0xf4][0xac][0xb1]H[0x19][0xc][0xf5][0x88][0xb4]ne[0x10]i[0x9f][0xd1][0x1][0xa9]PH.[0xa9]_[0x95]J[0xea]W7[0x94]M[0xf2][0xf3]=B[[0xee][[0xda]DM[0xc2][0xa1]|==[0xd7][0x8][0x85]1[0x9e][0xf]fbA[0x9e]%[0xd2]`[0xf2][0xe9][0x8e][\r][0xe5][0xb2]iV[0xcb]9[0xf2][0xf9]b[0xa9]P[0x95]p[0x6]g[0x13][0xdb]iW[0xc5][0x86][0x9f]fI[0xdd][0xda]K[0xb5][0xa9]x[0xbe][0x8c][0x19][0xb2][0xe0][0x3]XCN[0x8d]u[0x5]k[0x6]_u[0xde][0x82][0xf5][0xd1][0xee][0xd5][\r][0x81]6[0x83][0xe9];9[F[0xb0][0x9f]k[0xf9][0xe9][\n]"
18:24:04.496 [main] DEBUG org.apache.http.wire - http-outgoing-0 << "[0x9b][0x89][0x96][0xeb][0x1f][0xd8][0x1]WMTxyG[0xf8][0xed]1][0xf2][0x85][0xbf]q[0xe6][0x89][0xd9][0x92][0x18][0xae][0x88][0xc4][[0xfc]M[0x8c]697YJL>[0x9e][0xa2]J,[0x92]a[0xf2]+[0x8a])[0xe9][0xbd][0x9c][0xcc][0xc8][0x11][0xa4]@[0x81][0xe1][0xcd][0x4][0xe5][0x85][0xc1][0xfe][0x93][0xec][0xdd][0xf][0xe0]"[0x80][0x15]z[0x11][0x8c]%;[0x88][0x9c][0xfe][0x95]Gv5[0xd5]H[0x9b]rz[0xce][0x92][0x94][0x9e][0xb3][0xf4][0xfa][0x8d][0xb2][0x1a])[0x87][/[0xe3]0[0xb2];[0xae][0xca]G[0x89][0xf7][0xb4][0xa2]"U[0x88]0}[0xea]m[0xcf]#[[0x91][0xdb]q#lY[0xae][0xd2]Y[0x18][0xd3][0xbf][0x82]H"u[0x8f][0x88][0x83][0xa6][0x88]'.[0xd4][0xca][0xf3][0xd9]`"[0xc4][0x12][0xab][0xc5][0x9a][0x8a][0xa2]^RO[0xce][0xca][0xfb]3k[0xfd]8[0xe1]Ey[0x89][0x12][0xa6][0x99][0x95][0xff][0xca]A[0xa2]Z[0x11][0xe2][0x6][0x84][0x9b]A[0xdc][0xf6][0xe0]L[0x93][0xe2][0x87]j8[0xb]l[0xfc]@[0x1c][0xb9]Oz[0x9f][0x10]V[0x8e][0xf1][0xf3][0x8b]P'[0xb0][0xe8]G[0xae][0xe7][0x11][0xe3][0x5][0xa0]8[0x19]1[0xee]Z`][0xe9]T[0x84]W[0xf][0xc8]b[0xdf][0xd3][0x98][0x8f][0x13]h~[0xa0]Xt;<[0x9e][0x1d]\be[0xd2][0xf5][0xf0][0xfd][0xf0][0xc3][0x4]'[0xad]Mow[0xa2][0x84];[0xaa]D[0x93]x[0xc4][0xb7][0xb][0xc6]b[0xb8]E[0xfc][0x10][0xf1][0xc4][0xdf]6[0xd6][0x2]lpdl[0xdb]F=[0xf6][0x1d][0xcd]~%[0x94]S[0xe6]-)e[0xde]j[0xaa][0xb2]j+y[0xbb][0x5][0xb0][0xa7]I[0xab][0xb5][0x9a]S[0x12][0xf4][0xd4]*[0xa6][0x99])[0xce]1[0x8b][0xb]fa[0xd6],[0xce]+l[0x13][0x9f][0x88][0xae][0x19][0x89][0xce]UY[0x1a][0xcf][0x1e][0xd9][0xe3]V[0x98][0xa2]>[0xa2]h[0x89][0xd9][0xef][0xe2]][0x8c][0xbd]v[0x8c][0xfb]dn[0x98][0xbf][0xce][0xff]A[0x9a]+[0xf4][0x92][0x16][0x16][0x96]Zdd[0x8f]d#{$[0xb3][0xcd][0xfe][0x95][0xd7][0xbf][0x14][0xf2][0xeb][0xba][0xf7]h[0x8d]'I[0xef]3[0xba]4O[0xc1]2[0xa1][0xf4][0xf][0xe5][0xdd][0xbb][0xa4]w[0x1]_[0x8e]N[0x93][0xee]Irt[0x9b][0x6][0xf4]Y_[0xaf][0xa4]w[0x98]to[0xd0][0xff]q[0x96][0xf4][0xce]S[0x3][0x6][0x5]f[0x1a]lzj[0xba]Y[0x95][0xf6]"YF[0x8d][0x16]P[0x83][0x8b][0xa8][0xb9]vHf5[0xa9][0xa5][0xe][0xae]S[0xae][0xec][0x8b][0xc1]Gcp[0x81][0xb2][0xef][0xc3]c[0x3]2[0x0][0xae][0xb1]s0K[0xeb]3`sa@ [0x3][0x6][0x8f]m[0xd2][0xa1][0xe3]?[0xc1]]F.(B[0xff][0xd2]-7[0x8a]BF[\r][0xd2]q55:;r[0x1a]KJ[0xe3]o[0xad][0xa8][0xe]H[0xc0][0xd1][0x95]s[0xab][0xda]aH"[0x12][0x4]DE[0xa3][0xb0][0xc2][0x19][0xc3]x[0xd9][0x2][0xea]Yw[0x0][0x1a]"
18:24:04.496 [main] DEBUG org.apache.http.wire - http-outgoing-0 << "[0xdb]{[0xe]4[0x1e][0xe3][0xda]N[0xb1]{[0xa8][0xcd]UJb[0xfc][0xa4]<_[0xac]r[0x92][0xa1][0xb9]J[0xbe]i:<'8[0x99][0xf2][0xb9]3.[0xd7][0xb9][0xc7][0xdb]:([0xde]H[0x1e][0xb3][0x16][0xf4]L[0x82]u!G[0xa9]a[0x87][0xbf][0x1][0x0][0x0][0xff][0xff][0xd4]]Mo#5[0x18][0xfe]+[0x16][0x17][0x90]P[0xa3]|5[0x99]9VAT[0xd5]f[0xa2][0x88]T[0xe9]^[0xdd]d[0xda][0x1a][0x92][0x99](3[0xc9][0xaa]7[0xda][0xee][0x7]H[0xb0][0x97][0x5][0x89][0x13]_'*[0xb4][0x2]T[0x9]i[0xd9][0xbd][0xa5]'~[0x1][0xec][0x91][0x8a][0x3][0xa7][0xfd][0xb][0xe8][0xb5]g<[0xaf]?&[0x99]nX[0xd4][0xde]:[0xb6][0xe3][0xd8][0xce][0xf8][0xe9][0xf3]>[0xf6][0xfb][0xbe]1[0x91][0xd3][0xbf]![0x97][0xf3][0x81]G[0x8a][0x19][0xce][0xd0][0xc]%[0x9d]h[0xc1][0xaf][0xbc][0xb8][0xd8][0xa7]#rL:[0xcc][0x9f][0xfb][0x91][0xca]+[0xb2][0xf7]`[0xc3][0x8f]7:lq>_[0xfc][0x10][0x99][0xa0][0x6][0xd8][0xc4][0xd1][\n]"
18:24:04.496 [main] DEBUG org.apache.http.wire - http-outgoing-0 << "`[0xeb][0xcb][0xab][0xd3][0xef]8T=[0xbf]:[0xfb][0x1c][0x12][0x93][0x9d]=[0xb9]:}[0x96]aV[0xb6][0xec][0xbe][0x1c]R[0xc6];[0x92]1[0xcd][0xe1]o^[0xef]G[\n]"
18:24:04.496 [main] DEBUG org.apache.http.wire - http-outgoing-0 << "[0x1][0xb1][0xd7]#&[0x92]t[0x1d][0xc8][0xbe]%[0xba]1r[0x87]O[0xe7][0x80]0Y[0x89]a[0xee][0xe5]9x[0x0][0xfc]q[0x1][0xc8][0x6][0x91][0xf][0x0][0xd9][0x8a][0x1f][0xc6][0x6][0xb4]P([0x96][0xf]vZ<[0x4]pz[0x1c]+[0xdf][0x18][0xb8].8[0xb]D[0xbc][0xa2][0x95][0x80][0xd6][\n]"
18:24:04.496 [main] DEBUG org.apache.http.wire - http-outgoing-0 << "[0xa1][0xed][0x90][0xe][0xb9]K$[0xef][0xc4]O[0xae][0x1c][0xce][0x2]:[0x3][0x3][0x80][0x17].[0xce][0xfd][0x80][0xa3][0x19]b[0x11][0x4][0xbf][0xdf][0xf6][0xc7][0xbe][0x1f]D[0x83]#:Q[0xcc][0xa2][0xde][0x9d][0x8e][0xc9][0x9c][0xda][0xb3]A[0xde][0xe1][0xcf]h`[0xe0]T[0xbb][0xa5][0xe3]T[0xbb]e[0xc5][0xa9][0xe6][0xa6][0xe6][0xb1][0xd0][0xa2][0x11]_O[0xb]J[0xb5][[0xeb] O[0xc5]i[0x94]u@[0xc7][0x91][0xd0]S.[0xb9][0x8d]\[0x3][0x86]O>[0x3][0x9e][0x86][0xe2][0xc1]\[0xb5][0xe5]6-[0xe]<[0xe9][0xc2]jp[0xb3],q[0xe9][0xcd][0x87][0x1b]ef[0x88]#[0xb5]g[0x83][0xc5]S[0x95]#m@3[0x1b]?[0xfa]QH[0xab][0x98][0xe3]P[0xd9]'"9[0xed][0xc5]o[0x3][0xa6][0x91][0x1c]Y[0x86][0xf0] [0xfd]("9P[0xf4][0xa1]Ar[0xee][0xb][0xd1][0xf5][0x1a][0xcc]e4[0xb8][0xed]{[0xbe][0xdd][0xb2]H![0x1e][0x9d][0xc6], [0xef][0x8][0x1b][0x96]L[0xe8]4[0xce][0xc9][0xf7]4[0x86][0x10][0x8f]%n[0x8][0x97][0xe]-y`[0x8c][0xf4]m[0xde][0xd6][0xfb]E[0xf4][0x11]Hkq[0x18][0xda][0x8e][0x82]y[0x97]v5D[0xc];_[0x8]I[0xea][0xd7][0xb9]S[0xdd]p[0x9b][0xae]*[0x82][0x94]3([0xa9][0xe9]Y[0xdb][0x94][0xd5]4[0x4][0x10][0xec]k\[0x9c][0xc5][0xbc][0xd5][0xbb][0xb]oR[0xa7]mfJWfi[0x2]K[0xed][\r][0xc9] 7F~[0xd5]r4hnU[0xc1][0x8]Eg~o[0x16][0x9b]]u[0x80][0x8][0xb][0xdf][0xce][0x15][0x8]'[0xd7]8[0x81]8[0xa5][0xc]A[0x9c],[0xd3][0x15][0x99][0xaf]9[0xcc][0x81]e[0xf7][0xea][0x5]gL[0xc2][0xf1][0xea][0xf4][0xd9]?[0xdf]~[0xf5][0xea][0xc5][0xa7]*W[0x92][0xbd][0xec]O[0xcd][0xb2],[0xbd][0x1c]gG[0xa2][0xfc](T 0[0x1b][0x7][0xa2]B[0xd9]x[0x5][0x6][0x82][0x83]4[0xa0][0xe0][0x83]D[0x96])~[0x9]fL[0xf]^C[0x92][0xe9]20J8[0xf3][0xf6][0xe0][0xd0]e[0x94]wj=1[0xb3]2t[0x8d][0xac][0xc][0xbd][0xae]Uw-;[0xb6][0xb]c[0xe2][0xab]mn[0x1b][0x9e][0x81][0x1e]q[0x92]([0x92]Q[0x91][0x1e][0x10][0xf7][0x0][0x9c]X[0x8e][0xbd][0x0][0xac][0xc8]L09[0x11][0xa0][0xca][\r]W[0xbd][0x80][0xe2]H[0x13]i[0xb3]![0xed][0xa5]e[0xf7][0xcd][0xaa][0xf5][0xea]jP[0xa9][0x15]TU-[0x93]4Q[0xa5]q[0xb][0xc5][0xd5][0xe4][0xd5][0x9b][0xa9][0xaf][0x9e][0xb4][0x8a][0xba][0xfe]p[0x1a][0x92][0xe3][0xa4][0xe][0xdd]M[[0xb2],[0xca][0x6][0xff][0x82];e[0xc0][0x8d][0xf2][0xbf]/~[0xe5][0xfb][0xfd][0x1b]n!=[0xbd]:[0xbb]@[0x89][0xa1][0x94][0xc1][0xf8]x([0xfb][0xd3][0xa5][0xd5][0x99]1$[0x86][0xaa]T"[0xe6][0x93]~6[0xc0][0xf5][0x8][0x2][0xba]~L[0xa7][0x84][0x11][0x8f]}[0x94]TJ>D[0xb8]7[0xf4]/[0xdc][0x12]z[0xc0][0xbd]<[0xee]_[0x3][0x11][0xa2][0xc9][0xeb][0x88][0xb4]}[0x16][0xc] [0xd4]"@[0x2][0x84][0xc][0xd9][0x9e][0xfa][0x1][0x1d][0xe6][0xc7]2[0x99][0x9b][0xf6]G[0xdf][0xb0]?[0xfa][0xad]][0xbb]OW[0xdd][0x9a]0[0xd6][0xaa][0xcc][0xf6][0xd7]3@[0xca][0xae][0xeb]VT[0x3][0x84][0xfb]aU[0xb4][0x10][0xd1][0xca]*([0x99][0x9e][0x1c][0xf7][0xbf][0x13]<[0x96][0xae][0xb2][0xb6][0xbb][0x97][0xe4]][0xbe]-[0xc6]H:][0xd8][0xec]C[0x86][0xa6][0xab]l[0xf9]>[0x83]F>9&[0xdb]S[0xca][0xeb][0xa9][0xa6][0x84]$[0xfd][0xc0][0xb6][0x1f][0xf9][0xd1][0x86][0xb2]j[0xba][0x5][0xf3][0x84][0xff]/O[0x1f][0xa5][0xa4]{[0xfa]s[0xaa][0xfc]>[0xe2]1Q [0x1d][0x8c][0x9a]*N[0x1d]2[0x1a][0xac][0xa2][0x90][0xa4][0x83][0xf5][0xd5][0xc1]f[0xa8][0x90][0xd3][0x0]![0x83][0xfc][\n]"
18:24:04.496 [main] DEBUG org.apache.http.wire - http-outgoing-0 << "[0x1e][0xc5]H[0x99][0xc][0xc2][0x87][0xb4][0x15][0x93]-[0x98]n3}[0xc2]iC[0xfa]@^[0xfe][0x4][0xd1][0x13]@c[0x85][0xf2][0xbf]>[0xfe][0xec][0xcf]G[0xd7]0[0xa7][0xe6][0x83][0xf8][0x96][0x9b]S[0xfd][0x1d]MB[0x19][0x87]9[0xe2][0xc9]=3[0x8][0xfe][0x9e][0x11][0x4][0xaf][0xe7]Y[0x13]K[0xe8][0xb1]-'[0xd6][0x93]d[0xde][0x9f]5[0x86]m:.[0x8f][0x8e]B[0xd2][0xa3][0xbf]?[0xf]Ga[0x1c][0x92][0xdd]Y[0x1c][0x82][0xfb][0xf][0x8d][0x18][0x9]I[0xef][0xf2][0x4]Z[0xad][0x91]X[0xde][0xad];[0xae][0xab][0x9c]H[0xd5]J[0x9b][0xd2]^[0xaa]4[0xab]vN[0xc3]G[0x87][0xe4]^g5[0xa9]y[0xb7]R[0x84][0xd4][0x88]I[0xab][0x18][0xe7]8[0xf9][0x82][0xcb][0x1e][0xbf]=[0x87][0xcb][0x80][0xc4][0x97]'[0xa3][0xcb][0x13][0x8c]m[0xbb]+[0x1c]^[0xc6][0x9a][0x9b][0xca]8[0xd4];[0xd5][0xa1][0xed][0x90][0x1e]BB[0xcf][0x3][0xfa]6M~[0xaa][0xff][0xc3][0x9]5][0x9f][0x4][0x14][0xc5]C[0x82][0x80][0xe2]!#9[0xdf]+[0x2][0x8d][0xa8][0xdd][0xc7]M'[0xb8]&[0x1][0x1e][0xf1]p[0x84][0x9b]%X[0x2][0xde]i[0x10]x[0xb6]0R[0xdc][0x8b]V[0x13][0x8c][0xde][0x96][0xa7][0xee]E[0x91]*5[0xc8][0xf1][0x10][0x8f]L3[0xa3]g[0x9a][0x19][0x9e]-Zc[0xad][0xa9][0x8b][0x99]R[0x97]@[0xdf]i[0x9c][0xf7]z[0xda][0x15]5[0xa5]5[0xaf]H"82\[0xb5]fL[0x87]Z[0xad]\[0xc6][0xa7][0xc4][0xf5]Z[0xa9][0x99]FU[0xaa]T[0xf3]ns[0x8c]![0x8f]h[0x80][0xe3];[0xac]>[0x83][0xb1][0xba][0xa8][0xed][0xec]"
18:24:04.496 [main] DEBUG org.apache.http.wire - http-outgoing-0 << "nYt[0xb]4o[0x9d][0x81][0xd4][0xdf][0x90]}[0xc1][0xb4][0xc0][0xe],F[0xf6][0xc5]N[0xcc][0x93][0xd8][0x1b][0x97][0xd0]Dq[0xb8][0xf4][0x94]8[0x9b][0x8a]d[0x17][0xb2]D[0x95][0x6]Le[0x80][0xa7][0x90]={[0x8c][0xa4][0xcf][0xec][0xb3][0xa9][0xf2][0x99][0x95]d[0xff][0xf0]y[0x11]6[0xfa]Q[0xab]#[0xe3]s[0xd9][0xa6]{([0x93][0xbf]^+[0xd0]s4[0xd6]b>[0xfe][0xb][0x0][0x0][0xff][0xff][0xc2][0x96][0xfb]|[0x83]Ps_[0xbe]BH~.[0xa4][0xbf][0x1f]P[0x94][0x99][0x97][0x9c][0x9]N[0x9a][0xd8]2"[0xe6][0xb9]*[0xc1][0x18][0xe7][0xaa][0x4][0x87]`[0xbb]O[0xda][0x8][0xe3][0x88][0x6]P[0xe8][0x84]@[0xd7][0xcb]`d[0xc0][0x10][0xd4]K[0xe4]Q[0xf2]"\#[0xd4][0xc5][0x87][0xd7][0xc2][0x9c][0x8c]t[0xd4][\n]"
18:24:04.496 [main] DEBUG org.apache.http.wire - http-outgoing-0 << "D[0xf3][0xe1][0x85]%[0xd0][0xeb]"[0x90]t[0xa5]"[0xe9]![0xb8][0xac][0xc3]73%%'[0x15][0xc7][0x1a]R[0xb]sc[0x94][0x83][0xd0]@[0x19][0xf][0xfd][0xe4]wX[0xf0]"U[0x9b][0x96][0xc8][0xd7]Lc_@J[0xa0][0xbe][0xc4][0xee][0x19][0xcc],[0x8a]{[0x3]Zp[0x8]R'[0x1]W[0x90]*[0xa4][0xe4]'[0x15][0xa1][0x9c][0xfa][0xee][0x92]4`[0x87][0xb2] 9[0xb2][0x14]-[0xde][0xe1][0xd3][0x19]0[0x5][0x95]([0xd2][0xd0][0xbc][\r][0x95][0x4][0xf5][0x13][0x90][0x92]9J.[0xef]x[0xdc][0xbc][0x10]<*0[0x1d][0x9c][0xdd]![0xab]?f[0xc1]3=[0xae]`Gt[0x0][0xb0][0xc9][0x16][0xe0][0xd5][0xb]-[0x16][0xe0][0x92]y[0xc8]y[0x10][0xa9][0xc5][0x1f][0x92][0x9f][0x9b][0xa8][0x90][0x9][0x93]D[0xd9][0x9a][\n]"
18:24:04.496 [main] DEBUG org.apache.http.wire - http-outgoing-0 << "Z=[0xb1][0x11][0xb4][0xe4]c=hL[0x0][0xb4]t[0x2]4?J[0xca]Q[0xb1][0xc5]%[0x5][0xc3]q5)[0xa8](B)[0xe9]JS2[0xc1][0x9b][0xe3]q[0xcd][0x9b][0x16]c[0x9e][[0x11][0x8c]qn[0x5][0xe4]>U[0xcc]kf[0xcd][0xd0][0xee][0xbf][0xca][0xac]LL[0xc1]v[0xfb][0x15][0xd8]D[0xa4];[0xad]Q[0x9d][0x5][0x0][0x0][0x0][0xff][0xff][0xdc]];o[0x13]A[0x10][0xfe]+'[0xd7]q[0x84][0xcf][0xe7][0xc7][0x95][0xc1]@[0x14][0x5][0x7]q[0x8b][0x12](/[0xce][0x9][0x1b][0x9b][0xc4][0xba][0x8b]#[0xb9]sIC[0xef][0xd6][0x15]X)[0x2]J[0x90][0x8c][0x4][0x95][0x95][0xfe][0xd2][0x19][0xca][0xfc][0x12]4[0xbb][0xeb][0xdd][0xd9][0xc7]%[0xb6]L[0x2]Jci[0x1f]^[0xef][0xde][0xe3][0xf3][0xb7];3[0xdf][0xe4]6:[0xf9]z[0xf8][0xbe][0x13][0xb6][0xc3]&[0xc4][0xf8]_[0xf][0x86][0xb4][0xa9][0xdf][0x87]r[0x92]'[0xbd][0xeb][0xc1][0xf0][0xf2][0xf4][0x80]V[0xac] pQt][0xaf][0xea]*[0xe6]W[0x8][0xa9][[0xf3]J[0x6][0x80][0xc9][0xe9]![0xea]_[0xf0][0xfc][0xb2][0xbf]@BZ[0x8b][0xd2][0xc5]V[0xf0][0x92][0xe7][0xc7]Z[0xcb]m[0xef][0x1][0xd4][0xb3][0xcc][0xbd]L[0x10][0xe4][0x86]D[0xb5][0x8a]*[0x2]{[0x84][0xce]g[0xdf]}[0x98][0x9d]q[0x99][0x4][\r][0xff]n[0xd8]@[0x10],[0x93][0xc1][0x96]hS[0xc9][0x0]/[0x83][0xa4][0x92]A'[0x95][0xa7]c[0xc8][0x13][0x11]v[0x1b][0xe8]#C[0xc5][0xf0])[0xb4][0xb1]>[0xe][0x9][0x8f]z[0x7][0xad]c[0x5][0xd4] [0xe7][0xf4][0x84]J8[0x8e][0xa9][0xaf][0x87][0xd8][0x1a][0xa0][0x81][0x18][0xbf][0xda]g#MGju[0xf7][0xd8]Z=G[0xad]h>E[0x19][0xb6]G;A[0xd8][0x1e]{f[0x90]1[0x97].Zz[0xa4][0xf1][[0xb7][0x84][0x87]i[0x12][0xf6][0x1e][0x90][0x1a][0xc7]6Q[\r][0xbc][0xd1]a[0x94][0xa9]h[0x97][0x98][0x8e]g[0xc4]p<#O[0xad][0x9e][0xae][0xae][0xa6]h[0xf7]$l3M[0xb][0x1d][0x97]v[0xf4]][0x8f][0x98][0x91][0x16][0x81]C[0xa6][0xe3][0xc3][0xe9][0x18][0x9a]Vs[0x8b]-x[0x15][0xdf][0xaf][0x96][0x14][0xbb]-P[0xa3]<|[0xaa] [0xc4][0xa6][0x82][0xb7]9[0x5][0xbf]\qq6\[0xdd][0xbd][0x8d]H[0xe5]6[0xeb][0x10][0xec][0xb6][0xc9][0xa2][0xee]v[0xa8]&[0xc7]s[0x88][0xca][0xa9][0x7][0xaf][0xcc][0xcd][0x8f]X[0xa5][0x9],[0xd9][0xb6][0x95][0xd7]/P0[0xe][0xac]~[0xfe]g[0xe5][0xd4][0x9e]m,[0x1f][0x95]sG[0xc6][0x16]qg[0x19]u[0x12]EF[0x95][0xd0][0xc2][0xe5][0x1][0xea]GU[0xdc]N~[0x87][0xb1][0x1f]Q[0xec][0xaa][0xad][0xc])D[0xb1][0xa9]v[0x16]'[0x96][0xbf][0xcf][0x96][0xd2][0xb4]K[0xa2][0x87][0xe8][0x98]J[0xdf]`[0x5][0x12][0xe2]L[0xaa][0x12][0x9b][0xa7][0x94][0x81]qJ[0xc9][0xa2][0xd6]M][0x1e][\r][0x11][0x1e]G[0x9d][0xb7][0xa0]2b[0x8b][0xd6][0xa3][0xda][0xac]1[0xc7]q[0x15][0x1d][0xf8][0xe4]l[0xaa]=[0xa3][0xab]A[0xfa]5[0x9d]\[\r][0xd3]/[0xf2]k[0xed][0xd0][0xe1]#[0xad]xRRyT)[0x17][0x95][0x94]}[0x1e][0xc0][0x6][0xc4][0xad]h[0xa8][0x11]+[0xa4][0xa5]Z-[0xe2][0xc3][0x11][0xb7]b[0x8f][0xdd][0xb3]i[0xd7]nA\[0x1][0x97][0x5][0x8]v[0x85]8[0x0][0x13]>[0xc2][0xba]>[0x10][0x0]n[0xc4][0xe6][0xaa][0x97]C[0x7][0x93][0xec]]Z[0x80][0xa5][0xf6][0xf8]j[0x1c]0[0x1a](&[0x9c][0xf4]"[0x9d][0xa4]?o[0xc9][0x83]q[0x1f][0x9a]<l[0x1c]d[0xbf][0x99]?"[0xc]Vh[0xa3][0x82])[0xa7]*)[0x11][0xfd][0xf9][0x86]j[0x1c][0x9f] 72Q[0xe4][0x90][0x12][0x9f]`[0xd6][0x11]+T[0xe3][0x1b][0xa6][0x1a][0x8b][0xa3]J[0xbc][0xff]_[0xa8][0xf6][0xd0][0xf7]V[0xc1][0x81]~[0xa3][0x9][0xc9][0xcb]2[0xcc][0xad][0x89]in%[0x86][0xb9][0x95][0xbc][0xa9][0xd9][0xd8][0x81][0xae]O[0xbd][0xdb]jP[0x9f][\n]"
18:24:04.496 [main] DEBUG org.apache.http.wire - http-outgoing-0 << "[0x1b]A[0xa8][0x19][0x10][0x80][0xe6][0x15]D[0xdd][0x16][0xbc][0xe4][0xe][0x89][0x92][0xc8] [\r][0x90]eC[0xf6]^-v[0xd7]/xj[0xae][0x1b]O[0xda].J[0xa5][0xf5][0xb2][0xd5]k[0x94][0xff][0xf8][0x11][0xd3]#[0xe2][0xe9][0xb3][0x11]}([0x97][0xec]`[0xb0][0x80][0xf1][0x16]_[0x5][0xed][0xdd][0xf6][0xb3][0xcd][0xb4][0xa4][0x86]w rzN[0xdc][0xeb]FZ[0xec][0xfd][0xe7][0xbb]$[0x9][0xf7]a[0xc0][0x98]_"[0x4][\r][0xe8][0xa2]qx@5[0x12]"~P[0x9f][0xd3]O[\n]"
18:24:04.496 [main] DEBUG org.apache.http.wire - http-outgoing-0 << "[0xf3]@[0x1d]9[0xf9]hA[\r]rGG[0x15][0x1c]-[0xd0][0x4]8[0x7]yw9[0x8a]:-[0xec]f5[0xbb]X[0x86][0x82][0xf4][0x1b][0x97][0x82][0xfc][0x1][0x0][0x0][0xff][0xff][0xe4]]Is[0xdc]F[0x96][0xfe]+[0x8][0x9d][0xec][0x8][0x8a]QU([0xd4]27n[0xa2][0xc4]M[\n]"
18:24:04.496 [main] DEBUG org.apache.http.wire - http-outgoing-0 << "[0xa2]8[0x92]xC[0x11]P[0x1],[0x14]@[0x3][0x5][0x96]Y'K[0xb4]G[0x1e][0x8f][0x14]=m[0x87][0xdd]1cO[0x8c][0xb5]D[0xcb][0xb4]D[0xc9]jy!gd[0xf9]PT[0x9f])[0xcf]E[0xb6]/[0xe5]P[0xcb][0xd3][0xd3]=[0x1d][0xfd][0x17]&2[0x13][0xcb][0xcb][0x5][0xb5][0x88]A[0xb6][0xad][0xb9]0[0x88],[0xe0]![0x91][0xc0][0xfb]2[0xf3]-[0xdf][0xfb][0xb9],A[0xce]S[0xd0][0x83][0x2]U4i[0xce] [0x8c]N"[0xf0][0xe1][0x93]o"
18:24:04.496 [main] DEBUG org.apache.http.wire - http-outgoing-0 << "U.[0xf9]V[0x9d][0x9b][0x12][0x1a][0x85][0x19][0xd6]0[0x4][0x9d]i9x,=>[0xd5][0xb3][0x83][0xed]C[0x8a][0x19][0xc4][0xf5][0x9][0x3]Ap[\n]"
18:24:04.496 [main] DEBUG org.apache.http.wire - http-outgoing-0 << "m6[0xcb]P[0x88][0xc1][[0xc2]2[0xc0][0xd9]"[0xac][0xe0][0x99][0xcf][0x89][0x8][0xb5][0xd9][0x8d][0x8][0xde][0x82][0xcc][0x8d][0xf3]D[0x1e][0xcc][0x88][0xb3][0x80][0xd2]#Oo[0xe]l|[0xe9][0xae]Jv(-[0xc6][0x94]9[0xe3]o[0x11][0xf7]A?[0x1a][0x1][0x2][0xba][0x8d]@[0x1][0xdd][0x16][0x82][0xc1]W8vk[0xb][0x17][0xb][0xff][0xf4][0xd9][0xe6][0xd5][0x18][0xf][0xe8][0xb3]CD[0x8][0x9b][0x92][0xe5][0x3]l[0x9][0x13][0xed][0xa8][0xeb][0x8]*X[0xab][0x6][0xec]M[0x8c][0xc][0xf7][0xb1][0xf2][0xfd]v([\n]"
18:24:04.496 [main] DEBUG org.apache.http.wire - http-outgoing-0 << "2[0xdf]6^J[0x84][0xa0][0xcb][0x86][0xab][0x96]S[0xd3][0xd6]\/[\r][0x1e][0xf8][0xca][0xc0]*W[0x19]X[0x9d][0x16][0xf9][0x8c][\n]"
18:24:04.496 [main] DEBUG org.apache.http.wire - http-outgoing-0 << "L0[0x5][0xbc][0x13][0x7][0xf]H&9![0xf0][0xc0]V[0xa5].[0xc1][0xc6][0x9f]>[0xf8][0xec][0xf9];[0x1f]?[0xff][0xb7]k[0xcf][0xdf][0xba][0xff][0xfc][0xdd]+[0xcf]?[0xfc][0xfa][0xc0]u[0xad][0x14]EV[0x98],[0x96]Q9v[0xdb]f[0xe4][0xd1][0x12][0x3]![0xe1]3P[0xf8][0x91][0xe9]W~o[0x90][0xda]Vpxh[0xd4](f[0xd2][\r][0xa1][0xe3][0xb]`[0x8b]1[0xee][0x5][0x8e]a[0xf5])}sL[0x9d][0x86][0xbb][0x92][0xe8][0xae]G[0x1c][F[0xaf]Z[0x1a][0xc][0x8f]x[0xc3][0x7]+[0xa0]y[0xcd]&ER[0xa1][0xa0][0xaa]fj[0xbe]&[0xa1][0xca][0xce][0x1b][0x1]+[0xe][0xdb]8[0x81][0xb8][0xa6][0xd6]H[0xc4]U[0xb4][0x86]e[0xb3][0xe2][0xba]wov[0xef][0xde][0xed][0xde][0xfd][0xa6]{[0xf7][0xf3][0xee][0xbd][0xab][0xac][0xc0][0xb6]I[0xb]l[0x9b] [0xd4]d[0xc2][0x8c][0x1c][0xf8][0x94][0xc8]?[0xec]l[0xff][0xf4][0xc1]e[0xe9][0x95]e[0xf3][0xf1]U[0xa7][0xd6][0xea]l9[0xaf][0xf6][0x82]V[0xf2][0x95]'[0xb0][0x1a][0x1f][0x87][0x90][0x8a]_S[0xe0]A<E[0xe][0xae];Q}[0x91]d}[0x5][0xbe][0xa3][0xaa][0x7]d%X[\n]"
18:24:04.496 [main] DEBUG org.apache.http.wire - http-outgoing-0 << "[0x1a][0x1c]V3M[0x8f][0xb9]=e[0xe2][0xc1][0x14][0xe5][0x83]#hm[0xed]gR[0xed]Ke[0xc2][0xc7]H[0xa4][0xbf][0xe6]5[\r]Gz[0x5][0xe7],[0xf4]J[0xc6][0xf1]_[0xe7]A[0xf0][0x1c][0x7][0x82][0xe7][0xe6][0x85][0xf1][0xb0][0xac][0xfd][0x96][0xd4]r[0xf3][0xab][0x81]W[0x13][0x1][0xe1][0xb9][0x3][0xa5][0xd1][0x94]ry[0x86]K$[0x93]$[0xd1]d[0xe8][0xe5]P[0x94][0xaa][0x11][0x15][0xe9]{[0xa1][0xa4][0x19][0x94]v$@[0xb2]xt[0xf9][0x1a][0xe6]=[0xc8][0xcf][0xc7][0x16][0xa6]a1/[0xf4]2IA[0xae][0x90]O[0x3][0xd7]9[0xb6]l[0x92][0xeb][0x13][0xc3][0xd4][0xef][0xdf][0xed][0x8d]S[0x7][0xcb]W9[0x8a][0xed][0x15][0xf5]5:[0x16][0xbe][0xfb][0xa8]T1,[0xfb][0xd5][0x10][0x10][0xc8][0x1b][0xb9][0xe0]q[0x99]d[0xe8][0xab][0xb5][0xc][0x9][0x95]D[0xc7]=[0xd6],[0xdf]x[0xf5][0x18][0xcb][0xa0],[0xb8][0xc8][0x90]p}*[0x83][0x9c][0x1e][0x1][0x5]|oT[0x14][0xc][0x9d][0xfb]B[0x9f]h[0xc6][0xbc][0xcd][0x7][0xce]x[0xf1]_[0x1f]2[0xbe][0xdd]v[0xd7][0xb5]z[0xaa]?[0xb8][0xce][0xeb]-G~N*Wq$[0xaa][0xac][0xda][0x8e][0xa3]P[0x16][0xdf][0xd6][0xd6][0x85][0xa6][0x15]$[0x82][0xf4][0x5][0xd6][0xe]B-[0x86][0xe3][0xd7];[0xd7]$/[0xb2][0xa1][0x1e][0x90]bQ[0xc9][0xe7][\n]"
18:24:04.496 [main] DEBUG org.apache.http.wire - http-outgoing-0 << "9[0x85][0xb2][0x9d][0x96]b[0x93][0xc9]H[0xb6][0xcc]nyp[0x9f][0x12][0x93]I9#[0x83][0x9a]}[0xb9][0x82][0x98]RU[0xc4][0x80][0xbe]T[0x89][0xab][0x11][0xdb]i:[0x97]a[0xf4][0xd8][0xae]`%sX[0xb9]r~[0x9d][0xb1][0x8f][0xda]u[0xb0][0xc8][0x89]F[0x81][0xea][0xa6][0x8f][0xbb][0xb9]w[0x15]1[0xda][0xa7][0xeb][0xa6][0xed][0xb6][0xb4][0xba]a%[0xac][0xca]q[0x8c][0xd2][0x14][0x12][0xa0][0xad]$[0x6]Rt[0xf8]Z[0x0]m[0xa4][0xbb]85[0xe5][0x9f][0x9f]][0xda][0x86]fR|[0xd9][0x8a][0x99][0x98]J[0xb1][0xa4][0xce][0xb5][0xd7][0x82][0xc4]\J7[0x11][0xad][0xc3]][0xb1]V[0x93]Y[0x1a][0x9][0xda][0xbb][\n]"
18:24:04.496 [main] DEBUG org.apache.http.wire - http-outgoing-0 << "[0x18]V[0x11][0x85][0x8]J[0xb6][0xbd][0x85][0x12][0xee][0x7]W[0xba][0xf5][0xfa]Qr[0xac]"[0x85]cT[0xd8]H[0xe5]A[0xf6]-^[0x85]O[0xf1]*[0xbc] [0xf4][0x93]0![0x1d]s[0xab]A[0xd5]^[0xd5][0x84][0x5][0xc][0xb0]P[0xca]>[0x91]t[0xb][0xf8]?H[0xe3][0xc1]] [0xb9]L!O[0xd3][0x17][0xe6][0xb][0xa3][0xd9]l[0xa4][0xc6][0xf9][0xd1][0x92]0\[0x14][0xdf]>[0xf1][0xa1][0xe6]2[0xb9]"[0xc8]u[0x95][0xb3]"[0x17]j[0xf]u&[0xae][0x90]S[0xd8][0x1c][0x8e][0x94]Z[0xac][0xc8][0xc4]0[0xcf]*[0xb2]rX[0x8a]l[0xb3][0x8a][0xbc]N+2[0x19][0x0][0x81]&[0xfb]uKZ5[0xda]V[0xbd][0xb7]6[0x1b][0x90][0x1a]y[0xca]O^s[0xac][0xc4][0x88][0xd7][0x98]S[0xe2][0xa1][0xd9][0x91][0xc1][0xe7][0x1]T[0x18][0x12]$[0x93][0x16]H[0x91][0x1c]^[0x3][0xbc][0x1e]`|)[0x5]&[0x84][0xe9]C([0xb0]s[0xa4][\n]"
18:24:04.496 [main] DEBUG org.apache.http.wire - http-outgoing-0 << "<w[0x9a]R`[0xc4]Z[0xe6][0xc2][0xf2][0xad]"=[0xae][0xf2]z<[0xce][0x9b][0x19]E[0xfe][0xce]B[0x91][0xe1]H>[0x89]*'zB-[0x1e][0x1f] [0xab][0x2][0xed][0x19]EY[0x15][0x85]|[0x8e][0xb6][0x4][0xa0]j|#Y[0xa5][0xcc][0xba]%[0xa9][0xe7][0x85][0xc4]{[0xa5]R[0xb9][0xd0]?[0xa1]"[0xdb][0xdf][0x14][0xc0][0x8d]([0xad]}[0x99]^~[0x89]q[0xb8][0xbb][0xa7][0x5][0xfd]l[0xf2][0xc7]p[0xaf][0xc][0xa6][0xb2]-n[0x6]I[0xa1][0xa4][0xb2]mxr[0xa2][0x8e]_cu[0xbc][0xce][0xa5]x[0x91][0xda][0xb6][0x91]l[0xba][0xb6]-[0x11][0x9d][0x14]1[0xe0]Z[0xc3][0x80](|[0xad][0xcf][0x96][0xb6][\r]G[0x11][0xe1][0xcb][0xe9][0xa6][0xbb]",[0x8b][0xfd][0x0][0x17][0xc3]~k8[0xa5]][0xed][0x1f][0xed]M[0x17][0xce]T[0xdd][0x6][0x8a][0x94]O[0xd1]1[0xbe]f[0x80][0xca][0xd5][0xc]PO[0xcf][0xb][0xf9]s,[0xf]yM[0xd3]-[0xdf][0xc]DZ[0x86][0x85][0xfe][0xb8]{[0xe3][0xf8][0x8f][0xbb][0xd7][0x1f][0xdf]n[0xec]][0xb4]c[0xb6]+[0x9b][0xe][0xf6][0x8e][0xbb];[0xa3]5[0xcc] @1z[0xba][0x1e]Q[0x8e]k6[0x9a]R][0xb7][0xa1]i6a5[0x9f][0x9][0x1a][0xe6][0xe3][0xdb][0x1e][\n]"
18:24:04.496 [main] DEBUG org.apache.http.wire - http-outgoing-0 << "[0x8e]lJ[0xf4][0x1d]P[0x88][0xd6][0x9]K7[0xbc][0xbd][0x8b]6[0xfa][0xfd][0xc0][0x4][0xc2][0x99]b[0x99]1[0xfc]!3^[0x9e][0xd7][0xf6]FH[0x84]L[0xb2]3[0xe4]bA)[0xbe]P[0xdc][0xe4][0xe4][0xc]ZcLUP([0xc2][0xec][0x94]`[0xb6][0x85]#[0xc1]N[0xb7][0xe9][0x11]K*[0x8e]a[0xa0][0xbe][0xf][0xc9]7-[0xfc][0xba][0xa0][0xa6][0xab]f[0x9f][0x89][0x97][0xa9]F[0xe0][0xbb][\r]V[0xee][0xb1][0x94][0x1e][0xd7][0xb8]<[0xaa][0xc3][0xc][0xac][0x8c][0xbf])b)[0x8b][0xf][0xc9][0xfc][0x8d][0xf][\r][\n]"
18:24:04.496 [main] DEBUG org.apache.http.wire - http-outgoing-0 << ".p[0xf2][0x7][0x98][0xba][0xe3]+"
18:24:04.496 [main] DEBUG org.apache.http.wire - http-outgoing-0 << "[0xaa][0xe1][0x15][0x9d]k6[0x8]TH[0x8e][0x9]*[0xe0][0xd3][0xc1][0xa4][0x8d][0x8f])[0x92][0x1b]R[0xd6][0xe0][0xcd]afl[0xb7][0xf1][0xf2][0xf8][0x16]F~[0x89][0xe1][0x9b][0x8][0x7])`[\r][0x9a]f[0x2][0x15][0x2]tm[0xf3][0xc1][0xe5][0xcb]\p[0xf9][0xb2][0x90][0x85]'Wd[0xb][0xa9][0x19]iA[0x1a]X[0xe4]"[0x8e]1W[0x3]K?[0x1e][0xe]2[0xb3]7[0x81][0x9d][0xed][0x8b][0x83][0xf1]ND[0x8][0x84][0x8a]RP[0xe4][0x82]B[0x97]`BY[0xf1]9.[0x88][0x13][0xdc][0x15][0x14]n[0xc8][0xe5][0xb2][0x94]Q[0xa1] [0x8b]= "Ju[0xcc]E?[0x87][0xe7][0x93][0xf9][0xd3][0xa8]|[0xc2][0xc2][0x18][0x9a][0x9d][0xd4][0xb3][0xe8][0xff][0xe5][0xb3]S[0x2][0x8c][0xa4]^[0x13][0x83][0x92][0xd9][0xf4]e[0xd1]2[0x15]0[0xe][0x9f]D[0xf2]4[0x9a][0x5]u[0xb1]O[0xcc][0xf8][0x5][0x6][0xda].x[0xb4][0x96][0xd6]5[0xcd][0xf1]YtK~8<[0x8e]u[0x87][0x1]][0xa7]j3[0xcf][0x8c][0xbe][0x82][0x5][0xdd][0xa8][0x1a]6[0xb7][0x87][0xb2]|+[0xfa][0x85]-[0x7][0xd7]d'[0x86][0xa6]@[0xac][0xea]6C[0xa7][0x8][0x15][[0xe3][0xe3]fV"[6[0xd6]o[0x1][0x89]-[0xad][0xc9][0xcf]4[0x16]if[0x1d]=[0xcc][0xe0]5}@z_[0xf1][[0x4][0xb1][0x98].5I;+[0xca]gE[0xb9]P[0x94][0xeb][0xd4]8Q[0xe7][0xac]&igD[0xad][0x1b][0xb4][0xa8]u[0x3][0xf4][0xea][0xef][\r][0x1][0x9][0xc5]7[0xad]u[0xc3][0xf9]q[0xe7]=N[0xd8][0xeb][0x8c][0xeb][0xe9]u[0xe8]z:g[0xba][0xbe]&x[0x93][0xa4][0x9d]ub1%>[0xda][0x1][0xf8]<[0x96][0x3];[0x10][0x8][0xc2][0xcd][0xe9][0xf4][0xfb][0xb1][0x93][0xb6][0xf3]P[0xd7]"[0xa4]b[0xed]d(}/[0xd0];[0xd7]"[0xa5]%I[0xf][0x17][0xbc]8[0x1c]=[0xd0][0xa3][0xe9][0xfa][0xf9][0xd5][0xdf][0xe0]l[0x87][0xf7][0xf1][0x8c][0x9d][0xb8][0xb4][0x2]=[0xd1][0xf9][0xb0]*Y,^[\r][0xec][0xe3]`z[\n]"
18:24:04.496 [main] DEBUG org.apache.http.wire - http-outgoing-0 << "[0x8b][0x94][0xa5][0xfd][0x8c][0xa7][0xf4]e[\n]"
18:24:04.496 [main] DEBUG org.apache.http.wire - http-outgoing-0 << "Y[0xf1][0xac]>[0x13]<~[0xe4][0xb8][0xe8][0x19][0x90]AM[0x8a]M>[0xf1],[0x1d]M[0x9d]?\[0xf9][0xee][0x12]Z[0xf1]KO[0xef][0xa0][0xbc][0xce][0xa7][0x9f][0xc]1[0xe5][0xb7]S[0xc9][0x9c]~[0xd9][0x94][0xff]L[0x1a][0x4][0x86][0xd6]i[0xc3][0xf5]j[0x96][0x16]S[0xa1][0x90]VUs[0xf4][0x96][0xb5]b[0xf6][0xb6][0x14][0xd4][0xf8][0xc8][0xe8]i>2zZ[0x15][0xb2]Rex[0xee][0x19]iJoi[0x9e].[0x9d]q-G[0xc4]{[0x87]%[\r][0xd5][0xed][0x1][0x1c]t[0xe1][0xc]#d[0xa3][0x92])[0x1b][0x83][0x92]G[0xb1]JrQ8[0xd9][0xe][0xd4]!`[0x81][0xe8]O5~\0[0xf][0x8b]'[0xd9][0xf0][0xde][0xdc],[0x8b]R[0x81][0xd3]f[0xd9][0xe9][0xf1]30[0x1a][0xc1]jZ[0xbe])[0xa6][0x19]O[0xc2][0x11]^q\[0x7][0xfb][0xa0][0xc8]e[0xa4][0xdb]cJ[0xf2][0xce]C[0xbd][0x86][0x1f][0xdf]pb~[0x1b][0xd4]h[0xa3][0xb8]D'~[0x1][0x96][0xe3][0x1b]6c[0xc5][0x8][0x87][0xcd][0xc7][0xdc]'j[0xe0]I[0x1b][0xc9][0xfb][\n]"
18:24:04.496 [main] DEBUG org.apache.http.wire - http-outgoing-0 << "[0x9b]"[0xc][0x9c][0xee]l[0xe1]{[0x84] [0x18]2[0xe0]H[0x91][0xdd]#[0xba][0x88]B[0xc8](+l[0x17]%[0x86]!f[0xf3][0x87]Q[0x86][0xd8][0x82][0x9f]H:[0xec]?[0xe2][0xc3][0x1b][0xcf]67[0x9f]m^[0xa4][0x8d]%[0xd1][0x87]Ez[0xa4]K[0x86][0x14][0x99]O[0xc2][0xbb][0xce][0x1b][0x9e][0xa5]c[0x94][0xb2]hS[0xca][0xb4][0xd1]y[0x10]>[0xa0][0x8b][0xc0]U[0x2][0x17][0x91][0x16][0xda][0xc8][0x12][0x9d]O[0x9f][0x1e]t[0xb6][0x11][0xdb]K|A[0x2][0xcb]Q[0xcf][0xc]GB[0xc7][0x86]m[0xad][0xd6][0x93][[0xb0][0xa6][0x19][0xc][0xdb]Z8[0xe8][0xab]([0xc3][0xd6]m[0xba]{WW[\r][0x9][0xff]b[0xc5][0x17][0x8a]l6wp[0xbd][0xf5];[0x88][0x98][0x94][0x82]t[0xcc][0xbf][0xfe][0x80][0xd4]tA[0xb9][0xb8][0xdf][0xff][0xc3][0x8b][0xe0][0xbd]_[0x1b][0xa4]n[0xd4][0x92][\n]"
18:24:04.496 [main] DEBUG org.apache.http.wire - http-outgoing-0 << "c[0x1f][0x8]<'+|[0x82][0x1f][0xbd][0x82][0x1e][0x8e]--[0x8c][0xa9][0xd8][0xe0][0x8e][0xff][0xc1].[0xb9][0xe5][0xb1][0x5][0xae][0xa4]T[0x84][0xea][0xba]!-h+[0xa8][0xc0][0xa7][0x8f]>E-[0xbc][0x3][0x6][0xb0]p*[0xc0][0xa7]tnu[0xbe][0xc0][0xa7][0xd8][0xc7][0xc7][0x98]s[0xc]i]#/[0x87][0xfc][0x84][0x97][0xb5][0x6][0xee]#[0x8e][0xd8]e[0xfa]Nf[0xaf][0xb4]"[0x98][0xb3]([0x96]Jz[0x5][0xec]nRb0[0xea][0x1e][0xcf][0xdd][0xbe][0xc8][0x17][0xb2][0x16][0xb1][0x88][0x94][0xd8][0xe2][0xb6][0x86][0x8b]?:[0x8e][0xb4]}[0x91][0xd9]g[0xe1][0xce][0xf5][0xb]1[0xeb][0x15]\[0x96])e[0xb2]y[0x8a][0x15][0x4][0xef][0x94][0xb2][0xb9]"[0xeb][0xa7][0xc5]c6K[0x7][0x96]e3[0x99][0x1c][0x8c]-[0x93][0xb3][0xa3][0xb2]hgU[0xe6]wV[0xa8][0xc][0x1d][0xb][0xeb][0xbe][0xf2][0xc6]_[0xde][0xff][0xe8][0xcf][0xf7][0x1e][0xfe][0xe9][0x8b]m[0xe][0xd5][0xf3]=[0xf6]N[0xb3][0xb8][0xe6][0x17]5[0xc1][0x93][0x9e]J-[0xbc].[0x1][0xce][0x9d][0xad][0xde]h]glLu[0xc8]/[0x10]?=[0xd5][0xeb][0xbf][0xbc][0xff][0xd1][0x9f][0xbe][0xd8][0xfe][0xdf][0xf]>[0xef][\r][0xd7]u[0xfc][0xaa][0xa2][0xa2][0xf4][0xf8][0xa3]b[0xd0]v[0xc2][0xf5]:[[0xdc][0x82][0xf3][0xe6][0xad][0xff][0xf9][0xf7][0xf7]~[0xfa][0xec][0xd7]([0x96]0[0xc4]Fx[0xb5][0x1e][0x17][0xab]w=#[0x6][0xb1][0xb8]h=[0xd3][0x98][0xa0][0xd8]l[0xd8][0x1d][0x8]R[0xa8]-1[0x1b]}[0xbf][0xf5][0xf4][0xfe]w[0x97][0xa5][0xa7][0x9f][0xf]m;[0xaa][0xbb][0xfd]IB[0x90]"p[0xab]25 [0x95][0xd0]D[0xa6]c~[0xd1][0xa5][0xf2][0x8b].[0x9c][0xce][0xc4][0x19]7[0xb2]L[0xa4][0xc4]LP[0x15][0xfa]f[0xd4][0x3][0xd2]u[0xe4][0xb2]r[0x96][0xb6][0xd8][0x16]E[0x15][0xdf][0xc0][0xb3][0xd2][0xb4]:[0xe5]"J[0x8e][0x8f][0x3]5[0x15]Q[0x98][0xb7][0xd0]p;[0x81][0x8d]:[0xa4][0xf2][b[0xbe][0x1d]9[0xa6]N.[0xa4]T[0x81][0xa3][0xc7][0x9b][0xb1]R[0xe4]z[0xd0]z[0xa8]gXM[0x8b][0x1e][0xe4][0xe7]R[0xad][0xa5][0xf3]P[0xf7][0xc3][0xe7]"[0xf6]W[0xb4][0xb5]sXeS]t[0x8e]hw[0xb7][0x8b][0xa3][0x15][0xdf][0x0][0x15][0xa7]Ur[0xaa]aK~[0xa2]oH,[0x9a][0x8b](}c[0x1b][0x13]}S][0x83][0xf4])Q8+[0x1e][0xff][0xd8]L[0x8b][0xaa][0xa8]|[0xf7]b[0x93][0xb9][0xaf][0xbf][0xec][0xe5][0xa8][0xd5]5[0xcd]JA[0x7][0x83]G[0x87])[0xe][0x1d][0xa6]TQ[0x10][0xb8][0x9c]g[0xf9][0xc7]u[0xcf][0xd2][0x5][0xf0][0x80][0x5]BZ[0x8d][0xb0];[0x8b][0x86][0xe5][0xe0]5[0xc9][0x94][0xbf][0xa6]u[0xee][0x1f]8[0xf2]"_[0xc8][0xcb][0xa5]|[0x8e][0x8a][0xa0]Bs[0xec]q[0xce][0xdc][0xb9][0xa6]9DCBV[0xf1][0x8c]R.[0xc3][0x84][0xf5][0xfc]hQ[0x90]'2[0x92]"
18:24:04.496 [main] DEBUG org.apache.http.wire - http-outgoing-0 << "[0x1e]s[0x81]C[0xb5]O,[0x8e][0xe1][0x14][0xf6]q\,[0x16]Ea[0xcc][0x8f][0xf1]!T[0xd1][0xc3][0xf2][0xe0]qX[0xb4]][0x6]k[0x93][[0x3][0x1e][0x9b]d,[0x4][0xbd]t[0xed][0x1e]p[0x81].[0x84][0xe1][0x16][0xd1]c][0xf0][0xc2][0xc3][0x9a]C[0x87]Z[0xfc]+[0xae]k[0x92][0x80][0x3]:[0x3]DY[0xac]i[0xa4][0x9c]X[0x18]b[0x11][0x1d][0x12]O[0xcd][0x9a][0xe6]$[0xd1]Q[0x8f]?F[0x87][0xae][0xed]3[0xf1]Q[0x8f]H[0x5][0xea]![0xd8]3[\r][0xed]([0xc3]+[0x90]"A[0xbd][0xf4],iNs[0xea]i[0xb5]B[0xf8][0x18][0xc7]9.[0xc6]qnVT+[0xa4][0xcc][0xe8][0xe6][0x4][0xf2]sWE[0x8c]zX[0xa2]ek?[0xee][0xbe]U[0xd7],[0x9a][0xdc]KE[0xd1][0xda][0xb6][0xe5]7i[0xcf]o[0xdc][0xeb]A24R[0xd6][0xcf][0xb9]L[0xb9]P[0xe0][0xa7][0xfc][0x12][0x97]([0x1e][0xdd][0xc]T[0x14]Q[\n]"
18:24:04.496 [main] DEBUG org.apache.http.wire - http-outgoing-0 << "TZFF[0xbc]tV[0xfe]N[0xe6][0xe8]m[0x16][0xf8][0x2][0x0][0x8f]?[0xf4][0xf6]nK[0xe8][0xf9]7[0xeb]{[0x17][0xd7]y[0xbd][0xcc][0xe6][0xd3][0xf5]rn[0x16][0xba][0x1e][0xe2][0xae][0xf2][0x89][0xa2][0x8b]~[0x1f][0xf][0xad][0xc5][0xa8](,[0xf1][0xaa]Z[0x8e][0x19]1l[0xd0][0xa9][\r]_mv[0xbf]z[0xb7][0xfb][0xe5][0xa5][0xee]Wov[0xbf][0xfc][0xfa][0x10]r%R[0x95][0x1f]|[0xb9]d[0xad][0x0][0x1a][0xc8]2[0x1]4$[0x10][0xf0]iD[0xda][0x9f][0x18][0x80][0xc1]yU[0xf6][0xc2]5[0xf6][0xc][0x2][0x6][0xa0]![0xc4][0x3]x[0xf7][0x90][0xa9][0xef][0xfe][0xf]W[0x10][0x97][0xee][0x9b][0x8][0x13][0xbe][0xdf][0x1a][0xa6]@I}[0x90][0x2]%[0xea][0xd8][0xd8][0xe2][0x4][0xe7]w[0xc2]y[0xc]0[0xcd][0xe1][0x82][0xeb]I[0x8b][0xa1][0x18]i[0xc2]u[0xd7][0x92][0x92][0xee][0xc3][0xa5][0x9d][0x9f][0xa2][0x80][0xa3][0xc7]r_[0xe7][0x97][0xfb][0x93][0xdc]rR[0xc8]G[0x93]g[0x98][0x0]gMT[0xb8]2h[0x88][0x96][0xfc][0x93][0xcc][0x86][0x1a][0xdb]0[0xc3]n[0x85][0xb1][0x1e][0xc8]c[0xdb][0xc4][0xcc]X[0x8f]o[0xeb]{[0x17][0x9d][0xfe][0x9b][0x84][0x84][0xec]_[0xb4]M[0x90][0xcb]J[0xb9]T[0xa4][0x3];[0x14][0xe1]>[0x81][0xdd]!dK[0xa5]B[0xa6][0x0][0x8a]C[0xcb][0x8a][0x18]4R[0xb7][0x8][0x15]L[0xdd]=5}[0x1e][0xfd]]L[0xa2]=[0xe6][0xc6]Q[0xb][0xda]>[0x9]9[0xb1][0xe2][0x95][0xa9]`[0xba]O[0xb7][0xb5][0xaa][0x93] Y"}[0x97][0xf0][0xf4][0xce][0xe8][0xd3][0x7][0xa3][0x87]N[0x83]u[0x14]i[0x12][0xfc][0xb6][0x83][0xde]nP "[0xda]d[0xd0][0x9b][0xb]zW[0x91][0x84]{[0xc0][0x9d]D[0xca][0x16]b[0xf0]}[0x83][0xfe][0x12][0x11][0xdd][0xfc]2[0xe3]<[0x96]&iP[0xf4],[0xfc][0xaf][0x18][0x17]y#[0xa3][0xca][0x19][0x19][0x89][0xb9][0x95][0xaf][0xb4][0xc4][0x6]yh[0x9e][0x86][0xc8]}[0x85][0xb]*,U[0xd5]<[0x7][0xcf][0xb6]*"[0x93]wj[0x9e][0xeb][0xb0][0x81][0x1e]Io[0xc3]f[0xa3][0x9e]4[0x1e][0xd0][0xf][0xa5][0xe4][0xb3][0x5][0x99][\n]"
18:24:04.496 [main] DEBUG org.apache.http.wire - http-outgoing-0 << "AG[0xdb] [0xa5][0xc0][0xe1]$[0xb9]][0xe2]eB[0x97][0xe5][0xc0][0xe2]J[0xc9][0x8d][0x96][0x7]+[0x87]rl[0x9c][0xec]~[0x96]N$;[0xa1][0xa5][0xf3][0xbc][0xf9]$yl[0x6][0xf][0xf3]=[0x2]_[0x17]a[0xe0]k([0xc1][0x81][0xbc][0xd6]C[0xaa]o[0x94]<S[0x8]`[0xf8]8F[0xb0][0xf8][0x90]Z[0x7][0xbd][0xf3]l[0xf3][0xe3][0x4][0xc2]b[0x9]U[0x8f]>^c~'H[0x96][0x1c][0x9b][0xf4]-[0x12]4[0xc3][0x4][0xc5]H[0x1b][0x7]G[0xb4][0xc0][0xfb]E[0x96][0x12][0x18][0xf9][0xff][0xee]uA[0xfd][0x85]@[0xb8][0xae][0xd9]U[0xe4][0x17]G[0xbe][0xe5][0x19][0xcc]b[0xbd]a[0xa4]-[0x17]WyX[0x9c][0xe1]`qF[0x14]X[0x9c]/[0x16][0x99][0xf5][0xe2][0x9c][0xeb][0xd4]6[0xc][0xcd][0xab][0x92][0xdb]q[0xc8][0x88][0x4][0x8b];'t[0xc0][0xb]M@[0xf1][0x12]Q[0x9c]|[0xa3][0x14][0xa0][0xf9][0xa7][0x88][0x96]|9vy[0xb8][0xe0]z-[0xa3]6l[0x1d][0xef][0x1]b[0xfb][0xa3]Gsk[0xd4][0xb0][0xb3]@[0x97][0xbe][0x9f]\8=[0xb][0xb2]d[0xa3]nJu[0x8f][0xe1][0x8][0xa9][0xf7][0xe1]&t[0x18]g[0x8c][0x3][0x9d]1[0xf0][0xf1]i[0xac]s=[0xbf]W[0x86]M[0xf4]x[0x1][0xf3]Y[0xc1]@[0xff][0xe8][0x9c][\r][0xea][0xc][0x82][0x83][0xd1]oF[0x93][0xfa]1A[0xc5][0xcf][0xa3]"[0xb8][0xb7]Qf[0xdd][0xe6]m[0xe2][0xd8][0x6][0xf5][0xbd]o[0x86][0x8c][0xef][0x97]nb[0xc6][0x11][0xaa]0T,[0x9d][0x12]^[0x85]w[0x8e][0xe1]49&p[0x1a]_[0xeb]P[0x17][0x9b]T[0xb7]-[0xfa][0x91]b[0xa0]E[0x8b][0x9b]Op:[0xec]=[0xe4]^F[0xf6][0xa7][0x90]$[0x1e]![0xf0][0xe0][0xe8][0xbb]:d~lKkc[0x97]y[0x8a]b[0xb7]y[0xc5]^[0xe6][0x14][0x1b]Gcr[0xfb][0xc0]B[0x89][0xd5][0xeb][0xaa][0xd6][0x10]{~[0xd0][0xf5]-[0x3]G[0xf0][0xe1]B7[0xc9][0xb][0xb5][0x96][0x86][0xbf]Zh[0xf9][0x5]}^jT[0x3][0xdf][0x95]Z[0x9a][0x1f]_~[0xc0]x[0xd7]lV[0xce][0x15][0x94]"[0x15][0xee]Z[0x18]UFd[0x8e]-[0x8]u#Y[0xf3][0x14]e[0x8a][0xf6]=+[0xf6][0x1e][0x9][0x82]\I`[0xeb][0xb2](O[0x1e]<([0xab][0xfe]=|D[0xcb]sT[0xb0]d[0xdb][0x92]l$[0xa5]f[0xe0][0x11]M([0x82][0x8e][0x8c][0xbd][0xe3][0x0][0xe1][0x9c][0xa9]0[0xd2][0xd2][0xfc]hh[0xc2][0xe5]R8V [0xd4][0x1f][0xc]_[0x2][0xf][0xf7]p`[0xcc][0x16][0x9][0x80][0x89][0xf5][0x1e][0x9c][0x1a][0xae][0x9d]PC[0xe7]z(/\?QmD[0xe9][0xc1][0x85][0x91][0xa2][0xb7]-Z[0xb3][0x9f][0xfe][0xee][0x87]+[0xa8][0x88][0xdb][0xd3]{[0x83][0xab]q[0xab][0xfd]RR[0xb][0x9d]][0xa6][0xc1][0xc7][0xd0]S[0x97][0x14][0x6][0x8f]<S<[0xf2][0x88]h[0xc7][0xf2]LZ[0xaf][0xda]tW[0xea][0xa6]k[0xb]-PS,[0xb6][0x84]][0x9a]u[0x9d][0xc0][0xa9]i[0x9e]U7[0x9a][0x92][0xba]nxV[0xcd]8[0xe8][0xba][0xa2]\*[0xe7]KTRo![0x87]3[0x8][0xd9][0x1d]U[0xcb][0xd0][0xa1]g)[0xaf]dre[0xe0][0x9a][0xc6]D[0xee][0x83][0xe5][0xf1][0x9e][0xc0]<d[0xb][0xa7][0x5]I[0xf8][0xe1]3q[0xd0][0xa2][0xf4]`U[0x9f][0x9a][0x85][0x8a][0x8b]{[0x89][0xd7][0x15][0xda]0[0xeb][\n]"
18:24:04.496 [main] DEBUG org.apache.http.wire - http-outgoing-0 << "[0x9d][0x81][0x83][0x96][0xc1]I[0xe5]2xq[0xfe]n[0xaf]<[0xfc][0x15]3zu![0x1e][0x18]+[0x0][\n]"
18:24:04.496 [main] DEBUG org.apache.http.wire - http-outgoing-0 << "[0x82][0xce]':[0xe5]GB[0x91]o8:n[0xf3]2[0xb4][0x2][0xad][0x1b]m[0x90][0xf9][0x13]t[0xb6]`[0xa1][0xeb][0xf8][0x90][0xf8][0x95][0xa3][0xfb][0x85][0xd6][0xe3]uC[0x87][0xae]$[0xa4][0xfa][0xbf][0x1d]J[0xe5][0x8d]#[0xcd][0xd1]=K[0xb3]|[0xb5][0xac]f[0x9b][0xec]Q[0xc5][0xfa][0xb8]br[0xfa]8q[0x92][0xd5][0xc7][0x89][0x93]"
18:24:04.496 [main] DEBUG org.apache.http.wire - http-outgoing-0 << "B}[0xe4][0xe8][0x88]=[0xd1][0xc2][0x1e][0x8b]S[[0x96][0xef]K[0x13][0xae]s[0x1]g[0x0][0x86]Fn[0xfc]r[0xad]6[0xc9]y[0xf1][0xb1]IV][0xb7][0xda]m[0x3][0xdb]![0xd1][0xbf][0xde][0x0]~[0xdf][0x88]#P[0xa8][0x9b]%9[0x9f]-PV[0xe1]<v%q[0xaa]i[0xf9][0x80]a4[0x9b]+[0x81]I_[0x96]E[0x1e][0xdf][0x1e][0xf9][0xf5][0xc4][0xc2]A[0xf2][0xeb][0xe7]N[0xa1][0xb1][0x9b][0x9c][0xe2][0xe9][0x85][0x93][0xa7]g55=[0xe9]o[0xe2][0xe4][0x9][0xa8]ShP[0x87][0xe6]&[0xd7][0x99]4[0x5][0xdd][0x8][0x12][0x99][0xd3][0x86][0xd7][0xe0][0x17][0xff][0x93]F[0xd0][0xf4]W[0xe][0xb5][0xba][0xf4]![0x95][0x8f][0x8a][0xc7]8D[0xf][0xab][\r][0xc0]#[0xfc][0xe6][0x12][0xf0][0xb8][0xf9][0xec][0xd2]n[0x82][0x19][0xf1][0x97][0x18][0xa1][0xc6]v[0xe7][0x16]D[0x8d][0xf0]0D[\r][0xab][0xe9][0xc7][0x8a][0x16]A[0x87][0xb5][0xa2]y[0x1c]x[0xfc]p[0x5][0x95][0xa7][0x18][0x10]>V[0xcc][0x81][0xe0][0x83][0xa2]6[0x16]R[0x1a]'n[0xa7]a[0x11]e[0x89][0xf6].mx[0xd8][0x8d][0x85][0xcc][0xae][0x80][0xf2]F4[0xd5]o[0xf0]S[0xfd]y[0x9e][0xde]xQX[0x95]Ef[0x8b][0x1f]44%[0xf0]ES=[0xf6][0xb1][0x88]{5f[0x1f][0x7][0xee]&S[0x1a][0xa3][0xec][0xc8][0xd2][0x18][0xf6]>[0x91][0xdf][0xe]P[0x93]%[R[\n]"
18:24:04.496 [main] DEBUG org.apache.http.wire - http-outgoing-0 << "y[0xda]]-c[0xd7][0x13][0x87]2[0xb8][0x97][0xc0][0xf1][0xa4]dK[0x19][0xca][0xef]T[0x1a]psAj[0xb1][0x9c][0xc2][0xe6]dR[0x91]en[0x1c][0xad][0x8]*K[0xfc][0x8a][0x80][0x18][0xfc][0xbe]{[0xe7][0xe9]-[0x1e]j[\n]"
18:24:04.496 [main] DEBUG org.apache.http.wire - http-outgoing-0 << "=[0xec][0xaa][0xe7]aL[0x1a][0x19][0xdf][0xa1]c[0xd1][0xe]3[0x1f]x[0xc3][0x83][0x9c][0xe5][0x96][0x7][0x96][0x5][0xe8]'[0x8a]1[0xef][0xd3](T[0x9e][0x94]T[0xf9] ![0x92][0x8c][0xd9][0xf3]<Ha[0xbe][0xed]A[0x6][0xf3][0xf0][0x88][0xec][0xc]6<[0x98][0x14]lyLJ06[0xad]^[0x1e][0x82][0x8e][0xd8]{[0x89]j[0xa3] m[0x6]XQ[0xd1][0xac]V[0x9a]+[0xba][0xd9][0xe2][0xd0][0xa1]r[0x96]E[0x87][0xca]Y[0x91]+[0xba][0xc4][0x12][0xfc]T4k[\r]S5[0xb1][0xd8][0x80]%V:[0xd7][0xac][0x16][0xf2]0[0xd3]>[0x16]D[0xdf][0x88][0xde][0xdc][0x1f]v[0xb6][0xff][0xf8][0xab]{([0x14][0xf8][0xa3]B[0x1b]vL[0xdb]h[0x6][0x9d]k[0xd2]|g[0xdb][0xa9][0x5][0x9d][0x7][0x7][0x88][0x4][0xcf][0xc9]JF[0x96][0xf3][0xb0]TJN[0x1e]UF[0xb2]\[0xd1][0x3]2V[0xd0]/-[0x17][0xb2]e[0xb9]?[0xe3]@[0x86][0xd1]?^[0xfe][0x8f][0xff][0xbe]x[0x83][0x8f]]Q[0xd2][0x8d][\r][0x95][0xb3][0x93][0x90][0x91][0xaf]%[0x91][0xee][\r][0xef]T9t[0x6][0xcd][0xf8][0x1b][0xc3]0[0x80][0x8e][0x80][0xb8][0xa2]u[0xee][0xb5][0x12][0x7][0xf1][0xf3]_}[0xf6][0xd3][0xee][0xa3][0xbf]>|;y[0xe7][0x1f]~[0xfd][0xd7][0x87][0xb1][0xb9] [0x96]U[0xf5][0xe0][0xd1][0x1a][0xf5][0x9b]c[0xc3]#[0x93][0x9c][0xb9][0xba][0xe][0xdc][0xc5][0x9f]b[0xe3][0xde][0xdb]C9[0x8c][0x9b]-[0xa7][0xaf][0x81][0xaf]rf[0x8a][0xd6][0xae]U[0xab]n[0xf9][0xcd]T[\r][0xe3][0xad][0xf7][0x15][0xce]z_[0x99][0x11][0xb1][0xe0][0x95][0xcb]L[0xea][0xc4]d[0xe0][0x9b][0x9a]S[0x15]Q[0xf8]b[0x99][0x15][0xb7]s[0xb]w[0x86]seR[0xbd][0xfc][0xf6][0xcb]'[0x9b][0xfb][0xf][0xbf]}[0xf0]d[0xf3][0xc9][0x1b][0xfb];[0xfb];[0xd2][0xfe][0xf5][0xfd]G[0xdf][0xe2][0xea][0x14][0xfb];O.>[0xb9][0xb4][0xff]h[0x1f]Ar[0xe7]r[0xd0]0[0x11]k[0x8]*[0xa0][0x97]H[0xee][0xa3][0x87]QI[0x7][0x81][0x1e][0x96][0x94][0xb2]Lo[0x3]d[0x94][0xeb]^[0xe4][0xb5]Po[0x9b]VB[0x9c][0x97][0xcd][0xa3][0xd8]s0Eg[0xc4]S[0xb4]"[0xd8][\n]"
18:24:04.496 [main] DEBUG org.apache.http.wire - http-outgoing-0 << "[0x9c]@q[0x1a][0x13]'q[0xbd][0x91][0xe9]e[0xec]*[0x1a][0xe7]k[0x8c][0x88][0x7][0x80][0x9d][0xa6][0xd3][0xf7][0xee][0x95][0x19][0x15][0xc6]mE[0x83]mI>[0xe2][0xae][0xa1],[0x83][0xfb]o[0xed][0xd4][[[0x9b]5&([0xac]Vg[0x84]s[0xb5]F.E[0xfd][0xff][0xaf][0x1b][0xec][0x92][0xde]c[0x12][0x8f][0xbd][0xc0]O[0xa4]-[0x6][0xbe]/X[0xd2][0xef][0xfc]d[0xf3][0xc9]ER[0xbb]d[0xb7][0x97][0xda][0xeb][0xfe][0x8a][0x99]|Y[0xa1][0xf6]o[0xe0][0x16][\n]"
18:24:04.496 [main] DEBUG org.apache.http.wire - http-outgoing-0 << "[0x1]t[0xf0][0xfd][0x85][0xb][0x82]op[0xee][0xdc]6^[0xf2][0x3][0xcc][0x4][0x15][0xad][0x96][0x9c][0x1b]b[0xc0][0xaa][0xf5]Z[0x80]D&q#L[[0x88][0x7]z[0x1b][0xdc]'D[0x85][0xbd]_'M14[0xa0][0xc4][0xb3][0xef][0xb7][0x86].r[0xd2]\[0xad][0xf7][0x7][0x88][0x99]Y[0x1a] [0x9c]6[0xe2][0xc1][0x1a]A[0x96][0x84][0xa6][0xa1][0xc3]@[0xcd][0x14][0xc8][0xe0][0xfd][0x2][0x15][0xce]/PY[0x1e][0x13]2[0x9]1[0xb4][0xdf][0x93][0xae][0xee]6Dn[0x1],[0x91][0xef][0x91][0x14]u7b[\r][0xf2],iC[0x93][0xe6][0x3]d[0xaf]s[0x90]/ 9[0xe3]`[0x1c]@[0x8a][0x92]U[0x18][0xf2][0xef][0xe3][0x88][0xbf]KV84 [0xf7][0x3]5`[0xf3]J[0xa6][0x4]H/[0xe4][0xe2]ha[0xc0]P[0xb1][0xf1][0xc9]Sq6[0x9][0xc9]#[0x99]?{*&[0xc0]X[0xc4][0x94][0x18]([0xa7]d[0xe4][0xd8][0xf2]<[0x8f][0x13]`p[0x98]r[0xeb]=xu+[0xcb][0x14]6[0x84][0xf][0xf3]b,A-[0xd6][0xb8][0xa7]Q[0xb6]~Dn[0xcc][0xea][0xf2][0xac][0xe5][0x87]?[0x1c]E[0x98]XEs[0xfc]p[0x84]B0[0x88]G,D[0x2]|l@[0x18]@[0xc1][0xa6]_[0xd2][0x4][0xe0][0xb2]jtY[0xe7]:[0xe0][0xf7][0x83][\r][0xa1][0xee][0xc7]W[0x98][0xe0]F`[[0x80]5[0x1d][0xe5][0x9f][0xe][0x19][0x80][0xde]lk/[0xa3][0xbb][0xa0]2F[0x91]rWL[0xad][0x87][0xab][0xb2][0xc9][0x1b](+[0x9c][0x81][0xb2]rR[0x4]Ili[0xd7]q[0xcd][0xa9][0xd5][0xdd][0xba][0x8][0x92][0x90][0xc4]3[0x9e][0xd6]4[\r]d[0x86]B=[0xa2][0xfd][0x7][0xa0][0x8f][0xdd][0x9d][0x1b][0xdd][0x9d][0xdf]uw[0xde][0xe9][0xee]l[0xe3][0xde][0xc3][0xdf][0xee][0xee][0xdc][0xef][0xee]\D[0xbf][0xee][0xbe][0xd9][0xdd][0xf9]Mw[0x7]}R[0x8b]Zs[0xc5][0xd4][0xa4]1G[1[0xb5]:[0x16]s[0xe0][0xd2][0x5][0x5]E[0xce][0x15][0xb][0x14][0x17]0[0x8e]t[0xc5][0xb][0x15][0x1a][0xbf][0xc8]s[0x84]y,Y9[0x9b][0xa3]C[0xe3][0x85][0xde][0x86][0xa2][0xc0][0x95]9[0x8f]k[0xbe][0x9e]D[0x81][0x1e]sc[0x98][0xb5][0xe7][0xbc][0xca]ATw[0xe7]C<6[0x9f]uw[0xdf][0xc0][0x3][0xf0][0x9][0x1c][0x9]vE[0xd3][0x3][0xb5]N[0x8e][0x3][0xd4]25K[0xaa]jf[0x13][0x82]Uw[0xe7][0x9b]>[0xeb][0x18]f[0xd7][0xd1]4[0x1]ZU[0xfe][0xf][0x0][0x0][0xff][0xff][0xdc]][0xcd]N[0xdb]@[0x10]~[0x95][0xdc][0xda]J[\r][0xea]&&?WD[0xa1][0x8][0x94]"
18:24:04.496 [main] DEBUG org.apache.http.wire - http-outgoing-0 << " u[0xb9]psDH[0xa2][0x84]8M[0xec][0x3][0xbd][0x95]H[0x15][0x87][0x1e][0xfa][0x2][0xbd]T-[0x12]T[0x15]Bp[0xa8]JoQ/}[0x82][0xd0][0x1e][0x91][0xfa][0x1c][0xd5][0xec][0xac][0xbd][0xb3]?[0xce][0x8f][0xa8]Z[0xe0][0x84][0xbd][0xbb][0xb6][0xd7]&[0xdf][0xec][0xee][0xec][0xcc][0xf7][0xe1]W[0xd1][0xfb][0x9e][0xf4]4[0xdd][0xbe][0xa8][0x9f]@[0xbc][0xd4][0xd0][0xf7]%y[0xd3][0x1f][0x9d][0x8a]4um[0xa6][0xf1][0x81][0xac].[0x92][0xb][0xe2][0x5][0x86][0xb1][0x15][0xa9][0x95][0xa0]qQO[0x8d][0x97][0x1a][0xf2][0x94][0xae]5[0xe6][0xdb][0x85][0xc][0x9b][0xfe]-[0xa1][0xe7][0x7][0xdc]RK[0xd0][0xda][0xb][0xfa][0xd9][\r][0xf0][0xb4][0xa5][0x18][0x3][[0xb4][0x88][[0xa2]E|[0xe3][0xb9][0x93]M[0xd4][0xe0][0x8]Y[0xc6][0x11][0xcb]2[0x5]p?@_F[0xf4]&][0xd0]^[0xef][0xec][0x4][\r]{w[0xc3]66l[0x8b][0x86]m[0x1f]Z[0x8d][0xce][0xe3]f75[0x11][0x8c][0x15][0x8a]9/[0xa7]s[0x9a]J[0xad][0xb5][0xfc]c[0x96][\([0xbb]x[0x86][0xd5]kk[0xf1][0xf1]^[0xa9][0xe8]i[0xd9][0xe8][0xe5][0x19][0xb3][0xd1][0xd7][0x96]m[0xb6]C[0xfd]k[0x18]2I[0xb9][0xf4][0x9d][0x8f]-[0xaa][0xa9](g[0x8f][0xe8][0x81][0x9a][0xa2]{[0x82]~[0x13][0x17][0xc9][0x8][0x9c]M4#=cO[0xa2]G#[0xa5]6[0x83]~[0x18]5"[0x87][0xff]B[0xd6][0x8c]N&[0x84][0x85][0xea][0x9f][0x1][\r][\n]"
18:24:04.496 [main] DEBUG org.apache.http.wire - http-outgoing-0 << "[0x14]e[0xaa][0xe0][0xd5][0xc][0x95][0xaa]+[0x96][0x6][0xaa]TX[0x96][0xdf][0xef][0xce][0xae][0x87][0xaf][0x5][0xc9][0xc7]{][0x6][0x4][0xdb]?[0x15][0xe4]]5u[0x83][0xf8]I[0xbd][0xd0]*[0x12]v[0xa6][0x1a][0xc][0xc2]l[0xfc][0x8b][0x17][0x96]fm[0x0][0x8c][0x1a][0xdd]V[0x82][0x3]ip[0x80][0xee][0x14][0xdc][0x9c][0x99][0xf1][0xc5][0xf8][0xec][0xea]`[0x8e]d[0xda][0xb0]3[0x98][0xbe][0x84][0xd9]x[0xae]Y[0x84][0xa0][0x11][0xa4][0x98][0x2][[0xa0][0x88][[0x2]E|[0xb5][0xea][0x94]V[0xb6]B[0x98][0xf6]F[0xc7].[[0xb0]*\[0x1b][0x8d]@[0xe6]W[0xc5][0x87]t[0x8b][0x81][0xca]%[0x8a]zPb[0xb8][0xa9][0xb0][0x19][0xf3][0xf2][0xfa][0xfa]D0[0x12]/0[0x97]D"[0xe9][0x9f][0x1c][0xe8][0xb][0xc5][0xd2][0xa2][0x96][0xaf][0xea]M[0xd5]5[[0x12][0xb][0x92][0xa5][0x15][0x11][0x99][0xfd][0xcc]Nl[0x97][0xff][0x7]s[0x10]/[0xdd]m=e[0xf9]V[0x88]><F[0xcc][0xe1]1[0x8e][0xe1][0xc3]CA[0xb6]s[0x91][0x0][0xc]+k[0xa4]a[0x8f][0x94][0xe3][0xa8][0x8d][0xc7]M[0xd2]F[0xa2][0xe7][0xea][0xf0][0xe7][0xe9][0xd5][0xe1][0xec][0x90]i[0x4][0xf7]r[0x5]P][0xd5]Q[0xde][0xae]w[0xfc]([0x5][0xe8]v[0xa2]+[0xb7][0x12]][0xf9][0xfa][0x86]k[0xcc]/[0x1b]c[0xfe][0x8a][0xdf][0xf6][0x83]]Wb[0x6]_[0x9f][0x81]A|3[0xe8][0xec][0xbb][0x18][0xc4][0x99][0xc7][0xa8][\n]"
18:24:04.496 [main] DEBUG org.apache.http.wire - http-outgoing-0 << "a[0xb6],[0xc4][0xd0][0x8b]9s:[0x8e][0xaf][0xa9][0x91]hN[0xa7][\r][0xcf]O[0xf5][0xef][0xab][0xcf]g[0xe0][0xb3][0x98][0xee]6[0xac]l[0x1b][0xe][0xfe][0xed][0xba][0xf][0x13][0xcb][B[0x15][0xae]^[0x89][0xc4][0xf][0xab]B[0x89][0xd2][0xf8]4[0x1][0xea][0xc1][0x19]l[0xef][0x1d][0x1c][0xe9][0xdc][0xe0][0xaa]aM[0xbf]N[0xe2][0xf6]E[0x14][0xbe][0x8e]V[0xdd][0xd4][+[0x4][0x1f][0xb][0xc4][0x1c][0xcd][0x83][0xe3]vg[0xae][0xf8]].y']x[0xb0][0xd9][0xbe][0xb9][0xc5][0xf6][0xcd][0xab][0x15][0xe7][0x1c][0xd8]X[0x11]W[0xa2]v[0xf4][0xc0][0xef][0x4][0xbb]N?][0xf5]&[0x90]x[0x92][0xd7][0xe5]j[0xb2]b[0xed][0x99]eE[0xcb][0xc9][0x6][0xaf]JT[0xf5][0xbc][0xe2][0xdf][0xc1][0x84]$[0xee]4[0x10][0x91]>[0xc1][0xe4]U[0xb2][0xdf][0x8d][0x9d][0xca][0xf4][0xfc][0x1f][0x97]>[0xde]([0x81][0x3][0xff]w[0xf2]x[0xa1][0x11][0xa9][0x8f][0xbb]+[0xb4][0x8b][0x99][0x87][0xf8]GfH<[0xb2][0x6]A[0x1f][0x96][0x16]HV[0x9a][0x8e]5|C9[0xc][0xe2][0x89]D[0x18][0x9e][0xa8][0x81][0x10][0x94][0xe7][0xd4]@[0x88][0xb5]5[0xda][0xb4]Gk$[0x9e][0xf0][0xa4]I[0x9b]%XB}[0xb9][0xd9]q[0x14][0xcc][0xb0]M[0xb6][0xaa]/*[0xfb]-[0xcc]$[0x2][0xeb][0xc6][0x83][0x9a][0x9f]:[0xa3][0xc]m`q[0xb]X[0xdc]5[0xa3]d%3*[0x1e][0xd6][0x0][0x94][0xce][0xc4][0x2][0x17]7[0xf7][0xc9][0x1c][0xdd][0xbc][0x81]"[0x1c][0xcb]{[0xe5]BA[0xd3][0x84]c[0x80][0xbf][0x82][0xb5][0xe3]%[0x9f]K[0xbd][0xdc][0x8b],?[0x95]C!;[0x83][0xc4][0xb6][0xfb][0xd3][0x1b][0x90],[0xa5][0x87][0xa0]pN[0x6])[0xc7][0xcd]n[0xcb]`[0x15][0xf7],[0xa2][0xaf][0x89]p[0x8a][0xab][0xf6]U[0x5]B[0xb]* [0x8d][0xad][0x1e][0xaa][0x1a][0x85][0xb3][0x13]pJC"[0xf3]7[0xa0]s[0x1c]^[0x8a][0xc2][0xb7]t[0x16][0x1a][0xdf][0xb8][0xae].[0xaf][0xf5]S*z[0xf1][0x15];[0x10][\n]"
18:24:04.496 [main] DEBUG org.apache.http.wire - http-outgoing-0 << "F*[0x10][0xa0][0xc9][0x15]]U[0xd3][0xd4][0xee][0xd5]"[0xbd][0x97]n'[0x91]A[0xf8][0xeb][\r][0xe4]Ecj[0xb][0xa0][0x19]R][0xe6][0x9b][0xdf][0x86][0xc1][0x9d][0xcc]*$[0xd6][0x86]k[0xa2]8<[0xea][0xb6][0x6]iB[0x1d]a[0xd7][0xb6]0[0x15][0xcb][0xc2]l9[0xe9][0x17][0x98][0x19][0xf3][0x2][0xf]r[0x19][0x96][0x8a]iX[0x92][0x1e][0xf9]I4[0x1c][0x8]i43~[0x98][0xe5][0xdf]?A[0xed][0xbe][0x15][0x0]7?[0x1][0x3]cl[0xd1][0xf3][0xf4]=vp[0x1b][0x99][0xc2][0x1a][0xb2]?][0x9a]V[0xac]s[0xb6]0[0xd7][0x82][0xd5][0x19]n[0xbb],[0xb6]"[0x81]f[0xc1][\n]"
18:24:04.496 [main] DEBUG org.apache.http.wire - http-outgoing-0 << "z[0x13]c[0xcb][0xf8][0xdc]ao&D[0xbd]PQ[0xdd][0xb8][0x9f][0x99][0x9d]VW[0xb7]1[0xe3][0xd3][0x85][0xf1][0xc9][0x8b]{[0xe3][0x11][0xcc][0xb7]T[0xe4][0x1b][0x1f]}[0xed][0xd6]_&vE[0xf4]Zy[0xa0][0x87][0xaf][0xae][0x87][0x1f][0xc5][0xe][0xd7][0x17][0xba][0xc9][0x95][0xfc]&j[0xf2][0xa2][0xd1][0xe7][0x1]qC[0xab][0xf3]n'y[0xa4][0x8a]z[0x8b]{d[0x14][0x9f]#[0xa4]5[0x8c][0xee][0x5]7[0xc2][0x1f][0x0][0x0][0x0][0xff][0xff][0xdc]]Mo[0x1b]E[0x18][0xfe]+V[0xce]M[0xe5][0x8f][0xb5][0xbd]>.NpQ0A[0x96][0xd7][0x2]![0xe]k{[0xb1]7[0x1b];f[0xd6][0x1b][0xe4][[0x9a]R[0xa9] [0xae][0xc0][0x81]SUZ[0xa4][0x2]r"[0x90][0x10][0xa5]=[0xf9][0xf]8[0xb7][0xe4]lq[0xc8][0xbf]@[0xef];[0xb3][0xbb][0xf3][0xb5]v\W[0xa1]p[0x89]2;[0xab][0xf9][0xf2]>[0xef][0xcc][0xbc][0xf3][0xcc][0xfb][0xfc][0x87]c#[0x80][0x89][0x11]l[0x16][0xf1][0xdd]I[0x8a][0xc9]R##4[0x1b][0xaa][0xc9][0xd2][0x92]x[0xa5][0xcd][0xb7]5[0xf4][0xf5][0xea]]X 4[0xc2][0x9b][0xb8][0x8a][0xf1]bMk[0xce]^b~[0xa6][0xca][0x98]A[0xee][0xd8][0xdb][0x80][0xb2][6[0xcb]F.[,[0xc8][0x84] [0x95][0x2][0x0][0xcd][0xe2][0xee][0xec][0x94][0xcd]B[0xb1][0xc4]G[0x83][0xab][0xe8]O[0xd1]4[0x4][0x0][0xab][0x1]3[0x98][0x85]R"
18:24:04.512 [main] DEBUG org.apache.http.wire - http-outgoing-0 << "[0x9a][0xef][0xd4][0xa0][0xcf][0xb5]]XL[0xd6]0T[0xd0]{[0x8d][0xf][0xf0]/[0xf0]z[0x81]F[0xa9][0xac][0xa5][0xd8][0x0][0xa8][0x6][0xad][0xb2][0x84][0x1c][0xd4][0xf8][0x98]7h[0xd8][0x95][0xcc][0xa1]G[0xf8][\r][0xcd]J/[0xf8]X[0xb2]e[0xe3][0x90]([0x85]n[0xe9]Z;[0xfb][0xc9]]b[0xc6][0xe0][0x8d]D_[0xb3][0x19][0x92][0xcf][0xc3][0xd9][0xaf][0xc9][0xd6][0x3][0xd2][0xbc][0x1d]{[0x4][0x17]O[0x13][0xaa]NHx%M[0xfa]:g[0xc0][0x8][0xaf][0xa0][0x89][0x8d]L"[0xc4]5C[0x81][0x94][0xff][0xfc][0xf2][0x1c]d3[0xd7] [0xed][0x8e][0xc3][0xd5][0x91]X[0x9b][0xe2][0xb5]{h[0xc2][0xc0][0x1d].[0xa3][0xeb][\r]T[0xa4][0xd5]U?W]K[0xd7][0x93][0xe8][0xf2]V[0xd0][0xef]9mG[0x17][0xf6][0xbe]Y[0xdf][0x80]Fg[0x94][0x8b][0xb9]\>+[0xc7]P,e5[0xa8][0x19][0xb8][0xc9][0x14]o[0x98][0xa6]@[0xa3]3[0xd6][0xa5][0xd1]Qt[0xec]Yi4:[0xfc][0x9a][0xb8][0xf1][0x95]![0x92][0xae]Z[0xd9][0xac]7[0xc5][0xaf]9*%3p[0x86][0x8e]p[0xec]<Xq[0xe8][0xec][0xcb]8[0xf1][0x95][0x92][0xb7]R[0xda]}[0xab][0xd4]9[0xf1]S[0x8c][0xe0][0xc7][0x9e][0xf1][0xdc]9x[0x8]J[0x96][0x2]{[0x8e]!q[0xba]x[0xf0][0x18][0xd7][0x15]2[0x87]N,=Bg[0xe7][0x88][0x15][0xcf][0xf1][0xe8][0x0][0xa4].[0xff]8[0x6]+W@[0x9f][0xa8][0xcf]8[0xdc]^=[0x84][0xb5][0xc7][0xba]\:[0xf5]mz@[0x9a][0x84][0xdf][0x0][0xb7][0x9e]U[0xc7][0xeb][0x1c][0x5][0xcb][0xb5],[0xc6][0x1d][0x15][0xcb]U[0x5][0xcb]U[0x1d]i%W[0x92][0x3][0xad]U[0x8f]:~;$[0xb0]9[0xfb]B[0xeb]J[0xa8]n$[0x1d][0x9f]3[0x8a][0xfc][0xd5][0xd5]|[0xee]n[0xb9]xg[0xbb][0x9c][0xbb][d[0x7][0xc6][\n]"
18:24:04.512 [main] DEBUG org.apache.http.wire - http-outgoing-0 << "[0xb2]5[0xe3][0xc0]E[0x9][0xaa][0x18][0xe6][0xeb]([0xca]+[0x88]N[0x1f]p[0x19][0xdc]o[0xee][0xd0][0xf8][0xf6]][0x7][0xd0][0xcb]mt[0x1c][0xd0]n[0xea][0xa4]%[0xe8]PL[0xd8][0x1b][0xa2]L&[0x5]Q[0x0][0x1a][0x12]Ug6[0x85][0xff][0x5][0x82][0xdb]K@*[0xdc][0x8f][0xff]kq[0xfa]3^p[0xfb]mq[0xfa][0xa7]NA[0x93][0xd6][0xe2]&[0xb5]p[0xe2][0xf][0x0]`G[0xc8][0xe4][0x94][0x1e][0xd4][0xcc][0x18][0xc7][0xc1]68[0x15][0xe8]sY[0xc2][0x1]%5Y[0xad][0x1e][0xd7]7Y[0xad][0x1][0xdc][\n]"
18:24:04.512 [main] DEBUG org.apache.http.wire - http-outgoing-0 << "[0xe7]@[0x98][0x5]'[0x3][0xc4]j[0x4][0xfa][0xec][0xd5][0xa3]u6[0x1c][0x1d]g=[0xe7]{x[0xec][0x1c][0xa6][0x9d]F[0x1d][0xab][0xc8]n[0xa9][0xeb][0xe1][0x96][0xce][0xfb]nJ>[0xc2]w[0xc3][0xa1][0xf3]Y8[0xd6][0xb2]PZ[0x1b][0xf9][0xde]K[0x86][0xaa]g[6[0x95]I[0x1a][0xba][0xc9]m[0xc4][0xf3]7[0x10][0xb1][0xcd][0xdf][0x0][0xb8]l[0xf4]d[0x98][0xa6][0xef][0xbb]-[0x9b][0x83][0xa9][0x15][0x6][0xb0][0xfc][0xf0][0xd2]n[0x9b]$[\n]"
18:24:04.512 [main] DEBUG org.apache.http.wire - http-outgoing-0 << "2[0xcd][0xd6][0xce]'[0xb5]O[0xf9]9[0x96]v[0xe8][0xad][0xc1]6[0x1b][0x8]6[0xc3][0xb2][0x14][0x9b]ZY[0x8a][0xcd][0xa9]_[0xd2][0x98]6[0xc9]$[0xca][0xb2][0xdb][0xc2][0xcb]#![0x8f][0xa1][0x8c][0xa5][0xfa][0xc2][0x9b][0xc9][0xce][0x1c]C[0xd0][0xac][0xe3][0x91][0xb][0x8f]o[0xb0][0xb6]m[0xf1]x[0xb1]{[0xe][0xd5]6[0xd3][0xe0]%Ti[0x1a][0xb6]B[0xd3][0xa0][0xb4]g[0x95]Q.[0xb9][0xbc][0xf6][0x9c][0xc1][0xc8]9[0xd4][0xed] [0xb1]H~[0xdf][0x18]7[0x89]c[0x92][0xb3]g[0x9b]q[0xc7][0xb][0x5][0xb3][0x94][0x95][0xc2][0x8c][0xc2][0xbe]Q>[0xeb][0xa5][0x95]q[0xd8]2[0x80]s[0xce][0xad][0x80][0x8d][0x9b][0xc7][0x18][0xe5]([0xe3][0x94]&N[0x5][0x19][0x80][0x87]/[0x83]/[0xee][0xb7]D[0x12][0xcf][0xa6];[0xd9][0xed][0xda]G[0xdc][0x1c]I[0x9b][0xfd]Z[0x14][0xf1]7[0x19]Yf3[0xb6]y[0x1a]"[0xe3][0xd1]AD[0xc6])Dd[0x9c]bs[0xe7][0xb3][0xc5][0xe9]/[0x18]L[0xe6]$[0x2]e[0xfc]F[x$[0xe4]Q2[0x95][0x1b]%[0xfb][0xc2][0xab],[0x18]9p@[0xa8][0xca][0xd0][0x1a]'_a[0xef][0xc9][0x5][0xb7][0xc5][0xc3]:[0xdb]'[0xac]`[0x9d]-Q[0x95]XmE[0x89][0xd5][0xde][0xd3][0xf9][0xa2][\n]"
18:24:04.512 [main] DEBUG org.apache.http.wire - http-outgoing-0 << "[0xa6][0xa2][0x10][0xe7][0x1e][0xeb][0xc][0x9][0xde][0xc2][0xf0][0x89]3[0x81][0xcb][0xa1]+COD[0xa6]B[0xaf]8[0x90]/U[0xf2][0x85][\n]"
18:24:04.512 [main] DEBUG org.apache.http.wire - http-outgoing-0 << "[0xef]c2*Z[[0x81][0x9d][0xe6]][0xe2][0xa5]l[0xa1][0xcc][0xef][0x97][0xf3]%[0xbd]K\[0xa7][0xad][0xfa]>[0xf4][0xff][0x1e][0x1e]"[0xd4]w[0xa0];[0x1f][0xee][0x83][[0xb2][0xb1][0xf][0x9f]F[0xc3]F[0xd5][0xbb][0x96][0xaa][0x12]42qq2?[0xbb][0xf8]~[0xfe]j~[0xa6][0xb1] [0xe9][0x84]m[0xdb][0xba][0xc7]Y[0x90][0xa8]3[0x99]>[0x99][0x1c][0xb3]EK[0xa2]F[0xf0][0xfb]r[0x1b][0x12]J{[0xe8][0xd0]'[0x9a][0xa2][0xb7][0x96][0xb4][0xfd][0xe2][0xfe][0xc5]7[0xf3][0x17][0xf3][0xb3]%V [0xfe][0xc6][0xa8][0x19][0xe8][0x10][0xfe][0x9a]H[0x92][0x9b][0x18][0x82])[0xb2]J~\<[0xf8]:[0xb6][0x5][0x1d]x+1[0x6][0x1d]"[0xdc][0x11][0xe1][0xd2][0xcc] [0xf8][0xc4][0x99]M[0x87][0xb1][0xb][\n]"
18:24:04.512 [main] DEBUG org.apache.http.wire - http-outgoing-0 << "j9[0xa0][0x5][0xa0]Q[0x0]R[0xc9][0xe5][0xf9][0x9a]A[0xe1]B[0xb5][0x1b][\n]"
18:24:04.512 [main] DEBUG org.apache.http.wire - http-outgoing-0 << "[0xe0][0xc0][0xe3][0x8b][0xee][0x81][0xd0]1[0xbc];[0xf0][0x8][0xba][0x86][0xb5]`s[0xd4]@M[0x96][0x12][0xa8][0xc9]j[0xe8][0x2][0xc3]T[0xca]Rd[0x18][0xab][0x1d]fv[0xfa]N[[0xb7][0xd2][0xc5]Bmkw[0x3]gn[0xc5],Jj[0x1][0xa0]a|[0xa7](+{[0xd0][0xe]'7"L[0xb8][0x12][0xba][0xfa][0x82][0xb5]!!l[0xbf][0x8e]"@[0x96][0x1a][0xd1][0x85]z[0xed]#[0x17][0xfe]S[0x88][0xf2][0x7]?[0xea][0xe5]s[0xc9][0x91][0x8f][0xc9][0xab][0x87]hi[0xa7][0xe8][0xd7][0x97][0xcf][0xa8][0xd2][0xc1]f[0xed][0xaa][Z[0xe1][0xe7][0xcc]t=[0xd2][0xc7]p[0xaf][0xc2][0x81][0xd5][0xd3][0xed][0xc0][0xaa][0xe5][0x12][0xd7][0x1b]z[0xbd][0xb1][0x8b][\r][0xa5][0xc7][0xa9][0xac][0xb5][0xb1]@[0x8]&[0x8f][0x82][0xcc][0xec]>q[0xda]n[0x0][0x93]V[0x97][0xdb][0xeb]~[0x85][0xf9]A[0xc6][0xa1][0xb9][0xec][0xfc][0x89]![0x94][0xc5]t[0xb8]~[0xf6][0xdd][0xf5][0xb7][0xfc][0xfd][0xc3][0xab][0xeb][0x93]'[0xd7][0x9][0x7][0x8c][0xfd][0xea][0xb4]n[0xbc][0x9][0x19]+[0x1b]bV[0x17]j},[0xd5]:[0x1a]/[0xcd]FPC[0xbf][0x86]^[0xaf][0xab][0xe9]V[0xbc][0xc9][0xb5][0xf][0xdc][0xae]7<p[0x87]X[0xff]([0xf0][0xbd]L[0xf2][0x15]F[0xcb][0x81][0xe4]3[0x89][0xbe][0x9][0x10][0x8][0xc3][0x91]][0x83]][0xed][0x10][0xf7][0x16]#I[0xfc][0x3][0x0][0x0][0xff][0xff][0xec]]Mo[0x1b][0xc7][0x19][0xfe]+[0xb]][0x9c][0xa0][0x92] ~[0x93]GJ[0xa6]l[0xd9][0xa6]lH&e[0x11][0xe8]aV[0x1a][0x8b]+[0x91][0xbb][0xc2]~P[0x10][0x81][0x2][0xb5]e'F[0xd1][0xb8].[0x8c][0x16]5[0xd0]C[0x9d]4[0xa9][0xe5]|46[0xe0]$[0xb5][0x8a][0xfa]@[0xf7][0xd2][0x93]|[0x13]sS[0x84][0x2][0xb9][0xf5]/[0x14]3[0xb3][0xbb][0xf3][0xce][0xc7]R[0xa4][0xe5][0xd8][0x86][0x91][0x1b]wwfvf[0xb9][0xef][0xb3]3[0xef][0xbc][0xef][0xf3][0xfc][0xd4][T[0x4][0x11]T[0xdc][0x2][0x19]Yg\[0x8c]|[0x83]h[0x8d]"[0xcb][0xa6]~[0xa2]x{z[0xce][0xc5][0xc9][0xf9]d[0x81][0x1a]NzfZ[0xc6][0xb5]3[0xd3][0xba]ID6[0xab]0[0xda][0xae]::[0x8f][0x1c]m[0xb0]F[0x82]T[0x85]^[0x9e][0x94]g.[0x9f]K[0x11]!4[0x8]t9[0xca][0xdd]-O(B[0x5]V[0xb0][0xf8]H[0x97][0x84],[0xf6][0xac]n[0xd3]j[0x82]QI[0x8c][0xb3][0xdf]9[0xf0];[0xb]~g[0xc0][0xef]t[0xfc][[0x90]?[0x1a][0x7][0x93][0x93][0xf0]w^GasA][0xbe][0x8][0xb3]:[0x9][0x19][0x90][0x1f]2[0xbc][0x4][0xed]kw[0x4]p[0x0][0xf4][0x8c][0xf3][0xbd]olk[0xcd][0xc5]L[0x9a]4[0x94][0xcc]&JW[0x14]["[0xbc][p[0xb6]Q[0xd0][0xc6][0x13]5[0x9a][0xc0][0x1f][0xc2][0xdc]_[0x8f][0xae]E[0x99]lb[0x8a][0xaa][0x5][0xbc][0xc6]j[0xfa][0xe][0x17][0xc8][0x86][0x8d][0x85][0xa2][0xd8][0xf0][0x94][0x0]][0xc6]y[0xc7][0xb6][0xec][\r][0xd7]Z[0xdf]P[0x10][0xcb]1[0xce][0xbb][0xa8][0xb5][0x8e];[0x9e][0xdf][0xe1][0x81]?[0xf]H[0xe0][0xf]s[0xb7][0x87][0xfa][0xa9][0xdf][0xef][0x12][0x98]:xDc[0x80][0xa8][0xcf][0x8e][0xa5][0xa3][0xbd][0x8c][0xc4][0xe1][0x9a][0xe9][0xbe]N[0xb2]<b[0xe6]*[0xc8][0x84][0xe]b[0x2]N1[0xbe][0xe]HTq[0xb4][0x9a]"[0x8e]V[[0xd4][0xfa][0xf8]E[0x1c]YB^[0xd3][0xb2][0xd7]|[0xc7][0x1e]7NO[0xce]L[0xea][0xd6]%[0xa4]e[0xd6]Xb/[0x87][0xd8][0x4][0xe0][0x11]<z[0x85][0xea]t[0xa6][0x94]-HLV[0xc4]y8Q[0x92]u[0xaa]#[0xc2]q[0xee][0xf6][0xcf][0xa7]KS[0xa5][0x14][0xf0]p[0x14][0xb5] [0x93][0xe2][0xb0]0[0x91]J[0x81][0xdf]S[0x0]XJ[0xe0]7[0x4][0xa5][0x2][0xf8][0x9d]?[0x16][0xac]~[0x1][0xda][0xd4]y.[0xc7]fh[0x82]c[0xb5]r%[0x9][0x88][0xc2][0xf][0x93][0x82]C[0x3][0xe4][0x8][0xde][0xfa]-[0x7]0[0x1d][[0xf4][0x11][0x99][0xac][0x18][0x1d]'|#[0xb8]dS[0xc5][0xf3][0xe9][0xd4]G[0x9e][0x87][0xf9][0xc8][0xf7][0x8],[0x89][0xd3][0xaf][0xfb][0x14][0x97]>[0xff][0xef][0x9d][?[0xde][0xff][0x0][0xb2]j[0xf9]d[0xe6]E[0xe7]\[0xc6][0xe9]S[0xfc][0xa5][0xb]E[0xdd][0xa4][[0x84][0xda]n[0xd2]Yi[0xae]E[0x9f]%[0xe7][0xdf][0x8e][0xd0][\n]"
18:24:04.512 [main] DEBUG org.apache.http.wire - http-outgoing-0 << "[0xb3][0x1]<[0xff]h[0x3][0x1b][0xa7][0xdd][0xff][0xb]u0[0x9f]aQ[0xd6][0xed][0x1b][0xca][0xc][0xeb][0xe3][0xfe]M[0x82]f#[0xe9]?[0x5][0xde]0n[0x98][0xf9][0xb2]@[0xc8]G[0xcd][0x8e]s[0xf4]CZ[0xbe]5[0x17][0x93]-P[0x98][0x9][0xd8]e[0x17][0x91]gCrJ/X[0xa6][0x8b]I[0xf0]#vW,z[0xa6][0xdc][0xee][0xed][0xba],[0xe3][0xb4]E[0xa7]Bd[0xfc][0xe5][0x95][0x15][0xc7]][0x8d]+L[0xf4]vW[0x9a][0x84]1[0x9a][0x14] z[0x2][0xac][0x8a]%[\n]"
18:24:04.512 [main] DEBUG org.apache.http.wire - http-outgoing-0 << "[0x6][0x10][0x98][0x81][0xa8][0xe8][0x6]k[0x1]J[0x8][0xf][\n]"
18:24:04.512 [main] DEBUG org.apache.http.wire - http-outgoing-0 << "T[0x8e][0xbf][0x9a][0xc2][0xf1]W[0xa3]Q([0xaa]p[0x8a][0xb4][0x1d]Rul[0x1f]w[0xac]U[0xac][0xcb][0xcf][0xa1][0xad]F[0xb9][0x91]B[0x1e].[0xef][0x1f][0xc8][0xc1][0x8d]K[0x92][0xa7][0x11][0x95]8[0xa1]nJ&[[0x9c]J[0xb][0x2][0x92][0x13][0x99][0x8c]V:%[0xbc][0xa1]@[0xf5][0x97][0x9a][0xca]d[0x85][0xb0][0xa1][0xc2][0x90][0xd2])[0xe5][0x5][0xe2][0xdc]&[0x2]*[\n]"
18:24:04.512 [main] DEBUG org.apache.http.wire - http-outgoing-0 << "H[0xc5]#[0x97][0xe0]i[0x0][0xb1]Wm[0x19]|<[0xe3]~[0x1a][0x9b][0xd8]sF[0x1][0xa6][0x9f]D4[0x92][0x8f][0x87]9f[0xe2]C[0xe6][0x98][0x89][0xf]c[0xc7][0xc][0x89]C[0xf8][0x9a][0x0][0x10]O[0xb2][0xe7][0xa5]L^[0xc9][0x8a][0xfd]2[0xf1]!E[0x15]^[0xb8][0x19][0x15][0xee][0xa0]u[0xa0][0x1a][0xf9][0x88][0xa5][0xeb][0x1d]|6BpP[0xe0]n[0xff][0xac][0xff][0xae]U"[0xa9]-[0xd4][0x4]`[0xe9][0x9a]x[0x10]Y[0xa0][0x92][0x11][0xd5][0x14]2"[0x12][0xc][0xa4][0xb][0x88]*[0xca][0xc][0x81]^s[0x83][0xc1][0xac][0x82],[\r]y[0xef][0x8][0xf6][0xeb][0xe2][0xf][0xbf][0xfe]Sx[0xec][0xd8][0xc6][0x2][0xf6]h[0xb9][\r]D5[0x19][0xf7]o[0xef][0xbb][0xff]h[0xff][0x9]$[0xef]2[0xf6][0xff][0xb2][0xff][0xe4][0xc5][0xb5][0xfd]g/v[0xf6][0x1f][0xed][0xef]Qf[0xaf][0xaf]_\[0xdb][0xff][0xee][0x4]aW[0x99]T[0xae][0x90][0x17]C[0xab][0xb3]d[0xa6][0x95][0x97]=\[0xbc][0xeb][0xdc][0xcb][0x95][0xcd][0x16][0xb2][0xc2][0xe2]/[0xaf]g3N[0x8c][0xbd]bQW[0x8c][0xc2][0x8c][0xd1][0xc5][0x91][0xd8][0x18][0x19][0x8c][0x84][0x7][0xa5]B[0xd2][0x0][0xa2][0xd1][0x1a]d)[0x2]#0<[0xe7]T{[0x94]@[0xc5][0xa0]+9[0x8f][0xbb][0xa6][0xd4][0xb0][0x8c]I[0x17][0xff][0xb3]GO[0xbf][0xc6][0xe8][0xab][0x9a][0x7][0xde].[0x86]s[0xe1][0x90]A[0xe4][0xd5][0xc5][0xa0]k[0xf6]ve[0xda][0xb2][0xcf][0x8e][0xae]?=[0xda][0xb9][0xa7]c.[0x13][0xde]Y[0x86]|][0x13][0xcb][0xcc]e[0xe4][0xde]2s[0xd9]E[0xc][0xab]6][0xb9][0xb1][0x8][\n]"
18:24:04.512 [main] DEBUG org.apache.http.wire - http-outgoing-0 << "[0x1f][0x1f]<x[0x9][0xd6][0xb2][0xa0]k[0x1e][0xef][0xa2]nLCX[0xa8]#;@~B[0xf8]E'P0[0xa1]^[0x93]1[0xa1]NI[0xb8][0xd5][0xe4]G][0x8a]V[0xdd][0xd2]n([0xd3]F!([0xf0]^-X[0x9b][0x88]@[0x80]a[0xb6][0x1c]{[\r]^[0x0]L[0x0][0xab]8[0xbe]p|[0x1c]G[0x95][0xb8][0xab]4q[0x1c][0xe9]B!'[0xb2][0x94][0xa5]H[0x84]F*//[0xc6][0xe6][0xad][0x9][0xde][0x8d]([0xb3]8U,[0x1d][0x1f][0xce]q[0xbc]n[0x11]oX[0xb4][0xe8][0xdc][0x0][0xa9][0x92]:[0x8d][0x11][0xff]O[0xa3][0xc3]Z[0x89][0xa7][0x18]u[0xf0][0x1c][0xc3][0x94]ToM[0xb][0x18][0xe1][0xb4][0xe5][0xb5]P[0x1b][0xc9]F[0x18][0x9d]~[0x95]|c[0xe3][0xaf][0x81][0x88][0x80]?d[0x8a][0x8][0xfc][0x90][0xa2][0x1]?[0xc][0xa3]E[0xee][0x1c][0xed][0xfc][0x96][0xae][0xbb]nD[0xf6][0xcf][0x8b][0x98]b[0x8d]M[0xf1]*[L[0xc5][0x87]M[0xb1]p[0xb8][0x15]E,[0x9c][\n]"
18:24:04.512 [main] DEBUG org.apache.http.wire - http-outgoing-0 << "[0x9c]<[0x1c]!n[0xa4][0x13][0xf8][0xc7]Zz]$[0xfe][0xaa]c[0x1b]wI[0xee][0xb5][0xf1][0xde][0xb4][0xd3][0xb2]:[0x88]rL[0x3][0xab]{?[0x1][0x4][0xd4][0xad][0xa9][0xba][0xb2]5U[0xaf][0xe8][0xd2][0xa8]r[0x12][0x6][0xcc] [0x17][0xb1]U[0x80][0x82][0x0]4L_[0xdb]-#[0xee][0xb8][0xb8][0xe8][0xe0][0xa5])[0xef][0xf]/u[0xd2][0x85]Gj*-I[0xdb]R[0xa7]L^^w[0xc4]w[0x4]n[0x99]T>[0x9b][0xcd][0x9]q'[0xc5][0xe1][0x2]2C[0xcd][0xc6][0x19][0xba]{[0xac]Sk[0x84]OA[0xfe][0xda]'[0xa7]$[0xd4]+[0x80][0x18][0x84]w[0xd8]0[0x9d]V[0xef][0xcb][0x8e][0xe8][0x1e][0x99][0xf6][0x8c][0xd9]7[0xb1][0x10][0x81]#c[0x6][0x9]N0[0x93][0x4]'B[0xa3][0xbc]w[0xb4][0xf3][0x11][0xf9]@[0x13][0xed][0xb1]][0x9a][0xb2][0xf9]g[0x9a][0xc7]I[0xe2][0xba][0x14][0xba]qX[0xdf][0x94][0x1b][0xdc][0x94]K[0x84].[0x10]~[0xa2])W[0x9]-[0x97][0xb0][0xc][0xd2][0xe5][0xca][0x8d][0x11]\[0x1a][0x1d]l[0xff][0xbc]`[0xd1].X[0x8][0x86]@[0xbc][0xb2][0xb0]o[0xcc][0xd3][0xad]U[0x1d]*[0xa9][0xc9][0x9d]u%[0xb9][0xb3]>[0xaf][0xcb][0xdf](J[0x1b]Kg[0x91][0xed][0xe8][0xf6][0xca]i{[0x8b][0x84][0x86][0xad]ey[0xbe][0x8]I[0x16][0xf6][0x99][0xc8][0xe7][0xcc][0xe1][0xde]={[0xcd]h[0xf6][0x1e]#[0xe3]J[0xef][0x13][0xa3]y[0xb8]w[0xcf]2V[0x9a][0x87]{3[0xec][0xb5][0xe6][0xf3]]d[0xd4][0xad][0xc3][0xbd][0xf][0xd9]PN[0xca]4VJ[0x13][0xb1][0x18][0xf][0x97][0x8f][0x89][0x8a][0xc6]SS[0x85][0x98]wL[0x84]*[0xd6]_[0x81][0xef]<[0x93]JCB[0x94]LN[0xcf][0xad][0xaa]!(d[0xd4][0x84][0x8c]k[0x99][0x10][0x14]*P[0xc5][0x7][0xac][0xec][0xb5][0xf][0x8]l[0xa9][0xc3]|P[0xde]c[0xe3][0xf9][0xef][0xf][0xf7][0xee][0x8a][0xc1]q?\[0xff]|0Ru[0xa4][0xe9]L[0xc7][0xc2][0xba][0xb6][0x95][0x4][0x11][0xeb][0xf0][0xe9]32[0xcd][0xa4]#[0x18][0x0]Y[0xf1][0xff][0xcf][0x0]+>dpe[0xf5][0x1e]F[0xc3][0xe7]puK[0xd4][0x99][0xe5]u[0x18]"[0x91][0xc3][0xde]'1[0x1e][0x85]][0x8c][0xe1](.[0xcd][0xc0][0xc8]Z[0x8f][0xef][0xc8][0xb0][0x88]l[0x13][0x8d][0xa8]1[0xdb][0xb1][0xdb]o[0x9]1a}N[0xd8]~^"[0x6][0xcb][0xb2][0x11]f[0x3]?[0xb0][0x13][0xb6][0x84][0xb6][0xae]*[0x10][0xb0]4+C[0xc0][0xd2][0x85]Ymp[0xb8][0xb4])TE>[0x9a][0xa8][0xb1][0x19][0xbd][0x4][0x3][0xb4][0xcd][0xcb][0xd8]u-[0xdf]q[0xb7][0xc9][0xa0][0xfd]&6[0x94]>[0x82][0x8c][0x89][0xb0][0xb0][0xe5][0x92][0x95][0x89]g[0xf4][0xbe]"[0xa9][0x3]a[0x5][0xec]Gc:A[0xc4]y[0xaa][0x90][0x13][0x17]*[0x99][0xc9][0xc]!{[0xc9]O[0xa6][0x5][0xb3]O[0xea]$T[0x99][0xce][0xa6]_E[0x18][0xba]2:e[0x92]2[0x80][0xb][0xe6][0xca]%0I[0x99][0x99][0xbd][0xf4][0xb6][0x10][0x96][0x85][0x83][\n]"
18:24:04.512 [main] DEBUG org.apache.http.wire - http-outgoing-0 << "[0xe0]{H[0xed]=[0xbc][0xb0][0xcd]OS[0xbb]g[0xa7]IrH|[0x9e][0xfb][0x12]v[0xd9]f2[0x9d][0xaa][0xfc][0x81][0x86][0xa0][0xc7][0xe1]m[0xd1][0xc3][0xe3][0xcd][0x99][0xae][0xf6][0xf4][0xa6][0xbe][0xb4][0xdd][0x2][0xa7]m~[0xbe][0x9]Z[0xb1][0x8c]Y[0xc2][0x93][0x8]c[0xe0][0xd8]n1[0xcb][0xf4][0xe8]_[0xeb][0xdf][\n]"
18:24:04.512 [main] DEBUG org.apache.http.wire - http-outgoing-0 << "S[0xcb][0x87][0x9f][0xca]l[0xb5][0xae][0x8e][0x94][0xe9][0x11][0x5][0x95]-[0xa2]&[0xb]x[0xd2][0x18]5V[0x9][0x88]+[\n]"
18:24:04.512 [main] DEBUG org.apache.http.wire - http-outgoing-0 << "[0x1]qe[0xf1][0xac][0x96][0xb4]A[0x92]Q[0xa8][0xb4][0x8c]2[0xb2]zOuA#[0xb4][0xd1][0xcb][0xc8][0xc6][0x87]O[0xef][0xba][0xce]U[0xdf][0xb8][0x1c][0xf8][0xae][0xd5][0xf6]O[0xca][0xcb][0x90]KM[0x15]R[0x19]18.7N,T[0x12]'BM[0x17]mY [0x1b][0x84][0x4][0xd5][0x1d][0x1f][0x1e]7[0x95]D[0xcb]P] n[0x98]jY[0xa3]HDv[0xe3][0x9e][0x1c]|I[0xa3][0x9e][0xee][0xb3][0x10][0xa2][0xa7] [0x84]H[0xfa]Bg[0x92]W[0x13][0xd5]2[0xf8]BW[0x1d][0xd7]YY[0xa1][0x8c][\r][0x9a][0x8][0xb8][0xfe][0xcd]I[0x98]<r[0x1a][0x12][0xa0][0x95][k[0xd8]M[0xe4]z[0xf8][0xe2]M[0xac]A[0xc8][0xab][0xe9]E[0xaf]%[0x93]8[0xa2]G[0xc6][0xc5][0x95][0x15]kU[0xa0][0x8][0xd5]][0xa0]f[0xfe][0xe3][0xa7][0xcf][0x8e][0xae]?9[0xda][0xf9][0xdd][0xd1][0xce]n[0xbc]%+[0x17][0xe6][0xba][0xf2][0x88]][0xe0][0x8d]0[0xf9]#[0xe5]4[0xb3]nb:-k}[0x3]s[0xeb][0xa1][0xe6][0xdd]@[0x9b]h[0xd5]F[0xfc]l[0x98][0xd1][0xd5][0xbf][0xd9][0xff][0x90][0xc9]#[0x19][0x7]'[0x14][0xa2],[0xe2][0x95][0x10][0x8a]~[0xbf][0x1b][0x87][0xbb][0x19][0xd1]{1[0xb4][0xcd]c[0xaf][0xf9].[0x6][0xc6]C[0x98]Z[0xc6][0xed]$=[0xd5]m[0xd5][0x17][0xb2][0xac][0xf8]B[0x96]+[0xda][0xac][0xf1]|A[0x12]TE6:[0xa5][0xf3][0x86][0xd2][0x16]i',H}[0xaa][0xf0][0xc9][0xb4]&[0x96]Q[0x1b][0xd9][0x1a]:[0x99][0x91][0xe2]y[0xd3][0x85]l[0xa1]([0xad])[0x88][0xb]#+g[0xb0][0xb1].q[0xda][0xaa]t[0xa1][0x94]/[\n]"
18:24:04.512 [main] DEBUG org.apache.http.wire - http-outgoing-0 << "[0xe2][0xc][0x85]!sl[0x6][0xc4][0xf4][0x92]P[0xdd][0xdf][0xf4]o[0xf7]o[0xf6]o[0xf7]?Pg[0x11][0xc5]B"8-W[0x16][0xf8]K[0x17]>>[0xd7][0xa2]&[0x14][0xe3][0xcb][0xff][0xbe][0xfd][0xe7][0x1b][0xb][0xcc]=[0x17][0xbe]V[0x14]][0xa2]w[0x8c]"[0xca]ro[0xb7][\r][0xe5][0xd7][0x99][0xa2][0xfa]}[0xb0][0xe1][0x10][0x15]gI[0xa2][0xbd][0x87][0xec][0x88]e[0x85]F[0x95])ND7[0xa1][0xd8][0x10][0x1d]PH[0xa0]D[0xc2][0xc3]o%l[0xe3][0xf6];[0x14][0xdf]JL[0x12]Xx[0x3][0xb5][0xcd]$[0xd6][0xa8][0xae]J[0xc][0xd1]P[0x88]![0x88]f[0x88]N[0xac]]J{[0xb9][0x10]xhCg[0xe2][0xb4]E[0xe8]P[0x8]{t[0xb2]l[0xb9]T[0xae][0x94][0xc9][0x14][0x8b][0x19]ai@[0xa5][0x11]e[0xc6][0x8]v;@[0x3][0x99]K[0xe7][0xa1]3 [0x97][0xd5];[0x3]4Q]eJ[0xfa]<[0xbd]T[0x8e][0xe5]V[0xa0][0xd0][0xca]|[0xb9][0x1a][0xe6][0xce][0x8d][0x8f]5[0x96]*[0x8a][0xbd][0xc7][0xff][0x84]d[0xe7][0xa5]d7A[0xa3][0xba][0xc4]_[0xba]p [0xc6][0xc6][0x16][0x91]|[0x80][0xa6][0xde]8[0xff][0x6][0xa2][0xbd][0x16][0xa3][0xe1]P#[0x8f][0x7]w[0xd5][0x8d][0x8e]@[0xa6][0xcb]74[0xdf][0xed].[0xe0][0x89][0x8a][0xcb]S3o[0xf4]>[0xe][0xf][0xa9][0x9d][0xf3]C[0xa6][0x80][0x1a][0x95]m[0xc6]m[0x3][0x9][0x94][0xc7][0xd4][0xb6][0x1e][0x8c]$[0xd2]m[0x9b][0xef][0xe2][0x97][0xbd]Q[0x16]M[0xdf]j[0x9b][0xc8][0xdc]J[0xc8]y[0xeb][0xaa]2[0x89][\r]E&[0xb1][0xa1][0xd5]KO[0xcb]"[0xaa]g[0x91][0x8b]\[0x9d][0x84][0x1b]mQ0[0xfe][0xa8]O'4[0xff]l:;[0x95][0xca][0x17][0x15][0x1a]X[0xd5][0xfc][0xc3][0x1b][0x2][0x4][0xc8][0x94][0xa6][\n]"
18:24:04.512 [main] DEBUG org.apache.http.wire - http-outgoing-0 << "[0xb9][0xe3][0xb9]`[0xb5]9p[0xd4][0xf6][0x99][0xbd]7[0xca][0xb3][0x9][0x92]J[0xe0][0xc1]K[0xb][0x8e]T[0xb2]g`z[0x9][0x86][0x99];[0xbe][0xb7]Ev{[0xc8][0x90][0xa1][0xa9]_[0x82]+[0x8d][0xe1]#[0xd3]y[0x9d][0x99][0xf9]eE&[0xd1][0xd8]f[0xc9][0xfa][0xbc][0xca][0xa7][0xb0]J[0xa5][0xb6] [0x86]E[0x8b][0xee][0xc9]/`[0xd9][0xb9]yPv[0x8e][0xe8][0x8d][0xd8][0x86][0x1b]lb,[0xd6][0xf9][0x7][0xac]s[0xee][0x12][0xe8][0xd2]9[0xb4][0x89]X[0x9f][0xf0][0x80].5[0xca][0xe0]6[0xa1][0xb7]=[0xb4]P[0x17][0x89][0xc3]_[0xf0]`[0xc5][0x97][0x16]{[0x18]{[0xcf]vl[0xfc][0xfe][0xd8]K[\n]"
18:24:04.512 [main] DEBUG org.apache.http.wire - http-outgoing-0 << ">[0xbc][0xca][0x14]f[0xa9])[0xcf][0x86][0xab][0xc2][0xa6]c+[0x9b][0xd7]+M[0x8b][0x9d][0x97]Z[0xa2][0xf][\n]"
18:24:04.512 [main] DEBUG org.apache.http.wire - http-outgoing-0 << "[0xb4][0xc4][0x4]f`h)1[0xc0][0xf9]Ul[0xe2][0x96][0xe2]?[0xb6]<+[0xba][0x92][0xfc][0x8d][0xe0][0x86][0xc0][0xbe][0x12][0xf4][0x98]N[0x9a][0xd8]w[0x82]_[0xf][0xbf][0x14][0xdf][0xd1]/[0xc5][0x9d][0xa3][0x9d]?[0x1e]][0x10],x1S[0xaa][0xb6][0xc9][0xaf][0x7]Ti[0x81]}1x[0x81]&[0xaf][0x0][0x2]w[0x1f][0x93])"[0xe1][0x14][0xed][0xdf][0x1a]![0x0][0xaf][0xbb][0x85][0xdf][0xc9][0xcf]"
18:24:04.512 [main] DEBUG org.apache.http.wire - http-outgoing-0 << "[0xc6]\u[0xec]W[0xbf][0xfc]?[0x0][0x0][0x0][0xff][0xff][0x3][0x0][0xed][0x93][0xbd][0x80][0x19][0x6][0x4][0x0][\r][\n]"
18:24:04.512 [main] DEBUG org.apache.http.wire - http-outgoing-0 << "0[\r][\n]"
18:24:04.512 [main] DEBUG org.apache.http.wire - http-outgoing-0 << "[\r][\n]"
18:24:04.512 [main] DEBUG org.apache.http.impl.conn.PoolingHttpClientConnectionManager - Connection [id: 0][route: {s}->https://restcountries.eu:443] can be kept alive indefinitely
18:24:04.512 [main] DEBUG org.apache.http.impl.conn.DefaultManagedHttpClientConnection - http-outgoing-0: set socket timeout to 0
18:24:04.512 [main] DEBUG org.apache.http.impl.conn.PoolingHttpClientConnectionManager - Connection released: [id: 0][route: {s}->https://restcountries.eu:443][total kept alive: 1; route allocated: 1 of 5; total allocated: 1 of 10]
18:24:04.528 [main] DEBUG com.intuit.karate - response time in milliseconds: 4487.93
1 < 200
1 < Access-Control-Allow-Headers: Accept, X-Requested-With
1 < Access-Control-Allow-Methods: GET
1 < Access-Control-Allow-Origin: *
1 < CF-Cache-Status: DYNAMIC
1 < CF-RAY: 6614a9e2fc18de52-BOM
1 < Cache-Control: public, max-age=86400
1 < Connection: keep-alive
1 < Content-Type: application/json;charset=utf-8
1 < Date: Fri, 18 Jun 2021 12:54:02 GMT
1 < Expect-CT: max-age=604800, report-uri="https://report-uri.cloudflare.com/cdn-cgi/beacon/expect-ct"
1 < NEL: {"report_to":"cf-nel","max_age":604800}
1 < Report-To: {"endpoints":[{"url":"https:\/\/a.nel.cloudflare.com\/report\/v2?s=WNxn6l8juPU4hwULQh3PcHOnmkAbLpm0EJND8bQduhzFiav5hZGx8Dam3nPMJNHwTTwYuHWtlbeto52pTH365SF7ForOENur51omitpZLICPiLb6AD1Oawz6r9W0oQ%3D%3D"}],"group":"cf-nel","max_age":604800}
1 < Server: cloudflare
1 < Transfer-Encoding: chunked
1 < alt-svc: h3-27=":443"; ma=86400, h3-28=":443"; ma=86400, h3-29=":443"; ma=86400, h3=":443"; ma=86400
1 < cf-request-id: 0ac0c881d90000de52ad277000000001
[{"name":"Afghanistan","topLevelDomain":[".af"],"alpha2Code":"AF","alpha3Code":"AFG","callingCodes":["93"],"capital":"Kabul","altSpellings":["AF","Af??nist?n"],"region":"Asia","subregion":"Southern Asia","population":27657145,"latlng":[33.0,65.0],"demonym":"Afghan","area":652230.0,"gini":27.8,"timezones":["UTC+04:30"],"borders":["IRN","PAK","TKM","UZB","TJK","CHN"],"nativeName":"?????????","numericCode":"004","currencies":[{"code":"AFN","name":"Afghan afghani","symbol":"?"}],"languages":[{"iso639_1":"ps","iso639_2":"pus","name":"Pashto","nativeName":"????"},{"iso639_1":"uz","iso639_2":"uzb","name":"Uzbek","nativeName":"O?zbek"},{"iso639_1":"tk","iso639_2":"tuk","name":"Turkmen","nativeName":"Türkmen"}],"translations":{"de":"Afghanistan","es":"Afganistán","fr":"Afghanistan","ja":"???????","it":"Afghanistan","br":"Afeganistão","pt":"Afeganistão","nl":"Afghanistan","hr":"Afganistan","fa":"?????????"},"flag":"https://restcountries.eu/data/afg.svg","regionalBlocs":[{"acronym":"SAARC","name":"South Asian Association for Regional Cooperation","otherAcronyms":[],"otherNames":[]}],"cioc":"AFG"},{"name":"Åland Islands","topLevelDomain":[".ax"],"alpha2Code":"AX","alpha3Code":"ALA","callingCodes":["358"],"capital":"Mariehamn","altSpellings":["AX","Aaland","Aland","Ahvenanmaa"],"region":"Europe","subregion":"Northern Europe","population":28875,"latlng":[60.116667,19.9],"demonym":"Ålandish","area":1580.0,"gini":null,"timezones":["UTC+02:00"],"borders":[],"nativeName":"Åland","numericCode":"248","currencies":[{"code":"EUR","name":"Euro","symbol":"€"}],"languages":[{"iso639_1":"sv","iso639_2":"swe","name":"Swedish","nativeName":"svenska"}],"translations":{"de":"Åland","es":"Alandia","fr":"Åland","ja":"???????","it":"Isole Aland","br":"Ilhas de Aland","pt":"Ilhas de Aland","nl":"Ålandeilanden","hr":"Ålandski otoci","fa":"????? ????"},"flag":"https://restcountries.eu/data/ala.svg","regionalBlocs":[{"acronym":"EU","name":"European Union","otherAcronyms":[],"otherNames":[]}],"cioc":""},{"name":"Albania","topLevelDomain":[".al"],"alpha2Code":"AL","alpha3Code":"ALB","callingCodes":["355"],"capital":"Tirana","altSpellings":["AL","Shqipëri","Shqipëria","Shqipnia"],"region":"Europe","subregion":"Southern Europe","population":2886026,"latlng":[41.0,20.0],"demonym":"Albanian","area":28748.0,"gini":34.5,"timezones":["UTC+01:00"],"borders":["MNE","GRC","MKD","KOS"],"nativeName":"Shqipëria","numericCode":"008","currencies":[{"code":"ALL","name":"Albanian lek","symbol":"L"}],"languages":[{"iso639_1":"sq","iso639_2":"sqi","name":"Albanian","nativeName":"Shqip"}],"translations":{"de":"Albanien","es":"Albania","fr":"Albanie","ja":"?????","it":"Albania","br":"Albânia","pt":"Albânia","nl":"Albanië","hr":"Albanija","fa":"??????"},"flag":"https://restcountries.eu/data/alb.svg","regionalBlocs":[{"acronym":"CEFTA","name":"Central European Free Trade Agreement","otherAcronyms":[],"otherNames":[]}],"cioc":"ALB"},{"name":"Algeria","topLevelDomain":[".dz"],"alpha2Code":"DZ","alpha3Code":"DZA","callingCodes":["213"],"capital":"Algiers","altSpellings":["DZ","Dzayer","Algérie"],"region":"Africa","subregion":"Northern Africa","population":40400000,"latlng":[28.0,3.0],"demonym":"Algerian","area":2381741.0,"gini":35.3,"timezones":["UTC+01:00"],"borders":["TUN","LBY","NER","ESH","MRT","MLI","MAR"],"nativeName":"???????","numericCode":"012","currencies":[{"code":"DZD","name":"Algerian dinar","symbol":"?.?"}],"languages":[{"iso639_1":"ar","iso639_2":"ara","name":"Arabic","nativeName":"???????"}],"translations":{"de":"Algerien","es":"Argelia","fr":"Algérie","ja":"??????","it":"Algeria","br":"Argélia","pt":"Argélia","nl":"Algerije","hr":"Alžir","fa":"???????"},"flag":"https://restcountries.eu/data/dza.svg","regionalBlocs":[{"acronym":"AU","name":"African Union","otherAcronyms":[],"otherNames":["??????? ????????","Union africaine","União Africana","Unión Africana","Umoja wa Afrika"]},{"acronym":"AL","name":"Arab League","otherAcronyms":[],"otherNames":["????? ????? ???????","J?mi?at ad-Duwal al-?Arab?yah","League of Arab States"]}],"cioc":"ALG"},{"name":"American Samoa","topLevelDomain":[".as"],"alpha2Code":"AS","alpha3Code":"ASM","callingCodes":["1684"],"capital":"Pago Pago","altSpellings":["AS","Amerika S?moa","Amelika S?moa","S?moa Amelika"],"region":"Oceania","subregion":"Polynesia","population":57100,"latlng":[-14.33333333,-170.0],"demonym":"American Samoan","area":199.0,"gini":null,"timezones":["UTC-11:00"],"borders":[],"nativeName":"American Samoa","numericCode":"016","currencies":[{"code":"USD","name":"United State Dollar","symbol":"$"}],"languages":[{"iso639_1":"en","iso639_2":"eng","name":"English","nativeName":"English"},{"iso639_1":"sm","iso639_2":"smo","name":"Samoan","nativeName":"gagana fa'a Samoa"}],"translations":{"de":"Amerikanisch-Samoa","es":"Samoa Americana","fr":"Samoa américaines","ja":"????????","it":"Samoa Americane","br":"Samoa Americana","pt":"Samoa Americana","nl":"Amerikaans Samoa","hr":"Ameri?ka Samoa","fa":"?????? ??????"},"flag":"https://restcountries.eu/data/asm.svg","regionalBlocs":[],"cioc":"ASA"},{"name":"Andorra","topLevelDomain":[".ad"],"alpha2Code":"AD","alpha3Code":"AND","callingCodes":["376"],"capital":"Andorra la Vella","altSpellings":["AD","Principality of Andorra","Principat d'Andorra"],"region":"Europe","subregion":"Southern Europe","population":78014,"latlng":[42.5,1.5],"demonym":"Andorran","area":468.0,"gini":null,"timezones":["UTC+01:00"],"borders":["FRA","ESP"],"nativeName":"Andorra","numericCode":"020","currencies":[{"code":"EUR","name":"Euro","symbol":"€"}],"languages":[{"iso639_1":"ca","iso639_2":"cat","name":"Catalan","nativeName":"català"}],"translations":{"de":"Andorra","es":"Andorra","fr":"Andorre","ja":"????","it":"Andorra","br":"Andorra","pt":"Andorra","nl":"Andorra","hr":"Andora","fa":"??????"},"flag":"https://restcountries.eu/data/and.svg","regionalBlocs":[],"cioc":"AND"},{"name":"Angola","topLevelDomain":[".ao"],"alpha2Code":"AO","alpha3Code":"AGO","callingCodes":["244"],"capital":"Luanda","altSpellings":["AO","República de Angola","??publika de an'??la"],"region":"Africa","subregion":"Middle Africa","population":25868000,"latlng":[-12.5,18.5],"demonym":"Angolan","area":1246700.0,"gini":58.6,"timezones":["UTC+01:00"],"borders":["COG","COD","ZMB","NAM"],"nativeName":"Angola","numericCode":"024","currencies":[{"code":"AOA","name":"Angolan kwanza","symbol":"Kz"}],"languages":[{"iso639_1":"pt","iso639_2":"por","name":"Portuguese","nativeName":"Português"}],"translations":{"de":"Angola","es":"Angola","fr":"Angola","ja":"????","it":"Angola","br":"Angola","pt":"Angola","nl":"Angola","hr":"Angola","fa":"??????"},"flag":"https://restcountries.eu/data/ago.svg","regionalBlocs":[{"acronym":"AU","name":"African Union","otherAcronyms":[],"otherNames":["??????? ????????","Union africaine","União Africana","Unión Africana","Umoja wa Afrika"]}],"cioc":"ANG"},{"name":"Anguilla","topLevelDomain":[".ai"],"alpha2Code":"AI","alpha3Code":"AIA","callingCodes":["1264"],"capital":"The Valley","altSpellings":["AI"],"region":"Americas","subregion":"Caribbean","population":13452,"latlng":[18.25,-63.16666666],"demonym":"Anguillian","area":91.0,"gini":null,"timezones":["UTC-04:00"],"borders":[],"nativeName":"Anguilla","numericCode":"660","currencies":[{"code":"XCD","name":"East Caribbean dollar","symbol":"$"}],"languages":[{"iso639_1":"en","iso639_2":"eng","name":"English","nativeName":"English"}],"translations":{"de":"Anguilla","es":"Anguilla","fr":"Anguilla","ja":"????","it":"Anguilla","br":"Anguila","pt":"Anguila","nl":"Anguilla","hr":"Angvila","fa":"???????"},"flag":"https://restcountries.eu/data/aia.svg","regionalBlocs":[],"cioc":""},{"name":"Antarctica","topLevelDomain":[".aq"],"alpha2Code":"AQ","alpha3Code":"ATA","callingCodes":["672"],"capital":"","altSpellings":[],"region":"Polar","subregion":"","population":1000,"latlng":[-74.65,4.48],"demonym":"","area":1.4E7,"gini":null,"timezones":["UTC-03:00","UTC+03:00","UTC+05:00","UTC+06:00","UTC+07:00","UTC+08:00","UTC+10:00","UTC+12:00"],"borders":[],"nativeName":"Antarctica","numericCode":"010","currencies":[{"code":"AUD","name":"Australian dollar","symbol":"$"},{"code":"GBP","name":"British pound","symbol":"£"}],"languages":[{"iso639_1":"en","iso639_2":"eng","name":"English","nativeName":"English"},{"iso639_1":"ru","iso639_2":"rus","name":"Russian","nativeName":"???????"}],"translations":{"de":"Antarktika","es":"Antártida","fr":"Antarctique","ja":"????","it":"Antartide","br":"Antártida","pt":"Antárctida","nl":"Antarctica","hr":"Antarktika","fa":"???????"},"flag":"https://restcountries.eu/data/ata.svg","regionalBlocs":[],"cioc":""},{"name":"Antigua and Barbuda","topLevelDomain":[".ag"],"alpha2Code":"AG","alpha3Code":"ATG","callingCodes":["1268"],"capital":"Saint John's","altSpellings":["AG"],"region":"Americas","subregion":"Caribbean","population":86295,"latlng":[17.05,-61.8],"demonym":"Antiguan, Barbudan","area":442.0,"gini":null,"timezones":["UTC-04:00"],"borders":[],"nativeName":"Antigua and Barbuda","numericCode":"028","currencies":[{"code":"XCD","name":"East Caribbean dollar","symbol":"$"}],"languages":[{"iso639_1":"en","iso639_2":"eng","name":"English","nativeName":"English"}],"translations":{"de":"Antigua und Barbuda","es":"Antigua y Barbuda","fr":"Antigua-et-Barbuda","ja":"????????????","it":"Antigua e Barbuda","br":"Antígua e Barbuda","pt":"Antígua e Barbuda","nl":"Antigua en Barbuda","hr":"Antigva i Barbuda","fa":"??????? ? ???????"},"flag":"https://restcountries.eu/data/atg.svg","regionalBlocs":[{"acronym":"CARICOM","name":"Caribbean Community","otherAcronyms":[],"otherNames":["Comunidad del Caribe","Communauté Caribéenne","Caribische Gemeenschap"]}],"cioc":"ANT"},{"name":"Argentina","topLevelDomain":[".ar"],"alpha2Code":"AR","alpha3Code":"ARG","callingCodes":["54"],"capital":"Buenos Aires","altSpellings":["AR","Argentine Republic","República Argentina"],"region":"Americas","subregion":"South America","population":43590400,"latlng":[-34.0,-64.0],"demonym":"Argentinean","area":2780400.0,"gini":44.5,"timezones":["UTC-03:00"],"borders":["BOL","BRA","CHL","PRY","URY"],"nativeName":"Argentina","numericCode":"032","currencies":[{"code":"ARS","name":"Argentine peso","symbol":"$"}],"languages":[{"iso639_1":"es","iso639_2":"spa","name":"Spanish","nativeName":"Español"},{"iso639_1":"gn","iso639_2":"grn","name":"Guaraní","nativeName":"Avañe'?"}],"translations":{"de":"Argentinien","es":"Argentina","fr":"Argentine","ja":"??????","it":"Argentina","br":"Argentina","pt":"Argentina","nl":"Argentinië","hr":"Argentina","fa":"????????"},"flag":"https://restcountries.eu/data/arg.svg","regionalBlocs":[{"acronym":"USAN","name":"Union of South American Nations","otherAcronyms":["UNASUR","UNASUL","UZAN"],"otherNames":["Unión de Naciones Suramericanas","União de Nações Sul-Americanas","Unie van Zuid-Amerikaanse Naties","South American Union"]}],"cioc":"ARG"},{"name":"Armenia","topLevelDomain":[".am"],"alpha2Code":"AM","alpha3Code":"ARM","callingCodes":["374"],"capital":"Yerevan","altSpellings":["AM","Hayastan","Republic of Armenia","????????? ???????????????"],"region":"Asia","subregion":"Western Asia","population":2994400,"latlng":[40.0,45.0],"demonym":"Armenian","area":29743.0,"gini":30.9,"timezones":["UTC+04:00"],"borders":["AZE","GEO","IRN","TUR"],"nativeName":"????????","numericCode":"051","currencies":[{"code":"AMD","name":"Armenian dram","symbol":null}],"languages":[{"iso639_1":"hy","iso639_2":"hye","name":"Armenian","nativeName":"???????"},{"iso639_1":"ru","iso639_2":"rus","name":"Russian","nativeName":"???????"}],"translations":{"de":"Armenien","es":"Armenia","fr":"Arménie","ja":"?????","it":"Armenia","br":"Armênia","pt":"Arménia","nl":"Armenië","hr":"Armenija","fa":"????????"},"flag":"https://restcountries.eu/data/arm.svg","regionalBlocs":[{"acronym":"EEU","name":"Eurasian Economic Union","otherAcronyms":["EAEU"],"otherNames":[]}],"cioc":"ARM"},{"name":"Aruba","topLevelDomain":[".aw"],"alpha2Code":"AW","alpha3Code":"ABW","callingCodes":["297"],"capital":"Oranjestad","altSpellings":["AW"],"region":"Americas","subregion":"Caribbean","population":107394,"latlng":[12.5,-69.96666666],"demonym":"Aruban","area":180.0,"gini":null,"timezones":["UTC-04:00"],"borders":[],"nativeName":"Aruba","numericCode":"533","currencies":[{"code":"AWG","name":"Aruban florin","symbol":"ƒ"}],"languages":[{"iso639_1":"nl","iso639_2":"nld","name":"Dutch","nativeName":"Nederlands"},{"iso639_1":"pa","iso639_2":"pan","name":"(Eastern) Punjabi","nativeName":"??????"}],"translations":{"de":"Aruba","es":"Aruba","fr":"Aruba","ja":"???","it":"Aruba","br":"Aruba","pt":"Aruba","nl":"Aruba","hr":"Aruba","fa":"?????"},"flag":"https://restcountries.eu/data/abw.svg","regionalBlocs":[],"cioc":"ARU"},{"name":"Australia","topLevelDomain":[".au"],"alpha2Code":"AU","alpha3Code":"AUS","callingCodes":["61"],"capital":"Canberra","altSpellings":["AU"],"region":"Oceania","subregion":"Australia and New Zealand","population":24117360,"latlng":[-27.0,133.0],"demonym":"Australian","area":7692024.0,"gini":30.5,"timezones":["UTC+05:00","UTC+06:30","UTC+07:00","UTC+08:00","UTC+09:30","UTC+10:00","UTC+10:30","UTC+11:30"],"borders":[],"nativeName":"Australia","numericCode":"036","currencies":[{"code":"AUD","name":"Australian dollar","symbol":"$"}],"languages":[{"iso639_1":"en","iso639_2":"eng","name":"English","nativeName":"English"}],"translations":{"de":"Australien","es":"Australia","fr":"Australie","ja":"???????","it":"Australia","br":"Austrália","pt":"Austrália","nl":"Australië","hr":"Australija","fa":"????????"},"flag":"https://restcountries.eu/data/aus.svg","regionalBlocs":[],"cioc":"AUS"},{"name":"Austria","topLevelDomain":[".at"],"alpha2Code":"AT","alpha3Code":"AUT","callingCodes":["43"],"capital":"Vienna","altSpellings":["AT","Österreich","Osterreich","Oesterreich"],"region":"Europe","subregion":"Western Europe","population":8725931,"latlng":[47.33333333,13.33333333],"demonym":"Austrian","area":83871.0,"gini":26.0,"timezones":["UTC+01:00"],"borders":["CZE","DEU","HUN","ITA","LIE","SVK","SVN","CHE"],"nativeName":"Österreich","numericCode":"040","currencies":[{"code":"EUR","name":"Euro","symbol":"€"}],"languages":[{"iso639_1":"de","iso639_2":"deu","name":"German","nativeName":"Deutsch"}],"translations":{"de":"Österreich","es":"Austria","fr":"Autriche","ja":"??????","it":"Austria","br":"áustria","pt":"áustria","nl":"Oostenrijk","hr":"Austrija","fa":"?????"},"flag":"https://restcountries.eu/data/aut.svg","regionalBlocs":[{"acronym":"EU","name":"European Union","otherAcronyms":[],"otherNames":[]}],"cioc":"AUT"},{"name":"Azerbaijan","topLevelDomain":[".az"],"alpha2Code":"AZ","alpha3Code":"AZE","callingCodes":["994"],"capital":"Baku","altSpellings":["AZ","Republic of Azerbaijan","Az?rbaycan Respublikas?"],"region":"Asia","subregion":"Western Asia","population":9730500,"latlng":[40.5,47.5],"demonym":"Azerbaijani","area":86600.0,"gini":33.7,"timezones":["UTC+04:00"],"borders":["ARM","GEO","IRN","RUS","TUR"],"nativeName":"Az?rbaycan","numericCode":"031","currencies":[{"code":"AZN","name":"Azerbaijani manat","symbol":null}],"languages":[{"iso639_1":"az","iso639_2":"aze","name":"Azerbaijani","nativeName":"az?rbaycan dili"}],"translations":{"de":"Aserbaidschan","es":"Azerbaiyán","fr":"Azerbaïdjan","ja":"????????","it":"Azerbaijan","br":"Azerbaijão","pt":"Azerbaijão","nl":"Azerbeidzjan","hr":"Azerbajdžan","fa":"?????????"},"flag":"https://restcountries.eu/data/aze.svg","regionalBlocs":[],"cioc":"AZE"},{"name":"Bahamas","topLevelDomain":[".bs"],"alpha2Code":"BS","alpha3Code":"BHS","callingCodes":["1242"],"capital":"Nassau","altSpellings":["BS","Commonwealth of the Bahamas"],"region":"Americas","subregion":"Caribbean","population":378040,"latlng":[24.25,-76.0],"demonym":"Bahamian","area":13943.0,"gini":null,"timezones":["UTC-05:00"],"borders":[],"nativeName":"Bahamas","numericCode":"044","currencies":[{"code":"BSD","name":"Bahamian dollar","symbol":"$"}],"languages":[{"iso639_1":"en","iso639_2":"eng","name":"English","nativeName":"English"}],"translations":{"de":"Bahamas","es":"Bahamas","fr":"Bahamas","ja":"???","it":"Bahamas","br":"Bahamas","pt":"Baamas","nl":"Bahama’s","hr":"Bahami","fa":"??????"},"flag":"https://restcountries.eu/data/bhs.svg","regionalBlocs":[{"acronym":"CARICOM","name":"Caribbean Community","otherAcronyms":[],"otherNames":["Comunidad del Caribe","Communauté Caribéenne","Caribische Gemeenschap"]}],"cioc":"BAH"},{"name":"Bahrain","topLevelDomain":[".bh"],"alpha2Code":"BH","alpha3Code":"BHR","callingCodes":["973"],"capital":"Manama","altSpellings":["BH","Kingdom of Bahrain","Mamlakat al-Ba?rayn"],"region":"Asia","subregion":"Western Asia","population":1404900,"latlng":[26.0,50.55],"demonym":"Bahraini","area":765.0,"gini":null,"timezones":["UTC+03:00"],"borders":[],"nativeName":"????????","numericCode":"048","currencies":[{"code":"BHD","name":"Bahraini dinar","symbol":".?.?"}],"languages":[{"iso639_1":"ar","iso639_2":"ara","name":"Arabic","nativeName":"???????"}],"translations":{"de":"Bahrain","es":"Bahrein","fr":"Bahreïn","ja":"?????","it":"Bahrein","br":"Bahrein","pt":"Barém","nl":"Bahrein","hr":"Bahrein","fa":"?????"},"flag":"https://restcountries.eu/data/bhr.svg","regionalBlocs":[{"acronym":"AL","name":"Arab League","otherAcronyms":[],"otherNames":["????? ????? ???????","J?mi?at ad-Duwal al-?Arab?yah","League of Arab States"]}],"cioc":"BRN"},{"name":"Bangladesh","topLevelDomain":[".bd"],"alpha2Code":"BD","alpha3Code":"BGD","callingCodes":["880"],"capital":"Dhaka","altSpellings":["BD","People's Republic of Bangladesh","Gônôprôjatôntri Bangladesh"],"region":"Asia","subregion":"Southern Asia","population":161006790,"latlng":[24.0,90.0],"demonym":"Bangladeshi","area":147570.0,"gini":32.1,"timezones":["UTC+06:00"],"borders":["MMR","IND"],"nativeName":"Bangladesh","numericCode":"050","currencies":[{"code":"BDT","name":"Bangladeshi taka","symbol":"?"}],"languages":[{"iso639_1":"bn","iso639_2":"ben","name":"Bengali","nativeName":"?????"}],"translations":{"de":"Bangladesch","es":"Bangladesh","fr":"Bangladesh","ja":"???????","it":"Bangladesh","br":"Bangladesh","pt":"Bangladeche","nl":"Bangladesh","hr":"Bangladeš","fa":"???????"},"flag":"https://restcountries.eu/data/bgd.svg","regionalBlocs":[{"acronym":"SAARC","name":"South Asian Association for Regional Cooperation","otherAcronyms":[],"otherNames":[]}],"cioc":"BAN"},{"name":"Barbados","topLevelDomain":[".bb"],"alpha2Code":"BB","alpha3Code":"BRB","callingCodes":["1246"],"capital":"Bridgetown","altSpellings":["BB"],"region":"Americas","subregion":"Caribbean","population":285000,"latlng":[13.16666666,-59.53333333],"demonym":"Barbadian","area":430.0,"gini":null,"timezones":["UTC-04:00"],"borders":[],"nativeName":"Barbados","numericCode":"052","currencies":[{"code":"BBD","name":"Barbadian dollar","symbol":"$"}],"languages":[{"iso639_1":"en","iso639_2":"eng","name":"English","nativeName":"English"}],"translations":{"de":"Barbados","es":"Barbados","fr":"Barbade","ja":"?????","it":"Barbados","br":"Barbados","pt":"Barbados","nl":"Barbados","hr":"Barbados","fa":"????????"},"flag":"https://restcountries.eu/data/brb.svg","regionalBlocs":[{"acronym":"CARICOM","name":"Caribbean Community","otherAcronyms":[],"otherNames":["Comunidad del Caribe","Communauté Caribéenne","Caribische Gemeenschap"]}],"cioc":"BAR"},{"name":"Belarus","topLevelDomain":[".by"],"alpha2Code":"BY","alpha3Code":"BLR","callingCodes":["375"],"capital":"Minsk","altSpellings":["BY","Bielaru?","Republic of Belarus","??????????","?????????? ????????","Belorussiya","Respublika Belarus’"],"region":"Europe","subregion":"Eastern Europe","population":9498700,"latlng":[53.0,28.0],"demonym":"Belarusian","area":207600.0,"gini":26.5,"timezones":["UTC+03:00"],"borders":["LVA","LTU","POL","RUS","UKR"],"nativeName":"?????????","numericCode":"112","currencies":[{"code":"BYN","name":"New Belarusian ruble","symbol":"Br"},{"code":"BYR","name":"Old Belarusian ruble","symbol":"Br"}],"languages":[{"iso639_1":"be","iso639_2":"bel","name":"Belarusian","nativeName":"?????????? ????"},{"iso639_1":"ru","iso639_2":"rus","name":"Russian","nativeName":"???????"}],"translations":{"de":"Weißrussland","es":"Bielorrusia","fr":"Biélorussie","ja":"?????","it":"Bielorussia","br":"Bielorrússia","pt":"Bielorrússia","nl":"Wit-Rusland","hr":"Bjelorusija","fa":"??????"},"flag":"https://restcountries.eu/data/blr.svg","regionalBlocs":[{"acronym":"EEU","name":"Eurasian Economic Union","otherAcronyms":["EAEU"],"otherNames":[]}],"cioc":"BLR"},{"name":"Belgium","topLevelDomain":[".be"],"alpha2Code":"BE","alpha3Code":"BEL","callingCodes":["32"],"capital":"Brussels","altSpellings":["BE","België","Belgie","Belgien","Belgique","Kingdom of Belgium","Koninkrijk België","Royaume de Belgique","Königreich Belgien"],"region":"Europe","subregion":"Western Europe","population":11319511,"latlng":[50.83333333,4.0],"demonym":"Belgian","area":30528.0,"gini":33.0,"timezones":["UTC+01:00"],"borders":["FRA","DEU","LUX","NLD"],"nativeName":"België","numericCode":"056","currencies":[{"code":"EUR","name":"Euro","symbol":"€"}],"languages":[{"iso639_1":"nl","iso639_2":"nld","name":"Dutch","nativeName":"Nederlands"},{"iso639_1":"fr","iso639_2":"fra","name":"French","nativeName":"français"},{"iso639_1":"de","iso639_2":"deu","name":"German","nativeName":"Deutsch"}],"translations":{"de":"Belgien","es":"Bélgica","fr":"Belgique","ja":"????","it":"Belgio","br":"Bélgica","pt":"Bélgica","nl":"België","hr":"Belgija","fa":"?????"},"flag":"https://restcountries.eu/data/bel.svg","regionalBlocs":[{"acronym":"EU","name":"European Union","otherAcronyms":[],"otherNames":[]}],"cioc":"BEL"},{"name":"Belize","topLevelDomain":[".bz"],"alpha2Code":"BZ","alpha3Code":"BLZ","callingCodes":["501"],"capital":"Belmopan","altSpellings":["BZ"],"region":"Americas","subregion":"Central America","population":370300,"latlng":[17.25,-88.75],"demonym":"Belizean","area":22966.0,"gini":53.1,"timezones":["UTC-06:00"],"borders":["GTM","MEX"],"nativeName":"Belize","numericCode":"084","currencies":[{"code":"BZD","name":"Belize dollar","symbol":"$"}],"languages":[{"iso639_1":"en","iso639_2":"eng","name":"English","nativeName":"English"},{"iso639_1":"es","iso639_2":"spa","name":"Spanish","nativeName":"Español"}],"translations":{"de":"Belize","es":"Belice","fr":"Belize","ja":"????","it":"Belize","br":"Belize","pt":"Belize","nl":"Belize","hr":"Belize","fa":"????"},"flag":"https://restcountries.eu/data/blz.svg","regionalBlocs":[{"acronym":"CARICOM","name":"Caribbean Community","otherAcronyms":[],"otherNames":["Comunidad del Caribe","Communauté Caribéenne","Caribische Gemeenschap"]},{"acronym":"CAIS","name":"Central American Integration System","otherAcronyms":["SICA"],"otherNames":["Sistema de la Integración Centroamericana,"]}],"cioc":"BIZ"},{"name":"Benin","topLevelDomain":[".bj"],"alpha2Code":"BJ","alpha3Code":"BEN","callingCodes":["229"],"capital":"Porto-Novo","altSpellings":["BJ","Republic of Benin","République du Bénin"],"region":"Africa","subregion":"Western Africa","population":10653654,"latlng":[9.5,2.25],"demonym":"Beninese","area":112622.0,"gini":38.6,"timezones":["UTC+01:00"],"borders":["BFA","NER","NGA","TGO"],"nativeName":"Bénin","numericCode":"204","currencies":[{"code":"XOF","name":"West African CFA franc","symbol":"Fr"}],"languages":[{"iso639_1":"fr","iso639_2":"fra","name":"French","nativeName":"français"}],"translations":{"de":"Benin","es":"Benín","fr":"Bénin","ja":"???","it":"Benin","br":"Benin","pt":"Benim","nl":"Benin","hr":"Benin","fa":"????"},"flag":"https://restcountries.eu/data/ben.svg","regionalBlocs":[{"acronym":"AU","name":"African Union","otherAcronyms":[],"otherNames":["??????? ????????","Union africaine","União Africana","Unión Africana","Umoja wa Afrika"]}],"cioc":"BEN"},{"name":"Bermuda","topLevelDomain":[".bm"],"alpha2Code":"BM","alpha3Code":"BMU","callingCodes":["1441"],"capital":"Hamilton","altSpellings":["BM","The Islands of Bermuda","The Bermudas","Somers Isles"],"region":"Americas","subregion":"Northern America","population":61954,"latlng":[32.33333333,-64.75],"demonym":"Bermudian","area":54.0,"gini":null,"timezones":["UTC-04:00"],"borders":[],"nativeName":"Bermuda","numericCode":"060","currencies":[{"code":"BMD","name":"Bermudian dollar","symbol":"$"}],"languages":[{"iso639_1":"en","iso639_2":"eng","name":"English","nativeName":"English"}],"translations":{"de":"Bermuda","es":"Bermudas","fr":"Bermudes","ja":"?????","it":"Bermuda","br":"Bermudas","pt":"Bermudas","nl":"Bermuda","hr":"Bermudi","fa":"??????"},"flag":"https://restcountries.eu/data/bmu.svg","regionalBlocs":[],"cioc":"BER"},{"name":"Bhutan","topLevelDomain":[".bt"],"alpha2Code":"BT","alpha3Code":"BTN","callingCodes":["975"],"capital":"Thimphu","altSpellings":["BT","Kingdom of Bhutan"],"region":"Asia","subregion":"Southern Asia","population":775620,"latlng":[27.5,90.5],"demonym":"Bhutanese","area":38394.0,"gini":38.1,"timezones":["UTC+06:00"],"borders":["CHN","IND"],"nativeName":"?brug-yul","numericCode":"064","currencies":[{"code":"BTN","name":"Bhutanese ngultrum","symbol":"Nu."},{"code":"INR","name":"Indian rupee","symbol":"?"}],"languages":[{"iso639_1":"dz","iso639_2":"dzo","name":"Dzongkha","nativeName":"??????"}],"translations":{"de":"Bhutan","es":"Bután","fr":"Bhoutan","ja":"????","it":"Bhutan","br":"Butão","pt":"Butão","nl":"Bhutan","hr":"Butan","fa":"?????"},"flag":"https://restcountries.eu/data/btn.svg","regionalBlocs":[{"acronym":"SAARC","name":"South Asian Association for Regional Cooperation","otherAcronyms":[],"otherNames":[]}],"cioc":"BHU"},{"name":"Bolivia (Plurinational State of)","topLevelDomain":[".bo"],"alpha2Code":"BO","alpha3Code":"BOL","callingCodes":["591"],"capital":"Sucre","altSpellings":["BO","Buliwya","Wuliwya","Plurinational State of Bolivia","Estado Plurinacional de Bolivia","Buliwya Mamallaqta","Wuliwya Suyu","Tetã Volívia"],"region":"Americas","subregion":"South America","population":10985059,"latlng":[-17.0,-65.0],"demonym":"Bolivian","area":1098581.0,"gini":56.3,"timezones":["UTC-04:00"],"borders":["ARG","BRA","CHL","PRY","PER"],"nativeName":"Bolivia","numericCode":"068","currencies":[{"code":"BOB","name":"Bolivian boliviano","symbol":"Bs."}],"languages":[{"iso639_1":"es","iso639_2":"spa","name":"Spanish","nativeName":"Español"},{"iso639_1":"ay","iso639_2":"aym","name":"Aymara","nativeName":"aymar aru"},{"iso639_1":"qu","iso639_2":"que","name":"Quechua","nativeName":"Runa Simi"}],"translations":{"de":"Bolivien","es":"Bolivia","fr":"Bolivie","ja":"????????","it":"Bolivia","br":"Bolívia","pt":"Bolívia","nl":"Bolivia","hr":"Bolivija","fa":"??????"},"flag":"https://restcountries.eu/data/bol.svg","regionalBlocs":[{"acronym":"USAN","name":"Union of South American Nations","otherAcronyms":["UNASUR","UNASUL","UZAN"],"otherNames":["Unión de Naciones Suramericanas","União de Nações Sul-Americanas","Unie van Zuid-Amerikaanse Naties","South American Union"]}],"cioc":"BOL"},{"name":"Bonaire, Sint Eustatius and Saba","topLevelDomain":[".an",".nl"],"alpha2Code":"BQ","alpha3Code":"BES","callingCodes":["5997"],"capital":"Kralendijk","altSpellings":["BQ","Boneiru"],"region":"Americas","subregion":"Caribbean","population":17408,"latlng":[12.15,-68.266667],"demonym":"Dutch","area":294.0,"gini":null,"timezones":["UTC-04:00"],"borders":[],"nativeName":"Bonaire","numericCode":"535","currencies":[{"code":"USD","name":"United States dollar","symbol":"$"}],"languages":[{"iso639_1":"nl","iso639_2":"nld","name":"Dutch","nativeName":"Nederlands"}],"translations":{"de":"Bonaire, Sint Eustatius und Saba","es":null,"fr":"Bonaire, Saint-Eustache et Saba","ja":null,"it":"Bonaire, Saint-Eustache e Saba","br":"Bonaire","pt":"Bonaire","nl":null,"hr":null,"fa":"?????"},"flag":"https://restcountries.eu/data/bes.svg","regionalBlocs":[],"cioc":null},{"name":"Bosnia and Herzegovina","topLevelDomain":[".ba"],"alpha2Code":"BA","alpha3Code":"BIH","callingCodes":["387"],"capital":"Sarajevo","altSpellings":["BA","Bosnia-Herzegovina","????? ? ???????????"],"region":"Europe","subregion":"Southern Europe","population":3531159,"latlng":[44.0,18.0],"demonym":"Bosnian, Herzegovinian","area":51209.0,"gini":36.2,"timezones":["UTC+01:00"],"borders":["HRV","MNE","SRB"],"nativeName":"Bosna i Hercegovina","numericCode":"070","currencies":[{"code":"BAM","name":"Bosnia and Herzegovina convertible mark","symbol":null}],"languages":[{"iso639_1":"bs","iso639_2":"bos","name":"Bosnian","nativeName":"bosanski jezik"},{"iso639_1":"hr","iso639_2":"hrv","name":"Croatian","nativeName":"hrvatski jezik"},{"iso639_1":"sr","iso639_2":"srp","name":"Serbian","nativeName":"?????? ?????"}],"translations":{"de":"Bosnien und Herzegowina","es":"Bosnia y Herzegovina","fr":"Bosnie-Herzégovine","ja":"????????????","it":"Bosnia ed Erzegovina","br":"Bósnia e Herzegovina","pt":"Bósnia e Herzegovina","nl":"Bosnië en Herzegovina","hr":"Bosna i Hercegovina","fa":"????? ? ???????"},"flag":"https://restcountries.eu/data/bih.svg","regionalBlocs":[{"acronym":"CEFTA","name":"Central European Free Trade Agreement","otherAcronyms":[],"otherNames":[]}],"cioc":"BIH"},{"name":"Botswana","topLevelDomain":[".bw"],"alpha2Code":"BW","alpha3Code":"BWA","callingCodes":["267"],"capital":"Gaborone","altSpellings":["BW","Republic of Botswana","Lefatshe la Botswana"],"region":"Africa","subregion":"Southern Africa","population":2141206,"latlng":[-22.0,24.0],"demonym":"Motswana","area":582000.0,"gini":61.0,"timezones":["UTC+02:00"],"borders":["NAM","ZAF","ZMB","ZWE"],"nativeName":"Botswana","numericCode":"072","currencies":[{"code":"BWP","name":"Botswana pula","symbol":"P"}],"languages":[{"iso639_1":"en","iso639_2":"eng","name":"English","nativeName":"English"},{"iso639_1":"tn","iso639_2":"tsn","name":"Tswana","nativeName":"Setswana"}],"translations":{"de":"Botswana","es":"Botswana","fr":"Botswana","ja":"????","it":"Botswana","br":"Botsuana","pt":"Botsuana","nl":"Botswana","hr":"Bocvana","fa":"????????"},"flag":"https://restcountries.eu/data/bwa.svg","regionalBlocs":[{"acronym":"AU","name":"African Union","otherAcronyms":[],"otherNames":["??????? ????????","Union africaine","União Africana","Unión Africana","Umoja wa Afrika"]}],"cioc":"BOT"},{"name":"Bouvet Island","topLevelDomain":[".bv"],"alpha2Code":"BV","alpha3Code":"BVT","callingCodes":[""],"capital":"","altSpellings":["BV","Bouvetøya","Bouvet-øya"],"region":"","subregion":"","population":0,"latlng":[-54.43333333,3.4],"demonym":"","area":49.0,"gini":null,"timezones":["UTC+01:00"],"borders":[],"nativeName":"Bouvetøya","numericCode":"074","currencies":[{"code":"NOK","name":"Norwegian krone","symbol":"kr"}],"languages":[{"iso639_1":"no","iso639_2":"nor","name":"Norwegian","nativeName":"Norsk"},{"iso639_1":"nb","iso639_2":"nob","name":"Norwegian Bokmål","nativeName":"Norsk bokmål"},{"iso639_1":"nn","iso639_2":"nno","name":"Norwegian Nynorsk","nativeName":"Norsk nynorsk"}],"translations":{"de":"Bouvetinsel","es":"Isla Bouvet","fr":"Île Bouvet","ja":"????","it":"Isola Bouvet","br":"Ilha Bouvet","pt":"Ilha Bouvet","nl":"Bouveteiland","hr":"Otok Bouvet","fa":"????? ????"},"flag":"https://restcountries.eu/data/bvt.svg","regionalBlocs":[],"cioc":""},{"name":"Brazil","topLevelDomain":[".br"],"alpha2Code":"BR","alpha3Code":"BRA","callingCodes":["55"],"capital":"Brasília","altSpellings":["BR","Brasil","Federative Republic of Brazil","República Federativa do Brasil"],"region":"Americas","subregion":"South America","population":206135893,"latlng":[-10.0,-55.0],"demonym":"Brazilian","area":8515767.0,"gini":54.7,"timezones":["UTC-05:00","UTC-04:00","UTC-03:00","UTC-02:00"],"borders":["ARG","BOL","COL","GUF","GUY","PRY","PER","SUR","URY","VEN"],"nativeName":"Brasil","numericCode":"076","currencies":[{"code":"BRL","name":"Brazilian real","symbol":"R$"}],"languages":[{"iso639_1":"pt","iso639_2":"por","name":"Portuguese","nativeName":"Português"}],"translations":{"de":"Brasilien","es":"Brasil","fr":"Brésil","ja":"????","it":"Brasile","br":"Brasil","pt":"Brasil","nl":"Brazilië","hr":"Brazil","fa":"?????"},"flag":"https://restcountries.eu/data/bra.svg","regionalBlocs":[{"acronym":"USAN","name":"Union of South American Nations","otherAcronyms":["UNASUR","UNASUL","UZAN"],"otherNames":["Unión de Naciones Suramericanas","União de Nações Sul-Americanas","Unie van Zuid-Amerikaanse Naties","South American Union"]}],"cioc":"BRA"},{"name":"British Indian Ocean Territory","topLevelDomain":[".io"],"alpha2Code":"IO","alpha3Code":"IOT","callingCodes":["246"],"capital":"Diego Garcia","altSpellings":["IO"],"region":"Africa","subregion":"Eastern Africa","population":3000,"latlng":[-6.0,71.5],"demonym":"Indian","area":60.0,"gini":null,"timezones":["UTC+06:00"],"borders":[],"nativeName":"British Indian Ocean Territory","numericCode":"086","currencies":[{"code":"USD","name":"United States dollar","symbol":"$"}],"languages":[{"iso639_1":"en","iso639_2":"eng","name":"English","nativeName":"English"}],"translations":{"de":"Britisches Territorium im Indischen Ozean","es":"Territorio Británico del Océano Índico","fr":"Territoire britannique de l'océan Indien","ja":"???????????","it":"Territorio britannico dell'oceano indiano","br":"Território Britânico do Oceano íÍdico","pt":"Território Britânico do Oceano Índico","nl":"Britse Gebieden in de Indische Oceaan","hr":"Britanski Indijskooceanski teritorij","fa":"????? ???????? ?? ??????? ???"},"flag":"https://restcountries.eu/data/iot.svg","regionalBlocs":[{"acronym":"AU","name":"African Union","otherAcronyms":[],"otherNames":["??????? ????????","Union africaine","União Africana","Unión Africana","Umoja wa Afrika"]}],"cioc":""},{"name":"United States Minor Outlying Islands","topLevelDomain":[".us"],"alpha2Code":"UM","alpha3Code":"UMI","callingCodes":[""],"capital":"","altSpellings":["UM"],"region":"Americas","subregion":"Northern America","population":300,"latlng":[],"demonym":"American","area":null,"gini":null,"timezones":["UTC-11:00","UTC-10:00","UTC+12:00"],"borders":[],"nativeName":"United States Minor Outlying Islands","numericCode":"581","currencies":[{"code":"USD","name":"United States Dollar","symbol":"$"}],"languages":[{"iso639_1":"en","iso639_2":"eng","name":"English","nativeName":"English"}],"translations":{"de":"Kleinere Inselbesitzungen der Vereinigten Staaten","es":"Islas Ultramarinas Menores de Estados Unidos","fr":"Îles mineures éloignées des États-Unis","ja":"????????","it":"Isole minori esterne degli Stati Uniti d'America","br":"Ilhas Menores Distantes dos Estados Unidos","pt":"Ilhas Menores Distantes dos Estados Unidos","nl":"Kleine afgelegen eilanden van de Verenigde Staten","hr":"Mali udaljeni otoci SAD-a","fa":"????? ???? ???????? ?????? ????? ??????"},"flag":"https://restcountries.eu/data/umi.svg","regionalBlocs":[],"cioc":""},{"name":"Virgin Islands (British)","topLevelDomain":[".vg"],"alpha2Code":"VG","alpha3Code":"VGB","callingCodes":["1284"],"capital":"Road Town","altSpellings":["VG"],"region":"Americas","subregion":"Caribbean","population":28514,"latlng":[18.431383,-64.62305],"demonym":"Virgin Islander","area":151.0,"gini":null,"timezones":["UTC-04:00"],"borders":[],"nativeName":"British Virgin Islands","numericCode":"092","currencies":[{"code":null,"name":"[D]","symbol":"$"},{"code":"USD","name":"United States dollar","symbol":"$"}],"languages":[{"iso639_1":"en","iso639_2":"eng","name":"English","nativeName":"English"}],"translations":{"de":"Britische Jungferninseln","es":"Islas Vírgenes del Reino Unido","fr":"Îles Vierges britanniques","ja":"????????????","it":"Isole Vergini Britanniche","br":"Ilhas Virgens Britânicas","pt":"Ilhas Virgens Britânicas","nl":"Britse Maagdeneilanden","hr":"Britanski Djevi?anski Otoci","fa":"????? ?????? ????????"},"flag":"https://restcountries.eu/data/vgb.svg","regionalBlocs":[],"cioc":"IVB"},{"name":"Virgin Islands (U.S.)","topLevelDomain":[".vi"],"alpha2Code":"VI","alpha3Code":"VIR","callingCodes":["1 340"],"capital":"Charlotte Amalie","altSpellings":["VI","USVI","American Virgin Islands","U.S. Virgin Islands"],"region":"Americas","subregion":"Caribbean","population":114743,"latlng":[18.34,-64.93],"demonym":"Virgin Islander","area":346.36,"gini":null,"timezones":["UTC-04:00"],"borders":[],"nativeName":"Virgin Islands of the United States","numericCode":"850","currencies":[{"code":"USD","name":"United States dollar","symbol":"$"}],"languages":[{"iso639_1":"en","iso639_2":"eng","name":"English","nativeName":"English"}],"translations":{"de":"Amerikanische Jungferninseln","es":"Islas Vírgenes de los Estados Unidos","fr":"Îles Vierges des États-Unis","ja":"????????????","it":"Isole Vergini americane","br":"Ilhas Virgens Americanas","pt":"Ilhas Virgens Americanas","nl":"Verenigde Staten Maagdeneilanden","hr":null,"fa":"????? ?????? ??????"},"flag":"https://restcountries.eu/data/vir.svg","regionalBlocs":[],"cioc":"ISV"},{"name":"Brunei Darussalam","topLevelDomain":[".bn"],"alpha2Code":"BN","alpha3Code":"BRN","callingCodes":["673"],"capital":"Bandar Seri Begawan","altSpellings":["BN","Nation of Brunei"," the Abode of Peace"],"region":"Asia","subregion":"South-Eastern Asia","population":411900,"latlng":[4.5,114.66666666],"demonym":"Bruneian","area":5765.0,"gini":null,"timezones":["UTC+08:00"],"borders":["MYS"],"nativeName":"Negara Brunei Darussalam","numericCode":"096","currencies":[{"code":"BND","name":"Brunei dollar","symbol":"$"},{"code":"SGD","name":"Singapore dollar","symbol":"$"}],"languages":[{"iso639_1":"ms","iso639_2":"msa","name":"Malay","nativeName":"bahasa Melayu"}],"translations":{"de":"Brunei","es":"Brunei","fr":"Brunei","ja":"???????????","it":"Brunei","br":"Brunei","pt":"Brunei","nl":"Brunei","hr":"Brunej","fa":"??????"},"flag":"https://restcountries.eu/data/brn.svg","regionalBlocs":[{"acronym":"ASEAN","name":"Association of Southeast Asian Nations","otherAcronyms":[],"otherNames":[]}],"cioc":"BRU"},{"name":"Bulgaria","topLevelDomain":[".bg"],"alpha2Code":"BG","alpha3Code":"BGR","callingCodes":["359"],"capital":"Sofia","altSpellings":["BG","Republic of Bulgaria","????????? ????????"],"region":"Europe","subregion":"Eastern Europe","population":7153784,"latlng":[43.0,25.0],"demonym":"Bulgarian","area":110879.0,"gini":28.2,"timezones":["UTC+02:00"],"borders":["GRC","MKD","ROU","SRB","TUR"],"nativeName":"????????","numericCode":"100","currencies":[{"code":"BGN","name":"Bulgarian lev","symbol":"??"}],"languages":[{"iso639_1":"bg","iso639_2":"bul","name":"Bulgarian","nativeName":"????????? ????"}],"translations":{"de":"Bulgarien","es":"Bulgaria","fr":"Bulgarie","ja":"?????","it":"Bulgaria","br":"Bulgária","pt":"Bulgária","nl":"Bulgarije","hr":"Bugarska","fa":"?????????"},"flag":"https://restcountries.eu/data/bgr.svg","regionalBlocs":[{"acronym":"EU","name":"European Union","otherAcronyms":[],"otherNames":[]}],"cioc":"BUL"},{"name":"Burkina Faso","topLevelDomain":[".bf"],"alpha2Code":"BF","alpha3Code":"BFA","callingCodes":["226"],"capital":"Ouagadougou","altSpellings":["BF"],"region":"Africa","subregion":"Western Africa","population":19034397,"latlng":[13.0,-2.0],"demonym":"Burkinabe","area":272967.0,"gini":39.8,"timezones":["UTC"],"borders":["BEN","CIV","GHA","MLI","NER","TGO"],"nativeName":"Burkina Faso","numericCode":"854","currencies":[{"code":"XOF","name":"West African CFA franc","symbol":"Fr"}],"languages":[{"iso639_1":"fr","iso639_2":"fra","name":"French","nativeName":"français"},{"iso639_1":"ff","iso639_2":"ful","name":"Fula","nativeName":"Fulfulde"}],"translations":{"de":"Burkina Faso","es":"Burkina Faso","fr":"Burkina Faso","ja":"???????","it":"Burkina Faso","br":"Burkina Faso","pt":"Burquina Faso","nl":"Burkina Faso","hr":"Burkina Faso","fa":"???????????"},"flag":"https://restcountries.eu/data/bfa.svg","regionalBlocs":[{"acronym":"AU","name":"African Union","otherAcronyms":[],"otherNames":["??????? ????????","Union africaine","União Africana","Unión Africana","Umoja wa Afrika"]}],"cioc":"BUR"},{"name":"Burundi","topLevelDomain":[".bi"],"alpha2Code":"BI","alpha3Code":"BDI","callingCodes":["257"],"capital":"Bujumbura","altSpellings":["BI","Republic of Burundi","Republika y'Uburundi","République du Burundi"],"region":"Africa","subregion":"Eastern Africa","population":10114505,"latlng":[-3.5,30.0],"demonym":"Burundian","area":27834.0,"gini":33.3,"timezones":["UTC+02:00"],"borders":["COD","RWA","TZA"],"nativeName":"Burundi","numericCode":"108","currencies":[{"code":"BIF","name":"Burundian franc","symbol":"Fr"}],"languages":[{"iso639_1":"fr","iso639_2":"fra","name":"French","nativeName":"français"},{"iso639_1":"rn","iso639_2":"run","name":"Kirundi","nativeName":"Ikirundi"}],"translations":{"de":"Burundi","es":"Burundi","fr":"Burundi","ja":"????","it":"Burundi","br":"Burundi","pt":"Burúndi","nl":"Burundi","hr":"Burundi","fa":"???????"},"flag":"https://restcountries.eu/data/bdi.svg","regionalBlocs":[{"acronym":"AU","name":"African Union","otherAcronyms":[],"otherNames":["??????? ????????","Union africaine","União Africana","Unión Africana","Umoja wa Afrika"]}],"cioc":"BDI"},{"name":"Cambodia","topLevelDomain":[".kh"],"alpha2Code":"KH","alpha3Code":"KHM","callingCodes":["855"],"capital":"Phnom Penh","altSpellings":["KH","Kingdom of Cambodia"],"region":"Asia","subregion":"South-Eastern Asia","population":15626444,"latlng":[13.0,105.0],"demonym":"Cambodian","area":181035.0,"gini":37.9,"timezones":["UTC+07:00"],"borders":["LAO","THA","VNM"],"nativeName":"Kâmp?chéa","numericCode":"116","currencies":[{"code":"KHR","name":"Cambodian riel","symbol":"?"},{"code":"USD","name":"United States dollar","symbol":"$"}],"languages":[{"iso639_1":"km","iso639_2":"khm","name":"Khmer","nativeName":"?????"}],"translations":{"de":"Kambodscha","es":"Camboya","fr":"Cambodge","ja":"?????","it":"Cambogia","br":"Camboja","pt":"Camboja","nl":"Cambodja","hr":"Kambodža","fa":"??????"},"flag":"https://restcountries.eu/data/khm.svg","regionalBlocs":[{"acronym":"ASEAN","name":"Association of Southeast Asian Nations","otherAcronyms":[],"otherNames":[]}],"cioc":"CAM"},{"name":"Cameroon","topLevelDomain":[".cm"],"alpha2Code":"CM","alpha3Code":"CMR","callingCodes":["237"],"capital":"Yaoundé","altSpellings":["CM","Republic of Cameroon","République du Cameroun"],"region":"Africa","subregion":"Middle Africa","population":22709892,"latlng":[6.0,12.0],"demonym":"Cameroonian","area":475442.0,"gini":38.9,"timezones":["UTC+01:00"],"borders":["CAF","TCD","COG","GNQ","GAB","NGA"],"nativeName":"Cameroon","numericCode":"120","currencies":[{"code":"XAF","name":"Central African CFA franc","symbol":"Fr"}],"languages":[{"iso639_1":"en","iso639_2":"eng","name":"English","nativeName":"English"},{"iso639_1":"fr","iso639_2":"fra","name":"French","nativeName":"français"}],"translations":{"de":"Kamerun","es":"Camerún","fr":"Cameroun","ja":"?????","it":"Camerun","br":"Camarões","pt":"Camarões","nl":"Kameroen","hr":"Kamerun","fa":"??????"},"flag":"https://restcountries.eu/data/cmr.svg","regionalBlocs":[{"acronym":"AU","name":"African Union","otherAcronyms":[],"otherNames":["??????? ????????","Union africaine","União Africana","Unión Africana","Umoja wa Afrika"]}],"cioc":"CMR"},{"name":"Canada","topLevelDomain":[".ca"],"alpha2Code":"CA","alpha3Code":"CAN","callingCodes":["1"],"capital":"Ottawa","altSpellings":["CA"],"region":"Americas","subregion":"Northern America","population":36155487,"latlng":[60.0,-95.0],"demonym":"Canadian","area":9984670.0,"gini":32.6,"timezones":["UTC-08:00","UTC-07:00","UTC-06:00","UTC-05:00","UTC-04:00","UTC-03:30"],"borders":["USA"],"nativeName":"Canada","numericCode":"124","currencies":[{"code":"CAD","name":"Canadian dollar","symbol":"$"}],"languages":[{"iso639_1":"en","iso639_2":"eng","name":"English","nativeName":"English"},{"iso639_1":"fr","iso639_2":"fra","name":"French","nativeName":"français"}],"translations":{"de":"Kanada","es":"Canadá","fr":"Canada","ja":"???","it":"Canada","br":"Canadá","pt":"Canadá","nl":"Canada","hr":"Kanada","fa":"??????"},"flag":"https://restcountries.eu/data/can.svg","regionalBlocs":[{"acronym":"NAFTA","name":"North American Free Trade Agreement","otherAcronyms":[],"otherNames":["Tratado de Libre Comercio de América del Norte","Accord de Libre-échange Nord-Américain"]}],"cioc":"CAN"},{"name":"Cabo Verde","topLevelDomain":[".cv"],"alpha2Code":"CV","alpha3Code":"CPV","callingCodes":["238"],"capital":"Praia","altSpellings":["CV","Republic of Cabo Verde","República de Cabo Verde"],"region":"Africa","subregion":"Western Africa","population":531239,"latlng":[16.0,-24.0],"demonym":"Cape Verdian","area":4033.0,"gini":50.5,"timezones":["UTC-01:00"],"borders":[],"nativeName":"Cabo Verde","numericCode":"132","currencies":[{"code":"CVE","name":"Cape Verdean escudo","symbol":"Esc"}],"languages":[{"iso639_1":"pt","iso639_2":"por","name":"Portuguese","nativeName":"Português"}],"translations":{"de":"Kap Verde","es":"Cabo Verde","fr":"Cap Vert","ja":"??????","it":"Capo Verde","br":"Cabo Verde","pt":"Cabo Verde","nl":"Kaapverdië","hr":"Zelenortska Republika","fa":"??? ???"},"flag":"https://restcountries.eu/data/cpv.svg","regionalBlocs":[{"acronym":"AU","name":"African Union","otherAcronyms":[],"otherNames":["??????? ????????","Union africaine","União Africana","Unión Africana","Umoja wa Afrika"]}],"cioc":"CPV"},{"name":"Cayman Islands","topLevelDomain":[".ky"],"alpha2Code":"KY","alpha3Code":"CYM","callingCodes":["1345"],"capital":"George Town","altSpellings":["KY"],"region":"Americas","subregion":"Caribbean","population":58238,"latlng":[19.5,-80.5],"demonym":"Caymanian","area":264.0,"gini":null,"timezones":["UTC-05:00"],"borders":[],"nativeName":"Cayman Islands","numericCode":"136","currencies":[{"code":"KYD","name":"Cayman Islands dollar","symbol":"$"}],"languages":[{"iso639_1":"en","iso639_2":"eng","name":"English","nativeName":"English"}],"translations":{"de":"Kaimaninseln","es":"Islas Caimán","fr":"Îles Caïmans","ja":"??????","it":"Isole Cayman","br":"Ilhas Cayman","pt":"Ilhas Caimão","nl":"Caymaneilanden","hr":"Kajmanski otoci","fa":"????? ????"},"flag":"https://restcountries.eu/data/cym.svg","regionalBlocs":[],"cioc":"CAY"},{"name":"Central African Republic","topLevelDomain":[".cf"],"alpha2Code":"CF","alpha3Code":"CAF","callingCodes":["236"],"capital":"Bangui","altSpellings":["CF","Central African Republic","République centrafricaine"],"region":"Africa","subregion":"Middle Africa","population":4998000,"latlng":[7.0,21.0],"demonym":"Central African","area":622984.0,"gini":56.3,"timezones":["UTC+01:00"],"borders":["CMR","TCD","COD","COG","SSD","SDN"],"nativeName":"Ködörösêse tî Bêafrîka","numericCode":"140","currencies":[{"code":"XAF","name":"Central African CFA franc","symbol":"Fr"}],"languages":[{"iso639_1":"fr","iso639_2":"fra","name":"French","nativeName":"français"},{"iso639_1":"sg","iso639_2":"sag","name":"Sango","nativeName":"yângâ tî sängö"}],"translations":{"de":"Zentralafrikanische Republik","es":"República Centroafricana","fr":"République centrafricaine","ja":"?????????","it":"Repubblica Centrafricana","br":"República Centro-Africana","pt":"República Centro-Africana","nl":"Centraal-Afrikaanse Republiek","hr":"Srednjoafri?ka Republika","fa":"?????? ??????? ?????"},"flag":"https://restcountries.eu/data/caf.svg","regionalBlocs":[{"acronym":"AU","name":"African Union","otherAcronyms":[],"otherNames":["??????? ????????","Union africaine","União Africana","Unión Africana","Umoja wa Afrika"]}],"cioc":"CAF"},{"name":"Chad","topLevelDomain":[".td"],"alpha2Code":"TD","alpha3Code":"TCD","callingCodes":["235"],"capital":"N'Djamena","altSpellings":["TD","Tchad","Republic of Chad","République du Tchad"],"region":"Africa","subregion":"Middle Africa","population":14497000,"latlng":[15.0,19.0],"demonym":"Chadian","area":1284000.0,"gini":39.8,"timezones":["UTC+01:00"],"borders":["CMR","CAF","LBY","NER","NGA","SSD"],"nativeName":"Tchad","numericCode":"148","currencies":[{"code":"XAF","name":"Central African CFA franc","symbol":"Fr"}],"languages":[{"iso639_1":"fr","iso639_2":"fra","name":"French","nativeName":"français"},{"iso639_1":"ar","iso639_2":"ara","name":"Arabic","nativeName":"???????"}],"translations":{"de":"Tschad","es":"Chad","fr":"Tchad","ja":"???","it":"Ciad","br":"Chade","pt":"Chade","nl":"Tsjaad","hr":"?ad","fa":"???"},"flag":"https://restcountries.eu/data/tcd.svg","regionalBlocs":[{"acronym":"AU","name":"African Union","otherAcronyms":[],"otherNames":["??????? ????????","Union africaine","União Africana","Unión Africana","Umoja wa Afrika"]}],"cioc":"CHA"},{"name":"Chile","topLevelDomain":[".cl"],"alpha2Code":"CL","alpha3Code":"CHL","callingCodes":["56"],"capital":"Santiago","altSpellings":["CL","Republic of Chile","República de Chile"],"region":"Americas","subregion":"South America","population":18191900,"latlng":[-30.0,-71.0],"demonym":"Chilean","area":756102.0,"gini":52.1,"timezones":["UTC-06:00","UTC-04:00"],"borders":["ARG","BOL","PER"],"nativeName":"Chile","numericCode":"152","currencies":[{"code":"CLP","name":"Chilean peso","symbol":"$"}],"languages":[{"iso639_1":"es","iso639_2":"spa","name":"Spanish","nativeName":"Español"}],"translations":{"de":"Chile","es":"Chile","fr":"Chili","ja":"??","it":"Cile","br":"Chile","pt":"Chile","nl":"Chili","hr":"?ile","fa":"????"},"flag":"https://restcountries.eu/data/chl.svg","regionalBlocs":[{"acronym":"PA","name":"Pacific Alliance","otherAcronyms":[],"otherNames":["Alianza del Pacífico"]},{"acronym":"USAN","name":"Union of South American Nations","otherAcronyms":["UNASUR","UNASUL","UZAN"],"otherNames":["Unión de Naciones Suramericanas","União de Nações Sul-Americanas","Unie van Zuid-Amerikaanse Naties","South American Union"]}],"cioc":"CHI"},{"name":"China","topLevelDomain":[".cn"],"alpha2Code":"CN","alpha3Code":"CHN","callingCodes":["86"],"capital":"Beijing","altSpellings":["CN","Zh?ngguó","Zhongguo","Zhonghua","People's Republic of China","???????","Zh?nghuá Rénmín Gònghéguó"],"region":"Asia","subregion":"Eastern Asia","population":1377422166,"latlng":[35.0,105.0],"demonym":"Chinese","area":9640011.0,"gini":47.0,"timezones":["UTC+08:00"],"borders":["AFG","BTN","MMR","HKG","IND","KAZ","PRK","KGZ","LAO","MAC","MNG","PAK","RUS","TJK","VNM"],"nativeName":"??","numericCode":"156","currencies":[{"code":"CNY","name":"Chinese yuan","symbol":"¥"}],"languages":[{"iso639_1":"zh","iso639_2":"zho","name":"Chinese","nativeName":"?? (Zh?ngwén)"}],"translations":{"de":"China","es":"China","fr":"Chine","ja":"??","it":"Cina","br":"China","pt":"China","nl":"China","hr":"Kina","fa":"???"},"flag":"https://restcountries.eu/data/chn.svg","regionalBlocs":[],"cioc":"CHN"},{"name":"Christmas Island","topLevelDomain":[".cx"],"alpha2Code":"CX","alpha3Code":"CXR","callingCodes":["61"],"capital":"Flying Fish Cove","altSpellings":["CX","Territory of Christmas Island"],"region":"Oceania","subregion":"Australia and New Zealand","population":2072,"latlng":[-10.5,105.66666666],"demonym":"Christmas Island","area":135.0,"gini":null,"timezones":["UTC+07:00"],"borders":[],"nativeName":"Christmas Island","numericCode":"162","currencies":[{"code":"AUD","name":"Australian dollar","symbol":"$"}],"languages":[{"iso639_1":"en","iso639_2":"eng","name":"English","nativeName":"English"}],"translations":{"de":"Weihnachtsinsel","es":"Isla de Navidad","fr":"Île Christmas","ja":"??????","it":"Isola di Natale","br":"Ilha Christmas","pt":"Ilha do Natal","nl":"Christmaseiland","hr":"Boži?ni otok","fa":"????? ??????"},"flag":"https://restcountries.eu/data/cxr.svg","regionalBlocs":[],"cioc":""},{"name":"Cocos (Keeling) Islands","topLevelDomain":[".cc"],"alpha2Code":"CC","alpha3Code":"CCK","callingCodes":["61"],"capital":"West Island","altSpellings":["CC","Territory of the Cocos (Keeling) Islands","Keeling Islands"],"region":"Oceania","subregion":"Australia and New Zealand","population":550,"latlng":[-12.5,96.83333333],"demonym":"Cocos Islander","area":14.0,"gini":null,"timezones":["UTC+06:30"],"borders":[],"nativeName":"Cocos (Keeling) Islands","numericCode":"166","currencies":[{"code":"AUD","name":"Australian dollar","symbol":"$"}],"languages":[{"iso639_1":"en","iso639_2":"eng","name":"English","nativeName":"English"}],"translations":{"de":"Kokosinseln","es":"Islas Cocos o Islas Keeling","fr":"Îles Cocos","ja":"????????????","it":"Isole Cocos e Keeling","br":"Ilhas Cocos","pt":"Ilhas dos Cocos","nl":"Cocoseilanden","hr":"Kokosovi Otoci","fa":"????? ?????"},"flag":"https://restcountries.eu/data/cck.svg","regionalBlocs":[],"cioc":""},{"name":"Colombia","topLevelDomain":[".co"],"alpha2Code":"CO","alpha3Code":"COL","callingCodes":["57"],"capital":"Bogotá","altSpellings":["CO","Republic of Colombia","República de Colombia"],"region":"Americas","subregion":"South America","population":48759958,"latlng":[4.0,-72.0],"demonym":"Colombian","area":1141748.0,"gini":55.9,"timezones":["UTC-05:00"],"borders":["BRA","ECU","PAN","PER","VEN"],"nativeName":"Colombia","numericCode":"170","currencies":[{"code":"COP","name":"Colombian peso","symbol":"$"}],"languages":[{"iso639_1":"es","iso639_2":"spa","name":"Spanish","nativeName":"Español"}],"translations":{"de":"Kolumbien","es":"Colombia","fr":"Colombie","ja":"?????","it":"Colombia","br":"Colômbia","pt":"Colômbia","nl":"Colombia","hr":"Kolumbija","fa":"??????"},"flag":"https://restcountries.eu/data/col.svg","regionalBlocs":[{"acronym":"PA","name":"Pacific Alliance","otherAcronyms":[],"otherNames":["Alianza del Pacífico"]},{"acronym":"USAN","name":"Union of South American Nations","otherAcronyms":["UNASUR","UNASUL","UZAN"],"otherNames":["Unión de Naciones Suramericanas","União de Nações Sul-Americanas","Unie van Zuid-Amerikaanse Naties","South American Union"]}],"cioc":"COL"},{"name":"Comoros","topLevelDomain":[".km"],"alpha2Code":"KM","alpha3Code":"COM","callingCodes":["269"],"capital":"Moroni","altSpellings":["KM","Union of the Comoros","Union des Comores","Udzima wa Komori","al-Itti??d al-Qumur?"],"region":"Africa","subregion":"Eastern Africa","population":806153,"latlng":[-12.16666666,44.25],"demonym":"Comoran","area":1862.0,"gini":64.3,"timezones":["UTC+03:00"],"borders":[],"nativeName":"Komori","numericCode":"174","currencies":[{"code":"KMF","name":"Comorian franc","symbol":"Fr"}],"languages":[{"iso639_1":"ar","iso639_2":"ara","name":"Arabic","nativeName":"???????"},{"iso639_1":"fr","iso639_2":"fra","name":"French","nativeName":"français"}],"translations":{"de":"Union der Komoren","es":"Comoras","fr":"Comores","ja":"???","it":"Comore","br":"Comores","pt":"Comores","nl":"Comoren","hr":"Komori","fa":"?????"},"flag":"https://restcountries.eu/data/com.svg","regionalBlocs":[{"acronym":"AU","name":"African Union","otherAcronyms":[],"otherNames":["??????? ????????","Union africaine","União Africana","Unión Africana","Umoja wa Afrika"]},{"acronym":"AL","name":"Arab League","otherAcronyms":[],"otherNames":["????? ????? ???????","J?mi?at ad-Duwal al-?Arab?yah","League of Arab States"]}],"cioc":"COM"},{"name":"Congo","topLevelDomain":[".cg"],"alpha2Code":"CG","alpha3Code":"COG","callingCodes":["242"],"capital":"Brazzaville","altSpellings":["CG","Congo-Brazzaville"],"region":"Africa","subregion":"Middle Africa","population":4741000,"latlng":[-1.0,15.0],"demonym":"Congolese","area":342000.0,"gini":47.3,"timezones":["UTC+01:00"],"borders":["AGO","CMR","CAF","COD","GAB"],"nativeName":"République du Congo","numericCode":"178","currencies":[{"code":"XAF","name":"Central African CFA franc","symbol":"Fr"}],"languages":[{"iso639_1":"fr","iso639_2":"fra","name":"French","nativeName":"français"},{"iso639_1":"ln","iso639_2":"lin","name":"Lingala","nativeName":"Lingála"}],"translations":{"de":"Kongo","es":"Congo","fr":"Congo","ja":"??????","it":"Congo","br":"Congo","pt":"Congo","nl":"Congo [Republiek]","hr":"Kongo","fa":"????"},"flag":"https://restcountries.eu/data/cog.svg","regionalBlocs":[{"acronym":"AU","name":"African Union","otherAcronyms":[],"otherNames":["??????? ????????","Union africaine","União Africana","Unión Africana","Umoja wa Afrika"]}],"cioc":"CGO"},{"name":"Congo (Democratic Republic of the)","topLevelDomain":[".cd"],"alpha2Code":"CD","alpha3Code":"COD","callingCodes":["243"],"capital":"Kinshasa","altSpellings":["CD","DR Congo","Congo-Kinshasa","DRC"],"region":"Africa","subregion":"Middle Africa","population":85026000,"latlng":[0.0,25.0],"demonym":"Congolese","area":2344858.0,"gini":null,"timezones":["UTC+01:00","UTC+02:00"],"borders":["AGO","BDI","CAF","COG","RWA","SSD","TZA","UGA","ZMB"],"nativeName":"République démocratique du Congo","numericCode":"180","currencies":[{"code":"CDF","name":"Congolese franc","symbol":"Fr"}],"languages":[{"iso639_1":"fr","iso639_2":"fra","name":"French","nativeName":"français"},{"iso639_1":"ln","iso639_2":"lin","name":"Lingala","nativeName":"Lingála"},{"iso639_1":"kg","iso639_2":"kon","name":"Kongo","nativeName":"Kikongo"},{"iso639_1":"sw","iso639_2":"swa","name":"Swahili","nativeName":"Kiswahili"},{"iso639_1":"lu","iso639_2":"lub","name":"Luba-Katanga","nativeName":"Tshiluba"}],"translations":{"de":"Kongo (Dem. Rep.)","es":"Congo (Rep. Dem.)","fr":"Congo (Rép. dém.)","ja":"????????","it":"Congo (Rep. Dem.)","br":"RD Congo","pt":"RD Congo","nl":"Congo [DRC]","hr":"Kongo, Demokratska Republika","fa":"?????? ????"},"flag":"https://restcountries.eu/data/cod.svg","regionalBlocs":[{"acronym":"AU","name":"African Union","otherAcronyms":[],"otherNames":["??????? ????????","Union africaine","União Africana","Unión Africana","Umoja wa Afrika"]}],"cioc":"COD"},{"name":"Cook Islands","topLevelDomain":[".ck"],"alpha2Code":"CK","alpha3Code":"COK","callingCodes":["682"],"capital":"Avarua","altSpellings":["CK","K?ki '?irani"],"region":"Oceania","subregion":"Polynesia","population":18100,"latlng":[-21.23333333,-159.76666666],"demonym":"Cook Islander","area":236.0,"gini":null,"timezones":["UTC-10:00"],"borders":[],"nativeName":"Cook Islands","numericCode":"184","currencies":[{"code":"NZD","name":"New Zealand dollar","symbol":"$"},{"code":"CKD","name":"Cook Islands dollar","symbol":"$"}],"languages":[{"iso639_1":"en","iso639_2":"eng","name":"English","nativeName":"English"}],"translations":{"de":"Cookinseln","es":"Islas Cook","fr":"Îles Cook","ja":"?????","it":"Isole Cook","br":"Ilhas Cook","pt":"Ilhas Cook","nl":"Cookeilanden","hr":"Cookovo Oto?je","fa":"????? ???"},"flag":"https://restcountries.eu/data/cok.svg","regionalBlocs":[],"cioc":"COK"},{"name":"Costa Rica","topLevelDomain":[".cr"],"alpha2Code":"CR","alpha3Code":"CRI","callingCodes":["506"],"capital":"San José","altSpellings":["CR","Republic of Costa Rica","República de Costa Rica"],"region":"Americas","subregion":"Central America","population":4890379,"latlng":[10.0,-84.0],"demonym":"Costa Rican","area":51100.0,"gini":50.7,"timezones":["UTC-06:00"],"borders":["NIC","PAN"],"nativeName":"Costa Rica","numericCode":"188","currencies":[{"code":"CRC","name":"Costa Rican colón","symbol":"?"}],"languages":[{"iso639_1":"es","iso639_2":"spa","name":"Spanish","nativeName":"Español"}],"translations":{"de":"Costa Rica","es":"Costa Rica","fr":"Costa Rica","ja":"?????","it":"Costa Rica","br":"Costa Rica","pt":"Costa Rica","nl":"Costa Rica","hr":"Kostarika","fa":"?????????"},"flag":"https://restcountries.eu/data/cri.svg","regionalBlocs":[{"acronym":"CAIS","name":"Central American Integration System","otherAcronyms":["SICA"],"otherNames":["Sistema de la Integración Centroamericana,"]}],"cioc":"CRC"},{"name":"Croatia","topLevelDomain":[".hr"],"alpha2Code":"HR","alpha3Code":"HRV","callingCodes":["385"],"capital":"Zagreb","altSpellings":["HR","Hrvatska","Republic of Croatia","Republika Hrvatska"],"region":"Europe","subregion":"Southern Europe","population":4190669,"latlng":[45.16666666,15.5],"demonym":"Croatian","area":56594.0,"gini":33.7,"timezones":["UTC+01:00"],"borders":["BIH","HUN","MNE","SRB","SVN"],"nativeName":"Hrvatska","numericCode":"191","currencies":[{"code":"HRK","name":"Croatian kuna","symbol":"kn"}],"languages":[{"iso639_1":"hr","iso639_2":"hrv","name":"Croatian","nativeName":"hrvatski jezik"}],"translations":{"de":"Kroatien","es":"Croacia","fr":"Croatie","ja":"?????","it":"Croazia","br":"Croácia","pt":"Croácia","nl":"Kroatië","hr":"Hrvatska","fa":"??????"},"flag":"https://restcountries.eu/data/hrv.svg","regionalBlocs":[{"acronym":"EU","name":"European Union","otherAcronyms":[],"otherNames":[]}],"cioc":"CRO"},{"name":"Cuba","topLevelDomain":[".cu"],"alpha2Code":"CU","alpha3Code":"CUB","callingCodes":["53"],"capital":"Havana","altSpellings":["CU","Republic of Cuba","República de Cuba"],"region":"Americas","subregion":"Caribbean","population":11239004,"latlng":[21.5,-80.0],"demonym":"Cuban","area":109884.0,"gini":null,"timezones":["UTC-05:00"],"borders":[],"nativeName":"Cuba","numericCode":"192","currencies":[{"code":"CUC","name":"Cuban convertible peso","symbol":"$"},{"code":"CUP","name":"Cuban peso","symbol":"$"}],"languages":[{"iso639_1":"es","iso639_2":"spa","name":"Spanish","nativeName":"Español"}],"translations":{"de":"Kuba","es":"Cuba","fr":"Cuba","ja":"????","it":"Cuba","br":"Cuba","pt":"Cuba","nl":"Cuba","hr":"Kuba","fa":"????"},"flag":"https://restcountries.eu/data/cub.svg","regionalBlocs":[],"cioc":"CUB"},{"name":"Curaçao","topLevelDomain":[".cw"],"alpha2Code":"CW","alpha3Code":"CUW","callingCodes":["599"],"capital":"Willemstad","altSpellings":["CW","Curacao","Kòrsou","Country of Curaçao","Land Curaçao","Pais Kòrsou"],"region":"Americas","subregion":"Caribbean","population":154843,"latlng":[12.116667,-68.933333],"demonym":"Dutch","area":444.0,"gini":null,"timezones":["UTC-04:00"],"borders":[],"nativeName":"Curaçao","numericCode":"531","currencies":[{"code":"ANG","name":"Netherlands Antillean guilder","symbol":"ƒ"}],"languages":[{"iso639_1":"nl","iso639_2":"nld","name":"Dutch","nativeName":"Nederlands"},{"iso639_1":"pa","iso639_2":"pan","name":"(Eastern) Punjabi","nativeName":"??????"},{"iso639_1":"en","iso639_2":"eng","name":"English","nativeName":"English"}],"translations":{"de":"Curaçao","es":null,"fr":"Curaçao","ja":null,"it":"Curaçao","br":"Curaçao","pt":"Curaçao","nl":"Curaçao","hr":null,"fa":"????????"},"flag":"https://restcountries.eu/data/cuw.svg","regionalBlocs":[],"cioc":""},{"name":"Cyprus","topLevelDomain":[".cy"],"alpha2Code":"CY","alpha3Code":"CYP","callingCodes":["357"],"capital":"Nicosia","altSpellings":["CY","Kýpros","K?br?s","Republic of Cyprus","???????? ??????????","K?br?s Cumhuriyeti"],"region":"Europe","subregion":"Southern Europe","population":847000,"latlng":[35.0,33.0],"demonym":"Cypriot","area":9251.0,"gini":null,"timezones":["UTC+02:00"],"borders":["GBR"],"nativeName":"??????","numericCode":"196","currencies":[{"code":"EUR","name":"Euro","symbol":"€"}],"languages":[{"iso639_1":"el","iso639_2":"ell","name":"Greek (modern)","nativeName":"????????"},{"iso639_1":"tr","iso639_2":"tur","name":"Turkish","nativeName":"Türkçe"},{"iso639_1":"hy","iso639_2":"hye","name":"Armenian","nativeName":"???????"}],"translations":{"de":"Zypern","es":"Chipre","fr":"Chypre","ja":"????","it":"Cipro","br":"Chipre","pt":"Chipre","nl":"Cyprus","hr":"Cipar","fa":"????"},"flag":"https://restcountries.eu/data/cyp.svg","regionalBlocs":[{"acronym":"EU","name":"European Union","otherAcronyms":[],"otherNames":[]}],"cioc":"CYP"},{"name":"Czech Republic","topLevelDomain":[".cz"],"alpha2Code":"CZ","alpha3Code":"CZE","callingCodes":["420"],"capital":"Prague","altSpellings":["CZ","?eská republika","?esko"],"region":"Europe","subregion":"Eastern Europe","population":10558524,"latlng":[49.75,15.5],"demonym":"Czech","area":78865.0,"gini":26.0,"timezones":["UTC+01:00"],"borders":["AUT","DEU","POL","SVK"],"nativeName":"?eská republika","numericCode":"203","currencies":[{"code":"CZK","name":"Czech koruna","symbol":"K?"}],"languages":[{"iso639_1":"cs","iso639_2":"ces","name":"Czech","nativeName":"?eština"},{"iso639_1":"sk","iso639_2":"slk","name":"Slovak","nativeName":"sloven?ina"}],"translations":{"de":"Tschechische Republik","es":"República Checa","fr":"République tchèque","ja":"???","it":"Repubblica Ceca","br":"República Tcheca","pt":"República Checa","nl":"Tsjechië","hr":"?eška","fa":"?????? ??"},"flag":"https://restcountries.eu/data/cze.svg","regionalBlocs":[{"acronym":"EU","name":"European Union","otherAcronyms":[],"otherNames":[]}],"cioc":"CZE"},{"name":"Denmark","topLevelDomain":[".dk"],"alpha2Code":"DK","alpha3Code":"DNK","callingCodes":["45"],"capital":"Copenhagen","altSpellings":["DK","Danmark","Kingdom of Denmark","Kongeriget Danmark"],"region":"Europe","subregion":"Northern Europe","population":5717014,"latlng":[56.0,10.0],"demonym":"Danish","area":43094.0,"gini":24.0,"timezones":["UTC-04:00","UTC-03:00","UTC-01:00","UTC","UTC+01:00"],"borders":["DEU"],"nativeName":"Danmark","numericCode":"208","currencies":[{"code":"DKK","name":"Danish krone","symbol":"kr"}],"languages":[{"iso639_1":"da","iso639_2":"dan","name":"Danish","nativeName":"dansk"}],"translations":{"de":"Dänemark","es":"Dinamarca","fr":"Danemark","ja":"?????","it":"Danimarca","br":"Dinamarca","pt":"Dinamarca","nl":"Denemarken","hr":"Danska","fa":"???????"},"flag":"https://restcountries.eu/data/dnk.svg","regionalBlocs":[{"acronym":"EU","name":"European Union","otherAcronyms":[],"otherNames":[]}],"cioc":"DEN"},{"name":"Djibouti","topLevelDomain":[".dj"],"alpha2Code":"DJ","alpha3Code":"DJI","callingCodes":["253"],"capital":"Djibouti","altSpellings":["DJ","Jabuuti","Gabuuti","Republic of Djibouti","République de Djibouti","Gabuutih Ummuuno","Jamhuuriyadda Jabuuti"],"region":"Africa","subregion":"Eastern Africa","population":900000,"latlng":[11.5,43.0],"demonym":"Djibouti","area":23200.0,"gini":40.0,"timezones":["UTC+03:00"],"borders":["ERI","ETH","SOM"],"nativeName":"Djibouti","numericCode":"262","currencies":[{"code":"DJF","name":"Djiboutian franc","symbol":"Fr"}],"languages":[{"iso639_1":"fr","iso639_2":"fra","name":"French","nativeName":"français"},{"iso639_1":"ar","iso639_2":"ara","name":"Arabic","nativeName":"???????"}],"translations":{"de":"Dschibuti","es":"Yibuti","fr":"Djibouti","ja":"???","it":"Gibuti","br":"Djibuti","pt":"Djibuti","nl":"Djibouti","hr":"Džibuti","fa":"??????"},"flag":"https://restcountries.eu/data/dji.svg","regionalBlocs":[{"acronym":"AU","name":"African Union","otherAcronyms":[],"otherNames":["??????? ????????","Union africaine","União Africana","Unión Africana","Umoja wa Afrika"]},{"acronym":"AL","name":"Arab League","otherAcronyms":[],"otherNames":["????? ????? ???????","J?mi?at ad-Duwal al-?Arab?yah","League of Arab States"]}],"cioc":"DJI"},{"name":"Dominica","topLevelDomain":[".dm"],"alpha2Code":"DM","alpha3Code":"DMA","callingCodes":["1767"],"capital":"Roseau","altSpellings":["DM","Dominique","Wai‘tu kubuli","Commonwealth of Dominica"],"region":"Americas","subregion":"Caribbean","population":71293,"latlng":[15.41666666,-61.33333333],"demonym":"Dominican","area":751.0,"gini":null,"timezones":["UTC-04:00"],"borders":[],"nativeName":"Dominica","numericCode":"212","currencies":[{"code":"XCD","name":"East Caribbean dollar","symbol":"$"}],"languages":[{"iso639_1":"en","iso639_2":"eng","name":"English","nativeName":"English"}],"translations":{"de":"Dominica","es":"Dominica","fr":"Dominique","ja":"?????","it":"Dominica","br":"Dominica","pt":"Dominica","nl":"Dominica","hr":"Dominika","fa":"????????"},"flag":"https://restcountries.eu/data/dma.svg","regionalBlocs":[],"cioc":"DMA"},{"name":"Dominican Republic","topLevelDomain":[".do"],"alpha2Code":"DO","alpha3Code":"DOM","callingCodes":["1809","1829","1849"],"capital":"Santo Domingo","altSpellings":["DO"],"region":"Americas","subregion":"Caribbean","population":10075045,"latlng":[19.0,-70.66666666],"demonym":"Dominican","area":48671.0,"gini":47.2,"timezones":["UTC-04:00"],"borders":["HTI"],"nativeName":"República Dominicana","numericCode":"214","currencies":[{"code":"DOP","name":"Dominican peso","symbol":"$"}],"languages":[{"iso639_1":"es","iso639_2":"spa","name":"Spanish","nativeName":"Español"}],"translations":{"de":"Dominikanische Republik","es":"República Dominicana","fr":"République dominicaine","ja":"???????","it":"Repubblica Dominicana","br":"República Dominicana","pt":"República Dominicana","nl":"Dominicaanse Republiek","hr":"Dominikanska Republika","fa":"?????? ????????"},"flag":"https://restcountries.eu/data/dom.svg","regionalBlocs":[{"acronym":"CARICOM","name":"Caribbean Community","otherAcronyms":[],"otherNames":["Comunidad del Caribe","Communauté Caribéenne","Caribische Gemeenschap"]},{"acronym":"CAIS","name":"Central American Integration System","otherAcronyms":["SICA"],"otherNames":["Sistema de la Integración Centroamericana,"]}],"cioc":"DOM"},{"name":"Ecuador","topLevelDomain":[".ec"],"alpha2Code":"EC","alpha3Code":"ECU","callingCodes":["593"],"capital":"Quito","altSpellings":["EC","Republic of Ecuador","República del Ecuador"],"region":"Americas","subregion":"South America","population":16545799,"latlng":[-2.0,-77.5],"demonym":"Ecuadorean","area":276841.0,"gini":49.3,"timezones":["UTC-06:00","UTC-05:00"],"borders":["COL","PER"],"nativeName":"Ecuador","numericCode":"218","currencies":[{"code":"USD","name":"United States dollar","symbol":"$"}],"languages":[{"iso639_1":"es","iso639_2":"spa","name":"Spanish","nativeName":"Español"}],"translations":{"de":"Ecuador","es":"Ecuador","fr":"Équateur","ja":"?????","it":"Ecuador","br":"Equador","pt":"Equador","nl":"Ecuador","hr":"Ekvador","fa":"???????"},"flag":"https://restcountries.eu/data/ecu.svg","regionalBlocs":[{"acronym":"USAN","name":"Union of South American Nations","otherAcronyms":["UNASUR","UNASUL","UZAN"],"otherNames":["Unión de Naciones Suramericanas","União de Nações Sul-Americanas","Unie van Zuid-Amerikaanse Naties","South American Union"]}],"cioc":"ECU"},{"name":"Egypt","topLevelDomain":[".eg"],"alpha2Code":"EG","alpha3Code":"EGY","callingCodes":["20"],"capital":"Cairo","altSpellings":["EG","Arab Republic of Egypt"],"region":"Africa","subregion":"Northern Africa","population":91290000,"latlng":[27.0,30.0],"demonym":"Egyptian","area":1002450.0,"gini":30.8,"timezones":["UTC+02:00"],"borders":["ISR","LBY","SDN"],"nativeName":"????","numericCode":"818","currencies":[{"code":"EGP","name":"Egyptian pound","symbol":"£"}],"languages":[{"iso639_1":"ar","iso639_2":"ara","name":"Arabic","nativeName":"???????"}],"translations":{"de":"Ägypten","es":"Egipto","fr":"Égypte","ja":"????","it":"Egitto","br":"Egito","pt":"Egipto","nl":"Egypte","hr":"Egipat","fa":"???"},"flag":"https://restcountries.eu/data/egy.svg","regionalBlocs":[{"acronym":"AU","name":"African Union","otherAcronyms":[],"otherNames":["??????? ????????","Union africaine","União Africana","Unión Africana","Umoja wa Afrika"]},{"acronym":"AL","name":"Arab League","otherAcronyms":[],"otherNames":["????? ????? ???????","J?mi?at ad-Duwal al-?Arab?yah","League of Arab States"]}],"cioc":"EGY"},{"name":"El Salvador","topLevelDomain":[".sv"],"alpha2Code":"SV","alpha3Code":"SLV","callingCodes":["503"],"capital":"San Salvador","altSpellings":["SV","Republic of El Salvador","República de El Salvador"],"region":"Americas","subregion":"Central America","population":6520675,"latlng":[13.83333333,-88.91666666],"demonym":"Salvadoran","area":21041.0,"gini":48.3,"timezones":["UTC-06:00"],"borders":["GTM","HND"],"nativeName":"El Salvador","numericCode":"222","currencies":[{"code":"USD","name":"United States dollar","symbol":"$"}],"languages":[{"iso639_1":"es","iso639_2":"spa","name":"Spanish","nativeName":"Español"}],"translations":{"de":"El Salvador","es":"El Salvador","fr":"Salvador","ja":"???????","it":"El Salvador","br":"El Salvador","pt":"El Salvador","nl":"El Salvador","hr":"Salvador","fa":"??????????"},"flag":"https://restcountries.eu/data/slv.svg","regionalBlocs":[{"acronym":"CAIS","name":"Central American Integration System","otherAcronyms":["SICA"],"otherNames":["Sistema de la Integración Centroamericana,"]}],"cioc":"ESA"},{"name":"Equatorial Guinea","topLevelDomain":[".gq"],"alpha2Code":"GQ","alpha3Code":"GNQ","callingCodes":["240"],"capital":"Malabo","altSpellings":["GQ","Republic of Equatorial Guinea","República de Guinea Ecuatorial","République de Guinée équatoriale","República da Guiné Equatorial"],"region":"Africa","subregion":"Middle Africa","population":1222442,"latlng":[2.0,10.0],"demonym":"Equatorial Guinean","area":28051.0,"gini":null,"timezones":["UTC+01:00"],"borders":["CMR","GAB"],"nativeName":"Guinea Ecuatorial","numericCode":"226","currencies":[{"code":"XAF","name":"Central African CFA franc","symbol":"Fr"}],"languages":[{"iso639_1":"es","iso639_2":"spa","name":"Spanish","nativeName":"Español"},{"iso639_1":"fr","iso639_2":"fra","name":"French","nativeName":"français"}],"translations":{"de":"Äquatorial-Guinea","es":"Guinea Ecuatorial","fr":"Guinée-Équatoriale","ja":"?????","it":"Guinea Equatoriale","br":"Guiné Equatorial","pt":"Guiné Equatorial","nl":"Equatoriaal-Guinea","hr":"Ekvatorijalna Gvineja","fa":"???? ???????"},"flag":"https://restcountries.eu/data/gnq.svg","regionalBlocs":[{"acronym":"AU","name":"African Union","otherAcronyms":[],"otherNames":["??????? ????????","Union africaine","União Africana","Unión Africana","Umoja wa Afrika"]}],"cioc":"GEQ"},{"name":"Eritrea","topLevelDomain":[".er"],"alpha2Code":"ER","alpha3Code":"ERI","callingCodes":["291"],"capital":"Asmara","altSpellings":["ER","State of Eritrea","??? ????","Dawlat Iritriyá","?Ertr?","Iritriy?",""],"region":"Africa","subregion":"Eastern Africa","population":5352000,"latlng":[15.0,39.0],"demonym":"Eritrean","area":117600.0,"gini":null,"timezones":["UTC+03:00"],"borders":["DJI","ETH","SDN"],"nativeName":"????","numericCode":"232","currencies":[{"code":"ERN","name":"Eritrean nakfa","symbol":"Nfk"}],"languages":[{"iso639_1":"ti","iso639_2":"tir","name":"Tigrinya","nativeName":"????"},{"iso639_1":"ar","iso639_2":"ara","name":"Arabic","nativeName":"???????"},{"iso639_1":"en","iso639_2":"eng","name":"English","nativeName":"English"}],"translations":{"de":"Eritrea","es":"Eritrea","fr":"Érythrée","ja":"?????","it":"Eritrea","br":"Eritreia","pt":"Eritreia","nl":"Eritrea","hr":"Eritreja","fa":"??????"},"flag":"https://restcountries.eu/data/eri.svg","regionalBlocs":[{"acronym":"AU","name":"African Union","otherAcronyms":[],"otherNames":["??????? ????????","Union africaine","União Africana","Unión Africana","Umoja wa Afrika"]}],"cioc":"ERI"},{"name":"Estonia","topLevelDomain":[".ee"],"alpha2Code":"EE","alpha3Code":"EST","callingCodes":["372"],"capital":"Tallinn","altSpellings":["EE","Eesti","Republic of Estonia","Eesti Vabariik"],"region":"Europe","subregion":"Northern Europe","population":1315944,"latlng":[59.0,26.0],"demonym":"Estonian","area":45227.0,"gini":36.0,"timezones":["UTC+02:00"],"borders":["LVA","RUS"],"nativeName":"Eesti","numericCode":"233","currencies":[{"code":"EUR","name":"Euro","symbol":"€"}],"languages":[{"iso639_1":"et","iso639_2":"est","name":"Estonian","nativeName":"eesti"}],"translations":{"de":"Estland","es":"Estonia","fr":"Estonie","ja":"?????","it":"Estonia","br":"Estônia","pt":"Estónia","nl":"Estland","hr":"Estonija","fa":"??????"},"flag":"https://restcountries.eu/data/est.svg","regionalBlocs":[{"acronym":"EU","name":"European Union","otherAcronyms":[],"otherNames":[]}],"cioc":"EST"},{"name":"Ethiopia","topLevelDomain":[".et"],"alpha2Code":"ET","alpha3Code":"ETH","callingCodes":["251"],"capital":"Addis Ababa","altSpellings":["ET","??ty???y?","Federal Democratic Republic of Ethiopia","?????? ????? ??????? ?????"],"region":"Africa","subregion":"Eastern Africa","population":92206005,"latlng":[8.0,38.0],"demonym":"Ethiopian","area":1104300.0,"gini":29.8,"timezones":["UTC+03:00"],"borders":["DJI","ERI","KEN","SOM","SSD","SDN"],"nativeName":"?????","numericCode":"231","currencies":[{"code":"ETB","name":"Ethiopian birr","symbol":"Br"}],"languages":[{"iso639_1":"am","iso639_2":"amh","name":"Amharic","nativeName":"????"}],"translations":{"de":"Äthiopien","es":"Etiopía","fr":"Éthiopie","ja":"?????","it":"Etiopia","br":"Etiópia","pt":"Etiópia","nl":"Ethiopië","hr":"Etiopija","fa":"??????"},"flag":"https://restcountries.eu/data/eth.svg","regionalBlocs":[{"acronym":"AU","name":"African Union","otherAcronyms":[],"otherNames":["??????? ????????","Union africaine","União Africana","Unión Africana","Umoja wa Afrika"]}],"cioc":"ETH"},{"name":"Falkland Islands (Malvinas)","topLevelDomain":[".fk"],"alpha2Code":"FK","alpha3Code":"FLK","callingCodes":["500"],"capital":"Stanley","altSpellings":["FK","Islas Malvinas"],"region":"Americas","subregion":"South America","population":2563,"latlng":[-51.75,-59.0],"demonym":"Falkland Islander","area":12173.0,"gini":null,"timezones":["UTC-04:00"],"borders":[],"nativeName":"Falkland Islands","numericCode":"238","currencies":[{"code":"FKP","name":"Falkland Islands pound","symbol":"£"}],"languages":[{"iso639_1":"en","iso639_2":"eng","name":"English","nativeName":"English"}],"translations":{"de":"Falklandinseln","es":"Islas Malvinas","fr":"Îles Malouines","ja":"????????????????","it":"Isole Falkland o Isole Malvine","br":"Ilhas Malvinas","pt":"Ilhas Falkland","nl":"Falklandeilanden [Islas Malvinas]","hr":"Falklandski Otoci","fa":"????? ???????"},"flag":"https://restcountries.eu/data/flk.svg","regionalBlocs":[{"acronym":"USAN","name":"Union of South American Nations","otherAcronyms":["UNASUR","UNASUL","UZAN"],"otherNames":["Unión de Naciones Suramericanas","União de Nações Sul-Americanas","Unie van Zuid-Amerikaanse Naties","South American Union"]}],"cioc":""},{"name":"Faroe Islands","topLevelDomain":[".fo"],"alpha2Code":"FO","alpha3Code":"FRO","callingCodes":["298"],"capital":"Tórshavn","altSpellings":["FO","Føroyar","Færøerne"],"region":"Europe","subregion":"Northern Europe","population":49376,"latlng":[62.0,-7.0],"demonym":"Faroese","area":1393.0,"gini":null,"timezones":["UTC+00:00"],"borders":[],"nativeName":"Føroyar","numericCode":"234","currencies":[{"code":"DKK","name":"Danish krone","symbol":"kr"},{"code":"(none)","name":"Faroese króna","symbol":"kr"}],"languages":[{"iso639_1":"fo","iso639_2":"fao","name":"Faroese","nativeName":"føroyskt"}],"translations":{"de":"Färöer-Inseln","es":"Islas Faroe","fr":"Îles Féroé","ja":"??????","it":"Isole Far Oer","br":"Ilhas Faroé","pt":"Ilhas Faroé","nl":"Faeröer","hr":"Farski Otoci","fa":"????? ????"},"flag":"https://restcountries.eu/data/fro.svg","regionalBlocs":[{"acronym":"EU","name":"European Union","otherAcronyms":[],"otherNames":[]}],"cioc":""},{"name":"Fiji","topLevelDomain":[".fj"],"alpha2Code":"FJ","alpha3Code":"FJI","callingCodes":["679"],"capital":"Suva","altSpellings":["FJ","Viti","Republic of Fiji","Matanitu ko Viti","Fij? Ga?ar?jya"],"region":"Oceania","subregion":"Melanesia","population":867000,"latlng":[-18.0,175.0],"demonym":"Fijian","area":18272.0,"gini":42.8,"timezones":["UTC+12:00"],"borders":[],"nativeName":"Fiji","numericCode":"242","currencies":[{"code":"FJD","name":"Fijian dollar","symbol":"$"}],"languages":[{"iso639_1":"en","iso639_2":"eng","name":"English","nativeName":"English"},{"iso639_1":"fj","iso639_2":"fij","name":"Fijian","nativeName":"vosa Vakaviti"},{"iso639_1":"hi","iso639_2":"hin","name":"Hindi","nativeName":"??????"},{"iso639_1":"ur","iso639_2":"urd","name":"Urdu","nativeName":"????"}],"translations":{"de":"Fidschi","es":"Fiyi","fr":"Fidji","ja":"????","it":"Figi","br":"Fiji","pt":"Fiji","nl":"Fiji","hr":"Fi?i","fa":"????"},"flag":"https://restcountries.eu/data/fji.svg","regionalBlocs":[],"cioc":"FIJ"},{"name":"Finland","topLevelDomain":[".fi"],"alpha2Code":"FI","alpha3Code":"FIN","callingCodes":["358"],"capital":"Helsinki","altSpellings":["FI","Suomi","Republic of Finland","Suomen tasavalta","Republiken Finland"],"region":"Europe","subregion":"Northern Europe","population":5491817,"latlng":[64.0,26.0],"demonym":"Finnish","area":338424.0,"gini":26.9,"timezones":["UTC+02:00"],"borders":["NOR","SWE","RUS"],"nativeName":"Suomi","numericCode":"246","currencies":[{"code":"EUR","name":"Euro","symbol":"€"}],"languages":[{"iso639_1":"fi","iso639_2":"fin","name":"Finnish","nativeName":"suomi"},{"iso639_1":"sv","iso639_2":"swe","name":"Swedish","nativeName":"svenska"}],"translations":{"de":"Finnland","es":"Finlandia","fr":"Finlande","ja":"??????","it":"Finlandia","br":"Finlândia","pt":"Finlândia","nl":"Finland","hr":"Finska","fa":"??????"},"flag":"https://restcountries.eu/data/fin.svg","regionalBlocs":[{"acronym":"EU","name":"European Union","otherAcronyms":[],"otherNames":[]}],"cioc":"FIN"},{"name":"France","topLevelDomain":[".fr"],"alpha2Code":"FR","alpha3Code":"FRA","callingCodes":["33"],"capital":"Paris","altSpellings":["FR","French Republic","République française"],"region":"Europe","subregion":"Western Europe","population":66710000,"latlng":[46.0,2.0],"demonym":"French","area":640679.0,"gini":32.7,"timezones":["UTC-10:00","UTC-09:30","UTC-09:00","UTC-08:00","UTC-04:00","UTC-03:00","UTC+01:00","UTC+03:00","UTC+04:00","UTC+05:00","UTC+11:00","UTC+12:00"],"borders":["AND","BEL","DEU","ITA","LUX","MCO","ESP","CHE"],"nativeName":"France","numericCode":"250","currencies":[{"code":"EUR","name":"Euro","symbol":"€"}],"languages":[{"iso639_1":"fr","iso639_2":"fra","name":"French","nativeName":"français"}],"translations":{"de":"Frankreich","es":"Francia","fr":"France","ja":"????","it":"Francia","br":"França","pt":"França","nl":"Frankrijk","hr":"Francuska","fa":"??????"},"flag":"https://restcountries.eu/data/fra.svg","regionalBlocs":[{"acronym":"EU","name":"European Union","otherAcronyms":[],"otherNames":[]}],"cioc":"FRA"},{"name":"French Guiana","topLevelDomain":[".gf"],"alpha2Code":"GF","alpha3Code":"GUF","callingCodes":["594"],"capital":"Cayenne","altSpellings":["GF","Guiana","Guyane"],"region":"Americas","subregion":"South America","population":254541,"latlng":[4.0,-53.0],"demonym":"","area":null,"gini":null,"timezones":["UTC-03:00"],"borders":["BRA","SUR"],"nativeName":"Guyane française","numericCode":"254","currencies":[{"code":"EUR","name":"Euro","symbol":"€"}],"languages":[{"iso639_1":"fr","iso639_2":"fra","name":"French","nativeName":"français"}],"translations":{"de":"Französisch Guyana","es":"Guayana Francesa","fr":"Guayane","ja":"????????","it":"Guyana francese","br":"Guiana Francesa","pt":"Guiana Francesa","nl":"Frans-Guyana","hr":"Francuska Gvajana","fa":"????? ??????"},"flag":"https://restcountries.eu/data/guf.svg","regionalBlocs":[{"acronym":"USAN","name":"Union of South American Nations","otherAcronyms":["UNASUR","UNASUL","UZAN"],"otherNames":["Unión de Naciones Suramericanas","União de Nações Sul-Americanas","Unie van Zuid-Amerikaanse Naties","South American Union"]},{"acronym":"EU","name":"European Union","otherAcronyms":[],"otherNames":[]}],"cioc":""},{"name":"French Polynesia","topLevelDomain":[".pf"],"alpha2Code":"PF","alpha3Code":"PYF","callingCodes":["689"],"capital":"Papeet?","altSpellings":["PF","Polynésie française","French Polynesia","P?r?netia Far?ni"],"region":"Oceania","subregion":"Polynesia","population":271800,"latlng":[-15.0,-140.0],"demonym":"French Polynesian","area":4167.0,"gini":null,"timezones":["UTC-10:00","UTC-09:30","UTC-09:00"],"borders":[],"nativeName":"Polynésie française","numericCode":"258","currencies":[{"code":"XPF","name":"CFP franc","symbol":"Fr"}],"languages":[{"iso639_1":"fr","iso639_2":"fra","name":"French","nativeName":"français"}],"translations":{"de":"Französisch-Polynesien","es":"Polinesia Francesa","fr":"Polynésie française","ja":"??????????","it":"Polinesia Francese","br":"Polinésia Francesa","pt":"Polinésia Francesa","nl":"Frans-Polynesië","hr":"Francuska Polinezija","fa":"??????? ??????"},"flag":"https://restcountries.eu/data/pyf.svg","regionalBlocs":[],"cioc":""},{"name":"French Southern Territories","topLevelDomain":[".tf"],"alpha2Code":"TF","alpha3Code":"ATF","callingCodes":[""],"capital":"Port-aux-Français","altSpellings":["TF"],"region":"Africa","subregion":"Southern Africa","population":140,"latlng":[-49.25,69.167],"demonym":"French","area":7747.0,"gini":null,"timezones":["UTC+05:00"],"borders":[],"nativeName":"Territoire des Terres australes et antarctiques françaises","numericCode":"260","currencies":[{"code":"EUR","name":"Euro","symbol":"€"}],"languages":[{"iso639_1":"fr","iso639_2":"fra","name":"French","nativeName":"français"}],"translations":{"de":"Französische Süd- und Antarktisgebiete","es":"Tierras Australes y Antárticas Francesas","fr":"Terres australes et antarctiques françaises","ja":"????????????","it":"Territori Francesi del Sud","br":"Terras Austrais e Antárticas Francesas","pt":"Terras Austrais e Antárticas Francesas","nl":"Franse Gebieden in de zuidelijke Indische Oceaan","hr":"Francuski južni i antarkti?ki teritoriji","fa":"?????????? ????? ? ???????? ??????"},"flag":"https://restcountries.eu/data/atf.svg","regionalBlocs":[{"acronym":"AU","name":"African Union","otherAcronyms":[],"otherNames":["??????? ????????","Union africaine","União Africana","Unión Africana","Umoja wa Afrika"]}],"cioc":""},{"name":"Gabon","topLevelDomain":[".ga"],"alpha2Code":"GA","alpha3Code":"GAB","callingCodes":["241"],"capital":"Libreville","altSpellings":["GA","Gabonese Republic","République Gabonaise"],"region":"Africa","subregion":"Middle Africa","population":1802278,"latlng":[-1.0,11.75],"demonym":"Gabonese","area":267668.0,"gini":41.5,"timezones":["UTC+01:00"],"borders":["CMR","COG","GNQ"],"nativeName":"Gabon","numericCode":"266","currencies":[{"code":"XAF","name":"Central African CFA franc","symbol":"Fr"}],"languages":[{"iso639_1":"fr","iso639_2":"fra","name":"French","nativeName":"français"}],"translations":{"de":"Gabun","es":"Gabón","fr":"Gabon","ja":"???","it":"Gabon","br":"Gabão","pt":"Gabão","nl":"Gabon","hr":"Gabon","fa":"????"},"flag":"https://restcountries.eu/data/gab.svg","regionalBlocs":[{"acronym":"AU","name":"African Union","otherAcronyms":[],"otherNames":["??????? ????????","Union africaine","União Africana","Unión Africana","Umoja wa Afrika"]}],"cioc":"GAB"},{"name":"Gambia","topLevelDomain":[".gm"],"alpha2Code":"GM","alpha3Code":"GMB","callingCodes":["220"],"capital":"Banjul","altSpellings":["GM","Republic of the Gambia"],"region":"Africa","subregion":"Western Africa","population":1882450,"latlng":[13.46666666,-16.56666666],"demonym":"Gambian","area":11295.0,"gini":null,"timezones":["UTC+00:00"],"borders":["SEN"],"nativeName":"Gambia","numericCode":"270","currencies":[{"code":"GMD","name":"Gambian dalasi","symbol":"D"}],"languages":[{"iso639_1":"en","iso639_2":"eng","name":"English","nativeName":"English"}],"translations":{"de":"Gambia","es":"Gambia","fr":"Gambie","ja":"????","it":"Gambia","br":"Gâmbia","pt":"Gâmbia","nl":"Gambia","hr":"Gambija","fa":"??????"},"flag":"https://restcountries.eu/data/gmb.svg","regionalBlocs":[{"acronym":"AU","name":"African Union","otherAcronyms":[],"otherNames":["??????? ????????","Union africaine","União Africana","Unión Africana","Umoja wa Afrika"]}],"cioc":"GAM"},{"name":"Georgia","topLevelDomain":[".ge"],"alpha2Code":"GE","alpha3Code":"GEO","callingCodes":["995"],"capital":"Tbilisi","altSpellings":["GE","Sakartvelo"],"region":"Asia","subregion":"Western Asia","population":3720400,"latlng":[42.0,43.5],"demonym":"Georgian","area":69700.0,"gini":41.3,"timezones":["UTC-05:00"],"borders":["ARM","AZE","RUS","TUR"],"nativeName":"??????????","numericCode":"268","currencies":[{"code":"GEL","name":"Georgian Lari","symbol":"?"}],"languages":[{"iso639_1":"ka","iso639_2":"kat","name":"Georgian","nativeName":"???????"}],"translations":{"de":"Georgien","es":"Georgia","fr":"Géorgie","ja":"????","it":"Georgia","br":"Geórgia","pt":"Geórgia","nl":"Georgië","hr":"Gruzija","fa":"???????"},"flag":"https://restcountries.eu/data/geo.svg","regionalBlocs":[],"cioc":"GEO"},{"name":"Germany","topLevelDomain":[".de"],"alpha2Code":"DE","alpha3Code":"DEU","callingCodes":["49"],"capital":"Berlin","altSpellings":["DE","Federal Republic of Germany","Bundesrepublik Deutschland"],"region":"Europe","subregion":"Western Europe","population":81770900,"latlng":[51.0,9.0],"demonym":"German","area":357114.0,"gini":28.3,"timezones":["UTC+01:00"],"borders":["AUT","BEL","CZE","DNK","FRA","LUX","NLD","POL","CHE"],"nativeName":"Deutschland","numericCode":"276","currencies":[{"code":"EUR","name":"Euro","symbol":"€"}],"languages":[{"iso639_1":"de","iso639_2":"deu","name":"German","nativeName":"Deutsch"}],"translations":{"de":"Deutschland","es":"Alemania","fr":"Allemagne","ja":"???","it":"Germania","br":"Alemanha","pt":"Alemanha","nl":"Duitsland","hr":"Njema?ka","fa":"?????"},"flag":"https://restcountries.eu/data/deu.svg","regionalBlocs":[{"acronym":"EU","name":"European Union","otherAcronyms":[],"otherNames":[]}],"cioc":"GER"},{"name":"Ghana","topLevelDomain":[".gh"],"alpha2Code":"GH","alpha3Code":"GHA","callingCodes":["233"],"capital":"Accra","altSpellings":["GH"],"region":"Africa","subregion":"Western Africa","population":27670174,"latlng":[8.0,-2.0],"demonym":"Ghanaian","area":238533.0,"gini":42.8,"timezones":["UTC"],"borders":["BFA","CIV","TGO"],"nativeName":"Ghana","numericCode":"288","currencies":[{"code":"GHS","name":"Ghanaian cedi","symbol":"?"}],"languages":[{"iso639_1":"en","iso639_2":"eng","name":"English","nativeName":"English"}],"translations":{"de":"Ghana","es":"Ghana","fr":"Ghana","ja":"???","it":"Ghana","br":"Gana","pt":"Gana","nl":"Ghana","hr":"Gana","fa":"???"},"flag":"https://restcountries.eu/data/gha.svg","regionalBlocs":[{"acronym":"AU","name":"African Union","otherAcronyms":[],"otherNames":["??????? ????????","Union africaine","União Africana","Unión Africana","Umoja wa Afrika"]}],"cioc":"GHA"},{"name":"Gibraltar","topLevelDomain":[".gi"],"alpha2Code":"GI","alpha3Code":"GIB","callingCodes":["350"],"capital":"Gibraltar","altSpellings":["GI"],"region":"Europe","subregion":"Southern Europe","population":33140,"latlng":[36.13333333,-5.35],"demonym":"Gibraltar","area":6.0,"gini":null,"timezones":["UTC+01:00"],"borders":["ESP"],"nativeName":"Gibraltar","numericCode":"292","currencies":[{"code":"GIP","name":"Gibraltar pound","symbol":"£"}],"languages":[{"iso639_1":"en","iso639_2":"eng","name":"English","nativeName":"English"}],"translations":{"de":"Gibraltar","es":"Gibraltar","fr":"Gibraltar","ja":"??????","it":"Gibilterra","br":"Gibraltar","pt":"Gibraltar","nl":"Gibraltar","hr":"Gibraltar","fa":"????????"},"flag":"https://restcountries.eu/data/gib.svg","regionalBlocs":[{"acronym":"EU","name":"European Union","otherAcronyms":[],"otherNames":[]}],"cioc":""},{"name":"Greece","topLevelDomain":[".gr"],"alpha2Code":"GR","alpha3Code":"GRC","callingCodes":["30"],"capital":"Athens","altSpellings":["GR","Elláda","Hellenic Republic","???????? ??????????"],"region":"Europe","subregion":"Southern Europe","population":10858018,"latlng":[39.0,22.0],"demonym":"Greek","area":131990.0,"gini":34.3,"timezones":["UTC+02:00"],"borders":["ALB","BGR","TUR","MKD"],"nativeName":"??????","numericCode":"300","currencies":[{"code":"EUR","name":"Euro","symbol":"€"}],"languages":[{"iso639_1":"el","iso639_2":"ell","name":"Greek (modern)","nativeName":"????????"}],"translations":{"de":"Griechenland","es":"Grecia","fr":"Grèce","ja":"????","it":"Grecia","br":"Grécia","pt":"Grécia","nl":"Griekenland","hr":"Gr?ka","fa":"?????"},"flag":"https://restcountries.eu/data/grc.svg","regionalBlocs":[{"acronym":"EU","name":"European Union","otherAcronyms":[],"otherNames":[]}],"cioc":"GRE"},{"name":"Greenland","topLevelDomain":[".gl"],"alpha2Code":"GL","alpha3Code":"GRL","callingCodes":["299"],"capital":"Nuuk","altSpellings":["GL","Grønland"],"region":"Americas","subregion":"Northern America","population":55847,"latlng":[72.0,-40.0],"demonym":"Greenlandic","area":2166086.0,"gini":null,"timezones":["UTC-04:00","UTC-03:00","UTC-01:00","UTC+00:00"],"borders":[],"nativeName":"Kalaallit Nunaat","numericCode":"304","currencies":[{"code":"DKK","name":"Danish krone","symbol":"kr"}],"languages":[{"iso639_1":"kl","iso639_2":"kal","name":"Kalaallisut","nativeName":"kalaallisut"}],"translations":{"de":"Grönland","es":"Groenlandia","fr":"Groenland","ja":"???????","it":"Groenlandia","br":"Groelândia","pt":"Gronelândia","nl":"Groenland","hr":"Grenland","fa":"???????"},"flag":"https://restcountries.eu/data/grl.svg","regionalBlocs":[],"cioc":""},{"name":"Grenada","topLevelDomain":[".gd"],"alpha2Code":"GD","alpha3Code":"GRD","callingCodes":["1473"],"capital":"St. George's","altSpellings":["GD"],"region":"Americas","subregion":"Caribbean","population":103328,"latlng":[12.11666666,-61.66666666],"demonym":"Grenadian","area":344.0,"gini":null,"timezones":["UTC-04:00"],"borders":[],"nativeName":"Grenada","numericCode":"308","currencies":[{"code":"XCD","name":"East Caribbean dollar","symbol":"$"}],"languages":[{"iso639_1":"en","iso639_2":"eng","name":"English","nativeName":"English"}],"translations":{"de":"Grenada","es":"Grenada","fr":"Grenade","ja":"????","it":"Grenada","br":"Granada","pt":"Granada","nl":"Grenada","hr":"Grenada","fa":"??????"},"flag":"https://restcountries.eu/data/grd.svg","regionalBlocs":[{"acronym":"CARICOM","name":"Caribbean Community","otherAcronyms":[],"otherNames":["Comunidad del Caribe","Communauté Caribéenne","Caribische Gemeenschap"]}],"cioc":"GRN"},{"name":"Guadeloupe","topLevelDomain":[".gp"],"alpha2Code":"GP","alpha3Code":"GLP","callingCodes":["590"],"capital":"Basse-Terre","altSpellings":["GP","Gwadloup"],"region":"Americas","subregion":"Caribbean","population":400132,"latlng":[16.25,-61.583333],"demonym":"Guadeloupian","area":null,"gini":null,"timezones":["UTC-04:00"],"borders":[],"nativeName":"Guadeloupe","numericCode":"312","currencies":[{"code":"EUR","name":"Euro","symbol":"€"}],"languages":[{"iso639_1":"fr","iso639_2":"fra","name":"French","nativeName":"français"}],"translations":{"de":"Guadeloupe","es":"Guadalupe","fr":"Guadeloupe","ja":"??????","it":"Guadeloupa","br":"Guadalupe","pt":"Guadalupe","nl":"Guadeloupe","hr":"Gvadalupa","fa":"????? ???????"},"flag":"https://restcountries.eu/data/glp.svg","regionalBlocs":[],"cioc":""},{"name":"Guam","topLevelDomain":[".gu"],"alpha2Code":"GU","alpha3Code":"GUM","callingCodes":["1671"],"capital":"Hagåtña","altSpellings":["GU","Guåhån"],"region":"Oceania","subregion":"Micronesia","population":184200,"latlng":[13.46666666,144.78333333],"demonym":"Guamanian","area":549.0,"gini":null,"timezones":["UTC+10:00"],"borders":[],"nativeName":"Guam","numericCode":"316","currencies":[{"code":"USD","name":"United States dollar","symbol":"$"}],"languages":[{"iso639_1":"en","iso639_2":"eng","name":"English","nativeName":"English"},{"iso639_1":"ch","iso639_2":"cha","name":"Chamorro","nativeName":"Chamoru"},{"iso639_1":"es","iso639_2":"spa","name":"Spanish","nativeName":"Español"}],"translations":{"de":"Guam","es":"Guam","fr":"Guam","ja":"???","it":"Guam","br":"Guam","pt":"Guame","nl":"Guam","hr":"Guam","fa":"????"},"flag":"https://restcountries.eu/data/gum.svg","regionalBlocs":[],"cioc":"GUM"},{"name":"Guatemala","topLevelDomain":[".gt"],"alpha2Code":"GT","alpha3Code":"GTM","callingCodes":["502"],"capital":"Guatemala City","altSpellings":["GT"],"region":"Americas","subregion":"Central America","population":16176133,"latlng":[15.5,-90.25],"demonym":"Guatemalan","area":108889.0,"gini":55.9,"timezones":["UTC-06:00"],"borders":["BLZ","SLV","HND","MEX"],"nativeName":"Guatemala","numericCode":"320","currencies":[{"code":"GTQ","name":"Guatemalan quetzal","symbol":"Q"}],"languages":[{"iso639_1":"es","iso639_2":"spa","name":"Spanish","nativeName":"Español"}],"translations":{"de":"Guatemala","es":"Guatemala","fr":"Guatemala","ja":"?????","it":"Guatemala","br":"Guatemala","pt":"Guatemala","nl":"Guatemala","hr":"Gvatemala","fa":"????????"},"flag":"https://restcountries.eu/data/gtm.svg","regionalBlocs":[{"acronym":"CAIS","name":"Central American Integration System","otherAcronyms":["SICA"],"otherNames":["Sistema de la Integración Centroamericana,"]}],"cioc":"GUA"},{"name":"Guernsey","topLevelDomain":[".gg"],"alpha2Code":"GG","alpha3Code":"GGY","callingCodes":["44"],"capital":"St. Peter Port","altSpellings":["GG","Bailiwick of Guernsey","Bailliage de Guernesey"],"region":"Europe","subregion":"Northern Europe","population":62999,"latlng":[49.46666666,-2.58333333],"demonym":"Channel Islander","area":78.0,"gini":null,"timezones":["UTC+00:00"],"borders":[],"nativeName":"Guernsey","numericCode":"831","currencies":[{"code":"GBP","name":"British pound","symbol":"£"},{"code":"(none)","name":"Guernsey pound","symbol":"£"}],"languages":[{"iso639_1":"en","iso639_2":"eng","name":"English","nativeName":"English"},{"iso639_1":"fr","iso639_2":"fra","name":"French","nativeName":"français"}],"translations":{"de":"Guernsey","es":"Guernsey","fr":"Guernesey","ja":"?????","it":"Guernsey","br":"Guernsey","pt":"Guernsey","nl":"Guernsey","hr":"Guernsey","fa":"?????"},"flag":"https://restcountries.eu/data/ggy.svg","regionalBlocs":[],"cioc":""},{"name":"Guinea","topLevelDomain":[".gn"],"alpha2Code":"GN","alpha3Code":"GIN","callingCodes":["224"],"capital":"Conakry","altSpellings":["GN","Republic of Guinea","République de Guinée"],"region":"Africa","subregion":"Western Africa","population":12947000,"latlng":[11.0,-10.0],"demonym":"Guinean","area":245857.0,"gini":39.4,"timezones":["UTC"],"borders":["CIV","GNB","LBR","MLI","SEN","SLE"],"nativeName":"Guinée","numericCode":"324","currencies":[{"code":"GNF","name":"Guinean franc","symbol":"Fr"}],"languages":[{"iso639_1":"fr","iso639_2":"fra","name":"French","nativeName":"français"},{"iso639_1":"ff","iso639_2":"ful","name":"Fula","nativeName":"Fulfulde"}],"translations":{"de":"Guinea","es":"Guinea","fr":"Guinée","ja":"???","it":"Guinea","br":"Guiné","pt":"Guiné","nl":"Guinee","hr":"Gvineja","fa":"????"},"flag":"https://restcountries.eu/data/gin.svg","regionalBlocs":[{"acronym":"AU","name":"African Union","otherAcronyms":[],"otherNames":["??????? ????????","Union africaine","União Africana","Unión Africana","Umoja wa Afrika"]}],"cioc":"GUI"},{"name":"Guinea-Bissau","topLevelDomain":[".gw"],"alpha2Code":"GW","alpha3Code":"GNB","callingCodes":["245"],"capital":"Bissau","altSpellings":["GW","Republic of Guinea-Bissau","República da Guiné-Bissau"],"region":"Africa","subregion":"Western Africa","population":1547777,"latlng":[12.0,-15.0],"demonym":"Guinea-Bissauan","area":36125.0,"gini":35.5,"timezones":["UTC"],"borders":["GIN","SEN"],"nativeName":"Guiné-Bissau","numericCode":"624","currencies":[{"code":"XOF","name":"West African CFA franc","symbol":"Fr"}],"languages":[{"iso639_1":"pt","iso639_2":"por","name":"Portuguese","nativeName":"Português"}],"translations":{"de":"Guinea-Bissau","es":"Guinea-Bisáu","fr":"Guinée-Bissau","ja":"??????","it":"Guinea-Bissau","br":"Guiné-Bissau","pt":"Guiné-Bissau","nl":"Guinee-Bissau","hr":"Gvineja Bisau","fa":"???? ??????"},"flag":"https://restcountries.eu/data/gnb.svg","regionalBlocs":[{"acronym":"AU","name":"African Union","otherAcronyms":[],"otherNames":["??????? ????????","Union africaine","União Africana","Unión Africana","Umoja wa Afrika"]}],"cioc":"GBS"},{"name":"Guyana","topLevelDomain":[".gy"],"alpha2Code":"GY","alpha3Code":"GUY","callingCodes":["592"],"capital":"Georgetown","altSpellings":["GY","Co-operative Republic of Guyana"],"region":"Americas","subregion":"South America","population":746900,"latlng":[5.0,-59.0],"demonym":"Guyanese","area":214969.0,"gini":44.5,"timezones":["UTC-04:00"],"borders":["BRA","SUR","VEN"],"nativeName":"Guyana","numericCode":"328","currencies":[{"code":"GYD","name":"Guyanese dollar","symbol":"$"}],"languages":[{"iso639_1":"en","iso639_2":"eng","name":"English","nativeName":"English"}],"translations":{"de":"Guyana","es":"Guyana","fr":"Guyane","ja":"????","it":"Guyana","br":"Guiana","pt":"Guiana","nl":"Guyana","hr":"Gvajana","fa":"?????"},"flag":"https://restcountries.eu/data/guy.svg","regionalBlocs":[{"acronym":"CARICOM","name":"Caribbean Community","otherAcronyms":[],"otherNames":["Comunidad del Caribe","Communauté Caribéenne","Caribische Gemeenschap"]},{"acronym":"USAN","name":"Union of South American Nations","otherAcronyms":["UNASUR","UNASUL","UZAN"],"otherNames":["Unión de Naciones Suramericanas","União de Nações Sul-Americanas","Unie van Zuid-Amerikaanse Naties","South American Union"]}],"cioc":"GUY"},{"name":"Haiti","topLevelDomain":[".ht"],"alpha2Code":"HT","alpha3Code":"HTI","callingCodes":["509"],"capital":"Port-au-Prince","altSpellings":["HT","Republic of Haiti","République d'Haïti","Repiblik Ayiti"],"region":"Americas","subregion":"Caribbean","population":11078033,"latlng":[19.0,-72.41666666],"demonym":"Haitian","area":27750.0,"gini":59.2,"timezones":["UTC-05:00"],"borders":["DOM"],"nativeName":"Haïti","numericCode":"332","currencies":[{"code":"HTG","name":"Haitian gourde","symbol":"G"}],"languages":[{"iso639_1":"fr","iso639_2":"fra","name":"French","nativeName":"français"},{"iso639_1":"ht","iso639_2":"hat","name":"Haitian","nativeName":"Kreyòl ayisyen"}],"translations":{"de":"Haiti","es":"Haiti","fr":"Haïti","ja":"???","it":"Haiti","br":"Haiti","pt":"Haiti","nl":"Haïti","hr":"Haiti","fa":"??????"},"flag":"https://restcountries.eu/data/hti.svg","regionalBlocs":[{"acronym":"CARICOM","name":"Caribbean Community","otherAcronyms":[],"otherNames":["Comunidad del Caribe","Communauté Caribéenne","Caribische Gemeenschap"]}],"cioc":"HAI"},{"name":"Heard Island and McDonald Islands","topLevelDomain":[".hm",".aq"],"alpha2Code":"HM","alpha3Code":"HMD","callingCodes":[""],"capital":"","altSpellings":["HM"],"region":"","subregion":"","population":0,"latlng":[-53.1,72.51666666],"demonym":"Heard and McDonald Islander","area":412.0,"gini":null,"timezones":["UTC+05:00"],"borders":[],"nativeName":"Heard Island and McDonald Islands","numericCode":"334","currencies":[{"code":"AUD","name":"Australian dollar","symbol":"$"}],"languages":[{"iso639_1":"en","iso639_2":"eng","name":"English","nativeName":"English"}],"translations":{"de":"Heard und die McDonaldinseln","es":"Islas Heard y McDonald","fr":"Îles Heard-et-MacDonald","ja":"?????????????","it":"Isole Heard e McDonald","br":"Ilha Heard e Ilhas McDonald","pt":"Ilha Heard e Ilhas McDonald","nl":"Heard- en McDonaldeilanden","hr":"Otok Heard i oto?je McDonald","fa":"????? ??? ? ????? ?????????"},"flag":"https://restcountries.eu/data/hmd.svg","regionalBlocs":[],"cioc":""},{"name":"Holy See","topLevelDomain":[".va"],"alpha2Code":"VA","alpha3Code":"VAT","callingCodes":["379"],"capital":"Rome","altSpellings":["Sancta Sedes","Vatican","The Vatican"],"region":"Europe","subregion":"Southern Europe","population":451,"latlng":[41.9,12.45],"demonym":"","area":0.44,"gini":null,"timezones":["UTC+01:00"],"borders":["ITA"],"nativeName":"Sancta Sedes","numericCode":"336","currencies":[{"code":"EUR","name":"Euro","symbol":"€"}],"languages":[{"iso639_1":"la","iso639_2":"lat","name":"Latin","nativeName":"latine"},{"iso639_1":"it","iso639_2":"ita","name":"Italian","nativeName":"Italiano"},{"iso639_1":"fr","iso639_2":"fra","name":"French","nativeName":"français"},{"iso639_1":"de","iso639_2":"deu","name":"German","nativeName":"Deutsch"}],"translations":{"de":"Heiliger Stuhl","es":"Santa Sede","fr":"voir Saint","ja":"??","it":"Santa Sede","br":"Vaticano","pt":"Vaticano","nl":"Heilige Stoel","hr":"Sveta Stolica","fa":"???? ????"},"flag":"https://restcountries.eu/data/vat.svg","regionalBlocs":[],"cioc":""},{"name":"Honduras","topLevelDomain":[".hn"],"alpha2Code":"HN","alpha3Code":"HND","callingCodes":["504"],"capital":"Tegucigalpa","altSpellings":["HN","Republic of Honduras","República de Honduras"],"region":"Americas","subregion":"Central America","population":8576532,"latlng":[15.0,-86.5],"demonym":"Honduran","area":112492.0,"gini":57.0,"timezones":["UTC-06:00"],"borders":["GTM","SLV","NIC"],"nativeName":"Honduras","numericCode":"340","currencies":[{"code":"HNL","name":"Honduran lempira","symbol":"L"}],"languages":[{"iso639_1":"es","iso639_2":"spa","name":"Spanish","nativeName":"Español"}],"translations":{"de":"Honduras","es":"Honduras","fr":"Honduras","ja":"??????","it":"Honduras","br":"Honduras","pt":"Honduras","nl":"Honduras","hr":"Honduras","fa":"???????"},"flag":"https://restcountries.eu/data/hnd.svg","regionalBlocs":[{"acronym":"CAIS","name":"Central American Integration System","otherAcronyms":["SICA"],"otherNames":["Sistema de la Integración Centroamericana,"]}],"cioc":"HON"},{"name":"Hong Kong","topLevelDomain":[".hk"],"alpha2Code":"HK","alpha3Code":"HKG","callingCodes":["852"],"capital":"City of Victoria","altSpellings":["HK","??"],"region":"Asia","subregion":"Eastern Asia","population":7324300,"latlng":[22.25,114.16666666],"demonym":"Chinese","area":1104.0,"gini":53.3,"timezones":["UTC+08:00"],"borders":["CHN"],"nativeName":"??","numericCode":"344","currencies":[{"code":"HKD","name":"Hong Kong dollar","symbol":"$"}],"languages":[{"iso639_1":"en","iso639_2":"eng","name":"English","nativeName":"English"},{"iso639_1":"zh","iso639_2":"zho","name":"Chinese","nativeName":"?? (Zh?ngwén)"}],"translations":{"de":"Hong Kong","es":"Hong Kong","fr":"Hong Kong","ja":"??","it":"Hong Kong","br":"Hong Kong","pt":"Hong Kong","nl":"Hongkong","hr":"Hong Kong","fa":"???????"},"flag":"https://restcountries.eu/data/hkg.svg","regionalBlocs":[],"cioc":"HKG"},{"name":"Hungary","topLevelDomain":[".hu"],"alpha2Code":"HU","alpha3Code":"HUN","callingCodes":["36"],"capital":"Budapest","altSpellings":["HU"],"region":"Europe","subregion":"Eastern Europe","population":9823000,"latlng":[47.0,20.0],"demonym":"Hungarian","area":93028.0,"gini":31.2,"timezones":["UTC+01:00"],"borders":["AUT","HRV","ROU","SRB","SVK","SVN","UKR"],"nativeName":"Magyarország","numericCode":"348","currencies":[{"code":"HUF","name":"Hungarian forint","symbol":"Ft"}],"languages":[{"iso639_1":"hu","iso639_2":"hun","name":"Hungarian","nativeName":"magyar"}],"translations":{"de":"Ungarn","es":"Hungría","fr":"Hongrie","ja":"?????","it":"Ungheria","br":"Hungria","pt":"Hungria","nl":"Hongarije","hr":"Ma?arska","fa":"????????"},"flag":"https://restcountries.eu/data/hun.svg","regionalBlocs":[{"acronym":"EU","name":"European Union","otherAcronyms":[],"otherNames":[]}],"cioc":"HUN"},{"name":"Iceland","topLevelDomain":[".is"],"alpha2Code":"IS","alpha3Code":"ISL","callingCodes":["354"],"capital":"Reykjavík","altSpellings":["IS","Island","Republic of Iceland","Lýðveldið Ísland"],"region":"Europe","subregion":"Northern Europe","population":334300,"latlng":[65.0,-18.0],"demonym":"Icelander","area":103000.0,"gini":null,"timezones":["UTC"],"borders":[],"nativeName":"Ísland","numericCode":"352","currencies":[{"code":"ISK","name":"Icelandic króna","symbol":"kr"}],"languages":[{"iso639_1":"is","iso639_2":"isl","name":"Icelandic","nativeName":"Íslenska"}],"translations":{"de":"Island","es":"Islandia","fr":"Islande","ja":"??????","it":"Islanda","br":"Islândia","pt":"Islândia","nl":"IJsland","hr":"Island","fa":"??????"},"flag":"https://restcountries.eu/data/isl.svg","regionalBlocs":[{"acronym":"EFTA","name":"European Free Trade Association","otherAcronyms":[],"otherNames":[]}],"cioc":"ISL"},{"name":"India","topLevelDomain":[".in"],"alpha2Code":"IN","alpha3Code":"IND","callingCodes":["91"],"capital":"New Delhi","altSpellings":["IN","Bh?rat","Republic of India","Bharat Ganrajya"],"region":"Asia","subregion":"Southern Asia","population":1295210000,"latlng":[20.0,77.0],"demonym":"Indian","area":3287590.0,"gini":33.4,"timezones":["UTC+05:30"],"borders":["AFG","BGD","BTN","MMR","CHN","NPL","PAK","LKA"],"nativeName":"????","numericCode":"356","currencies":[{"code":"INR","name":"Indian rupee","symbol":"?"}],"languages":[{"iso639_1":"hi","iso639_2":"hin","name":"Hindi","nativeName":"??????"},{"iso639_1":"en","iso639_2":"eng","name":"English","nativeName":"English"}],"translations":{"de":"Indien","es":"India","fr":"Inde","ja":"???","it":"India","br":"Índia","pt":"Índia","nl":"India","hr":"Indija","fa":"???"},"flag":"https://restcountries.eu/data/ind.svg","regionalBlocs":[{"acronym":"SAARC","name":"South Asian Association for Regional Cooperation","otherAcronyms":[],"otherNames":[]}],"cioc":"IND"},{"name":"Indonesia","topLevelDomain":[".id"],"alpha2Code":"ID","alpha3Code":"IDN","callingCodes":["62"],"capital":"Jakarta","altSpellings":["ID","Republic of Indonesia","Republik Indonesia"],"region":"Asia","subregion":"South-Eastern Asia","population":258705000,"latlng":[-5.0,120.0],"demonym":"Indonesian","area":1904569.0,"gini":34.0,"timezones":["UTC+07:00","UTC+08:00","UTC+09:00"],"borders":["TLS","MYS","PNG"],"nativeName":"Indonesia","numericCode":"360","currencies":[{"code":"IDR","name":"Indonesian rupiah","symbol":"Rp"}],"languages":[{"iso639_1":"id","iso639_2":"ind","name":"Indonesian","nativeName":"Bahasa Indonesia"}],"translations":{"de":"Indonesien","es":"Indonesia","fr":"Indonésie","ja":"??????","it":"Indonesia","br":"Indonésia","pt":"Indonésia","nl":"Indonesië","hr":"Indonezija","fa":"???????"},"flag":"https://restcountries.eu/data/idn.svg","regionalBlocs":[{"acronym":"ASEAN","name":"Association of Southeast Asian Nations","otherAcronyms":[],"otherNames":[]}],"cioc":"INA"},{"name":"Côte d'Ivoire","topLevelDomain":[".ci"],"alpha2Code":"CI","alpha3Code":"CIV","callingCodes":["225"],"capital":"Yamoussoukro","altSpellings":["CI","Ivory Coast","Republic of Côte d'Ivoire","République de Côte d'Ivoire"],"region":"Africa","subregion":"Western Africa","population":22671331,"latlng":[8.0,-5.0],"demonym":"Ivorian","area":322463.0,"gini":41.5,"timezones":["UTC"],"borders":["BFA","GHA","GIN","LBR","MLI"],"nativeName":"Côte d'Ivoire","numericCode":"384","currencies":[{"code":"XOF","name":"West African CFA franc","symbol":"Fr"}],"languages":[{"iso639_1":"fr","iso639_2":"fra","name":"French","nativeName":"français"}],"translations":{"de":"Elfenbeinküste","es":"Costa de Marfil","fr":"Côte d'Ivoire","ja":"????????","it":"Costa D'Avorio","br":"Costa do Marfim","pt":"Costa do Marfim","nl":"Ivoorkust","hr":"Obala Bjelokosti","fa":"???? ???"},"flag":"https://restcountries.eu/data/civ.svg","regionalBlocs":[{"acronym":"AU","name":"African Union","otherAcronyms":[],"otherNames":["??????? ????????","Union africaine","União Africana","Unión Africana","Umoja wa Afrika"]}],"cioc":"CIV"},{"name":"Iran (Islamic Republic of)","topLevelDomain":[".ir"],"alpha2Code":"IR","alpha3Code":"IRN","callingCodes":["98"],"capital":"Tehran","altSpellings":["IR","Islamic Republic of Iran","Jomhuri-ye Esl?mi-ye Ir?n"],"region":"Asia","subregion":"Southern Asia","population":79369900,"latlng":[32.0,53.0],"demonym":"Iranian","area":1648195.0,"gini":38.3,"timezones":["UTC+03:30"],"borders":["AFG","ARM","AZE","IRQ","PAK","TUR","TKM"],"nativeName":"?????","numericCode":"364","currencies":[{"code":"IRR","name":"Iranian rial","symbol":"?"}],"languages":[{"iso639_1":"fa","iso639_2":"fas","name":"Persian (Farsi)","nativeName":"?????"}],"translations":{"de":"Iran","es":"Iran","fr":"Iran","ja":"???????????","it":null,"br":"Irã","pt":"Irão","nl":"Iran","hr":"Iran","fa":"?????"},"flag":"https://restcountries.eu/data/irn.svg","regionalBlocs":[],"cioc":"IRI"},{"name":"Iraq","topLevelDomain":[".iq"],"alpha2Code":"IQ","alpha3Code":"IRQ","callingCodes":["964"],"capital":"Baghdad","altSpellings":["IQ","Republic of Iraq","Jumh?riyyat al-‘Ir?q"],"region":"Asia","subregion":"Western Asia","population":37883543,"latlng":[33.0,44.0],"demonym":"Iraqi","area":438317.0,"gini":30.9,"timezones":["UTC+03:00"],"borders":["IRN","JOR","KWT","SAU","SYR","TUR"],"nativeName":"??????","numericCode":"368","currencies":[{"code":"IQD","name":"Iraqi dinar","symbol":"?.?"}],"languages":[{"iso639_1":"ar","iso639_2":"ara","name":"Arabic","nativeName":"???????"},{"iso639_1":"ku","iso639_2":"kur","name":"Kurdish","nativeName":"Kurdî"}],"translations":{"de":"Irak","es":"Irak","fr":"Irak","ja":"???","it":"Iraq","br":"Iraque","pt":"Iraque","nl":"Irak","hr":"Irak","fa":"????"},"flag":"https://restcountries.eu/data/irq.svg","regionalBlocs":[{"acronym":"AL","name":"Arab League","otherAcronyms":[],"otherNames":["????? ????? ???????","J?mi?at ad-Duwal al-?Arab?yah","League of Arab States"]}],"cioc":"IRQ"},{"name":"Ireland","topLevelDomain":[".ie"],"alpha2Code":"IE","alpha3Code":"IRL","callingCodes":["353"],"capital":"Dublin","altSpellings":["IE","Éire","Republic of Ireland","Poblacht na hÉireann"],"region":"Europe","subregion":"Northern Europe","population":6378000,"latlng":[53.0,-8.0],"demonym":"Irish","area":70273.0,"gini":34.3,"timezones":["UTC"],"borders":["GBR"],"nativeName":"Éire","numericCode":"372","currencies":[{"code":"EUR","name":"Euro","symbol":"€"}],"languages":[{"iso639_1":"ga","iso639_2":"gle","name":"Irish","nativeName":"Gaeilge"},{"iso639_1":"en","iso639_2":"eng","name":"English","nativeName":"English"}],"translations":{"de":"Irland","es":"Irlanda","fr":"Irlande","ja":"??????","it":"Irlanda","br":"Irlanda","pt":"Irlanda","nl":"Ierland","hr":"Irska","fa":"??????"},"flag":"https://restcountries.eu/data/irl.svg","regionalBlocs":[{"acronym":"EU","name":"European Union","otherAcronyms":[],"otherNames":[]}],"cioc":"IRL"},{"name":"Isle of Man","topLevelDomain":[".im"],"alpha2Code":"IM","alpha3Code":"IMN","callingCodes":["44"],"capital":"Douglas","altSpellings":["IM","Ellan Vannin","Mann","Mannin"],"region":"Europe","subregion":"Northern Europe","population":84497,"latlng":[54.25,-4.5],"demonym":"Manx","area":572.0,"gini":null,"timezones":["UTC+00:00"],"borders":[],"nativeName":"Isle of Man","numericCode":"833","currencies":[{"code":"GBP","name":"British pound","symbol":"£"},{"code":"IMP[G]","name":"Manx pound","symbol":"£"}],"languages":[{"iso639_1":"en","iso639_2":"eng","name":"English","nativeName":"English"},{"iso639_1":"gv","iso639_2":"glv","name":"Manx","nativeName":"Gaelg"}],"translations":{"de":"Insel Man","es":"Isla de Man","fr":"Île de Man","ja":"???","it":"Isola di Man","br":"Ilha de Man","pt":"Ilha de Man","nl":"Isle of Man","hr":"Otok Man","fa":"????? ??"},"flag":"https://restcountries.eu/data/imn.svg","regionalBlocs":[{"acronym":"EU","name":"European Union","otherAcronyms":[],"otherNames":[]}],"cioc":""},{"name":"Israel","topLevelDomain":[".il"],"alpha2Code":"IL","alpha3Code":"ISR","callingCodes":["972"],"capital":"Jerusalem","altSpellings":["IL","State of Israel","Med?nat Yisr?'el"],"region":"Asia","subregion":"Western Asia","population":8527400,"latlng":[31.5,34.75],"demonym":"Israeli","area":20770.0,"gini":39.2,"timezones":["UTC+02:00"],"borders":["EGY","JOR","LBN","SYR"],"nativeName":"??????????","numericCode":"376","currencies":[{"code":"ILS","name":"Israeli new shekel","symbol":"?"}],"languages":[{"iso639_1":"he","iso639_2":"heb","name":"Hebrew (modern)","nativeName":"?????"},{"iso639_1":"ar","iso639_2":"ara","name":"Arabic","nativeName":"???????"}],"translations":{"de":"Israel","es":"Israel","fr":"Israël","ja":"?????","it":"Israele","br":"Israel","pt":"Israel","nl":"Israël","hr":"Izrael","fa":"???????"},"flag":"https://restcountries.eu/data/isr.svg","regionalBlocs":[],"cioc":"ISR"},{"name":"Italy","topLevelDomain":[".it"],"alpha2Code":"IT","alpha3Code":"ITA","callingCodes":["39"],"capital":"Rome","altSpellings":["IT","Italian Republic","Repubblica italiana"],"region":"Europe","subregion":"Southern Europe","population":60665551,"latlng":[42.83333333,12.83333333],"demonym":"Italian","area":301336.0,"gini":36.0,"timezones":["UTC+01:00"],"borders":["AUT","FRA","SMR","SVN","CHE","VAT"],"nativeName":"Italia","numericCode":"380","currencies":[{"code":"EUR","name":"Euro","symbol":"€"}],"languages":[{"iso639_1":"it","iso639_2":"ita","name":"Italian","nativeName":"Italiano"}],"translations":{"de":"Italien","es":"Italia","fr":"Italie","ja":"????","it":"Italia","br":"Itália","pt":"Itália","nl":"Italië","hr":"Italija","fa":"???????"},"flag":"https://restcountries.eu/data/ita.svg","regionalBlocs":[{"acronym":"EU","name":"European Union","otherAcronyms":[],"otherNames":[]}],"cioc":"ITA"},{"name":"Jamaica","topLevelDomain":[".jm"],"alpha2Code":"JM","alpha3Code":"JAM","callingCodes":["1876"],"capital":"Kingston","altSpellings":["JM"],"region":"Americas","subregion":"Caribbean","population":2723246,"latlng":[18.25,-77.5],"demonym":"Jamaican","area":10991.0,"gini":45.5,"timezones":["UTC-05:00"],"borders":[],"nativeName":"Jamaica","numericCode":"388","currencies":[{"code":"JMD","name":"Jamaican dollar","symbol":"$"}],"languages":[{"iso639_1":"en","iso639_2":"eng","name":"English","nativeName":"English"}],"translations":{"de":"Jamaika","es":"Jamaica","fr":"Jamaïque","ja":"?????","it":"Giamaica","br":"Jamaica","pt":"Jamaica","nl":"Jamaica","hr":"Jamajka","fa":"????????"},"flag":"https://restcountries.eu/data/jam.svg","regionalBlocs":[{"acronym":"CARICOM","name":"Caribbean Community","otherAcronyms":[],"otherNames":["Comunidad del Caribe","Communauté Caribéenne","Caribische Gemeenschap"]}],"cioc":"JAM"},{"name":"Japan","topLevelDomain":[".jp"],"alpha2Code":"JP","alpha3Code":"JPN","callingCodes":["81"],"capital":"Tokyo","altSpellings":["JP","Nippon","Nihon"],"region":"Asia","subregion":"Eastern Asia","population":126960000,"latlng":[36.0,138.0],"demonym":"Japanese","area":377930.0,"gini":38.1,"timezones":["UTC+09:00"],"borders":[],"nativeName":"??","numericCode":"392","currencies":[{"code":"JPY","name":"Japanese yen","symbol":"¥"}],"languages":[{"iso639_1":"ja","iso639_2":"jpn","name":"Japanese","nativeName":"??? (????)"}],"translations":{"de":"Japan","es":"Japón","fr":"Japon","ja":"??","it":"Giappone","br":"Japão","pt":"Japão","nl":"Japan","hr":"Japan","fa":"????"},"flag":"https://restcountries.eu/data/jpn.svg","regionalBlocs":[],"cioc":"JPN"},{"name":"Jersey","topLevelDomain":[".je"],"alpha2Code":"JE","alpha3Code":"JEY","callingCodes":["44"],"capital":"Saint Helier","altSpellings":["JE","Bailiwick of Jersey","Bailliage de Jersey","Bailliage dé Jèrri"],"region":"Europe","subregion":"Northern Europe","population":100800,"latlng":[49.25,-2.16666666],"demonym":"Channel Islander","area":116.0,"gini":null,"timezones":["UTC+01:00"],"borders":[],"nativeName":"Jersey","numericCode":"832","currencies":[{"code":"GBP","name":"British pound","symbol":"£"},{"code":"JEP[G]","name":"Jersey pound","symbol":"£"}],"languages":[{"iso639_1":"en","iso639_2":"eng","name":"English","nativeName":"English"},{"iso639_1":"fr","iso639_2":"fra","name":"French","nativeName":"français"}],"translations":{"de":"Jersey","es":"Jersey","fr":"Jersey","ja":"?????","it":"Isola di Jersey","br":"Jersey","pt":"Jersey","nl":"Jersey","hr":"Jersey","fa":"????"},"flag":"https://restcountries.eu/data/jey.svg","regionalBlocs":[],"cioc":""},{"name":"Jordan","topLevelDomain":[".jo"],"alpha2Code":"JO","alpha3Code":"JOR","callingCodes":["962"],"capital":"Amman","altSpellings":["JO","Hashemite Kingdom of Jordan","al-Mamlakah al-Urdun?yah al-H?shim?yah"],"region":"Asia","subregion":"Western Asia","population":9531712,"latlng":[31.0,36.0],"demonym":"Jordanian","area":89342.0,"gini":35.4,"timezones":["UTC+03:00"],"borders":["IRQ","ISR","SAU","SYR"],"nativeName":"??????","numericCode":"400","currencies":[{"code":"JOD","name":"Jordanian dinar","symbol":"?.?"}],"languages":[{"iso639_1":"ar","iso639_2":"ara","name":"Arabic","nativeName":"???????"}],"translations":{"de":"Jordanien","es":"Jordania","fr":"Jordanie","ja":"????","it":"Giordania","br":"Jordânia","pt":"Jordânia","nl":"Jordanië","hr":"Jordan","fa":"????"},"flag":"https://restcountries.eu/data/jor.svg","regionalBlocs":[{"acronym":"AL","name":"Arab League","otherAcronyms":[],"otherNames":["????? ????? ???????","J?mi?at ad-Duwal al-?Arab?yah","League of Arab States"]}],"cioc":"JOR"},{"name":"Kazakhstan","topLevelDomain":[".kz",".???"],"alpha2Code":"KZ","alpha3Code":"KAZ","callingCodes":["76","77"],"capital":"Astana","altSpellings":["KZ","Qazaqstan","?????????","Republic of Kazakhstan","????????? ????????????","Qazaqstan Respublïkas?","?????????? ?????????","Respublika Kazakhstan"],"region":"Asia","subregion":"Central Asia","population":17753200,"latlng":[48.0,68.0],"demonym":"Kazakhstani","area":2724900.0,"gini":29.0,"timezones":["UTC+05:00","UTC+06:00"],"borders":["CHN","KGZ","RUS","TKM","UZB"],"nativeName":"?????????","numericCode":"398","currencies":[{"code":"KZT","name":"Kazakhstani tenge","symbol":null}],"languages":[{"iso639_1":"kk","iso639_2":"kaz","name":"Kazakh","nativeName":"????? ????"},{"iso639_1":"ru","iso639_2":"rus","name":"Russian","nativeName":"???????"}],"translations":{"de":"Kasachstan","es":"Kazajistán","fr":"Kazakhstan","ja":"??????","it":"Kazakistan","br":"Cazaquistão","pt":"Cazaquistão","nl":"Kazachstan","hr":"Kazahstan","fa":"????????"},"flag":"https://restcountries.eu/data/kaz.svg","regionalBlocs":[{"acronym":"EEU","name":"Eurasian Economic Union","otherAcronyms":["EAEU"],"otherNames":[]}],"cioc":"KAZ"},{"name":"Kenya","topLevelDomain":[".ke"],"alpha2Code":"KE","alpha3Code":"KEN","callingCodes":["254"],"capital":"Nairobi","altSpellings":["KE","Republic of Kenya","Jamhuri ya Kenya"],"region":"Africa","subregion":"Eastern Africa","population":47251000,"latlng":[1.0,38.0],"demonym":"Kenyan","area":580367.0,"gini":47.7,"timezones":["UTC+03:00"],"borders":["ETH","SOM","SSD","TZA","UGA"],"nativeName":"Kenya","numericCode":"404","currencies":[{"code":"KES","name":"Kenyan shilling","symbol":"Sh"}],"languages":[{"iso639_1":"en","iso639_2":"eng","name":"English","nativeName":"English"},{"iso639_1":"sw","iso639_2":"swa","name":"Swahili","nativeName":"Kiswahili"}],"translations":{"de":"Kenia","es":"Kenia","fr":"Kenya","ja":"???","it":"Kenya","br":"Quênia","pt":"Quénia","nl":"Kenia","hr":"Kenija","fa":"????"},"flag":"https://restcountries.eu/data/ken.svg","regionalBlocs":[{"acronym":"AU","name":"African Union","otherAcronyms":[],"otherNames":["??????? ????????","Union africaine","União Africana","Unión Africana","Umoja wa Afrika"]}],"cioc":"KEN"},{"name":"Kiribati","topLevelDomain":[".ki"],"alpha2Code":"KI","alpha3Code":"KIR","callingCodes":["686"],"capital":"South Tarawa","altSpellings":["KI","Republic of Kiribati","Ribaberiki Kiribati"],"region":"Oceania","subregion":"Micronesia","population":113400,"latlng":[1.41666666,173.0],"demonym":"I-Kiribati","area":811.0,"gini":null,"timezones":["UTC+12:00","UTC+13:00","UTC+14:00"],"borders":[],"nativeName":"Kiribati","numericCode":"296","currencies":[{"code":"AUD","name":"Australian dollar","symbol":"$"},{"code":"(none)","name":"Kiribati dollar","symbol":"$"}],"languages":[{"iso639_1":"en","iso639_2":"eng","name":"English","nativeName":"English"}],"translations":{"de":"Kiribati","es":"Kiribati","fr":"Kiribati","ja":"????","it":"Kiribati","br":"Kiribati","pt":"Quiribáti","nl":"Kiribati","hr":"Kiribati","fa":"????????"},"flag":"https://restcountries.eu/data/kir.svg","regionalBlocs":[],"cioc":"KIR"},{"name":"Kuwait","topLevelDomain":[".kw"],"alpha2Code":"KW","alpha3Code":"KWT","callingCodes":["965"],"capital":"Kuwait City","altSpellings":["KW","State of Kuwait","Dawlat al-Kuwait"],"region":"Asia","subregion":"Western Asia","population":4183658,"latlng":[29.5,45.75],"demonym":"Kuwaiti","area":17818.0,"gini":null,"timezones":["UTC+03:00"],"borders":["IRN","SAU"],"nativeName":"??????","numericCode":"414","currencies":[{"code":"KWD","name":"Kuwaiti dinar","symbol":"?.?"}],"languages":[{"iso639_1":"ar","iso639_2":"ara","name":"Arabic","nativeName":"???????"}],"translations":{"de":"Kuwait","es":"Kuwait","fr":"Koweït","ja":"?????","it":"Kuwait","br":"Kuwait","pt":"Kuwait","nl":"Koeweit","hr":"Kuvajt","fa":"????"},"flag":"https://restcountries.eu/data/kwt.svg","regionalBlocs":[{"acronym":"AL","name":"Arab League","otherAcronyms":[],"otherNames":["????? ????? ???????","J?mi?at ad-Duwal al-?Arab?yah","League of Arab States"]}],"cioc":"KUW"},{"name":"Kyrgyzstan","topLevelDomain":[".kg"],"alpha2Code":"KG","alpha3Code":"KGZ","callingCodes":["996"],"capital":"Bishkek","altSpellings":["KG","????????","Kyrgyz Republic","?????? ????????????","Kyrgyz Respublikasy"],"region":"Asia","subregion":"Central Asia","population":6047800,"latlng":[41.0,75.0],"demonym":"Kirghiz","area":199951.0,"gini":36.2,"timezones":["UTC+06:00"],"borders":["CHN","KAZ","TJK","UZB"],"nativeName":"??????????","numericCode":"417","currencies":[{"code":"KGS","name":"Kyrgyzstani som","symbol":"?"}],"languages":[{"iso639_1":"ky","iso639_2":"kir","name":"Kyrgyz","nativeName":"????????"},{"iso639_1":"ru","iso639_2":"rus","name":"Russian","nativeName":"???????"}],"translations":{"de":"Kirgisistan","es":"Kirguizistán","fr":"Kirghizistan","ja":"????","it":"Kirghizistan","br":"Quirguistão","pt":"Quirguizistão","nl":"Kirgizië","hr":"Kirgistan","fa":"?????????"},"flag":"https://restcountries.eu/data/kgz.svg","regionalBlocs":[{"acronym":"EEU","name":"Eurasian Economic Union","otherAcronyms":["EAEU"],"otherNames":[]}],"cioc":"KGZ"},{"name":"Lao People's Democratic Republic","topLevelDomain":[".la"],"alpha2Code":"LA","alpha3Code":"LAO","callingCodes":["856"],"capital":"Vientiane","altSpellings":["LA","Lao","Laos","Lao People's Democratic Republic","Sathalanalat Paxathipatai Paxaxon Lao"],"region":"Asia","subregion":"South-Eastern Asia","population":6492400,"latlng":[18.0,105.0],"demonym":"Laotian","area":236800.0,"gini":36.7,"timezones":["UTC+07:00"],"borders":["MMR","KHM","CHN","THA","VNM"],"nativeName":"??????","numericCode":"418","currencies":[{"code":"LAK","name":"Lao kip","symbol":"?"}],"languages":[{"iso639_1":"lo","iso639_2":"lao","name":"Lao","nativeName":"???????"}],"translations":{"de":"Laos","es":"Laos","fr":"Laos","ja":"??????????","it":"Laos","br":"Laos","pt":"Laos","nl":"Laos","hr":"Laos","fa":"?????"},"flag":"https://restcountries.eu/data/lao.svg","regionalBlocs":[{"acronym":"ASEAN","name":"Association of Southeast Asian Nations","otherAcronyms":[],"otherNames":[]}],"cioc":"LAO"},{"name":"Latvia","topLevelDomain":[".lv"],"alpha2Code":"LV","alpha3Code":"LVA","callingCodes":["371"],"capital":"Riga","altSpellings":["LV","Republic of Latvia","Latvijas Republika"],"region":"Europe","subregion":"Northern Europe","population":1961600,"latlng":[57.0,25.0],"demonym":"Latvian","area":64559.0,"gini":36.6,"timezones":["UTC+02:00"],"borders":["BLR","EST","LTU","RUS"],"nativeName":"Latvija","numericCode":"428","currencies":[{"code":"EUR","name":"Euro","symbol":"€"}],"languages":[{"iso639_1":"lv","iso639_2":"lav","name":"Latvian","nativeName":"latviešu valoda"}],"translations":{"de":"Lettland","es":"Letonia","fr":"Lettonie","ja":"????","it":"Lettonia","br":"Letônia","pt":"Letónia","nl":"Letland","hr":"Latvija","fa":"?????"},"flag":"https://restcountries.eu/data/lva.svg","regionalBlocs":[{"acronym":"EU","name":"European Union","otherAcronyms":[],"otherNames":[]}],"cioc":"LAT"},{"name":"Lebanon","topLevelDomain":[".lb"],"alpha2Code":"LB","alpha3Code":"LBN","callingCodes":["961"],"capital":"Beirut","altSpellings":["LB","Lebanese Republic","Al-Jumh?r?yah Al-Libn?n?yah"],"region":"Asia","subregion":"Western Asia","population":5988000,"latlng":[33.83333333,35.83333333],"demonym":"Lebanese","area":10452.0,"gini":null,"timezones":["UTC+02:00"],"borders":["ISR","SYR"],"nativeName":"?????","numericCode":"422","currencies":[{"code":"LBP","name":"Lebanese pound","symbol":"?.?"}],"languages":[{"iso639_1":"ar","iso639_2":"ara","name":"Arabic","nativeName":"???????"},{"iso639_1":"fr","iso639_2":"fra","name":"French","nativeName":"français"}],"translations":{"de":"Libanon","es":"Líbano","fr":"Liban","ja":"????","it":"Libano","br":"Líbano","pt":"Líbano","nl":"Libanon","hr":"Libanon","fa":"?????"},"flag":"https://restcountries.eu/data/lbn.svg","regionalBlocs":[{"acronym":"AL","name":"Arab League","otherAcronyms":[],"otherNames":["????? ????? ???????","J?mi?at ad-Duwal al-?Arab?yah","League of Arab States"]}],"cioc":"LIB"},{"name":"Lesotho","topLevelDomain":[".ls"],"alpha2Code":"LS","alpha3Code":"LSO","callingCodes":["266"],"capital":"Maseru","altSpellings":["LS","Kingdom of Lesotho","Muso oa Lesotho"],"region":"Africa","subregion":"Southern Africa","population":1894194,"latlng":[-29.5,28.5],"demonym":"Mosotho","area":30355.0,"gini":52.5,"timezones":["UTC+02:00"],"borders":["ZAF"],"nativeName":"Lesotho","numericCode":"426","currencies":[{"code":"LSL","name":"Lesotho loti","symbol":"L"},{"code":"ZAR","name":"South African rand","symbol":"R"}],"languages":[{"iso639_1":"en","iso639_2":"eng","name":"English","nativeName":"English"},{"iso639_1":"st","iso639_2":"sot","name":"Southern Sotho","nativeName":"Sesotho"}],"translations":{"de":"Lesotho","es":"Lesotho","fr":"Lesotho","ja":"???","it":"Lesotho","br":"Lesoto","pt":"Lesoto","nl":"Lesotho","hr":"Lesoto","fa":"?????"},"flag":"https://restcountries.eu/data/lso.svg","regionalBlocs":[{"acronym":"AU","name":"African Union","otherAcronyms":[],"otherNames":["??????? ????????","Union africaine","União Africana","Unión Africana","Umoja wa Afrika"]}],"cioc":"LES"},{"name":"Liberia","topLevelDomain":[".lr"],"alpha2Code":"LR","alpha3Code":"LBR","callingCodes":["231"],"capital":"Monrovia","altSpellings":["LR","Republic of Liberia"],"region":"Africa","subregion":"Western Africa","population":4615000,"latlng":[6.5,-9.5],"demonym":"Liberian","area":111369.0,"gini":38.2,"timezones":["UTC"],"borders":["GIN","CIV","SLE"],"nativeName":"Liberia","numericCode":"430","currencies":[{"code":"LRD","name":"Liberian dollar","symbol":"$"}],"languages":[{"iso639_1":"en","iso639_2":"eng","name":"English","nativeName":"English"}],"translations":{"de":"Liberia","es":"Liberia","fr":"Liberia","ja":"????","it":"Liberia","br":"Libéria","pt":"Libéria","nl":"Liberia","hr":"Liberija","fa":"??????"},"flag":"https://restcountries.eu/data/lbr.svg","regionalBlocs":[{"acronym":"AU","name":"African Union","otherAcronyms":[],"otherNames":["??????? ????????","Union africaine","União Africana","Unión Africana","Umoja wa Afrika"]}],"cioc":"LBR"},{"name":"Libya","topLevelDomain":[".ly"],"alpha2Code":"LY","alpha3Code":"LBY","callingCodes":["218"],"capital":"Tripoli","altSpellings":["LY","State of Libya","Dawlat Libya"],"region":"Africa","subregion":"Northern Africa","population":6385000,"latlng":[25.0,17.0],"demonym":"Libyan","area":1759540.0,"gini":null,"timezones":["UTC+01:00"],"borders":["DZA","TCD","EGY","NER","SDN","TUN"],"nativeName":"??????","numericCode":"434","currencies":[{"code":"LYD","name":"Libyan dinar","symbol":"?.?"}],"languages":[{"iso639_1":"ar","iso639_2":"ara","name":"Arabic","nativeName":"???????"}],"translations":{"de":"Libyen","es":"Libia","fr":"Libye","ja":"???","it":"Libia","br":"Líbia","pt":"Líbia","nl":"Libië","hr":"Libija","fa":"????"},"flag":"https://restcountries.eu/data/lby.svg","regionalBlocs":[{"acronym":"AU","name":"African Union","otherAcronyms":[],"otherNames":["??????? ????????","Union africaine","União Africana","Unión Africana","Umoja wa Afrika"]},{"acronym":"AL","name":"Arab League","otherAcronyms":[],"otherNames":["????? ????? ???????","J?mi?at ad-Duwal al-?Arab?yah","League of Arab States"]}],"cioc":"LBA"},{"name":"Liechtenstein","topLevelDomain":[".li"],"alpha2Code":"LI","alpha3Code":"LIE","callingCodes":["423"],"capital":"Vaduz","altSpellings":["LI","Principality of Liechtenstein","Fürstentum Liechtenstein"],"region":"Europe","subregion":"Western Europe","population":37623,"latlng":[47.26666666,9.53333333],"demonym":"Liechtensteiner","area":160.0,"gini":null,"timezones":["UTC+01:00"],"borders":["AUT","CHE"],"nativeName":"Liechtenstein","numericCode":"438","currencies":[{"code":"CHF","name":"Swiss franc","symbol":"Fr"}],"languages":[{"iso639_1":"de","iso639_2":"deu","name":"German","nativeName":"Deutsch"}],"translations":{"de":"Liechtenstein","es":"Liechtenstein","fr":"Liechtenstein","ja":"?????????","it":"Liechtenstein","br":"Liechtenstein","pt":"Listenstaine","nl":"Liechtenstein","hr":"Lihtenštajn","fa":"????????????"},"flag":"https://restcountries.eu/data/lie.svg","regionalBlocs":[{"acronym":"EFTA","name":"European Free Trade Association","otherAcronyms":[],"otherNames":[]}],"cioc":"LIE"},{"name":"Lithuania","topLevelDomain":[".lt"],"alpha2Code":"LT","alpha3Code":"LTU","callingCodes":["370"],"capital":"Vilnius","altSpellings":["LT","Republic of Lithuania","Lietuvos Respublika"],"region":"Europe","subregion":"Northern Europe","population":2872294,"latlng":[56.0,24.0],"demonym":"Lithuanian","area":65300.0,"gini":37.6,"timezones":["UTC+02:00"],"borders":["BLR","LVA","POL","RUS"],"nativeName":"Lietuva","numericCode":"440","currencies":[{"code":"EUR","name":"Euro","symbol":"€"}],"languages":[{"iso639_1":"lt","iso639_2":"lit","name":"Lithuanian","nativeName":"lietuvi? kalba"}],"translations":{"de":"Litauen","es":"Lituania","fr":"Lituanie","ja":"?????","it":"Lituania","br":"Lituânia","pt":"Lituânia","nl":"Litouwen","hr":"Litva","fa":"???????"},"flag":"https://restcountries.eu/data/ltu.svg","regionalBlocs":[{"acronym":"EU","name":"European Union","otherAcronyms":[],"otherNames":[]}],"cioc":"LTU"},{"name":"Luxembourg","topLevelDomain":[".lu"],"alpha2Code":"LU","alpha3Code":"LUX","callingCodes":["352"],"capital":"Luxembourg","altSpellings":["LU","Grand Duchy of Luxembourg","Grand-Duché de Luxembourg","Großherzogtum Luxemburg","Groussherzogtum Lëtzebuerg"],"region":"Europe","subregion":"Western Europe","population":576200,"latlng":[49.75,6.16666666],"demonym":"Luxembourger","area":2586.0,"gini":30.8,"timezones":["UTC+01:00"],"borders":["BEL","FRA","DEU"],"nativeName":"Luxembourg","numericCode":"442","currencies":[{"code":"EUR","name":"Euro","symbol":"€"}],"languages":[{"iso639_1":"fr","iso639_2":"fra","name":"French","nativeName":"français"},{"iso639_1":"de","iso639_2":"deu","name":"German","nativeName":"Deutsch"},{"iso639_1":"lb","iso639_2":"ltz","name":"Luxembourgish","nativeName":"Lëtzebuergesch"}],"translations":{"de":"Luxemburg","es":"Luxemburgo","fr":"Luxembourg","ja":"???????","it":"Lussemburgo","br":"Luxemburgo","pt":"Luxemburgo","nl":"Luxemburg","hr":"Luksemburg","fa":"??????????"},"flag":"https://restcountries.eu/data/lux.svg","regionalBlocs":[{"acronym":"EU","name":"European Union","otherAcronyms":[],"otherNames":[]}],"cioc":"LUX"},{"name":"Macao","topLevelDomain":[".mo"],"alpha2Code":"MO","alpha3Code":"MAC","callingCodes":["853"],"capital":"","altSpellings":["MO","??","Macao Special Administrative Region of the People's Republic of China","??????????????","Região Administrativa Especial de Macau da República Popular da China"],"region":"Asia","subregion":"Eastern Asia","population":649100,"latlng":[22.16666666,113.55],"demonym":"Chinese","area":30.0,"gini":null,"timezones":["UTC+08:00"],"borders":["CHN"],"nativeName":"??","numericCode":"446","currencies":[{"code":"MOP","name":"Macanese pataca","symbol":"P"}],"languages":[{"iso639_1":"zh","iso639_2":"zho","name":"Chinese","nativeName":"?? (Zh?ngwén)"},{"iso639_1":"pt","iso639_2":"por","name":"Portuguese","nativeName":"Português"}],"translations":{"de":"Macao","es":"Macao","fr":"Macao","ja":"???","it":"Macao","br":"Macau","pt":"Macau","nl":"Macao","hr":"Makao","fa":"?????"},"flag":"https://restcountries.eu/data/mac.svg","regionalBlocs":[],"cioc":""},{"name":"Macedonia (the former Yugoslav Republic of)","topLevelDomain":[".mk"],"alpha2Code":"MK","alpha3Code":"MKD","callingCodes":["389"],"capital":"Skopje","altSpellings":["MK","Republic of Macedonia","????????? ??????????"],"region":"Europe","subregion":"Southern Europe","population":2058539,"latlng":[41.83333333,22.0],"demonym":"Macedonian","area":25713.0,"gini":43.2,"timezones":["UTC+01:00"],"borders":["ALB","BGR","GRC","KOS","SRB"],"nativeName":"??????????","numericCode":"807","currencies":[{"code":"MKD","name":"Macedonian denar","symbol":"???"}],"languages":[{"iso639_1":"mk","iso639_2":"mkd","name":"Macedonian","nativeName":"?????????? ?????"}],"translations":{"de":"Mazedonien","es":"Macedonia","fr":"Macédoine","ja":"????????????????","it":"Macedonia","br":"Macedônia","pt":"Macedónia","nl":"Macedonië","hr":"Makedonija","fa":""},"flag":"https://restcountries.eu/data/mkd.svg","regionalBlocs":[{"acronym":"CEFTA","name":"Central European Free Trade Agreement","otherAcronyms":[],"otherNames":[]}],"cioc":"MKD"},{"name":"Madagascar","topLevelDomain":[".mg"],"alpha2Code":"MG","alpha3Code":"MDG","callingCodes":["261"],"capital":"Antananarivo","altSpellings":["MG","Republic of Madagascar","Repoblikan'i Madagasikara","République de Madagascar"],"region":"Africa","subregion":"Eastern Africa","population":22434363,"latlng":[-20.0,47.0],"demonym":"Malagasy","area":587041.0,"gini":44.1,"timezones":["UTC+03:00"],"borders":[],"nativeName":"Madagasikara","numericCode":"450","currencies":[{"code":"MGA","name":"Malagasy ariary","symbol":"Ar"}],"languages":[{"iso639_1":"fr","iso639_2":"fra","name":"French","nativeName":"français"},{"iso639_1":"mg","iso639_2":"mlg","name":"Malagasy","nativeName":"fiteny malagasy"}],"translations":{"de":"Madagaskar","es":"Madagascar","fr":"Madagascar","ja":"??????","it":"Madagascar","br":"Madagascar","pt":"Madagáscar","nl":"Madagaskar","hr":"Madagaskar","fa":"??????????"},"flag":"https://restcountries.eu/data/mdg.svg","regionalBlocs":[{"acronym":"AU","name":"African Union","otherAcronyms":[],"otherNames":["??????? ????????","Union africaine","União Africana","Unión Africana","Umoja wa Afrika"]}],"cioc":"MAD"},{"name":"Malawi","topLevelDomain":[".mw"],"alpha2Code":"MW","alpha3Code":"MWI","callingCodes":["265"],"capital":"Lilongwe","altSpellings":["MW","Republic of Malawi"],"region":"Africa","subregion":"Eastern Africa","population":16832910,"latlng":[-13.5,34.0],"demonym":"Malawian","area":118484.0,"gini":39.0,"timezones":["UTC+02:00"],"borders":["MOZ","TZA","ZMB"],"nativeName":"Malawi","numericCode":"454","currencies":[{"code":"MWK","name":"Malawian kwacha","symbol":"MK"}],"languages":[{"iso639_1":"en","iso639_2":"eng","name":"English","nativeName":"English"},{"iso639_1":"ny","iso639_2":"nya","name":"Chichewa","nativeName":"chiChe?a"}],"translations":{"de":"Malawi","es":"Malawi","fr":"Malawi","ja":"????","it":"Malawi","br":"Malawi","pt":"Malávi","nl":"Malawi","hr":"Malavi","fa":"??????"},"flag":"https://restcountries.eu/data/mwi.svg","regionalBlocs":[{"acronym":"AU","name":"African Union","otherAcronyms":[],"otherNames":["??????? ????????","Union africaine","União Africana","Unión Africana","Umoja wa Afrika"]}],"cioc":"MAW"},{"name":"Malaysia","topLevelDomain":[".my"],"alpha2Code":"MY","alpha3Code":"MYS","callingCodes":["60"],"capital":"Kuala Lumpur","altSpellings":["MY"],"region":"Asia","subregion":"South-Eastern Asia","population":31405416,"latlng":[2.5,112.5],"demonym":"Malaysian","area":330803.0,"gini":46.2,"timezones":["UTC+08:00"],"borders":["BRN","IDN","THA"],"nativeName":"Malaysia","numericCode":"458","currencies":[{"code":"MYR","name":"Malaysian ringgit","symbol":"RM"}],"languages":[{"iso639_1":null,"iso639_2":"zsm","name":"Malaysian","nativeName":"???? ??????"}],"translations":{"de":"Malaysia","es":"Malasia","fr":"Malaisie","ja":"?????","it":"Malesia","br":"Malásia","pt":"Malásia","nl":"Maleisië","hr":"Malezija","fa":"?????"},"flag":"https://restcountries.eu/data/mys.svg","regionalBlocs":[{"acronym":"ASEAN","name":"Association of Southeast Asian Nations","otherAcronyms":[],"otherNames":[]}],"cioc":"MAS"},{"name":"Maldives","topLevelDomain":[".mv"],"alpha2Code":"MV","alpha3Code":"MDV","callingCodes":["960"],"capital":"Malé","altSpellings":["MV","Maldive Islands","Republic of the Maldives","Dhivehi Raajjeyge Jumhooriyya"],"region":"Asia","subregion":"Southern Asia","population":344023,"latlng":[3.25,73.0],"demonym":"Maldivan","area":300.0,"gini":37.4,"timezones":["UTC+05:00"],"borders":[],"nativeName":"Maldives","numericCode":"462","currencies":[{"code":"MVR","name":"Maldivian rufiyaa","symbol":".?"}],"languages":[{"iso639_1":"dv","iso639_2":"div","name":"Divehi","nativeName":"??????"}],"translations":{"de":"Malediven","es":"Maldivas","fr":"Maldives","ja":"?????","it":"Maldive","br":"Maldivas","pt":"Maldivas","nl":"Maldiven","hr":"Maldivi","fa":"??????"},"flag":"https://restcountries.eu/data/mdv.svg","regionalBlocs":[{"acronym":"SAARC","name":"South Asian Association for Regional Cooperation","otherAcronyms":[],"otherNames":[]}],"cioc":"MDV"},{"name":"Mali","topLevelDomain":[".ml"],"alpha2Code":"ML","alpha3Code":"MLI","callingCodes":["223"],"capital":"Bamako","altSpellings":["ML","Republic of Mali","République du Mali"],"region":"Africa","subregion":"Western Africa","population":18135000,"latlng":[17.0,-4.0],"demonym":"Malian","area":1240192.0,"gini":33.0,"timezones":["UTC"],"borders":["DZA","BFA","GIN","CIV","MRT","NER","SEN"],"nativeName":"Mali","numericCode":"466","currencies":[{"code":"XOF","name":"West African CFA franc","symbol":"Fr"}],"languages":[{"iso639_1":"fr","iso639_2":"fra","name":"French","nativeName":"français"}],"translations":{"de":"Mali","es":"Mali","fr":"Mali","ja":"??","it":"Mali","br":"Mali","pt":"Mali","nl":"Mali","hr":"Mali","fa":"????"},"flag":"https://restcountries.eu/data/mli.svg","regionalBlocs":[{"acronym":"AU","name":"African Union","otherAcronyms":[],"otherNames":["??????? ????????","Union africaine","União Africana","Unión Africana","Umoja wa Afrika"]}],"cioc":"MLI"},{"name":"Malta","topLevelDomain":[".mt"],"alpha2Code":"MT","alpha3Code":"MLT","callingCodes":["356"],"capital":"Valletta","altSpellings":["MT","Republic of Malta","Repubblika ta' Malta"],"region":"Europe","subregion":"Southern Europe","population":425384,"latlng":[35.83333333,14.58333333],"demonym":"Maltese","area":316.0,"gini":null,"timezones":["UTC+01:00"],"borders":[],"nativeName":"Malta","numericCode":"470","currencies":[{"code":"EUR","name":"Euro","symbol":"€"}],"languages":[{"iso639_1":"mt","iso639_2":"mlt","name":"Maltese","nativeName":"Malti"},{"iso639_1":"en","iso639_2":"eng","name":"English","nativeName":"English"}],"translations":{"de":"Malta","es":"Malta","fr":"Malte","ja":"???","it":"Malta","br":"Malta","pt":"Malta","nl":"Malta","hr":"Malta","fa":"????"},"flag":"https://restcountries.eu/data/mlt.svg","regionalBlocs":[{"acronym":"EU","name":"European Union","otherAcronyms":[],"otherNames":[]}],"cioc":"MLT"},{"name":"Marshall Islands","topLevelDomain":[".mh"],"alpha2Code":"MH","alpha3Code":"MHL","callingCodes":["692"],"capital":"Majuro","altSpellings":["MH","Republic of the Marshall Islands","Aolep?n Aor?kin M?aje?"],"region":"Oceania","subregion":"Micronesia","population":54880,"latlng":[9.0,168.0],"demonym":"Marshallese","area":181.0,"gini":null,"timezones":["UTC+12:00"],"borders":[],"nativeName":"M?aje?","numericCode":"584","currencies":[{"code":"USD","name":"United States dollar","symbol":"$"}],"languages":[{"iso639_1":"en","iso639_2":"eng","name":"English","nativeName":"English"},{"iso639_1":"mh","iso639_2":"mah","name":"Marshallese","nativeName":"Kajin M?aje?"}],"translations":{"de":"Marshallinseln","es":"Islas Marshall","fr":"Îles Marshall","ja":"???????","it":"Isole Marshall","br":"Ilhas Marshall","pt":"Ilhas Marshall","nl":"Marshalleilanden","hr":"Maršalovi Otoci","fa":"????? ??????"},"flag":"https://restcountries.eu/data/mhl.svg","regionalBlocs":[],"cioc":"MHL"},{"name":"Martinique","topLevelDomain":[".mq"],"alpha2Code":"MQ","alpha3Code":"MTQ","callingCodes":["596"],"capital":"Fort-de-France","altSpellings":["MQ"],"region":"Americas","subregion":"Caribbean","population":378243,"latlng":[14.666667,-61.0],"demonym":"French","area":null,"gini":null,"timezones":["UTC-04:00"],"borders":[],"nativeName":"Martinique","numericCode":"474","currencies":[{"code":"EUR","name":"Euro","symbol":"€"}],"languages":[{"iso639_1":"fr","iso639_2":"fra","name":"French","nativeName":"français"}],"translations":{"de":"Martinique","es":"Martinica","fr":"Martinique","ja":"???????","it":"Martinica","br":"Martinica","pt":"Martinica","nl":"Martinique","hr":"Martinique","fa":"????????"},"flag":"https://restcountries.eu/data/mtq.svg","regionalBlocs":[],"cioc":""},{"name":"Mauritania","topLevelDomain":[".mr"],"alpha2Code":"MR","alpha3Code":"MRT","callingCodes":["222"],"capital":"Nouakchott","altSpellings":["MR","Islamic Republic of Mauritania","al-Jumh?riyyah al-?Isl?miyyah al-M?r?t?niyyah"],"region":"Africa","subregion":"Western Africa","population":3718678,"latlng":[20.0,-12.0],"demonym":"Mauritanian","area":1030700.0,"gini":40.5,"timezones":["UTC"],"borders":["DZA","MLI","SEN","ESH"],"nativeName":"?????????","numericCode":"478","currencies":[{"code":"MRO","name":"Mauritanian ouguiya","symbol":"UM"}],"languages":[{"iso639_1":"ar","iso639_2":"ara","name":"Arabic","nativeName":"???????"}],"translations":{"de":"Mauretanien","es":"Mauritania","fr":"Mauritanie","ja":"??????","it":"Mauritania","br":"Mauritânia","pt":"Mauritânia","nl":"Mauritanië","hr":"Mauritanija","fa":"????????"},"flag":"https://restcountries.eu/data/mrt.svg","regionalBlocs":[{"acronym":"AU","name":"African Union","otherAcronyms":[],"otherNames":["??????? ????????","Union africaine","União Africana","Unión Africana","Umoja wa Afrika"]},{"acronym":"AL","name":"Arab League","otherAcronyms":[],"otherNames":["????? ????? ???????","J?mi?at ad-Duwal al-?Arab?yah","League of Arab States"]}],"cioc":"MTN"},{"name":"Mauritius","topLevelDomain":[".mu"],"alpha2Code":"MU","alpha3Code":"MUS","callingCodes":["230"],"capital":"Port Louis","altSpellings":["MU","Republic of Mauritius","République de Maurice"],"region":"Africa","subregion":"Eastern Africa","population":1262879,"latlng":[-20.28333333,57.55],"demonym":"Mauritian","area":2040.0,"gini":null,"timezones":["UTC+04:00"],"borders":[],"nativeName":"Maurice","numericCode":"480","currencies":[{"code":"MUR","name":"Mauritian rupee","symbol":"?"}],"languages":[{"iso639_1":"en","iso639_2":"eng","name":"English","nativeName":"English"}],"translations":{"de":"Mauritius","es":"Mauricio","fr":"Île Maurice","ja":"??????","it":"Mauritius","br":"Maurício","pt":"Maurícia","nl":"Mauritius","hr":"Mauricijus","fa":"?????"},"flag":"https://restcountries.eu/data/mus.svg","regionalBlocs":[{"acronym":"AU","name":"African Union","otherAcronyms":[],"otherNames":["??????? ????????","Union africaine","União Africana","Unión Africana","Umoja wa Afrika"]}],"cioc":"MRI"},{"name":"Mayotte","topLevelDomain":[".yt"],"alpha2Code":"YT","alpha3Code":"MYT","callingCodes":["262"],"capital":"Mamoudzou","altSpellings":["YT","Department of Mayotte","Département de Mayotte"],"region":"Africa","subregion":"Eastern Africa","population":226915,"latlng":[-12.83333333,45.16666666],"demonym":"French","area":null,"gini":null,"timezones":["UTC+03:00"],"borders":[],"nativeName":"Mayotte","numericCode":"175","currencies":[{"code":"EUR","name":"Euro","symbol":"€"}],"languages":[{"iso639_1":"fr","iso639_2":"fra","name":"French","nativeName":"français"}],"translations":{"de":"Mayotte","es":"Mayotte","fr":"Mayotte","ja":"????","it":"Mayotte","br":"Mayotte","pt":"Mayotte","nl":"Mayotte","hr":"Mayotte","fa":"?????"},"flag":"https://restcountries.eu/data/myt.svg","regionalBlocs":[{"acronym":"AU","name":"African Union","otherAcronyms":[],"otherNames":["??????? ????????","Union africaine","União Africana","Unión Africana","Umoja wa Afrika"]}],"cioc":""},{"name":"Mexico","topLevelDomain":[".mx"],"alpha2Code":"MX","alpha3Code":"MEX","callingCodes":["52"],"capital":"Mexico City","altSpellings":["MX","Mexicanos","United Mexican States","Estados Unidos Mexicanos"],"region":"Americas","subregion":"Central America","population":122273473,"latlng":[23.0,-102.0],"demonym":"Mexican","area":1964375.0,"gini":47.0,"timezones":["UTC-08:00","UTC-07:00","UTC-06:00"],"borders":["BLZ","GTM","USA"],"nativeName":"México","numericCode":"484","currencies":[{"code":"MXN","name":"Mexican peso","symbol":"$"}],"languages":[{"iso639_1":"es","iso639_2":"spa","name":"Spanish","nativeName":"Español"}],"translations":{"de":"Mexiko","es":"México","fr":"Mexique","ja":"????","it":"Messico","br":"México","pt":"México","nl":"Mexico","hr":"Meksiko","fa":"?????"},"flag":"https://restcountries.eu/data/mex.svg","regionalBlocs":[{"acronym":"PA","name":"Pacific Alliance","otherAcronyms":[],"otherNames":["Alianza del Pacífico"]},{"acronym":"NAFTA","name":"North American Free Trade Agreement","otherAcronyms":[],"otherNames":["Tratado de Libre Comercio de América del Norte","Accord de Libre-échange Nord-Américain"]}],"cioc":"MEX"},{"name":"Micronesia (Federated States of)","topLevelDomain":[".fm"],"alpha2Code":"FM","alpha3Code":"FSM","callingCodes":["691"],"capital":"Palikir","altSpellings":["FM","Federated States of Micronesia"],"region":"Oceania","subregion":"Micronesia","population":102800,"latlng":[6.91666666,158.25],"demonym":"Micronesian","area":702.0,"gini":null,"timezones":["UTC+10:00","UTC+11"],"borders":[],"nativeName":"Micronesia","numericCode":"583","currencies":[{"code":null,"name":"[D]","symbol":"$"},{"code":"USD","name":"United States dollar","symbol":"$"}],"languages":[{"iso639_1":"en","iso639_2":"eng","name":"English","nativeName":"English"}],"translations":{"de":"Mikronesien","es":"Micronesia","fr":"Micronésie","ja":"????????","it":"Micronesia","br":"Micronésia","pt":"Micronésia","nl":"Micronesië","hr":"Mikronezija","fa":"?????? ????? ????????"},"flag":"https://restcountries.eu/data/fsm.svg","regionalBlocs":[],"cioc":"FSM"},{"name":"Moldova (Republic of)","topLevelDomain":[".md"],"alpha2Code":"MD","alpha3Code":"MDA","callingCodes":["373"],"capital":"Chi?in?u","altSpellings":["MD","Republic of Moldova","Republica Moldova"],"region":"Europe","subregion":"Eastern Europe","population":3553100,"latlng":[47.0,29.0],"demonym":"Moldovan","area":33846.0,"gini":33.0,"timezones":["UTC+02:00"],"borders":["ROU","UKR"],"nativeName":"Moldova","numericCode":"498","currencies":[{"code":"MDL","name":"Moldovan leu","symbol":"L"}],"languages":[{"iso639_1":"ro","iso639_2":"ron","name":"Romanian","nativeName":"Român?"}],"translations":{"de":"Moldawie","es":"Moldavia","fr":"Moldavie","ja":"???????","it":"Moldavia","br":"Moldávia","pt":"Moldávia","nl":"Moldavië","hr":"Moldova","fa":"???????"},"flag":"https://restcountries.eu/data/mda.svg","regionalBlocs":[{"acronym":"CEFTA","name":"Central European Free Trade Agreement","otherAcronyms":[],"otherNames":[]}],"cioc":"MDA"},{"name":"Monaco","topLevelDomain":[".mc"],"alpha2Code":"MC","alpha3Code":"MCO","callingCodes":["377"],"capital":"Monaco","altSpellings":["MC","Principality of Monaco","Principauté de Monaco"],"region":"Europe","subregion":"Western Europe","population":38400,"latlng":[43.73333333,7.4],"demonym":"Monegasque","area":2.02,"gini":null,"timezones":["UTC+01:00"],"borders":["FRA"],"nativeName":"Monaco","numericCode":"492","currencies":[{"code":"EUR","name":"Euro","symbol":"€"}],"languages":[{"iso639_1":"fr","iso639_2":"fra","name":"French","nativeName":"français"}],"translations":{"de":"Monaco","es":"Mónaco","fr":"Monaco","ja":"???","it":"Principato di Monaco","br":"Mônaco","pt":"Mónaco","nl":"Monaco","hr":"Monako","fa":"??????"},"flag":"https://restcountries.eu/data/mco.svg","regionalBlocs":[],"cioc":"MON"},{"name":"Mongolia","topLevelDomain":[".mn"],"alpha2Code":"MN","alpha3Code":"MNG","callingCodes":["976"],"capital":"Ulan Bator","altSpellings":["MN"],"region":"Asia","subregion":"Eastern Asia","population":3093100,"latlng":[46.0,105.0],"demonym":"Mongolian","area":1564110.0,"gini":36.5,"timezones":["UTC+07:00","UTC+08:00"],"borders":["CHN","RUS"],"nativeName":"?????? ???","numericCode":"496","currencies":[{"code":"MNT","name":"Mongolian tögrög","symbol":"?"}],"languages":[{"iso639_1":"mn","iso639_2":"mon","name":"Mongolian","nativeName":"?????? ???"}],"translations":{"de":"Mongolei","es":"Mongolia","fr":"Mongolie","ja":"????","it":"Mongolia","br":"Mongólia","pt":"Mongólia","nl":"Mongolië","hr":"Mongolija","fa":"????????"},"flag":"https://restcountries.eu/data/mng.svg","regionalBlocs":[],"cioc":"MGL"},{"name":"Montenegro","topLevelDomain":[".me"],"alpha2Code":"ME","alpha3Code":"MNE","callingCodes":["382"],"capital":"Podgorica","altSpellings":["ME","Crna Gora"],"region":"Europe","subregion":"Southern Europe","population":621810,"latlng":[42.5,19.3],"demonym":"Montenegrin","area":13812.0,"gini":30.0,"timezones":["UTC+01:00"],"borders":["ALB","BIH","HRV","KOS","SRB"],"nativeName":"???? ????","numericCode":"499","currencies":[{"code":"EUR","name":"Euro","symbol":"€"}],"languages":[{"iso639_1":"sr","iso639_2":"srp","name":"Serbian","nativeName":"?????? ?????"},{"iso639_1":"bs","iso639_2":"bos","name":"Bosnian","nativeName":"bosanski jezik"},{"iso639_1":"sq","iso639_2":"sqi","name":"Albanian","nativeName":"Shqip"},{"iso639_1":"hr","iso639_2":"hrv","name":"Croatian","nativeName":"hrvatski jezik"}],"translations":{"de":"Montenegro","es":"Montenegro","fr":"Monténégro","ja":"??????","it":"Montenegro","br":"Montenegro","pt":"Montenegro","nl":"Montenegro","hr":"Crna Gora","fa":"??????????"},"flag":"https://restcountries.eu/data/mne.svg","regionalBlocs":[{"acronym":"CEFTA","name":"Central European Free Trade Agreement","otherAcronyms":[],"otherNames":[]}],"cioc":"MNE"},{"name":"Montserrat","topLevelDomain":[".ms"],"alpha2Code":"MS","alpha3Code":"MSR","callingCodes":["1664"],"capital":"Plymouth","altSpellings":["MS"],"region":"Americas","subregion":"Caribbean","population":4922,"latlng":[16.75,-62.2],"demonym":"Montserratian","area":102.0,"gini":null,"timezones":["UTC-04:00"],"borders":[],"nativeName":"Montserrat","numericCode":"500","currencies":[{"code":"XCD","name":"East Caribbean dollar","symbol":"$"}],"languages":[{"iso639_1":"en","iso639_2":"eng","name":"English","nativeName":"English"}],"translations":{"de":"Montserrat","es":"Montserrat","fr":"Montserrat","ja":"??????","it":"Montserrat","br":"Montserrat","pt":"Monserrate","nl":"Montserrat","hr":"Montserrat","fa":"?????"},"flag":"https://restcountries.eu/data/msr.svg","regionalBlocs":[{"acronym":"CARICOM","name":"Caribbean Community","otherAcronyms":[],"otherNames":["Comunidad del Caribe","Communauté Caribéenne","Caribische Gemeenschap"]}],"cioc":""},{"name":"Morocco","topLevelDomain":[".ma"],"alpha2Code":"MA","alpha3Code":"MAR","callingCodes":["212"],"capital":"Rabat","altSpellings":["MA","Kingdom of Morocco","Al-Mamlakah al-Ma?ribiyah"],"region":"Africa","subregion":"Northern Africa","population":33337529,"latlng":[32.0,-5.0],"demonym":"Moroccan","area":446550.0,"gini":40.9,"timezones":["UTC"],"borders":["DZA","ESH","ESP"],"nativeName":"??????","numericCode":"504","currencies":[{"code":"MAD","name":"Moroccan dirham","symbol":"?.?."}],"languages":[{"iso639_1":"ar","iso639_2":"ara","name":"Arabic","nativeName":"???????"}],"translations":{"de":"Marokko","es":"Marruecos","fr":"Maroc","ja":"????","it":"Marocco","br":"Marrocos","pt":"Marrocos","nl":"Marokko","hr":"Maroko","fa":"?????"},"flag":"https://restcountries.eu/data/mar.svg","regionalBlocs":[{"acronym":"AU","name":"African Union","otherAcronyms":[],"otherNames":["??????? ????????","Union africaine","União Africana","Unión Africana","Umoja wa Afrika"]},{"acronym":"AL","name":"Arab League","otherAcronyms":[],"otherNames":["????? ????? ???????","J?mi?at ad-Duwal al-?Arab?yah","League of Arab States"]}],"cioc":"MAR"},{"name":"Mozambique","topLevelDomain":[".mz"],"alpha2Code":"MZ","alpha3Code":"MOZ","callingCodes":["258"],"capital":"Maputo","altSpellings":["MZ","Republic of Mozambique","República de Moçambique"],"region":"Africa","subregion":"Eastern Africa","population":26423700,"latlng":[-18.25,35.0],"demonym":"Mozambican","area":801590.0,"gini":45.7,"timezones":["UTC+02:00"],"borders":["MWI","ZAF","SWZ","TZA","ZMB","ZWE"],"nativeName":"Moçambique","numericCode":"508","currencies":[{"code":"MZN","name":"Mozambican metical","symbol":"MT"}],"languages":[{"iso639_1":"pt","iso639_2":"por","name":"Portuguese","nativeName":"Português"}],"translations":{"de":"Mosambik","es":"Mozambique","fr":"Mozambique","ja":"??????","it":"Mozambico","br":"Moçambique","pt":"Moçambique","nl":"Mozambique","hr":"Mozambik","fa":"????????"},"flag":"https://restcountries.eu/data/moz.svg","regionalBlocs":[{"acronym":"AU","name":"African Union","otherAcronyms":[],"otherNames":["??????? ????????","Union africaine","União Africana","Unión Africana","Umoja wa Afrika"]}],"cioc":"MOZ"},{"name":"Myanmar","topLevelDomain":[".mm"],"alpha2Code":"MM","alpha3Code":"MMR","callingCodes":["95"],"capital":"Naypyidaw","altSpellings":["MM","Burma","Republic of the Union of Myanmar","Pyidaunzu Thanm?da My?ma Nainngandaw"],"region":"Asia","subregion":"South-Eastern Asia","population":51419420,"latlng":[22.0,98.0],"demonym":"Burmese","area":676578.0,"gini":null,"timezones":["UTC+06:30"],"borders":["BGD","CHN","IND","LAO","THA"],"nativeName":"Myanma","numericCode":"104","currencies":[{"code":"MMK","name":"Burmese kyat","symbol":"Ks"}],"languages":[{"iso639_1":"my","iso639_2":"mya","name":"Burmese","nativeName":"?????"}],"translations":{"de":"Myanmar","es":"Myanmar","fr":"Myanmar","ja":"?????","it":"Birmania","br":"Myanmar","pt":"Myanmar","nl":"Myanmar","hr":"Mijanmar","fa":"???????"},"flag":"https://restcountries.eu/data/mmr.svg","regionalBlocs":[{"acronym":"ASEAN","name":"Association of Southeast Asian Nations","otherAcronyms":[],"otherNames":[]}],"cioc":"MYA"},{"name":"Namibia","topLevelDomain":[".na"],"alpha2Code":"NA","alpha3Code":"NAM","callingCodes":["264"],"capital":"Windhoek","altSpellings":["NA","Namibië","Republic of Namibia"],"region":"Africa","subregion":"Southern Africa","population":2324388,"latlng":[-22.0,17.0],"demonym":"Namibian","area":825615.0,"gini":63.9,"timezones":["UTC+01:00"],"borders":["AGO","BWA","ZAF","ZMB"],"nativeName":"Namibia","numericCode":"516","currencies":[{"code":"NAD","name":"Namibian dollar","symbol":"$"},{"code":"ZAR","name":"South African rand","symbol":"R"}],"languages":[{"iso639_1":"en","iso639_2":"eng","name":"English","nativeName":"English"},{"iso639_1":"af","iso639_2":"afr","name":"Afrikaans","nativeName":"Afrikaans"}],"translations":{"de":"Namibia","es":"Namibia","fr":"Namibie","ja":"????","it":"Namibia","br":"Namíbia","pt":"Namíbia","nl":"Namibië","hr":"Namibija","fa":"???????"},"flag":"https://restcountries.eu/data/nam.svg","regionalBlocs":[{"acronym":"AU","name":"African Union","otherAcronyms":[],"otherNames":["??????? ????????","Union africaine","União Africana","Unión Africana","Umoja wa Afrika"]}],"cioc":"NAM"},{"name":"Nauru","topLevelDomain":[".nr"],"alpha2Code":"NR","alpha3Code":"NRU","callingCodes":["674"],"capital":"Yaren","altSpellings":["NR","Naoero","Pleasant Island","Republic of Nauru","Ripublik Naoero"],"region":"Oceania","subregion":"Micronesia","population":10084,"latlng":[-0.53333333,166.91666666],"demonym":"Nauruan","area":21.0,"gini":null,"timezones":["UTC+12:00"],"borders":[],"nativeName":"Nauru","numericCode":"520","currencies":[{"code":"AUD","name":"Australian dollar","symbol":"$"},{"code":"(none)","name":null,"symbol":"$"}],"languages":[{"iso639_1":"en","iso639_2":"eng","name":"English","nativeName":"English"},{"iso639_1":"na","iso639_2":"nau","name":"Nauruan","nativeName":"Dorerin Naoero"}],"translations":{"de":"Nauru","es":"Nauru","fr":"Nauru","ja":"???","it":"Nauru","br":"Nauru","pt":"Nauru","nl":"Nauru","hr":"Nauru","fa":"??????"},"flag":"https://restcountries.eu/data/nru.svg","regionalBlocs":[],"cioc":"NRU"},{"name":"Nepal","topLevelDomain":[".np"],"alpha2Code":"NP","alpha3Code":"NPL","callingCodes":["977"],"capital":"Kathmandu","altSpellings":["NP","Federal Democratic Republic of Nepal","Lokt?ntrik Ganatantra Nep?l"],"region":"Asia","subregion":"Southern Asia","population":28431500,"latlng":[28.0,84.0],"demonym":"Nepalese","area":147181.0,"gini":32.8,"timezones":["UTC+05:45"],"borders":["CHN","IND"],"nativeName":"?????","numericCode":"524","currencies":[{"code":"NPR","name":"Nepalese rupee","symbol":"?"}],"languages":[{"iso639_1":"ne","iso639_2":"nep","name":"Nepali","nativeName":"??????"}],"translations":{"de":"Népal","es":"Nepal","fr":"Népal","ja":"????","it":"Nepal","br":"Nepal","pt":"Nepal","nl":"Nepal","hr":"Nepal","fa":"????"},"flag":"https://restcountries.eu/data/npl.svg","regionalBlocs":[{"acronym":"SAARC","name":"South Asian Association for Regional Cooperation","otherAcronyms":[],"otherNames":[]}],"cioc":"NEP"},{"name":"Netherlands","topLevelDomain":[".nl"],"alpha2Code":"NL","alpha3Code":"NLD","callingCodes":["31"],"capital":"Amsterdam","altSpellings":["NL","Holland","Nederland"],"region":"Europe","subregion":"Western Europe","population":17019800,"latlng":[52.5,5.75],"demonym":"Dutch","area":41850.0,"gini":30.9,"timezones":["UTC-04:00","UTC+01:00"],"borders":["BEL","DEU"],"nativeName":"Nederland","numericCode":"528","currencies":[{"code":"EUR","name":"Euro","symbol":"€"}],"languages":[{"iso639_1":"nl","iso639_2":"nld","name":"Dutch","nativeName":"Nederlands"}],"translations":{"de":"Niederlande","es":"Países Bajos","fr":"Pays-Bas","ja":"????","it":"Paesi Bassi","br":"Holanda","pt":"Países Baixos","nl":"Nederland","hr":"Nizozemska","fa":"??????? ????"},"flag":"https://restcountries.eu/data/nld.svg","regionalBlocs":[{"acronym":"EU","name":"European Union","otherAcronyms":[],"otherNames":[]}],"cioc":"NED"},{"name":"New Caledonia","topLevelDomain":[".nc"],"alpha2Code":"NC","alpha3Code":"NCL","callingCodes":["687"],"capital":"Nouméa","altSpellings":["NC"],"region":"Oceania","subregion":"Melanesia","population":268767,"latlng":[-21.5,165.5],"demonym":"New Caledonian","area":18575.0,"gini":null,"timezones":["UTC+11:00"],"borders":[],"nativeName":"Nouvelle-Calédonie","numericCode":"540","currencies":[{"code":"XPF","name":"CFP franc","symbol":"Fr"}],"languages":[{"iso639_1":"fr","iso639_2":"fra","name":"French","nativeName":"français"}],"translations":{"de":"Neukaledonien","es":"Nueva Caledonia","fr":"Nouvelle-Calédonie","ja":"????????","it":"Nuova Caledonia","br":"Nova Caledônia","pt":"Nova Caledónia","nl":"Nieuw-Caledonië","hr":"Nova Kaledonija","fa":"????????? ????"},"flag":"https://restcountries.eu/data/ncl.svg","regionalBlocs":[],"cioc":""},{"name":"New Zealand","topLevelDomain":[".nz"],"alpha2Code":"NZ","alpha3Code":"NZL","callingCodes":["64"],"capital":"Wellington","altSpellings":["NZ","Aotearoa"],"region":"Oceania","subregion":"Australia and New Zealand","population":4697854,"latlng":[-41.0,174.0],"demonym":"New Zealander","area":270467.0,"gini":36.2,"timezones":["UTC-11:00","UTC-10:00","UTC+12:00","UTC+12:45","UTC+13:00"],"borders":[],"nativeName":"New Zealand","numericCode":"554","currencies":[{"code":"NZD","name":"New Zealand dollar","symbol":"$"}],"languages":[{"iso639_1":"en","iso639_2":"eng","name":"English","nativeName":"English"},{"iso639_1":"mi","iso639_2":"mri","name":"M?ori","nativeName":"te reo M?ori"}],"translations":{"de":"Neuseeland","es":"Nueva Zelanda","fr":"Nouvelle-Zélande","ja":"????????","it":"Nuova Zelanda","br":"Nova Zelândia","pt":"Nova Zelândia","nl":"Nieuw-Zeeland","hr":"Novi Zeland","fa":"????????"},"flag":"https://restcountries.eu/data/nzl.svg","regionalBlocs":[],"cioc":"NZL"},{"name":"Nicaragua","topLevelDomain":[".ni"],"alpha2Code":"NI","alpha3Code":"NIC","callingCodes":["505"],"capital":"Managua","altSpellings":["NI","Republic of Nicaragua","República de Nicaragua"],"region":"Americas","subregion":"Central America","population":6262703,"latlng":[13.0,-85.0],"demonym":"Nicaraguan","area":130373.0,"gini":40.5,"timezones":["UTC-06:00"],"borders":["CRI","HND"],"nativeName":"Nicaragua","numericCode":"558","currencies":[{"code":"NIO","name":"Nicaraguan córdoba","symbol":"C$"}],"languages":[{"iso639_1":"es","iso639_2":"spa","name":"Spanish","nativeName":"Español"}],"translations":{"de":"Nicaragua","es":"Nicaragua","fr":"Nicaragua","ja":"?????","it":"Nicaragua","br":"Nicarágua","pt":"Nicarágua","nl":"Nicaragua","hr":"Nikaragva","fa":"??????????"},"flag":"https://restcountries.eu/data/nic.svg","regionalBlocs":[{"acronym":"CAIS","name":"Central American Integration System","otherAcronyms":["SICA"],"otherNames":["Sistema de la Integración Centroamericana,"]}],"cioc":"NCA"},{"name":"Niger","topLevelDomain":[".ne"],"alpha2Code":"NE","alpha3Code":"NER","callingCodes":["227"],"capital":"Niamey","altSpellings":["NE","Nijar","Republic of Niger","République du Niger"],"region":"Africa","subregion":"Western Africa","population":20715000,"latlng":[16.0,8.0],"demonym":"Nigerien","area":1267000.0,"gini":34.6,"timezones":["UTC+01:00"],"borders":["DZA","BEN","BFA","TCD","LBY","MLI","NGA"],"nativeName":"Niger","numericCode":"562","currencies":[{"code":"XOF","name":"West African CFA franc","symbol":"Fr"}],"languages":[{"iso639_1":"fr","iso639_2":"fra","name":"French","nativeName":"français"}],"translations":{"de":"Niger","es":"Níger","fr":"Niger","ja":"?????","it":"Niger","br":"Níger","pt":"Níger","nl":"Niger","hr":"Niger","fa":"????"},"flag":"https://restcountries.eu/data/ner.svg","regionalBlocs":[{"acronym":"AU","name":"African Union","otherAcronyms":[],"otherNames":["??????? ????????","Union africaine","União Africana","Unión Africana","Umoja wa Afrika"]}],"cioc":"NIG"},{"name":"Nigeria","topLevelDomain":[".ng"],"alpha2Code":"NG","alpha3Code":"NGA","callingCodes":["234"],"capital":"Abuja","altSpellings":["NG","Nijeriya","Naíjíríà","Federal Republic of Nigeria"],"region":"Africa","subregion":"Western Africa","population":186988000,"latlng":[10.0,8.0],"demonym":"Nigerian","area":923768.0,"gini":48.8,"timezones":["UTC+01:00"],"borders":["BEN","CMR","TCD","NER"],"nativeName":"Nigeria","numericCode":"566","currencies":[{"code":"NGN","name":"Nigerian naira","symbol":"?"}],"languages":[{"iso639_1":"en","iso639_2":"eng","name":"English","nativeName":"English"}],"translations":{"de":"Nigeria","es":"Nigeria","fr":"Nigéria","ja":"??????","it":"Nigeria","br":"Nigéria","pt":"Nigéria","nl":"Nigeria","hr":"Nigerija","fa":"??????"},"flag":"https://restcountries.eu/data/nga.svg","regionalBlocs":[{"acronym":"AU","name":"African Union","otherAcronyms":[],"otherNames":["??????? ????????","Union africaine","União Africana","Unión Africana","Umoja wa Afrika"]}],"cioc":"NGR"},{"name":"Niue","topLevelDomain":[".nu"],"alpha2Code":"NU","alpha3Code":"NIU","callingCodes":["683"],"capital":"Alofi","altSpellings":["NU"],"region":"Oceania","subregion":"Polynesia","population":1470,"latlng":[-19.03333333,-169.86666666],"demonym":"Niuean","area":260.0,"gini":null,"timezones":["UTC-11:00"],"borders":[],"nativeName":"Niu?","numericCode":"570","currencies":[{"code":"NZD","name":"New Zealand dollar","symbol":"$"},{"code":"(none)","name":"Niue dollar","symbol":"$"}],"languages":[{"iso639_1":"en","iso639_2":"eng","name":"English","nativeName":"English"}],"translations":{"de":"Niue","es":"Niue","fr":"Niue","ja":"???","it":"Niue","br":"Niue","pt":"Niue","nl":"Niue","hr":"Niue","fa":"?????"},"flag":"https://restcountries.eu/data/niu.svg","regionalBlocs":[],"cioc":""},{"name":"Norfolk Island","topLevelDomain":[".nf"],"alpha2Code":"NF","alpha3Code":"NFK","callingCodes":["672"],"capital":"Kingston","altSpellings":["NF","Territory of Norfolk Island","Teratri of Norf'k Ailen"],"region":"Oceania","subregion":"Australia and New Zealand","population":2302,"latlng":[-29.03333333,167.95],"demonym":"Norfolk Islander","area":36.0,"gini":null,"timezones":["UTC+11:30"],"borders":[],"nativeName":"Norfolk Island","numericCode":"574","currencies":[{"code":"AUD","name":"Australian dollar","symbol":"$"}],"languages":[{"iso639_1":"en","iso639_2":"eng","name":"English","nativeName":"English"}],"translations":{"de":"Norfolkinsel","es":"Isla de Norfolk","fr":"Île de Norfolk","ja":"???????","it":"Isola Norfolk","br":"Ilha Norfolk","pt":"Ilha Norfolk","nl":"Norfolkeiland","hr":"Otok Norfolk","fa":"????? ?????"},"flag":"https://restcountries.eu/data/nfk.svg","regionalBlocs":[],"cioc":""},{"name":"Korea (Democratic People's Republic of)","topLevelDomain":[".kp"],"alpha2Code":"KP","alpha3Code":"PRK","callingCodes":["850"],"capital":"Pyongyang","altSpellings":["KP","Democratic People's Republic of Korea","???????????","Chos?n Minjuju?i Inmin Konghwaguk"],"region":"Asia","subregion":"Eastern Asia","population":25281000,"latlng":[40.0,127.0],"demonym":"North Korean","area":120538.0,"gini":null,"timezones":["UTC+09:00"],"borders":["CHN","KOR","RUS"],"nativeName":"??","numericCode":"408","currencies":[{"code":"KPW","name":"North Korean won","symbol":"?"}],"languages":[{"iso639_1":"ko","iso639_2":"kor","name":"Korean","nativeName":"???"}],"translations":{"de":"Nordkorea","es":"Corea del Norte","fr":"Corée du Nord","ja":"???????????","it":"Corea del Nord","br":"Coreia do Norte","pt":"Coreia do Norte","nl":"Noord-Korea","hr":"Sjeverna Koreja","fa":"??? ?????"},"flag":"https://restcountries.eu/data/prk.svg","regionalBlocs":[],"cioc":"PRK"},{"name":"Northern Mariana Islands","topLevelDomain":[".mp"],"alpha2Code":"MP","alpha3Code":"MNP","callingCodes":["1670"],"capital":"Saipan","altSpellings":["MP","Commonwealth of the Northern Mariana Islands","Sankattan Siha Na Islas Mariånas"],"region":"Oceania","subregion":"Micronesia","population":56940,"latlng":[15.2,145.75],"demonym":"American","area":464.0,"gini":null,"timezones":["UTC+10:00"],"borders":[],"nativeName":"Northern Mariana Islands","numericCode":"580","currencies":[{"code":"USD","name":"United States dollar","symbol":"$"}],"languages":[{"iso639_1":"en","iso639_2":"eng","name":"English","nativeName":"English"},{"iso639_1":"ch","iso639_2":"cha","name":"Chamorro","nativeName":"Chamoru"}],"translations":{"de":"Nördliche Marianen","es":"Islas Marianas del Norte","fr":"Îles Mariannes du Nord","ja":"???????","it":"Isole Marianne Settentrionali","br":"Ilhas Marianas","pt":"Ilhas Marianas","nl":"Noordelijke Marianeneilanden","hr":"Sjevernomarijanski otoci","fa":"????? ???????? ?????"},"flag":"https://restcountries.eu/data/mnp.svg","regionalBlocs":[],"cioc":""},{"name":"Norway","topLevelDomain":[".no"],"alpha2Code":"NO","alpha3Code":"NOR","callingCodes":["47"],"capital":"Oslo","altSpellings":["NO","Norge","Noreg","Kingdom of Norway","Kongeriket Norge","Kongeriket Noreg"],"region":"Europe","subregion":"Northern Europe","population":5223256,"latlng":[62.0,10.0],"demonym":"Norwegian","area":323802.0,"gini":25.8,"timezones":["UTC+01:00"],"borders":["FIN","SWE","RUS"],"nativeName":"Norge","numericCode":"578","currencies":[{"code":"NOK","name":"Norwegian krone","symbol":"kr"}],"languages":[{"iso639_1":"no","iso639_2":"nor","name":"Norwegian","nativeName":"Norsk"},{"iso639_1":"nb","iso639_2":"nob","name":"Norwegian Bokmål","nativeName":"Norsk bokmål"},{"iso639_1":"nn","iso639_2":"nno","name":"Norwegian Nynorsk","nativeName":"Norsk nynorsk"}],"translations":{"de":"Norwegen","es":"Noruega","fr":"Norvège","ja":"?????","it":"Norvegia","br":"Noruega","pt":"Noruega","nl":"Noorwegen","hr":"Norveška","fa":"????"},"flag":"https://restcountries.eu/data/nor.svg","regionalBlocs":[{"acronym":"EFTA","name":"European Free Trade Association","otherAcronyms":[],"otherNames":[]}],"cioc":"NOR"},{"name":"Oman","topLevelDomain":[".om"],"alpha2Code":"OM","alpha3Code":"OMN","callingCodes":["968"],"capital":"Muscat","altSpellings":["OM","Sultanate of Oman","Sal?anat ?Um?n"],"region":"Asia","subregion":"Western Asia","population":4420133,"latlng":[21.0,57.0],"demonym":"Omani","area":309500.0,"gini":null,"timezones":["UTC+04:00"],"borders":["SAU","ARE","YEM"],"nativeName":"????","numericCode":"512","currencies":[{"code":"OMR","name":"Omani rial","symbol":"?.?."}],"languages":[{"iso639_1":"ar","iso639_2":"ara","name":"Arabic","nativeName":"???????"}],"translations":{"de":"Oman","es":"Omán","fr":"Oman","ja":"????","it":"oman","br":"Omã","pt":"Omã","nl":"Oman","hr":"Oman","fa":"????"},"flag":"https://restcountries.eu/data/omn.svg","regionalBlocs":[{"acronym":"AL","name":"Arab League","otherAcronyms":[],"otherNames":["????? ????? ???????","J?mi?at ad-Duwal al-?Arab?yah","League of Arab States"]}],"cioc":"OMA"},{"name":"Pakistan","topLevelDomain":[".pk"],"alpha2Code":"PK","alpha3Code":"PAK","callingCodes":["92"],"capital":"Islamabad","altSpellings":["PK","P?kist?n","Islamic Republic of Pakistan","Isl?m? Jumh?riya'eh P?kist?n"],"region":"Asia","subregion":"Southern Asia","population":194125062,"latlng":[30.0,70.0],"demonym":"Pakistani","area":881912.0,"gini":30.0,"timezones":["UTC+05:00"],"borders":["AFG","CHN","IND","IRN"],"nativeName":"Pakistan","numericCode":"586","currencies":[{"code":"PKR","name":"Pakistani rupee","symbol":"?"}],"languages":[{"iso639_1":"en","iso639_2":"eng","name":"English","nativeName":"English"},{"iso639_1":"ur","iso639_2":"urd","name":"Urdu","nativeName":"????"}],"translations":{"de":"Pakistan","es":"Pakistán","fr":"Pakistan","ja":"?????","it":"Pakistan","br":"Paquistão","pt":"Paquistão","nl":"Pakistan","hr":"Pakistan","fa":"???????"},"flag":"https://restcountries.eu/data/pak.svg","regionalBlocs":[{"acronym":"SAARC","name":"South Asian Association for Regional Cooperation","otherAcronyms":[],"otherNames":[]}],"cioc":"PAK"},{"name":"Palau","topLevelDomain":[".pw"],"alpha2Code":"PW","alpha3Code":"PLW","callingCodes":["680"],"capital":"Ngerulmud","altSpellings":["PW","Republic of Palau","Beluu er a Belau"],"region":"Oceania","subregion":"Micronesia","population":17950,"latlng":[7.5,134.5],"demonym":"Palauan","area":459.0,"gini":null,"timezones":["UTC+09:00"],"borders":[],"nativeName":"Palau","numericCode":"585","currencies":[{"code":"(none)","name":"[E]","symbol":"$"},{"code":"USD","name":"United States dollar","symbol":"$"}],"languages":[{"iso639_1":"en","iso639_2":"eng","name":"English","nativeName":"English"}],"translations":{"de":"Palau","es":"Palau","fr":"Palaos","ja":"???","it":"Palau","br":"Palau","pt":"Palau","nl":"Palau","hr":"Palau","fa":"??????"},"flag":"https://restcountries.eu/data/plw.svg","regionalBlocs":[],"cioc":"PLW"},{"name":"Palestine, State of","topLevelDomain":[".ps"],"alpha2Code":"PS","alpha3Code":"PSE","callingCodes":["970"],"capital":"Ramallah","altSpellings":["PS","State of Palestine","Dawlat Filas?in"],"region":"Asia","subregion":"Western Asia","population":4682467,"latlng":[31.9,35.2],"demonym":"Palestinian","area":null,"gini":35.5,"timezones":["UTC+02:00"],"borders":["ISR","EGY","JOR"],"nativeName":"??????","numericCode":"275","currencies":[{"code":"ILS","name":"Israeli new sheqel","symbol":"?"}],"languages":[{"iso639_1":"ar","iso639_2":"ara","name":"Arabic","nativeName":"???????"}],"translations":{"de":"Palästina","es":"Palestina","fr":"Palestine","ja":"?????","it":"Palestina","br":"Palestina","pt":"Palestina","nl":"Palestijnse gebieden","hr":"Palestina","fa":"??????"},"flag":"https://restcountries.eu/data/pse.svg","regionalBlocs":[{"acronym":"AL","name":"Arab League","otherAcronyms":[],"otherNames":["????? ????? ???????","J?mi?at ad-Duwal al-?Arab?yah","League of Arab States"]}],"cioc":"PLE"},{"name":"Panama","topLevelDomain":[".pa"],"alpha2Code":"PA","alpha3Code":"PAN","callingCodes":["507"],"capital":"Panama City","altSpellings":["PA","Republic of Panama","República de Panamá"],"region":"Americas","subregion":"Central America","population":3814672,"latlng":[9.0,-80.0],"demonym":"Panamanian","area":75417.0,"gini":51.9,"timezones":["UTC-05:00"],"borders":["COL","CRI"],"nativeName":"Panamá","numericCode":"591","currencies":[{"code":"PAB","name":"Panamanian balboa","symbol":"B/."},{"code":"USD","name":"United States dollar","symbol":"$"}],"languages":[{"iso639_1":"es","iso639_2":"spa","name":"Spanish","nativeName":"Español"}],"translations":{"de":"Panama","es":"Panamá","fr":"Panama","ja":"???","it":"Panama","br":"Panamá","pt":"Panamá","nl":"Panama","hr":"Panama","fa":"??????"},"flag":"https://restcountries.eu/data/pan.svg","regionalBlocs":[{"acronym":"CAIS","name":"Central American Integration System","otherAcronyms":["SICA"],"otherNames":["Sistema de la Integración Centroamericana,"]}],"cioc":"PAN"},{"name":"Papua New Guinea","topLevelDomain":[".pg"],"alpha2Code":"PG","alpha3Code":"PNG","callingCodes":["675"],"capital":"Port Moresby","altSpellings":["PG","Independent State of Papua New Guinea","Independen Stet bilong Papua Niugini"],"region":"Oceania","subregion":"Melanesia","population":8083700,"latlng":[-6.0,147.0],"demonym":"Papua New Guinean","area":462840.0,"gini":50.9,"timezones":["UTC+10:00"],"borders":["IDN"],"nativeName":"Papua Niugini","numericCode":"598","currencies":[{"code":"PGK","name":"Papua New Guinean kina","symbol":"K"}],"languages":[{"iso639_1":"en","iso639_2":"eng","name":"English","nativeName":"English"}],"translations":{"de":"Papua-Neuguinea","es":"Papúa Nueva Guinea","fr":"Papouasie-Nouvelle-Guinée","ja":"?????????","it":"Papua Nuova Guinea","br":"Papua Nova Guiné","pt":"Papua Nova Guiné","nl":"Papoea-Nieuw-Guinea","hr":"Papua Nova Gvineja","fa":"????? ???? ??"},"flag":"https://restcountries.eu/data/png.svg","regionalBlocs":[],"cioc":"PNG"},{"name":"Paraguay","topLevelDomain":[".py"],"alpha2Code":"PY","alpha3Code":"PRY","callingCodes":["595"],"capital":"Asunción","altSpellings":["PY","Republic of Paraguay","República del Paraguay","Tetã Paraguái"],"region":"Americas","subregion":"South America","population":6854536,"latlng":[-23.0,-58.0],"demonym":"Paraguayan","area":406752.0,"gini":52.4,"timezones":["UTC-04:00"],"borders":["ARG","BOL","BRA"],"nativeName":"Paraguay","numericCode":"600","currencies":[{"code":"PYG","name":"Paraguayan guaraní","symbol":"?"}],"languages":[{"iso639_1":"es","iso639_2":"spa","name":"Spanish","nativeName":"Español"},{"iso639_1":"gn","iso639_2":"grn","name":"Guaraní","nativeName":"Avañe'?"}],"translations":{"de":"Paraguay","es":"Paraguay","fr":"Paraguay","ja":"?????","it":"Paraguay","br":"Paraguai","pt":"Paraguai","nl":"Paraguay","hr":"Paragvaj","fa":"????????"},"flag":"https://restcountries.eu/data/pry.svg","regionalBlocs":[{"acronym":"USAN","name":"Union of South American Nations","otherAcronyms":["UNASUR","UNASUL","UZAN"],"otherNames":["Unión de Naciones Suramericanas","União de Nações Sul-Americanas","Unie van Zuid-Amerikaanse Naties","South American Union"]}],"cioc":"PAR"},{"name":"Peru","topLevelDomain":[".pe"],"alpha2Code":"PE","alpha3Code":"PER","callingCodes":["51"],"capital":"Lima","altSpellings":["PE","Republic of Peru"," República del Perú"],"region":"Americas","subregion":"South America","population":31488700,"latlng":[-10.0,-76.0],"demonym":"Peruvian","area":1285216.0,"gini":48.1,"timezones":["UTC-05:00"],"borders":["BOL","BRA","CHL","COL","ECU"],"nativeName":"Perú","numericCode":"604","currencies":[{"code":"PEN","name":"Peruvian sol","symbol":"S/."}],"languages":[{"iso639_1":"es","iso639_2":"spa","name":"Spanish","nativeName":"Español"}],"translations":{"de":"Peru","es":"Perú","fr":"Pérou","ja":"???","it":"Perù","br":"Peru","pt":"Peru","nl":"Peru","hr":"Peru","fa":"???"},"flag":"https://restcountries.eu/data/per.svg","regionalBlocs":[{"acronym":"PA","name":"Pacific Alliance","otherAcronyms":[],"otherNames":["Alianza del Pacífico"]},{"acronym":"USAN","name":"Union of South American Nations","otherAcronyms":["UNASUR","UNASUL","UZAN"],"otherNames":["Unión de Naciones Suramericanas","União de Nações Sul-Americanas","Unie van Zuid-Amerikaanse Naties","South American Union"]}],"cioc":"PER"},{"name":"Philippines","topLevelDomain":[".ph"],"alpha2Code":"PH","alpha3Code":"PHL","callingCodes":["63"],"capital":"Manila","altSpellings":["PH","Republic of the Philippines","Repúblika ng Pilipinas"],"region":"Asia","subregion":"South-Eastern Asia","population":103279800,"latlng":[13.0,122.0],"demonym":"Filipino","area":342353.0,"gini":43.0,"timezones":["UTC+08:00"],"borders":[],"nativeName":"Pilipinas","numericCode":"608","currencies":[{"code":"PHP","name":"Philippine peso","symbol":"?"}],"languages":[{"iso639_1":"en","iso639_2":"eng","name":"English","nativeName":"English"}],"translations":{"de":"Philippinen","es":"Filipinas","fr":"Philippines","ja":"?????","it":"Filippine","br":"Filipinas","pt":"Filipinas","nl":"Filipijnen","hr":"Filipini","fa":"????? ???????????"},"flag":"https://restcountries.eu/data/phl.svg","regionalBlocs":[{"acronym":"ASEAN","name":"Association of Southeast Asian Nations","otherAcronyms":[],"otherNames":[]}],"cioc":"PHI"},{"name":"Pitcairn","topLevelDomain":[".pn"],"alpha2Code":"PN","alpha3Code":"PCN","callingCodes":["64"],"capital":"Adamstown","altSpellings":["PN","Pitcairn Henderson Ducie and Oeno Islands"],"region":"Oceania","subregion":"Polynesia","population":56,"latlng":[-25.06666666,-130.1],"demonym":"Pitcairn Islander","area":47.0,"gini":null,"timezones":["UTC-08:00"],"borders":[],"nativeName":"Pitcairn Islands","numericCode":"612","currencies":[{"code":"NZD","name":"New Zealand dollar","symbol":"$"},{"code":null,"name":"Pitcairn Islands dollar","symbol":"$"}],"languages":[{"iso639_1":"en","iso639_2":"eng","name":"English","nativeName":"English"}],"translations":{"de":"Pitcairn","es":"Islas Pitcairn","fr":"Îles Pitcairn","ja":"?????","it":"Isole Pitcairn","br":"Ilhas Pitcairn","pt":"Ilhas Picárnia","nl":"Pitcairneilanden","hr":"Pitcairnovo oto?je","fa":"??????"},"flag":"https://restcountries.eu/data/pcn.svg","regionalBlocs":[],"cioc":""},{"name":"Poland","topLevelDomain":[".pl"],"alpha2Code":"PL","alpha3Code":"POL","callingCodes":["48"],"capital":"Warsaw","altSpellings":["PL","Republic of Poland","Rzeczpospolita Polska"],"region":"Europe","subregion":"Eastern Europe","population":38437239,"latlng":[52.0,20.0],"demonym":"Polish","area":312679.0,"gini":34.1,"timezones":["UTC+01:00"],"borders":["BLR","CZE","DEU","LTU","RUS","SVK","UKR"],"nativeName":"Polska","numericCode":"616","currencies":[{"code":"PLN","name":"Polish z?oty","symbol":"z?"}],"languages":[{"iso639_1":"pl","iso639_2":"pol","name":"Polish","nativeName":"j?zyk polski"}],"translations":{"de":"Polen","es":"Polonia","fr":"Pologne","ja":"?????","it":"Polonia","br":"Polônia","pt":"Polónia","nl":"Polen","hr":"Poljska","fa":"??????"},"flag":"https://restcountries.eu/data/pol.svg","regionalBlocs":[{"acronym":"EU","name":"European Union","otherAcronyms":[],"otherNames":[]}],"cioc":"POL"},{"name":"Portugal","topLevelDomain":[".pt"],"alpha2Code":"PT","alpha3Code":"PRT","callingCodes":["351"],"capital":"Lisbon","altSpellings":["PT","Portuguesa","Portuguese Republic","República Portuguesa"],"region":"Europe","subregion":"Southern Europe","population":10374822,"latlng":[39.5,-8.0],"demonym":"Portuguese","area":92090.0,"gini":38.5,"timezones":["UTC-01:00","UTC"],"borders":["ESP"],"nativeName":"Portugal","numericCode":"620","currencies":[{"code":"EUR","name":"Euro","symbol":"€"}],"languages":[{"iso639_1":"pt","iso639_2":"por","name":"Portuguese","nativeName":"Português"}],"translations":{"de":"Portugal","es":"Portugal","fr":"Portugal","ja":"?????","it":"Portogallo","br":"Portugal","pt":"Portugal","nl":"Portugal","hr":"Portugal","fa":"??????"},"flag":"https://restcountries.eu/data/prt.svg","regionalBlocs":[{"acronym":"EU","name":"European Union","otherAcronyms":[],"otherNames":[]}],"cioc":"POR"},{"name":"Puerto Rico","topLevelDomain":[".pr"],"alpha2Code":"PR","alpha3Code":"PRI","callingCodes":["1787","1939"],"capital":"San Juan","altSpellings":["PR","Commonwealth of Puerto Rico","Estado Libre Asociado de Puerto Rico"],"region":"Americas","subregion":"Caribbean","population":3474182,"latlng":[18.25,-66.5],"demonym":"Puerto Rican","area":8870.0,"gini":null,"timezones":["UTC-04:00"],"borders":[],"nativeName":"Puerto Rico","numericCode":"630","currencies":[{"code":"USD","name":"United States dollar","symbol":"$"}],"languages":[{"iso639_1":"es","iso639_2":"spa","name":"Spanish","nativeName":"Español"},{"iso639_1":"en","iso639_2":"eng","name":"English","nativeName":"English"}],"translations":{"de":"Puerto Rico","es":"Puerto Rico","fr":"Porto Rico","ja":"??????","it":"Porto Rico","br":"Porto Rico","pt":"Porto Rico","nl":"Puerto Rico","hr":"Portoriko","fa":"????? ????"},"flag":"https://restcountries.eu/data/pri.svg","regionalBlocs":[],"cioc":"PUR"},{"name":"Qatar","topLevelDomain":[".qa"],"alpha2Code":"QA","alpha3Code":"QAT","callingCodes":["974"],"capital":"Doha","altSpellings":["QA","State of Qatar","Dawlat Qa?ar"],"region":"Asia","subregion":"Western Asia","population":2587564,"latlng":[25.5,51.25],"demonym":"Qatari","area":11586.0,"gini":41.1,"timezones":["UTC+03:00"],"borders":["SAU"],"nativeName":"???","numericCode":"634","currencies":[{"code":"QAR","name":"Qatari riyal","symbol":"?.?"}],"languages":[{"iso639_1":"ar","iso639_2":"ara","name":"Arabic","nativeName":"???????"}],"translations":{"de":"Katar","es":"Catar","fr":"Qatar","ja":"????","it":"Qatar","br":"Catar","pt":"Catar","nl":"Qatar","hr":"Katar","fa":"???"},"flag":"https://restcountries.eu/data/qat.svg","regionalBlocs":[{"acronym":"AL","name":"Arab League","otherAcronyms":[],"otherNames":["????? ????? ???????","J?mi?at ad-Duwal al-?Arab?yah","League of Arab States"]}],"cioc":"QAT"},{"name":"Republic of Kosovo","topLevelDomain":[""],"alpha2Code":"XK","alpha3Code":"KOS","callingCodes":["383"],"capital":"Pristina","altSpellings":["XK","????????? ??????"],"region":"Europe","subregion":"Eastern Europe","population":1733842,"latlng":[42.666667,21.166667],"demonym":"Kosovar","area":10908.0,"gini":null,"timezones":["UTC+01:00"],"borders":["ALB","MKD","MNE","SRB"],"nativeName":"Republika e Kosovës","numericCode":null,"currencies":[{"code":"EUR","name":"Euro","symbol":"€"}],"languages":[{"iso639_1":"sq","iso639_2":"sqi","name":"Albanian","nativeName":"Shqip"},{"iso639_1":"sr","iso639_2":"srp","name":"Serbian","nativeName":"?????? ?????"}],"translations":{"de":null,"es":"Kosovo","fr":null,"ja":null,"it":null,"br":"Kosovo","pt":"Kosovo","nl":null,"hr":"Kosovo","fa":"?????"},"flag":"https://restcountries.eu/data/kos.svg","regionalBlocs":[{"acronym":"CEFTA","name":"Central European Free Trade Agreement","otherAcronyms":[],"otherNames":[]}],"cioc":null},{"name":"Réunion","topLevelDomain":[".re"],"alpha2Code":"RE","alpha3Code":"REU","callingCodes":["262"],"capital":"Saint-Denis","altSpellings":["RE","Reunion"],"region":"Africa","subregion":"Eastern Africa","population":840974,"latlng":[-21.15,55.5],"demonym":"French","area":null,"gini":null,"timezones":["UTC+04:00"],"borders":[],"nativeName":"La Réunion","numericCode":"638","currencies":[{"code":"EUR","name":"Euro","symbol":"€"}],"languages":[{"iso639_1":"fr","iso639_2":"fra","name":"French","nativeName":"français"}],"translations":{"de":"Réunion","es":"Reunión","fr":"Réunion","ja":"?????","it":"Riunione","br":"Reunião","pt":"Reunião","nl":"Réunion","hr":"Réunion","fa":"???????"},"flag":"https://restcountries.eu/data/reu.svg","regionalBlocs":[{"acronym":"AU","name":"African Union","otherAcronyms":[],"otherNames":["??????? ????????","Union africaine","União Africana","Unión Africana","Umoja wa Afrika"]}],"cioc":""},{"name":"Romania","topLevelDomain":[".ro"],"alpha2Code":"RO","alpha3Code":"ROU","callingCodes":["40"],"capital":"Bucharest","altSpellings":["RO","Rumania","Roumania","România"],"region":"Europe","subregion":"Eastern Europe","population":19861408,"latlng":[46.0,25.0],"demonym":"Romanian","area":238391.0,"gini":30.0,"timezones":["UTC+02:00"],"borders":["BGR","HUN","MDA","SRB","UKR"],"nativeName":"România","numericCode":"642","currencies":[{"code":"RON","name":"Romanian leu","symbol":"lei"}],"languages":[{"iso639_1":"ro","iso639_2":"ron","name":"Romanian","nativeName":"Român?"}],"translations":{"de":"Rumänien","es":"Rumania","fr":"Roumanie","ja":"?????","it":"Romania","br":"Romênia","pt":"Roménia","nl":"Roemenië","hr":"Rumunjska","fa":"??????"},"flag":"https://restcountries.eu/data/rou.svg","regionalBlocs":[{"acronym":"EU","name":"European Union","otherAcronyms":[],"otherNames":[]}],"cioc":"ROU"},{"name":"Russian Federation","topLevelDomain":[".ru"],"alpha2Code":"RU","alpha3Code":"RUS","callingCodes":["7"],"capital":"Moscow","altSpellings":["RU","Rossiya","Russian Federation","?????????? ?????????","Rossiyskaya Federatsiya"],"region":"Europe","subregion":"Eastern Europe","population":146599183,"latlng":[60.0,100.0],"demonym":"Russian","area":1.7124442E7,"gini":40.1,"timezones":["UTC+03:00","UTC+04:00","UTC+06:00","UTC+07:00","UTC+08:00","UTC+09:00","UTC+10:00","UTC+11:00","UTC+12:00"],"borders":["AZE","BLR","CHN","EST","FIN","GEO","KAZ","PRK","LVA","LTU","MNG","NOR","POL","UKR"],"nativeName":"??????","numericCode":"643","currencies":[{"code":"RUB","name":"Russian ruble","symbol":"?"}],"languages":[{"iso639_1":"ru","iso639_2":"rus","name":"Russian","nativeName":"???????"}],"translations":{"de":"Russland","es":"Rusia","fr":"Russie","ja":"?????","it":"Russia","br":"Rússia","pt":"Rússia","nl":"Rusland","hr":"Rusija","fa":"?????"},"flag":"https://restcountries.eu/data/rus.svg","regionalBlocs":[{"acronym":"EEU","name":"Eurasian Economic Union","otherAcronyms":["EAEU"],"otherNames":[]}],"cioc":"RUS"},{"name":"Rwanda","topLevelDomain":[".rw"],"alpha2Code":"RW","alpha3Code":"RWA","callingCodes":["250"],"capital":"Kigali","altSpellings":["RW","Republic of Rwanda","Repubulika y'u Rwanda","République du Rwanda"],"region":"Africa","subregion":"Eastern Africa","population":11553188,"latlng":[-2.0,30.0],"demonym":"Rwandan","area":26338.0,"gini":50.8,"timezones":["UTC+02:00"],"borders":["BDI","COD","TZA","UGA"],"nativeName":"Rwanda","numericCode":"646","currencies":[{"code":"RWF","name":"Rwandan franc","symbol":"Fr"}],"languages":[{"iso639_1":"rw","iso639_2":"kin","name":"Kinyarwanda","nativeName":"Ikinyarwanda"},{"iso639_1":"en","iso639_2":"eng","name":"English","nativeName":"English"},{"iso639_1":"fr","iso639_2":"fra","name":"French","nativeName":"français"}],"translations":{"de":"Ruanda","es":"Ruanda","fr":"Rwanda","ja":"????","it":"Ruanda","br":"Ruanda","pt":"Ruanda","nl":"Rwanda","hr":"Ruanda","fa":"??????"},"flag":"https://restcountries.eu/data/rwa.svg","regionalBlocs":[{"acronym":"AU","name":"African Union","otherAcronyms":[],"otherNames":["??????? ????????","Union africaine","União Africana","Unión Africana","Umoja wa Afrika"]}],"cioc":"RWA"},{"name":"Saint Barthélemy","topLevelDomain":[".bl"],"alpha2Code":"BL","alpha3Code":"BLM","callingCodes":["590"],"capital":"Gustavia","altSpellings":["BL","St. Barthelemy","Collectivity of Saint Barthélemy","Collectivité de Saint-Barthélemy"],"region":"Americas","subregion":"Caribbean","population":9417,"latlng":[18.5,-63.41666666],"demonym":"Saint Barthélemy Islander","area":21.0,"gini":null,"timezones":["UTC-04:00"],"borders":[],"nativeName":"Saint-Barthélemy","numericCode":"652","currencies":[{"code":"EUR","name":"Euro","symbol":"€"}],"languages":[{"iso639_1":"fr","iso639_2":"fra","name":"French","nativeName":"français"}],"translations":{"de":"Saint-Barthélemy","es":"San Bartolomé","fr":"Saint-Barthélemy","ja":"?????????","it":"Antille Francesi","br":"São Bartolomeu","pt":"São Bartolomeu","nl":"Saint Barthélemy","hr":"Saint Barthélemy","fa":"??-???????"},"flag":"https://restcountries.eu/data/blm.svg","regionalBlocs":[],"cioc":""},{"name":"Saint Helena, Ascension and Tristan da Cunha","topLevelDomain":[".sh"],"alpha2Code":"SH","alpha3Code":"SHN","callingCodes":["290"],"capital":"Jamestown","altSpellings":["SH"],"region":"Africa","subregion":"Western Africa","population":4255,"latlng":[-15.95,-5.7],"demonym":"Saint Helenian","area":null,"gini":null,"timezones":["UTC+00:00"],"borders":[],"nativeName":"Saint Helena","numericCode":"654","currencies":[{"code":"SHP","name":"Saint Helena pound","symbol":"£"}],"languages":[{"iso639_1":"en","iso639_2":"eng","name":"English","nativeName":"English"}],"translations":{"de":"Sankt Helena","es":"Santa Helena","fr":"Sainte-Hélène","ja":"??????????????????????????","it":"Sant'Elena","br":"Santa Helena","pt":"Santa Helena","nl":"Sint-Helena","hr":"Sveta Helena","fa":"??? ????? ????? ? ??????? ?? ????"},"flag":"https://restcountries.eu/data/shn.svg","regionalBlocs":[{"acronym":"AU","name":"African Union","otherAcronyms":[],"otherNames":["??????? ????????","Union africaine","União Africana","Unión Africana","Umoja wa Afrika"]}],"cioc":null},{"name":"Saint Kitts and Nevis","topLevelDomain":[".kn"],"alpha2Code":"KN","alpha3Code":"KNA","callingCodes":["1869"],"capital":"Basseterre","altSpellings":["KN","Federation of Saint Christopher and Nevis"],"region":"Americas","subregion":"Caribbean","population":46204,"latlng":[17.33333333,-62.75],"demonym":"Kittian and Nevisian","area":261.0,"gini":null,"timezones":["UTC-04:00"],"borders":[],"nativeName":"Saint Kitts and Nevis","numericCode":"659","currencies":[{"code":"XCD","name":"East Caribbean dollar","symbol":"$"}],"languages":[{"iso639_1":"en","iso639_2":"eng","name":"English","nativeName":"English"}],"translations":{"de":"St. Kitts und Nevis","es":"San Cristóbal y Nieves","fr":"Saint-Christophe-et-Niévès","ja":"???????????????","it":"Saint Kitts e Nevis","br":"São Cristóvão e Neves","pt":"São Cristóvão e Neves","nl":"Saint Kitts en Nevis","hr":"Sveti Kristof i Nevis","fa":"??? ???? ? ????"},"flag":"https://restcountries.eu/data/kna.svg","regionalBlocs":[{"acronym":"CARICOM","name":"Caribbean Community","otherAcronyms":[],"otherNames":["Comunidad del Caribe","Communauté Caribéenne","Caribische Gemeenschap"]}],"cioc":"SKN"},{"name":"Saint Lucia","topLevelDomain":[".lc"],"alpha2Code":"LC","alpha3Code":"LCA","callingCodes":["1758"],"capital":"Castries","altSpellings":["LC"],"region":"Americas","subregion":"Caribbean","population":186000,"latlng":[13.88333333,-60.96666666],"demonym":"Saint Lucian","area":616.0,"gini":42.6,"timezones":["UTC-04:00"],"borders":[],"nativeName":"Saint Lucia","numericCode":"662","currencies":[{"code":"XCD","name":"East Caribbean dollar","symbol":"$"}],"languages":[{"iso639_1":"en","iso639_2":"eng","name":"English","nativeName":"English"}],"translations":{"de":"Saint Lucia","es":"Santa Lucía","fr":"Saint-Lucie","ja":"??????","it":"Santa Lucia","br":"Santa Lúcia","pt":"Santa Lúcia","nl":"Saint Lucia","hr":"Sveta Lucija","fa":"??? ?????"},"flag":"https://restcountries.eu/data/lca.svg","regionalBlocs":[{"acronym":"CARICOM","name":"Caribbean Community","otherAcronyms":[],"otherNames":["Comunidad del Caribe","Communauté Caribéenne","Caribische Gemeenschap"]}],"cioc":"LCA"},{"name":"Saint Martin (French part)","topLevelDomain":[".mf",".fr",".gp"],"alpha2Code":"MF","alpha3Code":"MAF","callingCodes":["590"],"capital":"Marigot","altSpellings":["MF","Collectivity of Saint Martin","Collectivité de Saint-Martin"],"region":"Americas","subregion":"Caribbean","population":36979,"latlng":[18.08333333,-63.95],"demonym":"Saint Martin Islander","area":53.0,"gini":null,"timezones":["UTC-04:00"],"borders":["SXM","NLD"],"nativeName":"Saint-Martin","numericCode":"663","currencies":[{"code":"EUR","name":"Euro","symbol":"€"}],"languages":[{"iso639_1":"en","iso639_2":"eng","name":"English","nativeName":"English"},{"iso639_1":"fr","iso639_2":"fra","name":"French","nativeName":"français"},{"iso639_1":"nl","iso639_2":"nld","name":"Dutch","nativeName":"Nederlands"}],"translations":{"de":"Saint Martin","es":"Saint Martin","fr":"Saint-Martin","ja":"??????????????","it":"Saint Martin","br":"Saint Martin","pt":"Ilha São Martinho","nl":"Saint-Martin","hr":"Sveti Martin","fa":"???? ?????"},"flag":"https://restcountries.eu/data/maf.svg","regionalBlocs":[],"cioc":""},{"name":"Saint Pierre and Miquelon","topLevelDomain":[".pm"],"alpha2Code":"PM","alpha3Code":"SPM","callingCodes":["508"],"capital":"Saint-Pierre","altSpellings":["PM","Collectivité territoriale de Saint-Pierre-et-Miquelon"],"region":"Americas","subregion":"Northern America","population":6069,"latlng":[46.83333333,-56.33333333],"demonym":"French","area":242.0,"gini":null,"timezones":["UTC-03:00"],"borders":[],"nativeName":"Saint-Pierre-et-Miquelon","numericCode":"666","currencies":[{"code":"EUR","name":"Euro","symbol":"€"}],"languages":[{"iso639_1":"fr","iso639_2":"fra","name":"French","nativeName":"français"}],"translations":{"de":"Saint-Pierre und Miquelon","es":"San Pedro y Miquelón","fr":"Saint-Pierre-et-Miquelon","ja":"?????????????","it":"Saint-Pierre e Miquelon","br":"Saint-Pierre e Miquelon","pt":"São Pedro e Miquelon","nl":"Saint Pierre en Miquelon","hr":"Sveti Petar i Mikelon","fa":"?? ??? ? ?????"},"flag":"https://restcountries.eu/data/spm.svg","regionalBlocs":[],"cioc":""},{"name":"Saint Vincent and the Grenadines","topLevelDomain":[".vc"],"alpha2Code":"VC","alpha3Code":"VCT","callingCodes":["1784"],"capital":"Kingstown","altSpellings":["VC"],"region":"Americas","subregion":"Caribbean","population":109991,"latlng":[13.25,-61.2],"demonym":"Saint Vincentian","area":389.0,"gini":null,"timezones":["UTC-04:00"],"borders":[],"nativeName":"Saint Vincent and the Grenadines","numericCode":"670","currencies":[{"code":"XCD","name":"East Caribbean dollar","symbol":"$"}],"languages":[{"iso639_1":"en","iso639_2":"eng","name":"English","nativeName":"English"}],"translations":{"de":"Saint Vincent und die Grenadinen","es":"San Vicente y Granadinas","fr":"Saint-Vincent-et-les-Grenadines","ja":"????????????????????","it":"Saint Vincent e Grenadine","br":"São Vicente e Granadinas","pt":"São Vicente e Granadinas","nl":"Saint Vincent en de Grenadines","hr":"Sveti Vincent i Grenadini","fa":"??? ?????? ? ??????????"},"flag":"https://restcountries.eu/data/vct.svg","regionalBlocs":[{"acronym":"CARICOM","name":"Caribbean Community","otherAcronyms":[],"otherNames":["Comunidad del Caribe","Communauté Caribéenne","Caribische Gemeenschap"]}],"cioc":"VIN"},{"name":"Samoa","topLevelDomain":[".ws"],"alpha2Code":"WS","alpha3Code":"WSM","callingCodes":["685"],"capital":"Apia","altSpellings":["WS","Independent State of Samoa","Malo Sa?oloto Tuto?atasi o S?moa"],"region":"Oceania","subregion":"Polynesia","population":194899,"latlng":[-13.58333333,-172.33333333],"demonym":"Samoan","area":2842.0,"gini":null,"timezones":["UTC+13:00"],"borders":[],"nativeName":"Samoa","numericCode":"882","currencies":[{"code":"WST","name":"Samoan t?l?","symbol":"T"}],"languages":[{"iso639_1":"sm","iso639_2":"smo","name":"Samoan","nativeName":"gagana fa'a Samoa"},{"iso639_1":"en","iso639_2":"eng","name":"English","nativeName":"English"}],"translations":{"de":"Samoa","es":"Samoa","fr":"Samoa","ja":"???","it":"Samoa","br":"Samoa","pt":"Samoa","nl":"Samoa","hr":"Samoa","fa":"?????"},"flag":"https://restcountries.eu/data/wsm.svg","regionalBlocs":[],"cioc":"SAM"},{"name":"San Marino","topLevelDomain":[".sm"],"alpha2Code":"SM","alpha3Code":"SMR","callingCodes":["378"],"capital":"City of San Marino","altSpellings":["SM","Republic of San Marino","Repubblica di San Marino"],"region":"Europe","subregion":"Southern Europe","population":33005,"latlng":[43.76666666,12.41666666],"demonym":"Sammarinese","area":61.0,"gini":null,"timezones":["UTC+01:00"],"borders":["ITA"],"nativeName":"San Marino","numericCode":"674","currencies":[{"code":"EUR","name":"Euro","symbol":"€"}],"languages":[{"iso639_1":"it","iso639_2":"ita","name":"Italian","nativeName":"Italiano"}],"translations":{"de":"San Marino","es":"San Marino","fr":"Saint-Marin","ja":"?????","it":"San Marino","br":"San Marino","pt":"São Marinho","nl":"San Marino","hr":"San Marino","fa":"??? ??????"},"flag":"https://restcountries.eu/data/smr.svg","regionalBlocs":[],"cioc":"SMR"},{"name":"Sao Tome and Principe","topLevelDomain":[".st"],"alpha2Code":"ST","alpha3Code":"STP","callingCodes":["239"],"capital":"São Tomé","altSpellings":["ST","Democratic Republic of São Tomé and Príncipe","República Democrática de São Tomé e Príncipe"],"region":"Africa","subregion":"Middle Africa","population":187356,"latlng":[1.0,7.0],"demonym":"Sao Tomean","area":964.0,"gini":50.8,"timezones":["UTC"],"borders":[],"nativeName":"São Tomé e Príncipe","numericCode":"678","currencies":[{"code":"STD","name":"São Tomé and Príncipe dobra","symbol":"Db"}],"languages":[{"iso639_1":"pt","iso639_2":"por","name":"Portuguese","nativeName":"Português"}],"translations":{"de":"São Tomé und Príncipe","es":"Santo Tomé y Príncipe","fr":"Sao Tomé-et-Principe","ja":"??????????","it":"São Tomé e Príncipe","br":"São Tomé e Príncipe","pt":"São Tomé e Príncipe","nl":"Sao Tomé en Principe","hr":"Sveti Toma i Princip","fa":"?????? ?? ??????"},"flag":"https://restcountries.eu/data/stp.svg","regionalBlocs":[{"acronym":"AU","name":"African Union","otherAcronyms":[],"otherNames":["??????? ????????","Union africaine","União Africana","Unión Africana","Umoja wa Afrika"]}],"cioc":"STP"},{"name":"Saudi Arabia","topLevelDomain":[".sa"],"alpha2Code":"SA","alpha3Code":"SAU","callingCodes":["966"],"capital":"Riyadh","altSpellings":["SA","Kingdom of Saudi Arabia","Al-Mamlakah al-‘Arabiyyah as-Su‘?diyyah"],"region":"Asia","subregion":"Western Asia","population":32248200,"latlng":[25.0,45.0],"demonym":"Saudi Arabian","area":2149690.0,"gini":null,"timezones":["UTC+03:00"],"borders":["IRQ","JOR","KWT","OMN","QAT","ARE","YEM"],"nativeName":"??????? ????????","numericCode":"682","currencies":[{"code":"SAR","name":"Saudi riyal","symbol":"?.?"}],"languages":[{"iso639_1":"ar","iso639_2":"ara","name":"Arabic","nativeName":"???????"}],"translations":{"de":"Saudi-Arabien","es":"Arabia Saudí","fr":"Arabie Saoudite","ja":"???????","it":"Arabia Saudita","br":"Arábia Saudita","pt":"Arábia Saudita","nl":"Saoedi-Arabië","hr":"Saudijska Arabija","fa":"??????? ?????"},"flag":"https://restcountries.eu/data/sau.svg","regionalBlocs":[{"acronym":"AL","name":"Arab League","otherAcronyms":[],"otherNames":["????? ????? ???????","J?mi?at ad-Duwal al-?Arab?yah","League of Arab States"]}],"cioc":"KSA"},{"name":"Senegal","topLevelDomain":[".sn"],"alpha2Code":"SN","alpha3Code":"SEN","callingCodes":["221"],"capital":"Dakar","altSpellings":["SN","Republic of Senegal","République du Sénégal"],"region":"Africa","subregion":"Western Africa","population":14799859,"latlng":[14.0,-14.0],"demonym":"Senegalese","area":196722.0,"gini":39.2,"timezones":["UTC"],"borders":["GMB","GIN","GNB","MLI","MRT"],"nativeName":"Sénégal","numericCode":"686","currencies":[{"code":"XOF","name":"West African CFA franc","symbol":"Fr"}],"languages":[{"iso639_1":"fr","iso639_2":"fra","name":"French","nativeName":"français"}],"translations":{"de":"Senegal","es":"Senegal","fr":"Sénégal","ja":"????","it":"Senegal","br":"Senegal","pt":"Senegal","nl":"Senegal","hr":"Senegal","fa":"?????"},"flag":"https://restcountries.eu/data/sen.svg","regionalBlocs":[{"acronym":"AU","name":"African Union","otherAcronyms":[],"otherNames":["??????? ????????","Union africaine","União Africana","Unión Africana","Umoja wa Afrika"]}],"cioc":"SEN"},{"name":"Serbia","topLevelDomain":[".rs"],"alpha2Code":"RS","alpha3Code":"SRB","callingCodes":["381"],"capital":"Belgrade","altSpellings":["RS","Srbija","Republic of Serbia","????????? ??????","Republika Srbija"],"region":"Europe","subregion":"Southern Europe","population":7076372,"latlng":[44.0,21.0],"demonym":"Serbian","area":88361.0,"gini":27.8,"timezones":["UTC+01:00"],"borders":["BIH","BGR","HRV","HUN","KOS","MKD","MNE","ROU"],"nativeName":"??????","numericCode":"688","currencies":[{"code":"RSD","name":"Serbian dinar","symbol":"???."}],"languages":[{"iso639_1":"sr","iso639_2":"srp","name":"Serbian","nativeName":"?????? ?????"}],"translations":{"de":"Serbien","es":"Serbia","fr":"Serbie","ja":"????","it":"Serbia","br":"Sérvia","pt":"Sérvia","nl":"Servië","hr":"Srbija","fa":"???????"},"flag":"https://restcountries.eu/data/srb.svg","regionalBlocs":[{"acronym":"CEFTA","name":"Central European Free Trade Agreement","otherAcronyms":[],"otherNames":[]}],"cioc":"SRB"},{"name":"Seychelles","topLevelDomain":[".sc"],"alpha2Code":"SC","alpha3Code":"SYC","callingCodes":["248"],"capital":"Victoria","altSpellings":["SC","Republic of Seychelles","Repiblik Sesel","République des Seychelles"],"region":"Africa","subregion":"Eastern Africa","population":91400,"latlng":[-4.58333333,55.66666666],"demonym":"Seychellois","area":452.0,"gini":65.8,"timezones":["UTC+04:00"],"borders":[],"nativeName":"Seychelles","numericCode":"690","currencies":[{"code":"SCR","name":"Seychellois rupee","symbol":"?"}],"languages":[{"iso639_1":"fr","iso639_2":"fra","name":"French","nativeName":"français"},{"iso639_1":"en","iso639_2":"eng","name":"English","nativeName":"English"}],"translations":{"de":"Seychellen","es":"Seychelles","fr":"Seychelles","ja":"?????","it":"Seychelles","br":"Seicheles","pt":"Seicheles","nl":"Seychellen","hr":"Sejšeli","fa":"????"},"flag":"https://restcountries.eu/data/syc.svg","regionalBlocs":[{"acronym":"AU","name":"African Union","otherAcronyms":[],"otherNames":["??????? ????????","Union africaine","União Africana","Unión Africana","Umoja wa Afrika"]}],"cioc":"SEY"},{"name":"Sierra Leone","topLevelDomain":[".sl"],"alpha2Code":"SL","alpha3Code":"SLE","callingCodes":["232"],"capital":"Freetown","altSpellings":["SL","Republic of Sierra Leone"],"region":"Africa","subregion":"Western Africa","population":7075641,"latlng":[8.5,-11.5],"demonym":"Sierra Leonean","area":71740.0,"gini":42.5,"timezones":["UTC"],"borders":["GIN","LBR"],"nativeName":"Sierra Leone","numericCode":"694","currencies":[{"code":"SLL","name":"Sierra Leonean leone","symbol":"Le"}],"languages":[{"iso639_1":"en","iso639_2":"eng","name":"English","nativeName":"English"}],"translations":{"de":"Sierra Leone","es":"Sierra Leone","fr":"Sierra Leone","ja":"??????","it":"Sierra Leone","br":"Serra Leoa","pt":"Serra Leoa","nl":"Sierra Leone","hr":"Sijera Leone","fa":"????????"},"flag":"https://restcountries.eu/data/sle.svg","regionalBlocs":[{"acronym":"AU","name":"African Union","otherAcronyms":[],"otherNames":["??????? ????????","Union africaine","União Africana","Unión Africana","Umoja wa Afrika"]}],"cioc":"SLE"},{"name":"Singapore","topLevelDomain":[".sg"],"alpha2Code":"SG","alpha3Code":"SGP","callingCodes":["65"],"capital":"Singapore","altSpellings":["SG","Singapura","Republik Singapura","??????"],"region":"Asia","subregion":"South-Eastern Asia","population":5535000,"latlng":[1.36666666,103.8],"demonym":"Singaporean","area":710.0,"gini":48.1,"timezones":["UTC+08:00"],"borders":[],"nativeName":"Singapore","numericCode":"702","currencies":[{"code":"BND","name":"Brunei dollar","symbol":"$"},{"code":"SGD","name":"Singapore dollar","symbol":"$"}],"languages":[{"iso639_1":"en","iso639_2":"eng","name":"English","nativeName":"English"},{"iso639_1":"ms","iso639_2":"msa","name":"Malay","nativeName":"bahasa Melayu"},{"iso639_1":"ta","iso639_2":"tam","name":"Tamil","nativeName":"?????"},{"iso639_1":"zh","iso639_2":"zho","name":"Chinese","nativeName":"?? (Zh?ngwén)"}],"translations":{"de":"Singapur","es":"Singapur","fr":"Singapour","ja":"??????","it":"Singapore","br":"Singapura","pt":"Singapura","nl":"Singapore","hr":"Singapur","fa":"???????"},"flag":"https://restcountries.eu/data/sgp.svg","regionalBlocs":[{"acronym":"ASEAN","name":"Association of Southeast Asian Nations","otherAcronyms":[],"otherNames":[]}],"cioc":"SIN"},{"name":"Sint Maarten (Dutch part)","topLevelDomain":[".sx"],"alpha2Code":"SX","alpha3Code":"SXM","callingCodes":["1721"],"capital":"Philipsburg","altSpellings":["SX"],"region":"Americas","subregion":"Caribbean","population":38247,"latlng":[18.033333,-63.05],"demonym":"Dutch","area":34.0,"gini":null,"timezones":["UTC-04:00"],"borders":["MAF"],"nativeName":"Sint Maarten","numericCode":"534","currencies":[{"code":"ANG","name":"Netherlands Antillean guilder","symbol":"ƒ"}],"languages":[{"iso639_1":"nl","iso639_2":"nld","name":"Dutch","nativeName":"Nederlands"},{"iso639_1":"en","iso639_2":"eng","name":"English","nativeName":"English"}],"translations":{"de":"Sint Maarten (niederl. Teil)","es":null,"fr":"Saint Martin (partie néerlandaise)","ja":null,"it":"Saint Martin (parte olandese)","br":"Sint Maarten","pt":"São Martinho","nl":"Sint Maarten","hr":null,"fa":"???? ?????"},"flag":"https://restcountries.eu/data/sxm.svg","regionalBlocs":[],"cioc":""},{"name":"Slovakia","topLevelDomain":[".sk"],"alpha2Code":"SK","alpha3Code":"SVK","callingCodes":["421"],"capital":"Bratislava","altSpellings":["SK","Slovak Republic","Slovenská republika"],"region":"Europe","subregion":"Eastern Europe","population":5426252,"latlng":[48.66666666,19.5],"demonym":"Slovak","area":49037.0,"gini":26.0,"timezones":["UTC+01:00"],"borders":["AUT","CZE","HUN","POL","UKR"],"nativeName":"Slovensko","numericCode":"703","currencies":[{"code":"EUR","name":"Euro","symbol":"€"}],"languages":[{"iso639_1":"sk","iso639_2":"slk","name":"Slovak","nativeName":"sloven?ina"}],"translations":{"de":"Slowakei","es":"República Eslovaca","fr":"Slovaquie","ja":"?????","it":"Slovacchia","br":"Eslováquia","pt":"Eslováquia","nl":"Slowakije","hr":"Slova?ka","fa":"???????"},"flag":"https://restcountries.eu/data/svk.svg","regionalBlocs":[{"acronym":"EU","name":"European Union","otherAcronyms":[],"otherNames":[]}],"cioc":"SVK"},{"name":"Slovenia","topLevelDomain":[".si"],"alpha2Code":"SI","alpha3Code":"SVN","callingCodes":["386"],"capital":"Ljubljana","altSpellings":["SI","Republic of Slovenia","Republika Slovenija"],"region":"Europe","subregion":"Southern Europe","population":2064188,"latlng":[46.11666666,14.81666666],"demonym":"Slovene","area":20273.0,"gini":31.2,"timezones":["UTC+01:00"],"borders":["AUT","HRV","ITA","HUN"],"nativeName":"Slovenija","numericCode":"705","currencies":[{"code":"EUR","name":"Euro","symbol":"€"}],"languages":[{"iso639_1":"sl","iso639_2":"slv","name":"Slovene","nativeName":"slovenski jezik"}],"translations":{"de":"Slowenien","es":"Eslovenia","fr":"Slovénie","ja":"?????","it":"Slovenia","br":"Eslovênia","pt":"Eslovénia","nl":"Slovenië","hr":"Slovenija","fa":"???????"},"flag":"https://restcountries.eu/data/svn.svg","regionalBlocs":[{"acronym":"EU","name":"European Union","otherAcronyms":[],"otherNames":[]}],"cioc":"SLO"},{"name":"Solomon Islands","topLevelDomain":[".sb"],"alpha2Code":"SB","alpha3Code":"SLB","callingCodes":["677"],"capital":"Honiara","altSpellings":["SB"],"region":"Oceania","subregion":"Melanesia","population":642000,"latlng":[-8.0,159.0],"demonym":"Solomon Islander","area":28896.0,"gini":null,"timezones":["UTC+11:00"],"borders":[],"nativeName":"Solomon Islands","numericCode":"090","currencies":[{"code":"SBD","name":"Solomon Islands dollar","symbol":"$"}],"languages":[{"iso639_1":"en","iso639_2":"eng","name":"English","nativeName":"English"}],"translations":{"de":"Salomonen","es":"Islas Salomón","fr":"Îles Salomon","ja":"??????","it":"Isole Salomone","br":"Ilhas Salomão","pt":"Ilhas Salomão","nl":"Salomonseilanden","hr":"Solomonski Otoci","fa":"????? ??????"},"flag":"https://restcountries.eu/data/slb.svg","regionalBlocs":[],"cioc":"SOL"},{"name":"Somalia","topLevelDomain":[".so"],"alpha2Code":"SO","alpha3Code":"SOM","callingCodes":["252"],"capital":"Mogadishu","altSpellings":["SO","a?-??m?l","Federal Republic of Somalia","Jamhuuriyadda Federaalka Soomaaliya","Jumh?riyyat a?-??m?l al-Fider?liyya"],"region":"Africa","subregion":"Eastern Africa","population":11079000,"latlng":[10.0,49.0],"demonym":"Somali","area":637657.0,"gini":null,"timezones":["UTC+03:00"],"borders":["DJI","ETH","KEN"],"nativeName":"Soomaaliya","numericCode":"706","currencies":[{"code":"SOS","name":"Somali shilling","symbol":"Sh"}],"languages":[{"iso639_1":"so","iso639_2":"som","name":"Somali","nativeName":"Soomaaliga"},{"iso639_1":"ar","iso639_2":"ara","name":"Arabic","nativeName":"???????"}],"translations":{"de":"Somalia","es":"Somalia","fr":"Somalie","ja":"????","it":"Somalia","br":"Somália","pt":"Somália","nl":"Somalië","hr":"Somalija","fa":"??????"},"flag":"https://restcountries.eu/data/som.svg","regionalBlocs":[{"acronym":"AU","name":"African Union","otherAcronyms":[],"otherNames":["??????? ????????","Union africaine","União Africana","Unión Africana","Umoja wa Afrika"]},{"acronym":"AL","name":"Arab League","otherAcronyms":[],"otherNames":["????? ????? ???????","J?mi?at ad-Duwal al-?Arab?yah","League of Arab States"]}],"cioc":"SOM"},{"name":"South Africa","topLevelDomain":[".za"],"alpha2Code":"ZA","alpha3Code":"ZAF","callingCodes":["27"],"capital":"Pretoria","altSpellings":["ZA","RSA","Suid-Afrika","Republic of South Africa"],"region":"Africa","subregion":"Southern Africa","population":55653654,"latlng":[-29.0,24.0],"demonym":"South African","area":1221037.0,"gini":63.1,"timezones":["UTC+02:00"],"borders":["BWA","LSO","MOZ","NAM","SWZ","ZWE"],"nativeName":"South Africa","numericCode":"710","currencies":[{"code":"ZAR","name":"South African rand","symbol":"R"}],"languages":[{"iso639_1":"af","iso639_2":"afr","name":"Afrikaans","nativeName":"Afrikaans"},{"iso639_1":"en","iso639_2":"eng","name":"English","nativeName":"English"},{"iso639_1":"nr","iso639_2":"nbl","name":"Southern Ndebele","nativeName":"isiNdebele"},{"iso639_1":"st","iso639_2":"sot","name":"Southern Sotho","nativeName":"Sesotho"},{"iso639_1":"ss","iso639_2":"ssw","name":"Swati","nativeName":"SiSwati"},{"iso639_1":"tn","iso639_2":"tsn","name":"Tswana","nativeName":"Setswana"},{"iso639_1":"ts","iso639_2":"tso","name":"Tsonga","nativeName":"Xitsonga"},{"iso639_1":"ve","iso639_2":"ven","name":"Venda","nativeName":"Tshiven?a"},{"iso639_1":"xh","iso639_2":"xho","name":"Xhosa","nativeName":"isiXhosa"},{"iso639_1":"zu","iso639_2":"zul","name":"Zulu","nativeName":"isiZulu"}],"translations":{"de":"Republik Südafrika","es":"República de Sudáfrica","fr":"Afrique du Sud","ja":"?????","it":"Sud Africa","br":"República Sul-Africana","pt":"República Sul-Africana","nl":"Zuid-Afrika","hr":"Južnoafri?ka Republika","fa":"??????? ?????"},"flag":"https://restcountries.eu/data/zaf.svg","regionalBlocs":[{"acronym":"AU","name":"African Union","otherAcronyms":[],"otherNames":["??????? ????????","Union africaine","União Africana","Unión Africana","Umoja wa Afrika"]}],"cioc":"RSA"},{"name":"South Georgia and the South Sandwich Islands","topLevelDomain":[".gs"],"alpha2Code":"GS","alpha3Code":"SGS","callingCodes":["500"],"capital":"King Edward Point","altSpellings":["GS","South Georgia and the South Sandwich Islands"],"region":"Americas","subregion":"South America","population":30,"latlng":[-54.5,-37.0],"demonym":"South Georgia and the South Sandwich Islander","area":null,"gini":null,"timezones":["UTC-02:00"],"borders":[],"nativeName":"South Georgia","numericCode":"239","currencies":[{"code":"GBP","name":"British pound","symbol":"£"},{"code":"(none)","name":null,"symbol":"£"}],"languages":[{"iso639_1":"en","iso639_2":"eng","name":"English","nativeName":"English"}],"translations":{"de":"Südgeorgien und die Südlichen Sandwichinseln","es":"Islas Georgias del Sur y Sandwich del Sur","fr":"Géorgie du Sud-et-les Îles Sandwich du Sud","ja":"?????????????????????","it":"Georgia del Sud e Isole Sandwich Meridionali","br":"Ilhas Geórgias do Sul e Sandwich do Sul","pt":"Ilhas Geórgia do Sul e Sanduíche do Sul","nl":"Zuid-Georgia en Zuidelijke Sandwicheilanden","hr":"Južna Georgija i oto?je Južni Sandwich","fa":"????? ??????? ????? ? ??????? ?????"},"flag":"https://restcountries.eu/data/sgs.svg","regionalBlocs":[{"acronym":"USAN","name":"Union of South American Nations","otherAcronyms":["UNASUR","UNASUL","UZAN"],"otherNames":["Unión de Naciones Suramericanas","União de Nações Sul-Americanas","Unie van Zuid-Amerikaanse Naties","South American Union"]}],"cioc":""},{"name":"Korea (Republic of)","topLevelDomain":[".kr"],"alpha2Code":"KR","alpha3Code":"KOR","callingCodes":["82"],"capital":"Seoul","altSpellings":["KR","Republic of Korea"],"region":"Asia","subregion":"Eastern Asia","population":50801405,"latlng":[37.0,127.5],"demonym":"South Korean","area":100210.0,"gini":31.3,"timezones":["UTC+09:00"],"borders":["PRK"],"nativeName":"????","numericCode":"410","currencies":[{"code":"KRW","name":"South Korean won","symbol":"?"}],"languages":[{"iso639_1":"ko","iso639_2":"kor","name":"Korean","nativeName":"???"}],"translations":{"de":"Südkorea","es":"Corea del Sur","fr":"Corée du Sud","ja":"????","it":"Corea del Sud","br":"Coreia do Sul","pt":"Coreia do Sul","nl":"Zuid-Korea","hr":"Južna Koreja","fa":"??? ?????"},"flag":"https://restcountries.eu/data/kor.svg","regionalBlocs":[],"cioc":"KOR"},{"name":"South Sudan","topLevelDomain":[".ss"],"alpha2Code":"SS","alpha3Code":"SSD","callingCodes":["211"],"capital":"Juba","altSpellings":["SS"],"region":"Africa","subregion":"Middle Africa","population":12131000,"latlng":[7.0,30.0],"demonym":"South Sudanese","area":619745.0,"gini":45.5,"timezones":["UTC+03:00"],"borders":["CAF","COD","ETH","KEN","SDN","UGA"],"nativeName":"South Sudan","numericCode":"728","currencies":[{"code":"SSP","name":"South Sudanese pound","symbol":"£"}],"languages":[{"iso639_1":"en","iso639_2":"eng","name":"English","nativeName":"English"}],"translations":{"de":"Südsudan","es":"Sudán del Sur","fr":"Soudan du Sud","ja":"?????","it":"Sudan del sud","br":"Sudão do Sul","pt":"Sudão do Sul","nl":"Zuid-Soedan","hr":"Južni Sudan","fa":"????? ?????"},"flag":"https://restcountries.eu/data/ssd.svg","regionalBlocs":[{"acronym":"AU","name":"African Union","otherAcronyms":[],"otherNames":["??????? ????????","Union africaine","União Africana","Unión Africana","Umoja wa Afrika"]}],"cioc":""},{"name":"Spain","topLevelDomain":[".es"],"alpha2Code":"ES","alpha3Code":"ESP","callingCodes":["34"],"capital":"Madrid","altSpellings":["ES","Kingdom of Spain","Reino de España"],"region":"Europe","subregion":"Southern Europe","population":46438422,"latlng":[40.0,-4.0],"demonym":"Spanish","area":505992.0,"gini":34.7,"timezones":["UTC","UTC+01:00"],"borders":["AND","FRA","GIB","PRT","MAR"],"nativeName":"España","numericCode":"724","currencies":[{"code":"EUR","name":"Euro","symbol":"€"}],"languages":[{"iso639_1":"es","iso639_2":"spa","name":"Spanish","nativeName":"Español"}],"translations":{"de":"Spanien","es":"España","fr":"Espagne","ja":"????","it":"Spagna","br":"Espanha","pt":"Espanha","nl":"Spanje","hr":"Španjolska","fa":"???????"},"flag":"https://restcountries.eu/data/esp.svg","regionalBlocs":[{"acronym":"EU","name":"European Union","otherAcronyms":[],"otherNames":[]}],"cioc":"ESP"},{"name":"Sri Lanka","topLevelDomain":[".lk"],"alpha2Code":"LK","alpha3Code":"LKA","callingCodes":["94"],"capital":"Colombo","altSpellings":["LK","ila?kai","Democratic Socialist Republic of Sri Lanka"],"region":"Asia","subregion":"Southern Asia","population":20966000,"latlng":[7.0,81.0],"demonym":"Sri Lankan","area":65610.0,"gini":40.3,"timezones":["UTC+05:30"],"borders":["IND"],"nativeName":"?r? la?k?va","numericCode":"144","currencies":[{"code":"LKR","name":"Sri Lankan rupee","symbol":"Rs"}],"languages":[{"iso639_1":"si","iso639_2":"sin","name":"Sinhalese","nativeName":"?????"},{"iso639_1":"ta","iso639_2":"tam","name":"Tamil","nativeName":"?????"}],"translations":{"de":"Sri Lanka","es":"Sri Lanka","fr":"Sri Lanka","ja":"?????","it":"Sri Lanka","br":"Sri Lanka","pt":"Sri Lanka","nl":"Sri Lanka","hr":"Šri Lanka","fa":"?????????"},"flag":"https://restcountries.eu/data/lka.svg","regionalBlocs":[{"acronym":"SAARC","name":"South Asian Association for Regional Cooperation","otherAcronyms":[],"otherNames":[]}],"cioc":"SRI"},{"name":"Sudan","topLevelDomain":[".sd"],"alpha2Code":"SD","alpha3Code":"SDN","callingCodes":["249"],"capital":"Khartoum","altSpellings":["SD","Republic of the Sudan","Jumh?r?yat as-S?d?n"],"region":"Africa","subregion":"Northern Africa","population":39598700,"latlng":[15.0,30.0],"demonym":"Sudanese","area":1886068.0,"gini":35.3,"timezones":["UTC+03:00"],"borders":["CAF","TCD","EGY","ERI","ETH","LBY","SSD"],"nativeName":"???????","numericCode":"729","currencies":[{"code":"SDG","name":"Sudanese pound","symbol":"?.?."}],"languages":[{"iso639_1":"ar","iso639_2":"ara","name":"Arabic","nativeName":"???????"},{"iso639_1":"en","iso639_2":"eng","name":"English","nativeName":"English"}],"translations":{"de":"Sudan","es":"Sudán","fr":"Soudan","ja":"????","it":"Sudan","br":"Sudão","pt":"Sudão","nl":"Soedan","hr":"Sudan","fa":"?????"},"flag":"https://restcountries.eu/data/sdn.svg","regionalBlocs":[{"acronym":"AU","name":"African Union","otherAcronyms":[],"otherNames":["??????? ????????","Union africaine","União Africana","Unión Africana","Umoja wa Afrika"]},{"acronym":"AL","name":"Arab League","otherAcronyms":[],"otherNames":["????? ????? ???????","J?mi?at ad-Duwal al-?Arab?yah","League of Arab States"]}],"cioc":"SUD"},{"name":"Suriname","topLevelDomain":[".sr"],"alpha2Code":"SR","alpha3Code":"SUR","callingCodes":["597"],"capital":"Paramaribo","altSpellings":["SR","Sarnam","Sranangron","Republic of Suriname","Republiek Suriname"],"region":"Americas","subregion":"South America","population":541638,"latlng":[4.0,-56.0],"demonym":"Surinamer","area":163820.0,"gini":52.9,"timezones":["UTC-03:00"],"borders":["BRA","GUF","FRA","GUY"],"nativeName":"Suriname","numericCode":"740","currencies":[{"code":"SRD","name":"Surinamese dollar","symbol":"$"}],"languages":[{"iso639_1":"nl","iso639_2":"nld","name":"Dutch","nativeName":"Nederlands"}],"translations":{"de":"Suriname","es":"Surinam","fr":"Surinam","ja":"????","it":"Suriname","br":"Suriname","pt":"Suriname","nl":"Suriname","hr":"Surinam","fa":"???????"},"flag":"https://restcountries.eu/data/sur.svg","regionalBlocs":[{"acronym":"CARICOM","name":"Caribbean Community","otherAcronyms":[],"otherNames":["Comunidad del Caribe","Communauté Caribéenne","Caribische Gemeenschap"]},{"acronym":"USAN","name":"Union of South American Nations","otherAcronyms":["UNASUR","UNASUL","UZAN"],"otherNames":["Unión de Naciones Suramericanas","União de Nações Sul-Americanas","Unie van Zuid-Amerikaanse Naties","South American Union"]}],"cioc":"SUR"},{"name":"Svalbard and Jan Mayen","topLevelDomain":[".sj"],"alpha2Code":"SJ","alpha3Code":"SJM","callingCodes":["4779"],"capital":"Longyearbyen","altSpellings":["SJ","Svalbard and Jan Mayen Islands"],"region":"Europe","subregion":"Northern Europe","population":2562,"latlng":[78.0,20.0],"demonym":"Norwegian","area":null,"gini":null,"timezones":["UTC+01:00"],"borders":[],"nativeName":"Svalbard og Jan Mayen","numericCode":"744","currencies":[{"code":"NOK","name":"Norwegian krone","symbol":"kr"}],"languages":[{"iso639_1":"no","iso639_2":"nor","name":"Norwegian","nativeName":"Norsk"}],"translations":{"de":"Svalbard und Jan Mayen","es":"Islas Svalbard y Jan Mayen","fr":"Svalbard et Jan Mayen","ja":"???????????????????","it":"Svalbard e Jan Mayen","br":"Svalbard","pt":"Svalbard","nl":"Svalbard en Jan Mayen","hr":"Svalbard i Jan Mayen","fa":"???????? ? ??? ????"},"flag":"https://restcountries.eu/data/sjm.svg","regionalBlocs":[],"cioc":""},{"name":"Swaziland","topLevelDomain":[".sz"],"alpha2Code":"SZ","alpha3Code":"SWZ","callingCodes":["268"],"capital":"Lobamba","altSpellings":["SZ","weSwatini","Swatini","Ngwane","Kingdom of Swaziland","Umbuso waseSwatini"],"region":"Africa","subregion":"Southern Africa","population":1132657,"latlng":[-26.5,31.5],"demonym":"Swazi","area":17364.0,"gini":51.5,"timezones":["UTC+02:00"],"borders":["MOZ","ZAF"],"nativeName":"Swaziland","numericCode":"748","currencies":[{"code":"SZL","name":"Swazi lilangeni","symbol":"L"}],"languages":[{"iso639_1":"en","iso639_2":"eng","name":"English","nativeName":"English"},{"iso639_1":"ss","iso639_2":"ssw","name":"Swati","nativeName":"SiSwati"}],"translations":{"de":"Swasiland","es":"Suazilandia","fr":"Swaziland","ja":"??????","it":"Swaziland","br":"Suazilândia","pt":"Suazilândia","nl":"Swaziland","hr":"Svazi","fa":"????????"},"flag":"https://restcountries.eu/data/swz.svg","regionalBlocs":[{"acronym":"AU","name":"African Union","otherAcronyms":[],"otherNames":["??????? ????????","Union africaine","União Africana","Unión Africana","Umoja wa Afrika"]}],"cioc":"SWZ"},{"name":"Sweden","topLevelDomain":[".se"],"alpha2Code":"SE","alpha3Code":"SWE","callingCodes":["46"],"capital":"Stockholm","altSpellings":["SE","Kingdom of Sweden","Konungariket Sverige"],"region":"Europe","subregion":"Northern Europe","population":9894888,"latlng":[62.0,15.0],"demonym":"Swedish","area":450295.0,"gini":25.0,"timezones":["UTC+01:00"],"borders":["FIN","NOR"],"nativeName":"Sverige","numericCode":"752","currencies":[{"code":"SEK","name":"Swedish krona","symbol":"kr"}],"languages":[{"iso639_1":"sv","iso639_2":"swe","name":"Swedish","nativeName":"svenska"}],"translations":{"de":"Schweden","es":"Suecia","fr":"Suède","ja":"??????","it":"Svezia","br":"Suécia","pt":"Suécia","nl":"Zweden","hr":"Švedska","fa":"????"},"flag":"https://restcountries.eu/data/swe.svg","regionalBlocs":[{"acronym":"EU","name":"European Union","otherAcronyms":[],"otherNames":[]}],"cioc":"SWE"},{"name":"Switzerland","topLevelDomain":[".ch"],"alpha2Code":"CH","alpha3Code":"CHE","callingCodes":["41"],"capital":"Bern","altSpellings":["CH","Swiss Confederation","Schweiz","Suisse","Svizzera","Svizra"],"region":"Europe","subregion":"Western Europe","population":8341600,"latlng":[47.0,8.0],"demonym":"Swiss","area":41284.0,"gini":33.7,"timezones":["UTC+01:00"],"borders":["AUT","FRA","ITA","LIE","DEU"],"nativeName":"Schweiz","numericCode":"756","currencies":[{"code":"CHF","name":"Swiss franc","symbol":"Fr"}],"languages":[{"iso639_1":"de","iso639_2":"deu","name":"German","nativeName":"Deutsch"},{"iso639_1":"fr","iso639_2":"fra","name":"French","nativeName":"français"},{"iso639_1":"it","iso639_2":"ita","name":"Italian","nativeName":"Italiano"}],"translations":{"de":"Schweiz","es":"Suiza","fr":"Suisse","ja":"???","it":"Svizzera","br":"Suíça","pt":"Suíça","nl":"Zwitserland","hr":"Švicarska","fa":"?????"},"flag":"https://restcountries.eu/data/che.svg","regionalBlocs":[{"acronym":"EFTA","name":"European Free Trade Association","otherAcronyms":[],"otherNames":[]}],"cioc":"SUI"},{"name":"Syrian Arab Republic","topLevelDomain":[".sy"],"alpha2Code":"SY","alpha3Code":"SYR","callingCodes":["963"],"capital":"Damascus","altSpellings":["SY","Syrian Arab Republic","Al-Jumh?r?yah Al-?Arab?yah As-S?r?yah"],"region":"Asia","subregion":"Western Asia","population":18564000,"latlng":[35.0,38.0],"demonym":"Syrian","area":185180.0,"gini":35.8,"timezones":["UTC+02:00"],"borders":["IRQ","ISR","JOR","LBN","TUR"],"nativeName":"?????","numericCode":"760","currencies":[{"code":"SYP","name":"Syrian pound","symbol":"£"}],"languages":[{"iso639_1":"ar","iso639_2":"ara","name":"Arabic","nativeName":"???????"}],"translations":{"de":"Syrien","es":"Siria","fr":"Syrie","ja":"??????????","it":"Siria","br":"Síria","pt":"Síria","nl":"Syrië","hr":"Sirija","fa":"?????"},"flag":"https://restcountries.eu/data/syr.svg","regionalBlocs":[{"acronym":"AL","name":"Arab League","otherAcronyms":[],"otherNames":["????? ????? ???????","J?mi?at ad-Duwal al-?Arab?yah","League of Arab States"]}],"cioc":"SYR"},{"name":"Taiwan","topLevelDomain":[".tw"],"alpha2Code":"TW","alpha3Code":"TWN","callingCodes":["886"],"capital":"Taipei","altSpellings":["TW","Táiw?n","Republic of China","????","Zh?nghuá Mínguó"],"region":"Asia","subregion":"Eastern Asia","population":23503349,"latlng":[23.5,121.0],"demonym":"Taiwanese","area":36193.0,"gini":null,"timezones":["UTC+08:00"],"borders":[],"nativeName":"??","numericCode":"158","currencies":[{"code":"TWD","name":"New Taiwan dollar","symbol":"$"}],"languages":[{"iso639_1":"zh","iso639_2":"zho","name":"Chinese","nativeName":"?? (Zh?ngwén)"}],"translations":{"de":"Taiwan","es":"Taiwán","fr":"Taïwan","ja":"????????","it":"Taiwan","br":"Taiwan","pt":"Taiwan","nl":"Taiwan","hr":"Tajvan","fa":"??????"},"flag":"https://restcountries.eu/data/twn.svg","regionalBlocs":[],"cioc":"TPE"},{"name":"Tajikistan","topLevelDomain":[".tj"],"alpha2Code":"TJ","alpha3Code":"TJK","callingCodes":["992"],"capital":"Dushanbe","altSpellings":["TJ","Toçikiston","Republic of Tajikistan","???????? ??????????","Çumhuriyi Toçikiston"],"region":"Asia","subregion":"Central Asia","population":8593600,"latlng":[39.0,71.0],"demonym":"Tadzhik","area":143100.0,"gini":30.8,"timezones":["UTC+05:00"],"borders":["AFG","CHN","KGZ","UZB"],"nativeName":"??????????","numericCode":"762","currencies":[{"code":"TJS","name":"Tajikistani somoni","symbol":"??"}],"languages":[{"iso639_1":"tg","iso639_2":"tgk","name":"Tajik","nativeName":"??????"},{"iso639_1":"ru","iso639_2":"rus","name":"Russian","nativeName":"???????"}],"translations":{"de":"Tadschikistan","es":"Tayikistán","fr":"Tadjikistan","ja":"??????","it":"Tagikistan","br":"Tajiquistão","pt":"Tajiquistão","nl":"Tadzjikistan","hr":"Ta?ikistan","fa":"?????????"},"flag":"https://restcountries.eu/data/tjk.svg","regionalBlocs":[],"cioc":"TJK"},{"name":"Tanzania, United Republic of","topLevelDomain":[".tz"],"alpha2Code":"TZ","alpha3Code":"TZA","callingCodes":["255"],"capital":"Dodoma","altSpellings":["TZ","United Republic of Tanzania","Jamhuri ya Muungano wa Tanzania"],"region":"Africa","subregion":"Eastern Africa","population":55155000,"latlng":[-6.0,35.0],"demonym":"Tanzanian","area":945087.0,"gini":37.6,"timezones":["UTC+03:00"],"borders":["BDI","COD","KEN","MWI","MOZ","RWA","UGA","ZMB"],"nativeName":"Tanzania","numericCode":"834","currencies":[{"code":"TZS","name":"Tanzanian shilling","symbol":"Sh"}],"languages":[{"iso639_1":"sw","iso639_2":"swa","name":"Swahili","nativeName":"Kiswahili"},{"iso639_1":"en","iso639_2":"eng","name":"English","nativeName":"English"}],"translations":{"de":"Tansania","es":"Tanzania","fr":"Tanzanie","ja":"?????","it":"Tanzania","br":"Tanzânia","pt":"Tanzânia","nl":"Tanzania","hr":"Tanzanija","fa":"????????"},"flag":"https://restcountries.eu/data/tza.svg","regionalBlocs":[{"acronym":"AU","name":"African Union","otherAcronyms":[],"otherNames":["??????? ????????","Union africaine","União Africana","Unión Africana","Umoja wa Afrika"]}],"cioc":"TAN"},{"name":"Thailand","topLevelDomain":[".th"],"alpha2Code":"TH","alpha3Code":"THA","callingCodes":["66"],"capital":"Bangkok","altSpellings":["TH","Prathet","Thai","Kingdom of Thailand","??????????????","Ratcha Anachak Thai"],"region":"Asia","subregion":"South-Eastern Asia","population":65327652,"latlng":[15.0,100.0],"demonym":"Thai","area":513120.0,"gini":40.0,"timezones":["UTC+07:00"],"borders":["MMR","KHM","LAO","MYS"],"nativeName":"?????????","numericCode":"764","currencies":[{"code":"THB","name":"Thai baht","symbol":"?"}],"languages":[{"iso639_1":"th","iso639_2":"tha","name":"Thai","nativeName":"???"}],"translations":{"de":"Thailand","es":"Tailandia","fr":"Thaïlande","ja":"??","it":"Tailandia","br":"Tailândia","pt":"Tailândia","nl":"Thailand","hr":"Tajland","fa":"??????"},"flag":"https://restcountries.eu/data/tha.svg","regionalBlocs":[{"acronym":"ASEAN","name":"Association of Southeast Asian Nations","otherAcronyms":[],"otherNames":[]}],"cioc":"THA"},{"name":"Timor-Leste","topLevelDomain":[".tl"],"alpha2Code":"TL","alpha3Code":"TLS","callingCodes":["670"],"capital":"Dili","altSpellings":["TL","East Timor","Democratic Republic of Timor-Leste","República Democrática de Timor-Leste","Repúblika Demokrátika Timór-Leste"],"region":"Asia","subregion":"South-Eastern Asia","population":1167242,"latlng":[-8.83333333,125.91666666],"demonym":"East Timorese","area":14874.0,"gini":31.9,"timezones":["UTC+09:00"],"borders":["IDN"],"nativeName":"Timor-Leste","numericCode":"626","currencies":[{"code":"USD","name":"United States dollar","symbol":"$"},{"code":null,"name":null,"symbol":null}],"languages":[{"iso639_1":"pt","iso639_2":"por","name":"Portuguese","nativeName":"Português"}],"translations":{"de":"Timor-Leste","es":"Timor Oriental","fr":"Timor oriental","ja":"??????","it":"Timor Est","br":"Timor Leste","pt":"Timor Leste","nl":"Oost-Timor","hr":"Isto?ni Timor","fa":"????? ????"},"flag":"https://restcountries.eu/data/tls.svg","regionalBlocs":[],"cioc":"TLS"},{"name":"Togo","topLevelDomain":[".tg"],"alpha2Code":"TG","alpha3Code":"TGO","callingCodes":["228"],"capital":"Lomé","altSpellings":["TG","Togolese","Togolese Republic","République Togolaise"],"region":"Africa","subregion":"Western Africa","population":7143000,"latlng":[8.0,1.16666666],"demonym":"Togolese","area":56785.0,"gini":34.4,"timezones":["UTC"],"borders":["BEN","BFA","GHA"],"nativeName":"Togo","numericCode":"768","currencies":[{"code":"XOF","name":"West African CFA franc","symbol":"Fr"}],"languages":[{"iso639_1":"fr","iso639_2":"fra","name":"French","nativeName":"français"}],"translations":{"de":"Togo","es":"Togo","fr":"Togo","ja":"???","it":"Togo","br":"Togo","pt":"Togo","nl":"Togo","hr":"Togo","fa":"????"},"flag":"https://restcountries.eu/data/tgo.svg","regionalBlocs":[{"acronym":"AU","name":"African Union","otherAcronyms":[],"otherNames":["??????? ????????","Union africaine","União Africana","Unión Africana","Umoja wa Afrika"]}],"cioc":"TOG"},{"name":"Tokelau","topLevelDomain":[".tk"],"alpha2Code":"TK","alpha3Code":"TKL","callingCodes":["690"],"capital":"Fakaofo","altSpellings":["TK"],"region":"Oceania","subregion":"Polynesia","population":1411,"latlng":[-9.0,-172.0],"demonym":"Tokelauan","area":12.0,"gini":null,"timezones":["UTC+13:00"],"borders":[],"nativeName":"Tokelau","numericCode":"772","currencies":[{"code":"NZD","name":"New Zealand dollar","symbol":"$"}],"languages":[{"iso639_1":"en","iso639_2":"eng","name":"English","nativeName":"English"}],"translations":{"de":"Tokelau","es":"Islas Tokelau","fr":"Tokelau","ja":"????","it":"Isole Tokelau","br":"Tokelau","pt":"Toquelau","nl":"Tokelau","hr":"Tokelau","fa":"???????"},"flag":"https://restcountries.eu/data/tkl.svg","regionalBlocs":[],"cioc":""},{"name":"Tonga","topLevelDomain":[".to"],"alpha2Code":"TO","alpha3Code":"TON","callingCodes":["676"],"capital":"Nuku'alofa","altSpellings":["TO"],"region":"Oceania","subregion":"Polynesia","population":103252,"latlng":[-20.0,-175.0],"demonym":"Tongan","area":747.0,"gini":null,"timezones":["UTC+13:00"],"borders":[],"nativeName":"Tonga","numericCode":"776","currencies":[{"code":"TOP","name":"Tongan pa?anga","symbol":"T$"}],"languages":[{"iso639_1":"en","iso639_2":"eng","name":"English","nativeName":"English"},{"iso639_1":"to","iso639_2":"ton","name":"Tonga (Tonga Islands)","nativeName":"faka Tonga"}],"translations":{"de":"Tonga","es":"Tonga","fr":"Tonga","ja":"???","it":"Tonga","br":"Tonga","pt":"Tonga","nl":"Tonga","hr":"Tonga","fa":"?????"},"flag":"https://restcountries.eu/data/ton.svg","regionalBlocs":[],"cioc":"TGA"},{"name":"Trinidad and Tobago","topLevelDomain":[".tt"],"alpha2Code":"TT","alpha3Code":"TTO","callingCodes":["1868"],"capital":"Port of Spain","altSpellings":["TT","Republic of Trinidad and Tobago"],"region":"Americas","subregion":"Caribbean","population":1349667,"latlng":[11.0,-61.0],"demonym":"Trinidadian","area":5130.0,"gini":40.3,"timezones":["UTC-04:00"],"borders":[],"nativeName":"Trinidad and Tobago","numericCode":"780","currencies":[{"code":"TTD","name":"Trinidad and Tobago dollar","symbol":"$"}],"languages":[{"iso639_1":"en","iso639_2":"eng","name":"English","nativeName":"English"}],"translations":{"de":"Trinidad und Tobago","es":"Trinidad y Tobago","fr":"Trinité et Tobago","ja":"??????????","it":"Trinidad e Tobago","br":"Trinidad e Tobago","pt":"Trindade e Tobago","nl":"Trinidad en Tobago","hr":"Trinidad i Tobago","fa":"???????? ? ??????"},"flag":"https://restcountries.eu/data/tto.svg","regionalBlocs":[{"acronym":"CARICOM","name":"Caribbean Community","otherAcronyms":[],"otherNames":["Comunidad del Caribe","Communauté Caribéenne","Caribische Gemeenschap"]}],"cioc":"TTO"},{"name":"Tunisia","topLevelDomain":[".tn"],"alpha2Code":"TN","alpha3Code":"TUN","callingCodes":["216"],"capital":"Tunis","altSpellings":["TN","Republic of Tunisia","al-Jumh?riyyah at-T?nisiyyah"],"region":"Africa","subregion":"Northern Africa","population":11154400,"latlng":[34.0,9.0],"demonym":"Tunisian","area":163610.0,"gini":41.4,"timezones":["UTC+01:00"],"borders":["DZA","LBY"],"nativeName":"????","numericCode":"788","currencies":[{"code":"TND","name":"Tunisian dinar","symbol":"?.?"}],"languages":[{"iso639_1":"ar","iso639_2":"ara","name":"Arabic","nativeName":"???????"}],"translations":{"de":"Tunesien","es":"Túnez","fr":"Tunisie","ja":"?????","it":"Tunisia","br":"Tunísia","pt":"Tunísia","nl":"Tunesië","hr":"Tunis","fa":"????"},"flag":"https://restcountries.eu/data/tun.svg","regionalBlocs":[{"acronym":"AU","name":"African Union","otherAcronyms":[],"otherNames":["??????? ????????","Union africaine","União Africana","Unión Africana","Umoja wa Afrika"]},{"acronym":"AL","name":"Arab League","otherAcronyms":[],"otherNames":["????? ????? ???????","J?mi?at ad-Duwal al-?Arab?yah","League of Arab States"]}],"cioc":"TUN"},{"name":"Turkey","topLevelDomain":[".tr"],"alpha2Code":"TR","alpha3Code":"TUR","callingCodes":["90"],"capital":"Ankara","altSpellings":["TR","Turkiye","Republic of Turkey","Türkiye Cumhuriyeti"],"region":"Asia","subregion":"Western Asia","population":78741053,"latlng":[39.0,35.0],"demonym":"Turkish","area":783562.0,"gini":39.0,"timezones":["UTC+03:00"],"borders":["ARM","AZE","BGR","GEO","GRC","IRN","IRQ","SYR"],"nativeName":"Türkiye","numericCode":"792","currencies":[{"code":"TRY","name":"Turkish lira","symbol":null}],"languages":[{"iso639_1":"tr","iso639_2":"tur","name":"Turkish","nativeName":"Türkçe"}],"translations":{"de":"Türkei","es":"Turquía","fr":"Turquie","ja":"???","it":"Turchia","br":"Turquia","pt":"Turquia","nl":"Turkije","hr":"Turska","fa":"?????"},"flag":"https://restcountries.eu/data/tur.svg","regionalBlocs":[],"cioc":"TUR"},{"name":"Turkmenistan","topLevelDomain":[".tm"],"alpha2Code":"TM","alpha3Code":"TKM","callingCodes":["993"],"capital":"Ashgabat","altSpellings":["TM"],"region":"Asia","subregion":"Central Asia","population":4751120,"latlng":[40.0,60.0],"demonym":"Turkmen","area":488100.0,"gini":40.8,"timezones":["UTC+05:00"],"borders":["AFG","IRN","KAZ","UZB"],"nativeName":"Türkmenistan","numericCode":"795","currencies":[{"code":"TMT","name":"Turkmenistan manat","symbol":"m"}],"languages":[{"iso639_1":"tk","iso639_2":"tuk","name":"Turkmen","nativeName":"Türkmen"},{"iso639_1":"ru","iso639_2":"rus","name":"Russian","nativeName":"???????"}],"translations":{"de":"Turkmenistan","es":"Turkmenistán","fr":"Turkménistan","ja":"????????","it":"Turkmenistan","br":"Turcomenistão","pt":"Turquemenistão","nl":"Turkmenistan","hr":"Turkmenistan","fa":"?????????"},"flag":"https://restcountries.eu/data/tkm.svg","regionalBlocs":[],"cioc":"TKM"},{"name":"Turks and Caicos Islands","topLevelDomain":[".tc"],"alpha2Code":"TC","alpha3Code":"TCA","callingCodes":["1649"],"capital":"Cockburn Town","altSpellings":["TC"],"region":"Americas","subregion":"Caribbean","population":31458,"latlng":[21.75,-71.58333333],"demonym":"Turks and Caicos Islander","area":948.0,"gini":null,"timezones":["UTC-04:00"],"borders":[],"nativeName":"Turks and Caicos Islands","numericCode":"796","currencies":[{"code":"USD","name":"United States dollar","symbol":"$"}],"languages":[{"iso639_1":"en","iso639_2":"eng","name":"English","nativeName":"English"}],"translations":{"de":"Turks- und Caicosinseln","es":"Islas Turks y Caicos","fr":"Îles Turques-et-Caïques","ja":"???????????","it":"Isole Turks e Caicos","br":"Ilhas Turcas e Caicos","pt":"Ilhas Turcas e Caicos","nl":"Turks- en Caicoseilanden","hr":"Otoci Turks i Caicos","fa":"????? ????? ? ??????"},"flag":"https://restcountries.eu/data/tca.svg","regionalBlocs":[],"cioc":""},{"name":"Tuvalu","topLevelDomain":[".tv"],"alpha2Code":"TV","alpha3Code":"TUV","callingCodes":["688"],"capital":"Funafuti","altSpellings":["TV"],"region":"Oceania","subregion":"Polynesia","population":10640,"latlng":[-8.0,178.0],"demonym":"Tuvaluan","area":26.0,"gini":null,"timezones":["UTC+12:00"],"borders":[],"nativeName":"Tuvalu","numericCode":"798","currencies":[{"code":"AUD","name":"Australian dollar","symbol":"$"},{"code":"TVD[G]","name":"Tuvaluan dollar","symbol":"$"}],"languages":[{"iso639_1":"en","iso639_2":"eng","name":"English","nativeName":"English"}],"translations":{"de":"Tuvalu","es":"Tuvalu","fr":"Tuvalu","ja":"???","it":"Tuvalu","br":"Tuvalu","pt":"Tuvalu","nl":"Tuvalu","hr":"Tuvalu","fa":"??????"},"flag":"https://restcountries.eu/data/tuv.svg","regionalBlocs":[],"cioc":"TUV"},{"name":"Uganda","topLevelDomain":[".ug"],"alpha2Code":"UG","alpha3Code":"UGA","callingCodes":["256"],"capital":"Kampala","altSpellings":["UG","Republic of Uganda","Jamhuri ya Uganda"],"region":"Africa","subregion":"Eastern Africa","population":33860700,"latlng":[1.0,32.0],"demonym":"Ugandan","area":241550.0,"gini":44.3,"timezones":["UTC+03:00"],"borders":["COD","KEN","RWA","SSD","TZA"],"nativeName":"Uganda","numericCode":"800","currencies":[{"code":"UGX","name":"Ugandan shilling","symbol":"Sh"}],"languages":[{"iso639_1":"en","iso639_2":"eng","name":"English","nativeName":"English"},{"iso639_1":"sw","iso639_2":"swa","name":"Swahili","nativeName":"Kiswahili"}],"translations":{"de":"Uganda","es":"Uganda","fr":"Uganda","ja":"????","it":"Uganda","br":"Uganda","pt":"Uganda","nl":"Oeganda","hr":"Uganda","fa":"???????"},"flag":"https://restcountries.eu/data/uga.svg","regionalBlocs":[{"acronym":"AU","name":"African Union","otherAcronyms":[],"otherNames":["??????? ????????","Union africaine","União Africana","Unión Africana","Umoja wa Afrika"]}],"cioc":"UGA"},{"name":"Ukraine","topLevelDomain":[".ua"],"alpha2Code":"UA","alpha3Code":"UKR","callingCodes":["380"],"capital":"Kiev","altSpellings":["UA","Ukrayina"],"region":"Europe","subregion":"Eastern Europe","population":42692393,"latlng":[49.0,32.0],"demonym":"Ukrainian","area":603700.0,"gini":26.4,"timezones":["UTC+02:00"],"borders":["BLR","HUN","MDA","POL","ROU","RUS","SVK"],"nativeName":"???????","numericCode":"804","currencies":[{"code":"UAH","name":"Ukrainian hryvnia","symbol":"?"}],"languages":[{"iso639_1":"uk","iso639_2":"ukr","name":"Ukrainian","nativeName":"??????????"}],"translations":{"de":"Ukraine","es":"Ucrania","fr":"Ukraine","ja":"?????","it":"Ucraina","br":"Ucrânia","pt":"Ucrânia","nl":"Oekraïne","hr":"Ukrajina","fa":"??????"},"flag":"https://restcountries.eu/data/ukr.svg","regionalBlocs":[],"cioc":"UKR"},{"name":"United Arab Emirates","topLevelDomain":[".ae"],"alpha2Code":"AE","alpha3Code":"ARE","callingCodes":["971"],"capital":"Abu Dhabi","altSpellings":["AE","UAE"],"region":"Asia","subregion":"Western Asia","population":9856000,"latlng":[24.0,54.0],"demonym":"Emirati","area":83600.0,"gini":null,"timezones":["UTC+04"],"borders":["OMN","SAU"],"nativeName":"???? ???????? ??????? ???????","numericCode":"784","currencies":[{"code":"AED","name":"United Arab Emirates dirham","symbol":"?.?"}],"languages":[{"iso639_1":"ar","iso639_2":"ara","name":"Arabic","nativeName":"???????"}],"translations":{"de":"Vereinigte Arabische Emirate","es":"Emiratos Árabes Unidos","fr":"Émirats arabes unis","ja":"????????","it":"Emirati Arabi Uniti","br":"Emirados árabes Unidos","pt":"Emirados árabes Unidos","nl":"Verenigde Arabische Emiraten","hr":"Ujedinjeni Arapski Emirati","fa":"?????? ????? ????"},"flag":"https://restcountries.eu/data/are.svg","regionalBlocs":[{"acronym":"AL","name":"Arab League","otherAcronyms":[],"otherNames":["????? ????? ???????","J?mi?at ad-Duwal al-?Arab?yah","League of Arab States"]}],"cioc":"UAE"},{"name":"United Kingdom of Great Britain and Northern Ireland","topLevelDomain":[".uk"],"alpha2Code":"GB","alpha3Code":"GBR","callingCodes":["44"],"capital":"London","altSpellings":["GB","UK","Great Britain"],"region":"Europe","subregion":"Northern Europe","population":65110000,"latlng":[54.0,-2.0],"demonym":"British","area":242900.0,"gini":34.0,"timezones":["UTC-08:00","UTC-05:00","UTC-04:00","UTC-03:00","UTC-02:00","UTC","UTC+01:00","UTC+02:00","UTC+06:00"],"borders":["IRL"],"nativeName":"United Kingdom","numericCode":"826","currencies":[{"code":"GBP","name":"British pound","symbol":"£"}],"languages":[{"iso639_1":"en","iso639_2":"eng","name":"English","nativeName":"English"}],"translations":{"de":"Vereinigtes Königreich","es":"Reino Unido","fr":"Royaume-Uni","ja":"????","it":"Regno Unito","br":"Reino Unido","pt":"Reino Unido","nl":"Verenigd Koninkrijk","hr":"Ujedinjeno Kraljevstvo","fa":"????????? ???? ? ?????? ?????"},"flag":"https://restcountries.eu/data/gbr.svg","regionalBlocs":[{"acronym":"EU","name":"European Union","otherAcronyms":[],"otherNames":[]}],"cioc":"GBR"},{"name":"United States of America","topLevelDomain":[".us"],"alpha2Code":"US","alpha3Code":"USA","callingCodes":["1"],"capital":"Washington, D.C.","altSpellings":["US","USA","United States of America"],"region":"Americas","subregion":"Northern America","population":323947000,"latlng":[38.0,-97.0],"demonym":"American","area":9629091.0,"gini":48.0,"timezones":["UTC-12:00","UTC-11:00","UTC-10:00","UTC-09:00","UTC-08:00","UTC-07:00","UTC-06:00","UTC-05:00","UTC-04:00","UTC+10:00","UTC+12:00"],"borders":["CAN","MEX"],"nativeName":"United States","numericCode":"840","currencies":[{"code":"USD","name":"United States dollar","symbol":"$"}],"languages":[{"iso639_1":"en","iso639_2":"eng","name":"English","nativeName":"English"}],"translations":{"de":"Vereinigte Staaten von Amerika","es":"Estados Unidos","fr":"États-Unis","ja":"???????","it":"Stati Uniti D'America","br":"Estados Unidos","pt":"Estados Unidos","nl":"Verenigde Staten","hr":"Sjedinjene Ameri?ke Države","fa":"?????? ????? ??????"},"flag":"https://restcountries.eu/data/usa.svg","regionalBlocs":[{"acronym":"NAFTA","name":"North American Free Trade Agreement","otherAcronyms":[],"otherNames":["Tratado de Libre Comercio de América del Norte","Accord de Libre-échange Nord-Américain"]}],"cioc":"USA"},{"name":"Uruguay","topLevelDomain":[".uy"],"alpha2Code":"UY","alpha3Code":"URY","callingCodes":["598"],"capital":"Montevideo","altSpellings":["UY","Oriental Republic of Uruguay","República Oriental del Uruguay"],"region":"Americas","subregion":"South America","population":3480222,"latlng":[-33.0,-56.0],"demonym":"Uruguayan","area":181034.0,"gini":39.7,"timezones":["UTC-03:00"],"borders":["ARG","BRA"],"nativeName":"Uruguay","numericCode":"858","currencies":[{"code":"UYU","name":"Uruguayan peso","symbol":"$"}],"languages":[{"iso639_1":"es","iso639_2":"spa","name":"Spanish","nativeName":"Español"}],"translations":{"de":"Uruguay","es":"Uruguay","fr":"Uruguay","ja":"?????","it":"Uruguay","br":"Uruguai","pt":"Uruguai","nl":"Uruguay","hr":"Urugvaj","fa":"???????"},"flag":"https://restcountries.eu/data/ury.svg","regionalBlocs":[{"acronym":"USAN","name":"Union of South American Nations","otherAcronyms":["UNASUR","UNASUL","UZAN"],"otherNames":["Unión de Naciones Suramericanas","União de Nações Sul-Americanas","Unie van Zuid-Amerikaanse Naties","South American Union"]}],"cioc":"URU"},{"name":"Uzbekistan","topLevelDomain":[".uz"],"alpha2Code":"UZ","alpha3Code":"UZB","callingCodes":["998"],"capital":"Tashkent","altSpellings":["UZ","Republic of Uzbekistan","O‘zbekiston Respublikasi","?????????? ????????????"],"region":"Asia","subregion":"Central Asia","population":31576400,"latlng":[41.0,64.0],"demonym":"Uzbekistani","area":447400.0,"gini":36.7,"timezones":["UTC+05:00"],"borders":["AFG","KAZ","KGZ","TJK","TKM"],"nativeName":"O‘zbekiston","numericCode":"860","currencies":[{"code":"UZS","name":"Uzbekistani so'm","symbol":null}],"languages":[{"iso639_1":"uz","iso639_2":"uzb","name":"Uzbek","nativeName":"O?zbek"},{"iso639_1":"ru","iso639_2":"rus","name":"Russian","nativeName":"???????"}],"translations":{"de":"Usbekistan","es":"Uzbekistán","fr":"Ouzbékistan","ja":"???????","it":"Uzbekistan","br":"Uzbequistão","pt":"Usbequistão","nl":"Oezbekistan","hr":"Uzbekistan","fa":"????????"},"flag":"https://restcountries.eu/data/uzb.svg","regionalBlocs":[],"cioc":"UZB"},{"name":"Vanuatu","topLevelDomain":[".vu"],"alpha2Code":"VU","alpha3Code":"VUT","callingCodes":["678"],"capital":"Port Vila","altSpellings":["VU","Republic of Vanuatu","Ripablik blong Vanuatu","République de Vanuatu"],"region":"Oceania","subregion":"Melanesia","population":277500,"latlng":[-16.0,167.0],"demonym":"Ni-Vanuatu","area":12189.0,"gini":null,"timezones":["UTC+11:00"],"borders":[],"nativeName":"Vanuatu","numericCode":"548","currencies":[{"code":"VUV","name":"Vanuatu vatu","symbol":"Vt"}],"languages":[{"iso639_1":"bi","iso639_2":"bis","name":"Bislama","nativeName":"Bislama"},{"iso639_1":"en","iso639_2":"eng","name":"English","nativeName":"English"},{"iso639_1":"fr","iso639_2":"fra","name":"French","nativeName":"français"}],"translations":{"de":"Vanuatu","es":"Vanuatu","fr":"Vanuatu","ja":"????","it":"Vanuatu","br":"Vanuatu","pt":"Vanuatu","nl":"Vanuatu","hr":"Vanuatu","fa":"???????"},"flag":"https://restcountries.eu/data/vut.svg","regionalBlocs":[],"cioc":"VAN"},{"name":"Venezuela (Bolivarian Republic of)","topLevelDomain":[".ve"],"alpha2Code":"VE","alpha3Code":"VEN","callingCodes":["58"],"capital":"Caracas","altSpellings":["VE","Bolivarian Republic of Venezuela","República Bolivariana de Venezuela"],"region":"Americas","subregion":"South America","population":31028700,"latlng":[8.0,-66.0],"demonym":"Venezuelan","area":916445.0,"gini":44.8,"timezones":["UTC-04:00"],"borders":["BRA","COL","GUY"],"nativeName":"Venezuela","numericCode":"862","currencies":[{"code":"VEF","name":"Venezuelan bolívar","symbol":"Bs F"}],"languages":[{"iso639_1":"es","iso639_2":"spa","name":"Spanish","nativeName":"Español"}],"translations":{"de":"Venezuela","es":"Venezuela","fr":"Venezuela","ja":"?????????????","it":"Venezuela","br":"Venezuela","pt":"Venezuela","nl":"Venezuela","hr":"Venezuela","fa":"???????"},"flag":"https://restcountries.eu/data/ven.svg","regionalBlocs":[{"acronym":"USAN","name":"Union of South American Nations","otherAcronyms":["UNASUR","UNASUL","UZAN"],"otherNames":["Unión de Naciones Suramericanas","União de Nações Sul-Americanas","Unie van Zuid-Amerikaanse Naties","South American Union"]}],"cioc":"VEN"},{"name":"Viet Nam","topLevelDomain":[".vn"],"alpha2Code":"VN","alpha3Code":"VNM","callingCodes":["84"],"capital":"Hanoi","altSpellings":["VN","Socialist Republic of Vietnam","C?ng hòa Xã h?i ch? ngh?a Vi?t Nam"],"region":"Asia","subregion":"South-Eastern Asia","population":92700000,"latlng":[16.16666666,107.83333333],"demonym":"Vietnamese","area":331212.0,"gini":35.6,"timezones":["UTC+07:00"],"borders":["KHM","CHN","LAO"],"nativeName":"Vi?t Nam","numericCode":"704","currencies":[{"code":"VND","name":"Vietnamese ??ng","symbol":"?"}],"languages":[{"iso639_1":"vi","iso639_2":"vie","name":"Vietnamese","nativeName":"Ti?ng Vi?t"}],"translations":{"de":"Vietnam","es":"Vietnam","fr":"Viêt Nam","ja":"????","it":"Vietnam","br":"Vietnã","pt":"Vietname","nl":"Vietnam","hr":"Vijetnam","fa":"??????"},"flag":"https://restcountries.eu/data/vnm.svg","regionalBlocs":[{"acronym":"ASEAN","name":"Association of Southeast Asian Nations","otherAcronyms":[],"otherNames":[]}],"cioc":"VIE"},{"name":"Wallis and Futuna","topLevelDomain":[".wf"],"alpha2Code":"WF","alpha3Code":"WLF","callingCodes":["681"],"capital":"Mata-Utu","altSpellings":["WF","Territory of the Wallis and Futuna Islands","Territoire des îles Wallis et Futuna"],"region":"Oceania","subregion":"Polynesia","population":11750,"latlng":[-13.3,-176.2],"demonym":"Wallis and Futuna Islander","area":142.0,"gini":null,"timezones":["UTC+12:00"],"borders":[],"nativeName":"Wallis et Futuna","numericCode":"876","currencies":[{"code":"XPF","name":"CFP franc","symbol":"Fr"}],"languages":[{"iso639_1":"fr","iso639_2":"fra","name":"French","nativeName":"français"}],"translations":{"de":"Wallis und Futuna","es":"Wallis y Futuna","fr":"Wallis-et-Futuna","ja":"????????","it":"Wallis e Futuna","br":"Wallis e Futuna","pt":"Wallis e Futuna","nl":"Wallis en Futuna","hr":"Wallis i Fortuna","fa":"????? ? ??????"},"flag":"https://restcountries.eu/data/wlf.svg","regionalBlocs":[],"cioc":""},{"name":"Western Sahara","topLevelDomain":[".eh"],"alpha2Code":"EH","alpha3Code":"ESH","callingCodes":["212"],"capital":"El Aaiún","altSpellings":["EH","Tane?roft Tutrimt"],"region":"Africa","subregion":"Northern Africa","population":510713,"latlng":[24.5,-13.0],"demonym":"Sahrawi","area":266000.0,"gini":null,"timezones":["UTC+00:00"],"borders":["DZA","MRT","MAR"],"nativeName":"??????? ???????","numericCode":"732","currencies":[{"code":"MAD","name":"Moroccan dirham","symbol":"?.?."},{"code":"DZD","name":"Algerian dinar","symbol":"?.?"}],"languages":[{"iso639_1":"es","iso639_2":"spa","name":"Spanish","nativeName":"Español"}],"translations":{"de":"Westsahara","es":"Sahara Occidental","fr":"Sahara Occidental","ja":"????","it":"Sahara Occidentale","br":"Saara Ocidental","pt":"Saara Ocidental","nl":"Westelijke Sahara","hr":"Zapadna Sahara","fa":"?????? ????????? ???? ????"},"flag":"https://restcountries.eu/data/esh.svg","regionalBlocs":[{"acronym":"AU","name":"African Union","otherAcronyms":[],"otherNames":["??????? ????????","Union africaine","União Africana","Unión Africana","Umoja wa Afrika"]}],"cioc":""},{"name":"Yemen","topLevelDomain":[".ye"],"alpha2Code":"YE","alpha3Code":"YEM","callingCodes":["967"],"capital":"Sana'a","altSpellings":["YE","Yemeni Republic","al-Jumh?riyyah al-Yamaniyyah"],"region":"Asia","subregion":"Western Asia","population":27478000,"latlng":[15.0,48.0],"demonym":"Yemeni","area":527968.0,"gini":37.7,"timezones":["UTC+03:00"],"borders":["OMN","SAU"],"nativeName":"???????","numericCode":"887","currencies":[{"code":"YER","name":"Yemeni rial","symbol":"?"}],"languages":[{"iso639_1":"ar","iso639_2":"ara","name":"Arabic","nativeName":"???????"}],"translations":{"de":"Jemen","es":"Yemen","fr":"Yémen","ja":"????","it":"Yemen","br":"Iêmen","pt":"Iémen","nl":"Jemen","hr":"Jemen","fa":"???"},"flag":"https://restcountries.eu/data/yem.svg","regionalBlocs":[{"acronym":"AL","name":"Arab League","otherAcronyms":[],"otherNames":["????? ????? ???????","J?mi?at ad-Duwal al-?Arab?yah","League of Arab States"]}],"cioc":"YEM"},{"name":"Zambia","topLevelDomain":[".zm"],"alpha2Code":"ZM","alpha3Code":"ZMB","callingCodes":["260"],"capital":"Lusaka","altSpellings":["ZM","Republic of Zambia"],"region":"Africa","subregion":"Eastern Africa","population":15933883,"latlng":[-15.0,30.0],"demonym":"Zambian","area":752612.0,"gini":54.6,"timezones":["UTC+02:00"],"borders":["AGO","BWA","COD","MWI","MOZ","NAM","TZA","ZWE"],"nativeName":"Zambia","numericCode":"894","currencies":[{"code":"ZMW","name":"Zambian kwacha","symbol":"ZK"}],"languages":[{"iso639_1":"en","iso639_2":"eng","name":"English","nativeName":"English"}],"translations":{"de":"Sambia","es":"Zambia","fr":"Zambie","ja":"????","it":"Zambia","br":"Zâmbia","pt":"Zâmbia","nl":"Zambia","hr":"Zambija","fa":"??????"},"flag":"https://restcountries.eu/data/zmb.svg","regionalBlocs":[{"acronym":"AU","name":"African Union","otherAcronyms":[],"otherNames":["??????? ????????","Union africaine","União Africana","Unión Africana","Umoja wa Afrika"]}],"cioc":"ZAM"},{"name":"Zimbabwe","topLevelDomain":[".zw"],"alpha2Code":"ZW","alpha3Code":"ZWE","callingCodes":["263"],"capital":"Harare","altSpellings":["ZW","Republic of Zimbabwe"],"region":"Africa","subregion":"Eastern Africa","population":14240168,"latlng":[-20.0,30.0],"demonym":"Zimbabwean","area":390757.0,"gini":null,"timezones":["UTC+02:00"],"borders":["BWA","MOZ","ZAF","ZMB"],"nativeName":"Zimbabwe","numericCode":"716","currencies":[{"code":"BWP","name":"Botswana pula","symbol":"P"},{"code":"GBP","name":"British pound","symbol":"£"},{"code":"CNY","name":"Chinese yuan","symbol":"¥"},{"code":"EUR","name":"Euro","symbol":"€"},{"code":"INR","name":"Indian rupee","symbol":"?"},{"code":"JPY","name":"Japanese yen","symbol":"¥"},{"code":"ZAR","name":"South African rand","symbol":"Rs"},{"code":"USD","name":"United States dollar","symbol":"$"},{"code":"(none)","name":null,"symbol":null}],"languages":[{"iso639_1":"en","iso639_2":"eng","name":"English","nativeName":"English"},{"iso639_1":"sn","iso639_2":"sna","name":"Shona","nativeName":"chiShona"},{"iso639_1":"nd","iso639_2":"nde","name":"Northern Ndebele","nativeName":"isiNdebele"}],"translations":{"de":"Simbabwe","es":"Zimbabue","fr":"Zimbabwe","ja":"?????","it":"Zimbabwe","br":"Zimbabwe","pt":"Zimbabué","nl":"Zimbabwe","hr":"Zimbabve","fa":"???????"},"flag":"https://restcountries.eu/data/zwe.svg","regionalBlocs":[{"acronym":"AU","name":"African Union","otherAcronyms":[],"otherNames":["??????? ????????","Union africaine","União Africana","Unión Africana","Umoja wa Afrika"]}],"cioc":"ZIM"}]

]]></system-out>
  </testcase>
</testsuite>