<?xml version="1.0" encoding="UTF-8"?>
<testsuite xmlns:xsi="http://www.w3.org/2001/XMLSchema-instance" xsi:noNamespaceSchemaLocation="https://maven.apache.org/surefire/maven-surefire-plugin/xsd/surefire-test-report-3.0.xsd" version="3.0" name="runner.CucumberFeatureTest" time="10.458" tests="1" errors="0" skipped="0" failures="0">
  <properties>
    <property name="sun.desktop" value="windows"/>
    <property name="awt.toolkit" value="sun.awt.windows.WToolkit"/>
    <property name="file.encoding.pkg" value="sun.io"/>
    <property name="java.specification.version" value="1.8"/>
    <property name="sun.cpu.isalist" value="amd64"/>
    <property name="sun.jnu.encoding" value="Cp1252"/>
    <property name="java.class.path" value="C:\Users\HP\Desktop\Selenium-Framework\automation-runner-project\target\test-classes;C:\Users\HP\Desktop\Selenium-Framework\automation-runner-project\target\classes;C:\Users\HP\.m2\repository\io\cucumber\cucumber-java8\4.7.2\cucumber-java8-4.7.2.jar;C:\Users\HP\.m2\repository\io\cucumber\cucumber-java\4.7.2\cucumber-java-4.7.2.jar;C:\Users\HP\.m2\repository\io\cucumber\cucumber-core\4.7.2\cucumber-core-4.7.2.jar;C:\Users\HP\.m2\repository\io\cucumber\gherkin\5.1.0\gherkin-5.1.0.jar;C:\Users\HP\.m2\repository\io\cucumber\tag-expressions\1.1.1\tag-expressions-1.1.1.jar;C:\Users\HP\.m2\repository\io\cucumber\cucumber-expressions\7.0.2\cucumber-expressions-7.0.2.jar;C:\Users\HP\.m2\repository\io\cucumber\datatable\1.1.14\datatable-1.1.14.jar;C:\Users\HP\.m2\repository\io\cucumber\datatable-dependencies\1.1.14\datatable-dependencies-1.1.14.jar;C:\Users\HP\.m2\repository\org\apiguardian\apiguardian-api\1.1.0\apiguardian-api-1.1.0.jar;C:\Users\HP\.m2\repository\net\jodah\typetools\0.5.0\typetools-0.5.0.jar;C:\Users\HP\.m2\repository\com\acn\ntc\library-engine\1.0.0\library-engine-1.0.0.jar;C:\Users\HP\.m2\repository\com\acn\ntc\library-api\1.0.0\library-api-1.0.0.jar;C:\Users\HP\.m2\repository\com\intuit\karate\karate-apache\0.9.4\karate-apache-0.9.4.jar;C:\Users\HP\.m2\repository\com\intuit\karate\karate-core\0.9.4\karate-core-0.9.4.jar;C:\Users\HP\.m2\repository\com\jayway\jsonpath\json-path\2.1.0\json-path-2.1.0.jar;C:\Users\HP\.m2\repository\net\minidev\json-smart\2.2\json-smart-2.2.jar;C:\Users\HP\.m2\repository\net\minidev\accessors-smart\1.1\accessors-smart-1.1.jar;C:\Users\HP\.m2\repository\info\cukes\cucumber-java\1.2.5\cucumber-java-1.2.5.jar;C:\Users\HP\.m2\repository\info\cukes\cucumber-core\1.2.5\cucumber-core-1.2.5.jar;C:\Users\HP\.m2\repository\org\yaml\snakeyaml\1.24\snakeyaml-1.24.jar;C:\Users\HP\.m2\repository\de\siegmar\fastcsv\1.0.3\fastcsv-1.0.3.jar;C:\Users\HP\.m2\repository\info\picocli\picocli\3.0.1\picocli-3.0.1.jar;C:\Users\HP\.m2\repository\org\apache\httpcomponents\httpclient\4.5.5\httpclient-4.5.5.jar;C:\Users\HP\.m2\repository\org\apache\httpcomponents\httpcore\4.4.9\httpcore-4.4.9.jar;C:\Users\HP\.m2\repository\org\apache\httpcomponents\httpmime\4.5.5\httpmime-4.5.5.jar;C:\Users\HP\.m2\repository\org\slf4j\jcl-over-slf4j\1.7.25\jcl-over-slf4j-1.7.25.jar;C:\Users\HP\.m2\repository\org\slf4j\slf4j-api\1.7.25\slf4j-api-1.7.25.jar;C:\Users\HP\.m2\repository\ch\qos\logback\logback-classic\1.2.3\logback-classic-1.2.3.jar;C:\Users\HP\.m2\repository\ch\qos\logback\logback-core\1.2.3\logback-core-1.2.3.jar;C:\Users\HP\.m2\repository\com\intuit\karate\karate-junit4\0.9.4\karate-junit4-0.9.4.jar;C:\Users\HP\.m2\repository\io\cucumber\cucumber-junit\4.7.2\cucumber-junit-4.7.2.jar;C:\Users\HP\.m2\repository\junit\junit\4.13.2\junit-4.13.2.jar;C:\Users\HP\.m2\repository\org\hamcrest\hamcrest-core\1.3\hamcrest-core-1.3.jar;C:\Users\HP\.m2\repository\io\cucumber\cucumber-picocontainer\4.7.2\cucumber-picocontainer-4.7.2.jar;C:\Users\HP\.m2\repository\org\picocontainer\picocontainer\2.15\picocontainer-2.15.jar;C:\Users\HP\.m2\repository\io\cucumber\gherkin-jvm-deps\1.0.6\gherkin-jvm-deps-1.0.6.jar;C:\Users\HP\.m2\repository\org\apache\maven\plugins\maven-surefire-plugin\3.0.0-M5\maven-surefire-plugin-3.0.0-M5.jar;C:\Users\HP\.m2\repository\org\apache\maven\surefire\maven-surefire-common\3.0.0-M5\maven-surefire-common-3.0.0-M5.jar;C:\Users\HP\.m2\repository\org\apache\maven\surefire\surefire-api\3.0.0-M5\surefire-api-3.0.0-M5.jar;C:\Users\HP\.m2\repository\org\apache\maven\surefire\surefire-logger-api\3.0.0-M5\surefire-logger-api-3.0.0-M5.jar;C:\Users\HP\.m2\repository\org\apache\maven\surefire\surefire-extensions-api\3.0.0-M5\surefire-extensions-api-3.0.0-M5.jar;C:\Users\HP\.m2\repository\org\apache\maven\surefire\surefire-booter\3.0.0-M5\surefire-booter-3.0.0-M5.jar;C:\Users\HP\.m2\repository\org\apache\maven\surefire\surefire-extensions-spi\3.0.0-M5\surefire-extensions-spi-3.0.0-M5.jar;C:\Users\HP\.m2\repository\org\apache\maven\maven-toolchain\3.0-alpha-2\maven-toolchain-3.0-alpha-2.jar;C:\Users\HP\.m2\repository\org\apache\maven\shared\maven-artifact-transfer\0.11.0\maven-artifact-transfer-0.11.0.jar;C:\Users\HP\.m2\repository\org\apache\maven\shared\maven-common-artifact-filters\3.0.1\maven-common-artifact-filters-3.0.1.jar;C:\Users\HP\.m2\repository\org\apache\maven\maven-model\3.0\maven-model-3.0.jar;C:\Users\HP\.m2\repository\org\apache\maven\maven-plugin-api\3.0\maven-plugin-api-3.0.jar;C:\Users\HP\.m2\repository\org\sonatype\sisu\sisu-inject-plexus\1.4.2\sisu-inject-plexus-1.4.2.jar;C:\Users\HP\.m2\repository\org\codehaus\plexus\plexus-classworlds\2.2.3\plexus-classworlds-2.2.3.jar;C:\Users\HP\.m2\repository\org\sonatype\sisu\sisu-inject-bean\1.4.2\sisu-inject-bean-1.4.2.jar;C:\Users\HP\.m2\repository\org\sonatype\sisu\sisu-guice\2.1.7\sisu-guice-2.1.7-noaop.jar;C:\Users\HP\.m2\repository\org\apache\maven\shared\maven-shared-utils\3.1.0\maven-shared-utils-3.1.0.jar;C:\Users\HP\.m2\repository\commons-io\commons-io\2.5\commons-io-2.5.jar;C:\Users\HP\.m2\repository\commons-codec\commons-codec\1.11\commons-codec-1.11.jar;C:\Users\HP\.m2\repository\org\codehaus\plexus\plexus-java\1.0.5\plexus-java-1.0.5.jar;C:\Users\HP\.m2\repository\org\ow2\asm\asm\7.2\asm-7.2.jar;C:\Users\HP\.m2\repository\com\thoughtworks\qdox\qdox\2.0-M9\qdox-2.0-M9.jar;C:\Users\HP\.m2\repository\org\apache\maven\surefire\surefire-shared-utils\3.0.0-M4\surefire-shared-utils-3.0.0-M4.jar;"/>
    <property name="java.vm.vendor" value="Oracle Corporation"/>
    <property name="sun.arch.data.model" value="64"/>
    <property name="user.variant" value=""/>
    <property name="java.vendor.url" value="http://java.oracle.com/"/>
    <property name="user.timezone" value="Asia/Calcutta"/>
    <property name="java.vm.specification.version" value="1.8"/>
    <property name="os.name" value="Windows 10"/>
    <property name="user.country" value="IN"/>
    <property name="sun.java.launcher" value="SUN_STANDARD"/>
    <property name="sun.boot.library.path" value="C:\Program Files\Java\jdk1.8.0_144\jre\bin"/>
    <property name="sun.java.command" value="C:\Users\HP\AppData\Local\Temp\surefire7966303054365161272\surefirebooter1674538679520542330.jar C:\Users\HP\AppData\Local\Temp\surefire7966303054365161272 2021-06-18T18-23-55_575-jvmRun1 surefire2718618999786350141tmp surefire_07824103742429704083tmp"/>
    <property name="surefire.test.class.path" value="C:\Users\HP\Desktop\Selenium-Framework\automation-runner-project\target\test-classes;C:\Users\HP\Desktop\Selenium-Framework\automation-runner-project\target\classes;C:\Users\HP\.m2\repository\io\cucumber\cucumber-java8\4.7.2\cucumber-java8-4.7.2.jar;C:\Users\HP\.m2\repository\io\cucumber\cucumber-java\4.7.2\cucumber-java-4.7.2.jar;C:\Users\HP\.m2\repository\io\cucumber\cucumber-core\4.7.2\cucumber-core-4.7.2.jar;C:\Users\HP\.m2\repository\io\cucumber\gherkin\5.1.0\gherkin-5.1.0.jar;C:\Users\HP\.m2\repository\io\cucumber\tag-expressions\1.1.1\tag-expressions-1.1.1.jar;C:\Users\HP\.m2\repository\io\cucumber\cucumber-expressions\7.0.2\cucumber-expressions-7.0.2.jar;C:\Users\HP\.m2\repository\io\cucumber\datatable\1.1.14\datatable-1.1.14.jar;C:\Users\HP\.m2\repository\io\cucumber\datatable-dependencies\1.1.14\datatable-dependencies-1.1.14.jar;C:\Users\HP\.m2\repository\org\apiguardian\apiguardian-api\1.1.0\apiguardian-api-1.1.0.jar;C:\Users\HP\.m2\repository\net\jodah\typetools\0.5.0\typetools-0.5.0.jar;C:\Users\HP\.m2\repository\com\acn\ntc\library-engine\1.0.0\library-engine-1.0.0.jar;C:\Users\HP\.m2\repository\com\acn\ntc\library-api\1.0.0\library-api-1.0.0.jar;C:\Users\HP\.m2\repository\com\intuit\karate\karate-apache\0.9.4\karate-apache-0.9.4.jar;C:\Users\HP\.m2\repository\com\intuit\karate\karate-core\0.9.4\karate-core-0.9.4.jar;C:\Users\HP\.m2\repository\com\jayway\jsonpath\json-path\2.1.0\json-path-2.1.0.jar;C:\Users\HP\.m2\repository\net\minidev\json-smart\2.2\json-smart-2.2.jar;C:\Users\HP\.m2\repository\net\minidev\accessors-smart\1.1\accessors-smart-1.1.jar;C:\Users\HP\.m2\repository\info\cukes\cucumber-java\1.2.5\cucumber-java-1.2.5.jar;C:\Users\HP\.m2\repository\info\cukes\cucumber-core\1.2.5\cucumber-core-1.2.5.jar;C:\Users\HP\.m2\repository\org\yaml\snakeyaml\1.24\snakeyaml-1.24.jar;C:\Users\HP\.m2\repository\de\siegmar\fastcsv\1.0.3\fastcsv-1.0.3.jar;C:\Users\HP\.m2\repository\info\picocli\picocli\3.0.1\picocli-3.0.1.jar;C:\Users\HP\.m2\repository\org\apache\httpcomponents\httpclient\4.5.5\httpclient-4.5.5.jar;C:\Users\HP\.m2\repository\org\apache\httpcomponents\httpcore\4.4.9\httpcore-4.4.9.jar;C:\Users\HP\.m2\repository\org\apache\httpcomponents\httpmime\4.5.5\httpmime-4.5.5.jar;C:\Users\HP\.m2\repository\org\slf4j\jcl-over-slf4j\1.7.25\jcl-over-slf4j-1.7.25.jar;C:\Users\HP\.m2\repository\org\slf4j\slf4j-api\1.7.25\slf4j-api-1.7.25.jar;C:\Users\HP\.m2\repository\ch\qos\logback\logback-classic\1.2.3\logback-classic-1.2.3.jar;C:\Users\HP\.m2\repository\ch\qos\logback\logback-core\1.2.3\logback-core-1.2.3.jar;C:\Users\HP\.m2\repository\com\intuit\karate\karate-junit4\0.9.4\karate-junit4-0.9.4.jar;C:\Users\HP\.m2\repository\io\cucumber\cucumber-junit\4.7.2\cucumber-junit-4.7.2.jar;C:\Users\HP\.m2\repository\junit\junit\4.13.2\junit-4.13.2.jar;C:\Users\HP\.m2\repository\org\hamcrest\hamcrest-core\1.3\hamcrest-core-1.3.jar;C:\Users\HP\.m2\repository\io\cucumber\cucumber-picocontainer\4.7.2\cucumber-picocontainer-4.7.2.jar;C:\Users\HP\.m2\repository\org\picocontainer\picocontainer\2.15\picocontainer-2.15.jar;C:\Users\HP\.m2\repository\io\cucumber\gherkin-jvm-deps\1.0.6\gherkin-jvm-deps-1.0.6.jar;C:\Users\HP\.m2\repository\org\apache\maven\plugins\maven-surefire-plugin\3.0.0-M5\maven-surefire-plugin-3.0.0-M5.jar;C:\Users\HP\.m2\repository\org\apache\maven\surefire\maven-surefire-common\3.0.0-M5\maven-surefire-common-3.0.0-M5.jar;C:\Users\HP\.m2\repository\org\apache\maven\surefire\surefire-api\3.0.0-M5\surefire-api-3.0.0-M5.jar;C:\Users\HP\.m2\repository\org\apache\maven\surefire\surefire-logger-api\3.0.0-M5\surefire-logger-api-3.0.0-M5.jar;C:\Users\HP\.m2\repository\org\apache\maven\surefire\surefire-extensions-api\3.0.0-M5\surefire-extensions-api-3.0.0-M5.jar;C:\Users\HP\.m2\repository\org\apache\maven\surefire\surefire-booter\3.0.0-M5\surefire-booter-3.0.0-M5.jar;C:\Users\HP\.m2\repository\org\apache\maven\surefire\surefire-extensions-spi\3.0.0-M5\surefire-extensions-spi-3.0.0-M5.jar;C:\Users\HP\.m2\repository\org\apache\maven\maven-toolchain\3.0-alpha-2\maven-toolchain-3.0-alpha-2.jar;C:\Users\HP\.m2\repository\org\apache\maven\shared\maven-artifact-transfer\0.11.0\maven-artifact-transfer-0.11.0.jar;C:\Users\HP\.m2\repository\org\apache\maven\shared\maven-common-artifact-filters\3.0.1\maven-common-artifact-filters-3.0.1.jar;C:\Users\HP\.m2\repository\org\apache\maven\maven-model\3.0\maven-model-3.0.jar;C:\Users\HP\.m2\repository\org\apache\maven\maven-plugin-api\3.0\maven-plugin-api-3.0.jar;C:\Users\HP\.m2\repository\org\sonatype\sisu\sisu-inject-plexus\1.4.2\sisu-inject-plexus-1.4.2.jar;C:\Users\HP\.m2\repository\org\codehaus\plexus\plexus-classworlds\2.2.3\plexus-classworlds-2.2.3.jar;C:\Users\HP\.m2\repository\org\sonatype\sisu\sisu-inject-bean\1.4.2\sisu-inject-bean-1.4.2.jar;C:\Users\HP\.m2\repository\org\sonatype\sisu\sisu-guice\2.1.7\sisu-guice-2.1.7-noaop.jar;C:\Users\HP\.m2\repository\org\apache\maven\shared\maven-shared-utils\3.1.0\maven-shared-utils-3.1.0.jar;C:\Users\HP\.m2\repository\commons-io\commons-io\2.5\commons-io-2.5.jar;C:\Users\HP\.m2\repository\commons-codec\commons-codec\1.11\commons-codec-1.11.jar;C:\Users\HP\.m2\repository\org\codehaus\plexus\plexus-java\1.0.5\plexus-java-1.0.5.jar;C:\Users\HP\.m2\repository\org\ow2\asm\asm\7.2\asm-7.2.jar;C:\Users\HP\.m2\repository\com\thoughtworks\qdox\qdox\2.0-M9\qdox-2.0-M9.jar;C:\Users\HP\.m2\repository\org\apache\maven\surefire\surefire-shared-utils\3.0.0-M4\surefire-shared-utils-3.0.0-M4.jar;"/>
    <property name="sun.cpu.endian" value="little"/>
    <property name="user.home" value="C:\Users\HP"/>
    <property name="user.language" value="en"/>
    <property name="java.specification.vendor" value="Oracle Corporation"/>
    <property name="java.home" value="C:\Program Files\Java\jdk1.8.0_144\jre"/>
    <property name="basedir" value="C:\Users\HP\Desktop\Selenium-Framework\automation-runner-project"/>
    <property name="file.separator" value="\"/>
    <property name="line.separator" value="&#10;"/>
    <property name="java.vm.specification.vendor" value="Oracle Corporation"/>
    <property name="java.specification.name" value="Java Platform API Specification"/>
    <property name="java.awt.graphicsenv" value="sun.awt.Win32GraphicsEnvironment"/>
    <property name="surefire.real.class.path" value="C:\Users\HP\AppData\Local\Temp\surefire7966303054365161272\surefirebooter1674538679520542330.jar"/>
    <property name="sun.boot.class.path" value="C:\Program Files\Java\jdk1.8.0_144\jre\lib\resources.jar;C:\Program Files\Java\jdk1.8.0_144\jre\lib\rt.jar;C:\Program Files\Java\jdk1.8.0_144\jre\lib\sunrsasign.jar;C:\Program Files\Java\jdk1.8.0_144\jre\lib\jsse.jar;C:\Program Files\Java\jdk1.8.0_144\jre\lib\jce.jar;C:\Program Files\Java\jdk1.8.0_144\jre\lib\charsets.jar;C:\Program Files\Java\jdk1.8.0_144\jre\lib\jfr.jar;C:\Program Files\Java\jdk1.8.0_144\jre\classes"/>
    <property name="user.script" value=""/>
    <property name="sun.management.compiler" value="HotSpot 64-Bit Tiered Compilers"/>
    <property name="java.runtime.version" value="1.8.0_144-b01"/>
    <property name="user.name" value="HP"/>
    <property name="path.separator" value=";"/>
    <property name="os.version" value="10.0"/>
    <property name="java.endorsed.dirs" value="C:\Program Files\Java\jdk1.8.0_144\jre\lib\endorsed"/>
    <property name="java.runtime.name" value="Java(TM) SE Runtime Environment"/>
    <property name="file.encoding" value="Cp1252"/>
    <property name="java.vm.name" value="Java HotSpot(TM) 64-Bit Server VM"/>
    <property name="localRepository" value="C:\Users\HP\.m2\repository"/>
    <property name="java.vendor.url.bug" value="http://bugreport.sun.com/bugreport/"/>
    <property name="java.io.tmpdir" value="C:\Users\HP\AppData\Local\Temp\"/>
    <property name="java.version" value="1.8.0_144"/>
    <property name="user.dir" value="C:\Users\HP\Desktop\Selenium-Framework\automation-runner-project"/>
    <property name="os.arch" value="amd64"/>
    <property name="java.vm.specification.name" value="Java Virtual Machine Specification"/>
    <property name="java.awt.printerjob" value="sun.awt.windows.WPrinterJob"/>
    <property name="sun.os.patch.level" value=""/>
    <property name="java.library.path" value="C:\Program Files\Java\jdk1.8.0_144\jre\bin;C:\WINDOWS\Sun\Java\bin;C:\WINDOWS\system32;C:\WINDOWS;C:/Program Files/Java/jre1.8.0_144/bin/server;C:/Program Files/Java/jre1.8.0_144/bin;C:/Program Files/Java/jre1.8.0_144/lib/amd64;%TRICENTIS_HOME%;%TRICENTIS_PROJECTS%;%TRICENTIS_SEARCH%;%TRICENTIS_HOME%\Resources\Mobile\Tools;C:\oraclexe\app\oracle\product\11.2.0\server\bin;C:\ProgramData\Oracle\Java\javapath;%SystemRoot%\system32;%SystemRoot%;%SystemRoot%\System32\Wbem;%SYSTEMROOT%\System32\WindowsPowerShell\v1.0\;C:\Program Files\Microsoft SQL Server\Client SDK\ODBC\130\Tools\Binn\;C:\Program Files (x86)\Microsoft SQL Server\130\Tools\Binn\;C:\Program Files\Microsoft SQL Server\130\Tools\Binn\;C:\Program Files\Microsoft SQL Server\130\DTS\Binn\;C:\Program Files (x86)\Microsoft SQL Server\Client SDK\ODBC\130\Tools\Binn\;C:\Program Files (x86)\Microsoft SQL Server\140\Tools\Binn\;C:\Program Files (x86)\Microsoft SQL Server\140\DTS\Binn\;C:\Program Files (x86)\Microsoft SQL Server\140\Tools\Binn\ManagementStudio\;%SYSTEMROOT%\System32\OpenSSH\;C:\Program Files\Git\cmd;C:\Android;C:\Windows\System32;C:\Program Files\Java\jdk1.8.0_144\bin;;%USERPROFILE%\AppData\Local\Microsoft\WindowsApps;C:\Users\HP\Downloads\eclipse;;."/>
    <property name="java.vm.info" value="mixed mode"/>
    <property name="java.vendor" value="Oracle Corporation"/>
    <property name="java.vm.version" value="25.144-b01"/>
    <property name="java.ext.dirs" value="C:\Program Files\Java\jdk1.8.0_144\jre\lib\ext;C:\WINDOWS\Sun\Java\lib\ext"/>
    <property name="sun.io.unicode.encoding" value="UnicodeLittle"/>
    <property name="java.class.version" value="52.0"/>
  </properties>
  <testcase name="Validate_Weather_API_Response" classname="Return_Weather_Information" time="10.02">
    <system-out><![CDATA[18:24:06.398 [main] WARN com.intuit.karate - skipping bootstrap configuration: could not find or read file: classpath:karate-config.js
18:24:06.398 [main] DEBUG org.apache.http.client.protocol.RequestAddCookies - CookieSpec selected: karate
18:24:06.398 [main] DEBUG org.apache.http.client.protocol.RequestAuthCache - Auth cache not set in the context
18:24:06.398 [main] DEBUG com.intuit.karate - request:
1 > GET https://restcountries.eu/rest/v2/all
1 > Accept: application/json
1 > Accept-Encoding: gzip,deflate
1 > Connection: Keep-Alive
1 > Host: restcountries.eu
1 > User-Agent: Apache-HttpClient/4.5.5 (Java/1.8.0_144)

18:24:06.398 [main] DEBUG org.apache.http.impl.conn.PoolingHttpClientConnectionManager - Connection request: [route: {s}->https://restcountries.eu:443][total kept alive: 0; route allocated: 0 of 5; total allocated: 0 of 10]
18:24:06.398 [main] DEBUG org.apache.http.impl.conn.PoolingHttpClientConnectionManager - Connection leased: [id: 1][route: {s}->https://restcountries.eu:443][total kept alive: 0; route allocated: 1 of 5; total allocated: 1 of 10]
18:24:06.398 [main] DEBUG org.apache.http.impl.execchain.MainClientExec - Opening connection {s}->https://restcountries.eu:443
18:24:06.414 [main] DEBUG org.apache.http.impl.conn.DefaultHttpClientConnectionOperator - Connecting to restcountries.eu/172.67.204.7:443
18:24:06.414 [main] DEBUG org.apache.http.conn.ssl.SSLConnectionSocketFactory - Connecting socket to restcountries.eu/172.67.204.7:443 with timeout 30000
18:24:06.445 [main] DEBUG org.apache.http.conn.ssl.SSLConnectionSocketFactory - Enabled protocols: [TLSv1, TLSv1.1, TLSv1.2]
18:24:06.445 [main] DEBUG org.apache.http.conn.ssl.SSLConnectionSocketFactory - Enabled cipher suites:[TLS_ECDHE_ECDSA_WITH_AES_128_CBC_SHA256, TLS_ECDHE_RSA_WITH_AES_128_CBC_SHA256, TLS_RSA_WITH_AES_128_CBC_SHA256, TLS_ECDH_ECDSA_WITH_AES_128_CBC_SHA256, TLS_ECDH_RSA_WITH_AES_128_CBC_SHA256, TLS_DHE_RSA_WITH_AES_128_CBC_SHA256, TLS_DHE_DSS_WITH_AES_128_CBC_SHA256, TLS_ECDHE_ECDSA_WITH_AES_128_CBC_SHA, TLS_ECDHE_RSA_WITH_AES_128_CBC_SHA, TLS_RSA_WITH_AES_128_CBC_SHA, TLS_ECDH_ECDSA_WITH_AES_128_CBC_SHA, TLS_ECDH_RSA_WITH_AES_128_CBC_SHA, TLS_DHE_RSA_WITH_AES_128_CBC_SHA, TLS_DHE_DSS_WITH_AES_128_CBC_SHA, TLS_ECDHE_ECDSA_WITH_AES_128_GCM_SHA256, TLS_ECDHE_RSA_WITH_AES_128_GCM_SHA256, TLS_RSA_WITH_AES_128_GCM_SHA256, TLS_ECDH_ECDSA_WITH_AES_128_GCM_SHA256, TLS_ECDH_RSA_WITH_AES_128_GCM_SHA256, TLS_DHE_RSA_WITH_AES_128_GCM_SHA256, TLS_DHE_DSS_WITH_AES_128_GCM_SHA256, TLS_ECDHE_ECDSA_WITH_3DES_EDE_CBC_SHA, TLS_ECDHE_RSA_WITH_3DES_EDE_CBC_SHA, SSL_RSA_WITH_3DES_EDE_CBC_SHA, TLS_ECDH_ECDSA_WITH_3DES_EDE_CBC_SHA, TLS_ECDH_RSA_WITH_3DES_EDE_CBC_SHA, SSL_DHE_RSA_WITH_3DES_EDE_CBC_SHA, SSL_DHE_DSS_WITH_3DES_EDE_CBC_SHA, TLS_EMPTY_RENEGOTIATION_INFO_SCSV]
18:24:06.445 [main] DEBUG org.apache.http.conn.ssl.SSLConnectionSocketFactory - Starting handshake
18:24:06.492 [main] DEBUG org.apache.http.conn.ssl.SSLConnectionSocketFactory - Secure session established
18:24:06.492 [main] DEBUG org.apache.http.conn.ssl.SSLConnectionSocketFactory -  negotiated protocol: TLSv1.2
18:24:06.492 [main] DEBUG org.apache.http.conn.ssl.SSLConnectionSocketFactory -  negotiated cipher suite: TLS_ECDHE_ECDSA_WITH_AES_128_GCM_SHA256
18:24:06.492 [main] DEBUG org.apache.http.conn.ssl.SSLConnectionSocketFactory -  peer principal: CN=sni.cloudflaressl.com, O="Cloudflare, Inc.", L=San Francisco, ST=CA, C=US
18:24:06.492 [main] DEBUG org.apache.http.conn.ssl.SSLConnectionSocketFactory -  peer alternative names: [sni.cloudflaressl.com, *.restcountries.eu, restcountries.eu]
18:24:06.492 [main] DEBUG org.apache.http.conn.ssl.SSLConnectionSocketFactory -  issuer principal: CN=Cloudflare Inc ECC CA-3, O="Cloudflare, Inc.", C=US
18:24:06.492 [main] DEBUG org.apache.http.impl.conn.DefaultHttpClientConnectionOperator - Connection established 192.168.0.176:49674<->172.67.204.7:443
18:24:06.492 [main] DEBUG org.apache.http.impl.conn.DefaultManagedHttpClientConnection - http-outgoing-1: set socket timeout to 30000
18:24:06.492 [main] DEBUG org.apache.http.impl.execchain.MainClientExec - Executing request GET /rest/v2/all HTTP/1.1
18:24:06.492 [main] DEBUG org.apache.http.impl.execchain.MainClientExec - Target auth state: UNCHALLENGED
18:24:06.492 [main] DEBUG org.apache.http.impl.execchain.MainClientExec - Proxy auth state: UNCHALLENGED
18:24:06.492 [main] DEBUG org.apache.http.headers - http-outgoing-1 >> GET /rest/v2/all HTTP/1.1
18:24:06.492 [main] DEBUG org.apache.http.headers - http-outgoing-1 >> Accept: application/json
18:24:06.492 [main] DEBUG org.apache.http.headers - http-outgoing-1 >> Host: restcountries.eu
18:24:06.492 [main] DEBUG org.apache.http.headers - http-outgoing-1 >> Connection: Keep-Alive
18:24:06.492 [main] DEBUG org.apache.http.headers - http-outgoing-1 >> User-Agent: Apache-HttpClient/4.5.5 (Java/1.8.0_144)
18:24:06.492 [main] DEBUG org.apache.http.headers - http-outgoing-1 >> Accept-Encoding: gzip,deflate
18:24:06.492 [main] DEBUG org.apache.http.wire - http-outgoing-1 >> "GET /rest/v2/all HTTP/1.1[\r][\n]"
18:24:06.492 [main] DEBUG org.apache.http.wire - http-outgoing-1 >> "Accept: application/json[\r][\n]"
18:24:06.492 [main] DEBUG org.apache.http.wire - http-outgoing-1 >> "Host: restcountries.eu[\r][\n]"
18:24:06.492 [main] DEBUG org.apache.http.wire - http-outgoing-1 >> "Connection: Keep-Alive[\r][\n]"
18:24:06.492 [main] DEBUG org.apache.http.wire - http-outgoing-1 >> "User-Agent: Apache-HttpClient/4.5.5 (Java/1.8.0_144)[\r][\n]"
18:24:06.492 [main] DEBUG org.apache.http.wire - http-outgoing-1 >> "Accept-Encoding: gzip,deflate[\r][\n]"
18:24:06.492 [main] DEBUG org.apache.http.wire - http-outgoing-1 >> "[\r][\n]"
18:24:15.555 [main] DEBUG org.apache.http.wire - http-outgoing-1 << "HTTP/1.1 200 [\r][\n]"
18:24:15.555 [main] DEBUG org.apache.http.wire - http-outgoing-1 << "Date: Fri, 18 Jun 2021 12:54:14 GMT[\r][\n]"
18:24:15.555 [main] DEBUG org.apache.http.wire - http-outgoing-1 << "Content-Type: application/json;charset=utf-8[\r][\n]"
18:24:15.555 [main] DEBUG org.apache.http.wire - http-outgoing-1 << "Transfer-Encoding: chunked[\r][\n]"
18:24:15.555 [main] DEBUG org.apache.http.wire - http-outgoing-1 << "Connection: keep-alive[\r][\n]"
18:24:15.555 [main] DEBUG org.apache.http.wire - http-outgoing-1 << "Access-Control-Allow-Origin: *[\r][\n]"
18:24:15.555 [main] DEBUG org.apache.http.wire - http-outgoing-1 << "Access-Control-Allow-Methods: GET[\r][\n]"
18:24:15.555 [main] DEBUG org.apache.http.wire - http-outgoing-1 << "Access-Control-Allow-Headers: Accept, X-Requested-With[\r][\n]"
18:24:15.555 [main] DEBUG org.apache.http.wire - http-outgoing-1 << "Cache-Control: public, max-age=86400[\r][\n]"
18:24:15.555 [main] DEBUG org.apache.http.wire - http-outgoing-1 << "CF-Cache-Status: DYNAMIC[\r][\n]"
18:24:15.555 [main] DEBUG org.apache.http.wire - http-outgoing-1 << "cf-request-id: 0ac0c89abf0000de295f86b000000001[\r][\n]"
18:24:15.555 [main] DEBUG org.apache.http.wire - http-outgoing-1 << "Report-To: {"endpoints":[{"url":"https:\/\/a.nel.cloudflare.com\/report\/v2?s=gzj5A2MjzkCiUnQ5VlBonfcVWsHXPALG2XMsPuVpDW32pVbx3mN6hPooTc1C5Uep5XNFUhrGJLkyCH%2F3AWm2WcuawLQqo6YIt3rZKmet3NJsTKwfH6knyR3RSb%2FNVQ%3D%3D"}],"group":"cf-nel","max_age":604800}[\r][\n]"
18:24:15.555 [main] DEBUG org.apache.http.wire - http-outgoing-1 << "NEL: {"report_to":"cf-nel","max_age":604800}[\r][\n]"
18:24:15.555 [main] DEBUG org.apache.http.wire - http-outgoing-1 << "Content-Encoding: gzip[\r][\n]"
18:24:15.555 [main] DEBUG org.apache.http.wire - http-outgoing-1 << "alt-svc: h3-27=":443"; ma=86400, h3-28=":443"; ma=86400, h3-29=":443"; ma=86400, h3=":443"; ma=86400[\r][\n]"
18:24:15.555 [main] DEBUG org.apache.http.wire - http-outgoing-1 << "Expect-CT: max-age=604800, report-uri="https://report-uri.cloudflare.com/cdn-cgi/beacon/expect-ct"[\r][\n]"
18:24:15.555 [main] DEBUG org.apache.http.wire - http-outgoing-1 << "Server: cloudflare[\r][\n]"
18:24:15.555 [main] DEBUG org.apache.http.wire - http-outgoing-1 << "CF-RAY: 6614aa0aca80de29-BOM[\r][\n]"
18:24:15.555 [main] DEBUG org.apache.http.wire - http-outgoing-1 << "[\r][\n]"
18:24:15.555 [main] DEBUG org.apache.http.wire - http-outgoing-1 << "f6f[\r][\n]"
18:24:15.555 [main] DEBUG org.apache.http.wire - http-outgoing-1 << "[0x1f][0x8b][0x8][0x0][0x0][0x0][0x0][0x0][0x0][0x3][0xb4][0x99][o[0xdb][0xc8][0x15][0xc7][0xbf][\n]"
18:24:15.555 [main] DEBUG org.apache.http.wire - http-outgoing-1 << "1([0x90][0x87][0xd2][0x8a][0xa8][0xbb][0xf5]&[N6k[0xf9][0x2][0xcb]*Z[0x7]FqD[0x8e](F[0xa3][0xa1][0xc2][0x8b]];[0xc8][0x83]-'[0xc8]fS[0xa0][0xf]-P[0xb4]/[0x1b][0x7][0xa8][0xd7]v[0x8a][0xc0]5Zl6[0x8b][0xed][0x83][0xdc][0x87][0xe4][0x13]P[0x9b][0xb7][0x15][\n]"
18:24:15.555 [main] DEBUG org.apache.http.wire - http-outgoing-1 << "[0xb4][0xdf][0xa2][0x98]!E[0xf1]&[A[0xb1]~[0x90]4[0x87][0x9c][0xc3][0xc3][0x99][0xf9][0xfd][0xcf][0x99][0xf1][0xfd]G[0x88]B[0x17][0xa3]2[0xaa][0xb4][0xd4]6P[0xcd][0xb4][0x80]"[0x11]Yz[0xaf][0x86]w0[0xa9][0xea]][0xd0](*[0xdf]G)h[0xa1]m[0x11][0x1][0xe9][0xb5]![0xb3][0xa8]+[0xbc][0xcf][0x1d][0xe4]Y[0xb2][0xbe][0xe5].[0x12][0x91][0xc][0x84]hTe6[0x93][0xf5][0x9d][0xcf][0xb2][0xae]2[0xf4]4[0xb][0x8]*[0xa3]eh[0xda][0x84]w[0xb5][0xea]=[0xcc][0xef][0xe5][0xf7]q[0x95][0xd6][0xd5][0xcb][0xab][0x3][0x16][0xc9][0xd5][0x1]e[0xfd][0xc][0xac]j:e[0xce]M[\r][0x90][0x88]L[0xbb][0xe9][0x9b][0xea][0xba]m[0xb5][0xb1]A[0x5][0xef]ZO[0xef][0xd9][0x4],~1S,[0xe4][0x8b]R./"[0x2][0x16][0xa1]**[0xdf][0xcf]fSi[0xb1][0x90]O[0xa5][0xb7]E[0xa4][0xe0][0xae]N[0xf7][0xba][0xfe][0xab][0xb3]x[0xc][0xc][0xa8]\[0xc8]g2[0xd9]t*-"U[0xa3][0x1a][0xf3][0x93]*[0x89][0xc8][0xd2][0xba]x_[0xa7][0xee][0xb]56[0x17][0x9e][0xce][0x95][0xb3]i[0x16]_S7[0x14]lp[0xfb][0xbd][0x8d]U$[0xa2][0xf5][0xca]2[0x12][0xd1][0xe6][0xf2][\n]"
18:24:15.555 [main] DEBUG org.apache.http.wire - http-outgoing-1 << "[0x12]Qck[0x81][0xfd][0xfe][0x9c]Y[0x16]?[e[0xf7]S[0xb0][0xb4][0x1d][0xbc][0xea][0xe][0xbb]s2<p[0xbe]uN[0x86]O[0x9d]K[0xe7][0x8c]}#[0x11]Q[0xbb][0x8b][\r]M[0xf6][0xc6]4[0x9d][0xce][0xb1]1[0xb5][\r][0x3]SY[0xe3][0x1]<B[0xf2]x[0xbc][0xd9][0x3]CS([0x80]"
18:24:15.555 [main] DEBUG org.apache.http.headers - http-outgoing-1 << HTTP/1.1 200 
18:24:15.555 [main] DEBUG org.apache.http.headers - http-outgoing-1 << Date: Fri, 18 Jun 2021 12:54:14 GMT
18:24:15.555 [main] DEBUG org.apache.http.headers - http-outgoing-1 << Content-Type: application/json;charset=utf-8
18:24:15.555 [main] DEBUG org.apache.http.headers - http-outgoing-1 << Transfer-Encoding: chunked
18:24:15.555 [main] DEBUG org.apache.http.headers - http-outgoing-1 << Connection: keep-alive
18:24:15.555 [main] DEBUG org.apache.http.headers - http-outgoing-1 << Access-Control-Allow-Origin: *
18:24:15.555 [main] DEBUG org.apache.http.headers - http-outgoing-1 << Access-Control-Allow-Methods: GET
18:24:15.555 [main] DEBUG org.apache.http.headers - http-outgoing-1 << Access-Control-Allow-Headers: Accept, X-Requested-With
18:24:15.555 [main] DEBUG org.apache.http.headers - http-outgoing-1 << Cache-Control: public, max-age=86400
18:24:15.555 [main] DEBUG org.apache.http.headers - http-outgoing-1 << CF-Cache-Status: DYNAMIC
18:24:15.555 [main] DEBUG org.apache.http.headers - http-outgoing-1 << cf-request-id: 0ac0c89abf0000de295f86b000000001
18:24:15.555 [main] DEBUG org.apache.http.headers - http-outgoing-1 << Report-To: {"endpoints":[{"url":"https:\/\/a.nel.cloudflare.com\/report\/v2?s=gzj5A2MjzkCiUnQ5VlBonfcVWsHXPALG2XMsPuVpDW32pVbx3mN6hPooTc1C5Uep5XNFUhrGJLkyCH%2F3AWm2WcuawLQqo6YIt3rZKmet3NJsTKwfH6knyR3RSb%2FNVQ%3D%3D"}],"group":"cf-nel","max_age":604800}
18:24:15.555 [main] DEBUG org.apache.http.headers - http-outgoing-1 << NEL: {"report_to":"cf-nel","max_age":604800}
18:24:15.555 [main] DEBUG org.apache.http.headers - http-outgoing-1 << Content-Encoding: gzip
18:24:15.555 [main] DEBUG org.apache.http.headers - http-outgoing-1 << alt-svc: h3-27=":443"; ma=86400, h3-28=":443"; ma=86400, h3-29=":443"; ma=86400, h3=":443"; ma=86400
18:24:15.555 [main] DEBUG org.apache.http.headers - http-outgoing-1 << Expect-CT: max-age=604800, report-uri="https://report-uri.cloudflare.com/cdn-cgi/beacon/expect-ct"
18:24:15.555 [main] DEBUG org.apache.http.headers - http-outgoing-1 << Server: cloudflare
18:24:15.555 [main] DEBUG org.apache.http.headers - http-outgoing-1 << CF-RAY: 6614aa0aca80de29-BOM
18:24:15.555 [main] DEBUG org.apache.http.impl.execchain.MainClientExec - Connection can be kept alive indefinitely
18:24:15.555 [main] DEBUG org.apache.http.wire - http-outgoing-1 << ";[0x93]l[0xa4][0xf6][0xba]M[0x9d][\r][0xb8][0xf3]%z[0xbc][0xcd][0xc6][0x81][0xaa]6[0xa8][0x9e][0xb][0xcd][0xd4][0xb][0xd9][0xf9]_K[0xa8][0x8c]z&[0x12][0xc7][0xed][0xc]k[0xdb][0xe6][0xc4][0xed]:[0x98]mKG[0x91][0xc0][0x87][0xdf][0xff][0xf0]'[0xe7]l[0xf8][0xc]=[0x16]C[0xae][0xec][0xfd][0xb0]+{[0xbf]9q[0xd5][0xd8]o[0xe2]N[0xd4][0xd3][0xda][0x87]w[0xdc][0x1c]qdu[0xc2][0x8e],[0xbb]3q[0xb4]i[0x1b][0x9d].[0xa6]QW[0x9b][0x83][0xef]\;{[[0xcb][0x0]j[0xba][0x8b][0xc1]D[0xe5]GH[0x89]/s6[0x12][0xcc][0xc4]-[0x83][0x97][0xcc][0xd4]2bw=[0x0]TF[0xa3][0xc3][0xe3]Q[0xff][0xf][0xa3][0xc3][0xd7][0xa3][0xfe][0x97][0xa3][0xc3][0xb7][0xa3][0xc3][0x8e][0xfa][0x97],B+v[0xd3]u[0x81]=[0xb7][0xaf][0xd8][0xd8][0xf5][0xac][0xb8][0x8d][0x92]X[0xd7][0xb6][0x11][0x8][0x88][Z[0x90][0xbc]J[0x1e][0x8b][0xa8]E@Ee[0xd4][0xb6][0xac][0x9e]Y[0xbe]}[0xdb][0xc0][0xa6]%[0xeb]6[0xb5][0xc][\r][0x9b])l[0xdf]V[0xc0][0x82][0xdb][0xd0]RS[0xe6][0x8e][0x8a][0xc6][0x1c][0x1]Y [0xba][0xec][0xae][0x0][0x90][\r][0xf][0x81]z[0xa5][0xb2][0xb1]8[0x19]^[0x8e][0x15]g[0x8a][0x91]e[0xea][0xb2][0xc6][0x87]Qh[0xe9][0x86][0xb0][0xe1][0xb9][0x11][0x16]u[0xbd][0x87][\r][0x17]6[0x11][0xe9][0x8c][0xc3][0x8a][0xeb][0x90]y[0xdf][0xf6]Llfx[0x9b]M[0x89][0xac][0xe9][0xb2][0xa7][0x12]l[0xb6][0xbd][0xa7][\r][0x9e][0x10][0xa0][0x8a]p[0xcf]d_[0xe6][0x14][0xf5][0xf9]M\}~[0x19]S[0x9f]Z%A}[0xb2][0xf9]RX~V[0xc0][0xd0]p[0x1b][0xba]4I[0x82][0x98][0xd3][\n]"
18:24:15.555 [main] DEBUG org.apache.http.wire - http-outgoing-1 << "[0xb0]H[0xd8][0x8f][0xf1]w{[0x7]S[0xa0]][0x80][0x90] -[0xd9][0x86][0xde][0xc3][0x11]IZ[0xd5][\r]W[0x92][0xfc][0xab]!Q*[0x95][0x8a]AE*[0xa4]S[0x92]T([0x14][0x8a][0xa2]4[0x9f][0x9a][0xf][0xc9][0x92];,[0x9a][0xd9][0xf6][0x95]I[0xca][0x97][0x2][0xba]DmB[0x92]t)SNGt)*:[0xae][0xe7][0x98][0xd0]dr[0xa5][0xa9]B[0xb3][0xd4][0xd8][0x98],[0xf][0xf6]fAy[0xf9][0xf1][0xf0][0xf5][0xf5][0xfa]b[0xee][0x84]Y6wq`[0xb1][0xed]b[0xef]-CA[0x9a];[0x98][0x9a][0x1d][0x98][0x8e][0xb2][0xff][0x16].[0xc5]|[0xb0]`L[0xb0][0xd1][0x83][0xf7]l[0xd4][0xff]n[0xd4]?[0x1d][0xf5]/G[0xfd]/[0xfe]s[0xfe][0xcd][0xbf]/[0xff]1[0x86][0xf7][0x9e][0xa9][0x13],[0x8c][0xa7][0x9a][0xc3]{[0x8f][0xb4][0xc1][0x14][0x94][0x89][0x95][0xe3][0x1b][0xb3]r[0x80][0xdd]'a[0x8d][0xfa][0xc][0xbb]V[0xb3][0xa3][0x9][0xba][0xa5][0xcb][0x9a][0xf][0xf2]k[0xe7]o[0xce][0xc9][0xc7][0x17][0xce][0x85][0xe0][0x9c][0xc][0x8f][0x86]O[0x9d]7[0xb3][0x93]L`[0x6][0x92][0x97][0x1a][0xe1]y[0xea]a[0xa0]B[0x83]~:[0xa4]AB+[0xa4][0x9][0x94][0xf]n[0x12][0x9a]$[0x8e]f-[0x8e][0xe6]B"[0x9a][0xf9]0[0x9a][0x9b][0x9a][0x1][0x14][0x92][0xb8]d[0x1e][0xeb][0xed][0x87]Zopnh[0xc1][0xdf]0n[0xb0][0x0]o[0xa4][0xd3]/[0x18][0xa6][0xd1]YHg[\n]"
18:24:15.555 [main] DEBUG org.apache.http.wire - http-outgoing-1 << "[0x1]>sR*-f[0xd2][0xd1][0x8a][0xc1][0x1d][0x8f]I[0xcd][0x90])[0x15]s[0xa5][0x9][0x9a][0xd9]\*[0x9f][0x84][0xa6][0x14]C[0x13][0xad][0xac].![0x11][0xdd][0xe5][0xea][0xbb][0xb2]\E"Z^[0xab][0xc7][0xca][0x84][0xd0][0xdb]F[0xcb][0x83][0xe9][0xd4]Vj[0xb5]@y[0xe0][0x5]-[0x10][0x9e][0x83]}zk7[0xb0][0xfb]0[0xc2][0xee]C-[0xee][0x13]%[0xc5]{M[0x16][0xe6][0xdd][0xf0]$[0x5][0xfb][0xeb][0xcb]M[0xbf][0xee][0xe5]P[0xea]=[0x1f][0xf5][0xc7]S[0xef][0xb1][0x9f]t[0xfd]NM[0xaf][0xd3][0xe0][0xd8]m[0xf7][0xac]p[0xdb]M[0xb4][0xfc][0xf6][0xc1][0xb9][0x9f]ey[0xfb][0x1][0xf8]h[0x1e][0xf][0x8f][0x9c][0xaf]Yn[0xfd][0xf8][0xe2][0x13][0x98]l[0xce][0xc0][0xe4][0xe2][0xd2][0x9d][0xcd][0xca]d[0xd0][0x16]1[0xb5][0xc] [0x82][0x8f][0xe7][0x1d][0x3]ca[0xd3][0x0]&-[0xaa][0x81]q[0x17]S[0xeb]SSjm![0xc][0xac][0x8a][0x8d]i[0xc0]*[0xfb]1`[0xab][Q`[0xab][I[0xb9]4#EJ[0xf9][\n]"
18:24:15.555 [main] DEBUG org.apache.http.wire - http-outgoing-1 << "Q5[0xb6][0x92][0xe3][0xc4]r[0x97][0xd5]}[0xd8][0xc3][0x6][0xcf][0xa4][0xea][0xe0][0xd4][0xd0]p[0xb8][0xa0]o[0x19][0x9a][0xc][0xd3][0xf2][0xa7]5Hh.[0x9d]K[0xb3][0xbf][0x0][0xa2][0x19][0x6]^6F([0x1f][0x80][0x0][0xa1][0xd9][0x92]T[0xe4]4[0x8f][0x19][0xcd][0xa7][0xb2]32[0xba][0xd9]`Uvm[0xe1]WHD[0xab]K,[0x11].[0xd5]?c[0xbc]nl[0xb2][0xcf][0xda]=[0xf6]Y[0xd9]H*[0xee][0x8f]\[0xc5]w[0xfe][0xe2]\[0xc4][0xc9][0x95]2S[0xc9][0xad]nU[0x83][0x94][0xb9]/#([0x1a][0x5]#T[0xd8][0xbf]I97[0xe4]^[0xde]![0xc0]/[0x18][0x10][0xf0]l@S[0x93]QR[0xdc]o[0x9d][0xb][0xe7][0xeb][0xe1]s[0xe7][0xf4]:[0x8c]Y\[0x1][0x8c][\r][0x15][0x93] [0xc6][0xde][0x9c][0x87]9>[0xfc]ftx2[0xea][0x9f][0x85]P[0x1e]/W[0x17]eC[0x1d][0x9c][0x92][0x0][0xca][0x93][0xb6][0x87]2[0xbb][0xfd][0x1][0x9e][0xa0][0xfc][0xaf][0xef]5#P,[0x1f]M[0xf2][0xec][0xcc](+[0xfb][0xb3][0xa4][0xd7]J#[0xb8][0xdf]b[0xb]t[0xf6][0xec][0xea]Fv[0xe2][0x9c]9uN[0x9c]7[0xbc][0x2]p^[\r][0xf][0x9c][0x8b][0xe1][0xf3][0xe1][0xe1][0xf0]9[0xdb].2W[0x2]p[0xc7][0x1a][0xc5][0xae]e[0xf0]J[0xf7]`[0xe0][0xa9][0x91]Y.i[0xc8][0xd2][0xd5][0x1f][0x80][0xb0][0xb][0xdc][0xd6][0x1][0xb4][0xcd][0x94] [0x10]s-<[0xe1]B[\r][0x83]j[0xe3][0x99]"~[0xed][0x9c][0xc][0x9f]8o[0x9d]S7[0xda]7[0xc3]g[0xc3]#![0xb2]>D[0xf4][0xf9][0xd5]AW[0xfb][0xf0][0xe],[0x1][0x94][0xb9][0xaa][0xbd][0xb]D[0x0]2[0xf7][0xe1][0x1d]{[0xda][0xd5][0xf9][0x1e][0xb0][0xe2][0xce]}[0xa8][0xa0][0xb7][0x4][0x1e]C[0xdd][0x2][0xb][0x9b]([0xac]a[0xa1]mA[0x85][0xb3][0x2]T[0xa8]CW[0x9f]V{[0x98][0xf1][0xda][0xa3][0x1e][0xab]=[0xea]+[0x9]R&[0x15]J[0xb9][0xb0][0x96][0xad][0x83][0xaa][0xb][0xec]#[0xa9][0xfe]`^yD[0x1d][0x10][0xea]W[0x7]nD[0x95].&![0x83][0xfb]C[0xf0][0xec]![0xb1][[0x93][0xb1][0x97][0xae][0x82]j[0xb7][0xae][0x93]=[0x8a][0xe3][0x87][0x17][0xf9][0xa2][0x14][0x12][0xb9]9)[0x97][0xca]z[0xe2][0x9c]T[0x8c]U$[0xa1][0xc1][0x9a][0xc8][0x9e]4?[0xd3][0x8e]aN[0x92]n[0xdc]1[0xc4][0xe6]"[0xaa]d[0x85][0xa9]J[0xd6][0xa8][0x7][0x94][0xac]A5[0xb]+[0xee][0xe4][0xb]U[0x9d][0x90][0xb0][0x9c][0xfd][0xec]z)[0xe3]J[0x13][0x90]2L[0xd5]@[0xb1]KU[0x92][0xb0][0x8d][0x18][0x9b]#[0xa7][0xb]f7R[0xd5]t[0xf5][0xc0][0x8e]d<[0x86]!O*[0xa8]@Ah[0xc1]-[0xf0][0x86]a[0xba]0[0xba][0xb][0x85]"
18:24:15.555 [main] DEBUG org.apache.http.wire - http-outgoing-1 << "j[0xa6][0xdc][0x9e][0x1b][0xf][0x19][0x97]H[0xde][0x10][0xc6][0xc3][0xe9]K[0xa5]k[0x86].[0xd3]KN[0xbe][0x19][0x12][0xcd][0x97]\.[0xcf][0xff][0xfb][0xd5][0x1f]G[0x87][0x1f][0xf5][0x8f][0x3][0xd2][0x19]v[0x88][0xc7][0x12][0x1a]N[0xcf]J4[0xbb][0x82][0xea][0xc6][0xb][0xd4][0xf4]'[0xd8][0x15]Vf[0xbf][0xfa]m[0x7]|[0xb3][0xab][0xb0][0x97]L[0x15][0x86][0xcf][0x9c][0xe3][0x8f]/[0x4][0xe7]x[0xf8][0xc4][0xb9][0xf8][0xf8][0xe2][0x87]S[0xe7]d[0xf6][0xba][0xc9][0xec]N[0x11][0xdb][0x80][0x1c][0xd4]+!9[0xa0][0x8a]n[0x18][0xd3]t@[0x89][0xeb]@5[0xa6][0x3][0xab][0xd5][0xa4]=H[0xb1][0x10])i[0xdc][0x7][0x9][0x4][0x84]_`B[0x12]w#[0xcc][0xd1][0xba][0xa1]QY[0xeb][0x1][0xd1][0xac]=.k~[0x80][0xe3]+[0x96][0xa0][0xdc][0x1a][[0xff][0xcf][0x9d]I[0xb1][0x94][0x96]r[0xc1]}I&[0x95][0x17][0xa5]T>,[0x2][0xee][0xb3]&[0xf4][0xe7][\n]"
18:24:15.555 [main] DEBUG org.apache.http.wire - http-outgoing-1 << "[0xa5][0x9b][0xcf][0xb][0x12][\n]"
18:24:15.555 [main] DEBUG org.apache.http.wire - http-outgoing-1 << "[0x9e];[0x1b][0x15]^[0xe4][0xac][0xc7]J[0x9a][0xc9]KF[0x14] [0x93][0xfe][0x89][0xce][0xe]x[0x9][0x18] U[0x6]+PJ[0x83][0xc5][0xce]j[0xa2][0xa8][0xca][0xcc]<[0xf8][0xea][0x1a]@[0xfd][0xd7]p[0xb][0x17][0xbf][0xe9][0x16].[0xbc][0x19][0xae][[0xd8][0xb9][0xc1][0xa8][0xea]W,~[0x8f][0xa6][0x11]j[0xf6][0xc2]W)[0x9]5[0xdb][0xfe][0xcd][0xc1]}[0xc7]S[0x96]W[0x9d][0x8b]O[0xe1][0x87]*7[0xf3][0xb3]Z[\r][0xf3][0xa3][0xea]d[0x1a]>z[0x1c][0x9f][0xb5][0x18]>w[0xd7][0x92]v[0x4][0xb9]H[0x16][0xad][0xd9]@[0x95]DhX[0xf7][\r][0xdc][0x1b]|[0xdb]$[0x9a][0xc][0xfc] e[0x1c][0xd3][0x87][0x83][0xf7][0xee][0xd9]M[0x9e]L[0x15],[0x0][0xbd][0xf5][0xfe][0xe5][0xfb][0xdf][0x13][0xb8]y[0xbb][0xb0][0xa2])[\n]"
18:24:15.555 [main] DEBUG org.apache.http.wire - http-outgoing-1 << ";[0xbe]I[0xda],d[0xf2][0xa5]B)[0x1d][0xc9][0xa3][0x1c][0x9c]R[0x8c][0x1c][0x16]H mfr[0x85]b:p[0xd8][0x96]/[0xa5][\n]"
18:24:15.555 [main] DEBUG org.apache.http.wire - http-outgoing-1 << "3[0xc2][0xb3][0xb8][0xc6][0xfe][0x7][0xb2][0xb8][0xc6]4bk[0x85][0x1d]{[0xac]VV[0x12]@[0xf2]^=[0xca][0xd1]5[0x87][0xfd]k[0x81]M[0xa4][0x17][0xb1][0xd0][0xd9][0x5][0xba][0xf]A[0xa2][0x96][0xf7][0xff][0x7][0x0][0x0][0xff][0xff]"0[0xd8]_[0x82]6[0xd8][0x9f]_[0x84]4[0xd8][0x9f]_TR[0x9a]^[0x9a]Z[0x9c][0x8a][0x9e][0xa7][0xa0]2[0x87]W[0x15][0xe3][0xcb]VPOAs[0x15][0x94][0x7][0xcd]TP[0x1e]r[0x9e]j[0xda][0x82][0x92][0xa7][0xa0]*[0x92]P[0xd4][0x17][0xa0][0xc8]A3[0x14][0x94][0x97][0x81][0xa2][0x12][0x9e][0x9f]n[0x81][0xdb][0xa9][0xa4][0xe4][0xa7][0xf4]|[0xea]7[0xfe][0x1][0x0][0x0][0x0][0xff][0xff][0xd4][[0xcb]o[0x13]G[0x1c][0xfe]WV[0xb9][0xd0]J[0xb6]e{[0xd7]k[0xef][0xd1]v#[0x93][0xaa][0x9][0xc1][0x8e][0x9b][0xc2]ml[0xf][0xf1]R{m[0xf6][0x11][0x94][[0x0][0x15]q[0xa0][0x97][0x1e][0xfa][0x90]zhD[0xa3]<Z[\n]"
18:24:15.555 [main] DEBUG org.apache.http.wire - http-outgoing-1 << "9$[0xa2][0x14][0x8a]TK=[0x87][0xc3][0xa2][0x4].[0xa9][0x10][0x95][0xfa]_T3[0xfb][0xfa][0xcd][0xcc][0xae][0x1f][0xa5][0xa2]j[0xe][0xce][0xce][0xce]C3[0xe3][0xf9][0xbe][0xf9]=>[0xff]W[0xc6]?[0xa4][0x80][0x1a]G[0x1][0x8e][0xde]K$[0x1]]$[0x81][0x5][0x81][0x4][0x16][0xe2][0xc2][0x2][0xb9][0xbc][0xca][0xb1][0xc0]J[0x17]K[0x1f][0xa3]^[0xf]o[0xc4]1[0xc1][0x2][0x8b]k[0xcf][0x1c][0xb1]8dW[0x91][0xa9][0xb7]Z[0x98][0xa2][0x12][0xa2]:'+[0x85]<[0x80]t[0xae][0x94][0xc9][0x17]RiU[0xce][0x90]@:[0xf9][0xe3][0xa1]M[0x16][\r]c[0x1]Zn[0xa2]M[0x9c]U&[0xdb][0xc4][0xd1]n[0xb2][0x18]V[0xd5][0xe4][0xbb][0xf0][0x93]*[0xb0][0x86][0xe7][0x91]eK[0xe1]2[0xa5][0xce];[0xb5][0x87][0xc7]`8XV[0x80][0xe2][0xa0][0x1c][0xe0]8(3H[0xfe][0x89]Er[0xd0][0xa6][0x15][0xf5][0x81]`[0xf6][0x8b][0x1][0x9a][0x83][0xd6][0x1][0x9e][0xd7]u[0x11][0xd0][0xaf][0xee][0xce][0x6]i[0x1d]M[0xbc]"Yp[0xd8][0xc8]l[0xdb][0xde]-[0x12][0x7][0x8f]k"<.[\n]"
18:24:15.555 [main] DEBUG org.apache.http.wire - http-outgoing-1 << "[0xf0]X[0x89][0x83][0x87]Z[0xcc][0xb3][0xe8][0x10]1[0x1][0xf1][0xb0]<[0xf0][0x8f][0x1][0x0][0x3][0x8f][0x1][0xee]V+*[0x19][0xb5][0x90]R2J[0x89]9[0xfb][0xd1]}[0x96]Q[0xe6][0x8b][0x93][0x8e][0xbc]L[0x8e]|[0xca][0xbb][0xd7][0xe0]s[0x1]<[0xab][0xe0][0xb9][0x8][0x9e]K[0xd1]s.[0xb][0x9e][0xf3]S[0xc0][0x8][0xec];[0xef]V&[0x3][0xa9][0xdc][0x84][0x1]2[0xc7]"[0x11]U=[0x9]D[0xa9][0xb0][[0xad][0xb2][0x1c]u[0xab][0x98][0xba][0xad][]i8ph>'[0xec][0xf2][0xdb][0xbd]w[0xe6][0x88][0x9a][0xe];[0x94][0x9]S[0xef]u[0xc7][0xb2]b[0xa2][0xeb][0xc7][0xdf]=[0xbf][0xf5][0xfc][0xc6][0xf3][0x1b][0xc7][0x8f][0x8f][0x1f][0x1d][0xff]<[0xe][0xca]62?[0xb5][0xc9][0xad][0x10][0x82][0xd9][0x1e]m[0x99][0xb6][0xde][0x1]p[0xf6][0xb6][0xff][0x9a][0x13][0xda][0xbb]o>[0xff][0xea][0xcf][0xed][0xc3]7[0xdf][0xef][0xfc][0xf5][0xcd][0xa3][0x8][0xd1]6"[0xfd]p[0x4]i0[0x92][0x8f]j[0xf2][0xa6][0xed][0xbf][0xf2][0x91][\r][0xbe][0xdb][0xae][0xc9]O[0xc9]O[0x89][0x9d][0xde]>[0xbd]s[0xb2][0xfb][0xf2][0xc1]lym{fx[0xeb]k[0xe][0x92]H[0xa6][0xb9][0x82][0xcc][0x96][0xd3]I[0xc2][0xf9][0x9a][0x88][0xf3][0x9a][0x88][0xf3]Z[0xfc]5[0xc8][0xa5][0x9a][0x1b]H7l[0xe9][0xc3]A[0xd7]8[0x17][0x17]#/[0xd7][0xde][0xe6]",[0xa9]y[\r][0xe6][0x92]s[0xc5]L[0x96]\[0x84][0xb9]L[0x89][0xbb][0x1][0xe9][0xd2][0x8d]T[0xb0]p[0xe0] *[0xf9][0xe7]*[0x8c][0xdb]\[0xde][0xb2]-[0xfd][0xaf]oEo[0x85][0xe][0xb3][0xc2][0x0]S[0xb4]j[0x3]T[0x4][0xd0]"[0x15]il[0xa7][0xa3][0x1a][0xc6][0xa3][0xbc][0xfd][0xfa][0xe6][0xbd][0xd7]7[0x1f][0xd2][0xe2]/4[0xc1][0xf5][0xe4][0xf5][0xad]/[0xe9][0xe7]&@[0x1e][0x1d][0x1e][0x83][0xe1]C[0x4][0xde][0xe7]kB$[\n]"
18:24:15.555 [main] DEBUG org.apache.http.wire - http-outgoing-1 << "5[0x1] [0xbd][0xc1][0xc]P[0xd3][\r]'[0xbb][0x8e]$[0x1d][0xae]"[0xf4]O[0xf7]_[0xdd]%W[0xf0][0xc9][0x8e]tzG"Y2[0x1a][0xfc][0xbd]s[0xf2]`[0x96][0xb][0xd9][0x9e]F[0x89]R-[0xd7][0x17][0xaa][0x17][0x16][0xa1][0x8b][0x1f][0x9c][0x84][0xea][0xa0][0xdf]w[0xc][0xdd][0xde][0x98][0xc6][0xdc][0xae][0xe]H[0xdb][0xe][0xea]H[0x1d][0xdc][0xf3][0x8e][0x13][0xe1].o[0xc][0xe4][0xd8][0xa3]=[0xef][0xe5]h[0xf][0x1b][0xd4][0xd6][0xa6]%[0x12][0xb0][0xc3]R[\r][0xf7]16[0xac]v[0x17][\r]9sz[0x85][0xa1][0x14]s[\r][0x1b][0xb6]n$[0x11][0x89])[0x12]I] [0x92]z[0x1c][0x91][0x14]8k[0xba][0xe2]`c`Ie[0xdd][0xc4][0xb1]4B[0x86][\r]f[0x83][0xa5]:[0xa6][0xae]t[0x9b]u[0xb7][0xa3][0xd9]NA9[0xbe][0x0][0xc8][0xab][0xe4]SprA#Y8h[0xc8]J&[0x9b]J[0xab][\n]"
18:24:15.555 [main] DEBUG org.apache.http.wire - http-outgoing-1 << "[0x1f][0x95][0xe][0xe6][0x4][0x13]q[0xc5][0x12][0xe9][0x1d][0xd1][0x8e][0x12][0x9b],[0xf7][0xcd][0x11][0xd6][0xb5][0xae]\ [0xa9][0x8c]"
18:24:15.555 [main] DEBUG org.apache.http.wire - http-outgoing-1 << "[\n]"
18:24:15.555 [main] DEBUG org.apache.http.wire - http-outgoing-1 << "[0x8d]NU[0xcf][0x93][0xe7][0xe5]:I[0xca]5[0xeb][0x97]D[0x7][0x1b]|;[0x1c][0x13][0xc9][0xc9]y[0xb7]r[0xbd][0x1][0x93]%[0xc1][0x96][0xe][0xb1]5[0x98][0x85][0x82]8=[0x9d]5[0x4]9[0xb7][0xc6][0x90][0x4][0x86]E[\n]"
18:24:15.555 [main] DEBUG org.apache.http.wire - http-outgoing-1 << "[0xb2][0x86]ht0[0xe8][0xf1][0x6][0xc2][0x1a]Ggk[0xa6][0x11][0x8d]Us[0x90][0x89][0x8c][0xd1]}~[0xb0][0xf2]:[0x1a][0x1d][0xe0]s<~:[0x86][0xd2][0xfc][0xd5]q[0x9][0xbc]`[0xcf][0xae][0x98]p[0x7][0xf8][0x1c][0xde][0x13][0xca]_7[0xa0][0x6][0xe][0xf4]m[0x99][0xdc][0x8b]![0xdf][0xc2]c[0xa3]`[0x6] +[0xf]g[0xe0][0xd1][0xcf][0xc9][0xc1][0xcb][0xaf][0xa9][0xf4]m[0xff][0xd5][0xdd]Y[0xc][0x4]s[0x1a][0xba]i6[0xca]KLzb`[0x90]X.s[0xfe][\r]i[0xc9][0xdf]:[0x91]w[0xe6][0x9a]K[0xe5][0x6][0x8d]o[0xd2][0x87][0x8f][0xa8][0xe4][0xb3]Lu[0x9e],[0x1f][0xf9][0x8e]{[0x7]KK[0xa8][0xad][0x93][0x83].5[0x1c][0x13][0x5][0x91]x+[0xf2][0xf6]i[0x93][0xd1][0xce][0xe8][0x90]6[0xe9][0xa5][0xcb]\[0x1b],[0xad]#C[0xba][0xec][0xe8][0x9d]t[0x14][0xb7][0xc7]t[0x8e][0xf4][0xdc]qs[0xf7][0x2][0x14][0xc][0x8d][0xd5][0xd9][0xa8][0x80][0xd9][0xc7][0xc9][0xe2][0x9e][0xbe]Hb[0x8b]"[0x89]-[0xc6][0x6][0xd6]9[0x16][0xbb][0x84]M[0xbc][0x8e]bUw[0xa4][0xff]y[0xb4][0x81]|[0xd1]c[0xc0]`^[0xb6]0[0x98][0x9e][0xbb][0xe9]n[0xb9][0x87][0xee][0x96][0xfb][0xd4]}[0xe6]n[0xb9]G[0xee][0xf][0x12]}u[0xf4][0x82]|>v[0xb7][0xdd]g[0xee][0xa3][0x17]7[0xdd]=[0xf7][0x90][0xfe]?[0x9a][0xa4][0x1e]^[0xc5][0x96][0x9d]$[0x1e][0xd6]4[0x85][0xe5]8[0x85]P[0x96]"h[0x87][0xbd][0xd9][0x1]z[0xd3][0x8a][0x8a][0xc]T[0x6][0xd9][0x8c][0x16]/[0x1e][0x16][0xc8][0xad]|[0x99]*[0x81][0xe6]I[0x98][0xd4][0x13][0x12][0xaf]4EM[0x1][0xbf][0x9]"[0xbb][0x15]r[0xc9][0xec][0xb6][0x8][0x9d]&[0xea]R[0xc7]D}@n[0xc4][0xc][0x1c][0xcb]n[0xdd][\r][0x96][0x91][0xba][0x1b]X[0x1c]u.~[0xde][0xdb]/6[0xdd]m[0xf7][0xe8][0x9d]zAtF[0x90][0xe4][0x82][0x3][0xe5]S\[0xb4][0x17][0xa3]6[0xda][0xe2][0xd4]Fa[0xaf]V[0xd0]k[0x1f][0xaa][0x8d][0xbc]Q[0x0][0xb5][0x91][0xe6][0x90][0xd7]H[0x19][0xa8][0x8d]vN[0xe]N?[0xfb]'z^[0xb3]?[0x8d][\n]"
18:24:15.555 [main] DEBUG org.apache.http.wire - http-outgoing-1 << "[0x90][0x93][0x1]"*[0xe5][0x9d]o[0xf][0x8c]A_o'[0x6]-[0xe7][0xe6][0xcb][0xf3][0xcd][0xb9][0xb1]:[0xa3][0xfa]"[0xcb][0x1d]N+[0x89]9[0xae][0x8b][0xcc][0xb1]*0Ge5.[0xa7][0xa0][0x15]Y[0xe6][0xb8]`"[0xe3]*[0xb6]l[0xd4][0x89]#[0x8f][0xd5][0xb7][0x8a]&f[0x8b][0xb2][0x6]3k4A[0x90]V[0xb5][0x8c][0x16][0x1b]M$[0xb][0x6]y[0x82][0xc9][0x82][0xdc][0xa9][0xfc]'[0x1b]Y$[0x17]d9[0x19][0xc9][0xab]5[0x88]92)[0xe9]Jo`[0xea][0x6]4S~[0xff]b[0xbc][0x9d]b[0xf4]X[0xd8][0x19][0xbd]N4[0xea][0x7][0x8e][0xdd][0x16][0xac][0x94]%[0xdc][0xc1][0xa6][0xa7][0xd3][0xe6] <[0xe4][0xf2]tC[0x4][0xec][0x94][0xf7][0x88]S[0x87]M[0xe3]}i[0xd9]1[0xae][0xa2][0x96][0xce][0x8f]{[0xb6][0xbb][0xb6][0xf7][0xf0]l[0xf7][0xdb][0xb3][0xdd]_[0xcf]v<[0xdb][0xdb][0x1c][0x7]ho[0xb7]|4{[0x5][0x1f][0xcb]^[0x81][0x95][\r]F[0x10][0xf6]j[[0xb0][0xe9][0x10][0xd6][0xf8][0xd0][0xf5][\n]"
18:24:15.555 [main] DEBUG org.apache.http.wire - http-outgoing-1 << "][0xd8],[0xb4]EH[0xa8]b[0x16][0xa7][0xa7]u}r[0xa2][0xae][0xde]d0[0x15][0x4][0xb3][0x12]p[0xe5][0x88][0xb8]j[\n]"
18:24:15.555 [main] DEBUG org.apache.http.wire - http-outgoing-1 << "[0xb8]j6[0xe2][0xe2][0x90]9[0x16]VUd[0xb4][0xb0][0x97][0x98][0x14]@[0xd5][0x9c]B[0xbc][0x12][0xce][0x94]:[0xfe]K[0xf8][0xba]t[0x19][0x7][0xd2]y[0xe6]2Ur[0xb9][0xa2][0xac]2[0x1e]C[0xbe][0x98][0xc9][0xa6]r[0xb2][0xa0][0xdb][0xb]#y![0xc6][0x8a][0xaa][0x96][0xcf][0xe6][0x15][0xe6]N[0x8d]U[0xd7][0xb2]qJyR[0x9c]2[0xab]Em[0x98][0x98]e[0x16][0xbc][0xcf][0x9]?[0xf2][0x11][0xb0][0xb][0xbe].[0xde][0xcf]P[0xdf]:|[0xf9]7[0x0][0x0][0x0][0xff][0xff][\r][\n]"
18:24:15.555 [main] DEBUG org.apache.http.wire - http-outgoing-1 << "2000[\r][\n]"
18:24:15.555 [main] DEBUG org.apache.http.wire - http-outgoing-1 << "[0xd4][0x9c][0xcf]O[0xd4]@[0x14][0xc7][0xff][0x15][0xff][0x0]%,m[0xb7][0xec][0x91][0x6][0x92]%($[0x80][0x1c][0xb8]M[0xe9][0xc4][0xce][0xb2]-f[0xda][0x8d]aO[0x84]=[0xe8][0xc1][0x84][0x9b][0x9][0x17][0x13]P[0x13]4[0x10]$z[0xd0][0xc4]xY=[0xf8][0x1f][0x90]x[0x12][0xfe][0x11]3[0xaf][0xed][0xce][0x9b][0x99]v[0x84](z[0xd9][0xec]L[0xdb][0xd9]i[0x97][0xcf][0xbe][0xf7]f[0xbe]_ni[0xb5]#[0x9f][0x10][\n]"
18:24:15.555 [main] DEBUG org.apache.http.wire - http-outgoing-1 << "[0x9a][0xe8].3[0xd4][0x8a]S4[0x8d][0xfd][0xfe][0xe7][0xeb][0xde]3P[0xda]+[0x2]?t[0xb9]?[0xb8][0xbc][0x84]E~[0xb8]'[0x3]1[0xbf][0x8]E[0xd1][0xbc]G[0x89][0xa3]"[0x82]^[0x88][0xed][0xb4][0x9f][0xcf]'[0x1][0xb3][0x93][0x8c][0x6][0xf3][0xe1][0x9a][0x1]f%[0x96][0xa9][0x89][0xe5][0xba][0x89][0xe5]z[0x9][0x96][0xb6][0xa6][0xa9][0xdd]`4.[0x17][0xc1][0x8b][0xab][0xfb]/[0xc4]/)[0xa7][0xc]~[0x9c]W[0x94][0x6][0x95][0xad][0x91]z[0x93]"[0xf9]-[0x95][0x9b][0xcc][0xba]3N[0xc3][0xaa][0xe1][0xf4][0xd7][0x95][0xfa][0xb3][0x9a]5xo[0xc2][0x8b][0xd1][0x9d][0xb5]f][0xb4][0xd7]6S[0x17][0xef][0xc7][0xdb]D[0x87]dx[0x1e][0xd2][0x98]&[0xc8]o[0x17]ak[0xe5][0xfe][0xa2][0xe8]_[0xdb]X[0x82][0xd7]eX[0x7]X0[0x92]d[0xf5][0x19]iT[0xda]J[0xa9][0x2][0x8b][0xe3][0x8][0xc5][0x80]vP[0xa5]Nyd[0xe6][0xb0][0xf3][0xb4][0x93]&[CHT[0xef]D[0xa2][0x88]AL9[0xdb][\n]"
18:24:15.555 [main] DEBUG org.apache.http.wire - http-outgoing-1 << "+84 [0x94][0x8][0xf6][0x8f][0x6]m[0x0][0x10][0xb5][0x1][0xbf][0x95][0x9d]$[0xa5]1g[0xad]m[0x5]?[0x15][0xbe]wB[0xfa]u[0xf9]q[0x2][0xec][0xd2][0xbf]ib[0x11][0xc0]a[0x82][0xbb][0x94][0xfb][0x84][0xb5]*=[0xae][0xa6]2~[0xce]P[0xc6]gu[0x9a][0xe1]qm[0xe8]kvd[0xbb]S[0xc6][0xf0][0xa6]^[0xdf][0xe2]9[0xcd]u[0x1c]r[0x9f][0xec][0x8a][0xc2]}[0x95]&[0xb9]$&[0xf9]vq[0x83]R[0xb6][0xe1]Z[0xd3][0x8e]^[0xca]:wmW[0xd7][0xc0][0xc]&[0xc2]$[0xc0][0xf5]:^[0xaa][0xb3][0xac])w[0xdc]j[0x16][0xd6][0x4]p5[0xbb][\n]"
18:24:15.555 [main] DEBUG org.apache.http.wire - http-outgoing-1 << "9IYM[0x8b][0xee][0xba]$[0x88][0xe])g7[0xb1][0xfb]UN[0xff]NDbP[0x89][0x8d]][0xd2][0x12][0xcd][0xb5]J[0xba][0xb4]td[0x9d]_[0x82][0xbe][0xaf][0x80][0xb5][0xd9][0x90][0x90][0x9a][0xc0] [0x81]XU[0x96]Q5[0x1b]y[0x17][O[0xa1][0xab][0x1e][0xb4]T[0xef][0xa9]Xq[0x3][0xf][0xcc][0xfe]k[0xa1][0xa0][0xef][0xbd][0xc2]Ko[0xf8]O[0xc8][0xe7][0xa8][0x7][0x9b]O[0x95][0xae],[0xc0][0x8a].[0xca][0x82]n[0xb][0x99]O[0xe1][0xb4]V[0xf0][0xfd]+[0xb2][0x9f][0x1e]_[0xbe][0x17][0xb][0xfe][0xa0][0xa8]?[0x9d][0xac]\[0xed][0xd2][0xd1]avs[0x1]C[0xea][0x91][0x90]D[0xa4][0xc2][0x7][0xea][0x9b][0x82]o[0xcf][0x10]|{[0xcd][0xb5][0xd2][0xdd]9[[0xdb][0x86]_&IB[0xca] [0x85]![0xc5]V[0xc1]N[0xfc][0x84][0x92]v[0x1a][\n]"
18:24:15.555 [main] DEBUG org.apache.http.wire - http-outgoing-1 << "P[0xd3]Pl[0xa7]ds[0xbb]A[0xc1]i[0xc1][0xfa]7[0xf6][0xaf][0xd8][0xa0]_q[0xeb]Z*[0xc][0x9f][0x85][0xa3]i[0xcd]j[0xe0][0xa5][0xa5][0xaa]r[0xd3][0x19]Yn[0xca]'[0xac][0x87][0xc6]j[0xf1][0x99][0x87]e[0xdc][0xc5][0xd4][0xfe][0x91]tU[0xde][0xf]P%[0x9b]@[0x94]lf0[0x89]m[0xb6][0x83][0xeb][0xde][0xcb][0x82][0x1e]y[0xdc]WO[0x9c][0x1d]-[0x1e]U{p[0xf0]j[0xef]0)x[0xc9][0x1e][0xc5][0x80][0x14]a {[\n]"
18:24:15.555 [main] DEBUG org.apache.http.wire - http-outgoing-1 << "[0x9e][0x89][0xf1]SQ?L[0xfe][0xf3][0x8d]1o[0xae][0xa9][0x11][0xcc][0x9][0xab][0x88][0xb1]~h[0x12][0xdc]4[0x9]^-[0x8b][0xb1][0xae][0xa5];[0xb9]c[0x12][0x95]e[0xca]0[0xe2][0x12][0x8b][0x1f][0x5];[0x91]`W[0xce][0xe8][0x1][0x89][0xda]d[8U[0xda][0xf7]<[0xf2][0xeb][0xd3][0x1b]Nv[0xe3][0x1b]D[0xd7][0x9a]=m7T?[0x9a][0xc8]r[0x9d][0xe9])[0xc7][0xd1]q[0x16]S`[0xa8][0xae]uF[0x8b][0xb3][0xad][0x91]0_[0xed][0x1d][0x80][0x96][0xf0][0xe4][0xf2][0xc][0xb4][0x84]%[0xff]@b[0x88][0xaf][0xdb]k[0xaa]X[0xc3][0x14]M[0x9f][0xd9][0x94]0[0x9a][0x9d][0xdc][0x9a][0xd1]L~}[0x5][0xe0][0x9c][0xb2][0x18][0x1][0xce]i[0xff]<V[0x8][0xff]r[0xdd];[0x85][0xd7][0xf][0x88][0xf3][0xfc]*[0x9f]+[0xcd][0x9c]s[0xde][0x1b]![0xce][0xf3][0x83][0xa1]znA[0xf9][0x99][0xc8]{'[0x88][0x83]~[0xc8][0xc7][0x11][0x98]"[0xa7][0xd6]o[0x0][0x0][0x0][0xff][0xff][0xd4]\Mo[0xdb]6[0x18][0xfe]+[0xc2].[0xbb]8[0x86]$G[0xb2]}[0xc][0x97][0xd4][0xf0][0xea][0xb8][0x83][0x93][0xae]KnR[0xcd][0xc8]J[0x14][0xc9][0x93][0xed][\r][0xe9][0xa9]M[0xf][0xc3][0x80][0x2]Eo-v[0xd8]v[0x98][0xbb][0xa0][0x3][0x96][0xaf][0xae]]Zd[0x7][0xa1][0xb7][0x1d][0xe4][0xdb][0xb0]][0x8c][0xe5][0x8f][0xc]$%[0x8a][0x14]i'A[0xd2],[0xbd][0x89]2ER4[0x9f]G[0xef][0xf7]u[0xce][0xd4][0x2][0xad]&[0x8f]w[0xdf][0xf1][0xac]6[0xc4][0xd4]-[0x83][0xbc][0x98][0x9d][0x1][0x84][0xec][0xc]P[0x93]egT**[0xf][0xf9][0xf9][0x8e][0xb5]!E<N[0xc9][0x80]A[0xd7][0x83][0x1f][0xf7][0x14]V[0xc0][0xe6]VW[0x8b][0xe][0xfd][0xe8][0xb0][0x1b]F[0x87][0xeb]V?:D[0xff][0x12][0xdb][0xe1][0x2][0xe5]f4SSU[0xb3]\[0xcd]}[0xda][0xd5]BU[0x15]>[0xec][0xe9]|[0x19][0x19]h[0xb3]e[0xa3][0xcc]J[0xda]zQ[0x93][0xf1][0x81])[0xc9] _D\Yo[0xce]$~[0xe7][0x99]7[0xcf]{[0x89]&k[0xc1]`~[0x99][0xe5][0x4][0xba]X[0xa5]O[0xb6][0x9e][0xb2][0xc2][0xf8][0xf9][0xc1]tJ[0xb0]s_{[0x1b]26a[0x0]}[0xc7][0xf2]DK[0xf0][0xf0][0x97][0xf1][0xf0]x<[0xdc][0x1e][0xf][0xf7][0xc7][0xc3][0xe3]i[0xa4][0x90][0xac],S[0x8d][0xb9][0x17]N[0xb8][0x81][0xb9][0x93][0xb1][0xc3][0x1][0x8a][0xba]AF[0xaa]oN[0xb6]_[0x9d]<[0xfc])[0xe3][0x8][0xa6][0xbb]-[0xc][0xd0]e[0xfb][0x10][0x9d];[0xa1][0xb][0xa6]S[0x87]}[0xec][0xdd][0x8f][0x19]i[0xe0]0V[0x14][0x3][0xfe][0xeb]9[0x14]f[0xdb]i_[0xbb][0xfa]-`.[0x7][0xff][0xd0][0xb6][0xda][0xc1]$[0x89][0xdd][0x16][0xc1][0xf][0x4][0xf0][0xb7][0x80]\b[0xcf][0xe5]f[0x81][0xd0]m;[0xb0][0x1f]|-[0xf3]"[0x3]p[0x11][0xb9]\[0xaf][0x18]|P[0xad][0x96][0x5][0x94][0x17]f[0x8c]j[0xd1][0x90][0x99][0xbc][0xc8][0xbb][0xb3]R[0xfa]l[0xe9]R\B[0xcc][0xa6][0xe6][0x91];9z[0x5][0x0][0xee]k[0x9e],[0xed][0xda]H[0xe9][0xf4][0x8d][0x12][0xb0][0xd2]v[0x2]U[0xd4][0x86][0x1c]NI[0xd5][0x87]oO[0xb6][0xcf][0x10]J[0x9f][0xb2]C[0xbe][0xdd][0xcd][0xfd][0x9e]@[0x93][0xb6];[0xb9][0xfe]Tb'[0xba]-N[0xc2]:8;0C[0xfb][0x83][0x97][0xda][[0x1c][0x8c][0xa1]g"
18:24:15.555 [main] DEBUG org.apache.http.wire - http-outgoing-1 << "[0x11][0xbf][0xbb][0xc][0xc5]["[0x8a]W[0x4][0x14]7Z[0xd2]8[0x90]\[0x91][0x97]E[0xd7][0xef]m[0xc8][0xf0][0x8b][0x6][0x4].^[0xc6][0xbb][0xef]rf[0xb2]lu[0xf1][0x93][0xf8]e[0xfc]&>[0x1e][0xdd]O[0xfc][0xff][0xaf]G[0x8f][0xd1][0xed][0x1f][0xe2][0x97][0xa3][0x7][0xf1][0x1f][0xa3][0x87][0xf1]^[0xfc]&~[0x1d][0x1f][0xc5][0xbb]J[0xd2]w7[0xe9][0xfb][0x8]M[0x0][0xbd] D[0x11][0x5][[0x16][0x9e]"5[0xb2][0xa5]3[0xfc]{[0xff][0xd9][0xe9][0xc6][0xf3][0xc4][0x9d])7[0x9e]Wg[0xab][0x95]2G%[0x6]R[0xdb]Q[0x9d][\n]"
18:24:15.555 [main] DEBUG org.apache.http.wire - http-outgoing-1 << "[0x9e];[0xc8][0x84]\[0xf4][0x88]Z[0xe6][0xc]n[0xba])wuIb[0xe3][0x1a][0x9f]c[0xfb][0xf8]22[0x9d]~[0x86][0xe3][0xe4][0x88][0xc1][0xed][0xf6]M[0xd1][0xe0][0xc6]n[0xcb][0x9f][0xf][0x92][0x8d][0xe1]iF[0x9b]R[0x9c][0x2][0xac]0v7[0xe4][0xf6][0xcb][0xde]D[0x9][0x7][0xb6][0x7]Y[0xaa][0x1]![0x1b][0xf]V[0x18][0xb][0xfb]-[0xaf]}[0xea][0xa3]S[0xc5][0xb][0x98][0x17]/<V[0xbc]`v[0x97][0xfb]=[0xf6]P[0xa0]s2z[0xac][0xc4]o[0xe3][0xe3]x?[0xde][0xbd][0xca][0xc8][0x94];[0xd0][0x8d][0xbe]Gg[0x91]-d[0x85][0x0][0x10][0x84]x[0xe5][0x94][0x19][0xdd]h'9[0xb4][0xc]=>[0xc3][0x2][0xcc][0xb]l[0xec]E[0xe9][0xd1]M[0x8f]7[0xb5][0xf3]'[0x3]FG[0xc9][0xcd]n_r[0x13]s[0xe5][0x1d][0xb7]?[0xd3][0x1a][0xa4][0xab]!t[0xb9]N[0xc6]c[0xad][0xfe]?c!f[0xef]|l[0xe9][0x85][0xff]g[0xd8][\n]"
18:24:15.555 [main] DEBUG org.apache.http.wire - http-outgoing-1 << "b&[0x9e][0xea][0x1c]w[0xb0]9[0x81][0xea][0xa0]Hu[0xb][0x2][0xd5]-4dT[0xa7][0xe7][0xc5][0x95]A[0xaf][0x7]=Y[0xcc].[0x1e][0x12][0xaf][0x3][0xbb]7[0xf1][0x15][0xa4][0x17]~zE[0xd2]2XK[0x6]][0xfa][0xcd][0xc0]w[0xfd][\r][0xe4][0x9f]Q[0xb2]qZ[0xc1][0x96]5[0xd8][0x84]([0x88][0x90]}>[0xfa][0xcd]w[0x1d][0xec]ER[0xd2][0x9].[0xe6] [0xd4][0xb4][0x92]V54[0xd6]Ch[0xa8][0xc5]J[0xea]![0x9c][0x15][0xa9][0xce]ay[0xae][0xa4][0x1a]z[0x85][0xf3]+[0xa8][0xe7]JM'[0x8e][0xc1][0xc6]mT[0xad][0xaf][0xd9][0x90]h>tC[0xf2][0xc2][0x93][0xf9][0x9e][0x9c][0x97][0x19]J[0xb3][0x96][0xb3][0xa4][0xac][0xb1][0x96][0x94][0x1b]h[0xe9][0xc2]`k([0xc][0xf8][0xb9][0xe5][\n]"
18:24:15.555 [main] DEBUG org.apache.http.wire - http-outgoing-1 << "c[0xbd][0xf][0xa7]dvF[0x9]cE;[0x9e]C[0xe2][0xc4][0x9]]e[0x7]/[0xa3][0xaa][0x17]8C[0xf0]-[0xe5])[0xd4]'[0xa0][0x14][0x95][0x8d]@[0xd8])k[0x13]![0x8e][0xfe][0x9d][0x1d]:[0x1]OH?E[0x15]([0xce]NG[0xd0][0xbb]J7$b[0xb][0x9e]~\[0xec]`[0x92][0xb1][0x8f][0xe8][0x82][0x4][0xab][0xa2][0xa0][0xb5]*[0xcb][0x1a]Ps[0xf1]=[0x0]z[0x9b]AW[0x1a]q[0xb]V[0xcf][0xa4]+%[0x95][0xca][0xe4][0x89][0x0][0xa5][0xb2]Z[0xe2]5[0xa6]2[0xf6]dT*[0xc5][0xb2][0x91][0x87][0xbf]{[0x8f]K[0x2][0xd0][0xab][0xa6][0xc9]d[0xd7][0x97]d[0xd6][0x8e][0x19][0x99][0xb5][0xa3][0xb6][0x8c][0x84][0xe9][0xc5][0x85]/d[0x98]'[0xbb][0x9a][0x83]|e[0x8a]S[0x83][0xad][0xb2]E[0x9e][0xbf]be[0xa9]p[0x89]y[0x3]S[0xe0]J6[0x86][0xa0][0x15]z[0xee]][0xc8]`[0x95][0xfc][0x96]![0x95][0x84][0xf][0x1c]1H%=l[0xae][0x97][0xfb]-E)iu[0xb8][0x9e][0x14][0xa3][0xff]<[0xfa]k[0xff][0x1c][0x2][0xc3][0xbd][0xf]R[0xbd]*[0xf0][0xcb][0xab]/[0x89]u[0xff]hh~[0xdd][0xef]C[0x87]X`[0x94][0xa5][0xad]^[0x1f]n[0xca][0x84][0x9b][0xa5][0xfa]'sb>[0xc1][0x92][0x8b][0xfa][0xe3]j[0x19][0x9e][0x95][0x8e]t[0x17][0xe7][0x18][0xe0]y[0x2][0x9a]ZP[0xe0][0x95][0xbe][0xfa]*OE[0xfe]DG[0xcd][0xba][0xc8]D[0x9f][0x8a]rPS[0x16][0xc0][0xab]Ws[0xa5][0xb5][0x82][0xb0][0x1f][0xcc]4[0x83][0xaf]d[0xb5][0xb5][0xf0][0xa8][0xbc][0xae]G[0x16][0xd5][0x8a]v[0xf0][0xcd]/[0x7]Pi[0xf][0x14][0x80]"[0xac][0xfd][0xd3]K[0x82]Po[0x8d][0xac]&[0x88][0xa6][0x9a]F[0xc9]4[0xd8][0x88][0xdf]j[0xd1]([0xe8]E=OY>*[0xc3][0x4]3[0xb][0xad][0xa6][0x9b]:[0x93]-Y:{E[0x10]pc[0x8e]V[0xe]l[0xd6][0xd0][0xf5]r[0xed]V[0xc6]_[0xff][0x1][0x0][0x0][0xff][0xff][0xec]][0xcb]o[0x1b][0xc7][0x19][0xff]W[0x6]F[0x81][0xa4][0x80]D[0xf0]M[0xea](Z[0xd6][0xa3][\n]"
18:24:15.555 [main] DEBUG org.apache.http.wire - http-outgoing-1 << "%G[0x94][0xe8]&E[0xf][0xb3][0xe2][0x88][0x1c]i[0xb9]+[0xef]C[0x86]|[0xb2]%[0xd7]v[0x1e]n[0x1a][0x4]E[0xd3]:[0x80]c7i[0xa0]8[0x86][0xe3](F[0x9d][0xc4]N[0xf]l/=[0xc9]7[0xc9][0xbd][0xb8][0x15]l$[0xff]E1[0x8f][0xdd][0x9d][0x17])[0xd2]r[0x1c][0xc7][0xc8]E[0xf6][0xee][0xce][0xcc]~;[0xbb][0xf3][0xe3]7[0xdf][0xe3][0xf7]E[0xf8][0xc5][0x1e]Oc[0xe5][0xed]A[0xff][0xfd][0xeb][0xd9][0xf1][0xe4][0xf3]"[0x8f][0x1d][0x11]C[0x80][0xa3][0xe3][0xa3][0x80][0xe8][0x4][0x8b]"[0x90][0x8d][0x1f][0xb0][0x9f]:[0x9c][0xde][0xd1][0x1d]~[0x1c][0xc1]u[0x83][0x9c][0xce][0x8d][0xc4]s[0x13]=r[0x82]>o[0x8a][0x1e][0x1b][0xde][0x93]#[0x8f]#xk[0x90][0x83][0x13]g[\r][0xbf][0xd2][0x12][0x9b][0xc5]6[0xd7][0xc1][0xdc]4[0xc8]y[0x11]y@[0xc8]*[0x95][0x16][0xbd][0xd7][0xee][0x9a][0xff]l[0xe9][0x19]?[0x15]-[0xe3][0xa7]R]0[0xd9]k[0xf3]yE[0x3][0x99][0x84]ml[0x7][0xae]Q[0x3]![0x83][0x12][0x9a][0x10][0xce][0xfb][0xcd][0x16]~$[0x18][0xb9][0xc0][0x8f]XNS[0x1b]y>i[0x8a][0xfa][\n]"
18:24:15.555 [main] DEBUG org.apache.http.wire - http-outgoing-1 << "[0xbe]HHD[0x8d][0x9a]K13"!@.+[0x90][0xeb][0x15][0xf3][0xba][0xfa]B[0x4][0x11][0xf7]/[0x85][0xfc]S[0xb1][0xf1][0xc6][0x8f][0xab][0xa8],=[0x8]D*UIe[0xe1][0x82]=/&[0xde][0xf8][0x81][0xf8]b[0x8f]_ W6[0xc8]1[0x92]C1[0xae][0xec]o~,g<'[0xa3]X[0x9e]<[0xca]j [0x1f][0xf3][0xe5][0x1f]5o%[0xcd][0xc5][0x88][0x8c][[0x94][0xab]n[0x90]Te[0xab][0x1d][0x1e][0x18][0xb5]T9&[0x9b][0x14]Za[0xd7][0xd2][0x19][0x96][0x1e][0x1b]\[0xd1]b[0x83]+[0xf3]3[0xc6][0x90][0x7][0x95]![0xbb][0x85][0xdb][0xab]-c[0xd0][0xd2][0xbc]b)`[0x12][0x1d][0xc2][0xa5]Y*[0x15][0x8a]Y[0xc9][0x9f]YJ[0x15][0x88]?SY[0x1e][0xf4]F[0xe2]oe[0xae][0x9c][0x1b][0xc9]K?[0x95][0xfd]:3I[0x8d][0xc][0xb3]3[0xf3][0xdf]w-/l[0xe][0xaf][0xd3][0xca]![0xea]z[0xe9][0xa1][0xe2][0xcf][0xb][0xb6][0xca]XR[0xe0]4C;[0xf0]B1[0xef][0xed][0xc8]L[0x98][0x12]M[0x95]S3[0x82]=`[0xca]i0[0x13][0xe5]*B[0xb2]][0xe0][0xab][0x3][0x82][0x82][0x95][0xc8][0xc2][0xc6]i[0x81]hr[0xec][0xb4][0xeb]4WZP[0xf3][0x81][0xde][0xbb][0xf6][0xf0][0xdb][0xeb][0xf][0xef][0xdd]}"
18:24:15.555 [main] DEBUG org.apache.http.wire - http-outgoing-1 << "x[0xef][0xdc][0xc3][0xbb]o=[0xbc]w[0xb6][0xc7][0x9a][0x8b]><[0xb6][0xe4]B[0xb1][0x8e]E[0xa5][0xe5][0x86]b[\r][0xb][0xc6]- [0x95][0xae][0x88][0xbb][0xb3][0xb5][0x16][0x8a][0xf5]*[0xe2]#[0xb6][0xce][0xa2][0x96]-[0xde][0x12][0x8a][0xbf][0xb3][0x17][0x7][0xcc]c[0xb3][0x2][0xe7][0xf9][0xf3]kNJ[0x89]8[0x15][0xd7][0xc6]k[0x18][0x82][0x97][0x8f][0xdb][0xa1][0x87][0x1d]:"[0xb4]9y[0xa9][0xbb][0xf4][0xcb].[0x8b]][0xe7][0xd2][0xab]h\z,[0x91]][0xdb][0xc0][0x8f](?[0x9f][0xb5]p[0x91][0xd2][0x10]jK[0x9d][0xc]X[0x9]m|[0x8a]:1N[0xc4][0xff]3K[\n]"
18:24:15.555 [main] DEBUG org.apache.http.wire - http-outgoing-1 << "[0xf8][0x93][0x10]NG[0x92]D[0xe7][0x2][0xde]n[0x91][0xb5]#[0xc6][0xc2][0xb8][0x5][0x1f][0x16]Ta[0x1b][0xda]6<[0x19][0x8]w[0x0][0xb5]p[0x9d]@[0xcf]<[\n]"
18:24:15.555 [main] DEBUG org.apache.http.wire - http-outgoing-1 << ":[0x5]u[0xd7][0xee][0xdc]X[0xc3][0x87]&[0x14][0xc8][0xa4]G[0xca][0x85]taD[0xa2][0xe9]+QB[0x1]5[0xdd][0x96][0x8b])[0xc4]D[0x92][0xbe]e![0xc7][0xa0]P4[0xd1]z[0xf][0x9b]C[0x94]'[0x8c]l[0x2][0xc7][0x8f][0xe9][0x1e][0x93]d~T[0xe8][0xe9][0x11][5[[0x11][0xa0][0x87]K[0xe],[0xfe][0x1f][0xc9][0xbc]X[0xf1]S[0xcf][0x8e]Q[0x0]*[0xf9][0xbb]p[0xbd]-[0xe8][0xb3][0xeb][0xed](pK[0x8c]s&g[0x1][0xf4]Bu[0xac][0x93][0x8a]{[0x84][0x99][0xfd][0xf8]X[0xaf][0x86]h[0xb1][0x15]j[0x83][0xcd][0x85][0xe][0x4]5[0xdc][0xee][0x11]-[0xcd]fK01[0xc6][0xd3][0xcf]p[0x8d]]Np[0xed][0x3]j[0xb6]xo[0xe3][0xda][0xa3][0x8f][0xfe][0xf2][0xf8][0xf3]w[0x1f][0xff][0xe9][0x9d]G[0x97][0xef][0xc5][0x18][0x17][0xf7][0xb6]xo[0xf6][0xdd]F0[0x97][0x1c]3[0xa0][0x8b][0x9b][0xb7][0x92][0x9b]I[0xe6][0xc6][0x8b][0xc4][0x98]A[0x18][0xc9][0xfa][0x87];[0xd7][0xfe][0x99][0x8d][0xc0][0xc8]F@[0xa0]P[0x2]][0x7]b[0xf][\r][0x81][0x1a]aN:[0x16][0xfa][0x1][0xc]p[0xe8][0xd3][0xc][0xc3][0x1a][0xec][0x9a]lL[0xbe][0x94][0x94][0xa3]W"[0xa9][0xbc][0xaa][,jF[0xe8]Us[0x8e][0xa7]=h#[0xa7][0xc1][0xd2]_4[0x0]&[0xc3]V\[0x7]a/<T[0xf6]q)[0x9f].[0xcb][0xc9][0xc7][0x19][0x92]}\NeI[0xdc]II[0x2][0xbf][0xc8][0x8b][0x10][0x11][\r]<[0x9d]=[0x8][0x9b]oC[0xf2]qapJo[0xf0]}[0xc8][0xe1][0xfc]&[0xdd][0xf1][0xc3][0xfc][0x15][0x85][0xc9]WDDa[0xd3][0xc6]!%[0xea]A([0xbb][0x86]i[0x17]b[0xdd]CA[0xd4][0x81]@[\r][0xeb][0xc0]A[0xa5]K[0x87][0xa8][0xbd][0xe5]I[0xd3][0xbb][0x1a][0xc8][0xb3]mG[0xa3][0x11][0x90][0xe1][0x82][0xc4][0xf0]r~[0xa0][0xd2][0x5][0x16]:0[0x97][0x91]f[0xc0][0x88][0xab][0xcc]wx[0xda][0xee]$[0xf2]N[0xa3][0xa6][0xbb][0xd6][0x95][0xc7][0xc8][0x82][0xfa][0xaa][0x1a][0xd5]V[0xd5][0xd4][0xa4][0xc9][0x1f]Z.[0xa9]|h[0x1e]\Ff+[0xe0](]RD[0xae]aY[0xa6][0x9d]ww[0xbe][0xbd]v[0xe7][0x1e][0x89][0xe7][0xb8][0x3]v>[0xde][0xb9]}[0xff][0xcc][0xfd][0xf3];[0xb7]w[0xb6][0xa9][0xcb][0xfe][0xe][0xb9]rX~[0xed]\![0x97][0xc9]H*H[0x9e],[0xaf][0x8c][0x16][0xb3]A[0x5]t[0x86][0x84]i[0x93][0xec][0x2][0x99]lZ [0xdc][0xcf][0x15]S[0xd9]>m[0x84][0x93]su[0xe2][0xd7][0xa0][0xd5][0x80]js[0x15][0x83][0x2][0xe2];[0x84][0x9d]k[0x12]y[0x8b][0xc9][0xd4]([0xca]H[0xa9][0x87][0xdd]`[0xb4]**#[0xa6][0xd7][0xf][0x16]]g[\r]y[0x1][0xb6]l[0x4][0xda][0xd0][[0x19]$[0x83][0xca]R[0x14][0x14][0xcb][0xf5][0xd5][0xfb]i[0x8e]F[0xcb][0xf5][0xa1]Cjd-[0xa3][0xd3]X+[0x0][0xd8]R[0xac][0x91]-oM[0xb0][0xa5]{.[0xc][0xc]C[0xb6][0xbc]5[0x18]t[0x1d][0xd2]W[0x86][0xf4][0xbd]UA[0x8b]B[0x9e]e[0x18][0xf1][0xfe][0xd9][0xfb]gv[0xfe][0xc1][0x82]9[0xc0][0xfd][0xf7]wn[0xef][0xfc][0x9d][0x4][0x17][0xf5][0xc2][0x1e][0x9f][0xd0][0x8d]P[0xac][0xe1][0xb3]{[0x8a][0xbd]-[0xae][0xca][0xd0][0xb9]_W[0x16][0x1e][0x7]![0xd2][0x95]~[0xfe][0x9d]-zI[0xd2]qHN[0xe7][[0x11]Y[0xdc][0xfb]4[0xf6][0xe3][0x1c][0xa9][0xa5]BX[0x94][0xdf][0xdb][0xdf]|3[0xd1]w[0xe8]-P[0x3][0x1c][0x13]o[0xc1]][0xad][0xdb][0xec][0xa2]r[0xee]w5_[0xe4]j[0x91]O[0x18]M[0x8]w[0x9c]|[0xb5][0xe5]u[0xfd]>[0x93][0xdd][0xe1]6[0xc1]4[0xc2][0x1e][0xb7]wa[0xf7][0xd6][0xee][0x17][0x9c][0xd0]u[0x80][0xfd]"n=[0x1f][0x95][0x96][0x8][0xd2]IH[0x1a][0xf8][0xa7]`W[0xec][0xd4]IP*[0x1a][0x9]J[0xe5][0x84][0xb1][0xd4]RQ[0xc1][0xce][0x9]h[0xb9][0x9e][0xeb][0x18][0xf7][0x83]'T[0xf]J"[0xd5]+h[0x9][0x6]~[0x8b][0xba][0x89][0xe2][0xd3][0x7][0xfa]P[0x12][0xb3][0x90][0x91]X=[0x93][0xcf]d[0xd3]E[0x89][0xcf][0x81][0xb8]F[0xb2]j[0xdc]G5[0x91][0x83][0x3]d9[0x9b][0x16][0x3][0xdc][0x8a][0x19]s[0xe4][0x87][0xce][0x1b]KY[0xd4][0x87][0x8e][0xbc]N[0x8b][0xc4]2^[0xf5][0xd7]O[0x1c]3[0xe0]d|G[0x15][0x1c]{[0x4][0xb4][0x9d][0x10]Ya[0xf9][0x8][0x80]<[0xaf][0xa8][0xc9][0x1c]f~[0xe0]@[0x19]*[0xf0][0x85][0xb8][0xf9][0xf9][0xf8][0xf9][0xa4][0x8a]k[0x88]?w[0xf]\[0x8a]g[0x86][0x3]Q|[0xcc][0xc1]'>NvU[0xe7][0xf6]7oJ[0xc8][0x12][0xb7][0xb1][0xa2]>[0xa1]P_D8[0xe6][0x98][0x11][0xb7][0xe7]([0xb1][0xb8][0x6][0x15]d[0xf8]tw[0x9b]0K[0xee][0x9d][0x1f][0xc4]@{[0xea][0x5]*[0xd6]$[0xee][0x85][0xe6]el[0x9][0xd7]P[0xc0][0x1d]$][0x0]fM[0x7][0x98][0xba][0x6]0u[0x13][0xed][0xc4]A[0x94][0xd4]l &C[0xe7][0xe]5/[0xb1][0x83]az$BHo[0xb2]j[0x89][0xf7][0xa5][0x90]O[0xe5]#WK.[0x95]7[0xd3]U[0xe7]G[0x9e][0xa4]l[0x89][0xe][0x5][0x82][0xe8]*[0x18]t[0xb7][0x18][0xcf][0xcc]N[0xb][0xd1][0xad][0xae]w[\n]"
18:24:15.555 [main] DEBUG org.apache.http.wire - http-outgoing-1 << "[0x91][0xd0]5[0xb0][0xc2][0xb1]7[0x86][0x83][0x95][0x3][0xbc][0xa9][0xd4][0xc2]#[0xee]l[0xc4]:[0xb][0xf1][0xb8][0xda][0xee][0xc6][0xf5]|Moq,u([0xcb]$b[0xc5]]iw>[0xb6][0x8d]C[0x2][0x8b]_T[0x87]V[0xa0][0xc6]q\[0xd3][0xd0]3[0xeb][0xe][0x15][0xcc]8[0xb4][0xc3]/[0xf6][0x80][0x1e][0xf2]&[0xb0][0xe3][0xd3][0x0]][0x8a]>[0xe4][0xa3][0x6][0xec]|\[0xb3][0xf5][0xf7]6JN[0x89][0x16][0xeb][0xcd]?+[0xf5]Z[0x85][0xae]q[0xc1][0xd6][0xe4]T\[0xad]59[0xc5][0xd1][0x88][0x1c][0xb1]R[0xad][0x11]"[0xcd][0x6][0xee][0x8a] GT[0xa4][0x95][0xec][0xbf][0xf6].[0x0][0xba][0x19][0xbb][0xb8]w[0xa1]`Z[0xb][0x6][0xa2][0xa5][0xae]x[0xf0]4[0xb6][0xbb][0xac]m[0x9d]@[0xb6]2[0xa7]g[0xce][0x98][0x94][0x7][0xb5][0xae]j[0xc5][0x83]~[0xe7][0x6][0xe3][0xd6][0xd1][0x96]9[0x19][0x93]"
18:24:15.555 [main] DEBUG org.apache.http.wire - http-outgoing-1 << "4[0xa0]r[0x8c][0x93][0xdd]5}[0xc5]r[0x12]]$[0xa7][0xc0]([0x1b]7[0x85][0xa0][0xe1][0x2]>[0xc2]!m[0xc1][0xd9]t1[0x93]+[0x94]Gr[0x92]1[0x98]([0xc][0xc3][0x5][0xcd][0x18]Le[0x92][0xf8]f[\n]"
18:24:15.555 [main] DEBUG org.apache.http.wire - http-outgoing-1 << "[0x99]B[0xa9]X[0x12][0xac][0xc1]y[0x13]a[0xc5][0xb0]@[0x15][0xc5]m$C*[0x5][0xfe][0xb0]I[0x5][0xe1][0x16]cj[0xbc]?J[0xff]N,[0x8c][0xd3][0xbf][0xaf]I[0xd6][0xe3][0xa1]#[0xdc][\n]"
18:24:15.568 [main] DEBUG org.apache.http.wire - http-outgoing-1 << "G[0xcf][0xd4][0x8f][0xe9]u[0xdf][0xe3][0xf9]Vq[0xa9]{|je[0xee][0x15][0x91][0xba][0x9e]?;[0xf0][0x10][0xb4]EX[0x9a][0xfb][0xc5][0x8f]V[0xfe][0x85]=[0x94]h[0xb6][0x8d][0x9e][0x92])[0x18]^g[0x8b][0x1d]&k{[0x8b][0x92]Y\[0x8f][0xf5][0xb][0xda]![0x89]6[0x8b][0xfa][0xaf][0x6][0xd2][0x9c][0xd9][0xc9][0xc][0x8]Q[0xa1][0xd1]'[0x1a][0xfb]}[0xc9]2[0xde];7@F[0xf][0xfc][0xd9]Fk[0xb6][0xd1][0xce][0x8d][0xca][0xa0][0xc5][0xea]&p[0xa7](%[0x87][0x3][0xf3][0xc8][0xf3]p[0xe0]z[0xeb]f0[0xc3][0xba][lJs[0x8b]M[0xcd][0xce][0x1b]KL)Y[0x80]c[0x18]5]0[0x1][0xbd]E#[0xa0]M[0xcd][0x1e][0xbc][0xbf][0x89][0x12]x[0x8c][0xdb][0x9b][0x9c]R][0x83]D[0xaa][0x96][0xd4]bk[0xec][0xe1]c[0xe8])[0xf6]Q[0x99][0xbd]x[0xb0][0xca]r[0xd0][0xcc][0xaa][0xb1][0xad][0xc5]gb[0xa4][0xfd]a[0x82]E[0xe8][0xb3].[0xb6][0x90][0x1f]?![0xe][0xdb][0x0][0xb7][0xe9][0xd3][0x93][0xb][0xe][0x98][0xe5]Q[0xc3][0x14]M[0xe2]V[0xe4][0xc7][0x6][0x13]?7^ti[0xc0][0xe6][0xec]bg[0xb]:.[0xe8]\r[0x1a]x[0xd1][0x8d][0x0][0x87]w[0xc0][0x1e][0x2][0x96][0x87][0x3][0xe8]8,[0x94][0x10][0x1][0xfb]%[0x97]v[0xa1][0xb7]B[0x2][0xd1][0xce]G4L[0xfd][0xd3][0xfd][0x8d][0xaf]h[0xb1][0xc5][0x8f]X[0xe1][0xb7][0xc7]_[0xbe][0xf5][0xe8][0x83][0xcf][0x1f]][0xb9][0x12][0xe1][0x94] J42[0x13][0x85][0xc][0x8c][0x88]([0x98][0xbe][0xc1]8[0xc2][0x9d]u[0xe8]l[0xc7][0xc2]_c=\[0xf6][0x8e]][0xd0][0xb9][0xd1][0xb9][0xc4]e_[\r][0xfa][0xea][0x10]?+[0x87]C[0x1c][0xf8]$[0x18][0xd5][0xc2][0xa8][0x81][0x1c][0x80])rD3I;[0x9][0xce]{*31[0x93][0x91][0x6][0xcb][0xfe][0x8a]K[0xa5]&'[0x2][0xc4][0x1e]l9[0x2][0xd2][0xbd][0x8d][0xbd]s[0xa4][0xc2]##[0xfe]'l_[0x9f][0xb2]"[0xd9][0xbb][0x9f][0x80][0xdd][0x9b][0xac][0x90][0xfd][0x6]9[0xa2]e<[0xb6][0xc1][0xde][0x85][0x81][0xaa][0xda]c7x[0x11]wr"\[0xca][0x8b][0xaf][0x8a][0x1d][0xd7][0x3][0xb3]a`[0xaf]c[0xa7][0x19]E[0xbf][0x99]A3[0xd4][0xd9][0x8e][0x16][0xb4]X[0xbc][0x85][0xea][0xd4][0x93][0xec][0xee][0x16][0xaa]O![0x90]N[0x8e][0xff]7V[0xa4][0x8d][0x11][0x92][0xa1]b[0x1f][0x95]h[0x99][0xfe]5`[0x19][0xa1]>'Yqr[0x95]3O[0x82][0x9f]c[0xcf][0x5]~N[0xdb][0x8];[0xc8]#[0x8b][0xdc]G[0xb6][0x85]|[0x1c][0x9c][0xe][0x9d]&"[0xb][0xdf][0x3]uD[0x18]Kp3@[0xe][0x11][0x1b][0x6][0x89]VFf[0xc3][0x7][0xb]v[0xe0][0xc1]6$a >[0xa8]"[0xc7][0xf5][0xc8]/[0x3][0x2],B[0xc4]'[0xcb]KH[0xce]&{3[0x1f][0xb4][0xb1][0x83]B[0xd2][0x8e][0xe4]#[0xe2][0xa6][0xd3][0xd9][0xa2]}|[0xd0]y#[0x80][0x81]?[0xbc][0xe0][0xe0]8[0xb8][0xef][0xd1][0x1f].~w[0xf5][0xfc][0xa3][0xcb][0xf7][0xbe][0xff][0xf0][0xfd][0xc7][0x1f][0xbc][0xf1][0xe8][0xf3]w[0xbe][0xbf]|M[0xd9][0xc6]!2[0xa2][0xeb]a[0xc0]"[0xb6][0x9]47mL[0xa7][0x19][0x13][0x1][0x2]L*[0xa8][0xc6]_^[0xbc][0xd5]K[0x4][0x1e][0xc3][0x84]2[0x9e][0xfd][0xa8][0xf9][0xba][0xec][0xf1]N[0xb0][0xef][0x1e][0x14]L[0xd9][0xd4][0x2][0xb8][0xd4]D6"3[0xca][0xf6][0x8c][0xc8][0xa1][0x8a]T[0x3][0xd1][0xd9]up[0xb3][0x81][0xd8]'[0x11][0x3]k[0x15][0xda][0x18][0x84][\r]h/#[0x7][0x3]7p[0x17]1[0xa8][0x8d][0x8e][\r]Cqo[0xc9][\n]"
18:24:15.569 [main] DEBUG org.apache.http.wire - http-outgoing-1 << "[0x93][0x83][0x7][{[0x17][0x1f][0x9c][0xb0][0x5](.}[0xf9][0x9f][0xb7][0xf7].[0xfc][0xef][0xcc][0xdb][0xe4]"[0xa0]-8j[0x81][0xbd][0xdf]Q[0xe8][0xba]I[0xb6][0xa3]ORk7l[0xe3][0x81][0xb6][0xa4]u[0xec]5[0xb1][0x13][0x87][0xe5][0xbe][0xcc]u[0x92].[0xe1]Nkz[0xb9][0xa4][0xba]V.[0xa9]>a[0xa6]wP+p[0xcf][0xb9][0xb0][0x1][0xe6][0xcd][0xec][0xe][0xf5][0x89]C[0xb2];H[0xf5]s3[0xe5]T>[0x97][0xc9][0x95]Y[0xbc]o1[0x9b]K[0xcb][0xda][0x9d]4[0x9][0xc8]K[0xe2][0x8d][\n]"
18:24:15.569 [main] DEBUG org.apache.http.wire - http-outgoing-1 << "O[0xa5]v`[0xa4][0xe7][0xc9]s[0xad][0xeb]w#]m[0xd6][0xec][0xde][0xfc][0x95][0xfd]f[0xec][0xb7]]+[0x9e][0xfd]t[0xf4]@[0xf0][0xab][0xd0]i.![0xcf][0xa1][0x86]"[0x5][0xae][0xea][0x9d][0x1b][0xa4]4[0x8][0xc5][0x1b][0x1b][0xcc]![0xec][0xb8]l[0xd1][0xca][0x8]U[0xc7][0xc8]k"_[0xd4][0xf7][0xfc]n[0xda][0xdd][0xe6][0x97][0xfb][0x1b]Wi@[0xe4][0x9d][0xfd][0xcd][0xed][0xef][0xae][0xdf][0xd1][0xd0][0xa9][0x8e][0xc8][0xeb][0xc1][0xa0][0x12][0xe9]x-$[0xc3][0x10]y[0xc8][0xf1][0x13][\r][\r]*[0xa8]cn jlU[0x8][0x9b][\r][0xe4]D[0x8][0xa3][0xab]hc[0xcb]h[\r][0xff][0xf3][0x12];[0x98]%[0x90]b[0x0][0x13][0xe2]M[0xdb][0xbd][0xb5][0xfb][0x19][0xf1][0xa9]izZ[0xdf]P[0xb1][0xd6][0xb4][0xe][0x84][0x8a][0xa9]z[0xa5][0x17]Z,[0xa4]j[0xa9]nP[0xa1][0x17][0x18][0xad]k[0x5]F[0xeb]S&[0xe][0x89][0xc][0xc8][0xe5][0x15]"[0xa8][0xa3]-[0xe8][0xd9]n[0x10] 0[0xda][0xe6]<[0xd4][0x1a]d[0x90][0xd1][0x17]j[0xf4][0x9f]xw[0xab]-9"[0xb1]z[0xf6]0!=[0x99]|)[0x9f][0x93][0xa1]&[0x97][0xa7]03[0x92][0xeb][0xb]cr[0xf9]b*W<<[0xc8]([0xaf][0x86]SXJ[0x10][0xa0]!N[0xb9][0x7]/[0xd4]s[0x8f]$[0xdc][0xb8][0xe1][0xc][0x86]&[0xc0]6[0xe9][0x1][0x6]L[0xe9][0xa2][0xe8]P[0x87][0xfc]U[\n]"
18:24:15.569 [main] DEBUG org.apache.http.wire - http-outgoing-1 << "+[0xd7][0x7][0x83][0x95][0xc8][0x96][0xd3][0x5]T$3[0x8e][0x1]S[0xa4][0xeb][0x14]RT[0xb5][0xa4][0xb][0xb8][0x88][0xd1]F[0xdd] [0xe4]I4[0x8d]5[0xec][0x1d][0xc][0x1f][0xb5][0xba]lJ[\n]"
18:24:15.569 [main] DEBUG org.apache.http.wire - http-outgoing-1 << "[0x1d][0x84][0xc1][0x18][0xa1][0xea][0xf0][0xa1][\r][0xbb]q28[0xba])|F7[0x85][0xcf][0x18][0x8b][0xaf][0xe6]Tbf[0xa7][0x1]=PC[0x84][0xfa][\r]5[0xe1])s[0x82]4[0x19][0x8b]Y[0xf1][0x98][0xfd][0x9b][0xc8]yd[0xe8][0x8]]C[0xa3][0x96][0xdb][0xa0][0x81][0xd5][0xc7][0x11]\D}[0xa5]X[0xc][0xc7][0x16]'=[0xcf]"[0x9f][0xc9][0xc8][0x14][0x92][0xa4]"Z&[0x93]O[0x15]M%H[0x98](b[0xd0]Q_L[0x92]e[0x3]s[0xdc]k5[0xcd]0=[0x83][0x9a][0xd0][0x83][0xc0][0xf4]^T[0xdd][0xa4][0x87][0xa9]zFLRbC[0x1d]P[0x98][0xb5]6!t"
18:24:15.570 [main] DEBUG org.apache.http.wire - http-outgoing-1 << "[0xa9]a[0xa7][0x9]W][0xef][0x9][0xb2][0xb1][0xdb]J[0x1c]R[0xdb][0x17][0x2][0xa5][0xab][0xd0][0xa6][0xc1][0xcf]r[0x14][0x12]lA[0x1f][0x82]*[0xb2][0xe1]z[0xd8]KM[0xe1]_[0x0][0xb7]l[0xf3]#n[0xd9][0xe6]G[0x89]a[0xfb][0xfa][0xfe][0xe6]%j?[0xfa]f[0xf3][0xc][0xa5]?[0xb8]M[0xf9]Z[0xee][0xee]o~[0x98]X[0xbb]y7K[0x1a]dU[0xba][0xc6]u[0x5]~[0xd4][0x8a][.K[0x19]N[0x17][0xf7][0xce][0xef][0xfe]m[0x90]xd[0xaf][0xaf]D[0xc7][0xda]1[0xd1][0xd8]-[0xa6]\D&oD[0xaa]u[0xb2][0x8c][0x8c][0xee]6[0xef][0x9e][0xf1]4r[0xf5][0x93]Jh7a[0xd7]*[0xb][0x96][0xbe][0xdb][0xa8]L[0xe8]L[0x92]F[0x1a][0xaa][0x82][0x92][0x93]\s[0x97][0xcc][0xfe][0xb0][0x9]5[0x98]&[0x11][0x89][0x90]Li[0x14]S[0xf7][0xdf][0xdc][0xf9]fg[0x9b][0xf0][0x9]Q*[0xaa][0xc3][0x91]G[0x95]2[0x85]\[0xa9],nU([0xe7]sVs~q[0xa1][0x84]T[0x88]L[0xba]\[0x12][0x1c][0xe7][0xd9][0xb2]9[0xf8][0xd0][0xe0][0xd7][0x9a][0xa0]I6[0xd5]i[0xb2][0x4][0xe7]f[0x17]x[0x8][0xa2][0x99][0xac]]{^[0x8d]9*[0xdd]#[\n]"
18:24:15.570 [main] DEBUG org.apache.http.wire - http-outgoing-1 << "qB[0xcc][0xc6][0x8a][0x1e][0x1][0xd8]hM\[0xe2];[0xdf][0xec]|q[0x0][0xf3]SS[0x89]6[0xc]m[0xc3][0xb8]:[0xf1]S":[0xf][0xe8][0xeb]#[0x9c][0x8f][0x8d]&8[0xb5][0x92][0xcf][0x81]-~[0xde]@Y[0xfe][0x1b][0x9f][0xc9][0xd5][0x17][0x84]nV[0xd4][0xad]sU[0xa8][0xbf] [0x9e]`[0x8b][0x9e][0xf5]XN([0x15][0xc2]&[0xf4][0xfc][0x15][0x99][0x89][0xe9]k[0xca]_7h[0x19]1[0xab][0xe9]=S[0x2][0x94][0x5]9[0xc8]?[0xf4]VH[0xc0][0xe9]8[0xa4]e5M[0xb]}I_[0xe8][0xe3][0xda]B[0x1f]7[0x6][0xce]e[0x15]w[0xd1]l[0x8][0x9b][0xb0][0xe1][0x86]M[0xd7][0x98]69~XF[0x81][0x91]t.[0x9f][0x1b])[0xc9][0xd4][0x91][0xe9][0xa1][0xe1][0xac][0xb6]d[0xe9]S[H[0xa8][0x85][0x9a][0x1d][0x11][0xdd][0xd5][0xb9][0x91]TY_[0xb2]*[0x9b][0x0][0xa5]\8:E[0xa2]s&&[0xc9][0xc]T_[0x99][0x8a][0xf9][0x5][0x8c][0xcc][0x2][0xf2]t[0xab][0x1a][0xff]O[0x84]_@[0xe1]HZR[0xc6][0x12][0x11]`[0x9c]E[0xee]I#[0x8d][0x87][0xf6]Rh7P[0xaf][0x95].M[0x13]_[0xec][0xd2]9[0xbe][0xe0][0xa5]s[0xd2][0xa2][0xbf]A[0x19][0xc][0xfe]Hv[0x0][0x1b]I[0xfe][0x91][0xdc][0xc1]2[0xc][0xc2][0x11][0xc0];[0x19][0x8a]/[0xca][0xd6][0x1b][0xb6][0xc][0x9d][0x93]X[0xba][[0xf][0xb6][0x88][0xfa][0xbe][0xfb][0xc9][0xde]YR[0x19]i[0xef]b[0xff][0x80][0xb0][0xf4]bF[0xd4]-[0xcc])[0xc0][0x13]:49[0xdc][0x84]9[0xba]}[0xa2][0xa2][0xd9]'*c&oK[0xb6]PR+6/[0x87]m+4[0xd6]V[0xa3][0x83][0xca][\n]"
18:24:15.570 [main] DEBUG org.apache.http.wire - http-outgoing-1 << "F$[0x15]?[0xbb][0x2][0xc1][0xfa]K[0xb]VrZ!B[0xe1][0x17][0xe][0xe7][0xe5][0xce][0xa4]3[0x99]|!][0x90][0xea]8[0xa7][\n]"
18:24:15.570 [main] DEBUG org.apache.http.wire - http-outgoing-1 << "C[0xb9][0xb4][0x8e][[0xa1][0xec][0xec][0xce][0x96][0xca][0xb9][0xbc]D[0xdf][0x96][0xeb]S[0xd3]8:Ku[0xc][0x1a][0xf1]<[0xff][0xfa][0xa8][0x9][0xaa][0xf8]3[0xab]JE[0x8f]<[0xcb][0xa9]q[0xf1][0xc7][0x9f][0xb][0xfb][0xe3][0xc2][0x93][0xe7][0xa8][0xb4][0x91]B[0x4][0xef]4[0x8e][0x1f]R[0x1c]lj[0x85][0x9f][0xef][0x85]P[0xbc]c[0x4]N[0xfc]0[0xc2]%~(mC[0xb6][0xf7]7[0xee][0x8]H[0xc4][0x9b]Xr[0x8f][0x8]:_s[0xc1]l[0xe9]rKn-[0x0][0xe][0xdd]y[0xdc][0x1c]d[0xe7][0xd1][0xc0]/$[0xd0][0x8c]M[0x89]@s[0x14][0xb6]-[0xb7][0xd1]m[0x1b][0xb3][0xa2][0xd7][0xc0][0x98][0xd6]j`LO[0x9a][0xaa]*[0x97][0xd5][0xd0][0xbe][0xe3]-[0xc7]m[0x83][0xe3][0xc8]i[0x19][0xa0]fZ[0xa9][0x83][0x11][0x8b]uX[0x93]E[0xa6]P[0xcc][0x16][0xf3][0xf9][0xbc][0xaa][0xf4]d[0xd2][0xea]F%[0xba][0xa5]X45[0x93][0xce][0x9][0x16][0x8b]\[0xc9]\#[0xb9]d [0xb9][0x1d]%1C[0xf3]T[0xeb][0xa9][0xcf]T5[0xf8][0x98][0xee]\k[0xaf][0xfe][0xeb][0xc6]b[0xab][0xb3][0x5][\r][0x94][0xb6][0xdd]-[0x16][0xd3][0x93]s"[0x89][0x18][0x17][0x19]x[0x18]I[0xc1]u[0xff][0xbd]r[0xf9][0x87][0xf2][0xad][0xac][0x10][0x13][0xb][0xfe]?[0x0][0x0][0x0][0xff][0xff][0xdc][0x9d][0xbf]o[0xd3]@[0x14][0xc7][0xff][0x95][0x8a]=R[0xe3]_[0xb1]Gs-[0x19]BJ[0x87]*"l[0x17][0xfb][0x94][0xa4]Il[0xcb]I[0x8a]:[0x2][0x2]$[0xc4][0xc4][0x84]:[0xa4][0xea][0x18][0x89]?[0x80][0x1]u[0x89][0xf8]#*[0xa6][0xfc]'[0xe8][0x9e][0xaf][0xbe]wg[0xbb]2[0x4]([0xea][0x16][0xc7][0xf6][0xe5][0xce]I>z[0xf7]~|[0x9f]$[0xc6]d[0x84][0xaa][0xb2];[0xa3][0x19]Ku^lW[0xaf][0xb6][0x97][0x9f][0xb6][0xab][0xcf][0xdb][0xcb][0xd7][0xdb][0xd5][0xc5][0x1d][0x91]bX[0xf]W([0xbb]%[0x7][0xac][0xf0]<[0xdf][0xc2]d[0xb][0x1e][0xa2][0x1e]r[0xc0][\r]^r[0xf4][0x15]ma[0xe0][0xb2][0xa1][0xdc][0xc2][0xc0][0xf1]i[0xbe][0x81][0x91][0x87][0xd1]4[0x1f][0xf4]4[0xcf][0xfd][0xcf]f[0xf1][0xfd]:[0xdf][0xbe]p[0xdf][0xe2][0xcd][[0xc0][0xc8][0x97][0xda][0xf8][0x98][0x8c]f[0xff][0x89][0xe3][0x82][0xf8]][0xed][0x1f][0xcf][0xd2]8[0xae][0x90][0x80][0x9][0x8a][0xaa]J[0xa4][0x90][0xc9]A[0xba]e[0x8e][0xb][0xc3][0xd4]l[0x8b]>[0x8d][0x97]Q[0xb8]Y[0x97][0xfc][0xdf]aLlZ[0xa0]YiFDvfYCO[0xad];[0xe][0xc3])[0xab][0xa8][0x4]2Z[0xfb][0x9e][0xeb][0x19][0x88][0x3]<[[0xae]i[0x14])[0x0][0xf3]P[0x94][0xf2][[0xb6]e[0xa9][0x8a]j^[0xdd][0xf6][0x90]P[0x5]tB[0xe] [0x11][0x97];l[0xda]G[0xbc]$[0xbb][0xed]?[0x16][0x1a]k:[0x19][0xd0][0x83][0xd0][0xa8]`T[0xbb]+[0x9e][0xfb]OJ[0xe4][0xfb]v[0xd9][0x2][0xfd][0xc1]"[0xa1][0xbf][0xa3][0xd6][0xd6][0xe1][0xcf]i[0x19]!P0n[0x14] Rd[0xbf][0x1a]L[0x8a]+!C-UeH>[0xca]-(h[0xca][0xd3]S[0x11]*[0xf2]7[0xb2][0x8c][0xb][0x18]W[0x86]?[0xe5]40*[0xc0][0xda][0xa8][0x8d][0x8a]`[0x96]>DK[0x83]SB[0xe1]ND[0xab][0xb4][0xdc][0x82]b[0xe9]6)[0x94]n[0x13][0xbf],l[0xa2])[0xd1]<[,[0xe8][0xcb][0xb2][0xcd]L[0xa6]M[0xb9]k[0x1a][0x99][0xd3][0xb4]m[0xcb][0xc5].[0x14][0xc8][0xa7]mxEk"R[0xdb]mx[0x9e]k9Z[0xe7][0x1c][0xa7],^[0xea][0xa2][0xd4][0xfe][0x16]z[0xed][0xa0][0xd7][0xd5]e[0x1]z[0x17]h[0x9e][0x6]^[0xc2][0x18][0xf1]U[0xe8][0x84][0xa9][0xf6][0xb0][0x10][0xff][0x0][0xdb][0x1d][0xd1]}4[0xec][0xf8]7X[0x11][0x8f]FP%[0xa2][0xe1][0xe6]JBE[0x9c][0x94]H[0xf9][0x80][0xf4][0xe0][0xf2][0xd3][0x83]T[0xb9]7Y([0x87][0xc2][0xe8][0x10][0xd7][\n]"
18:24:15.572 [main] DEBUG org.apache.http.wire - http-outgoing-1 << "[0x8a]"
18:24:15.572 [main] DEBUG org.apache.http.wire - http-outgoing-1 << "[0x88]#[0x9][0x91]w[0xd0][0xa7]~L3[0xa0]u[0x2]%G[0xbe]Rw[0xc]?w[0x99]P[0xff][0x9b]U[0xc7][0x8f]NR[\n]"
18:24:15.572 [main] DEBUG org.apache.http.wire - http-outgoing-1 << "jM![0xdb]{:[0x1e][0xa4][0x8c]k[0xda][0xb2]4[0x18][0xc3];[0xfe]l[0xb3][0xe6][0xc3]C>[0xc][0xff]@[0xce][0x16]?[0x8][0xe2]4[0xcc]ohl[0xd6][0xbc][0xdd][0xe8][0x90][0xf1][0xb]x[0xf2]v[0xcb]X[0xcd][0xee]'j;[0x1f]B[0x7]1[0xf]Q[0x87][0x15][\n]"
18:24:15.572 [main] DEBUG org.apache.http.wire - http-outgoing-1 << "[0xd5]A[0xb1][0xe4][0x90][0x14]J[0xe][0xc9]q[0xaf][0xd4][0x94]q[0xb5][0xcd]KJKc00[0xa0]j[0xc7][0xa0]I[0xa1][0x1a][0xa4][0x90][0xe1]S[0xbb]9rm[0xb3]i[0x98]X[0x2][0xa2][0xe9][0x80][0x1b][0xd7]*0([0x81][0x18][0xbe][0xda][0xf6]g[0xdf]D[0xbd]9[0xed][0xd2][0x16][0xf5][0x8d][0x1a]E[0x8b][0xca]B5[0x8e][0x98][0xd5][0x15][0xcc][0xa4]w[0x88]9"&[0xc8][0xdd][0xf5]l[0x1e],CEl[0xea]p[0x1e][0xdc][[0x89]P[0x87]&[0xf9][0xea][0x4][\n]"
18:24:15.572 [main] DEBUG org.apache.http.wire - http-outgoing-1 << "[0xd0]z[0x5][\r][0xe0][0x92][0x85][0xc2][0x83]oP[0x8d][0xc]:[0xf2]o[0xde]K0$[0xf2]^[0x1][0x7]4[0x9a][0xe0][0x3]~[0x9e][0x99][0xa9]A[0x93]3[0xfe][0xed][0xc9][0xd2][0xa1][0x17]l[0xca][0xb3]C[0x17][0xf3][0x9][0xdd][0xcb]]p[0x12][0x1b]?>[0xde]\[0xef]qg[0xc7]/[0xe4][0xb5][0x7][0xc9][0xd9][0x83]4>[0x8e]{*+[0xce]g4[0xba];[0x89]}Rl[0x1d][0xd4])[0xb4][0xe]"[0xfd]2gG[0xd3][0xb4]4oG[0x9b][0xc5][0xe9][0x90]U[0xe5][0x88]v[0xfa][0xbb]dn[0xd9][0xae]a*bL\[0x18][0xba][0xe1][0xea]r[0x97][0xd9][0x9a][0x15]w[0xa8]c[0xed][0xde][0x96][0xf7]'[0x0][0x0][0x0][0xff][0xff][0xe4]][0xcd]n[0xdb]F[0x10]~[0x15]"[0x97]$@[0xc]X[0x8a][0xac][0x9f]#[0xc3]@VKG[0x10]j[0x15][0x8d]}[P[0x94]HY"[\r]QJc[0xdf][0x9a][0xd4]0[\n]"
18:24:15.587 [main] DEBUG org.apache.http.wire - http-outgoing-1 << "[0xd8][0x5]Z[0xa0]=[0x16][0xa8][0x9b][0x1e]d[0xd4]N[0xd3][0x0]F[0x9b]C[0xf]][0xe7][0x1d]j[0xf7][0x98]8[0xcf]Q[0xec][0xec][0x92][0xdc]?R[0x16][0xdc][0x14]iz#[0xa9][0xe5]rw[0xed][0xf9]vfv[0xe6][0x1b][0xcd]b[0xca][0xe2][0x9f][0xe3][0xbe]X[0x13][0xd4][0x8][0xbe][0x9f]w$6[0xcb]F>Y5M,[0x96][0x85][0xfc]![0xc7]YIc[0xae],[0x84][0x9f][0xe]Q[0xc0][0x5]Y=[0x83]h[0x8a][0xef]2B[0xaa][0xe8][0x9c][0xc5]8[0xaa][0xe4][0x19][0x17];[0x5][0x1f]K9-i[0x13]9[0xf6][0xd2]F[0xfd]![\r][0xb7][0xc]3[0xc2]-[0x1][0x13]v[0xe6][0xb1]E[0xb6][0x86]3C[0xa3],sM[0x90]-[0xc9][0xde][0x8c][0xb7][0xc3][0x8c]]Y=0[0xb5][0xea][0xaa][0xaa]_[0xd7][0xee][0xca]e%B[0xaa]7[0xf1]u[0xdb]2y=g\[0xbc][0x8b][0xc1][0x81]f[0x9][0xf4]\[0xc9][0xcb]P[0xaa][0xd5][0xaa]bN[0x1e]94-[0x16][0xe4][0x8d]Y[0x1c]Y[0x9a][0x9b]W,[0xd6][0xaa][0xa5]Y[0x1c][0x91]zG[0x3][0xb8]dbGC[0xea]nX[0x5][0xcf][0xdf][0xea][0xdd][0xa6][0xc6][0x5]y[0xd2][0xc1]'#|[0x12][0xe1][0xc3][0xc8]5[0xc6][0xf8][0xd8][0xb8][0x83][0xf]Qw[0x84][0x8f]74[0xb6]A[0xe9][0xdf][0xf4]>[0xfc][0x93]'[0x1c][0x91][0x14][0x82][0x11]![0xe]%VQ[0xd0][0xb][0xe5][0xae][0xb6][0xf0]A[0xd0][0xc3][0x7][0xb0]$[0x11]~[0x12][0xf4][0xf0]I6^[0xac][0xd3][0xf9][0xa2].[0x17][0xd1][0x19]o[0xcd]1~pz [0xab]y[0x90]nb[0x80]%9[0xff][0x8f][0xc]W^[0xff]zt[0xf1][0xe4][0x18]B8[0xbf][0xa1]![0x9c][0x17];[0xcf].[0xbe][0xde][0xe3][0xd8]#[0xe1][0xab][0xdc]W[0xb8][0x8f][0x0][0xd8]([0xa3]X[0xe0][0xf6][0xd2][0xcd][0xf1][0xac][0x16][0x14][0x87][0xa0]c4X[0xa0][.[0xa4][0xe7][0xb2][0xd9][0xba][0x1b]1,[0xad][0x8e][0xdc]N[0xd0][0x87]I[0x9e][0xee][0xeb]4[0x95]?:[0xdb]9[0xdb]%[0x8a][\n]"
18:24:15.587 [main] DEBUG org.apache.http.wire - http-outgoing-1 << "[0xc9]!9 [0xaa][0xc0]_{g[0x8f] [0xa5][0x84]xO[0xce][0xa7]$#z[0xe][0xd3][0xa7][0xfb]^[0xaa]0f][0x80]Y[0xf]ep[0xab][0x8c][0xd5][0xb2][0xc5]m[0xa5]l1[0x85][0x6][0x15]R%[0xbd][0xa5]y[0xfd]n[0x1f][\r][0xdd]@g[0xec]@[0xa7]m[0x87][0x8e]C0z[0xd8]#[0xd1]qK[^[0x9]O[0xb][0xa5]R[0xad]"U;%[0x7]2[0x85][0x9a][0x8c][0xa8][0x9e][0xe8]m!);[0x2][0x93]>b%[0x7]J[0xe9][0x16][0xb4][0x2][0xb5][0x1e][0xf9][0x8a][0x18][0x4]Pe([0x8d][0xd7]D[0x86][0xcc][0xea][0x14]2[0xdf]b[0x85][0xf4]v[0xc4][0xd6][0x8a][0x1a]U[0xf4][0x9a]&A[0xb3][0x1f][0xd8][0x99][0xf0]g[0xaf][0x1e][0xff][0xf0][0xea][0xf1][0x17][0x89][0x9][0xe5][0xc3][0x8f][0xd4]x[0xf2][0x10]g7[0xb1][0x1b][0x80][0xa7]v[0xd4]G([0xa1]L9[0xdd][0xa3][0xbd][0x83]q[0x4][0xfe][0x94]KC[0xca][0xd8][0xe9][0xbc][0x97][0x90][0xd2]0EH[0xa1][0x1c][0x16]:5M[0xa5][0xa8][0xb5]V[0x14]5[0xad][0xa1]e[0x7]/[0xcb]\[0x9a][0xc1][0xd8]G=[0x1d][0x97]&t)"[0x9][0x1d][0x91][0xe4]9[0x81][0xa7]We[0xef][0xae][0x16]jR[0xf8][0xfa][0x2][0x94]@^[0xa8]([0xfa][0x19][0xf9][0x1e][0x87]&[0x95][0xa5]ra[0x91];[0x0]Z*[0xe6][0x94][0x1][0xbb]5[0x8b][0xc7][0x1b][0xf8]Xt[0xdc][0xdd][0xf1][0xe4]%[0x18][0xc9][0xa9][0xa3]l[0xad]p|pl[0xd4][0xc6][0xa6][0x1b][0x85][0xf3]XQo[0xa5][0x96]W<[0x17]&[0xe6][0xf4][0x86][0xba]M<[0xe0][0xb]r~[0x98][\n]"
18:24:15.587 [main] DEBUG org.apache.http.wire - http-outgoing-1 << "yJ[0xa9][0x12][0xbf][0xc3][0x84][0x9c][0xad][0xcc][0x80][0xeb][0x80][0xc9]8[0xeb][0x1a][0xf4][\n]"
18:24:15.587 [main] DEBUG org.apache.http.wire - http-outgoing-1 << "[0x92][0x9c][0xfa][0xf9]<[0x9a][0x83]w[0x19][0xb6][0xeb][0x16][0xe7]1m![0xc7][0xef][0xfa][0x8e]a[0xe][0x8][0xa9][\r][0xd4]'[0x9b])[0xe9]&i[0xba]M[0x1d][0xa0]-[0xe4][0xe0][0xa3].[0xe1]C[0x90]Jp[0xfd][0x1f][0xe9]Z[0xac][0xc6][0x7][0x12][0x1c]e[0xf1]S:j^[0x8d][0xd5]T[0xe1]Hw@T[0x95][0x8d]F[0xd7][0xef][0xfb][0xe0])P[0xd0][0x88][0xbc][0xbe][0xee][0xbd][0xdc][0xf]z[0xbd][0x9]~[0xe]7![0xb9][0xe][0xe3]KJ[0x12][0xdf]r[0xc3][0xcd][0x81]{=2$[0xe4][0x82][0xc1][0x13]E}[0xff][0xcb][0xd7]/^[0xbc][0xf9][0xf9]+^E[0xa7][0xfd]z[0x13][0xfc][0xbd][0xf1][0x11][0x9e][0x6]C|[0x14][0x18][0xcb][0xf8][0x97][0xa0][0xe7][0xe1])|mF[0xa4]K^[0x8c][0xcb][0xed]J[0xa5]T,[0x16][0xca]<[0xd1]%[0x4][0xae]h[0xa2]\<[0xb1]ZX[0xad]\Z\,p[0xb9][0xc2][0xa5][0x8a][0x9e][0xe8]R[0x93][0x96]c[0xd6][0x1][0xcf][0xa0]p[0xc9]=P[0x9a][0x1a][0xf6]2[0xab][0x8a]r[0xeb][0x9a]m[0xae][0x3][0xd7][0x14]![0xa9][0xb3][0x97][0xc9]5[\r][0x8a][0xb9]gB[0xc][0x93][0xb4]l[0x99]vR[0xff][0xb9][0xfd][0xa1][0x9d][0x11],C[0x96][0x14][\r][\n]"
18:24:15.759 [main] DEBUG org.apache.http.wire - http-outgoing-1 << "16bc[\r][\n]"
18:24:15.759 [main] DEBUG org.apache.http.wire - http-outgoing-1 << "[0xd6]P[0x6][0xc6]l?[0x93][0xd5]\[0x13][0x80][0x11]j[0xa9]lM[0x0][0xd3][0x13]`[0xfc][0xe3][0xc7]|d[0xdc][0xf6]Dd[0xdc][0xf6]B[0xa5][0xd3]k[0xea]X[0xdf]|[0xbb]k[0xdc][0xa0][0xee]O[0xf1]4[0xb8][0x99][0xb][0x92])[0xcd]e|[0x13][0x83][0xa4]h[0xfb][0xa5]f[0x9e][0xc5][0x91][0xe4][0xc6][0xef][0xc4] [0xc9][0x19]j[0x1e][0xc7]yks$[0xb7][0xe7][0xf3][0x15][0x1a]s[0xbc]`[0xb6]?[0xa8]![0x9e][0xcb]x#?[0x1a][0xf]Q[0x94]K[0x8][0xe9]<T%[0xfa][0xbe]"[0xd1][0xf7]u[0x81]&e[0xe9][0xcc][0xb7]N[0xc9]3[0xea]$Q[0xdd][\n]"
18:24:15.759 [main] DEBUG org.apache.http.wire - http-outgoing-1 << "[0x1f][0xe8]2l[0xa1][0xeb][0x84][0x9f][0x88][0xca][0xab]4J^[0xfe][0x80][0xba]F[0x11]As[0x12][0x11]=[0x9d][0x11]R[0x93]z[0xe2][0xeb].b3[0x14][0xb9][0xe1]*E[0x89][0x16]n[0x9]DQ[0x9b]&[0xa7]Y.f[0xc3][0xdc][0xbe]D[0xb6]\e[0xb6][0xb7]V[0xed]_[0x92][0xa3]r[0xb6][0x82]a~[0xcc][0xf9]k[0x93][0xf9][0xbf]+e[0xbc]>q}/@[0x8e]7[0x8e]T[0xca]F[0xd8][0xbc][0x1e][0x90]R[0x99][0x2]mc[0xb2][0x1a][0xa9][0xc3][0xf6])[0xcd][0xb4]'>[0xdb]G[0xbf])[0xfc][0x8d][0x1d][0x9f]lhh [0xe4][0xbe][\n]"
18:24:15.759 [main] DEBUG org.apache.http.wire - http-outgoing-1 << "[0xdd][0xa4],[0x8e][0x9d][0x90][0xb6]M[0x85][0x90][0xb5][0x12][0xa9][0x1c][0xef][0x84]/[0xf7]Ow)[0xf1][0xc6][0x86][0x86][0xcd][0xf1]|[\n]"
18:24:15.759 [main] DEBUG org.apache.http.wire - http-outgoing-1 << "y[0xf1][0xcf][0xcf]v[0xe6][0xa8]\[0xee]<[0x1c][0xcd]E[0x9f]a[0x85]N[0x18][0x19]7l[0xd7]%RrSs6[0xf2]7[0x0][0x0][0x0][0xff][0xff][0xec]][0xc9]o[0xdb][0xd8][0x19][0xff]W[0x8]_[0x9a][0x1]lC[0x92][0xa9][0xed][0xe8][0x92][0x86][0x17]%[0xb1][0xeb]e[0xd2][0xb8][0xe8][0x81][0x92][0x8][0x8b][0x96]D[0xaa][0x14]i[0xc3]>y[0xe9]Lg[0xd0][0x4][0xe8][0x6][0xb4][0x18][0x14]-\4[0x8d]=I[0x9a][0xb8][0x9e][0xc1]d[0x9b][0x99][0x83][0x94][0x1e][0xe6] [0x9f]\[0xa4][0xe8][0xc5][0x1d][0x17][0xbd][0xce][0xbf]P[0xbc][0x85][0xe4][0xf7][0x16]j[0x19]e[0xb2][0xa1]@[0x80][0x98][0x8f][0xe4][0xe3]{[0xa4][0xbe][0xdf]{[0xdf][0xf6][0xfb][0xa0][0xb4][0x96]Di[0xd5][0x4]i[0xd5][\n]"
18:24:15.759 [main] DEBUG org.apache.http.wire - http-outgoing-1 << "}H+N[0xcf][0x88]~[0xea][0xbc][0xa0]j[0xbc][0xa0][0xa2]<[0xd6][0xf8][0xb1][0xd2]&iB[0xfc]pR[0x9c]N3[0xaa]B2[0x85]J[0x8a]e[0xc2][0xd2][0xe1][0xac][0xc][0xe3][0xf1][0x89]$[0x1c]j?\k[0x13][0xbd][0x4]8v[0xf2][0xbc][0x1c]g[0xde]P9.8U[0xa7])u[0xb9][0xe0][0xa9];[\n]"
18:24:15.759 [main] DEBUG org.apache.http.wire - http-outgoing-1 << "9[0xa2]o[0x80]s[0xc0][0xa0]K"a>[0xc1][0xff][0x1e]}[0xf3][0xf4][0x3][0x9c][0xe3][0xf2][0x14][0xd7][0xdb]9[0xb9][0xd8]{[0xf0][0xcd][0xd3][0xf][0xa5][0xfe][0x18][0xfc][0x4][0x13][0xf4][\r][0x1d]3[0xb4]o[0xe0][0x97]A[0xb9][0xf7]A3[0x91]qt 8f[0xd0][0x84][0x9c][0x8d]x[0x1a][0xc][0xcc][0xa9]s[0x84]x[0xc8][0xfa][0x97][0xef]Ru@[0xf9][0xae]9[0xf5]b\dwI[0xa4]9[0xd4][0x4][0x9a]CM^[0xfd][0x8b]O!q[0xd6][0x1c][0xf]G[0xb6][0x8][0xc2]<[0xcf][0xab][0xf7][0xd1][0x98]8[\r]?81[0xa4][0x92][0xaf][0xe6][0xb2][0xe9]|>[0x9d]cr[0xd4][0x91][0x8a]/[0xc4]y[0xd2][0x7][0xc2][0xb4]T5[0x99]Us@[0xcb]O[0xcb][0xc2]<e[0xe]RJn;[0xa5][0xad][0xe0]=[0xed][0xd5][0x90]]U[0xc6][0xa8][\n]"
18:24:15.759 [main] DEBUG org.apache.http.wire - http-outgoing-1 << "[0xde][0x1]'[0xbf]][0xaa]bh[0xf3]P[0xd1][0xf][0xc6][0xfe]z[0xa8][0xfa][0x5][0xa7][0xe6][0xd7][0x8b] [0xf1][0x14][0xcc][0x90]lf[0xc9][0xb1][0x9][0xa5]t[0xff][0x1e][0xe][0xdc][0xfe]5[0x8c][0xda][0x8e]n+[0xd2][0xdb]Z[0x9f][0xd0][0x86][0x86][0xc7]5P[0xd9][0xb][0xef][0xa0]b[0x87]G[0xb2][0xe]B"0'[0xe0][0xe1]@[0xe4]2%[0xe7][0xff]F[0x81]Wi[0x14]`[0xeb]liN[0xdd]q[0x9d][0xb8][0x90][\r]1Z[0xbd] F[0xab][0xcf]_[0x91][0x96][0xad][0xe0][0xd2][0xec][0xaf][0xa0][0xa2][0x15]2g2[0xee]1|[0xf7]d;[0x12][0x8c][0x89]4[0x97][0xf1]:TG[0xb4]m[0xa8][0xad][0xbc]m[0xd5][0xb1][0x5][0xb6][0x80][0xda]H[0x97]c[0xb3][0x9e]g[0xfd][0xfb][0xe1][0xad][0xf6]nY1jc?[0xf0][0xeb][0xbe][0xdb][0xbe]3df\.[0x91]I[0xa6]'[0xb8]]J[0x92]*[0x19][0xa3][0xaa][0xca][0xd7][\n]"
18:24:15.759 [main] DEBUG org.apache.http.wire - http-outgoing-1 << "[0xc7]cd[0x12]\2[0xc0][0xaa][0x99]Q[0xe5][0xde][0xe6][0x89][0x9e]*F8O[0x1e][0xd0][0xe2][0xe3]I[0xb]W[0xa0][0x3][0x4][0xdf][0xff]mR[0xe1]^[0x80][0xa7][0xe2]eD[0x95][0x6]?[0x13][0x97][0xfc]$ T[0xa2]/[0xd2][0x8c][0x90]2[0xf8][0x11]E@[0xf9][0xa7][0x8b][0xfd]{[0x11]D[0xa2][0xf3][0x11]@[0x6]W7<[0xe6][0x90][0x82]c[0xf0]$[0x8a][0x8d][0xf4][0x1b][0x5][0xc0][0xf8][0x1][0xae]6|<[0x0],[0xd6][0xdf][0x1e][0x97][0x8][0x83][0xb2][0x93][0x97][0xd9][0xdf][0x8c]r[0xd9]4[0xd6][0xfc][0xbe]P[0xfc][0xf9]][0x1c][0xef][0xff][0xe8][0xf9][0x11][0x19][0xed]}TrQ[0xe1]~b[0xa3]#s[0xed][0xdd][0xba][0xf5][0xd5][0x13][0xc3]S[0x8c][0xf2][0x98][0xee]o[0x1a]5[0x4][0x2]_=AOk[0xdf][0xd9]2*[0xb8][0xfe][\r]z([0x82][0x18]<[0x6][0xca]{[0xc5]"#[0x9b][0xc8][0xe3][0x90][0xd8][0x5][0xd9][0xee]N[0xa4][0x1f][0xd1][0xa6]E\[0x9c][0x96][0x92]X[0xa7][0x4]J[0xfe][0xed]mc[0xc3][0xaa][0xd5][0xa4][0x86][0x15][0xd4][0x7][0x1e][0xc9][0x18][0xbc]p[0xb8]([0x9a][0xac][0x9a][0xe4][0x98][0xad][0x91][0x81]2)[0xd8]2[0xd1]ckL=g[0x95][0xad][0xda][0xa3]f[0xfb][0xe][0xa0][0x99][0x9c]F[0x9b]U[0xe8][0xfb]%a4(S[0x87][0xc7];>C[0x89]~[0x8][0x1e][0xfd][0xde]T[0xf7]o[0x8d][0xd3][0xf1]j[0x16][0xc8][0x9][0xbe][0x8c]([0x8f]D[0xd6][0x2][0xd4][0xdc]:[0xa8][0x19][0xdd][0xb6][0x89][0xe4]-Q[0xdc]#[0x7][0x14][0xf5][0xc8]A[0x84]y'[0x17]{[0x9f][0x8][0xf1]-[0xc1]eExO[0x3][0x9e][0xa1][0xb8]g[0xaf]9[0xca][0x8f][0xc2][0xa8][0x94][0x1f]G[0x8]H[0x9f]I[0x1][0xf0]}T[0xdb]k[0x0][0xf8][{+=[0xc2][0xd3][0xf3][0x2][0xa6]([0x97]t[0xb3][0xee][0x94]P[0xc9][0x8c][0x12][0xe3][0xe3][0xf0]*f[0xc]ebI[0xc]A[0xd1]t[0x11]p[0xa4]!(*[0xc7]{V[0xb0][0xec]&b[0xba][0x92][0xa1][\r][0xea]@_[0xc]%[0x8e][0x0][0xf][0xb8]A_[0xd4][0x86][0xc3][0x9e]\:[0x91][0xca][0xb0][0xe0][0x93][0x90][0xd1][0x1a][0x89][0xd8][0x93][0x9a]P[0xd5]\:[0xd7]gA[0xa0][0xd1]X[0xe6][0x1][0x2]D[0x84][0xbe]![0x0][0xa2][0xe9][0x90][0x8b][0x80][0xc4][0xf3]!F[0x82][0xd1][0x91][0x15][0x1c][0x90][0x82]J[0x8c]u[0x5][0xa8][0xd6][0x11][0xfd][0x98][0xdd][0xe1]*[0xd7]E[0xfb][0xd4][0x99][0xcd][0x1a][0x9d][0xf9][0x9b][0xc]Rl_U.D[0xb0][0xea]@[0x12][0x4]G[0x12]"X[0xb0][0xaa][0xb8][0x99][0x8f]5[0xdc][0xe4][0x14][0xec]M[0xa8]`o[0x1a][0xd4]s[0xcd]u[0xd5][0xa4]'[0xf8][0x19]"
18:24:15.759 [main] DEBUG org.apache.http.wire - http-outgoing-1 << "r%[0xab]k>([0xa6]t[0xd9]/[0x1a]c[0x5][0xc3]3[0xec]5a[0x9a][0xcb][0xcd][0x8a]U[0xf3][0x8b][0xbd][0xb0][0x18][0x8b][0xf9]8[0x12]pL[0x84][0x1a][0xe1][0xb2]r[0x9][0xb5])[0xe8][0xec];[0xc]F+[0x97][0xd0][0xf]k[0x1c][0xff][0xa4][0xf0])[0x16][0xb1][0xff][0xfb][0xe0][0x97][0xff]y[0xf8]D[0x8e][0xdb]\[0x9f]$ QW[0x18][0x18][0x7][0xc7][0x10][0xc9][0xf5]E[0x8d][0xc5][0xf0]Q[0xd4][0x8d]Su[\r]y[0x1e][0x4][0x13]][0xf8]-p[0xfe][0xed][0x8c][0xfc][0x99][0xd7]Y[0x9c]w[0xaa]=,[0xfe]U[0x11][0xd1][0xb]"[0xa2]K-[0xfe]9n[0xb]9[0xb9]a[0xb8][0xbe][0x14][0xcf][0xb1]s[0xf8][0xd9][0x9d][0xaa][0xa5]|[0xaf][0xbd]c[0xb9][0x86]m[0xf5]a[0xc1]_pj[[0xb6])[0xf1][0x83][0xe7][0x92][0xec][0xae]1[0x95][0x1c]O[0x5]5[0xdc][0xc6][0x92][0xe9][0xfc]xV[0xea][0x80][0x8b][0xde][0x5][0xb0][0xdd][0xa7]&2=s%[0x8][0xf5][0xf][0xe3]=[0xf3][0xa2]y[0xcc][0xed]R[0xdd]m[0x15]X[0xec][0x81][0x97][0xa2][0x17]?[0xa5]V[0x80][0x19][0x16][0xe0][0xe9][0xaf][0x89][0xad][0x1f][\r]In[0xea]'[0xae]0h[0xd9][0xc7]-[0x91][0x97]n[0xff]b[0xef][0xbe][0xdc][0x86][0x8f]/d[0xc][0xf7][0xb8][0x5][0xe6]S[0x90][0x16][0x8a]+N[0x95][0xb7][0xd8][0xa3]6g[0xc3]A[0x6][0xfb][0xf6][0xcd]u3[0xd6]d?[0x0][0x8e][0xf4]6[0xd7]#[0xf1]a[0x84][0xb2][0xe9][0x19][0xca]"[0xd9][0x94][0xc8]DR[0xac][0xb3][0xa6][0x9]u[0xd6][0xb4]E[0x19][0xef]S:![0x6][0xe5])sNSN[0xce][0xb0]([0x98][0xed][0xc1][0xc0]x[0xc3]}x[0xaa][0x9f][0x8c][0xa6]@[0xd5][0x89]1[0xde][0xe7][0x13][0x13]Y&[0xb1][0x11][0xc7][0xe7][0xe5][0x84][0xc4][0xc6][0xf0][0xa1][0xb0][0xa2]u[0x12]j~[0xe9][0x84][0xbc][0xa0]ZFR[0xaf]uV[0xa3]f{Qx[0xc1][0xbc]y[0xd1][0x8d][0xd7][0xee]4[0xcc]R)|T[)9[0xb5][0xd6][0x9][0x13][0x82][0xf2][0xf5][0xde][0xc1]+[0x89][0xce][0x83][0x13][0xa3][0xb]?h[0xa1]+>h[0x89][0xbc]k[0x8f].[0xf6][0xbe]$[0x9][0x8][0xd1][0xfa][0xe].,[\n]"
18:24:15.759 [main] DEBUG org.apache.http.wire - http-outgoing-1 << "[0xb7]6[0x84]k[0xa8][0x10][0x82][0x16][0xba][0xb6]7=[0xc3]e[0x12][0x1a][0x11]7[0x1c]"[0x8c][0x1c][0x98][0xe1][0xb9][0xe4][0xf6]C[0xde][0xa4]M[0xce].I[0xf4][0xf0][0xc0]6=k{[0xe6][0x9a]K[0xd8]X[0x96][0xb6][0x9a][0x9e]Y[0x97][0x99][0xd8][0x97]f[0x9][0xb5][0x0][0xbb][0xc6]/Y[0xe8]z,"5#[0xe8][0xa9][0x84]Wl[0x9a][0x2][0x12][0xd8][0xcd]G[0xd9]uzQc [0x81][0x94][0xf][0x97][0xe3]AE[0xc4][0x83][0x19][0x1][0xf]H[0xbd]v[0xb1][0xe0]=[0x17][0xf7][0xbf]j[0xac][0xb9]fQ[0x2][0x6][0xb8][0xc7][0x19]R[0xad][0xdc][0xe0]q![0x1c]][0xc4][0x7][0x17]^:d[0xa1]{5[0x99]Od2L[0xa1][0xfb]td[0xdb]N[0xa6][0xf9]d[0xc7][0xa8][0xce]:[0xc5][0x83]L:[0xcf]R[0xbf]e[0xfb][0xb4][0x4][0xa1][0xc2][0xd9][0xa3]#3+W[0x99]:[0xf7][0xa3]#K[0xef][0x8a][0x8][0x1]^[0xc][0x87][0xf][0xf9][0xf8][0x8a]=3[0x8b][0x5][0xb1]@[0xbc]R[0xf5]m[0xa6][0x8a]s[0xd5][0xee][0x8e][0xc]/[0xa4][0xec]|[0xac][0x82][0x80][0xef][0x7]vj[0xd7]1J[0xc0][0xa3]GN3[0xab][0xf3]=[0x9c][0x9c][0xb4][0xb][0x1d]z[0xae]cl[0x3][0x9e][0xeb][0xb4][0xe]J[0xc0][0x9d][0x17][0x1d][0x93]|g[0xdc]i[0x94][0xec][0xc][0xde]m[0x0][0x7][0xc7][0xa8][0x0][0xf3][0xf3][0x93][0x1]"|+[0xee][0xc6][0xcb][0xe4][0x8f][0xd5][0x16]Ys[\n]"
18:24:15.759 [main] DEBUG org.apache.http.wire - http-outgoing-1 << "[0xd2][0xc2][0xe4]k[0xb9]/[0xae][0xe5]+[0xc2]Z[0xbe]"+G[0x93][0xe6][0xec]%3[0x6]-U-[0xac][0xe3]+[0xbc][0xbc][0x92][0xe1]p+8j[0x1c][0xaa][0x8e]Dj"[0x9f]H@[0x86][0xb5]T[0x92]&$s[0xcb][0xb6]_[0x84][0xce][0xa7]D>[0x97]{1[0xf9][0xc8]dZ[0xbc][0x0]v[0x9][0x9b]_[0x81][0xb]4[0x1a][0x95]Rr[0xec][\r][0xd3][0xf5][0xac]b[0xcd][0x94]y[0xd5][0xc1][0xfe]ze[0x81][0xbf][0xf7][0xf5][0xf0][0xc2][0x93][0x97]@[0xa4][0x95][0xfc]MD[0x95][0xfc]M[0xe5][0xf4][0xde][0xc5][0xfe]-[0x1c][0x15][0xf3][0x8b]PH[0xc9][0xf9]"[0xb8][0xb6][0x1][0xda][0xc9]ZM[0xfe]&[0xab]4[0xed];[0xf0]"=?[0x1c]dY[0xf6]{[0xd7]mA?zF[0x84]\[0xa3]u[0xdb][0x88]stl[0x8a]btM[0x14][0xa3]k21[0xca]s[0xe][0xe0]k[0xc8]sQG[0xf5]5d[0xb2][0x84][0xba]@c)[0xe1][0xa1][0x14]Zs[0x9b][0x98][0xa6]Y[0xc3][0x93]$![0xa5][0xd1]P/#M[\r][0x1c]/[0x18]VS[0x9]n[0x1a]F[0xd8][0xd2]j[0x8e]-[0xda][0x92][0x1a]O[0xa2]U1;:[0x96][0xc9][0x8d][0xe7][0xc5][0xd0]4[0xdd][0xf7][0xb0]U[0x8d][0xb2][0xa8][0xea][0x8b]([0xb][0x5]f[0xc6][0x15][0xaa][0x9b][0x88]_[0xf6]&q[0xc8]w[0xa8][0xd1]"[0x8]%[0x8a][0xe9][0xa4][0xed][0xa1]Wo[0xd8][0xca][0x9a]o[0xd5][0x88][0x12][0x1e][\n]"
18:24:15.759 [main] DEBUG org.apache.http.wire - http-outgoing-1 << "[0xd3][0xdf][0xd5][0xa3]zy[0x8d][0xab][0xb]^+GO[0x9]&[0xcf]U[0x8e]([0xd3]'[0xf3][0x16]7,[0x88][0x90]O[0xc4][0x0]v[0xc0]K[0xd4][0x15][0xff][0x8e][0xb2][0xe0][0xdb][0xeb]FQ0[0xe4][0x9d][0x1f]~|~[0xf4][0xe0][0xfc][0xf0][0xf7][0xe7][0x87]_[0x9c][0x1f][0xde]=?[0xda][0xe1][0xfb][0xff]n[0x14][0xea][0xe8][[0xa0][0xb7]Ck[0xa6][0xb8][0xec][0x99][0xf5][0xb0][0xae]![0x15][0xfa][0xf0]L[0x91][0xbb][0xb2][0xc1][0x9d][0xa7][0x0][0x10][0x1e]suY0[0x4][0x1c][0xe3]}[0xfa][0xed][0xe7][0x19][0xc4][0xce][0xe6]o[0xe][0x16][0xce][0xb6][0xd5]p[0xfd]8[[0x95][0xc8][0xdc][0xa1]I[0x98];[0x16][0xa4][0xd5][0x16][0xb8]h[0xb6][0xab]V[0xc9]i[0xca][0xb9]~[0xae]c[0xc1][0xff][0xbc]AB?[\n]"
18:24:15.759 [main] DEBUG org.apache.http.wire - http-outgoing-1 << "[0xed][0xe3][0xa2][0xdb]>n[0xf2]kl0[0xce][0xce]G[0xa7][0xef][0x9d][0xee][0x9c][0xee]v[0x1e]u[0x8e];[0x8f];U:[0xbf][0xe9]|[0xd6]y[0xda][0xf9][0xb2][0xf3][0xf8]t[0xb7]s|[0xfa][0xd3][0xce][0xfd][0xce]1[0xe8]G[0xd1][0xfc]z[0xc5]w[0xad]-[0xd3][0xb3][0x86][0xdd]<[0xe7]T.k[0x16][0x87][0x92]#[0xe2][0x1f]vA[0xde]j[0xb8][0x96][0xe3]E[0xc9] [0xa9][0xde]U[0xe3][0xe4]u[0x19][0xbe]/f[0xb3]u>:[0xbd][0x89][0xe7][0xff][0xe5][0xe9][0x9e]du[0x8e][0x8f]U[0x9d]ZYdwc[0xac][0xc2]|[0xb7][0xc7][0xea][0xca][0xe1][0x81]Y[0x3]|[0xeb][0xd3][0xae]iV[0x95]Ku[0xa7][0x8c][0x4][0x99][0x17][0xb5][0xce][0xa7][0x9d]'[0x9d]'[0x9d][0xcf]:[0x9f]w[0x1e]u[0x1e]w[0xee][0xf2][0xe2][0xeb]q;n[0xcf][0x7]tC[0xcb][0x88][0xea]\[0x14][0xdf][0xe5][0xd6]S[0xb7][0xda][0xba]m[0xf2]}U[0xb6][0xb8][0xdd][0xfb][0x96][0x9][0x83][0x10][0xea][0xa6]-[0xd9][0xbd][0x9f][0xed][0x9c][0x1d][0x9c]}zv[0xeb][0x1f];g[0xb7][0xce][0xba]q[0x12]l5L[0xd7][0x6][0x89]%[\r][0x17][0xa4][0xdf]m[0x91][0xa3]hG[0xf0]"
18:24:15.759 [main] DEBUG org.apache.http.wire - http-outgoing-1 << "[[0xbc]y[0x14]%[0x98]4\[0x7]d[0x98][0x90][0xcb][0x83][0x14][0x13]rDP![0xf8][0xa9][0x13][0xb][0x9a][0xd5][0xc0][0xd6]EZ[0x8c][0x17][0xd7]5[0x1f] [0xba]u[0xab][0xf1]R[0xf7][0xe9][0xd7][0x17][0x18]p[0xd9]6K[0x95]^[0xc4]%[0xdb]"[0xc8][0xac][\n]"
18:24:15.759 [main] DEBUG org.apache.http.wire - http-outgoing-1 << " [0xb3]:%[0x1][0x19]5[0x95][0x10][0xe8][0xc4]H[0x80][0x89][0x80]1[0xa8][0xc7][0xf6][\r][0xb3]Ym[0x1d](.[0xf0]l[0xe0]6g[0xc8][0x9a]-[0xc9]D:[0x9d]K[0xa7][0x98][0xa2]-[0xf9][0xf1]lZ[0xa2]N[0xa3][0x17][0x12][0xe5][0xbf][0xe6]r[0xb0]rS*#O[0x11][0x93]EU[0xac][0xa0]B[0xe9]:[0xfe]n[0xb]8[0x9a]x[0xe9][0xdd][0x82][0x0][0x15][0xb2][0x9][0xb3]x[0x91]JL[0xc4][0xef][0xe6]W[0xa1]:[0x8d][0xbf]d[0xd5]q9m[0xba][0xd0][0xbe][0xd9][0x1d]7J[0xdc][0xae][0xbc]D"[0xa9]@[0xaf][0xbc]4[0xb6]o[0x9a][0xcf][0xe]<[0x94]Z[0xc5]{[0x1][0xab][0xdc][0x6][0xbf]V[0x5][0x1b][0xfc][0x9a][0xb3]aT[0xf9][0xbe][0x9a]5g[0xc3][0xb4][0xdb]7qo[0xdd]r[0xe7][0xcd]R[0xa5]7[0xc7]H[0xc5],I[0xa9]E[0xbc]R[0xa5]u[0xf8][0x13][0xdf][0x84][0xd9][0xb7]{[0xb7]/[0xf6]N[0xa4][0x14]"%[0x19]s[0xc8]r[0x89]v.[0x10][0x86][0xd0][0xf6] [0xf][0x1f][\r]4[0xd2][0xe5][0xdb]7[0xcc]g[0x7]q.[0xba][0xf7][0x7]1[0xab]o[0x9b]/[0x15]'V[0xa7] N[0xe8][0xa6]]7[0xdc][0xaa][0x1c] [0xca][0xa2][0xc7]L[0x17]<f[0xfa]U[0x99][0xc7][0x8c]g[0xf][0xd3][0x9c][0x86]iW[0x8c]5SF[0x1e][0x86];[0xd5][0x8d]`$[0x80]5=[0x1a][0x1e][0xf2][0x93][0x9a][0xae][0xb5]fzJpeO[0xe8][0x8][0xb9]O[0xa5][0xd8][0x91][0xce]&[0xb3][0x9][0xa6]4m[0x1a][0x13]([0xf3]J[0xbe][0x1e][0xe8][0xaf]T[0xe1][0x98]H@3\J[0x95]A[0x7]Ob[0x1a][0xfd][0x1d][0xc5]J[0x4][0x11][0x13][0x12][0x90]A[0xf0][0xc2]CJ[0xf4]~x [0x89][0xb7][0xdb][0xeb][0x5][0x0]$d[0x1e]J[0xd5]u[0xb0][0xff]52[0xcb][0xf5][0x88]q(s:D[0x19][0xea][0x10][0xba]T[0xb9]/#[0xe][0xaf]x[0xb1][0xd7][[0xb6]M:[0x19],[0xea][0xba]e#Z[0xe2]H[0xc6]u#[0xbc][0x80][0xca][0xf5][0xcf]pt[0xfd][0x1f]pu[0xc7][0xfb][0x81]t[0xa3][0xa7][0x7][0xf7]a[0xb9][0x86][0x1d]ay[0x86][\r]X[0x90]u[0x93][0xf4][0x1c]9[0xca]t4[0xd8]H[0x90][0xef]#[0xaa][0xd2][0xbe][0x87]L[0xf4][0x3]Hq[0xd9][0xae][0xbe]L)[0xd6][0xa7][0x98][0x4]U}[0xdd]*:[0xbe][0x17]S][0xa5][0xbc].[0x8a][0xf1][0x9c] [0xc6]s[0xf2][0xea]*[0x9c]i[0xe]<I[0x90]b[0xd4][0xe7][0x9c]Q[0xf4][0xc9][0xe9][0xe9][0xf0]/[0xa8]L[0x80][0xfb][0x99][0x90][0x1e][0x13][0x9e][0xa1][0xb7]V[0x94][0x95]z[0xdd][0xf7]m[0x7][0xf7][[0xaf][0xf8]H[0x97]0[0xca]eC[0x9][0x9e]2\[0xb0]y>[0x91][0xe0][0x98]x[0x90][0x95]O[0xe5]u[\n]"
18:24:15.759 [main] DEBUG org.apache.http.wire - http-outgoing-1 << "8e[0xea]HO1![0x99][0x9][0xf9][0xe6]A[0x8c]2[0x1f][0x99][0xc2][0xae][0xcc][0xa9]ed[0x8e]_[0x9a][0x17][0xf3][0xc2][0xc1][0xa3]8![0xef][0x92][0xd1][0xaa][0xcf][0x81]X[0xa6][0xa0][0x87]W][0x85][0xe5];$[0xdc][0xd1][0x9b][0xa5][0x8a]U$o[0x9][0xa3][0xc7][0xf5][0xe0][0x88]@G[0xf4][0xe][0xa9]B[0xf0][0x10][0xd7]c[0xd9][\r]@c:[0xb8][0xbc][0x18]\N[0xe][0x9]^[0x84][0x87]6[0xf7]s'X[0xf1][0xec][0x8b][0xf0]ad[0xd9][0xff][0xd7][\r]\F[0xe1][0xe3][0x1],[0xf8][0xe5][0xf5][0xb7][0xa8][0xe][0xcb][0x1b][0x19]w[0x8e][0xc0][0xe][0xc2][0xa7]S[0xb7][0xec][0xd8] [0x85][0xb2][0x98][0x92][0xa3][0xb])9[0xfa][0x15]YA[0xbc]d6[0xc3][0x19]c[0x16][0x9d][0xa6]i[0xc8][0x8a][0xe1][0xe1].[0xc9]@[0xc8]~[0xf6][0x9a]a}[0xbd][0xf3];[0xcf]W[0xaa]~[0xd1][0xc7]Av[0x9a]S[0xaf];[0xf6][0xa6]i[0xd4][0xbc][\n]"
18:24:15.759 [main] DEBUG org.apache.http.wire - http-outgoing-1 << "[0xc6][0xd2]`[0xd8]C[0x98]_[0xb3][0xc9]T~[0x82]%#S[0xa9]Ort,[0x93][0x1c][0x9f][0x90]%[0x7][0x7][0xf][0x86]|B[0xc9][0x17]a[0x85][0x5][0x1f][0x82][0xc3][0xbf]d<[0xfe][0xfd]P[0x3][0xf1]A[0x8][0xf0][0x95]p[0xb2][0xaf]I[0x84][0x10][0x98][0x16][0xd9][0xee]D[0xc7][0x4][0xb2][0xc0]g[0xa7][0xdb][0x9d][0xf]/[0xf6][0xff]x[0xb1][0xff]s[0xc4][0x8a][0x18][0xc5][0x1d][0x82][0xfb][0x8a].{[0xdc][0xe0][0xce][0x13][0xf4][0x8a][0x8e]+[0xd1][0xf5]p[0xaf][0x83]rf[0x10]{[0xc6][0x80][0xc1][0x8][0xe5][0xba][0xd1][0xd3][0xd4][0x89]$B"c[0xbd][0xd8]T[0xcb]b[0x1a][0xaf].[0xa4][0xf1][0xea][0xd2][0x4][0xb8]d.[0x91][0x1f][0x19][0x1d]I[0xe6]R[0xe4]?5/[0xd2]v9Dj[0xa4][0xdc]][0xfa][0xfc]P[0x8e][0x8c]D"[0x9b]N[0xa8]i[0x96][0xc6][0x18]e[0xea]&[0xe4]4[0x19][0xa2][0x14][0xa9][0xb9]L[0x96]%[0xae]I[0xf5]'G#3[0xcb][0xb3]b[0xc8]t[0xa4][0xca][0x86][0x8f][0x92]IV|[0xc4][0x9e][0xe]st[0xa3][0xf][0xf8]Zx[0x7][0x83][0xdf]ro[0x82]Rf[0xf2][0x82][0x5][0xa1]L[0xcf][0x2]v[0x1a]F[0xfa][0xba]p[0x92]2[0x1d][0xf3]f[0x5][0xe6]$oZ`[0xbf][0x7][0x14]U9[0xff]h8[0xd9][0xde][0xe1][0xc1][0xac]L[0xf][0xc0][0x8b]S[0xee]+[0x1b]N[0x9b]\[0x9c]%[0xe9][0xa7]![0xe5]u[0x80][0xb5]hy[0xf2]m[0xcb][0xdb][0xea]g[0xb9][0xd7][0x1c]tm[0xd9]([0xe3]ta[0xdc][0x89]I[0x97]8[0xdf]6|[0xaf]uD[0x1a][G[0xa6][0x8d][0xbf][0xc]>"[0xdf]z[0xda][0xac][0x9b][0xa6][0x8d]h[0x17][0x1b][0xfc][0x6][0xe4][0x15][0xc7]?[0xfd][0xf][0x0][0x0][0xff][0xff][0xec][0x9d]Ak[0xd4]@[0x14][0xc7][0xbf][0xca]~[0x81]JvL[0xb2][0xc9]Y[0x87]UP[0xa1]F[0x4][0x8f]i[\r]i0[0xe8][0xae]M[0x16]z[0xd3]v[0x5]{[0x11][0xc1][0x8f][0xa0]PKA[0xf0][0xb0][0xe0]}[0xbf]D[0xf7][0xda][0xbd][0xd4]o![0xf3]&[0x99][0x99]7[0xf3]RW[0xd7]V[0x8a][0x1e]'[0x99][0x9d][0x99]d[0xc3][0x8f]7o[0xde][0xfb]?*[0xfe][0xe9]6[0xce]q[0xe3][0xdb]u[0xfa][0x14]T[0xfd][0x9][0xf8]e[0xae]([0x9]wDIdR[0xbe]{[0xf8]k[0xed][0xd4]6[0xeb][0xa2][0xa2]([0x7][0x3][0x9a][2[0xbd]"[0x14]FQ[0xaa][0x1b][0xeb][0xca][0x14][0x86][0x81][0x1f][0xc][0xe2][0x18][0xc5]1[0x3][0x18][0x7][0x96][0x8f][0xb6][0x99]0C[0xf5].[0xc3][0xc8]7[0x99][0x18]S[0xf9]oD-[0x19][0xbb][0xf8]e[0x97]D[0xa1]~z[0x9b][0x8b][0xdd]n[0x95]?Y|[0xee]r[0xe8][0xa8][0x9f][\n]"
18:24:15.759 [main] DEBUG org.apache.http.wire - http-outgoing-1 << "h[0xa8][0x9b]2[0x1a][0xf9]p\[0xa7]U[0x6][0x87]=[0xcd][0x1e][0xe9][0xb3][0x88]x[0x12][0xe1]N[0x87][0xcb][0x3][0x15][0x7][0xa9][0x6]t[0xe3][0xe3][0xb6][0x9]<[0xd3]M [0x98][0xee][0xc][0xc8][0xe2][0xcf]&[0xed][0x94][0xc0][0xa8]#8W=[0x12]x[0xfa][0x85][0x14][0xdd]l[0xbb]^[0x1]J[0xff][0xa2][0xa8][0x80][0xa0][0x80][0x89][0x95]"
18:24:15.759 [main] DEBUG org.apache.http.wire - http-outgoing-1 << "|[0xf]j[0x87]PPqSg[0xb9][0x93]:[0xcb][0x87]O([0xf7][0x8f]u[0xca]s+-^[0x92]L[0x11][0xe3][0xc1]f[0xb][0x81][0x5][0xd6][0xf4]S[0x1f][0x8d][0xae]PE:i[0xfa],[0xb6][0xdc]4L[0x8][0xfa]9[0xb5]ra6$[0xe2]y[0xcc][0xf]L[0xc5]d[0x8f]VL&[0x8e][0xef]&[0xf][0x95]V2%5[0xbf]xs:;[0xfd]z[0xf6][0xea][0x9d][[0xd4][0xfb][0x2]n[0xf0][0xa1]aO[0xb5][0xeb][0xed][0x8d]DMA[0xa4][0xe2][0xf7][0xf1][0xd2]%[0x2][0xba][0xb8]1[0x9f][0x8a]U[0xe9](I[0x9e][0x17][0xa3][0xea][0x85][0xe6][0x6][0xdc]E[0xd4][0xf8][0x6][0xa7][0xad]o[0x15]2[0xf2][0xa2][0xaa][0xd4]Y[0xab]h[0xa9][0x10][0xc]5[0x96][0xc4]E;[0xd4]N[0xd3]q[0x94]V[0xea][0xac][0x15][0xde][0xee][0xea][0x90][0xc8][0xf7][0xfe][0xfb]S[0xfe][0xaa]?E[0xd0][0xc3][0x84]Q[0xd9]K[0xd2]r[0xd2]m[0xe7][0xec][0xba][0x85][0xac][0x12][0xa7][0x90]Ur[0xef]1[0x99][0xf7]q[0xd3][0xcd][0xfb]0f[0xb3][0xd1][0x94][0xd8][0xf5][0xac][0xf0][0xe2]p[0xe4][0xa8]yo[0xed][0xe4][0x8f]0`^8[0x8]p[0x9d][0xde]HeoE[0xd1][0x8d][0xb8]Ol[0xb][0xdb][0x5][0x98]FP[0xdf]C6Pt[0x81][\r]d[0x85][0xb1]<[0x12][0xa6][0xfa][0x9d][0x7][0xae][0xc2];~[\r][0x96][0xed][0xc3][0xd8]u[0xb6]}[0xd0][0x93]I[0x8c][0xa1]K[0xc0]2[0xa3][0xad]`vp[0xb2][0xdc][0x9f]A[0xa1][0xab][0xf7][0x96]![0x84]~/[0xd1][0x86].[0x8d][0xdc]^[0x92]r[0xe8][0xd2][0x8e]5qc[0x19]-[0xa6]"[0xd6]l1[0xfd][\r][0xfb]h[0xb7][0x9c]\[0xcf][0xac][0x10][0x9e] [0xef][0x90][0xb0]%+[0xa1][0x98]S[0xf6][0x86]u[0xf1]<[0xeb]p[0xc5][0xe6]c[0x87][0x1b][0xc3]M[0x9b][0x1b][0xb2][0x1e][0xad][0x9b][0x94]o[0xd9]2[0xf7][0xd3]2[0xdd][0xa2][0x8c][0x19][0x18][0x11][0x11][0x83]X[0x1c][0xe6][0x86][0xbc][0xc][0x1b]&[0xd9][0xd1]=[0xde][0x12]][0xe6][0xc7]Yo~[0xac]F[0xb3]e[0xe1][0xd3][0xa6][0x93]1[0xe1][0x9a][0xc5]&[0x18]c[0xbe]o*[0xb7]2[0xea][0x80][0xdb]y>[0x83]<[0x91][0xb7]J[0x0]]g[0xcd][0x9]Jk[0x84]zY6[0xc2][0xab],[0xc][0xbc][0x16][0x85][0xae]Bli>U[0xff][0xd0][0x86][0xfa][0x2][0x1]l[0xd4][0xbb][0x4][0xbc]5[0x9f][0xdb][0x86][0xdc][0xea][0xa9][0xcf][\r]Pw>[0xfb][0xf4][0xfd][0xf5][0x87][0xe5][0xfe][0x17]pq[0xa9][0xe4][0x96]v,[0xf4][0x83]-=[0x98][0xf9]Y6[0xc4][0xa3]nH[0xee][0xb5]W[0xd2][0xf2][0x7][0x0][0x0][0x0][0xff][0xff][0xdc]][0xbd]n[0xdb]0[0x10]~[0x15]>[0x82]#[0xc5]I3zP[0x83][0x0]A[0x81][0xa6]Fv[0x19]Qb&[0x8e][0x92]JD[0xb][0xcf][0x1d][0xca]H2[0xd0]-C[0x81][0xe]E[0xb][0xa4]6[0xdc][0x2][0xf9][0x19][0xbc]tq[0xba][0xf4][0x9]Rt[0xba]7)xdDR[0x94][0x82][0x14]F2d3%J:[0xd9][0xfe][0x8e][0xf7][0xf3][0xdd]QK\[0xfa][0x85][0xe2][0xcc]~8[0x88]C[0xb2][0xfe][0x86][0xc6][0x91][0xd1][0xdd][0xee][0x87][0x8]\[0xfd]yOd[0x99][0x9c]P[0x88][0x8b][0xff][0xc8][0xac][0xed][0xc5][0xaf][0x9f]b[0xa9][0xfb]z[0xf0][0xd2]R[0x96][0x9]eI[0x93][0x8a][0x8c][0xdc][0x12][0xba][0xc0])[0xa1][0xb]jKj[0xbd][0xb5]Jc[0xdb]Nz(}[0xb][0xc7][0xdf][0x13]w[0xc4]U[0x1f][0xf5]c)[0xf][0xf0]wPp[0xe0]g[0x4][0xb2]/[0xc0][0xa7]pr[0x5]|[0x82][0xe4][0x9e][0xb7][0x83][0x90][0x91][\r]1[0x93][0xe][0xb1][0xb5][0xe6][0xef][0x9f]A[0xc2][0x92]k[0x91][0x96]U[0x87][0xf1][0xf3][0x82]9[0xfd][0xb6][0xdf][0xf6]j[0xb6][0xd7][0xf1][0xab][0xdb][0xeb]([0x99][0xcd]f[0x99][0xab]+fV[0xbf]I[0xd5][0xd5]d[0xf5]%uBe[0xf5]k[0x9c][0xc5][0xca]wQ[0xd1]uwl-[0x1a]l[0x19]a[0x8d][[0x89]I[0x1c][0x1e][0xec]ZL[0xc0][0x17][0xbb][0x7]wk8[0xcc]W[0x9b]4_j[0xd2]|[0xe9]^B[0xe3][0xa1][0xd3]sC[0xc8][[0x8c][0x84][0xe0][0xd9][0xc7][0x7][0xc8][0xee]?B[0x1d][0x81][0xfe]_J#[0xb0][0x1c]*g6[0x19][0xb2]~2[0xff]f[0xf9][0xb3][0xa2][0xb9].[0xc7]j[0xe0]R/[0xea][0xeb][0xa4][0xe1][0x87]C][0xf4]g[0x8c][0xa5][0xea]+[0xa7][0xf7][0xf5]t[0xad][0xe2]d[0xe9][0xef][0xcd]X[0xb4][0xc5][0xbe][0xbf][0x87][0x9b]<![0xc6][0x80]a[0x4]nYi[0xf8] eGqSip[0x14][0xb9]z-p[0xf4][0xda][0xab]n]E[0xc4]j[0xa5]{G[0x17]'[0xd4]1[0x11][0xf1][0x96]A[0x94]:[0xbc]%-[0x1b][0x9e]%[0xdb]a/L(][0x98][0x84][0xb8][0xe4]/[0xb5][0xd7][0x96]-[0x12][0xa2]H[0x1a][\n]"
18:24:15.759 [main] DEBUG org.apache.http.wire - http-outgoing-1 << "B[0xb2][0xad][0xaf][0xe4][0xf3][0x8d]\a[0xdb][0xc3]8[0xd8]ml[0xab][0x81][0xc1]\[0x13][0xdb][0xda][0xdc][0xee][0xa8]-*[0x1c][0x9f]P[0xbd]xUC[0xf9][0xf]U[0xd9]P[0xd9][0xed]8J[0x99]q7[0xfd][0xc6][0x96][0x90][0x11][\n]"
18:24:15.759 [main] DEBUG org.apache.http.wire - http-outgoing-1 << "[0xd9][0xc][0xfa][0x94][0xa9][0xd6][0xe7][0x12][0xf4][0xe5][0xef][0x86][0xa0][0x97]C;[0x82]5C[0xc4][0x9b][0x96][0x90][0xbe][0xa8][0xa7].[0x9a]_[0xc6][0x6][0xe2]S6[0xbf][0x88][\r][0xc4][0x97][0x8f][0xec][0xeb]gX[0x88]G[Fd[0xe4][0xee][0x8f][0xf8][0x94]=&[0x9f]P[0x0][0xc7]D"[0xeb][0xd3][0xa3][0xe3]F(2[0x17][0x8a]][0x7][0x8a][0xb8][0x1c][0xba]|[0xc2][0xaa][0x89][0xb1][0xb3]CS[0xd2][0xe9][0x85][0xbd]Z;[0xa3][0x8b][0x86][0xc2][0xf5][0x98][\r][0x8d]`v[\n]"
18:24:15.759 [main] DEBUG org.apache.http.wire - http-outgoing-1 << "[0xb3]Si%<[0x17][0x15]o[0xe1][0x80]4[0xb4]u3[0xe4][0x87][0xfc][0xc][0xb2][0xcf]b1[0xcb][0xbf]Cq[0x5][0xf9][0x84][0xc0][0xa8][0x80][0xfc][0x12][0xf8][0x4]x[0xe]yF ?[0x7][0xfe][0x9][0xb2])[0x1e]:[0x87]|[0x82]G[0xf9][0x18]F[0x1f][0xe0][0xe4]+[0xf0][0xc][0xb2][0xe9][0xa2]\C[0xcf]k[0xad][0xb4]Zf4H4V[0xf3][0x9f]Uq[0xae]$7[\r][0x93][0xd6][0xb2]oZ&^[0xfd][0xc6][0xff][0x0][0x0][0x0][0xff][0xff][0xec][0x9d]Mo[0x12]A[0x18][0xc7][0xbf][0xca][0x1e][0xeb][0xa1][0x7][0xde][0xdb]k[0x93][0x8e][0xa5]H[0x9b]h[0xed][0xc5][0xd3][0x18][0x16][0x99]e[0xd9]%[0xc3]B[0xc2][0x91][0x92]hm[0xea][0xc1]DO^L[0xa4]U[0xda]x0$[0xa6]M[0x1a]=,[0x1f][0xa2][0xa4][0x17][0x8]_[0xc4][0xcc][0xec][0xe];o[0xb][0xd4]j[0xf][0xc6][0x1b][0x90]e[0x98][0xd9][0x97][0x1f][0xf3]<3[0xff][0xff]3gfBg{[0x85][0xcd][0x9d]p[0xd7][0xe1][0xbc][0x1a][0xaa][0xd2][0xb9][0xd2][0xc0] ^[0xe][0xb9][0xb9][0xb7][0xc1][0xdd][0x8e]l [0xc6]s[0x84][0x85][0xa4][0xd0][0xc6]"[0x7][0xdc][0x9a]4[0xb9][0xa8]U[0xb8][0xff][0xb5]Z[0x5]buv19[0xfa]89[0xfc][0xc0]&+[0xf1]qT[0xd0]).[0xbf][0xed]![0xb7][0xee][0xe5]&[0x5][0xe1][0x11][0xc2][0x9c][0xa0]3=8[0x9b]v[0xdf][0xf1][0x84][0xf0][0xd8][0xfd][0x15][0x10]"
18:24:15.759 [main] DEBUG org.apache.http.wire - http-outgoing-1 << "[0xc2]C[0xfe][0xa0][0xce][0x11]"z[0x1f][0x10]"h5R[0xf][0x4][0xdf][0x17][0x18]qvs<:[0x1c][0xfd][0xb8][\r]#[0xbc][0xca]?9+[0xd8][0xdb][0xe2]Y[0x4][0xa0]][0xa5]6Q[0xcc][0xf5]i[0xa5][0x8][0xed][0x16]r`#[0xc6][0xb9][0xb1][0xac][0xaa][0x16][0x80][0xa2]Z[0x0][0x8f][\n]"
18:24:15.759 [main] DEBUG org.apache.http.wire - http-outgoing-1 << "[0xda][0xe4][0xb2][0x94]$z[0xe2]A[0xc7]6[0xdb][0x1a]4[0xd1]&[0x3][0xa3]'[0xd6][0x9f][0xbb].[0x94]'3Y[0xc1][0xfa]:[0x93] J[0xa6][0xd5][0x8c][0x1c][0xbb]Hg[0x84]/[0xcf][0x91]L[0xe4]Rb#[0x9e]|[0xd2]5[0x1c][0x88]_[0xe6][0x2][0x5]n[0x99]K[0xb9]|[0xb7]^[0xee][0xfa]+[0xb1][0x1][0xeb][0x96][0xce][0xb8]kv=[0x5][0xf3][0xae]"[0xb4]][0x92][0xc9][0x88][0xbc][0xac][0xbb][0xef][0xa7][0x7][0xfd]@[0x90]0[0xed][0xf6][0xa9]>[0xe1]5)[0xd3]AT[\n]"
18:24:15.759 [main] DEBUG org.apache.http.wire - http-outgoing-1 << "[0xe7][0xa4][0x12]@[0xf7][0x88][0x16][0xee][0xd0][0x96][0xe9][0x98][0x9d][0x17]R[0xb][0x84]|[0x10][0xfc][0xaa])[0xda]~q][0xe1][0xac][0xbf][0xd8]w[0x19]^[0xd8]{f[0x1]f<[0x13][0x7]23[0x1b]d[0x7][0x12][0xbf][0x94][0xb8]B[0x1e][0xa3][0xe]y[0xca]i[0x9d][0x81][0x97][0xb7][0xa8]/Z[0xb6][0xab][0xff]W[0xea][0xb5]+[0xf5]"[0xcc][0xb0]k[0xce][0xb7]),[0xab][0x1b] [0x81][0xb2][0x1][0x12]<[0xde][0xd5]&p[0xd6][0xa4]@[0xc7][0x1f][0xe0]F[0x5][0xb6]t[0xa1][0xe]m[0x14][0xf8][0x17][0xd8]m[0xd3]p[0x1e][0xf8][0xa7][0xd8][0xbf]0[0xb1]T1[0xfe]7b[0x9a][0xf4]z*[0xc7][0x17][0xee][0xcb][0x6][0xbb]}[0x14][0x8a]a[0x97]w[0x9b]M[0xa4][0xd6]S[0x8b][0xd3]/[0x8b][0xfd][0x9][0xb9]![0xc9][0xc8]J[0xdf]]([0x15][0xd9][0xa6][0xac]8[0xae]c>[0xe0]AG[0xc7]cT[0xb1]?[0x90][\r][\n]"
18:24:15.759 [main] DEBUG org.apache.http.wire - http-outgoing-1 << "2228[\r][\n]"
18:24:15.759 [main] DEBUG org.apache.http.wire - http-outgoing-1 << "|[0x8f][0x16][0xe9].\)i[0xc]][0xa5]Y%kLG[0xd9][0xa8]zs[0x10][0xe7][0xf7][0xb0][0xff][0xdd][0xc4][0xab]y[\r][0xe3]h[0xb3]"[0xe0][0x80][0xdf][0xc7].[0xb5][0xcf][0x8b][0xf0][0xf6][0x99][0x96]5[0xb9][0xd2][0x3][0xc][0x1b][0xbb]&[0x16]yE[0x9a][0xa5]M[0x8][0xb4][\n]"
18:24:15.759 [main] DEBUG org.apache.http.wire - http-outgoing-1 << "?[0xb]Ye[0xd2]^EH[0xc2][0x8b]hDL[0x92][0x96][0xe7][0x10]v[0xef]3p[0x12][0x1e]nd[0xc5]([0xb0][0xca][0xaa][0x2][0xb]([\n]"
18:24:15.759 [main] DEBUG org.apache.http.wire - http-outgoing-1 << ",[0xa0]U`es[0xf2].[0xe6]fK[0x17]*[0xd1][0xf6][0xf6][0x91][0x92][0xb8][0x8];U$[0xc6][0xba][0x88][0xa8][0x9]\#<[\n]"
18:24:15.759 [main] DEBUG org.apache.http.wire - http-outgoing-1 << " kxn<[0x84][0x93][0xcb]W[0x10][0xf];V[0x1b].[0xe1]TZ4m[0xa8]s*][0xcb][0xe6]d[0x83]{[0x12][0xdf]$r[0xb2][0xcd]4[0xe9][0x8f]P[0xb0]#[0x99][0xe3]*v[0xa4][0x93][0xda][0xd8]&[0x91]\[0xfc][0xd8][0x7][0xe3][0x94][0x1e][0xf9]t|r[0x15]ls[0xb][0xd9]A[0xaf][0xee]Y. -[0x1d]Y[0x12][0x5][0x90]%[0xf7]On[0xa9][0xe5]6[0xa0][0xb1][0xf][0xab][0xb0]E[0xae][0xa8][0xec][0xc7] %}+[0xbc][0x9d][0xf4][0x16]rJ[0xaa][0xdd]K[0xef]r[0xdc][0xfb]9[0xee]}[0x19][0x9f][0xbc][0x19][0xf7]N[0xc7]'[0x8a][0xdd]KS[0xca][0xfb]61gM[0xf3][0x14][0x97][0x9a]j[0xd6][0xf7][0xfa][0xdb]55+[0x8e][0xa5][0x14]*[0x11]=[0x17][0xa3][0x13]@[0xed][0x99][0x92][0xb][0xa0][0x92][0x85][0x4][0x1c]}[0xa2][0xfb][0x8d][0xae][0x18][0x88][0x0]z1[0xd3]q[0x85][0xd7][0xbf][0xee]q[0xf7][0x82][0x1d][0xbd][0xe]X[0x83][0x86]og[0x90][0x19]un[0x8e][0x89]|ky[0xb2][0xc4][0xca][0xb6]"[0x1c][0x80][0xfc][0xb6]H[0x4]'[0xbe]^h[0x19][0xa9]P[0xc8]+P[0xc8][0xef]h=^[0xf8]?[0xfa]_[0x0][0x0][0x0][0xff][0xff][0xec]][0xdf]s[0xdb]F~[0xff]W0y[0xb9]vF[0xd2][0x10]$H[0x90][0x8f][0x92]%[0x81][0xaa]%Y'J[0xce]%o[0xa0][0xb8]"V[0x4]A[0x16][0x4][0xe4][0xca]O[0xb1][0xe5][0xb3]s[0x1d]{[0xda][0xce][0xf5][0x92][0xeb][0xf5]n.N[0xea][0xc4][0xf6][0xf9][0xc6]I[0xdc][0xe4]r[0xd7][0xeb][0xf5][0x81][0xce]k[0x9f][0xa5][0xdc][0x93][0xe2]:3[0xf7]_tv[0x17]X|[0xf7][0x7]([0xd2][0xb2][0xe4][0xc8][0xed][0x83]=[0x2][0xb0]X[0xee][0x82][0xfc]|[0xb1][0xfb][0xfd]~[0xbe][0x9f]/[0xf9]>[0x91]?[0xc0]AG[0x97][0x96]I[0xfb]l[0xc4][0xbd][0xae]j[0x19][0xd2][0xc1][0x91][0xab](0"w[0xe0][0xee][0xba]~[0x4][0xe5][0xf]Q[0xc0][0xdb][0x9d]4[0xdd][0xda][0xaa][0x99]U[0xd3][0x86][0xeb][0x2]K[0xe7][0xe9]\[0xc4][0x81][0x90]o]*U[0xad][0xa2]%h5[0xd4][0xc6][0xf4]t[0xae]^[0xa2]q[0xaa]7[0x17]r[0xfc][0x9d][0xe9]S[0x91][0x8d][0xc6]i)[0xb9]lc[0x19][0xe2][0x1][0x84]x[0xa0][0x8b]4[0xf][0xe8][0x18]e=[0x86]]Y[0x95][0x1d]AUv[0xd4][0xd2]u[0xb4][0x8b]h[0x9e][0xf3][0x8]$[0x6][0x1]t[0x9d]&[0xdf]{[0xe6]<MN [0x9][0x92]d[0xdf][0x93][0xec]~2`f[0xb7]6[0xd3][[0x87][0x1f]&g[0xfa][0x91]|&Aj[0x0][0xdd][0xa8][0x8b][0x18][0xa6]e[0x1f]^;[0xbc]I\[0x11][0x93][0xed]Ipp[0x96]k[0x1][0x82]U[0x8][0xfe]0[0xa9][0x9c][0xa6][0xc3][0xbe][0x1a][0xa5]]\W[0x17][0xf9][0xba][0x9c][0xc2][0x92][0xc4][sC<[0xd0][0xe1][0x9e][0xf4][0xc7]([0x7]0[0xe5][\n]"
18:24:15.759 [main] DEBUG org.apache.http.wire - http-outgoing-1 << "[0xd2]R8[0xf5]`[0x8c]%?)r[0x9a][0x8b][0xed]J[0xc5]6%[0x92][0xae]E[0x2][0x12]r[0x8d]B[0xce][0x80]`[0xd0][0xae]X[0x85][0x8a]][0x3]A[0x8c][0xa2]V[0xe2][0x98][0x89][0x92]'[0xe4][0xfe][0x1a][0xa9].[0xca][0xff][0xce][0xce]W[0xc1][0xdf]z[0xed][0x5][0xb1]N[0x5]<o[0x81][0xbf][0xcb][0xd9][0xdf]&ho[0xea][0xea]Z[0xd0][0xaa][0xe0]s[0xb][0xcb]\[0x10]fi[0x83]|c[0xcb][0x9b][0xa4]6[0xf3][\n]"
18:24:15.759 [main] DEBUG org.apache.http.wire - http-outgoing-1 << "[0xad][0x15][0xb9][0xd0] [0xbe][0x90][0xb][0xf5][0x5][0xc5][0xf8][0xf0][0x9f][0x87]d}[0xca][0x85][0xd3][0xb2]>[0xa7][0xc2]M![0xd3][0xe8][0x84][0x8][0xd3][0x9b][0x99][0xdd] [0x13][0x3]V#[0x9d]'[0xb7][0x19][0xcc]Zd[0xf2]L[0xd9][\r][0xcd][0xf4][0x86][0xe1]'[0x99][0xa1][0xe0][0x87][0xcc]J[0xd0][0xcf][0xc3];<7[0x8a][0xde][0x1d][0xb][0xa6][0x82][0xc8][0xb7][0x1d][0xde]<x2A[0x84]u;t[0xcf][0xd4]T[0xac][0xcf][0x8a][0xa6][0x82][0xc2][0xd4][0x89]1s[0x8f][0xea][0xa8]o[0xdb]*[0xf5]mQ[0xa1][0xbe]m.jS[0x83],[0x99][0xc6][0xbf][0x97]dU)[0xdc]7r?[0x1f][0x86][0x13][0xef][0xb9][0x92];[0xe0][0x85][0xdc][0x9a]V[0xd9]2[0xe5][0xfa][0xa5]eYf[0x81][[0x5][0xb6][0xf5][0x1f][0xed][0xc1],[0xe5]U,%[0xce]![0x95]pF[0xa6][0x1][0xad][0x9d][\n]"
18:24:15.759 [main] DEBUG org.apache.http.wire - http-outgoing-1 << ":[0xeb][0xdc][0x81][0xee][0xea][0xf0][0xcb][0x1][0xc9][0x87]3[0xe8][0xf4][0x0]#[0xcc]%[0x87][0x6][0x83][0xdd][0xc0][0xcd][0x8]a.[0xfd]258[0xfc][0xcb][0x7]?'d0[0x92][0xfd][0xf3][0xf7][0x19][0x19][0x8c][0xf6][0xb2][0xcd]z[0x81]L0[0xa9][0xf3][0x94][0x7]&[0x9d][0xe6]X[0x1d]L[0xf3][0xf1][0x89]p5[0x9c]]w'I[0xca]d[0xdc][0xaf][0xc3]wIU[0xd3][0xc3][0x9b][0xc6][0xb]![0xb8][0x1d]o[0xff][0xbf][0x3][0x12]8 [0xa7]N[0xdf][0xdf][0xc1][0xac][0x16],^[0xa2]1\}[0xd5]p[0xad])[0x86]k[0xed][0xad]Em[0xd9][0x95][0x9a][0xbc][0xd6][0xe9]#[0x14]=[0xfd][0xa9][0xc6]r[0xd1]>[0xe9]P[0x86][0xf][0x6]XB[0xbb]f[0xa4]k_[0xdf][0x9][0x9f][0xfe]&@[0x11]v[0x89][0x87][0xea][0xe9][0xb5][0x13][0x15]j)[0xda]fUr[0x10][0xda][0xd9][0xb4]i[0x15][0xb4]K[0xa0]l([0x80][0xd1]aV[0xec]1[0xb][0xb4][0xe4][0xad][0x85]FzH[0xf2][0x1e][0x8e]l[\n]"
18:24:15.759 [main] DEBUG org.apache.http.wire - http-outgoing-1 << "G[0x14][0xf9][[0x83][0xdc][0xdb][0xc5][0xb5][0xb3][0x96][0x98][0x19][0xc7][0x1c]N[0xa7]O6[0xb][0xf2][0xae][0xf5]|L[0x9f][0xb5]b[0x14][0xf3][0x1e][0x89][0xd6]D[0xee][0xff][0x8a][0xb2][0xc3][0xee]<[0xbb][0xfe];[0x10][0x9]V:[0xe7][0xb6][0x92]^![0x9d][0xab][0xf6]R[0x9][0xd8][0xcc]t[0x12]Y[0xc4]8[0xb3][0x9b][0xec][0x13][0xaf][0x82][0xe8][0xf1][0xe1][0x9f][0xe]o[0xfc][0xf9][0xf6][0xb7][0xef][0xdc]>[0xbc]y[0xf0][0xf9][0x9f]o[0xbf][0x98][0xfd][0xec][0xef]mO$_[0x9b][0xfc][0x90][0xb9]l[0xeb][0x6][\n]"
18:24:15.759 [main] DEBUG org.apache.http.wire - http-outgoing-1 << "CL[0x98][0xbd]('[0xb0][0x11][0xa9][0x86]`C1[0x4][0xb3][0x1b]:C Y[0x81]^[0x18]M[0xbb][0xf1][0xdf]M/[0xf2][0x9f][0x86]j[0xf]6[0x16][0x8f]gl[0xf0][0xb1][0xeb][0xd9][0xf3][0x96][0x0]h[0xab]6S,OUj3f[0xc5][0x1e][0xb5][0xa9][0xb1]m[0xcb]>>[0x8e]q[0xbc][0x6]|[0xf2]<q[0x88]h5fr[0x88][0x6][0x86][0x1b][0xf][0x8][0xe3][0x1d][\r][0xc][0x14][0x19]n[0x10][0xb9][0xe1][0x16]-[0x83]7[0x0]?`M[0xb4][0xb6]r[0xfe]6[0x15]"
18:24:15.759 [main] DEBUG org.apache.http.wire - http-outgoing-1 << ")[0xa0][0x91][0xd1][0x18][0xfe][0xb1]5m[0xc4]A[0x8b][0xe8]j[0xbb]a'[0xc2][0x83]6jbD[0xd3][0x7])[0xc2]70[\n]"
18:24:15.759 [main] DEBUG org.apache.http.wire - http-outgoing-1 << "Cw`[0xcc][0xf2][0xa7][0xb3]G[0xda][0xe][0xef][0x86][0x11]Y[0xac]r[0x90][0xf1][0x90][0xee][0x84]OSg[0xf][0x9e][0xdf]y[0xff][0xbb][0xf7]~[0xff]l[0xff]?[0xc8][0x1f][0xf7][0xbe]x[0xfe][0xcb]O[0x9f][0xff][0xfa][0xd7][0xa9]U[0xe0]`H?[0x1a][0xd3][0x8c][0xfa]F[0xdc]J[0xad][0xc3][0x6][0x1c]1[0x1e][0x18](w[0xc0][0xfd]h[0xa2][0xe6][0x99][0x15]!J[0x9]M[0x8c]H@[0x18][0xd3][0x95][0xc8][0xd5][0x18][0xb7][0x90][0x8f]w:[0xc8]X[\n]"
18:24:15.759 [main] DEBUG org.apache.http.wire - http-outgoing-1 << "Z[0xec][0xe1][0x92][0xf7][0x9c][0x1b][0xc8]V[0x6][0x1b];[0xf1][0xd7][\n]"
18:24:15.759 [main] DEBUG org.apache.http.wire - http-outgoing-1 << "[0xb0][0x81][0xd9]c[0xe9]D[0xf8][0xe9][0x9d][0xe]6"[0xc4][0xa6][0xb5][0x93][0xc5]j[0x9e][0x1c]|v[0xf0]9S[0x9c] [0x16][0xe8][0x16][0x9][0xdc][0x18][0x7][0x8f][0xe]o[0x12]%}b[0x8c][0xde][0xe5]G[0xdf]Pm[0xbd][0x17]5Pn[0xb4][0xfd]:[0xd2]][0xa0]Mu[0xdc]&[0x1d][0xa8]n[0xff][0xe7][0xaa][0xfb][0xbf]Ye[0xff]7;[0xa7]M}[0x92]Hw[0xcb][0xb8][0x19][0xa2][0xbc][0xfa][0xc7][0xb4]W:[0x10][0x94]I[0x91][0xc8][0x9e]#z]q[0x1c]M[0x9e][0xa0]T-[0x14][0x8b]vU[0xa9][0x8b]L[0x88]/[0x82][0x8d]M[0xc7][0x93]%&U[0xec]J[0x5][0x94]&[0xb5][0x88]t[0xdf]$[0x99]I[0xac][0x4])[0xc9][0x15]S[0xb6][0x8b][0xc9][0x97] [0x9b][0xd0][0xca][0xb9])~[0x9c]gV[0x89][0xae]"_[0x15]9n[0x93][0x95][0xee]b[0xdb][0xc3]d[0xd2][0x9][0xe9][0xed][0xd1][0xb3][0xfd]_>[0xdb][0xe7]*[0xba][0xe9][0xd5]f[0xd2]t[0xf8][0x11][0xcf][0xea][0xe6]G[0xd4][0xee][0xa4][\r]=[0xd8]g[0xb2][0xbd];[0xf8][0xe4][0xe0][0xfe][0x4]z4m[0xb7][0xf9]Z[0xe6][0xf2][0xcc][0xce][0x89][0x88][0xef]6[0xf3]vNmUx[0xce]Q[0x84][0xe7][0x9c][0x15]-[0xe4]e[0xe5][0x86]97[0xd8][0x89]}[0x1d][0xdc]W[0xa4][0xb0]PD[0x14]v[0xd8][0xa8][0x8e][0xc5]v[0xea][0x14][0xce][0x1]w[0x95][0xe8]/[0x88][0xf9][0xcf]VZ[0xef]j[0xda][0xac][0xcc][0x94]u[0xb2]X[0xec][0xb3]![0xff][0xb5]X+[0xbf][0x8]1[0xe4][0x8d][0xc6][0xc2][0xaa][0x6][0xdc][0xc9][0xf3][0x96][0xd0]m[0xe7]/[0x90][0x9c][0x15][0x10](NFg[0xb4]\[0xdf][0x1d]`[0x8][0xe9][0xf9]W[0xc0]b[0xe3][0xb3]I[0x10][0x9d][0x1c]%[0x88][0xee]6![0x8f][0xf5][0x11][\r][0xd1][0xfc][0x14]&[0xfc][0xa5][0xed][0x19][0xac][0x87][0x1f]&[0x87][0xc][0xd7][0xfc]0[0x1]vr[0xe4][0xf1][0xbe]a[0xda][0x1e][0xd5][0x1a][0xb8]O[0xdc]7[0xe3][0xe3][0xbb][0xfb][0x9a][0xe2][[0x90]{rP/l[0xe7][0x2]\[0xcd]iq[0x94][0x9c][0x16]gAG[0xf5][0xaa][0xd5]$[0x81][0xed][0x8d]&[0xf6][0xf1]@[0x17][0x0][0xa6]]6[0xdc][0x8e][0x1b]F[0xbb][0xc8][0x17][0x15][0xf7]g[0x7]8[0x17][0xd3][0xaa][0x97][0xa3]d[0x17][0xb][0x96][0x18][0xe5]![0xdc][\r][0xab]$[0xe9]8%[0x93][0xce]0\[0xa9][0xd9][0x82]b[0xae][0xa9][0x17]0[0xd0][0x8]7[0xcd][0xae][0x13][0xfb]4[0xfb]v[0x1a][0xc2][0x9d]zcC[0xe3][0xe1]=[0xda][0xbf]{[0xb4][0xff][0x8f]G[0xfb][0xf7][0xe8][0xff][0x1f][0x1c][0xed][0xbf][0xb4][0xff][0xb3][0xa3][0xfd]>[0xda][0xff][0xc5][0xd1][0xfe][0xaf]4[0xef][0xf2]|[0x1f][0x87][0xb3][0x0]47[0xd2][0x89][0x18][0xcb]n([0x80][0xfd]h[0xff][0x17][0xa3][0xe1][0xde][0x91]D[0xb3];n[0xa4]v[0xab][0xb0][0xd8][0x85][0x9]|DG[0xff][0xf3][0x11][0xe8][0xa7][0xdd]d~[0x8e][0xec][0xb7][0xc6][0xc][0xc0][0xf0][0x1][0xbd][0x9e][0x99][0x80]O[0xa9][0xc2][0xc1]W[0xd0][0x4][0xf0][[0x98][\r]@[0xc3]'[0xc9]13[0x2][0xd9]1[0xb3][0x2][0xb4]y[0xe6][0x94]p[0xc2][0xf8][0xaa]h[0x7]>;x[0xc4][\n]"
18:24:15.759 [main] DEBUG org.apache.http.wire - http-outgoing-1 << "\N[0xf2][0xa6]G[0xbd]c=[0xf][0x4][0x5][0x2][0xac][0xc2][0xae][0x1b][0xec][0xe5]HH[0xaa][0xb0][0x9a]W`[0xc5][0x2]v[0x8a]l[0xbd][0xe4]p[0x9c]C!+[0xc3][0xae]hE.[0x80],[0x14][0xf8][0xfa][0xcc]F6[0x17][0x7]-4H+@[0x18][0xf3]([0x8e][0x6][[0xde]xT[0x8a][0x91][0xd1][0xd6][0xaa]i[0xdb][0x85][0x9a][0x80]C[0x9a][0xa4]/[0xf3][0xc4][0xd9]P2"E[0xd9]6MH[0xa4][0xd0][0xca][0x88][0x8c](z[0xc1]"[0x9d][0xac] [0x8]S[0xfd]g[0x11]j[0x16][0xef]\][0x9e][0xe7]%1t[0xf1]N8[0xf5][0xf5]{Z[0x94][0xb][0xca]V[0x80][0xe2][0xf5]([0x86]8L[0x1e][0x90]n[0xa0]#[0xa4]'[0x85][0x99]P[0xe8][0xcd][0xfa][0xa8][0xeb][0x82]<[0xb3]YRx[0xcd]m[0x8b][0x9a][0x92][0xd7][0xff][0xed][0xd9][0xfe][0x8d][0xc]yazG3[0xe4]=x[0x1c]z[0xe0][0x98][0x9]D[0xc6]8[0x1a]@~[0xc4][0xea][0xe][0xea][0xba]O[0xef][0x0][0x19][0xc8][0xf][0xf]o[0x10][0xdd][0xfa]I4[0x1f]Q|[0x96]QOga][0x0][0xb1][0x97][0x1f][0xed][0xf4][0xd4]7c]y3[0xd6]u[0xfc][0x88][0xa2]L[0x90][0x98][0xdd][0xda][0xd2]&[0xb1];[0xf5][0x13].p[0x8b]v[0xc5].[0x98][0xb6]%[0xe5]tM[0xcb][0xac][0x7]:O[0xf8]:,[0x96][0xaa][0xe5]R[0xe9]8[0xd6][0xa3][0x1c][0xdf]\$[0xb3][0xbd][0xb0]D[0xf4][0x8c]6[0x9c]K[0xea][0xca][0xd6][0xd3][0xca][0xbb][0x8e][0xa8][0xea][0xec][0xd4][0x81]*L:Hc[0xb][0xb5][0xb0][0x8][0xb1]/^[0xc5][0xca][0xd6][0x83]1M[0xf][0x88][0xb7][0xa6][0x7][0xd9][0xb2][0xf6][0x8f]0n[0xe9][0x1]9V[0x7][0xa8][0xaf]:@l5m[0xe4][0x81]F[0xc]B8[0xbc]9[0xc9][0x12][0xd6]s_[0xcb]%l] '8[0xb8][0x19][0x12]V`[0x8e][0x96]W[[0xa5]1:[\n]"
18:24:15.759 [main] DEBUG org.apache.http.wire - http-outgoing-1 << "[0x8d][0xd1]Y[0x9a][0xd3][0xd2][0x18][0xa5]]*[0xfc]([0x5][0xae]K'[0xad]!W*[0x89].[0xfd]Re[0xc6][0xe4]r\[0xe5][0x99][0x92][0xb4][0x88][0x85]ca[0xab][0xd8][0x17][0x12][0xc2]![0xc] [0x5][0xab][0xa0]o[0x9][0xaf]#[0x8a][0xbc]:K [0xaf][0x8a]w[0xf1]=I[0xa8][0x82]Sb[0xa0][0x5]'[0x18]p[0xc1][0x9][0xa1]2[0xc3][0x3][0xba],[0xfd]/[0xa0][0xb7][0xe5][0xe0]&[0xf6]#[0xe2][0xf2][0xe6]P[0x6]7[0xf7]#[0xf9][0x11][0xca][0xbf][0x1d]O[0xbe]%M+[0xb8]x[0xe3][0xdb]wn[0x1f][0xfc][0x8e]&[0x15]\[0x1f][0x1f][0xe8][0xb8][0xf9][0xaa][0x92][\n]"
18:24:15.759 [main] DEBUG org.apache.http.wire - http-outgoing-1 << "H[0x81][0xbf]<[0x16]a[e[0x11]:[\n]"
18:24:15.759 [main] DEBUG org.apache.http.wire - http-outgoing-1 << "[0x8b][0xd0]Y[0xbf][0xa0][0x83][0x9e][0x84][0xbc][0xd9][0xc8]C[0x81].[0x8e]F;\[0xf0][0xfd][0xe1]]Z[0x7][0xa8][0x8e]|[0x1f][0x5] [0xdd][0x9a][0xd4][0x85][0xfc][0x99]Pe0[0xa7].[0xe4][0x9][0xc1]k[0x16][0xaa][0xe5]j[0xc1][0x84][0xbe][0xe2][0x12]UJP[0xde][0xb6][0xa4]""[0xc8]*2k5[0xa8][0x1]j[0xe9][0x17][0xbd]:z[0xdf]2[0xb1]Ys[0xf4][0x1]l[0xd0]E[0xe8][0xca]EUG/[0x99][0xfc][0xa3][0xff][0xfe]wZ[0xfb]RDs[0xa9]P8[0xf]E!s1[0x1d]b[0xb4][0xe5]"
18:24:15.759 [main] DEBUG org.apache.http.wire - http-outgoing-1 << "![0x81][0x15][0xec][0x84][0x8][0x90][0xfb][0x9c]px[0x1f][0x90][0xfb][0x88][0xa4][0xd4]C[0x12][0x1f][0xdf][0xff][0x88]C9m[0xdf]L[0xda]?[0x0][0x5][0xd3][0xb3]C[0x6][0xe1][0x10][0xa3][0xe][0x12]X[0xc0]N[0x8][0x97][0xb8]4E[0xfa][0xe6]d[0x9b][0xcb]p[0xeb]L[0x97][0xb8][0xeb][0xb]2zG[0xa4][0x0][0xb4]}[0x15][0xc0][0xcb]*[0x80][0x97][0xb5][0xb9]~[0xd2]Vu5[0x8e];:[0xfc][0x92][0x9b][0x9d]p[0xf8][0x95]J[0xe2][0xcf][0xe1][0xf2]ez[0xbc]Z:_[0xb9]\[0xb5] [0x8b][0x9f][0xa6][0xef]L+<[0x17]>sj"R[0x1d][0xcb]J[0xa5]P[0xad][0x8c][0x99][0xa0]<[0xb2]x[0xda]8[0x99][0x80][0x17]][0xdf]%O-2V[0xe3][0xc0]e[0xe][0x18][0x9][0x9e][0xd6][0xe9][0x96]N[0xeb][0xf8][0xb2][0x17][0x8][0xa0]4[0x1d][0xde] [0x8e]d[0x88]v[0xc0][0xa5][0x11][0xe8][0x1c]~)A[0xb3][0x87]$[0xca]>?%8[0x81][0x1e][0xd2]5[0xb3]J[0xdb][0x17];h[0xa6][0x1d]H[0xcc]}[0x87]<[0x5][0x89][0xbb][0xf]?'[0xc1]-?[0xe6][0xae]![0xaa][0xed]6YVq;[0xf4]'"[0xa5][0x90][0x8f]u[y[0x9b][0xca][0x96][0x8a][0xb6]y[0x15]m[0xf3][0xba][0xd2]"[0x96]-[0xcb][0xce]F3[0x6]u[0x87][0xa1][0x1f]h_[0x9b][0xf3]'[0xab]%R*[0x15][0xab][0x9a][0xa2][0xe8]iY[0x1e]mA[0x11]6y[0xb8][0xd1],[0xbd][0x9c][0xe2][0xe8][0xd9]S[0x95][0xf1]S=[0xc7]Uy[0xb2]Y[0xa5]/[0xb6][0xe4]p;[0xe4][0x87][0xa2][0xf3][0xf4][0x11][0xc9][0xe8][0xdf][0x7][0xbc][0xda][0x92];[0x12][0xa8][0xb8][0xc9]a[0x2][0x93][0xf4]0AH[0xda][0xd8][0xb][0xc5]OK[0xe1]A^l[0xa4][0xfa][0xe0][0x4][0xe0]h[0x9d][0xcb][0x8a][0x1d][0xf0]m)d[0xcc]8[0xb1][0xdb]B~/[0xee][0xe7][0xad]w[0xfb]*[0x80][0xd7][0x14][0x0]/[0xaf]i9[0xf0]J@t0@[0xd3][0x94][0x7][0xa4][0x83]/[0xe9][0xc3][0xb9][0xe2][0xb6][0xc8]hN[0x82]d[0xab]P0KP[0x81][0xd5][0xac][0x10][0x1a][0x19][0xc1]p[0xb9][0xaa][0x14][0xd6][0xe2][0xf][0x0][0x82]x[0x1c]>[0xfc][0x18][0x18][0x86][0xcf]V[0x82][0xf1][0x88][0xe2]Z[0xdf]Gv[0x98]0[0x95][0x94][0xf4][0xde]r}v"e[0xbb]gM8[0x80][0xd3][0xfa][0x16][0xf4][0xf5][0xf7]~FuO[0xda]fH[0x6][0xdd][0xf5]#[0xe9][0x4]C3[0xec][0x9f][0x1]z[0x97]5qa[0x12];Ia?[0xbc]e[0x10]j;[0x95]v[0xbe]A[0x14]~[0xc6][0xc7][0xb7][0xdf][0x9f][0xec][0xe5][0x17]S[0xe9]$[0x1d]pb[0x15]8[0x9b]j[0xf2][0x88][0xb6][0xa8]V[0xc5][0x96][0xd8]Cu[0xb7]=[0xbc][0x17][\r]?[0xd3][0xfa]T7i[0xda][0xc8][0xf0][0x9e]7[0xbc][0x17][0x8c][0x93]N[0x8e][0x89][0xc5][0xd1][0x10][0xaa][0xcd][0xaa]U,[0xe4]q[0x7]L[0xcb][0x9a][0xb1][0xab][0x9a][0xc2]t[0xe4][0x9][0xb8][0x82]L^[0xd9][0xaa][0x1d][0xeb][0xb5]1[0xb][0xe3][0xa0][0xa7][0xab][0xc1]M[0xe5]ld[0xd2]_^[0x92]9[0xc5][0x1b][0xac][0x9][0xee][0x1]@^[0xf0][0xdc]n/[0xc]{r_[0xec]|[0xac]hv[0x9e][0x8a]z{[0xf2][0xa4]SXw[0x1][0xa2][0xbb]2[0x96]?[0x0][0x10][0xee][0x2][0xf0]v[0x1]n[0xbb][0x10][0xb3]][0x8e][0xd6][0xa4][0xe7]4[0xf1][0x84][0xf0][0x17]&[0xc8]4[0xe9][0x1e][0x1f][0xaf][0xdc]\[0x91][0xa0]Id[0xd2][0xfd][0xbc][0x95][0xa9][0xaa][0xa8][0xe7]([0x8a]zL[0xcb]_[0x95][0xac][0x92][0xc4]-[0xf9]G[0x19][0x17][0xd8][0x9b]][0xc1][0xe8][0xc6][0xc9]k[0x1b][0x98][0x15][0xd3][0xae][0x98]%[0xa9]rdyj[0xba]V[0x98])[0x96]eL[0xb2][0xf1][0xc0][0xca],[0xd5]j[0x15][0xe0][0xb2]\[0xd6][0xa5]tk[0xb][0x1a][0xcc]-[0xbf]M[0xd8][0xc][0xb4]4D[0x9d][0xe6]_[0xae],[0xfc]H[0x93][0xf1][0x95]=n[0x9][0xb3][0xc5][0x11]D[0x9f][0x8d][0x1f][0x2][0x1f][\n]"
18:24:15.759 [main] DEBUG org.apache.http.wire - http-outgoing-1 << "[0x1f][0xb6][0xf1][0xb7]1[0x8a][0xae][0xd2][0x9d][0x1b]G[0xec][0xf]_Ea[0x3]8[0xab][0x14][0x1f][0xfc]D[\n]"
18:24:15.759 [main] DEBUG org.apache.http.wire - http-outgoing-1 << "[0x12]~B@[0xca]M*J[0xf5][0x0][0xe0][0x85][0xb7]k[0xca]7[0xf6][0xe5][0x16][0x81]/[0x9d]H_x[0xd9][0x87]g8:xHc[0x90]7&Y[0xc7]F[0xdd][0xf3]Y[0xc4][0xc0][0xd9][0x14][0x3]%1[\n]"
18:24:15.759 [main] DEBUG org.apache.http.wire - http-outgoing-1 << "[0x83][0x1][0xca]a%[0xb4][0xd5]2L[0x8e]R[0x86][0xc9][0xd1][0x96]a[0xb2],u[0xef][0xb9][0x86]"[0x14][0x1a]$[0x15]B[0x7]q[0xd2][0xf1][0x9c][0x8b]}|[0x5]ou(-![0x1b][0x1b]9[0xef]c[0xb7][0x9d][0x94]% [0x8a]O[0xe4][0xc2][0x9][0xe5][0x1d]*[0xc5][0x9a]P[0xe2][0xcd][0xaa][0x1][0xae]_1Y[0xec]J[0xaf][0xeb][0xb][0x9e][0x1b][0x4][0xc8]Wu[0xec][0xec][0xea][0xcb]P[0x82][0x2]s[0x96]j4[0x8d][0x10][0xb1]t[0xe6]@[0x90]e.[0xc4][0x11]q[0xfc]hC,[0xf9]RP[0xe9][0x7][0x9f]qhf[0xea]L[0xd6][0xde][0xfc][0x99]&&[0x88][0x1f]'[0x16]([0xfd]=I[0x11][0xda]'[0xa2]t[0xb][0xb8][0xaf][0x19][0x8a][0xc7]}[0xe9]zb~[0xf8][0xb1]'[0xb5][0x87][0x1b][0xe8][0xcf]')[0x16][0x90][6*oy=[0xa2]0I[0xa0][0x82]{U[\r][0x82][0xae]j[0xa9][0xba]rvv/p;[0xa1][0xf6][0xcd][0xbd]*qu[0xb3]r$[0xda]b#'%[0xf0][0x16]k[0x96][0xa4][0xea]d[0x9a]4[0xab]Qq[0xf6][0xca]eC[0xac]r[0xb5][0xc][0xd5][0xa9]k3[0xd6][0xb1][0x4][0x7]FmpV[0xe7]h[0xe5]5[0x1a]oY[0xa6][0xda]5L[0xb8]vyA[I[0x84][0xe9][0xb7][0xcb]/[0xf9]|[0xbf][0xae][0xb3][0xba][0x8][0x81]J[0xc7]}[0xd6][0xfc]|[0x9][0xa8][0xdb]R_1p[0x12]/[0xc6][0xbe][0xa2][0xcc][0xbf][0x18][0xfb][0xdb][0xb1][0xdf]B[0xa3]P[0xaa][0x16][0x9][0x91]*[0x83][0x8]1[0x1b][0xb5][0xc][0x88]X[0xfa]C[0xac][0xf7][0x91]a[0x12][0x7][0x8]l[0x80][0xb5][0xa5]<&[0x88][0xb1][0x6][0xaf]%[0x99]bsI5"[0xd3]sx0[0xa0]e[0xe0]u[0xb6][0xe4][0x8a]jK[0xde]T[0x8b][0x1c][0xe9]3}$V0[0xff][0x1c][0xc5][0x94][0xbc][0xa9]5%[0xd9][0xc0]t[0x85][0x89][0xd2][0xab]'4+e[0xcb][0xb6]m[[0xf4]n[0x13][0xab]R[0xd6]Z[0x95][0xe4]C[0xa1]W[0xbb]b[0x16]AF@[0xa9][0xac]K[0xfd][0x91][0xb][0xa1]Q[0xdb][0xab][0xcd][0x8][0x10][0xa6]&[0x9b][0x92][0xca][0x8]S[0xf2][0xa3]K[0xc0][0x94][0x90])[0x9f],[0xe7][0xa7]/[0xa9][0xe1][0xf7]{[0xa0]J[0x7]Y[0xe8][0xc5][0xed]X[0xa3][0x4][0x99]\[0x19]>[0x1c][0x1c]g[0xf][0xb2]9[0x2][0xb3]@N[0xe][0xef][0xc6]r[0xdd] [0xde]T4[0x12]4[0x81][0xe0][0x8b]g[0xd7]?[0x16][0xad]E[0xd6][0x1c][0x18][0x8d][0xec]$[0xb0][0x1d][0xe0]9g&$;[0x9]-[0x89]1[0x87][0xd9]I[0xa9]4[0x10]I3xr[0xf0][0xc9][0xc1][0xc7][0x13][0xa8]B[0xb6][0x83][0xd7]3[0xd9]`[0xae]![0x1a][0x97][0xbd]|F[0xe5][0x9e]jU[0xde]R][0x80]oi}[0xe7][0xb2][0x8b][0x81][0xc6]"
18:24:15.759 [main] DEBUG org.apache.http.wire - http-outgoing-1 << "[0xbd][0xa2][0xde][0x15][0x1d]3[0x9a][0xf6]z[0xa1]7[0xdd][0xeb][0xa3][0x90][0xfe]NEz4[0x1b][0xe2][0x9]%el[0xab]"[0xf1][0x9f][0xa9][0xa4][0x8c]B[0x80][0xa6][0xc2]/0k[0xd0][0xb4]j[0x15][0xe0]x[0xb0],[0x9d][0xe9][0xd0][0xb9][0xd3][0x81][0xbc][0xcc][0xd4][0x1b][0x97][0xb5]fdO[0xc7][0xbf],[0x15]G[0xf0]/[0xdf][0x82][0x89]E[0xc9]X[0xbf]/[0xc1]1ITf[0xf]20cAI[0xe6][0xfa]#[0xc2]l[0xd6][0xa8][0xc7][0x88][0xa2]1[0xa2]VLf[0x0][0xa0]8L[0xae]$[0xcc][0x4][0xbe][0xb9][0xbd][0xf3]_[0xc5][0xfe][0xff][0xa2]J61=[0xc0][0x94][0xd5]]&R[0xab][0xb1]d[0x9e][0xea],[0xad]+[0xce][0xd2][0xfa][0xc6][0x92][0xd6]YZ[0xd3]JIL[0xaf][0x85][0x98][0x89][0x94][0xc9][0xd6][0x8c][0xf6][0xc][\r]X:0a[0xc7][0xf5][0x83][0xba];|[0x9c]J[0xef]b[0x9a][0xee]1[0xbb]G[0xda][0x9d][0x84][0x3]`[0x16][0xec]jAt[0xb1][0xd6][0xa8][0x90]vq[0xc6][0xd2][0x15][0x8e][0xa5]#[0x83][0x9b]0[0xdb][0x86][0xd5][0xaf][0xcb][0xb5][0x99][0xe2][0x98]IW[0xf3][0x97]V[0x14][0xfb][0xc6]g([0xd9][0xb7][0x11][0xe5][0xcb][0xea][0x1b][0xe]P[0x9c]e[0xa3]3[0xda][0xbd]8l[0x9]$[0x1a][0xe7][0xec][0xb6]Z[0x9e][0xb4][0xc4][0xf2]`VV[0xf6][0xfc]D[0x16]Q[0x88][0xf6][0x86][0x9f][0xfb][0x86][0xbb][0x87][0x7]{([0xc8]7[0x99][0xe9]/[0x83]Z[0xcc][0xf4][0x80][0x1a]L[0xfe][0xec][0x92]T[0x90][0xa0][0xa9] [0xd7]Rk[0x99][0xb6]m[0x86][0xe0][0xa0][0xf][0xaf][0x4]>[0xec][0xc5][0x83][0xed][0x98][0x0][0xcc]-[0xb2][0x1e]"e[0xc5]&[0xf0]x[0x11]>[0xe7][0xf4][0x81][0xfa][0xac][0xb0][0xb7][0xaa]#7L[0xeb]L[0x18][0xe4][0xdf][0xca][0xd6]<[0x99]Vk[0xb4][0xe0][0xbe]G<[0xc5]3[0xae]ZZ[0xb6][0xae]$[[0xd7]W[0xe6][0x8f]U[0xa7][0xd1][0x19][0x91][0x15][0xc1][0x10]H[0x6]@[0xc2][0xbd] :S.[0xcd][0x98]Svq[0xa6][0xac][0x5]<[0x9d][0xaf]f[0xa2][0xc0][0x93]j[0x99][0xc5][0x97]!F3[0xce][0xa3][0x95][\r]C[0xfe][0xc6]iv[0x13],|[0x12][0xcd][0x16][0xfc][0xbd][0xe1][0x5][0xb1][0xb9][0x12][0xb9][0x99][0x16]F|[0xa2][0xba]B![0xac][0xe5][0x1e]o#[0xea][0xe9][0xd3][0xab][0xd3]([0x9a]^q[0xb3][0xeb][0xdc][0x2][0x10][0x9f][0xe8]O[0x9e]?[0xf9][0xf2][0xd9][0xb5][0xfb]$6CJ[0x88][0xfc][0x84][0xd2][0x8b]~[0xf3]l_[0[0x84]}[0x18][0x82][0x1f][0xc6][0x85][0xf7][0xf9][0xc5][0xa4]jH[0xd6][0x84][0xeb][0xf0][0xe7]7a[0xc6][0x85][0xe][0xd6]@[0x1][0xbf][0x92][0x16][0x13]I[\r][0xce][0xa5][0xa8][0xd7]I:[0xc1]F/[0xea]=[0xbd][0xb3]#[0xc]F&=[0x1c][0xde]"[0xd2][0xdf]L[0xfe]%[0x93][0xf3][0xff][0xf1]7[0xf][0x8][0x1][0xff]q[0xc2][0xe3][0xbd]1[0x1][0x17][0xd0][0xeb][0xb6]&[0xf2][0xd7][0xd6]{[0xfe][0x9e][0xd1]@9\[0xa2]]UO[0xe5][0xb2][0xa2][0xa7]ryV_OPZE[0xac][0xf7][0xba][0xba][0xb5]C[0xc3][\r][0xb6]"[0xd7]h[0xa0][0x16]][0x2]]&e[0xca][0xe8][0xfb]e[0xc3]CFztBZ[0xbc]U[0x16][0x94]5[0xcd][0x99][0xda][0x94]Y[0x9c][0xb1][0xca]zi[0xcd][0xc2][0xc])58q[\n]"
18:24:15.759 [main] DEBUG org.apache.http.wire - http-outgoing-1 << "[0xb][0x91][0xb5]U[0xb4][0xb3][0xc5][0xc9][0xc9][0xe0]?[0xad]|N_[0xca][0xab][0xf6][0xe1][0x1b]|[0xd9][0x8d][0xb0][0xf2][0xfe]&O*@[0xf2]J[0x0]K+[0x1][0x1c][0x81]U[0xc5]RD[0xed][0x91][0xdc]Sr[0xba][0xf7]r#-S[0xa7][0x9e][0xaf]ZG[0xd8][0xc7]m[0x14][0x1a][0x8d]([0xf6][0xfc][0xd4][0x84]5[0x88][0xb0][0x13][0xfd][0xfe]R[0xb3][0xb5][0xdb][0xc3][0xa1][0xd1]pq[0x10][0xf1]J[0xd1][0xd7][0xde]{[0xfe][0x87]OR;$[0xdc]AmO[0xf2]#[0xe6]b0[0xe0]8[0xb1]*[0xf4][0x93][0x8d]F[0xd4][0xa3][0x9][0xb][0xd4][0x90]4v[0x11][0xe9]&[0xea][0xf9]lc[0xcf]e[0xa4][0x12][0xb]qx[0xfd][0xe0][0xf1][0xc1][0x93][0xb1][0xcd][0xc2][0xae][0x1b]Mh[0x16][0x82]V[0x1c][0xba]y[0x8b][0x1]5[0x90]SW[0x2]9[0x8c]x[0xa0]n.[0xa4]@[0xce][0x6]j[0xc7][[0xb8][0xed][0xfa]}[0x1d]U[0xaa].[0x7]s[0xc0][0xc0][0xc4][0xea][0xf2][0xfc][0xc2][0x89]i[0x1b][0xd5][0xb2]])[0x8b]tD[0xea]9[0xa9]V$[0x5][0x87][0xe4]#[0x5][0x15][0x16][0xab][0x6][0x96][0x12],[0xba]3[0x16]e[0x83][0xf1]V[0x18]ecu[0xe9][0x82][0xba][0xb3][0xc8][0xe6]-Y[0x11]+[0x9f][0xab]Q_[0x5]2[\r][0xe9]h[\r][0x1f]u[0xfb]8[0x14][0x8a][0xef],[0xbf][\n]"
18:24:15.759 [main] DEBUG org.apache.http.wire - http-outgoing-1 << "[0xa6][0x6][0x98][0x12][0xdb][\r]d[0xc7]lC[0x90][0x1d]'[0xb][0x82]M#[0xa4][0xf7][0x8]+?[0xd3][0xc6][0x6]-[0x9b][0xd2][0x9d]}[0xe9]:C\v[0xec]I[0xed][0x93][0x9d][0x2][0xe1][0xdf][0x1f][0xbe]K[0xf4][0xd7]&[0x0][0x99][0x17][0xb4][0xce]'E[0xa3]~iU[0x2][0xdb][0xb8][0xd8][0xa3][0xcb]D[0x1d][0xfa][0xd5][0xd2][0x81]u[0xa5]t`[0xfd][0xa2][0xa3]A[0xb5],9I[0x9][0xfb][0x8a][0xc0][0xfa]2[0xde]"[0x8a]yZ[0x13]@[0xfa][0xfe][0xcb][0xc7][0xff][0xf2][0xdd]W[0x8f][0x8f]Se[0xe1][0xc5]EU[0xaa][0xa4]]*[0x92][0x2][0xa1][0x0][0xd4][0xc5]"[0xe1][0x18][0x13][0xb1][0x7]S[0x97]'p[0xc1][0xc3][0x82]W[0x94]T[0x18][0x5][0xc8].[0xe9]3[0xe4][0xaa][0x1a]%[0xb5][0xba][0xea][0x7]M[0xa6][0xa3]b9;P[0xbf]8/`[0x99]}C[0xaf][0x94]'yU[0xe2]I^[0xf5]z[0x90]'[0x99]>?[0xa1][0xab][0xff][0xf9][0xea][0xb7][0xdf][0xbd]w[0xcb][0xf8][0xab][0xb7][0xbd][0xaf][0xef][0x4][0xed]+[0xc3][0x7][0xc1]_[0x8f][0xb4][0x10][0xfc][0x87][0x98][0x9a][0x8]~"[0xb5][0x11][0xfc][0x4]5[0x12][0xfc][0xc9][0xa6][0x86][0x81]_n[0xca][0xed][0xfb]r[0x8b][0xd4]6[0xb4];[0xec][0xd8][0x93][0xef][0xe0][0xc6][0xe1][0x9b][0xc7][0xdf][0xbe]s[0xfb][0x9b][0x7][0xe4][0x8f][0xf1][0xad]C[0xa7]}[0xec]+[0x98][0xa0][0x6][0x2]1[0xe][0xda]n[0x98]C[0x95][0xf2]T[0xba]r][0xa1]+[0xd7]7[0xb5][0x95]q*R[0x0]4n[0xb9]}VWZA[0xdf][0xe6][0xf1][0x8b][0xef][0x14]v[0xda][0xb5]w[0xad]Z,IE/[0xc8][[0xb1]([0xb3]#[0xd8]\[0xa1]k[0xae]V*[0x14][0x1][0xc5][0xa9]d[0xea]\s#[0x94]X[0xea][0xeb][0xe4]e[0xba]~[0x89]<[0x94][0xc6]:[0x89][0x4]7._[0xa4][0xff][0x93]g[0xb2]yQUHZq[0xdb]{n[0xd8][0xb][0x7]W[0x87]w[0xdb][0x1a]t[0xe6]G)[0xea][0x9b] [0xca][0xc9][0xa7]bl[0xf7]B[0xb6]P[0xcc][0xe2][0x9b][0xd1]hxz[0xb1][0xe4]|[0x8b][0x3]M[0xc7]2[0xaa][0xba]t[0xe0][0xf9]@[0xda]$[0xf7][0xf1]}9[0xe9]&[0x4][0xf5]|[0xc9]O<[0x4][0x12]Hd[0xe3][0xfd][0x84]R[0x92][0x1e][0x2]2[0xd2]f[0xd0][0xf6]P[0x98]%[0xbd][0xd1]^[0xb2][0x84][0xb7][0xec][0x90][0xc3][0xc8][\r][0xf1][0xe]g>[0xac][0xb8]O[0xff][0x89]T[0xb1][0xcb][0xf4][0x98]|"
18:24:15.759 [main] DEBUG org.apache.http.wire - http-outgoing-1 << "[0xf0][0x88]V[0xbe][0x9a]T[0x9][0xc9][0x8b][0xcf][0xb4]`[\r][0x81][0x10][0xc0][0xe4][0xd2][0x16][0xca]OU[0xc5][0x3][0x5][0x93][0xf4]e/`r[0xa9][0xb1][0xac][0x95]y[0x90][0x16][0xc6][0xeb]h[0xaf][0xb3][0xe3][0xee][0xe][0xab]KX[0xa5][0xbd].[0xa5]R7p[0x81][0x9c][0x8d]oy[0xf8][0x9f][0xc3]Ow[0x91][0xdf][0xc2][0xc3]O[0x8d][0xe1][0x9d][0xc1][0xcb][0xa8]OU*Io[0xd1][\n]"
18:24:15.759 [main] DEBUG org.apache.http.wire - http-outgoing-1 << "Sp[0x97]+t'[0xa3][0x80]Uw[0xb][0xc4][0xc][0x1c][0xe7]f[0x1b][0xed]`K'[0xa1] [0xb3][0x9c][0xef]__j[0x80][0x14][0xd5]dXx[0xeb][0x5][\n]"
18:24:15.759 [main] DEBUG org.apache.http.wire - http-outgoing-1 << "Pbi[0x11][0x8c][0x7][0xbe][0xa6][0xe3]74C>[0xa6][0xa4][0x14][0xff][0x1a][0xb9][0xd3][0xc]&[0xa7]&[0xce][0xca],[0x90][0xf8]![\r]$[0xfe]^[0xc9]Ke[\r]9<[0x97][0x6]RF*<A![0xba][0xf4]7[0x82]T[0x12][0x1f]FRk[0x9b][0x10][0x8][0xc6]ND[0xfd]_[0x0][0x0][0x0][0xff][0xff][0xdc]]Is[0xdb]F[0x16][0xfe]+(][0x92][0xd4]H.[0x82] [0x9][0xf2](Y[0xb4][0xc]R[0x92][0xb5]9){*[0x87][0xa6][0x4][0xb][0x10]A[0x82][0x2]H+[0xd2])[0xa4][0x9c]J&[0xc9][0xd4]d[0xb6]L[0x12][0xa7]RY[0x94][0xb1],[0xc7][0xb1][0x1c]g[0xc6][[0x96][0x3]5[0x97][0x9c][0xc8][0x1c],)[0xb9][0xa8]F[0x95][0xd4][0xdc][0xe6]/Lu7[0x96][0xde][0xc0]%[0xf4][0x92]q[0x95]K&@[0xa0][0xd1][0x0][0xf8][0xbd]~[0xef]{[0x1b]F[0xa6][0xe9]Z[0xbd] [0xf3][0x14]j[0x0][0xc4]b[0xf3][0x94][0xa3][0xeb][0xd2][0x82][0x3][0x96]ti[0xd4]u[0xed]E[0x13][0xff][0xe4][0xfa][0x3]+[0xc4][0x16][0x9]V[0xef]~EP[0xe5]mX[0x8d][0xb3]a5[0xa1][\r][0x9b]ar}[0xa6][0xf5]5i\[0xb7][0xc]Q]A4[0xe6][0x98][0xb1]Ww[0x10][0x7]C![0xd5][0x9b][0xdc][0x98][0x1][0x1c]P[0x95]&@[0xd9][0x1]lI[0x81][0x92][0x1b][0xd6]c[0x17]$[0x4][0xc5]3[0xc9]8[0xdb]d[\n]"
18:24:15.759 [main] DEBUG org.apache.http.wire - http-outgoing-1 << ".[0xb5][0xc3]*[0xdb]Y[0x16]][0x9d][0x8][0x17][0x8a][0xa7][0xd5]$U[0x3]B[0x11]E#B[0x1a]\[0xe1][0x96][0xdb]S([0x92][0x1a][0xa5][0x9][0x8f]-[0xc0][0x1b][0x9e][0xc2][0xd5][0x83][0x91][0xf5]>=[0x3][0xc5][0xdd][0xcc]([0x84][0xe1]d[0x9e][0xe7][0xc8][0x8e][0xb6][0xae][0x1f]m}s[0xb4][0xb5]{[0xb4][0xb5]%@v4G[0xa6]M[0x13][0x1c][0x19][0xbe][0x1d][0xc9][0xa9]Ut[0x9d][0xe6][0xca][0xee]vYp[0x1f]A[0x7][0xc8]G[0xc2][0xb8][0xc3];[0xc][0xcb][0x18]j[0x94][0x8c][0xa0][0x4][0xc4][0x16]#[0x17][0xc8]L[0xf5][0xe6][0xef]I[0x91][0x10]lay[0xe0]m[0x18][0xde][0x90]d[0xef][0x84]W[0xfb][0x93][0x3]=[0x19][0xc2][0xf3][0xa3][0xa3][0xa8][0xea][0x8a][0xcf]#`[0xe7]7[0xec][0xf6]A[\n]"
18:24:15.759 [main] DEBUG org.apache.http.wire - http-outgoing-1 << "[0x0][0xa8]CIs[0xde]0[0xd2]I[0xdb][0x8b][0x98][0xe9]_2L[0x8f]3[0x92][0xc1][0xee][0xd0][0x8f][0xc5][0xe4][0xb3][0xe0]5.[0xb]^[0x1b][0x17])[0xd7])[0xc6][0xc4][0xcd][0xa1][0xa2][0xa2]"[0xcb][0x16][0x8d][0xc8]H[0x84]`R~oIbg/[0x82]a[0xa4][0x83][\r][0x1c]O[0xa6][0xd5]X[0x92][0xe9]@[0xb][0xd7]o[0x99][0xd3][0xc6][0x83][0x8b][0x12][0xe4]V&[0x96]H[0x92]qAJB[0xc4]n[0xfd]&[0xa6][0x12][0xf5]'[0xd2][0xc4]g[0xbe][0xf9][0xca][0xd0][0xc2]$[0xd4]c[0xa6][0xce][0xc1][0xbf]3[0xd3][0x13][0x9c]l [0x1f][0x8]#[0x18]:4k[0xd0][0xc6]i[0xc1][0xe0][0xdd][0x9][0x14][0xe]&0H[0xe9]0W[0xe9][0xb2][0xe6]/1k~yI42[0x8b][0xe5]1`[0x0][0x17][0x10]o[0xae][0x13][0xa8]m[0xba][0xf][0xb]y[0xcb]>[0xb8]m[0xdc]~[0x85][0x83]8[0xd7]g[0x85]<[0xb9]@[0x9d][0x1c][0xaa][0x1][0xe4][0x1e][0x1f][0xf7]6[0xdd]F[0x5][0xef]![0x8b][0x96][0xe2][0x9e][0x92][0xc8][0x1f][0xd5]O[0xf6][0x80][0xb9][0xd4]S[0xb8][0xf2]|[0x96][0xc][0xe5]![0xc1][0xef][0x7][0xf4][0xe8][0xb0]6[0x2][0x96][\r][0xd1][0x11]=[0x9d][0xe1]Oe![0x9d]l~Y[0x85]!)[0x1a][0xa4][0xf3]#[0x9c]_[0x8b]|[0xcd][0xb6][0x93]\[0xcd]6[0x1c][0x8f][0xcf][0xa7]+0![0xc6][0xe7]@[0xc9][0xae][0xb9][0xae]]+"W[0xe]+[0x9][0xd0][0xb8][0xda]E[0xdb]Y[0x97]N[0xda][0xc0]e5[0x5]n[0xb6]L&[0x3][0xf3][0xfd][0x80][0x5][0x1b][0xe3])UV[0x14][0x99]-[0xd8][0xc8][0x6][0x1e][0xc3][0xe9][0xd2][0x1a]D<[0x91]R[0xba]5[0x1b][0x10][0xd6]k[0xc4]5*q[0xf4]q[0x98][0xd4][0xc0][\n]"
18:24:15.759 [main] DEBUG org.apache.http.wire - http-outgoing-1 << "[0x3][0xee])0[0x12]![0xfd][0xd8][0x82][0x90][0x1f]M[0xd6]P[0xd6][0xba][0xa0][0x97][0xb][0xba]Y.6[0xbf]r[0xc3][0xb6]-'m[0xb7][0x8a]([0xdd])[0xe0]\0-_,pO[0xc3][0x13][\r][0xb7][0x90][0xd3][0xfc]5D[0x93][0xbf][0xbc]y[0x3]m[0x6]5[0xe3][0xf0]`[0xe3][0xcf][0x8c][0xc2][0x97]g[0xfb]R[0xc2][0xbb][0x84][0x8d]/[0x11]$[0x6][0xf3][0xbb][0xb1][0xbc][0xb8]h[0xdb]N[0xb1][0x86]~[0xa5][0xd8][0xe9]][0x80][0x89][0xb4]c+[0xba]e[0x17]m[0xb7]Jv=[0xb9]rp[0xfd][0xf0][0x92]tp[0xf7][0xe0][0xca][0xc1]g=K[0x8d]E[0xf3][0xe2][0xd3][0x18][0x87][0xc]E[0x5][0xa9][0x81]@_[0xcc][0xb3][0xd0][0xea]*[0x11][0x95][0xe2]$[0xfb][0xc2]s[0x11]*[0x9]_[0xc7]N[0xe3][0xea][0xd8]is"[0x95]$[0x93]f}n[0x86][0xe7][0xb6]b5[0x92]9[0x8f]V`[0xa6]$i[0xf8][0xf8][0x9c]]2j[0x8e]9[0xb2][0xae]KY[0xd7][0xda][0xab][0x97][0xd0]G[\r]6[0x86][0x1b][0xc4]lQ3J*C[0xc7]*+[0xd0][0x8d][0xc6][0xb5][0xbf][0x84][0xd3][0xa0]t[0x92]T"-[0x93][0x8d][0xf][0x94][0x88]r[0xcd]J[0x94][0xd5]B[0x96]N[0xd7][0xe6]f[0x3]K[0x5][0xd7][0xb2][[0xc8][0xf3]1~8H[0x3]1V[0xbc]R[0x12]-[0x82][0xb4]9R)[0xc1][0xf7]!9&[0x9d]1[0xfd][0xdf][0xdb]_u[0x91]<[0x8c]g[0xff][0x2]vjyI[0xe][0xba][0x83]V[0xc8]gO[0x1][0xc7]5[0xb9][0x92]v[0x87]uL[0xb7][0xc1][0xf5];R[0x1f][0xc1][0xef][0x19]k"[0xf8]3VB[0xf0][0xe7]P[0xfd][0xc0][0xe4][0xc3]}[0x82][0x8b][0xf8][0xf0][0xa7]Wn[0xfe][0xf4][0xa7]7[0xba][0xfc][0xb5]'l0[0xc3][0x83][0xd5][0x10][0xa7][0xf9]I[0xa0][0x80]8D+[0x14]o\[0x83][0xb8]FH?[0xdc][0xec][0x8b][0x16]4[0x9d]rW~][0x9b][0xd3][0x18][0x8][0xae]F[0x80][0x8d][0xf]t[0xd3]fy[0xb0][0xcd][0x8a][0xc0][0x96]J[0xb0]Et[0x96][0x8d]%[0xb0]$[0x82][0xdb],k[0x0][0xe0][0x9][0xe5]j%[0xe3]_[0xd7][0x1c]s}[0x1d]T%`[0x8d][0xfc][0xfb][0xe5]w [0xc6]V[0x7][0xea]J[0x90]N+[0xc9][0x4][0x19]([0x8b][0x8a]+[0xc3][0xda]W,[0xc4]V[0xcd]02NI+2[0x99][0xa3][0x18][0x13][0xf7][0x95][0x17][0xb4][0x9a][0xc5][0xa2]([0x87][0xba][0xcb][0xe7]_[0x80][0x84][0xfc]<[0x12][0xd9][0xf3][0xe7]"
18:24:15.759 [main] DEBUG org.apache.http.wire - http-outgoing-1 << "[0xe6]"[0x1a][0x14] )|[0x17][0xbd][0xf6][0x86][0x0][[0xd1][0xec][0xbb]6;Nak[0xd5][0x94][0x96][0xcc]2[0xed][0x16];[0xb8]{[0x2]Z[0xb0][0x9d][0xc0][0x5][0x98]e[0x1d][0x90][0xcb][0xfa][0xa8][0x3][\n]"
18:24:15.759 [main] DEBUG org.apache.http.wire - http-outgoing-1 << "<[0xbd][0x17]Ly[0xfb][0xf0][0xf5][0x83][0xab],[0xf]Pd[0xc8][0xfc]b[0x8d]HV[0xca][0xd7][0x1c]Q[0x7]z[0xb8][0xbb][0xf9]yG[0x84][0x16][0x9][0x84][0x16][0x9][0x84][0x16][0x19][0x84]6[0x2]?[0x98][0xf7][0xbb][0xf2][0xb0][0x8]Vkz[0x88]Fo[0xcb][0x87]c[0x91][0x80]c1[0x80][0xa3][0xff]Vz[0x7][0xe3]j/K[0xf8]$[0xfd]|[0xa5]I[0x1d],[0xa3][0xd9]t_[0xc0]?C[0xdd]T[0xee][0x1e]\[0xc5][0x8b]7[0xb4]M.I[0xcc][0xeb][0x18][0x1e][0xca][0xc1]5[0xea][0xbb][0xfb][0x10]FK#[0xe3][0xb5]5`A<}w[0x1f]^m[0xef][0xda]:[0xb2][0x6][0xf1]E![0xfc][0xd0][0x1c]p[0x1][0x1a]j[0xe5][0x86]@[0xa7][0xc4]F'[0x17][0x0][0xdf]WA[0xcb][0xf2][0x92]C[0xec][0x2]`[0xca][0xe7][0x8d]C[0xc1] \[0xa7][0xe1][0x88][0xcd][0xdf]y[0xc6][0x0]%@[0xfc][0xa9][0xcd][0xd8][0x5][0xb],[0x1a]U[0xa9][0xc]$[0x3][0x1d][\n]"
18:24:15.759 [main] DEBUG org.apache.http.wire - http-outgoing-1 << "[0xca][0xe5][0x81][0xeb][0x17](j[0x9a][0xe6][0xf][0xe0][0x12]=<[0xc2][0xd1][0xff][0xe][0xfe]e{[0x85][\n]"
18:24:15.759 [main] DEBUG org.apache.http.wire - http-outgoing-1 << "bqU[0xe9]V][0x96][0x8d][0x87][0x19][0xe3][0xe5][0x83][0xc3][0x8c]`P[0x1f]Ua[0xae]ef[0xb1]][0xb6]tR[0xcc][0x8][0xc0];[0x1]t[0xd3]Z[0xd6][0x1f][0xf][0x1f][0xe8]Pn[0x3][0xc7]g[0xff]=i [0xf2][0x1a][0xc0][0xb0]Y[0xd6]k[0xe0][0xd0]^[0x83]`[0xb3]B[0x8b][0xc5][0x83][0xee]P[0x1e][0x3][0xd2][0x9d][0x87]W[0xec]~[0x1d][0x6][0x8e][0xf5]8]y[0x10]v$[0x8e]][0xb][0xc1]~[\n]"
18:24:15.759 [main] DEBUG org.apache.http.wire - http-outgoing-1 << "D[0xb4][0x13]4[0xf9][0xde]b[0x1a][0x17][0xee][0xae]MM[0xf7]P[0x8d]d[0xdc][0xae]-[@T[0x4][0x13][0x8d][0x98][0xb5]`[\r][0x9d][0xe7]A[0xb9][0x8c][0xf0]>[0x5][0xb1][0x8a][0xff]3[0x7][0x6]m:[0x91][0xc8][0x90][0x89][0xc4][0xc9][0x4]*[0xae][0x97]`[0xa2][0xd9][0xa6]@[0xf9][0xa5][0xb0]"[0x98][0x1a][0x18][0xc5]E[0xe8]'[0xcc][0xd6][0x17]Q[0x1e]j}[0x11]mj[0xe6][0xb7][0x13]/[0x86][0xa7][0xc1][0xfb]y[0xa2][0xb5]E[0x96]/[0xb2][0xe2][0xe3]"=;[0x81][0xf4][0xb0][0x96];q[0x85][0xae]ny[0x8f]2p[0x15]bb[0xa0]L[0x6][0xd5][0x87][0xbb]<w[0xfe][0x7][0xc7][0x9b][0xb7][0x98]Hy -[0x99][0xde]Aa||p^[0x18][0xf][0x1f][0xec][0xc2][0xf8][0xa7]^g[0x18][0xf0]>E([0xee]Dl[0xfb]+[0xfd]h[0xef][0xa5][0xf2][0x93]*[0x1e][0xaf][0xb9][0xe]@[0x81][0xb7]"[0x9][0xc0][0xd7][0x9e][0xd6]&y[0x87][0xfe][0x9c][0xc8][0xe]PYG[0x80][0xee][0xd4]\`[0xa1][0x80]>N[0x8][0xc0]A[0x91][0xe6][0x81]VqFS[0xfa][0xd2][0xde][0xb5]2[0xa8]J[0xe7]L[0xd7][0xd9][0xab]?[0xa3][[0x3][0x98][0x0][0xe9]d\[0xa5][0x1b][0x93])[0x90][0xa2]S[0x12]l[0x1f]Q|[0xf9][0xd0][0x8][0x88][0xc7]T5F[0xd5])[0x89][0xf7]X[0x1d]>[0x8b][0xf2][0x9c][0xb1][\r]096[0xed]i[0xff][0xac][0x94][0xd8][0xf7][0xc1][0x97][0xfb]W[0x1f][0xec][0xee]7[0xf6][0xb7][0x1f][0xdc][0xd9][0xeb][0xc1]?[0xf6][0xdf][0x17],[0xf3][0x1d]<[0x81][0x93]DD[0xa5]7{[0xa9][0xac][0xaf]I[0xae][0xa1][0x17]u[0x8b]^[0xf4]w[0xba][0xf8][0x3][0x99][0xd8]rC/[0x10][0xfe]@[0xbd][0xe0][0xe8]k[0x91]E[0xe3][0xf7]?[0xde][0xff][0xe3][0xfe][0xf6][0xfe][0xbb][0xfb];[0xac],x[0x8][0xa6]Et[0xf8][0x80][0xf7]c[0xf1]d[0x82][0xb7][0xe5][0x5][0xf]8[0xa0]y[0xcd]"[0xed][0x2]l[0xad]7[0xb6][0x9]R[0x10][0x9f][0xa3][0x87][0x91][0x3][0xde][0x10][0x95]*[0xb9][0xe5]I[0x0]@[0xac][0x1]l[0xf8]W[0xc3]*[0x0][0xea]s[0x8c][0x92][0xec][0xe]/[0xf5][0x11]5[0xe0]t7[0xdc][0xe7][0xa9][0xa6]H0[0xc9] ",[0xce][0xe4][0x13]_5.[0xf1]U[[0x10]5ERz[0xcb]XA[0xc3]yi[0xe]T[0xeb]_[0xf8][0x11][0xc7][0xa3][0x9b][0xf8][0h[0xe2]J*[0x96]J%[0x93]t[0xf6]J[0xfc]D[0xda][0xef][0xc7]"[0x87][0x9f]i[0x0][0x7][0xa9][0x19][0x1e]5[0x1f][0x93][0x15][0x85][0xa8]([0x8f]?[0xf7][0x11]J[0x87][[0x98][0xcd]#[0xaf]>[0xe][0x9f][0x83][0xcd][0xcb][0x86]Q[0xea][0xcf][0x8b][0xc2][0x4][0x10][0x1]=[0xff][0xa8][0xba]<[0xc][0x96][0xa5][0x12][0x9]+x[0x4][0xe1][0x96][0xf3][0xef][\n]"
18:24:15.759 [main] DEBUG org.apache.http.wire - http-outgoing-1 << "[0xe3][\n]"
18:24:15.759 [main] DEBUG org.apache.http.wire - http-outgoing-1 << "}I[0xc1][0xea][[0xd4][0xd4]![0xf4][0xc4][0xf9][0xc7]cHU[0x9b][0x1f]Y[0x84][0xf].[0xd8][0xc4][0xa0][0x82][0xc7][0x12][0xde]7[0xb8][0xb9]B+[0xd6]0B[0xee]R_[0x9d]C[0xcd]*x[0xac][0xaa][0xf5][0x2][0xe5]_[0xcb][0x81][0x12][0xc0][0xae]%[0x1]DWx[0xb5]:[0xc7][0xa9][0xd5][0xb9]Qa[0xa1][0xdd][0xb4][0xca][0xc4][0xae][0xe6]!,[0xab][0xb6][0xc8]J[0xce]M[\r][0x92]Z[0x1e]W[0xe3]J<[0x91]"[0xd3]@[0xd2]HqVUFs[0xf6]n[0x96],[0xdd][0x99][0xc9][0xc8][0x84]',).[0xa0][0xd1]=[0xa3]4|[0x8c],[0x98][0xa2][0xc9][0xb0][0x1c][0xd9][0x89][0xd7][0x9f][0xda][0xaf]$k[0x14]M[0xa7][0x18]T[0xcc][0x8]o[0xf][0xa1][\n]"
18:24:15.759 [main] DEBUG org.apache.http.wire - http-outgoing-1 << "n6o`:*[0xec]}[0xf4][0x9][0xca][0xfc][0xdc]:n[0x10][0x8d][0x8f][0x82][0xf3][\n]"
18:24:15.759 [main] DEBUG org.apache.http.wire - http-outgoing-1 << "[0xe]5[0xc]B[0x17][0xf1][0xd0],j[0xd3][0xf0][0xf]^)[0x92][0x5][0xa8]![0x8f][0x84][0xd6][0xac][0x1f][0xae][0xf6][0x81][0xaf][0x15]P[0xfa]?O[0xc][0xcf][0xd1]Mxs[0xa0][0x12]e[0x7][0xaf][0xf0]%[0xe5]s\I[0xf9][0xdc][0x8c][0xc8][0xe]N3[0xb1]r[0xb]vq][0xe4][0x1]G[0xe3]M[0x9b][0x95][\n]"
18:24:15.759 [main] DEBUG org.apache.http.wire - http-outgoing-1 << "B[0xf2][0xb4]i[0xd8][0xe5][0x1][0xb2]=[0xe4]x*[0x93]b[0xc2][0xe0][0xd0][0xa2]'+,U[0x85]n[0x9b]L[0xf4]PT5[0xa3][0xc4]([0x97][0x92],Z,3][0xd1][0xfb][0xf3][0xdf]>[0xfd][0xf9][0xfd][0xcf]x[0xf0]v[0xe8]^[0x96][0x9b]9G[0x82][0x17]OMZG`[0xc]m[0xd8]O;Cw[0x85][0xe1][0xad]V*e~[0xd0]![0xe1]d[0xff][0xb3][0xf3][0x81][0xf4][0xec]q[0xfd][0xda]q[0xfd][0xfe]q[0xe3][0xcf][0xc7][0xf5][0xbf]<[0xd7][0x9][0xcc][0x95][0xd0][0x16][0xcd][0x81]J[0xf3]V9D2~[0x8f][0x8][0xc5][0xc1]c[0xf0][0xc1][0xb]_[0xb2][0x1e][0x82][0xb7][0x82][0xfd]A[0x1e]v+[0x84]w[0xc8][0xbf][0x82][0x7][0xdc]Jhf[0xfe][0xf0][0xce][0xc1][0x95][0xc3]o[0xfa][0xb0]/W*[0xdd][0xbd]C[0xf0][0x17]L[0x2]Bw"[0xeb][0xd4][0xae][0xf0],o[0x8e]cys[0xd9][0x9e][0xea][0xd4][0xc2]\R[0xe9][0xb4]n[0x99][0xba][0xa8][0xa3][0x1f][0x1a][0x96][0xaa]R[0x1b][0xcc][0x8b][0xaa]Q+[0xda][0xdb][0xbc]*[0xe5][0x9a][0xdb][0x8e]c[0xe]J![0xc9][0xb1]X[0x9a][0xce][0xe1][0xc8][0xa0][0xa5]0[0x1e][0x95];[0x15]Q[0xb2]V[0x96]Q{@n"
18:24:15.759 [main] DEBUG org.apache.http.wire - http-outgoing-1 << "Y[0xf4][0xef][0x95]e[0x94][0xe2][0xf][0x95]Q[0xca]eiF[0x9]_[0xf6])[0xac]W[0x1b]<O[0xc]e[0xb]C[0xd9][0xdf][0xa2]V[0xe4][0xaf][0xe8]B[0xb5][0x1][0xa5][0x14][0x1c]][0xa0][0xce][0xc5][0xd8][0xe][0xde][0x9a]En[0x19][0xd4][0x91][0xfe][0xa2]|[0xb3][0xaf]8[0xb3][0x15][0xbd][0xbf]*[0xb5]9[0xdb]Y[0x8a]\[0xec]l[0x1e][0xda]g8h[0x9f][0x11]R>l[0xec][0xe7]h[0xa9]$[0x8c][0xb3]@[0x3][0x9e][0x6][0xae][0xa1][0x97][0xcc][0xaa].A[0x1d]v[0xc9].!p[0xfb]3[0x3][0xd6][0xc8][0x14](Y[0xa0][0x8][0xc][0xe8][0xb2]:[0xeb],[0xd5][0xca][0xc8]c[0x5][0xb7]N[0xef][0xd5]][0xc3],a[0xf][0xd6]/g[0x84]2IEV[0xe5]8[0xcd][0x8][0xc5][0x86][0xe1]JI[0xaf][0x91]hR[0xa4]E[0x99][0xce]([0x89]8U]2[0xd1][0xb3][[0x18]:[0xbd]1e[0x16]:[0x84][0x85][0xae][0xe0]O`m[0xc]A[0x98]E[0xa2]C[0xc3][0xc0][0xdc][0x19]R[0xfb][0xf5][0xe7]-p[0x7][0xdf]8[0x1][0x95][0xbd]G[0xec][0xe][0x8e][0x4][0x1c][0x9e]Xh^[0xfa]3[\r]P[0xe7][0x1d][0x10][0x92][0xb8][0xdb][0xc8]{[0xf3][0xf2][0xf1][0xe6][0xad]p%[\r]O*[0xf8]'5?.[0x87]v&[0xb9][0x3][0x83][0xe][0x9f][0x11][0xda][0x9a][0xc1][0xcf][0xcd]'p[0xf0][0x13][0xef][0x19]w[0xb6][0xf3][0x14][0xb9]y![0xa8][0x9]![0x91][0x7][0x1b][0xa0]h[0xb8][0xd5](AQ[0xdc][0x80]%[0x91][0xbe][0xbf][0xdc][0xda]m[0xdd][0xe6]DF[0xfe]<+2[0xf2][0xa3][0xe7][0x5]"[0x3][0xb1][0x9a][0xaa][0xca][0x88][\r]xQQ[0xc4]8[0x1a]u[0x16]l[0x80]UoZ[0xad][0xf7][0xe0][0xd5][[0xbb][0xed]W[0xda][0xf5]v[0xa3][0xb5][0xdb][0xfa][0x9a]q[0x8]S7[0xf1][0xbd]w[0xf4][0xf7][0x97][0xfd][0xa3][0xa5][0xd6][0x87][0xad][0xb4][0xeb][0xad]o[0xdb][0x9b][0xad][0x9b][0xad][0xfb][0xad];[0xad]{[0xad][0xdd]v[0xbd][0xfd][0x6]y[0x1d]iNw[0xe1][0x88][0xcd][0x1b]E[0xe0][0xee][0xc1][0x6][0x9e][0xa2][0xb3][0xa4][0x88][0xb9][0xb8]8[0x8e][0x1d][0x90]S[0xe9]"[0xb2][0x82][0xa4]x[0x81]f[0xaf][0xaa]I[0x85]nz[0x93][0x80][0xe1][0xa9])V[0xaf][0xf][0xaf]F[0x10][0xd9]j<[0x91]![0x93][0xd0][0xe2][0x19]1[0x11][0x96]$[0xc2][0xd6]S[0xe2][0x94][0xee][0xe1][0xa1][0xfc][0x4]|[0x1b]sg[0xe7][0xbd]@1X?p[0x8c][0x93]d[0xfc]3[0x17][0x18][0x4][0xd1][0xd6]|[0xfe][0xfc][0x2][0xd9][0xc]1[0xb8]'[0xa9][0xaa][0x97][0x97][0xc9]L[0x17][0xa8]Mun[0xb3]Xd[0xdb],n[0xb0]#[0xb3][0xe2][0xc][0xff][0xb6][0xe1][0xdc][0xa5]v[0xa3][0xfd]v[0xeb]~[0xfb]mV!q[0x98][0x10][0x17][0xa7]F[0x4][0xa4][0xcd][0xd5]\Qx|[0xeb][0xc3][\r][\n]"
18:24:15.962 [main] DEBUG org.apache.http.wire - http-outgoing-1 << "16ba[\r][\n]"
18:24:15.962 [main] DEBUG org.apache.http.wire - http-outgoing-1 << "[0xf6]f[0xbb][0xde][0xae][0xb7][0xee][0xb5][0xee][0xb4][0xee]FK[0xc9]<p[0xc1][0xa2][0xff][0xdb]Eb[0x12]Ns[0xc5]t[0xab][0xcd][0x8f][0x2]S[0x83][0xfa][0x81]{:[0xca][0xb5][0xe3][0xc6]?[0x8f]7[0xff][\n]"
18:24:15.962 [main] DEBUG org.apache.http.wire - http-outgoing-1 << "[0xb9]n[0xc8][0xcb][0x5][0x12][0x13][0x1d]kz[0xc7][0xe2][0xc8]W[0xf8][0x1b][0xaf][0xc1][0x11]C[0x1b][0x84][0xd9][0x87][0x4]'<3[0x98][0x8a][0xe1]_[0xd7][0xdf][0x81]sd[0x1a][0xb0][0x80][0xd3]a[0xa3][0xef]|[0xd6]"[0xd8][0xe8][0x85][0xa9]c[0xa8]:[0x80]B[0xfd][0xb2][0x8b]v[0xd9][0x86][0xc1][0x9a]Q[0x9c][0xdd]Pv4{v[0xa8][0x13]s[0x7][0xe5][0x12])[0xf5][0xf4][0xf2]z[0x4]oW[0xe4][0x8d][0x9e]<g[0xf4][0xe4][0xb3][0xc2][0xfa][0xfd]lv[0xeb]40[0x1d][0xbb] [0xca][0x98]CCR"[0xcc][0x9b]Q[0xe][0xa0][0xe0]Si[0x1d]x[0xbb][0xba][0xc6][0xb9][0x7][0xc][0x81]([0xce]=[0xa1][0xc6][0x93]2S[0xb8][0x1f]*?[0x9c] [0x81][0xd7]"ze[0xa5]cJ[0x8a][0x88][0x88]K[0xa8]'[0xd4][0x1e]U[0x9f][0xec][0xc2]i[0xa8][0xee] :h[0x1e][0xb5][0xbe]Z8[0xf]y[0xf5][0xb3][0x13]|V[0x9c][0xd3][0xac][0xe6][0x13][0x1d]`[0x9a][0xcf][0x12]N0<i[0xc9]5L[0xf4]`I[0xcd]g[0xde]xl[0xd6][0x8a][0xbb][0xc6][0xd4][0x8d]Y#[0xeb][0xc6][0xac][0x1][0xc3][0xb4][0xb8][0xec][0xba][0xbc][0xe9]z_D[0xcb][0x5][0x1d][0xab]4X$[0xe8][0x84][0xda][0xe4]?5O[0xe][0xdc][0xa4][0x8b][0xf6][0xfb][0xdf]"[0xe4][0xcf][0xd6][0x9a];[0x84][0xaa]4[k^%[0x14]%T[0xc3][0x1b][0x95][0xe0][0xe3]a[0xd9][0x87][0xbe][0x98][0xf8][0xa2][0xfe]T[0xd6][0xec][0x87]@'[0xe5][0x86][0xe9][0x98][0x5][0x10]U[0x8e][0xb6][0xc8][0xe7][0xd2][0xe4][0xb9]\[0x9a][0xbc]&2[0xaa]Ri[0x86][0xf1][0xc7][0x89][0x82][0xb][0xc0][0x1]kB[0x1d]Ic[0xe5]G8[0xb3]9[0xb3][0x0][\n]"
18:24:15.962 [main] DEBUG org.apache.http.wire - http-outgoing-1 << "[0xb0][0xf0][0xae][0x19][0xee][0x1d][0xa4][0xff][0x9e][0xac]$[0x18][0x1][0xe2][0x17][0x9d][0x1d][0x96]U.x}[0x84][0x98][0x89]gF[0xc9]r[0xf7][0xc6]{[0xf1]P[0x19][0x91][0x15][0xe2]s[0xf7]v[0x96][0xc4][0xf5]h9[0x12][0xcf][0xa4][0x1e]N[0xdd][0xc9][0xe8][0xf6]>[0xfe][0xb5]%[0x9e][0x7][0xe2]Q`[0xb1][0x11]nc[0xc9][0x11]n{[0xc2][0xe3]:*[0xf1][0x16]Qf[0x8a]8[0xa6][0xc0][0x9c][0xe3][0xc9][0x10][0xb8][0xa3][0xf9]QX[0x8d][0x96]8[0xc2]`[0xce][0xf0]d[0x9][0x8c][0x95][0xf9][0xf1][0xcd][0x83]m[0x88][0xde]>[0x8][0x8f][0xa2][0xd9][0xdd]g[0xe][0xe1]D[0x2][0xb4][0xb6][0x6][0x90][0xab]T[0x4]O[0xbe][0x9b]F[0x9e][0xeb][0xa6][0x81][0x83][0xb8]y[0xce][0x83]Iu[0xc3][0xd7][0x89][0xea][0xab][0x87][0x86][\r][0x2]][0x82]9[0x8d][0x83]5[0xb][0xc7][0xba]{[0xbb]~9[0xa9][0x91][0x90][0xd3]J*I[0xf6][0x85][0x8e]gN$[0x87][0x13]I6[0xcc][0x5]_)[0x4][0xa3][0xac][0xa6][0xe5][0x1e]ZjE[0x86][0xba]C6C[0xc4]c[0x1c]n[0x1e][0xbe]v[0xf8][0xfa][0xc1][0xe][0xbf][0x9a][0xcb][0x1d]V[0xf3][0x17][0xc6][0xc9]Pq4S![0x8b]q[0xb8][0xf9][0xc4]X[0x8c][0xe0][0xed]aD[0xf9][[0x18]O[0xf6][0x9a][0xde][0xbc]Q[\r][0xe1]t[0xe3][0xb8][0xf1][0xf7][0xe3][0xc6][0x15][0x9c][0x9d][0x16] [0xca]?[0x7][0xe3][0xc9][0xdf][0xaa]P[0xdf]a$[0xd9][0xfa][0x9a]n[0x6])g[0xf9][0xda]E[0xb0]R%[0x96]dX[0x2][0xa7]w[0xf8][0xac]U[0x9f]"[0xde]"[0xf6][0x5][\n]"
18:24:15.962 [main] DEBUG org.apache.http.wire - http-outgoing-1 << "[0xe8][0xeb][0xce][0xf2][0xfa]F[0x7][0xde][0x82][0xef][0xb1][0x97][0xe7]z[0xec]a[0xe3][0x96][0x3]{&[0xc5][0xb5][0xce]1[0x8a][0xba][0xa8]B[\r][0x1a][0xb2][0xf5]^[0xeb]N[0xfb][0xe5][0xd6][0xad][0xd6][0x9d][0xd6][0xed][0xd6][0x9d][0xf6][0x1f][0xa0][0xd5][0x8c]fG[0xc6][0xcd][0xb4][0xde]k[0xbf][0x1][0xf]j[0xbf][0xd1][0xba][0xdd][0x89][0x8f][0x8][0xce][0xf4][0x19][0x5]w}[0x0]"![0x15]K[0xa8][0x8c]O[0x3][0xae][0xc5]*[0x9b][0xe6][0x9a]7[0x9d]e[0xc3][0xdc] [0xd2][0xe0]3[0x99][0xa4]L[0xc5][0xd2][0x8][0xa3][0xe1][0xa2]i[0x3][0xc4][0x3]-[0xe4][0xf2][0x11][0x84][0x1][0xf9]8")[0x83][0x84][0xac]F[0x8b][0x8e][0x9][0xd2][0x10][0x8]~[0xc][0xa6][0xe4][0xda]%Rx[0xb4][0xeb][0x9d]%Gq[0x9d]![0xc]L[0x87][0x1d]w[0xa8][0xd3][0xdc]_m[0xed]>V[0xb6][0xc0]t[0x96]M[0xd7][0xa4][0xe8][0x2][0xd3]Y[0xae][0x99][0x1b][0xc]a[0x80]_[0xa8]IS[0x6][0xd7]![0xbd][0xda][0xf8][0x9c]^[0xed][0xc9][0xe3]<[0xa3][0x1][0x8d]H[0xd1][0x5][0xde][0xbe][\r][0x86]0[0x80][0xb3][0xd9] [0x98]V<=[0x9a]/[0xb8]y[0xd8][0xf8][0xf1][0xcd][0x83]/[0xfa]g[0xc][0x96][0x9f],c0A1[0x6][0x93][0xc0][0x96]ft[0xbb]b[0xe9][0xcf][0xb8][0xd2][0xb8]^[0xb2][0x17]a[0x81][0x8e]E[0x12][0xe2][0x2])d[0xf1][0xa5][0xa5]'[0xb9][0xd2][0xd2][0x93][0xa3]g[0x84]U$[0x19])[0xf4][0xbc][0xa9][0x97]aW[0x2]Q[0xb4][0x1e][0x1a]t[0x12][0xd8][0xf8][0xaf][0x8b][0xff][0xeb]6[0xdf]yP5`W[[0x0][0x95][0x92][0x19][0xf0][0x12][0xa8][0x1a]f[0x5]T[0x81][0x89]6^[0xb2][0xcb][0x12][0x1c]q[0xd0]z[0x1c][0xa9]D&[0xce][0xd8][0xf]P[0xff][0x90]c[0xac][0xc][0x9a][0x4]6[0xdd][0xb4]BI[0xa5]I[0x1a]SI[0x89]9[0x8][0x95][0x97]A[0xb8]2O[0x1e]U[0xed][0xc7][0xf2]h[0x1]%[0xdf]??[0xcd]g[0xba][0x1e][0xdd][0xdb]9[0xba]w[0x19][0xfd][0xfb][0xf4][0xe8][0xde][0x17]G[0xa8][0xc8]1+[0x87][0xa2][0xa9][0xcb][0xff][0x1][0x0][0x0][0xff][0xff][0xdc]][0xcb]s[0xdb][0xc6][0x1d][0xfe]W8[0xb9][0xb4][0x7][0xd9]C[0x2][0x4][0x1f]GR[0x96][0xd5][0x8c][0x80]Z[0xa3][0x87][0x1d][0xfb][0x6][0x90][0x8][0x9][0x13]$8xP[0x91]O[0xae][0xad]d[0xd4]6m&m'ig2[0xed]h[0xa6][0xad]-[0xb9][0xae][0xed][0xb1]<u[0x9c]89[0xb0][0xbe][0xb3]7)[0xb9]U[0x8e][0x9a][0xfe][0x17][0x9d]][0xec][0x2][0xbf]}[0x80]"[0xcd]Zuu[0xd1]p[0xf1]X, [0xfc]>[0xec][0xfe][0x1e][0xdf][0xa7][0xd7][0x96] [0xeb][0xb4][0x97][0xeb]8}6[0xb1][0xef][0xfe][0x9]4[0xd6][0x1e]Oc[0xed]1[0x1d][\n]"
18:24:15.962 [main] DEBUG org.apache.http.wire - http-outgoing-1 << "[0xc4]<[0xcf]~[0x8f][0x87][0xb9][0x87][0xff][0xd2]!g[0x2][0x6]y[0x1d]0R[0x90][0xdf][0x18] [0xc8]o[0x12]w[0xd9]=[0xba][0xb5]wt[0xeb][0xf3][0x97][0xcf][0x9e][0x1d]?[0xfc][0xf8][0xf8][0xe1][0xc7]/[0x9f]~[0xc1][0x17][0xba][0xd2]3,pv[0x1f]l[0xc7][0x80]@~[0xb7][0xc1]11[0xc]l[0xc5]*]S[0xf0][0xcc][0xba][0xa6][0xf7][0x86][0xb0]j [0xfb]d[0x90] [0x1c]d1[0xea][0xb8][0x3][0xd1][0xde]/[0xb][0xf6]~Y[0x9a][0x97][[0xe6][0x92][0x88]V[0x9c][0x96]l[0xe5][0x8f][0xfb][0x83]+[0xff]d<[0xf8][0xc7]u3[0xa0]6[0xde]1g[0xce][0x88][0xa8][0x96][\n]"
18:24:15.962 [main] DEBUG org.apache.http.wire - http-outgoing-1 << "%[0xb6][0x12][0xe][0xd3]Z[0x8a][0xa6][0x8b][0x86][0x90][0x9a]n[0xa9][0xa8]iU[0xc6]rK[0x13][0xe6][0xd2][0xd7]ud[0xb9][0xb][0xab]h[0x11][0xa6][0xaf]"
18:24:15.962 [main] DEBUG org.apache.http.wire - http-outgoing-1 << "[0xad][0x93][0xd0][0x3]o[0xb3][0xe4]NEC[0x1d]#[0xb1]5#[0xd9][0xfc][0x80][0xb7][0xd2][0x1]C6?[0x90]|[0xd3]][0xb4][0xd9]~[0xb1][0x13][0xe5][0x6][0xa6][0xeb]5[0xc7][0x10][0xe4][0xe8]v[0x18][0xc2]:7[0xdd][0xe]=[0xe0][0xf0]C[0xbb]=&N[0xba][0x8b][0xc8]/[0x90][0x0]_[0xe2][0xf6]#[0xc7]$[0x9e]?[0xdd][0xe][0x87][0xfb][0xc0][0xf5][0x87][0xda][0x8f][0x81][0xef]O[0xb7]CX[0xe5][0x96]>Qj[0xaf]{[0x88][0x7]g[0x8a][0xc5][0xba];8[0xd5]T\[0xbd][0xb6][0xc6][0x18][0xa5]m[0x99]=/c-[0xe0]Z[0xa2]U[0xd6][0x5][0xab][0xac]KI%J[0x9c]U[0xd6]m[0xc7][0x8f]d[0x1c][0xb2][0xb8]G<[0xc][0x94][0xcc][0x6]>[0xb3]5[0xf7][0x1c])u[0x8f]3[0x1b]j[0xee]9[0xdd][0xb1]z[0xff]Io[0xd6][0xcc][0x6][0xad]Z[0xe1][\n]"
18:24:15.962 [main] DEBUG org.apache.http.wire - http-outgoing-1 << "UU5[0xcd][0x9b]W5y[0xde]<[0x1d]#H[0xe4]-j[0x13][0x14][0xc2]I[0xac][0x95]$8HR[0x1b][0xe][0xb7][0xe][0xee]bY[0xf]Ib[0x83][0x92][0x9d][0xc0][0xa4][0xc3][0x4][0xa6][0xe4]a[\n]"
18:24:15.962 [main] DEBUG org.apache.http.wire - http-outgoing-1 << "[0xb9]H[0x87][[0xe7]Q[0xe9][0xc5][0xa9][0x96][0xb9][0xbf][0x9e][0xa4]$[0xdd][0xa1][0xef]ml[0xf8][0xc3][0xfb]V,[0x9a][0x10][0x1b]>[0xda][0x9b]Z[0xfd]_[0x90][0xa7][0xee][0xf6]/A[0xac]/>=[0xb1][0xf9][0xe4][0xec][0xd8][0xe4][0x93]fl[0xf1][0xc9][0xa5][0xda]>[0xd3][0xa4][0x16]O[0xff]a[0x13][[0xbc][0xd5];C[0xfe][0x5][0xfd][0xed]:[0xb]([0x81][0x17]b[0xaa]o[0x19][0xa0][0x88][0xc][0xb8][0xba][0xc0][0x80][0xab][0xaf][0xca][0xa6][0xf5]J[0x89][0x9b][0xd6][0x1b]f`[0xfb]2]^[0xdc]#H[0x9a]JGdD[0x81][0x97][0xf3][0xcc]d[0xcb][0x89]![0xc2][0x94][0x96]F[0xaa][0xc2][[0xa9][0x16][0xb][0xd5]"[0xe4][0xcb][0xc3][0xce]D[0xa5][0xc2][0x17][0xcf]zt[0x4][0xb4][0xe2]F[0xd5][0x0]-[0x8d][0xa6][0xc8]*[0x0][0xa4][0xc0]q[0xad]vQ[0xfc][0xa8]'[0xf7][0xc7][0xe3]E[0xb6][0x1b]__[0xd5]!^[0xe0][0xe]r[0xae][0x87][0xfd][0x9d]P[0xf7]![0xf5][0xe0]_[0xab][0xad][0x8]l[0x8c]$[0x10][0xe5][0x9b],[0xca][0xac][0x9c]^[0x8][0x91]+[0xee][0x9][0xbc][0x90][0x1b]$[0xfa][0xe7][0xad][0xd2][0xc7][0xc3][0x88][0xef][0x90][0xa7]6fnA[0x1f]+[0x99]Z[0xd0]&[0x99]Z[0xd0]f[0x82]1[0xb7][0x9e][0x3][0xdf]e[0xba][0xdf]J[0xe]O[0x1][0x86][0xb6][0xc8][0x8c][0x82][0x1e][0xda]f[0xe][0xa5][0xf0][0xf2][0xf8]p[0x1b]M*&[0x87][0x97][0xc0];[0x8b][0x11]E}[0x81][0x11][0xea][0xd5][0x1d][0x8b][0xf0][0x8d][0xcb]pFd[0xc3][0xd2]W[0xc4][0x89][0x8b],[0xa0][0xa8][0xa8][0xdc][0xc4][0xc5][0xf0]z[0xbe]7[0x90][0x8a]O[0xe0]>[0x99]%[0x5][0x19][0xd4]l[0x1c]{[0xc5]R[0x81][0xe3][0xe1],[0x9d][0xd7][0xe6][0xce]U9T![0x17][0x83][0x2]3[0x5][0x95][0xa1][0xe0][0xac][0xc8][0x9c][0x8f]RU[0xef][0x98][0xa8]pU_[0x10][0xd1]%y[0xce][0x1c][0xba][0xa8][0xd9]i[0x96][0xfa][\n]"
18:24:15.962 [main] DEBUG org.apache.http.wire - http-outgoing-1 << "[0x8]O[0xd0]a[0xbe]![0xa1][0xbe][0xf4]~b[0xb3]N[0x9a]t[0xe2]@[0x9a][0xc4][0xac][0xf7][0x8e]n[0xff][0x8e][0xad][0xdd]K[0xf][0xb1][0xc8][0x19][0xc3]][0xc0]t[0xf][0xda]t[0xf6]@[0xe]o[0xa7][0x17][0x80][0xb][0x6][0x1c][0xdf]{4U[0xce][0x80]k[0xf9]g[0xd2][0xc2][0xeb]+[0x9c][0x85]g[0xe5][0x1a][0xb9][0xa2][0x12][0xb7]~U[0xb4]oY[0x81][0x85]R[0xe0][0xe9][0xee]|[0xa7][0xef][0xb9][0xb2]\#[0xdc]e[0x12][0x8d][0xa4][0xc3]![0xc1][0xc8][0xb8]y[0xa2][0xa1]'~[0x2][0xa9][0xa5][0x97][0xd4][\n]"
18:24:15.962 [main] DEBUG org.apache.http.wire - http-outgoing-1 << "g[0xe9][\n]"
18:24:15.962 [main] DEBUG org.apache.http.wire - http-outgoing-1 << "f[0xdc][0xe5][0xe9][0xb8][0xf1][0xc5][0x80][0xa1][0x97][0xb5][0xaa]V[0xcc][0xbf]J[0xb1][0xc4][[0x17]pR[0xd1][0xda]<[0xb2][0xd0][0xb8][0x0][0xff][0xc7][0xb]x1[0x82][0xe9][0x8a][0xd7][0xd6]E9[0x9a][0xde][0xfc][0xe8]p[0xeb][0xf0]gx[0xda]([0xf1][0xf1][0x8d][0x11][0xa9][0xd4][0xaf][0xb2]8[0xb0])[0xcb][0xb5]>[0xdc]:[\r][0xea][0xad]1p[0xb0][0x99]&Z[0xeb][0x8e][0xc5]`[0xc1][0xa6][0xcd] [0xc1][0xaf]Y[0x18][0x0] 0[0xbc]o[0x1][0x8][0xa0]-[\n]"
18:24:15.962 [main] DEBUG org.apache.http.wire - http-outgoing-1 << "[0x0][0xc0][0xd1][0x8f]Z[0xbc][0xf5]O[0xe3],[0xb0]6[0xcf][0x8e][0xe5][0xcf][0xfd]_.w[0xea]5[0x16][0xa4][0xec]F;[0xb4]{Ah;Y^[0x14]1[0xbb]I[0x17][0xb2][0x9b]tL[0xda]%T[0x83])[0x1c][0xe7][0xd7]e[0xb3][0x19][0xdd][0x90]A[0x15][0xea][0x10]+p;}[0xd3]%[0xb2]Y[0xfc][0xd8].[0xe][0xbf][0xf4][0x83][0xd0][0xee][0x85]Q[0x97][0xdb]w[0xa2][0xbb][0x93][0xce]W[0xe4][0xb2][0x1f][0xe5][0x92][0xa2][0xb2][0x12]>[\n]"
18:24:15.962 [main] DEBUG org.apache.http.wire - http-outgoing-1 << ")[0xfc][0x9a][0xab][0x9e][0xd7][0xa4][0xbe][0x14]xyX[0x2]Vz5T[0x8b][0x89][0x8][0x10][0xed][0x80]8a[0x1f][0x2][0x8f]^[0xd9][0x8e][0xcf][0xf9][0x1f]][0x84][0xf9][0x88]N[0x10]L[0xcf][0x5][0xfc]:[0xb4]([0xf9];"[0xc8][0xc5]n$[0x8][0xc6]nL[0x91][0xec]WG[0xb7]?[0xc0]2>Cry[0xb7][0xbe][0x8e]I[0xc3]Slc[0xcf][0xb3]d[0x9d][0x91][0xd9]N[0x80]7[0x11][0x1c] [0x80][0xc7][0x1e]Hp[0xf]mz[0xb1][0x13][0x9a][0xd7]{[0xc][0xfa][0xfd][0xf5]`[0xef][0xf0][0x3][0xa4]g{[0xe7]`[0x1f][0x5]:[0xbf][0xfd]p[0x1a]O[0x8a]c[0xff][0x8f]%E[0x90][0xdd]2p[0x10][0xb6]#[0x92]$([0x83][0x2][0x91]~D[0x17][0xe8]Gb[0xf7][0xbd][0x18][0xe6][0xc8][0xf3]aM[0xb7][0xe7]D2[0xce]0[0xdc]%[0xbb],IG[0xa5];v[0x18][\r][0xbc][0x0]dJ[0xcc][0x1a][0xed]P*eEa[0xfc] [0x1a]*[0xe4]T[0x8a][0xc2],[0x86][0xc][0x3][0x4]<4[0x95][0x9]U[0x96][0xa7][0xc]x[0xc4]![0xa1][0xe5]KzV[0xc0][0x3][0xdf][0xad]d[0xf5]R|]|#.[0xe7][0x92]p[0x1d][0xa8][0xae][0xb][0x9f][0x0][0x1b][0xf3][0xc0][0x3]u^<[0xce]uL[0xd7][0x1a][0x17][0xf2]pB3[0x82]3[0x96]0[0x82][0xa5]a[0xa4][0xcd][0xce][[0xb6][0x11][0xc3][0x1f][0x93][0xec][0xc]N[0xb3][0xe8]iLq[0x18][0xdc]@[0xac]:[0xf4][0xa2][\r][0x1b][0x18]t8`[0xe7]1{[0x87][0xdb][0xc8][\r]:[0xcd]l&[0x8c]N5[0xf4][0xb1][0xb6][0xce][0xd8]j[0xf4][0x9e][0xdd][0xb5][0xbc][0xc8][0xcf]P[0xb2]tE[0x9]=][0x90][0xd0][0xd3][0xd7][0xdf][0x91]rur[0xa5][0x9e][0xcc][0xb5][0x4]{E[0xbd]."/Z[0xee]B[0xd4]h[0xc7][0xdf]nx[0x2][0xde]w[0xe][0xed][0x1b][0xee][0xa2]jnn[0xa7]7[0xfc]C[0xdb][0xf6]ox-[0xfc]a[0xc7][0xfb][0x92]]Q[0x10][0x80]}[0xc3]{[0xe1][\r][0xdb][0x8a]l[0xbf]5[0xe3]'_+[0x97][0x14][0xbe][0xe4][0xbb][0xac][0xcd][0x95][0xe4][0x15][0xdf][0xe9]x[0xc1][0xa7]^[0xd1]*%[0x86]:[0xb8]2[0xe1][0xb7][0xbe][0xbe][0xa0]'[0xa4]C[0x17][0x16][0xc4][0xac]J[0xe6][0xe9][0xf0]f[0xff][0xba][0xd8]@[0xdf][0x14][0x1]k[0xb6]'[0xd7][0xe2][0xc0]([0x4]U][0xe9]s[0x92][0xf8]Q[0xc0][0xab]b[0x8f][0x9f][0x8d][0x80][0xf7]-F$[0xba]![0xf5][0x95][0xc2]"
18:24:15.962 [main] DEBUG org.apache.http.wire - http-outgoing-1 << "[0x8]A[0xa5]{8[0xe7][0xf3][0xb]L7[0xfa]I[0xdc]L[0xb0])[\n]"
18:24:15.962 [main] DEBUG org.apache.http.wire - http-outgoing-1 << "[0x82][0xb4][0x7][0xcb][0xe7][0xfb][0x8c][0xf1][0x9]n[0xe9][0xb9][0xdc]@b[0x84][0x8a]:A[0xb2][0x85][0xc0][0xd4][0xe1][0xf6]7[0xbb][0xb8][0x10][0xeb][0xfd][0x83][0xbb]H[0xc1]w[\n]"
18:24:15.962 [main] DEBUG org.apache.http.wire - http-outgoing-1 << "[0x85]N7z[0xef]T[0xc1]j[0xfd][0x1d][0x8]V[0x86][0xd9]03[0x82]*][0xb1]$[0xdd][0x10]J[0xd2][0x8d][0xda][0xbc]4W[0x8a][_H[0xd0][0x9][0xf7]u[0xfc][0xd5][0xe3]z[0x17][0x93][0x8e]6L/[0xb7][0xda][0xb7][0x1b][0xe][0xca][0x9c]lv[0x9d][0x9e][0x83][0x8a][0x0][0xd0][0xab]C[0x84][0x98][0x10]|[0x85]m;[0xcd][0xa2]b[0xc4]J[0xda][0xe]^[\r][0xbe]|z[0xff][0xfb][0x8f][0x1e][0xc4]y3$c[0xe6][0xb3][0x9f][0xa3][0xab]|r[0xf3]_?[0xfd][0xfc][0xbb][0xed]?}[0xbf][0xf3][0xe1][0xf1]o[0xbe][0xfe][0xee][0x17]7[0xf1]\[0xa6][0x15][0xaf]/[0xe1][0xe5][0xcc][0xdc]B@[0x86][0x81]y([0x1b]f[0x94]k[0x9a]9[0xa0][0xfb][0xbd][0x8c][0x1][0xcb]G[[0xe3][0xcb][0xbe]:eL[0xa9]X-[0xf0][0xfa][0xc0][0x14][0xea][0xe6][\n]"
18:24:15.962 [main] DEBUG org.apache.http.wire - http-outgoing-1 << "[0x5][0xf5][0xbc][0xa6][0x8d][0xd5][0x7]V'X[0xd6]L[0xa8][0xe][0x1c]?$[0x9][0xb4]eG{[0x8c]K[0xcb][0x90][[0xb4]A[0xa2][0xc3]fh6[0x18][0x91][0xc3][0xe5][0xf1][0x18][0xf7]_S[0xf4]eA[0xaa][0xcf][0xcd][0x98][0xfa][0x1e][0xc8]$][0xf6][0xfc]0jE[0x92][0x9e][0xc9][0x9e][0xe1][0xde][0x98](1[0xb5][0x1a][0xc]L[0xb4][0xf1][0xae][0xf][0x1a][0x9][0x9]**[0xb][0xdd][0xa3][0x10]D[0xf7]Z[0xf4][0xd0][0x88][0xe2][0xe]m[0xf4]\p[0x18][0x91]0[0xed][0x98]i[0xd8][0xe6]}D[0x17][0x85]2[0xb7]&[0xc6][0x97][0xae][0xd9][0x98][0x8a][0xa5][0xc2]0[0x1b]v[0x13]e[0xae][0xe4]~[0x88][0xac][0xed]][0xcf][0xef][0xda]~[0xee]j[0xd4][0xf2][0x2][0xd7][0x1c]L [0x19][0xd2][0x15][0x95][0xba][\r]A[0xa9][0xdb]X[0x92]i[0x1c][0xaa][0x15][0x8e][0xc]q[0xb5][0xe3][0xf5][0xaf][0xcb][0x12],q[0x8f][0x10][0x0][0x92]a[0x93]Bq[0xbe]L[0xfc][0xb3][0xd1][0xc3][0xd1][0xb3][0xd1][0x93][0xd1][0xfe][0xe8][0xab][0xd1][0xf3][0xd1][0xd3][0xfc]v[0xf4]pV[0x9e]D%[0xaf]U4[0xb5][0xca]&s'[0xe9][0x1e][0x8a][0xc2]-S[0x92][0x11][0x82][0x94]J[0xad]\[0x80][0xe2]E[0xea][0xe4]b[0xc3]8[0xbd][0xa5][0xbe][0x88][0xe6][0x16][0x8b]X[0xd0]n[0xe9][0xd2]*[0x91][0x1c][0x16]r[0xbb]e[0xf7].[0xd0][0xd8][0xe4][0xb3]s[0xbb][\r][0xa8][0x2][0x9e][0xde]F[0xae]is>[0xd7][0xd1][0xfe][0xe8][0xc9][0xe8][0xf9]xk[0xef]r[0x15][0xe1][0xdd]NS[0xd6][0xb9][0x90][0x90][0xfd]%[0xbc][0x89]81;[0x87][0xee][0x4][0xe5][0xf8][0x8f][0x9e][0x8d][0xb3][0xd5][0x1b][0xb8][0xcb]tm[0x3]_[0x15]j[0xb4][0xc3][0xdd][0xa6][0x17][0xfb][0x1a]R[0xcb]}[0x84][0xc5][0xce][0xd0][0xf2][0xe6][0xf8][0xd3];G[0xb7][0xff][0x8c][0x9]h[0xf6][0xa9][0xf2][0x8]r[0xda][\n]"
18:24:15.962 [main] DEBUG org.apache.http.wire - http-outgoing-1 << "9[0x99][0xb0]kj[0xe4]v[0x93]I[0xfc][0x8a][0xb7][0xc0][0xd4]/zR[0xea][0xcd]5[0xcc][0xe][0xde][0x92]zt'7[0xf7][0xce]$*[0x88][0xf3][0xac][0xef][0x82]V,H}[0x18]-[0xdf][0xb6][0xbb]6[0x16][0x94][0x9e]f[0xa2][0x81]^[0x1a][0x6]V[0x9a]f[0xcb][0xc][0x1a][0xf8][0x85][0x91][0xa1][0x86]X[0x1f]b[0x8][0xf5]![0xc6][0x85]Ei[\n]"
18:24:15.962 [main] DEBUG org.apache.http.wire - http-outgoing-1 << "[0x7][0x17]Z[0xad][0xf5][0x10][0x93]E[0xcf][0xf4][0x9d][0x81][0x8c][0xf5][\r][0xf7][0xcb]b[0x7][0x18][0xdb][0x8a][0xdd][0xf7][0xb0][0xfb][0xa2][0xf7][0x3][0x87][0xee]q:qh[0x80]S@[0x3][0xe7][0xcd]V[0x15][0xae](E[0xb5][0xa8][0x96]T&[0xe5][0x3]}[0xda][0x8b]e[0x1]D\t[0xc9]MP[0x19]^[0xce][0x17]![0xed]cQN[0x1c][0xa7][0x9e]X[0xb7][0xc9][0xdd]+7[\r][0xd0][0xb2][0x1d][0x1b][0xc6]b[\r]Zp<[0xc0][0x1c][0x92][0xc][0xc7]*[0xf2][0x9]:[0xd4][0xfc][0xd3][[0xeb]t[[0x1c][0xca][0xb8]-q[0x8c]BoNh[0xf7]6s][0xba]{[0xc][0xa6][0xe0]G[0xd5][0xc1]/[0xc][0xc1][0x14][0xf0][\n]"
18:24:15.962 [main] DEBUG org.apache.http.wire - http-outgoing-1 << "[0x11]P[0x1][RN[0xf4][0x9b]H[0xe2][0x1c]QD[0xdc][0x3]\[0xc8][0xcc][0xb1][0x96]pv?9f[0xb8]C6[0x11][0xe0][0x0][0xc3]h[0xfb][0xfc][0x16]*x~[0xe7][0xe0][0xc1][0xc1][0x9d]o[0x1e] [0xa2]d<{x49[0x98]4[g1 l[0xd4]8hr[0xcd][0x8d][0x8c][0x12][0xf2][0xae]X[0xa3]j[0x8]5[0xaa][0xc6][0x95][0xb7][0xa5][0xb0][0xc4][0xd5][0xa8][0xea][0x8e][0xeb][0xf5]Z[0x1b][0xd2][0xe9][0xcc][0x15][0x1][0x92][0xf0][0x98]f[0x83][0x95]B[0xa9][0xa2]*[0xd5][0x2][0xa3][0xbc][0x8a][0xd6][0x14][0x88]}][0x84][0x95][\r]6[0xe7][0xa3]R[0xac][0x14][0x19][0xfa][0xf5][0xfc][0x84][0x1e]T[0xe3][0xd2][0xb5][0x84]d[0xe2][0x9a]!NG[0x92][0xc7][0xcd]#Lv[0xc0][0xd7][0xb8][0xb2][0xc4]Z/[0x1a]k[0xae][0xb3]a6[0xda][0xcc]B[0xc3]X:[0xb5][0x14][0xb1][0x1e]W[0xa7]F[0x88]3[0x92]EK[0xa3]m[0x13][0xde][0x9][0xd0]W[0xa3][0xed][0xcc][0xb7][0xed][0x17]O[0xcc]q[0xd0]B[0x9e][0xe][0x81][0x15][0xd2]"[0x90]BZ)[0x9c][0xec][0xe2][0x2][0xd7]?[0xa6]@B[0x8e][0xb0][0x98][0xe3][0x9][0x80][0xb8][0xc3][0x9d][0x81][0x93][0x82][0x7][0xd9][0xd9][0xa6][0x87][0xe][0x1c][0x8][0x1a][0xc8],Q[0x81][0xeb][0xe4]`[0xb1][0xe1][0x9c]M[0xb0][0xb8][0xc2][0x83][0xc5]f[0xa6][0x82]sWL 1[0x84][0x4][0x92]XyX`[0x9c][0xc8][0xf3][0x15][0xed]H[0xdf]R[0x8f][0xba][0xfd]H[0xc6][0xd0]i\[0x9d][0xb9][0x12]L-[0x14][0xf3]Z[0xb1][0x0][0xc9][0xa6]Q[0xc6]h[0xa1][0xa0][0x8]"-[0xf1]=[0x3]nw5_[0xc9][0xc3][0x95]KF=[0xaa][0xc4][0xf7]P[0xc7]e[0xeb][0xb1][0x8a]5[0xaa][0x2][0x93][0xc1][0xc3][0xa6]L|[0xb9][0xa8]U[0xde][0xfa][0xf][0x0][0x0][0x0][0xff][0xff][0xdc]]=[0x8f][0xd3]0[0x18][0xfe]+[0xd9]X[0xe0][0xd4][0x8f][0xb4][0xe4][0xc6][0xc0]![0x15][0xa9]ah{[0x95][0x18]-[0xc5][0xd7][0xb8]u[0x9b][0xaa]1[0x95][0xba][0xc1]1[0x1c][0x12][0xb0][0xf2][0x3]`[0xa0][0xd0][0x93][0x18]X[0x18][0x90][0x18]86[0xfe][0x0]B[0xca][0xd2][0x85][0x9f][0x81][0xec][0xc4][0xed][0xeb][0x8f][0xf4][0xae][0x14]*`l[0x14]%[0xb6][0x9b][0xc7]~[0xfc][0xfa]y[0xdf][0xa7]p[0x82][0xb8][0xdf]R'[0x88]Y[0xe6][0xbd]LF[0xbd][0x9e]8(Y[0x8b]H[0x83][0x8d]SD[0x16]D[0x81][0xc1][0x88]dhy[0xb2]![0xb][0x99];[0xe3][0xeb]+[0xb7][0x1f][0xe1][0x9a][0x96][0xf7]B[0xd3][0xb2][0x11][0xe4]y[0x1f]W0O[0xe0]~[0x84]"[0x2][0xad][0x97]9[0xd2][0xcf][0xc5][0xf6][0x3][0xfa].[0x7][0x88]B[0xd7]e[0x81][0xef][0x4]n4V[0xbf]%[0xe0]1I[0x94]][0x6]U[0xec][0x96]s[0xd4]oS[0x2]s8K[0xfe][0x92][0xa4][0xb0][0xc0]ok0[\r][0xc9][0x14]'[0x5]05[0xd3][0xc2][0x82][0xae][0xb9][0xd9][0xe8]Z[0x13]PJ[0xba]^[0x9c]~~c[0x3]hW[0x84]5E3[0xf2][0x9a][0xb4][0x89][0xb6][0xc8][0xf3][0xf8][\n]"
18:24:15.962 [main] DEBUG org.apache.http.wire - http-outgoing-1 << "h[0xe8]Q"
18:24:15.962 [main] DEBUG org.apache.http.wire - http-outgoing-1 << "D[0xa6]8"N[0xb][0xa1]~[0x1f][0xcf]z[0xd8][0xe1]y*q,,[0x19]wq:[0xad][0xba]nIQRTy[0x1d]][0xa3]TL[0xd6][0x14][0xc5][0xc1]A=Cu[0xb][0xab][0xd6]][0xb2][0xb1]XuQCt[0xbd][0xf8][0xd8]$[0xe8][0xaa][0x88][0xe][0xc9]4sS?!3[0xa4],[0xfa][0x7][0xe9]%[0xc5](B-W,$ W[0xec]H[0x8c][0xb9][0x8e][0xe7][0xf4]i:O[0x9f][0xa4][0xe7][0xe9][0xc3]t[0xbe][0x11][0xc6][0x98][0xf7][0xc]D[0x16][0xc4][0x8]&[0x0][0xc8][0xb2][0xe7]9[0x90]_[0x8a][0x82][0x9a]g[0xcb][0xd3]W[0xcb][0xc7]/[0x0][0x90][0xf9]m[0x0][0xc8][0xf2])c[0xa6][0xfe][0x96]@[0x96]o[0x8d][0xd6][0xf7][0xeb][0x8b][0xf7][0xbb][0xef][0xcf][0xb6][0x89][0x12][0x86]Wq?n[0xfb][0xbe][0x88]5[0xa9]r}[0x81]Z[0x8][0xea][0x93]x[0x92][0xc7][0xec][0x11]un[0xc7][0xf1][0x18]O~E[0x3][0xc1][0x1][0xa8]B[0xba][0x88][0xa4][0x9b]~I[0x81][0xe1][0x97][0x14]4[0xad]$]WB[0xdd]BC4[0xb0]F[\r][0x9a]&E'zL[0xe0]Avu7[0x9d]v[0xd9]+W5[0xf9][0xa6]pC[0xbd]aa[0xed][\n]"
18:24:15.962 [main] DEBUG org.apache.http.wire - http-outgoing-1 << "g[0xaf][0xb8][0xa5][0xf2]!,[0x90][[0xb5][0x91]v[0xab]p3[0xb7]D[0x7][0xa2][0xed][0xa0][0xd5]Y[0x8b]8[0xef][0xdc][0xb3][0xad][0xd3][0x16][0x12]_[0xaf][0xff][0xdb]v[0xe8]y[0xaf]$[0x9a]![0xf5]V[0x89]7[0x88][0xe9]SH[0xb8]![0xdd][0x86]\[0x1b]2m[\r][0xaa][0xdb][0xac][0xb7][0xf4][0xff][0xe4][0xd8][0xcd][0xbb][0x1a][0xd2]Y[0x11][0xc1]6[0x95]NA[0xc7][0x84]z[0xc7]*[0x9e][0xd0][0xb]8 J1c[0xb6][0xc][0x8c][0xa0]c[0x82]][0xdc]([0xed][0x96][0x6][0xc8]a[0xe8]Z~y[0xc7]s[0x4][0xb7]R[0xab]zP[0xe6][0x4]2E[0xaf][0x97][0xdd][0x83][0x9a]gQ:[0xf2]7+'[0x81][0xbf][0xa7][0xc8][0xbd][0xec][0xa7][0x6][0xeb][0x9b]J[0xd6]4dz[0x9c][0x8e])[0xcb]>[0xb3][0x9c][0xd0][0xf1][0xcb]d/n[0xa7]r4[0xe4]t[0xc0] Eg*?_,O?[0x81]9[0x81]A^[0xce] )g[0x90][0x91]3[0x4][0xe6][0x5][0xa6]S[0xf1][0xb7][L[0xc]l[0x9f]*[0x2][0x8e]0[0x5][0xb0][0x93]$B[0x94][0x2][0x9e]k[0xc3]ndb[0xb7]a`[0xb7]a3)[0xae][0x1f]Vt[0xd6][0xdd][0xcf]>5[0x3][0xb9][\r]+[0xc9]6[0xda][0xe7][0xc7][0x14][0x8f]/[0x1e][0x8d][0x1c]?[0x9e]|y> #'[0xf8][0xfa][0x1a][0xf5][0xf1][0xc5][0xc7]]j3[0xd6]\[0xcf][0x83][0xeb]6[0x8f][0x9a][0x95][0x8d]*[0xd1][0xb2]9J[0xd2][0xb7]w[0xd5][0xa2][0x8c][0x9b][0xf1]+;[0xa1]C[0xb8][0xe6][0x15][0x87][0xd7][0x8e][0xdb][0xe0]|[0xef]xD[0x18][0xe]s[0x89][0xfa][0x9e][0x93][0xab][0xb4][0x18][0xbe][0xa6][0xb][0x18][0xa2][0x8][0xce][\r]p[0xc][0xd5][0x2][0x94][0xa8][0xf][0xff][0xce][\r][0xe8][0xce][0x1e]A[0xb8][0xc5][0xa9][0xe2]o[0x9a][0xac][0xbe][0x18]hq[0xaa]\][0x3]_[0xec][0xca][0xb9]=[0xc5][0xe2][0xc7][0xe2][0x83][0xe6]x[0x9a]}z?[0x1][0x0][0x0][0xff][0xff][0xec]][0xdb]s[0x1b]U[0x9a][0xff]W[0xba][0xf2]2l[0x95][0xed][0x92]ZRK[0x9a]7Eq[0x8c][0xcb]Q[0xdb][0xd8][0xc9][0x6][0xbc][0xb5][0xf]G[0xd2][0x89][0xd4]V[0xab][t[0xb7][0x12][0x9c]''&[0xc9]0[0x13]v[0x97]b[0xd9]Y[0xaa][0xa0]v[0x98][0x81][0x10]3[0x98][0x0][0x1][0x8a][0x82][0x99][0xcc][0x83]B[0xd5][0xd6]>%o[0xf6][0xf0][0x12][0xd6],[[0xdc][0xfe][0x87][0xad]s[0xe9][0xee][0xef]\t[0xc3]01[0xa9][0xad][0xa2][0x88][0xfb]t[0xf7][0xe9]sZ[0xfd][0xfd][0xce]w[0xbe][0xcb][0xef][0xe3][0xb7]$5O[0x85][0x8e][0x92][0xb2][0xa7]B+[0xc7][0x7]>G[0x87]V4[0x1][\n]"
18:24:15.962 [main] DEBUG org.apache.http.wire - http-outgoing-1 << "[0xf0][0xd9]k[0xc8][0xf5][0xcf];[0xc6]r[0xe4]7[0x1c]X[0x6][0x95]UD6[0xa8][0xd9][0xff][0xbd][0xbd][0xf][0x8][0x8c]L[0xe]"mwl[0xa8][0x0][0x91]OQ[0xf2]#[0xc7]sX[0xf9],[0x9d][0xcc]?[0xad][0xca][0xfc][0x13][0x8a][0xcc][0x9f]~B#[0xf3][0x5][0x99][0xf6][0xed][0xa4][0x1f]D[0xb3]M<{[0x92][0xa8][0x8a]Z+[0xfa][0x13][0x87])[0xbd][0x96]+[0x96][0xcc]<[0xdc]%g[0xf3]s4[0x10][0xa7]83ke%[0x11]N[0x14]L&[0xbd]L`G[0x9][0xef]l&?[0xc1][0xe2][0xb]^[0xa6][0xbc][0x2][0xe7][0x8f]d[0x84][0xe1][0x8][0xd9]J[0xa7][0xc2][0x97]O[0xda][0xd2][0x0]K([0xb8][0x4][0xae][0xa3][0xdb]W[0xe9][0xf6][0xf8]7T[0xb4]n[0xa5]kjz=[0x90][0x1a]z[0xf2][0x15][0xb1][0xfc][0xa4]Oh+[0xcf][0xe4]+-[0xe1]U[0xd9]{[0x8b][0x17][0x11][0x9d]b[0xc5][0x8d][0x9e][0x9e]2[0xae][0xa6][0x1f]8[0xd1][0xf0][0x18][0xfe][0xae][0x9a][\Sr[0x8b][0xd9][0xa6]L[0xdd][0xc4]J[0xab][0xa3][0xed][0xf7]Q[0xa7][0xd1][0xf6]#[0x1d]1[\n]"
18:24:15.962 [main] DEBUG org.apache.http.wire - http-outgoing-1 << "[0xed][0x95][0xa0]\[0x17][0xd0][0x8f]1[0x1d][0x17][0x8c][0x10]%,)[0xc4][0xfa]D[0xeb][0xbf][0xfc][0xd7][0x9d][0xc5][0xd0]%[0xc9]NqC[0x8d]r[0xa8]Dw/y[0xb4][0xe9][0x90][0xdb][0xde]\1[[0xb2][0x8a][0x2][0x85]*1?[0xcd]f[0xd5]@[0x9a]x[0x9c][0xb0][0xf8]a.S[0x84][0xe6][0xaa]|FG~[0xa0][0xdd][0xfb]2[0xcb][0xc0][0x1a][0xa5][0x90][0x9f]_{\[0xe5]N[0xb9]BB:[0x9][0x99]*[0x89]C[0xd7]g+[0x16]G[0xd8][0xa6]W[0x97][0xe1][0xb2][0x95][0x8c][0xdd][0xf0][0xfb][0xad][0xbe][0xb3])[0xd8][0xb2][0xce][0xd4][0x1e]Z[0xc6]"[0x19][0x19][0x8e][0x90][0x18]([0x3]>[0x8].[0xb3][0xbc][0x5][0xb]&[0xad]?[0xd1]T[0xe6][0xbf][0x88][0xb9][0x0][0xc2][0xdd][0xf5][0xf4]n![0x1f]@l[0xe2]R[0xcb][0xef][0x83][0x96]j[0xde][0x4][0x8d][0xd5][0xe4]G[0xe1]EJ[0xa7]I[0xe][0xe8][0x6][0xd1][0xff][0xa7]:>[0xd4]T[0xc7][0xda]i[[0x5]F[0x96]r[0xa4][0xc3]E5][0xa2][0xa6][0xa4]K[0xd4][0xce][0xac]i9[0x17]$[=[0x89][0xed]4N[0xf9]}G[0x97][0xde]D{U[0xf1][0x90][\r]L[0x89][0xfc][0xe9][0x7]N[0x3][0x1f][0xd6]?oZf[0xa9]X[0x96][0xa2]~L[0xbe][0xdd][0x9f])[0x14][0xe5][0xf0]_>"[0x18]A[0x98][0x99]$_{[0x12][0xd5][0x83]MH[0x1][0xb6][0x11][0x5][0x94]kgVe`c&[0xfa][0x1e][0xc6][0xa2][\n]"
18:24:15.962 [main] DEBUG org.apache.http.wire - http-outgoing-1 << "r[0xf3]![0x10]2[0xc0]_/E[0xb3][0x86][0xe3]C[0x95][0xde]H[0xe7]-[0xa3][0x19][0xd5][0xe9]SbV[0xd8]][0x2]f[0x83]][0xd6]_[0x2]e[0xa4]A[0x2]2vK[\n]"
18:24:15.962 [main] DEBUG org.apache.http.wire - http-outgoing-1 << "c[\r]g[0xa3][0x1f]*(69[0xf]c[0xb7][0x1f]>[0x92]&[0xc0]U[0xc9][0x4][0xb8][0xe9]G[0xd1][0x90]M[0xc5][0xa6]j[0x4]|J5[0x2]>[0xa5]U[0x95],[0xc5][0x90][0xd0][0xf5][0xfb][0xcd][0x8b][0xbe][0x8e][0xf1][0x89][0xf6]p[0x2][0xf7]P[0x10][0x91][0x0]H[0x86][0x9][0xf1][0xb8]N[0xc]v[0xc8][0x9][0x1a][0x1a][0xc9] [0x81][0x9d]9l$[0xa0]U[0xce]"
18:24:15.962 [main] DEBUG org.apache.http.wire - http-outgoing-1 << "[0x16][0x84][0x80][0x1d]Pz=_[0xd0]'BM[0xbd][0x1b][0x99],[0x1e]0[0x9e][0xaa][0x8][0x9][0xd9]b[0xe1]g[0xb6][0x15][0x89][0xe7][0xc1]a >[0xe4][0x1a]M|[0x98]nAn[0x1e]lo[0x3][0xce][0xa5][0xf4][0x92][0xba]xGO<[0xcb][0x85]>>l[0x8b][0x17]'v=[0xe2][0x97][0x9b]f[0x9f][0xb1][0xf9][0x8][0xe9]+C[0xb6]F[0xf8][0x19][0xa7]1,[0xb][0xe9][0x19]u[0xf9]R[0x91][0xf5]y][0xb6][0xa4][0x9c],[0xc9][0x1e]3[0xac]F[0x4][0xed][0x95]^[0x82]<J[0x94][0xcb][\r]a[0xbc])Vdf[0x8e][0xcd][0x87][0x11]j[0xfa]!y[0xbd][0xe4][0x9f][0xf4][0x96]Il[0xf]15<;[0xad][0xe8][0x3][0xa6]Y[0xcc][0xe5][0x8b][0xd0][0x8]a[0xe6][0xe8][0x1e]([0xa3]l[0x82][0xd8]c[0x1]C[0xbc][0x95][0xcf][0x15][0xb]B[0x89][0xa8][0x8c][0xce][0xc]QJ[0x8a][0xb9][0xcc]2[0xaa]f[0xfe][0xb7][0xa5][0xcb][0x85]&[0x91]|[0xb][0xa7]i[0x95][0xb9]5M[0xa8][0xce]`[0x87][0xff]p[0xb2][0xd2]0"[0x94][0xef]I[0x10][0x9][0x12][0xbf][0xdb][0x1e][0xe][0xfd]il[0x8c][0xa1]D[0xcf][0xd6][0x83][0x15][0x9e]z[0xc8][0xd3][0xe9][0xb]a[0xf][\r][0xde][0xf3][0xdd][0x11]8[0x81][0x9f]q:iVO27[0x6][0x13][0xf8][0x19][0xd1]R[0xf1][0x1a]ao'[0xe1]8[0x9][0xbb]A[\r][0x87]![0xbb][0x83][0xc1]D[0xd2][0x1][0x83][0x89][0xf4]][0xb9][0xf0][0x93]g([0x81];!{v[0x9a][0xe5][0xf3]>)[\r]?9J[0xe0]I[0xb2][0x8]W@[0xa0][0xf6][\n]"
18:24:15.962 [main] DEBUG org.apache.http.wire - http-outgoing-1 << "j8[0xe7][0x9c][0x86]Q!u[0x9b][0x99]=m,PT[0xc8][0xa5][0x17][0x11]-[0x7][0xbf][0x82][0x1a][0x83][0xdd]sd[0x12][0xd2]6[0xc4][0xae][0x8][0xb9][0x5]4[0xc7]?[0xfe][0xe0]p[\r][\n]"
18:24:15.962 [main] DEBUG org.apache.http.wire - http-outgoing-1 << "b68[\r][\n]"
18:24:15.962 [main] DEBUG org.apache.http.wire - http-outgoing-1 << "f[0xc1][0xb1][0xd3][0x1]"bG[0xd3][0x94][0x9d]z[0x80]I%{[0x1c]4[0x1c][0xda]R[0xe9][0x12]n[0xac][0x6][0x1b][0x18]y [0x99]M[0xa5][0xd1][0xf0][0x83]fr[0xc3][0xec]`[0xa7][0xd1]F^[0xb][0x93][0xb][0x9a][0xb3][0xf1]-[0x84][0xa5][0x4][0xaa]![0xf3]bzdb[0xe8]7[0x1e];[0x89][0x9b]$[0x8e]![0xb5][0x8d][0xf][0xcd][0x80]:[0xd7]U0[0xeb]dM[0xc6][0xac][0x93]k5[0xad][0xa3]C[0xca]eXA[0xae][0xc3]j [0xc8][0x80]E[0xbb][0xd4][0xc][0xca][0x0][0xde][0x89][0xc3][0x94][0x99][0xca][0x98]%[0x89],[0xae][0x9c][0x94][0x99]*[0x94][0xe6]Lik[0x92][0xf4][0x93]bR13[0x9e][0xc6]6[0x9b][0x1][0xc5][0xa5][0xb2]c4[0x12]8V[0xd9][0xbd][0x91][0x1b][0x6]9[0xec][0xc1][0xfc][0x7][0xfd][0x87][0x13][0xff]8[0xb4][0x98][0xd4][0x91]q[0x83][0xc]E([0xa7][0xc3][0xe6][0xf]L4[0xf0][0x95]0[0xa4][0xa2]-[0x83][0x1d]!~[0xf0]?HZ[0xf4][0xf6][0xee][0xc1][0xf6][0xf3],[0x84][0xf0][0xeb][0xad]?|}[0xf9]F[0x82]\[0xb0][0x93][0xba][0xd8]Ij[0xa9][0x11][0x9a][0x18][0x88][0xc5][0xf7][0x1]K[\r][0x1b]"[0xc]+[0xa4][0x1e][0x9][0xae]a[0x18][0xfb][0x97][0xf6]n[0x11]C[0xeb][0xfe][0xb3][0xc6][0xfe][0x15][0x82]p{[0xef]Q[0xfb][0xeb]4A[0x87][0xe7][0xc2][0xee]X[0xcb]+[0x91].([0xc7][0xbe][0xdb][0xf4][0xcf]#[0xe3][0xb1][0x9][0xd2][0x17][0x9b][0xaa][0xc2]qB[0x8d][\r][0xd4]S[0xc6]K[0xc1]D[0xd5][0xb6][0xf3][0x9f]/;[0xde][0xdd]m[0xdd][0xee][0x82][0xf6]*[0xd8][0x1b][0xd8] A+J[0xda][0xc6][0x86][0x18][0xc4][0xbb][\n]"
18:24:15.962 [main] DEBUG org.apache.http.wire - http-outgoing-1 << "=[0x93]R[0xa1][0x90][0x13][0xf3][0x8c][0xa9]v@[\n]"
18:24:15.962 [main] DEBUG org.apache.http.wire - http-outgoing-1 << "[0xd1]J[0x84][0xb2][0xf4]i0[0xce][0xb7][0x94][0xb7][0xc6][0x5][0x14]i[0xb3][0x0]V[0x97][0x89]FzfI[0xa5][0xa2]N[0xa7])i[\r]#[\n]"
18:24:15.962 [main] DEBUG org.apache.http.wire - http-outgoing-1 << "[0xd2][0xd6]N[0x0][0xdb]V<J[0xc3][0xa5][0x4][0x6][0x90]Wv[0x94]H[0x6]Ra[0x87][0xc0][0xf7]@[0x19][0x18][0xbf][0xab][0xe5]OY[0xf5][0xbb][0x83][0xdf]{w[0xb7]G[0x8][0xa5][0xef]6[0xd1][0x5]'[0xdd]_[0x90][0xe3][0xf3]@[0x1e][0xd9]1[0x96]c[0x0][0x9f];[0xd8][0xfe][0x17]50[0xbd][0xb9][0x1e][0xdf]L[0x82][0xf6]S)[0x4][\r]L[0x6][0xd9][0x1d]@[0x2][0x93][0xd7][0x9b][0xfa]7[0x9e]%[0x19]@[0xd3][0x5][0xf3]7[0xd1][0x11]I#<Q[0x11][0x5][0xd9]CC[0xb7][\n]"
18:24:15.962 [main] DEBUG org.apache.http.wire - http-outgoing-1 << "[\r]Ur[0xab][0x8a][0xe4]V[0x97][0xb5][0x92][T[0xd8]Y[0xd9]s[0x14][0xa9][0xad]j[0x18][0xd1][0x92][0xab][0xe3][0x13][0xfd][0x88]1[0xaa][0xf0][0x13][0x87][0xe4]A+[0x89][0xf5]Z[0xf2][0xb9][0xb9]bl[0x11]([0xce][0xe5]%[0x9][0xf6]p[0xb][0x85]LU[0xe5]&[0xc2][0xb9][0x8c][0xf9][0x3][0xa8][0xcf][0x8][0x11][0x8a]*[0xba]|[0x9e][0xb2][0xe4][0x1e]M[0xfa][0x93][0xe1]"[0xcb][0xa7][0xc1]5[0xfd][0xdb][0xfc][0x90][0xcb]+?J[0xa5][0xf5][0xd7]@[0xcb][0x8f][0xe1][0xc8]7[0x9a]N[0xfa][0xc3]s[0x95][0xff][0x3]~[0xc8]U[0xfe][0xb8]cO[0xf8][0xa4][0xda][0xf1]c[0xa0][0xc6]OW[0xc1]7IM[0xb9][0xc9]e[0xb4][0xe1][0x8f]w[0xd7]/[0xdb][0x92][0xf8][0xb4]|w[0xa8][0xb][0xd2]S[0x5][0xc8]V[0x4][0xc8][0xd6][0xe5][0xe0][0x96][0x8b][0x92][0xb3][0xfe][0x8c][0x8b]<[0xe3]8[0x8a]|m[0xf2][0x8a]}[0x8][0xce][0x8c]\[0xa6],/f[0x96][0xb6][0x80]Q<Y[0xb0]I.X[0xf9]lV[0xac]aT[0x18]Z[0xc3]hf$[0x86][0x9e][0x18][0xec][0xde]+4[0xc7][0xfe][0xf6][0xbd];[0xf7]>5[0xee]o[0xdf][0xfb][0xf4][0xfe]%[0x8d][0xb8][0x8c][0xa0][0xd4][0xb0]O[0xc3][0x85][0x8e]O[0xc0][0x88][0x6][0x1f][0xb5][0x82][0xc1]G-Qx[0xde][0x19][0x13]['[0xe9][0xa0]][0xb8][0xe0][0xc1][0x97]3b[0x6]W[0xee]?[0xef][0xd3][0x91][0x92][0xd4][0xf2]][0x9c][0x86][0xcc][0xa6][0xdf]W,L[0xe4]X\[0xfc]n[0x93],z[0x90][0xfc][0x9a][0xde]S[0x8f][0xef][0x19][0xdc]v[0xe1][0x9a][0x97]6[0xc4][0x92]D[0xee][0x80]k[0x1e]m[0x10]RY>[0xa1][0xeb][0xde][0xb4]E[0xce][0xba]^k[0xbc]L-[0x9c][0x92]d*[0xc2][0x1e]n[0x5][0xc3][0x96]%[0xb5][0x80]ym^[0x95][0xaa]y-[0x1f][0x86]);[0xb0][0x9a]-[0x9f][[0x8e][0x14][0xa1]"=T[0x3][0xf][0x19][0xb]~p[0xe8][0xa0]T[0xcb][0xcc][0x96][0x84][0xcc][0xd1]<[0xcd][\r]+[0xcf][0xe5]d[0x19]c[0x93]w[0x80][0x94][0xe5]JYS[0xa0][0xe0][0xca]L[0xc7]j[0xb1]Hb[0xf8][0x1e]_[0xfd][0xfb][0xd1][0xac][0x16]7[0xee]o[0xdd][0xfb]3[0xa1][0xf6]x[0xf1][0xde][0x9d][0xfb][[0x1a]J[0x8b]|[0xb9][0xfc][0x13]-K[0xa1][0xb4],[0x85]A[0xf][0x18][0xa0]pP[0xd7][0xc8][0xd5][0xfd]K[0xf7][0xb7][0xee][0xfd]%%[0xae][0xf8]0&[0xae][0x10][0x83][0xde][0xea][0x92]m[0xab][0xee][0x83]b[0x85][0xc7][0xfd]P[0xa7][0xa4][0xd6][0xfd][0x10]ya[0xc7]16[0xf0]E[0xa7][0xa3][0x14]3xZ[0x1a][0xec][0xd3][0xe][0xb0][0x15][0xbb]u[0xad][0xde][0xbb][0xd6]~[0xda][0xe9][0xc9]=[0xb5][0xa5]i[0xb7][0x3][0x90]HS[\r]|[0x14]izj[0x7][0xe7]Q[0x4][0x6]7[0x2]JR1[0x8a][0xc1]$m[0x89][0xe1]$[0x1a][0xec]x[0x83][0x1d][0xd6][0x6]![0x85][0xf0][0x8e]>p[0xf9][0xdd][0x83][0xed]][0x0],[0xe9][0xfd]1[0xb4][0xa4]-=[0xe5][0x9a][0x18]\[0xd2][0x16][0x8a].[0xa9]LI1C[0xfb][0xd7][0xfe]{[0xeb][0xfa][0xfe][0xd5][0xbf][0xde]"[0x9b][0xd8]) [0x6][0x1f][0x11][0xd5][0xda][0x9e][0x97]q,[0xc4]A[0x80][0x86][0x94]k[0xee][0xaa]EVjJ[0x91][0x95][0xda][0x9a][0xae][0xf8]A[0xd6][0xb2][0xf2][0x12][0x90][0xb9][0x9b]][0x82]?:[0x1c][;L[0x14]_[0xbe]l[0x9a]0[0x86][0xcf]"[0xfc][0x81][0xb3][0x96]9g*[0xb8][0xc5]&+F[0x11][0x8d]5XM[0x14][0xc7][0x7][0xdf][0xa4]d[0xa7][0xca][0xc][0xf7][0xa7]?Y[0x5][0xf6]'[0xa2][0x0][0x19][0xc9]$[0x8f][0x8a][0x1][\n]"
18:24:15.962 [main] DEBUG org.apache.http.wire - http-outgoing-1 << "N,[0x91][0xd1][0xa4]%[0x91][0xd1][0xa4]E[0x90][0xd0]_Qb[0xbe][0x1d][0xe8]Y[0x83][0xd7][0xd6][0x95][0xbb]c[0x9]e[\r][0x18]JhrM[[0xb9][0xeb][0x7];[0xda][0xc2]I[0xaa][0x1f]T+[0xab][0x8b][0xd5][0xe5][0x1a][0x90][0xcc][0xe4]7[0xaa][0xfa][0xdd]n[0xdf]c[0xde][0xa5][0xb1][0xf6][0xec][0xaa]O[0xae]m[0xa2]&[0xb5]Y[0xd3]N[0xc8][0x4]Y[0x1f]l[0xff]H[0x1b][0x7];[0xd8][0xa3][0xe]7z[0xe4][0x84][0x8d]66[0x16]p[0x17]c/l[0xb4]Qo[0xb8]O[0xcd][0xf][0xfc][0xc6][0xd0][0x9d][0xb2]Z[0x6][0xb5]VQ[0xa9][0xfd][0xb4]uL[0xb2][0x92]J[0xb2][0x8a][0xea]H[0x1b]fX[0x11][0xcb]%[0xa5][0x3][0xaa][0xb8][0xb3]5[0xd4]uQ[0x87]G[0x11][0xa2][0xbb][0xaf][0x91][0xa9]M[0x14]A8[0xba][0xee][0x1][0xd9][0x12][0x17][0xb]&[0x8c][0xa8][0xc9][0x11][0x89][0x9e]U[0xb7][0x6]d0@[0xf2][0xf3]y[0xab]P[0x10][0xc3][0x7][0xcb][0x13][0x86][0xf][0x92][0x90]A[0xf2][0xff][0x15]}[0x1d][0xf6]+{[0x9f]"
18:24:15.962 [main] DEBUG org.apache.http.wire - http-outgoing-1 << "[0x90][0x8]*[\r][0x12][0x8c]p[0x92]U [0xe1][0x16][0x1f][0xab][0xd1]t[0x82]6[0xea][0xca][0x95][0xd8][0xaf][0xcc]=[0xc4][0x90][0xc1][0xc0][0xef][0x0][0x97][0x19][\n]"
18:24:15.962 [main] DEBUG org.apache.http.wire - http-outgoing-1 << "[0x82]>n[0xf8] [0xfd]5[0xf0][0x1b][0x2][\n]"
18:24:15.962 [main] DEBUG org.apache.http.wire - http-outgoing-1 << "[0xec][0x12][0xcf]:p[0x99][0xa1][0xf8][0x9b][0x88]#z[0x3][0xbf][0xe1][0x83][0xc4][0xd7][0xe4]8[0x8e][0xe7][0xe5][0xcf][0x8b][0x83]y}[0xb8][0x85]&v[0xe5][0xbf][0xee][0xec]}0[0x5]5[0xde]#T[0xef][0xe4][0xe7][0x19][\n]"
18:24:15.962 [main] DEBUG org.apache.http.wire - http-outgoing-1 << "XY[0x15]A[0xeb]"[0xea][0xd6]Gd[0x13]\Tqk][0xc1][0xad]e][0x11]y[0xb3]P[0x92][0x3]z[0xfd]Hk[0xe1][W[0xec][0xf2]`T[0x80][0x7][0x94][0xda][0xf7][0x6]o[0xc6][0xe7][0xe][0x19][0xf8]c[0xe5][0xcd]\1#r[0xf5][0x10]/[0x1b][0xa9][0x1b])[0x83][0x17][0x1d][0xf][0x84][0xaf]R&[(C[0xf8]*[0xe8]k3[0xeb][0xe8]z(y[0x11])[0x0]7sl[0xed][0xac]H[0xdd]3sl[0xfd][0xec][0xbc][0xc6][\n]"
18:24:15.962 [main] DEBUG org.apache.http.wire - http-outgoing-1 << "[0x98]NZE[0xb5][0x11]F[0xfc]u[0xe8][0xfa]O&atq[0xe4]4[0x90]+[0x10][0xf9][0x9c][0x1e][\r]j?%[0xb7][0xa7][0x1f][0x92][0x81]uR[\r][0x7][0xfc][0xfa]\[0xc3][0x1]-[0x9][0xb6]][0xfe][0x88]*9/JY[0xb]|[0x9a]`[0xb][0x2]_[0x1e][0xd7]p[0x84][0xf7][0xe9][0xca][0x8f]h[0x83][0x87]v[0x84][0xc8]A[0xce]8<][0xa4][0x80][0xf1][0x91][0x8c][0x1f]\[0x16][0xca][0xc3][0xd7]6[0x91][0xd7][0x1d][0xca]5[0xa8][0xfa][0xe7]k[0x8a][0x9e][0xd5],W[0xec][0x9c][0x12][0xa7][0x97][0x8d]6{[0x9b]N[0x13]][0xd0][0x1][0x9][0xe9][0xf3]x?[0xe8]"MJ"{[0x3][0x4]][0x92][0x91][0xae][0x90][0x8e][0xfa][0xde][0xc5][0xbe]q[0xba][0x8d][0xbc][0xee][0xdd][0xed]&2j[0x9b]w[0xb7][0xbb][0xc8][0xb0][0x91][0xe3]y-[0xe4][0x91][0x7][0x1d][0x96][0xf6][0xa7][0x90]%[0xd5]%M[0x89]u83S[0x96][0xd3][0x14][0xc9][0xd0]a[0x8a][0xa2]U[0xb4][\n]"
18:24:15.962 [main] DEBUG org.apache.http.wire - http-outgoing-1 << "[0xc5][0xd2][0xf8]hc[0xeb][0x97]9%[0x92]h[0xe1]DR[0xfa]}[0xd1]&[0x93]"[0xde]C[0x8][0x80][0xe8][0xb]Q[0xc3][0xe]G[0xe9]K5[0xc0][0xf][0xc6][0x87]mt6[0x91][0xc0][0xfc][0xb3][0x14][0x8e]1[0x97]J[0x8c]^][0xc8][0xe8][0x95][0xbe][0xb]a[0xac]_l[0xfd][0xf6][0x8b][0xad][0x97][0xbf][0xd8]z[0xfb][0x8b][0xad]+_l[0xbd]=[0x2]U[0x92]_[0x99][0x81]Jr[0xc8][0x10]%9L[0xfc][0xf5]$[0xa1][0xf0]6[0xcb]/[0x8c][0xb1][0xe4][0xb8][0x13]t[0x85]t[0x8a][0xe4].[0x6]#[0xc9]![0x83][0x90][0xe4][0x90];[0xe6]7[0x92]G2[0xfc][0xa0]^[0xf9][0xab],Qpr[0xf4][0xe8][0x6]G[0x85][0xf0][0xe7])[0xc1]1h[0xa3].[0xaf][0x9c][0xa5][0x11]xO[0xdd][0xef][0xd8][0xca]~[0xc7][0xae][0xd4][0xb4][0x1][0xc3][0x92][0xe5][0xe2][0xac][0xe3]5[0xdb]>[0xee]h[0x4][0x9e][0xf6][0xc9][0x6]Bm[0xd3]P[0xe6][0xe3][0xf1][0x1d][0xb2]6[0xac][0x99]3[0xf3][0xb9]RIH[0x19]0u[0xa5][0xdd][0xf8][0xf3][0x80][0x8a]`[0x16][0xac],[0x88][0xf][0xb4]r[0xba][0x1d][0x8e][0xde],[0xbb]@d[0xf5][0xf8][0xd9]J[0xa2]([0xe8]x[0xfd][0xd2]_@R[0x9][0xb2][0xc3][0xdd][0x1d]6[0xdc][0xe8][0xc4]C[0xd6][0x1b];[0x8e]x[0xc9]XtN[0xda]f[0x9d][0xb][0xc4][0x15][0xb4][0x83][0x90][0x17][0xca][0x9d][0xa5]'[0x86]"G[0xfa]Z)r[0xa4][0x87][0x14]9[0xd8]!PD~M[0xc1][0x3]V[0x94]K[0xef][0xa8][0xf3];[0x84][0xaa]r[0xe0][0xd8]s[0x93][0xcb]S[0xdf][\n]"
18:24:15.962 [main] DEBUG org.apache.http.wire - http-outgoing-1 << ";[0x6][0xae][0x15]R[0x94][0xfa][\n]"
18:24:15.962 [main] DEBUG org.apache.http.wire - http-outgoing-1 << "[0xab]/7EmI[0xf]u[0x1f]E[0xb5][0x83][0x80][0x86][0x80]B}Z;Z[0x87]Aj~[0xa7][0xad][0xe4]w[0xda][0xab][0xba][0x1a]MVQ[0xc2][0xa0][0xa7]P@?][0x5][0x80]V)[0x0][0xf9][0x98][0x1a][0xaf]W\[0x8c]B[0xe4]E[0x9c][0xf5]@[0x1]$6[0xd4]U[0x87][0x95]k2[0xf8]}[0x87][\n]"
18:24:15.962 [main] DEBUG org.apache.http.wire - http-outgoing-1 << "[0x19][0xcc][0x8]<&[0xb3][0x99][0xa4]J[0xdb]L[0xd6]J[0xe3][0x7]%[0xa0][0xea][0x7]}[0x98][0xd1][0xf4][0xa3][0xf0] [0xc4][0xb3][0x93][0xa0][0xc8][0x1c]n}[0xad][0x9c][0x1]PT[0xe9][0x93]j[0x10][0xee][0x4]`[0xf4][0x98][0xe7]{[0xf8][0xef][0x92];[0xd9][0x88][0x1f][0x2]Y[0x2][0xfd]R![0x1f])[0xea]Cd[0x8d][0xdf][0xb1]X[0xdd][0xc5][0xf]p[0xe0]x[0xf1]/?[0x2][0x82][0xd8][0xcb][0xe4][0x0][0xc4][0xe]8[0xfc][0xb0][0x83][0x4]|.[0xdf][0x0][0x9e][0xdd][0xf8]l[0x1d]^[0xda][0x83]g8[0xe2][0xb0][0x83]6[0xbc],[0xc1][0x1a]R[0xec]`*[0xff][0x8a][0x17][0xf4][0xc7][0xba]p[0x89][0x9c]A[0xb1][0xc5]=[0xba][0xff][0xd4][0x89]mO[0x15][0xdb][0x15]ElWNic"[0xa4][0xa0][0xa2]%[0x14][0xb5][0xbb][0xc8]k[0xea][0xa2][0x1]i[0xa7],[0x9a][0xd7]5N[0xe0][0xae][0xdf] [0xbe][0x9]1A;[0x1e][0xe6])[0xbf]C[0x92][0xae][0xa3][0xc0][0xe9][0x18][0xb][0xc8]C[0x11]"[0xce]!r[0xfa][0xee]%[0xf7]0D[0x81]f)[0x9f]#5[0xa2][0xe1][0xd6][0x80]([0xfc]%[0x99]y[0x8c][0x8e]D[0xa0]/[0xc9][0x17][0x5][0x6][0x93][0x9c][0xa9][0xaf][0xbb]T[0xf8]e[0xbe][0xa0][\r][0xa6] [0xbb][0x2]Y[0x88][0x1f][0xbc]~[0xf3][0xc1][0x1b][0xd7][0x1e][0xbc][0xfe][0xd6][0x83][0xd7][0xef]<x[0xfd]}[0x8d]8[0xf][0xdf][0x12][0xd8]+@I[0x88][0x87][0xfb][0x3]r[0x13]=[0xa9]h[0x92][0x87]{R[0xbf][\n]"
18:24:15.962 [main] DEBUG org.apache.http.wire - http-outgoing-1 << "y[0xa0]4[0xec][0x7]ol[0x8d][0x10]-[0x92]E[0xe6]&[0xb2][0xc5]`&[[0xf1]).\[0xcf][0x1f]l[0xbf]@[0x93][0x13]S[0xf9][0xe2][0x97]3[0xf9][0xe2][0x7]=x[0x86][0xc9][0x17]?h[0xc3][0xcb][0xb8]|[0xed][0xdf][0x99][0x8a]![0xc4][0xeb][0xb9]G[0x8e]&[0xd0][0x9e]_[0x11]e[0x99]\8[0x82][0x86][0xc8]S[0xd9][0x2]m[0x85]-[0xd0]>[0xa5][0xad]O"[0x17][0x1a][0xe8][0x92]]v[0x93][0x1a][0xe5][0x15][0x81]&}>N[0x16][0xf][0xba][0xf4][0xda]D[0xb4][0xe9][0xdf][0x87][0xb][0x6][0xcc][0x16]3[0xd9][0xb2][0x18][0x98]_ [0x91][0x19][0x85][0xb9][0xa2][0x18][0x90][0xa2][0x1f][0x81][0x94][0xc0]|[0xb6][0x4][0xdd][0x1b]9[0xad]{[0x83][0xfb]6g[0xc6][0x94]H[0xd3][0x15]GK[0xa7][0xa7][\n]"
18:24:15.962 [main] DEBUG org.apache.http.wire - http-outgoing-1 << "i[0xe9]'[0x8a][0xc2][0xf0]\I4]PI$[0x9e][0xbe]~[0x94][0xa3][0xf4]m'[0xbe]([0x9][0xe9]]A[0x83][0xdd][0x10][0x87][0xc6]q[0xb4][0x91]:7V[0xd0]f8{[0x1c][0xa5][0xdc][0x9e][0x97][0xdf][0xa2][0xce][0xcd][0xdb][0x7][0xdb][I[0xb0] [0xc2][0xa1]c[0x1c]Ga[0x98]P[0x4]>[0xee][0x93][0xae][0x13][0xed];[0xed][0xda]y&ut[0xc0][0xb7][0xc9][0xa4][0xd6][0xb9][0xe8]_[0xc4][0xdd][0xb0][0x93][0xaa][0xe1]w([0xaf]?![0xf8][0xb9][0xf6][0xf9]uc[0xff][0xda][0xfe][0xb3][0xfb]W[0xf7]&/;[0xe6][0xb9][0xcd][0xbf]%a[0x98]=B[0x14][0xd2][0xb]F[0x95][0xb0][0xa7][0xfa]C[0xf9]P<5[0x9a][0xd7]V[0xa2]y[0xed][0xaa][0x96]-[0xac]TT[0xf8]P[0xba][0x83][0x1d]]"
18:24:15.962 [main] DEBUG org.apache.http.wire - http-outgoing-1 << "[0xd0][0x94]][0x9d]D[0xe1][0xc5].[0xd2][0xe9][0xbb][0xa6]U*ZEa/[0x9e]%ARVA"[0xd0][0x16][0xa6][0xb][0xc2][\r]J[0x5][0x98][0xb1]7L[0xdb][0x1d][0xcf][0xda]g[0xfb][0xfd][0xf3][0xd8]u[0xf1]l[0x95][0x90][0x11][0xd3]j7[0xaa][0x1c][0x8e](M[0xfa][0xe4][\n]"
18:24:15.962 [main] DEBUG org.apache.http.wire - http-outgoing-1 << "[0xa0][0xe6][0xac][0x9e]\9*l[0x9c]6[0xee]w[0xf8]kKS^[0xec]>>[0x8f][0x84][0xaf][0x87]-[0x97][0xda]w[0xc0][0xd7][0xce][0xdf][0x90]r[0xc4][0xc4]0[0xff]GJ[0xa4][0xfd][0x9c][0xc8]Tb[0xf7]}[0xa9]G[0xb6][0xa2]&[0xad]B[0x1][0x1f][0xd0][0xc][0xab][0xf8][0xd8][0xe][0xee]_[0x98][0x8d];[0x1][0xfb]gr[0xf9][0x12]oN[0xb7][0xd1][0xa4][0x12][0x7][0xf7][0xae]]%[0x1b][0xe9][0xcf][0xaf][0x1b]{o[0x13][0xd2][0xde]id[0xb8][0xe1]NEAD>[0xc3]u[0x8c]8[0xb0][0xe8]dN[0xf5][0xaf][0xd9][0x8a][0xcd]^[0xd7][0xca][0x9c]l&[\r][\n]"
18:24:15.962 [main] DEBUG org.apache.http.wire - http-outgoing-1 << "1c6f[\r][\n]"
18:24:15.962 [main] DEBUG org.apache.http.wire - http-outgoing-1 << "cB[0x16][0xf9][0xda]}[0xea]:e[0xe0][0x8b]0[\n]"
18:24:15.962 [main] DEBUG org.apache.http.wire - http-outgoing-1 << "[0xfc]I[0x92][0xd4][0x92][0xed][0x98]A[0x8a][0x99][0x8a][0xd3][0x10][0x82][0xac]r[0xb1]T[0x10][0xb6][0xa0][0xb4]6N[0xb6][0xa8]*[0xb0]I[0x1f][0xb0]vh1[0x93][0xb7][0x8a]Bx[0xb0][0x86][0xd6]~[0x96]I$[0xcb][0x9b][0x15][0xf2][0xd7]L[0xe1][0xef]|![0xfe]{|[0xb2][0xbd]8'IrGT[0xc6][0xb0][0xd7][0xa1][0x1]-[0xed][0xe4][0xe1][0x12][0xf7]9[0x92]%=[0x0][0x11][0x87][0xb5][0xbb][0x97][0xfc]@[0xd1][0x99]#l[0x4][0xd8]7[0xf8][0xc9]Q[0x80][0x10]b[0xcc][0xdf][0x12]@[0x83]u[0x1c][0xaf][0xaa]"[0x16][0xac][0xf]v[0xe2][0x95]\F[0x82][0x8f][0xa9].[0xcd][0x16][0xec][0xe7]D$H{Kq`[0x1d][0xbb][0x83][0xdf]{M[0x9][0x6]`+@[0x81][0xf5]d[0x8c]1[0x4]8[0xbc][0xd3]T[0xf3][0xa6][0xd1]I[0xef]~}[0xda]u[0xfb][0xe2]x[0x99]'[0x12][\n]"
18:24:15.962 [main] DEBUG org.apache.http.wire - http-outgoing-1 << "[0xc5][0xde]i[0xa0][0x0][0xb5][0xfa][0xc3][0x16]ZG[0x15][0xfa]EE[0xe8][0x17]uu>[0xb][0x99][0x82][0xec]T[0xf7][0xf8][0x83][0x14][0x91]_[0x94][0xed]O`T[0xa2]S==s[0xe8][0x8c]z[0xcb][0xb4][0xcc]bF [0xf5][0xa3][0xf9][0xf4]%[0xd9][0xa7][0x9e]<[0x13][0x86]1gr[0xc5][0xdc]8F1m[0xe2]|u[0x95][0xcc][0xf6]q[0xcd][0x96][0x16][0xce]Z[0x96][0xf2][0xe1]z[0xb2][0xbd][0x8]([0xc4][0xd2][0xa1][0x1a][0x8d][0xc1][0xed][0xa0][0xe9][0xd7][0x5][\n]"
18:24:15.962 [main] DEBUG org.apache.http.wire - http-outgoing-1 << "[0xb1][0xea]CI[0x9e][0x87][0xf3]br[0x9][0x1a][0x98]L[0x82][0x86]D[0x16][0xc9]z[0xbc]C[0xa2]v[0xc1]b[0xc][0xae][0xab]'7[0xe]^c-[0xbd]Hn[0xe1]b[0x97][0xde][0xc4][0x15]fR[0xc6][0xac][0x5][0xf2][0xe0][0xae][0xd2]l[0xd3]7i[0x90][0xd0][0xad][0xfd]_[0xed][0xdd][0xd8][0xbf]6[0xb9][0xd0]9[0x8d][0x89]B[0x3][0x17][0xd7][0xd4][0x88][0xdd]$[0xf3]}[0xd1][0x8b]p[0x8b][0xed]p[0x8d][0xb5][0xcd]0[0xc2]][0x8d][0xe]}lm[0xb1]J][0xa2][0xa2]i{[0xcd]![0xd7]S[0xe9]pQ[0xdc]S[0x83][0x1a][0xaa][0xe9]s|[0xc4][0x9f][0x82]fD[0xf3]tUt[0x92]9[0xac]R[0xb6][0xe][0x5][0xd4],[0x5][[0xc9]R`l[0xf0]*[0xfd][0xa0][0xac]n;[0xa8][0x8b]u[0x1c][0x1b][0xb4]G[0xdb][0xd9][0x88][0xb][0xed][0x1]0`[0x3][0x93][0xc8][0xf4]Y[0xf3][0xe1]h[0x5][0xcd]L1+[0xb3][0xe9][0x93]|[0xa1][0x92][0x82][0x0]-[0x1c]053[0xa6][0xd3][0xb7][0x8a][0x19][0xa1][0x2]F~[0xce][0x9a][0xd0]c[0xc6]I[0xf5])[0xa5] [0xa3][0xd6]?M[0x83]{O[0x1d]*![0x1c][0xb4][0x17]*[0x1a]x`[0xef]A[0x82][0x86][0x11]u2~[0x16][0xac][0xfa][0xf1][0xb4][0x18]2[0xc]v[0xd9][0x11][0x87][0x5]v[0x90]B[0xc2][0xc7][0x7][0x97][0xdf][0x94][0xec]\[0xfc][0x1a][0x6][0x7][0xf1][0xed][0xc][\n]"
18:24:15.962 [main] DEBUG org.apache.http.wire - http-outgoing-1 << "[0xe2]#[0xe][0x3][0xec][0xa0][\r]{N[0xc4][0xef][0xed])[0x1c][0xdd][0x1e]~[0x84]b[0x3][0x1] ,.([0x80]0t[0x7][0xae][0x96][0xe4][0xb4][0x95][0x92][0x9c][0xf6]BE[0xcb][0xbc]'m[0x7]*[0xf5][0xfe][0x86]V-X`[0x88][0x80][0x3][0xc6][0x84]i[0xa3][0xc1][0xee][0xc6]`7[0x18][0xec][0xe]~[0x7][0xc][0xe2][\n]"
18:24:15.962 [main] DEBUG org.apache.http.wire - http-outgoing-1 << "VL[0xe2]I[0x1f]Sd[0xc3]*[0x97]J[0x12].d[0x86][0xe2][0x2][0xd0][0xb][0xca]f[0xae]h[0x81]0[0x98]|Io[0xea][0xd6][0xda][0xcf]h}[\r][0x1a]Y[0xc4][0x0][0x81] [0xaa][0x16][0x4]t[0x8e][0xf4][0x11][0xc5]5[0xec][0x5][0x1b]j[0x8]l[0xc8][0x86][0x87][0x9c][0x0][0x89]6[0xb5][0x1b][0xf]!m [0x9d][0x10]W[\r][0xe2][0xc3][0x18][0x1][0x8][0x15][0xb][0x12][0xdc]H[0xaf][0xc7]8[0xf0][0x96][0xa0][0x1a][0xc4]7[0xd6][0xa5][0x1b][0xb9]Z[0x90][0x1c][0xa7]h[0xe0] [0x1][0xf][0x4]G6[0x83][0x84][0xcf][0xaf]O[0xa3][0x9][0xb4][0xd0]#[0x9][0xb][0xb][0xab]",[0xc][0x8b][0xc0][0xf5]T6N[0xfb][0x8c][0xba]Y[0xd0]z[0xb1]K[0x12];F[0xc5][0xf5][0xcf]9:L83[0x81]I`[0xc5]w7[0xb5]>[0xe8]|Q[0x8c][0xa1]-[0xcf]eb[0x1f][0xf4]l[0xd6]*[0xcf][0x95]t[0x4]zd[0xc2][0xd0][0x7]m[0x8d]%[0xd5][0x9c][0x9d][0xc4],[0xe7][0xf4][0xef][0xbe][0xa8][0x8a][0xf1][0x88]b[0x1a][0xd3]m[0xe7][0x87]z[0xa1][0xe9]|[0x8e]H[0xce][0x10][0xff][0x96][0xb8][0xe4][0xa7]Q[0xb4][0xfc][0xef]t[0xdd][0xbf]qp[0xf9]f*[0xe9]}[0x9c][0x8a]y[0x1a]*[0xcb][0xff][0xe6][0xe2][0x9d]F[0xc7][0xc6][0x1d][0xa7][[0xeb][0xa9][0xd8].<[0xa7]?[0x9d]![0xcd][0xf][0xce][0xf9]n'[\r][0xac][0xd0]I[0xca]9URN*[0x92]rrI[0x1b][0xef]![0xe5][0xd8][0x90]4[0x9a]p[0x88])[0x8d][0xf4]y[0x1a][0x7][0x81][0x13][0xf9][0x1]%[0xa3]P[0x6]w[0x9a][0xf8][0xd5][0x2]'>[0xf7][0x8b][0x8e]Qq\[0xec][0xfd][0x88]v73[0x97]1[0x5]38[0x10][0xba][0xac]U[0x9c]+K[0xe6]pa[0x84][0xc0][0xfe][0x96][0xb3]&[0xb1][0x86][0xe7][0xc6]Z[0xc3][0xa5][0x17] [0xcb]_[0xfe][0xc7][0x9][0x2][0xf9][0xdb][0x8b][0x12][0x9b][0x18][0xad]W[0x1][0xcb]UP[0xa3][0x9];'[0x90][0xdb][\n]"
18:24:15.962 [main] DEBUG org.apache.http.wire - http-outgoing-1 << "[0xcd]\[0xd0][0xfe][0x89][0xaa][0xd6]/[0x1d]\[0xde]a[0x81][0xea]R[0xc1][\n]"
18:24:15.962 [main] DEBUG org.apache.http.wire - http-outgoing-1 << "[0x4][0xee]H[0xea]U[0x80][0xb6][0xa4]Z[0x5]hc[0xd2][0xc8][0xe]Y[0xa9][0x8a]X,[0x97]#[0xbf][0x3]G[0x16][0x17][0xa9] %*[0xf6][0xaf][0x19][0xfb]Wih[0xc7][0xa5])[0xa2][0xd7][0xbd]s[0x9d][0xa9]$u[0xc9][0xf]02[0x1e][0x3][0x1][0x15]+[0xd8][0xef][0xb9][0xf8][0x17][0xa1]1[0x9e][\n]"
18:24:15.962 [main] DEBUG org.apache.http.wire - http-outgoing-1 << "[0xaa][0xa3][0xc6]~,)[0xb1][0x1f]+[0xab]:[0x11].[0x15]d[0xea][0xe9]M[0xdf]km"[0xfa][0x19][0xc8]2L;[0x1d]3D[0x83][0xce][0xe4][0xd8][0xcc][0xb1][0xef]^{[0xf7][0xbb]g[0xf7][0xed][0xad]?}[0xf7][0x7][0xfa][0xdf][0xab][0xff][0xfe][0xdd][0xab][0x1f]{[0xeb]O[0xdf][0xdc][0xfe][0xf0][0xfb][0x97][0xff][0xf5][0x9b][0xf]I[0xfa]s[0xb5][0xed][0x87][0x9f][0xfd][0xb3]g[0xd4][0x1c]o[0xa3][0xbf][0xd1][0xff]l[0xd7]1[0x16][0xbd][0xae][0xe3][0x19]K[0xbe][0xd7]j_@[0xad]~[0xe7][0x10][0x4][0x1c]f[0xc1],eE[0xcd][0x99][0x92]PgM%[0x8][0x95]r[0xff][0xd1][0x91][0xc3]}u[0xa6][0x90][0x9b] [0x8c][0xbc]<[0x8c]wciyu[0x8][0xfb][0xc6][0xb7][0x1f]][0xfa][0xfe][0xa5]WT"[0x80][0x11]I)K+ge[0xae]B6^[0xe3][0x2][0xc5][[0xa0]:[0xef][0x8c][0x16][0xf9][0x8e][0xc4]/[0xd5][0x81]9)[0xc9];[0x10][0xc6][0xfb][0xfd]K[0xaf]|[0xf3][0xe1][0xee]w[0xff][0xf6][0xc1]H[0x99]ov[0xf8]OO[0x5][0xbe]J[0xbf]hHtH[0x5][0xbe][0xea][0x7][0x83][0x1d]f4[0xf1][0x83]f,[0xef]_[0xbd][0xf2][0xea][0xd7][0xef][0xbc][0xf3][0xd5][0xbb]/|[0xf9][0xf1][0xa7]_~[0xfc][0xe9][0xff][0xde][0xd9][0xf9][0xf2][0x93]O[0xbe]z[0xf7][0x5][0x85]xJ[0xe8][0xb5][0x19][0xb]?iu[0x90][0xd1][0xf4][0x93]"
18:24:15.978 [main] DEBUG org.apache.http.wire - http-outgoing-1 << "g[0xf5]"m3[0x87][0x0]B[0xac][0x18][0xa7][0x14][0x0][0xd6]6[0xf0]yL[0xd2][0xe7]I[0xab][0xe0][0xfc]"[0xf2][0xbf][0xf7]6E[0x80][0x9b]S[0xac][0xd4][0xbd]`[0xbc][0xfc][0x13][0x89][0x14][0x17]k[0x16][0xf0]TCdS[0x84][0xc6][0x14][0xa9]Re[0xbe][0xb6][0xa2][0xb2]u[0xac]h[0xb3][0xdc][0x8b][0x92][0xd0][0xaf]![0xa7][0x87]t[0xab]6[0xed][0x92][0xe4][0xfa][0xfa][0xde][0x5][0x8c][0xdc][0xa8][0x1d][0xa7][0x85][0x8c][0x18][0xec][0x1a][0xf2]:([0x8a][0x8][0x15][0xad]C[0xf0][0x97][0x9d][0xa3]U[0x83][0x9c][0xc1][0x1b][0x1e][\n]"
18:24:15.978 [main] DEBUG org.apache.http.wire - http-outgoing-1 << "[0xf]U[0xb8][0xca]*[0xe7][0x85][0xad]pa[0xce][0x9c][0xc9][0xe6][0x95][0xa8][0x92][0xd8][0x9a][0x99][0x6][0x96]X[0xf9][0x9]9[0x1e][0xc7][0xad][0xd9][0xc3][0xe6]-[0x13]=f~nu[0xac][0x1a]R[0x1d]+V[0xb4]>)[0x15][0x8f][0xba]~[0xc0][0xe8]'`_[0xac][0xbd]?*r[0xec][0xa3][0xa0][0xe9][0x92]:[0xf3][0xfc][0x9d]a[0xb5][0x84][0x15]y[0x93][0xa1][0x8a][0x15]I1+[0x7]y[0x1e]y9"h[0xfc][0xcf][0xf5][0xdf][0xb2][0x12][0x97][0x7][0x97][0x9][0xf9][0xd5][0x90][0xaa]V[0xf4]^c[\r]G[0x11]1@SQt[0x94]"Wt[0x0]J[0x91][0xab][0xb8]5E[\r][0xec]:[0x1b][0x9d]t"r[0xc1]+[0xe]#~[0x17][0x91][\r]<[0xa5]:[0xf1]G[0x16][0xbe]b[0xb9]-[0xcc][0xab][0xfe][0xc1][0xf4]U6[0xbd][0xde][0xb4][0xdb][0x81][0xb]hs[0xc8]6[0xc0]W[0xb7][0x1][0xcb][0xca]6`YgW[0xcf]Kf[0xf5][0xe5][0xd0][0xd5][0xe5][0xab][0xd2][0xee]l?ha[0xf6]/n[0x89][0x89][0xf7][0xc9][0xe8][0xc8][0xe2][0x8f][0x3][0xa7][0x83]##[0xbe]\l[0xc2][0xad][0xf1][0xc1]i[0x89][0xa0]j[0xa3][0xd3][\n]"
18:24:15.978 [main] DEBUG org.apache.http.wire - http-outgoing-1 << "[0xa6][0x99]3[0xb][0xb0][0xa2][0xbc]E[0xb3]S2[0xaa]bp[0x1][0xb7][0x84][0x8a][0xf2]f[0xae][0x4][0xd9]7[0xcc][0xc2][0xc4]V[0xb5][0x93][0xb4]j[0xed][0xda][0xd9][0xf9]!ZA<Yy[0x1b]0[0xc2][0xdf][0xb6][0xbc]$([0x5]l[0xac][0x6][0xa5]6[0x85][0x18][0xd2][0x19]cM[0xf7]$[0x95][0xc0][0x83]*[0x1]|[0x7][0xf2]xC[0x85][0xc5][0xc7][0xab][0xcb]][0xd5]uC<[0xee]w[0xba][0x83]7\m[0x97]F[0x9d][0x9f][0x94][0xbb][0x96][0xa0][0xce][0xf3]|][0xd7][0xf6][0xa6]G[0x7][0xa6][0xed][0xda][0xe3]'G[0xe9]1[0x17]p[0xb]D[0xf1][0xf8]A[0x1f][0xb7][0x80][0xc7]>8?[0xb8][0xd9][0xc2][0xc2]F[0xe5][0x8f][0xd4](@[0x9c][0x1][0xff][0x7][0x0][0x0][0xff][0xff][0xdc]]OO[0xdb]0[0x14][0xff]*[0xd6].[0xbb]L[0xa8][0xff]B[0xe9][0x11][0xa4][0x82]:[\n]"
18:24:15.978 [main] DEBUG org.apache.http.wire - http-outgoing-1 << "[0x89][0xa8]P5[0xed][0xe4][0xe][0x8f]fu[0x92][0x92]4[0xeb][0xb9]B[0x9a]&[0xb4][0xb][0xb7]][0x11][0xd3][0xa4][0xb1]q[0xe0]4U;[0xc2].[0xfb][0x4]-;[0xa1]}[0x91][0xc9]N[0x9c][0xbc][0xd8][0xce]h[0xa9]4[0xc6]n[0xd8]q[0xec]W[0x87][0xdf][0xb3][0xfd][0xfc][0xde][0xef]%v[0x1][0xcf][0xcd][0xa4]I[0xaf][0xe6]E/[0xf1][0x9d][0xbc](&[0xaa]E[0xc][0xda][0x15][0xa3][0x90][0xef]'=[0x18][0xcc]r1}{[0xfd]~[0xf6][0xf3][0x87]7[0xcb][0xb5]@[0x96][0xbb]G[0xcb][0xd9][0x93][0xfa][0xc1][0xce][0xeb]IgfLu[0xa6][0xc3][0xff][0x81]4[0x9a][0xc7]S[0xa3]\M%[0xca][0xd5][0xe4][0x4]j[0x92]{9X>[0xc]^hY>x[0x8f][0xad][0x90][0xe][0x98][0x1b]:[0xf][0xf5][0x8f][0x5]jaz3>g[0xb5][0xe8][0xc7][0xb7]][0xe7]j[0xe4][0xde]v[0xe2]H[0xcc][0xf5][0xea][0xee][0xa4]R)[0x15][0x8a][0xe5][0xc]->s[0xeb]1[0xe4][0xf3][0x6][0x1b][0xdb][0x6][0xe9][0xeb]kF[0xe1]N[0xd9]q[0x1e][0xb5][0xb8][0x5]wu[0x87][0xa9][0x94]g[0xf5]-[0x95][0xd9]c[0xcc][0x17][0x95]7[0x9a]`[0xb7][0xfc][0xab]:s[0xb]x[0xbb]rQ[0x91]og[0xe3][0xde]'[0x17]K[0x93][0xf1][0xfd][0x11]z[0xc4][0xdf][0x8e][0x3][0xd4]t.O\[0x1][0xcf][0xf8]A[0xea][0xe8][0xca][0xf3]^[0x1e]&D[0x1e]^[0xf4][0xbc][0x13][0xb5][0xbd]<[0x15][0x80][0x8c][0xff][0xe6]h[0x8c][0xfb][0xe8][0x82][0xfe][0xa2][0xc5][[0xcc][0xe5][0xac][0x18][0xf4][0x1c]w[0x16][0x1b][0xfc][0x3][0xa1][0xc0]0[0xb7]2W[0xf4][0x16][0xee][0xd9][0xc1] [0xf][0xd3][0xfd][0x9e][0x82]ikS[0xb1]H[0xac][0xea],[0x12]r[0x6]][0x9e][0x1][0x10]w[0xf0][0x9e][0x6][0xd5][0xbc]O[0xeb]j[0xc4]Da[0xc8][0xd5][0xe7][0xb][0x4][0xa2]F[0x89][0x1][0xaf]>[0xa3]$g ~L[0xba][0x8]t[0xb1]@TJ[0xb1]V)[0x96][0x8c][0xc2]241rR[0xc1][0xaa][0xbc][0xad][0x10][0x12][0xa5]:`e[0xa5]X[0x9b][0x85][0x8c][0xd0][0xd0]D[0xbd][0xae]oH1[0xeb][0x8d][0x9d]mE[0x13][0x80]I[0x90][0xf]*[0xf9][0xb7]u[0xd6][0xe6][0xe]L[0xc4][0x10][0xb][0xfd][0xb7]3gew[0x1][0xa1][0xa4]VB[0x1f]x[0xd3][0xef][0xfa]{[0xa1][0xaa]T&[0x17][0xc][0x1a][0xf9][0xea][0x4][0xcc]M[0xec]G[0xcf][0xca]@[0xad][0x80][0x6][0xf1][0xaa][0xcc][0xd3]j[0x8c]y2[0xc1][0x94]s7m[0xd6][0x89]^;[0x8]YG[0xa7]^[0xea]F[0xf]j\[0x9a]}[0xa7]+[\r][0x95][0xf8][0xcf]_[0x9a][0x9b][0x1f][0xb4][0x8f]{[0xff]\[0x0][0xc][0xc3]{F[0x83]P[0x9c][0x13][0x83][0xda][0x1f][0xaa][0xea][0xa3][0xad][0xa8][0x8f]f[{{'[0xd9]6[0xb6][0xf7][0x89][0x1f]R'[0xd4][0xea][0x8f][0xb6][0xe4][0xdf]#dZ#4[0xc][0x11][0xf1][0x11]Fk[0x84]U-[0x12]mZ[0xad][0x19][0xd0]dQe[0xae][0xf7][0xe5][0x8a][0xe4]z[0xcf]G[0x86][0xf6][\n]"
18:24:15.978 [main] DEBUG org.apache.http.wire - http-outgoing-1 << "[0xa3]v[0x17][0xd3][0xa3][\n]"
18:24:15.978 [main] DEBUG org.apache.http.wire - http-outgoing-1 << "[0xfb][0xe8][0x7][0xc9][0x98][0xcf]O[0x8d]%_[0xd1]=[0xaf]?[0xe0]L[0x14][0xe2][0xe7][0xc7][0xb0][0x8e][\n]"
18:24:15.978 [main] DEBUG org.apache.http.wire - http-outgoing-1 << "1[0xa4])[0xf6][0x2][0x8]h[0xe6][0xe0]w[0x96]B9j[0xdb][0xf1]A[0xa1][0xf][0x9f][0xc4][0xe8][0x8d][\n]"
18:24:15.978 [main] DEBUG org.apache.http.wire - http-outgoing-1 << "][0xd8],[0xc1]-[0xbf][0x1f][0xff]8GHh[0x9f][0xe]o[0xb7][0x1a]6[0xdb][0x12][0x8a]H0[0xb0]][0xf2]$[0x9a]y[0xe4][0xbd][0xcc][0xc1][0x94]J[0x8b]i)[0xb4][0x98]V[0xab][0xae][\r][0x10]-[0xc8]\z[0xe][0xa6][0x14][0xeb]X1y[0x9f]B[0x12][0x94]H[0xc7].[0xe][0xf0][0x90][0xe2][0x1]Z[0xb7])[0xe]n[0xc6][0xe7][0xf6]B[0x1b][0xed][0xe5][0x95]R%[0x13][0xd2]R..[0xd5][0x18][0x5]UIF[0x15][0x1f][0x1f][0x9e][0xe0]a[0xd6][0xb9][0xb2][0xa1][0xe7][0xd5][0xd6][0xf0]O58ch}[0x83]9[0xc6]=5Uo[0x98][0xe9][0x88][0xd3]8[0x9d][0x1e]i[0xb6][0xdb][0xa5]?[0xe4][0xa2]k4[0x81]7f#[0xf0]1[0xa1]6r[0xc9][0x10][0x5]]r@hv[0x9d]=[0xbb][0xb7]=[0xb7][0x85][0xe9][0xe5][0x7]6[0x97][0x18][0xe0][0x89][0x88][\n]"
18:24:15.978 [main] DEBUG org.apache.http.wire - http-outgoing-1 << "[0x81][0xa9][0xe4]k[0xa7][0xb0][0xfa][0xc2][0xd6][0xc9][0xc3][0xd1][0xaf][0xc3]#[0x0][0xae][0xe4][0xc5][0x8e]/U[0xf4][0xe5][0x16][0x2]h[0xac][0xe2][0x95][0x1b][0x10][0xb4]O:,[0xf6][\r],[0x99]@[0xe][0xc]>[0xc5][0xcf]w[0xf3][0xac][0x98][0x1][0xf9][0x8f]v"
18:24:15.978 [main] DEBUG org.apache.http.wire - http-outgoing-1 << "[0xeb]V[0xb3][0x9e][0xd5][0x12].v[0xf0]o[0x0][0x0][0x0][0xff][0xff][0xe4]][0xcf]o[0xdb]6[0x14][0xfe]W[0x84]\v[0x99]][0xcb][0xb6],[0xf5][0xe8][0xa4]I[0x1c]ls[0x84]zA[0x91][0xde]d[0x87][0xb0][0x99][0xba][0x12]!Y[0x1e][0xda][0xdb]Z[0xa0][0x18][0x86][0xee][0xd6]a[0xc0][0xe][0x3][0xd2][0xe](R`+[0xb2]a[0x87][0x5]X.[0xda][0x1f][0x91][0xac][0xa7]![0xff][0xc8]@[0x8a][0xa2][0xf8]D[0xca][0x91]]d[0xe9][0xb0][0x9b]M[0xd2][0xf4][0xd3][0xf]~|$[0xbf][0xf7][0xbd][0x12]`PEg[0xdc][0xae][0xea][0xab][0xf7][0xb5][0xbc]z[0xbb][0x98][0x5][0x8a][0xfe]OY[0xea]:[0xd6]-[0x9c]n[0xb9]Y[0x90]X[0xcf][0x8a][0x93][0xa3][0xf7][0xa7][0xd5][0xb7][0x1c][0xb3][0xdd][0xb1]e[0xfc]6c[0xd5][0xab][0xfe]8[0xb5][0x3][0xa0][0x84]m[0xb5]M)[0xc2][0xc6]2[0xf5][0x81][0xa8][0x1a]|c[0x97][0xbe]#[0x94]Z[0xaf]N[0xc6][0xe9]u)[0xd3][0xf1]m[0xb3][0xdc][0x5][0xef][0xae][0xcb].xf[0xa7]1[0xf4][0xa6][0xc3][0x0]p[0xe6][0xd6]o[0xd5][0xaf]mn[0xbe][0x16].[0xbe]x[0xfa][0x1c]M[0xb2][0x9b][0xc3][0xb1][0x84]W[0xe6]@[0xf2][0xf5][0xe5][0xd3][0x1f]r[0x8][0xe1][0xd5][0xc3][0x10][0xfc][0x96][0xcc][0xe0]}[0x9e][0xca]m'[0xa0][0xe3]|[0x9a]fJ1Kh[0xc4][0x10][0xcf][0xff]o[0xd2][0xec][0xe9]([0x6][0xa8]@b[0x8f][0xd1]e[0xb6]c[0xec][0xa3]2|P[0xe9][0xb5][0xae]B[0xaf]u[0xb5][0xd9]6:[0xb6][0xa5]Il[0xfd]Y[0x10][0xa2]h[0xa8][0x5][0x8][0xda][0xc9][0x8e][0x80][0x8][0xa2][0xc7]*3Cr$[0x14]S[0xf3]v[0xc6]`[0x86]f[0xc6][0x10]O[0x3][0x9c][0xb5][0xc4]1[0x1b][0xb8][0xab][0x7][0xcd]:[\r][0xa7][0xa8]s[0xc9][0xd2]w[0xb4]m[0x5]<[0xa0]i[0xf2][0x99]c[0xd3][0x91][0xd3]^[[0xda]hv[0xdd][0xb1][0xe3][0xda][0xce][0x1d][0xdd][0x12]^[0xbe]2[0x15]D[0xca][0xcf][0x9][0xdc][0xed]Od[0x10])[0xd8]k<H[0xe7][0xce]\[0x81][0xee]F<u[0x12]{[0xb5]>[0x8a][0xc7][0xd9][0xf3][0xe5][0xa8]@[0x92]S[0xcf]H[0xa3][0xe7][0xc4][0xa3][0xe7][0x8]A[0x82][0xd8][0x8b]0[0xaa][0x89]0:[0xda] 9[0x86][0xee][0xc7]w[0xec]tP[0x84][0xd3][0xfd][0xc]Cj[0xf9][0xcd]`[0xe1]t[0xa2]{[0x8e])[0xac]&[0xab]H[0x8e]stQ+8[0xce][0x90][0x0]y[0xb5]4[0xb4]Nt6)v6[0xc7][0xbe]D1`[0x0]tv[0xf1][0xd5][0xf9]K[0xe3][0xaf][0xb7][0xd4]a[0xe1]|[0xa3][0xea]`T![0x13][0x8][0x1d][0x9d]`[0xdc][0xb3][0x18][0xa4][0x92][0x93]@[0xf2]H[0x1d][0xef][0xfb]*[0x9b]h_[0xe7][0xf][0x14]e'[0xbb]Q[0xec]3\[0xd2][\r][0xf6]}[0xc5][0x1b][0x10]f[0x1]`*[0xd7]|[0x8e]f[0xc9]+^[0x90][0x1c][0xe1]*>[0x2][0xdf][0xd6][0xd0][0x7][0xde]9V[0xdb]ju[0x0])[0x90]E[0xde]Y[0x8e]2[0xcc]S[0x1b][0xe4][0xf1][0xdd][0xe8][0xd8][0x96][0xb4]ig5[0xeb][0xed]jJ[0xfc]k[0xdd][0xbb][0x14][0xea][0xd6][0x99][0xab][0xb0][0xae][0xc9]`%]1[0x1c][0xe6][0x9d][0x5][0xc2][0xfc][0xee][0xfe][0xb6]<[0xcc]3{[0x8d]q[0xec][0xd1][0xd8][0x97][0x9f][0xe0]R[0xe2][0x97][0xeb][0x9c][0xf3][0xe1][0x9e][0xdd][0xb8][0x80][0x18][0xe3]P[0xca][0xf0][0xb3][0x9d][[0x7]5[0xe7][0xe6]^r[0x82]>[0xfa][0xfb][0xf4][0x8f]E[0xa8]!n[0x13][0x87][0xb][0xf1][0x9d]c[0x84][0xf8][0xe][0xd6][0xf9]4[0x90][0xef][0xf2][0xc9][0x8f]9[\n]"
18:24:15.978 [main] DEBUG org.apache.http.wire - http-outgoing-1 << "[0x88]fC[0xe9]g8[0x1f][0xf2][0xe2];[0x1f][0xe9][0xa2][0xfd]D[0xb4][0x9f]{[0x87]@[0xf4]b[0x95][0x0]>[0x12]>[0xaa][0xe0]Y[0xec][\r]d[0xd5]J[0xa1][0xd0][\n]"
18:24:15.978 [main] DEBUG org.apache.http.wire - http-outgoing-1 << "[0xde][0xf3]Er[0x95]k{[0xfd][0xee][0x80]I[0x9a][0xb0][0xf][0xf4][0x1d][0xdc][0xbb][0xdf][0xed][0xab]~[0x6]'[0xe7]S~[0xa6]7[0xc2][0xf4][0x9d]6[0x6]q([0x9c][0x8b](g[0xf4][0xb3]&[0xc9][0xeb][0xe4]7[0xd6]dZ[0xeb][0x16][0xda] [0x83]&B[0xbc][0x1f][0xe3][0x83][0xb4][0x8a][0x89][0x9]"f#{[0xd1][\n]"
18:24:15.978 [main] DEBUG org.apache.http.wire - http-outgoing-1 << "[0xb6][0xa7]A[0x8][0xd0]u[0x1][0xc7][0x89].*[0xd3][0xaf]#j[0x80][0xa0][0xab][0x4][0x8][0xba][0xda][0x0]A[0xab] [0x9b][0xf3])~[0xa8][0x8b][0x5]b[0xdd][0x1][0xe0]J[0x8d]1[0x8a][0xa8][0x85][0xc2][0xe4][0xf4]}[0x1][0xaa]e[0xb6][0x1d][0xa7][0xa8][0xb7]M}[0x8a][0x9a][0xdd])"[0x14][\n]"
18:24:15.978 [main] DEBUG org.apache.http.wire - http-outgoing-1 << "[0xe3]9[0xd0][0xed]h:V[0xd3][0xec][0x80][0x10] [0xb3][0xe2]*&[0x87]&z[0xb6][0xc0]V4[0xac]dsC[0x15][0xd5]I/TE[0xaa]r[0xfe][0xb2][0xbb])[0xbd][0xc0][0x99][0xdd]F[0x14][0x80][0xdd][0x8e][0xc1][0xad][0xfa][0x8d],KP."[0x97]]Y[\n]"
18:24:15.978 [main] DEBUG org.apache.http.wire - http-outgoing-1 << "&[0xc9]q[0x18]H*r[0xdf][0xb3][0xfc][0x98][0xe2][0xcc][0x9f][0xb6][0xfd]] [0x8][0xca]E[0xe4][0xf8][0xe7][0x14]9P.![0xc7]?g[0x88][0xb1][0x8c]v[0x1c][0xa9][0x14][0xf5][0xf7][0xaf][0xa4][0xd1][0xfe]_[0x82][0xd1]&[0x4][0xa3][0x9][0x9e]bB[0xb0][0x8f]J[0xc8][0x9a]d[0xa2]bRO[0xc1][0xa4][0x9e]V[0xaf][0xa4][0xa5]([0x17][0xe0][0xa9][0x16][0x95]z[0x1a][0xf5]nhY[0x86]O[0xf]<[0x83].[0x94]h[0x15].[0xf2]1WQ[0xea]6[0x1b][0xad][0xa6]][0x10][0xfb]b[0xfa][0x5]&[0xd5][0xfc][0x5][0x18][0xb5][0x95][0xfe]i[0x90][0x93][0x1f][0xda][0xcd][0x96]%[0xab][0x17][0x94][0xa4][0xee]u[0xae]>[0xea][0x10][0xd7][0xa3]"[0xd1][0x82][0xa5]Q[0xcf][0x95][0x6][0x89][0xb8]][0x6]AQA[0xe5][0xeb][0xe4]&VE[0xc2] q8[0xb9]%]f[\n]"
18:24:15.978 [main] DEBUG org.apache.http.wire - http-outgoing-1 << "K[0xe0][0x19]sl[0xfa][0xf6][0xf2][0xc9]+[0xca][0x8c]|[0xfa]B:[0x9f][0xdc][0xca][0x1a]f(%[0xf7]Ef[0x85][0x2][0x86]Wi[0xc1][0xa1][0x9f][0xef][0xb6][0xf2]&:N#[0xcb]#[0xf3][0xec][0xfc][0xed][0xc5][0x97]T.[0xe4][0xdd][0xf3][0x8b][0xb3][0xe5]v`'[0xd3][0xf]D[0xb3][0xdb][0xed][0xed][0x80][0xf1][0x8d]g#[0xf][0x87]e\[0x7]5[0x1b][0xa9][0xab]d#u7[0xfa][0x15][0xc4][0x88][0xba][0x7][0xde][0xc3]h[0x16]|[0xa1]].[0xd1][0xe]2K[0x8c][0x1e][0xdd][0xf8][0x8][0xa3][0xc0]7[0xee][0xc4]#[0x8c]X[0xdc][0xd3].[0xf2][0x3][0xc1]G^=2[0xd1][0x82][0xab]![0xab][0xde][0xe0][0x91][0x88][0x1f][0xd7][0xcc]V[0xa3]nB[0x9f]#3H[0x89][0x91]j[0xdb]W[0xa7]([0xab]2[0xa8]A[0xff][0x9a][0xb1][0xbd][0x80][0xc8][0xb4]b[0x94]bj[0xad][0xaf]7[0xe0]C9[0xd8][0xcc]_I[0x89]J-[0x95]J[0x4]j[0xa9][0x94][0xa3][0xc3][0xb][0x96][0xe4][0xec][0x84][0xed][0x8c][0xfc][\n]"
18:24:15.978 [main] DEBUG org.apache.http.wire - http-outgoing-1 << "[0x19][0xd3]Rc[0x89]"-[0x95]J[0x14]i[0x17][0x8f][0x92][0xa3]P[0xd2][0x16][0xcb][0x9a][0x15]y[0xd1]Yy0[0xf](![0xfa][0xcf]o[0xe][0xf3]([0xc8][0xb3]w[0xcf][0xcf][0xdf][0xb0]@[0x8b]%[0x90]b[0xe4]/E|v[0x83][0xf2][0xf8]G[0xa2][0xca]l[0xba][0x8a][0xcc][0xa6][0xbb][0xab][0x9b][0x9b][0xdb][0x5][0xf6][0xe1]=/[0x8c][0xb4][0x19]6X[0x87]`[0xc5][0x90][0x19]t[0xf7]1[0x1a]="
18:24:15.978 [main] DEBUG org.apache.http.wire - http-outgoing-1 << "&AD[0x82])[0x9e]y[0xb4][0x9c]j'^[0xc9]n[0xce]&[0xe3][0xb2]<[0xdc]-[0xbb][0xd9]J[0xb3][0x8b][0xfd][0x3][0x0][0x0][0xff][0xff][0xdc]][0xcd]s[0xdb][0xc6][0x15][0xff]W0[0xba][0xa4]3[0x95]8[0x4][0xbf]y[0x94]e[0xc5]vD*2I[0xc9][0x99][0xde] [0x9][0x11]a[0x83][0x0][0x8d][0xf]y[0x9c][0x93]E9[0x8e][0x9b][0xa6]Mg[0xd2]N[0xd3][0xce]4[0xdf][0x93]Xv<[0xb6][0xab][0xb8]v[0xec]4[0x99])[0x9d]KO[0xd4]M[0xf2][0xb1][0x9c][0x1e]r[0xca][0xbf][0xd0]y[0xbb][0xc0][0xe2][0xed][0x7]D*[0xb4][0x9d][0xd8][0x17][0x8d][0xb0]X.v[0x1][0xbc][0x1f][0xde][0xbe][0x8f][0xdf]c[0xd4][0x9b][0xd9][0xe9][0x9c][0xe4][0xf6]p[0xa3]w/[0xfa][0x14][0x3][0x93]H[0x95][0xe3][0x11][0xd1][0xc7]%[0xc][0xa8][0x81][0x2]7[0xf7][0x9b][0xf9][0x88]vsz[0xaa][0xd6]Z[0x8e][0xc2][0x9c][0xa7][0xa7][0x9a]+`~\^[0x90][0x9d][0xa6][0xd1]ze[0xa1]>$&[0xa9][0x86][0xb7][0xe]d[0x5][0xda][0x1b][0xdf][0xf7]\[0xe2]qb2[0xf9][0xc6][0xf7][0xbd][0x11][0x95]yl[0xb1]2[0x8f]-[0xe]+[\n]"
18:24:15.978 [main] DEBUG org.apache.http.wire - http-outgoing-1 << "[0xe5][0xd9]G}[0xe3][0xe2]9[0xad][0xb]s>[0x84][0xfb]k[0xc9][0xb5][0x93][0xaf][0xf5][0x92]kc[0xf2]?8[0xdc][0xc0][0xfe][0xd1][0xbf][0xab][0xd8][0xbd][0x92][0x1f][0xad]F?[0xe2][0x88][0xfd][0xe0][0x18]3[0xfa][0xc5][0x17]lG[0x9d][0xcf]b[0xfa][0xcd][0xcb][0x7]o[0x1d]=x[0xc8][0xb5][0x9f]%[0xe7]&[0x8][0x17]'[0xac]P[0xfc]([0x8d][0xe7][0xba][0x1b][0xc8][0xe2][0xda][0x92][0xad][0x93]-[0x15]+[0xae][0xbc][0xbf][0xf7]W[0x95][0xc9][0xca]dDV[0x9e][0xc9][0xc0][0x7]&[0xb]-[0xe4][0xcd][0x94][0xa8][0xf7][0x84][0x15][0x8d][0xf5]l[0xbe]\[0xa8]p[0xd5]A[0xf3][0xd5]LqzF[0xb2]H[0xe2][0xfa]Q1[0xe7]G[0x16][0x97][0xd7][0xca]W[0xd4]T`[0x9]/[0xa0] [0xc7][0xaa][0xea][0x80][0xe8]y[0x8]Rz[0x8]K[0xfd]d[0x8c][0xb9]O[0xb1]l[0x16]ZM$[0xa0][0xec]8[0x92]Pv[0x9c][0x88][0xe8][\r][0xf2][0xbd][0xfc][0x12]Q[0xfd]@7w[0xc3][0xb0]m7[0x91]R[0xf6][0xc3]n [0xdc]6[0x9b]?n[0xb][0xfd][0x99][0x5]`[0xff][0xfa][0xfe][0x83]#[0xf1]\w[0xbd][0xe0][0xd9]J*[0xbf][0xef][\r]M/p[0xb5][0x86][0x95]V[0xbf][0xb3]+[0xd7][0x92]Xj[0xc8][0xc2]zJ[0x95][0xa4]X[0xae][0x94][0xa7][0xa6][0xa7][0xf4]j[0xbe]*[0xe6]*:[0xda]+[0xa1]2[[0x91][0x8c]-f+[0xf2][0x93][0x9c][0xf7][0x3]c[0xdd][0xd5]j[0xd6][0xaa][0x7][0xc9][\r][0xb0]uX'[0x6][0x3][0xdc]m[0x82][0xb2][0xbe][0xf9]B[0xb9][0xa0]W[0xb8][0xca][0xbe][0xa4]8[0xde]L[0xa9]$[0x6][0xfc][0xb1][0xb][0xe2][0xe2]7[0x95]r[0xf6]IT[0xf6][0xe5][0x17]-[0x88]m[0xfe][0x19]e&>A[0x7][0xc2][0xd3][0xd1][0xa1][0xb9][0x9b]D[0xd1][0x80]kb[0x80][0xc0]Z"H[0xf8][0xcb][0xb0]w-B[0x5][0xc8]>[0xdc][0xe5]P![0xee][0xbb]*[0xfd][0xba]+[0xf5][0xa1][0xc8][0xc0]][0x94][0x81][0x83][0xeb]Y[0xa8]j([0xb8][0x8][0xef][0xec]_?[0xb8][0xaa]A[0xd6][0xe0][0xe3][0x9d][0xa3][0x18][0xb]=k[0xb4][0x87]p[0x99][0x93][0xec][0xd3]F[0x90]V[0x94][0xee][0xbc][0x1c].tZ[\n]"
18:24:15.978 [main] DEBUG org.apache.http.wire - http-outgoing-1 << "[0x17]:=[0xdb]R[0xc6][0x11][\n]"
18:24:15.978 [main] DEBUG org.apache.http.wire - http-outgoing-1 << "[0xfb][0xdd][0xe3]n[e[0xca]"[0xe3]1[0xd7]<[0x97](~[0xf0][0xb4][0x1][0xf9]:[0xde][0x4][0xc1][0x83][0xb9]b[0xa5]\,a[0xf6][0xdd][0x1c][0x84][0x1][0x16][0xf5]L[0x8e][0x17]Qr[0xe5]$F_[0xd7][0x8b][0x15]lL[0xd7][0xd5][0xea]q^[0x9d][0xa6]#[0xc5][0xb][0xf6][0xf6][0xef][0xed][0xdf]QHg[0xba][0xd5][0xfc]4.(E'[0xa7]A[\n]"
18:24:15.978 [main] DEBUG org.apache.http.wire - http-outgoing-1 << "[0x83][0x98][0x9a]s[0xd0][0xfb][0xd9][0xa2][0x4][0x17][0xa2][0x87]E)[0x0][0xa2][0x3]"G[0xf1]c[0x8c]rsn[0x90][0xd0]y[0xcc][0x9e][0x17]w[0xa0][0x19][0xfd][0xd1][0x1][0xcd][0xe3][0x8f][0xe][0x88][0xb4][0xc4][0xdd][0x88][0x9c][0xc4][0x97][0xa3]2B[0xef][0xe8][0xb8]bq[0xde][0x8]^[0xa0][0x80]?[0x90]8$[0xc0]<#[0x87][0xef]n[0xaa][0xbf][0xd0][0x92]([0xbf]&e[0xe9],[0xbc][0xda]T[0xe9][0xd2]"I[0xd6][0x92]g[0xc5]1[0x98][0xa2]8[0x93]1[0x7][0x1f][\r][0xee][0xe][0xbe][0xdb][0xdb][0x1e][0xdc][0x19]<[0x1c][0xdc][0x1f]<[0x18][0xdc][0xd6][0x6][0x1b]|[0xbb][0xb7]5[0xf8]v[0xf0][0x8f][0xc1][0xb7][0x13]ny[0xf5]r>_)[0xe0][0xcf]n![0x97]!F[0xab][0xf2]tN[0xcf][0x90]zNeN[0xb6][0xc9]M1[0x12]s[0x95][0x9e][0xad]f[0xc7] [0xfb]PU[0x9d][0xab]A[0x84]^}[0x1][0xbe][0x9c]u[0xc2][0x1c][0xda]l[0xc8]U[0xe7][0xa2][0x7]r[0xce][0xd0]L[0xfa]@[0xfa]7$c[0x16][0xbd][0xe8][0xd3]P[0xa8][0xfd][0xf3][0xc2][0xb7][0xf8]<b[0xba][0x9e][0xb5]W[0xe3][0xd8]Gn[0xca][0xcd][0xf6]y[0xab]+~[0x89]}[0x1];|[0xf][0xd5][0x99]i[0x9a][0xde][0xaa]b[0xa0][0xbd][0xad][0xbd]K[0x83][0xef][0xf6][0xb6][0x6][0xf][0x6][0xf7][0xb5][0xbd][0xf7][0x7]w[0x7][0xf7][0xe0][0x15]HE[0x11]z[0x1f][0x8][0x84][0xb0]w[0x17]0[0x84][0xb6][0x9f]e1[0xdc][0x0][0x1b][0xf4]?[0x82][0x19][0xac]/[0x1][\r]v[0x4][0xa8]A{[0xb5][0xb9]^[0x11][0xc3][0x7][0xb0][[0x3][\r][0xd7][0xd8][0xb8]q[0xce][0xf5][0xc7][0x89][0xfe][0xe3]sk[0xe3][0xf0]?e[0x8e][0xed][0x86]g[0x9a][0x1d][0xd3][0x9][0x8e][0xa6][0x8d][0xc3][0x9a][0xb0][0xc4][0xf7]w[0xc2]H[0xa5]W|[0xb5]=[0xd9]+[0xde][0x90][0xbc][0xe2][0x8d][0xf9]eee[0xc9][0x9c][0xc4][0x16][0xe2][0x4]3[0xc7]M[0xc7][0xf2][0x15][0xd2][0xde][0xa0][0xde]q:[0x97][0xc9]jMW[\n]"
18:24:15.978 [main] DEBUG org.apache.http.wire - http-outgoing-1 << "[0xd9]j[0xb9] [0xd4][0xad][0xd0][0x8b][0xd3]E[0xb1]n[0x5]#|[0x95]#[0xfc][0xc7]O[0xa6][0x15]%[0xb6]fh[0xe8][0x9e][0x8a]_[0xe9][0xa7]U,[0xe6][0xe9][0x10][0xdb][0xa2][0x85][0x10][0xb1]"[0xcf][0x87][0x86]e[0x91][0x8f]3:[0x1f][0xa9][0xb8]_[0xe][0xb7]?'[0xa1]r[0xd7][0x91][0x89][0xb8]a[0x91]^[0xcc]D[0x87]I[0xd2][0xdb][0xd0]1[0xf9]V[0xa3]a[0xdb][0xc2]e[0xa8][0xef][0xe8][0xe][0xa4][0xc7]DDx[0xe3][0xdb][0xa7]<3|[0x11][0xc9]-[0xb9][0xef][0xb7][0x1b][0x97][0xd0]U[0x9][0xb3][0xcc][0xd5][0xd1][0x90][0xb8]:[0x1a][0xaf][0xaa][0x84][0xb9] d[0xf2][0x1c][0xb][0xd7][0xda][0x6][0xdc]e[0x95]$[0xc3][0x98][0x8d]0[0x9e]H[0xc3]E[0xff]v[0xfa][0x9f]8[0xd6][0xa4][0x86]j[0xbd]Z)[0xe9][0x85],[0xae][0x12][[0x0][0x5];'[0xb2][0xde]Gw[0x3][0x11]_[0xe6]+[0xf9][0xaa]>:]V[0x91][0xc7]s[0xec][0x4][0x88][0xe7][0xc9]e[0xb0]"[0xd7][0x8f][0xcf]F[0x9f]k[0xb5]y[0x9a][0xad]S[0x92][0xff]B[0xba][0xd7][0xa9][0xf1]*2P[0xc7]3[0xd7]l3[0xc4]8`[0x9b][0xd6][0xe1]8[0xe0][0x9][0x94][0x1c][0x9e][0xeb][0xc8][0xa3]N)[0xe7][0xfb]h[0xfb][0x10] [0x8];[0xfd][0xcf]p[0x95][0x9a][0xe4][0xf9]R [0xa0][0xf][0x19]Y[0xa8]o[0x10]-[0xfd][0x3]>l"
18:24:15.978 [main] DEBUG org.apache.http.wire - http-outgoing-1 << "6y=)[0xe][0xb8][0x9d][0xfe]ud[0xa1][0x86][0xe3][0x1d]d[0xa1]n[0xb8][0xf0]}C[0xc5]f[0x1a]a't[0xb0][0x9d][0x1a][0xa2]_hz[0xfd][0x11][0xf8]o<7|[0x96][0xd6]/[0x90](,[0xa2][0xa1]O\[0xcc][0x94][0xfb]9H[0xff][0xf4][0xca]T[0xb4][\r][0x89][0x8a][0x96]:JDi[0x15][0xb2]k[0xea][0xae][0xbf][0xe6][0xaa][0xfc]Kd[0xbc][0x86][0xeb][0xfb][0x94][0x9c]Z9[0xb3][0xc1]G[0xa0]m[0xef]m[\r][0xee][0xf][0xbe]&[0xaa][0xd8][0xed][0xbd]w[0xb5][0xc1]g[0x83][0xbb][0x83][0xaf][0x6]w[0xf7].[\r]n[0xef]][0x19][0xdc][0xdf]{[0x97][\r][0xe4][0x9f]3.[0x1a][0xf1][0x10]d[0xe0][0x9][0x85][0xbd]P*V[0xab]z[0x5][0xb3]c[0x10][0xfa]Z=+[0xfa][0xa5][0xa2][0xf9]'[0xba]y[0xa6][0xac][0xe7][\n]"
18:24:15.978 [main] DEBUG org.apache.http.wire - http-outgoing-1 << "[0x85]Bn[0xbe][0x8c][0x8a]\[0xa4]o[0xbe][0xa7][0xd1]'~:[0xae][0xf5][0x9e][0xfc]_F[0xff]W[0xd0][0xff]UT[0x15][0x7]W[0xcb][0xd1][0xc5][0xca]9[0x82][0xfe]O[0xbc]^[0x91][0x7][0x8c]d[0xe1][0xcf]7[0xc1][0xfa]A[0xe9]~N[0xcc][0x3][0x8a].[0xcc]B%!J[0xc1]X[[0x99]e[0xfe][0xb1]:[0xe5][0x15]'[0xb4]J[0xd4][0xc7][0xa8][0x82][0xa1][0xe4][0xd1][0x91][0xe7]#BQ>[0x1d][0x8a][0x96]Q[0xf2]P[0xfc]Vx[0xe1][0xaa]-d[0xef][0xff]k[0x4][0x16][0x85][0x2][0x16][0x85][0xbe]4[0xec][0x94]4[0xe7][0xbd]m2[0xe7][0x7][0xf0][0xc2][0x1d][0x6]H[0xbe][0x8f][0xeb][0xe4]4B[0x1f][0xa1][0x11][0x8c][0x8d][0xb0][0xe8][0xe6][0xb0]wo[0xd8][0xfb][0xe4][0x87]K[0x9f][0xfe][0xd0][0xfb][0x9c]a[0x11][0x99][0x0][0x83][0xa2][0xfe][0x83][0xe8][0x90]"[0x11];[0xa4]@[0x14][0xfa][0x98][0xf7][0x13].v[0x96][0xc3][0xa0][0xfd][0xdd]#[0xd1]l{[0xe1]8{[0x81]y[0x1][0x82][0xc][0xf2][0x1c][0xe6][0xd7]\[0xc7][0x5][0xae][0x8a]4,[0x9a][0x9a][0x9f][0xa5][0x15][0xc][0xd3][0x11]i[0xb9][0xc9]![0xd2][0x85][0xa8][0x1c][0x90][\n]"
18:24:15.978 [main] DEBUG org.apache.http.wire - http-outgoing-1 << "[0x85][0xe4][0x94][0xfa][0x86][0x94]R[0xdf]8[0xa3]$[0xc9][0x17]9B[0x17][0xac][\r]J[0xa2]&[0xe1][0x90][0x98]O[0xcf]fD[0x1a]C[0xb2][0xff][0xbd][0xf8]R[0x88][0xda][0xf9]B[0x1a]Q[0xfb]d[0xdb][0x6]]/[0x16][0xf3][0xba]P|>[0x93][0x9d][0xce]K8C[0xae][0x86][0xe9][0xb4][0xf3][0x98][0xf0][0xb3][0x98]US{[0xa9][0x94][0x8a][0xe3][0xa7]H[0x84],[0xd8][0x0]Z[0xa4][0xa6][0xc6][0xb2][0xa2]j[0x6][[0xb5]([0xc1][0xe9][0xde][0xee][0xc6][0x19]T6#[0x9a][0xef][0xd1][0xab]ex[0x17][0x4][0xca]O[0xb])[0x13][0xb][0x96]s[0xd1][0xf0][0xd8][0xd4][0xf0][0x84]O[0x9d]C[0xe7][0x9e][0xa4]I~[0xfa]Y[0xec]y[0xc2]hI[0x11][0xae][0xe0][0xc2][[0xec]I$J[0xce]-[0xbe]$&[0xeb]OQ%[0xc4][0xc5]0[0xd9][0x11][0xc5][0x94]x[0xac]6[0xd7]3[0x81][0x14]H0[0xbc]u[0x84][0xf4]B[0xef][0xc2][0xb][0xc9][0xdd][0xf][0xe0][0x82][0xc0][0x8a]X[0x11][0xb4]c[0x86][0x17][0xb4][0xfb];[0xb6][0xd9]I[0xc9]FZ[0x95][0xc3]s[0x8e]I[0xe1]9[0xc7]jue6[0x92][0x80]['B?06-[0x95][0x8d][0x92][0x8c][0xd9][0xc]2tBf4[0x9f]9[0xd7][0xb6][0xcd][0xb5][0xc0][0xda][0xb4][0x2]BY[0xae][0x9a]3[0xea][0xd3][0xdf][0x1]O"5[0x8f][0xe0]N[0x13][0xf8][0x13][0xab][0x5][0xbd][0xcc];[0x13][0xc1][0x97][0x98][0xcf][0x14]T%[0xea][0xa5][0xe9][0xc9]Qy[0xa3][0xab][0xd6][0x8f][0xe3]^[0x94][0x97](aZ1[0xf7]\[0x19]HT+"[0xb8][0x1][0xee]fhvm[0xd8][0xd3][0xc4][0xf8][0xa1][0xea][0x1e]96[0xee][0x12][0x1c]y8[0xdc][0xfe]#[0x81][0x95]+[0xe4][0xef][0x87](O`[0xd6][0x9],[0xdb]6[0xb5][0x97][0x1][0xc5][0xcd][0xa4][0xe2]n[0x13][0xa4]+[0xbe][0x94][0xc9][0xb2][0x7][0xe4]f[0xc7]N[0x11][0x9f][0xb6][0x97]r[0x82]b[0xd1][0xee][0xc1][0x95][0x99][0xfd]k$3[0xe9][0xfa][0xc1][0xe5][0x83]7[0x8f][0xb0][0xd3]Z[0xb5];G[\n]"
18:24:15.978 [main] DEBUG org.apache.http.wire - http-outgoing-1 << "[0xb8][0xa3][0x93]8i[0xda][0xa6]cLk[0xb3][0xfe][0x9a][0xe9][0xf8][0x4]O[0x9c]u[0xad][0xe5][0x11][0x82]#m[0xdd][0xd0][0xe6]B[0xa7][0x9d][0xa2][0xaf][0xf8]r[0xc8]|S[\n]"
18:24:15.978 [main] DEBUG org.apache.http.wire - http-outgoing-1 << "[0x99]o[0x9e]TE[0xd5][0xe6]D[0xb9][0x5]`/%[0xac][0xb6]yr[0xc2][0x2]=[0x85]\[0xb1][0xc8]%[0xe7][0x14]3[0xd5][0xe2][0xf4]L1SV[0xc8]&[0xb9]#id$i[0xa6][0xca][0xec]x[0xf2][0x18][0xdd]n[0x85]([0xa6]{[0x14][0x9b]8[0xfa][0x1d][0x8f][0xa2]u[0xdd][0x90][0xe8][0xc9]L0[0xff][0xfd][0xe9][0xcf][0x10][0xe6][\n]"
18:24:15.978 [main] DEBUG org.apache.http.wire - http-outgoing-1 << "\[0xd2]ha[0xb1]D[0x6]F[0xd2][0x96][0xc8][0xa3]9s[0xb2][0xbf]c[0xf7][0xaf][0xa1][0xf8][0xba][0xde]C"[0x8d]W[0x87][0xdb][0xef][0x13][0x93][0xe6][0xdb] [0x99][0x90][0xfa]G[0xda]{[0xf7][0x86][0xdb]_[0xc0]?[o[0xf]{W[0x87][[0xbb][0xb1]C?[0xe2][0xf5][0x1a]n_[0x1a][0xf6]n[0x11][0xfb][0xc7][0xef][0x86][0xdb][0x9f][0xc6][0x2][0xc][0x13]xi>[0xba]<[0x15]]~J[0xdd]@n[0xa3]B[0xb][0xa8][0xc1][0x9a][0xa8][0xb8]n[0x9a][0xdc]jbI[0xdd][0xbf][0x1e][0xd7][0xca][0xfe]b[0xff][0x1d]m[0xff][0xb][0xd2][0xf6][0xd5][0xc1][0x15][\r]"[0x0][0xae][0x13][0xe6][0xe0]([0xac]O[0x3][0xe5]B[0x3]G[0x6]t[0x1e][[0xa4][0xfd][0xb6][0xf3][0x2]j[0x19][0x82]S[0x84][0xbe][0xd2][0xb]V[0x10][0xf8]Qi[0x90]M+%G[0xe7][0x9c][0x1c][0xc6][0xbf] [0x85][0xf1]/,[0xaa]6HP[0xa3]K0[0xab][0x1a][0xbe]o[0x6][0xa6][0xe7][0x99][0xaa]2[\n]"
18:24:15.978 [main] DEBUG org.apache.http.wire - http-outgoing-1 << "[0x8b][0xac]b[0x18]K[ [0xf3][0x9c]k[0x3]4[0xba][0xdd]6[0x10][0x8f][0xb1][0xd9]N[0xa0]=[0x14]J[0xb9],[0xf6][0x9f][0xe8][0xe5]L[0x9e][0x15][0x19]*[0xe5]D[0xd2]t[0xb8]O[0xb0]3e[0xd7][0xe6]L[0xae][0xa5]'[0xa7]:([0x9e][0x88][0x88]Y[0xd5][0xf4]J[0x82]s(F[0x9]6[0x82][0x1a][[0xfe]/$8[0x1f][0xf4]H[0xba][0xc2][0x10][0xad][0x90][0xa9][0x13]s[0xf0][0x94][0xfb][0xbb][0xab][0x86][0xad]][0xd4][0x16]-s[0xd3][0xf4]y[0xbd]"y[0xf]f[0xcc]`f[0xd1][0xea][0xef]l[0xf6][0xaf][0xf9]2[0xa8][0x1]6[0x11][0xb4][0x2][0xd8][0xfa][0xf3][0xb0][0xf7]1[0x81][0xaa][0x87][0xc3][0xed][0xdf]Ca[0xb2][0xed][0xf7][0x86][0xbd][0xaf][0x13][0xcc]Jn[0xbb][0xc9][0xa6][0x94][0xe8][0x1d][0xd1][0x9c]6[0xe1]r[0xde][0xf4]9[0x5]D}[0x1e]i"[0xd1][0xd0][0xe][0x1b][0x9b][0xa1][0x9b][0xa5]-[0x90][0xe5][0xbc][0xae]Y[0xec]$[0x86][0xb9][0xc7];[0x90][0x1][0xb0][0xbf][0xb][0xc8][0x6][0xcc][0x7][0x80]l[0xe3];c[0x1d]c,*[0x96][0xc6][0xa9]9B[0x1][0x1c][0xbb]c[0xd9][0x1b][0x3][0xe1][0x82][0xa1]C[0xf9][0x8a]F[0x2][0xda][0x9c][0xb]}[0xd7][0x8d]u[0x92][0x12]I[0x6]1[0xa3][0x90][0xc3][0xd0]1B[0xd8][0x0][0x90][0xc6][0xfe][0x8e][0xe9][0x10]4#G[0x96][0xf][0xe4][0xf7]'[0xcc][0x8e]i:[0xfe]Z[0xdb][0xe8]r[0xdb][0xa2][0xe6][0xc2][0xa2][0xac]9[0xd5][0xc2][0xb5]4[0xe7][0x8f][0xbd]&[0xe1]TmN[0xc4][0xa9][0xda][0x9c][0x12][0xa7]"
18:24:15.978 [main] DEBUG org.apache.http.wire - http-outgoing-1 << "[0xca]E!ca[0xce][0xf0][0xc9][0xfd]T[0xa0]Tmn[0x12][0xe4][0xd1]+[0xa5][0xac][0x98][0xf]X[0xa9]0[0xe8][0xc9]f[0xaa][0xa5][0xd4][\r][0xc]Y|[0x2]<%.[0x83]9[0xa7][0xaa]m:>[0xf0][0xc4]7V[0x80][0x9b][0xc3][\n]"
18:24:15.978 [main] DEBUG org.apache.http.wire - http-outgoing-1 << "[0x97][0xfe][0xf2][0xe1][0x86][[0x19][0xd2][0x91]j[0xe1]Z[0xff]&[0xaf]#[0xcd]@7[0x95]~t[0x83][0x9a]V[0xb1][0x8e]c[0xb0]1[0x91][0x92]S[0xeb]?X[0xb3][0x4]%[0x87][0xb5]!<[0x88][0x8a][0x94][0x1c]h:+)9[0x97][0xa9][0xd1][0xf5][0x8][0x9a][0x8b][0xbd][0xf6][0xbc][0xcb]|mNa[\n]"
18:24:15.978 [main] DEBUG org.apache.http.wire - http-outgoing-1 << "[0xa9][0x1b]^`9[0xda][0xaf][0xe8][0x1e]V[0xeb][0x1a]^[0x90]R[0xef][0xa9][0x3][0x14][0x8f][0x19][0xb2][0x11][0xce]l([0xea][0xc0]H[0xe5][0xdb][0xea][0xb3]/[0x8f]c[0x1f][0x81][0xb2][0x16][0x1b][0xae][0xca][0x15]L[0x86]T[C[0xe8][0xb4][0xd3][\r]![0xd1][0xf9]Ib[0xaa]K[0xd5]r[0x95]7[0x82]d[0x13]([0xc9][0x8b]U[0xdb][0xb8][0xbb])[0x19]@p[0xae][0xf1][0xf8]Z[0xcc]T[0xf3]5x[0x93][0x16]kr[0xa5]tn[0x95]2[0xb0][0xe4][0x9f][0x92][0x19][0xe4][0x17]c~[0x15]j4[0x8]iU[0x8e][0x8d][0xd8][0x99][0x8f][0x87][0x81]<[0xd4]"([0xc2]4[0xb7]s[0x4][0xc2][0xb1]{[0x1c]A[0x1c][0xd7][0x86] [0x8e][0xb5][0x89][0x16][0x99][0xf][0x8][0xcc][0xc1][0xce][0xee][0xc7]o[0x88][0xc6]D[0x13][0xaf]z_[0xff][0xf0][0xd1][0xfb]?~[0xf3][^Wb[0xa3][0xac]zr[R^[0x8e]hG[0xb4][0xbd][0xed]r[0x10][0x98][0xcc][0x3][0xa9]B[0xc9]|)[0x6]B[0x82]4[0xa0][0xe0][0x9b][0x91]Yf[0xfc] [0x98][0x8e][0xf1][0xfa]O0[0xc9],Y[0xb0])![0x9a]w[0x1d][0x9c].v[0x9a][0xd7][0xba]+WeX[0x92][0xaa]24[0x97][0x94]v[0xd7]lE[0x15]0F/[0xad]J[0xdb][0xa8]K[0xe8][0x11]D[0x85]"-[0x83][0x96][0x7][0xc4]#[0x80]N[0xcc][0xe6]>[0x6][0xac][0xb0]J0)[0xc]P[0xd9]R[0x95][0xf]@[0xa9][0xb0]-R[0xb1][0xc4][0xf6]K[0x87][0xc5][0x9b][0xe5][\n]"
18:24:15.978 [main] DEBUG org.apache.http.wire - http-outgoing-1 << "[0xb9][0xd1][0xa0][0x92][0x1f][0xd3][0xaa][0xaa]X[0xa4][0x8c]*[0xa5][0xe7][0xd0][0xb8][0x1a][0xbd]z![0xff][0xea][0xb1]][0xd1][0x92][0xb9][0xee][0xb9][\r][\n]"
18:24:16.165 [main] DEBUG org.apache.http.wire - http-outgoing-1 << "1100[\r][\n]"
18:24:16.165 [main] DEBUG org.apache.http.wire - http-outgoing-1 << "[0xda][0xc5][0xe8][0x1c][0x8a]M;[0xe4][0xb6]p[0x2][0xfe]'[0x92][0x94][0x1][0x11][0xe5][0xff][0xdb][0xfd]'[0x91][0xf7][0xf][0xc9][0xe][0xe9][0xe6]p{[0x17][0x15][0x86][0xe2]&c[0xe2][0xa9][0xac]z[0x87][0x9e]N6Ct[0xaa][0xdc]I[0xa4][0xf9][0xc4][0xbf]u[0xf0]y[0x4][0x1]Kf`x[0x9a][0xa5][0xd5][0xad]s[0xd1]I[0xa6][0xf]i$[0x1b][0xfa][0xe][0xd9][0x9][0xbd]I[0xb2]<.[0x1f][0x1][0x11][0xfc][0xee]O1[0xd2][0xae]X[0xce][0x1a]P-[0x2]$[0x0]e[0xc8][0x9][0xcf]t[0x8c][0xf5]t.[0x93]My[0xff][0xb1]"[0xed]?V[0xe6]Z[0xea][0x9c][0xae][0x82][0xb2]`[0xac][0xd2]2[0xbb]2[0xd9][0x6]$[[0xad]Vu~[0x3]B[0xf2][0xb0]t[0x81]"[0x9a][0xbb][0xb]\[0xa5][0xa7]J[0xf5][0xc9][0x19]<[0xe][0xbd][0xcb][0x82]t[0x1f]Rw[0xf9]y[0xd9][0x8c][0xc4][0xcb][0x5]a_[0xb7][0xd0]r9[0x91]_[0xb1][0xa0][0x93][0xa9]][0xd4]Nx[0x6]9o[0x8][0x96][0x90]h[0x1c][0x10]{[0xdb][0xf4]g[0xb8][0xbb]&[0xee]`[0xde]#[0xdf][0xf2][0xf8][0x90][0x99]t{[0xb7]c[0xcb][0xef][[0x84][0x13][0x5][0xca][0xc1][0xf0][0xa5][0xe2][0xf8])[0xa3][0xc9]r[0x16][0x92]x[0xb2]&?[0xd9][0x4][0x15]R: d`[0x97] ,F[0xdc]b[0x10]>[0xc4][0xbd],[0xd6][0xc3][0x12][0xf7]LW[0x89][0xda][0x10][0x1f]h[0x8f]o[0x1]{[0x2][0xd8]X[0xa1][0xfd][0xbf][0x97][0xde]9x[0xeb][0x8][0xdb][0xa9][0xcd][0xb5][0xe0]9[0xdf]N[0xad][0x9c][0x12]L([0x1d]7[0xc5]xrA&[0xc1]?#[0x91][0xe0][0x9f]i[0xd6][0x95][0x85]%Dn[0xcb][0xae][0xd2][0x93]L[0xc6]Sr[0xd8][0xc6][0xf3][0xaa][0x1b][0xb6][0xab]5[0x8d][0xff]<tm7p[0xb5]V[0x18][0xb8][0x90][0xfe]c[0xf8][0x96][0xe6]j[0xcd]G[[0xd0]k[0x82][0xc2][0xf2][0xd5]B[0xa5]Z[0xe5]<R[0xf9]L[0x91][0xed][0x97][0xf4]rN[0xad][0xd3][0x90][0xd9]!soe[0xb4]R[0xf3]k}[0x1c][0xa5][0x86].[0x9a][0xc7][0xb8]J%[0xdd][0xe0]r[0x86]D[0xcf][0xe1]g[0xe9]h[0xc1][0xa3]-[0xfb][0xd1][0x16][0xc6][0xb6][0xd6][0x88][0x84][0x97][0x8e][0x90][0xa6][0xd2]q[0xc5]AEh[0xdb]06[0xa0][0xa0][0xe7][0xeb][0xc6]KF[0xf4][0xa8][0x9e]E[0x12]j|"P[0xa4][0x7][0x11][0x2][0xd2][0x83]D[0xc9][0xf9][0x84]3[0xd0][0xd0][0xb3][0xab][0xb8]k[0x17][0x9f][0x89][0x80][0x87][0x1e][0xb4]q[0xb7][0x8]K ;[\r][0x88]g[0xc7]F[0x8a][0xb][0xfe]h[0x5][0xa3]9[[0xe7]e[0x91][0x96]JuR2[0xc4]}y[0x9b][0xd1][0x94][0xb7][0x19]u[0x15][c[0xbe],[0x1a]3[0x99]][0x2]]S[0xf2][0xf7][0xd6][0x85][0x10]5[0xae]79[0x11]18Z[0xf8][0xd4][0x84][0x9c][0xe][0xf9]|6[0x8b][0xbd][0xc4][0x85]|[0xa6][0x1c][0xb3]*[0xe9][0xb9][0xb4]h[0x8e][0xe][0xd4][0x11]u0[0xbf][0xc3]h[0x1f][0x8c]2E[0xed]TkVa[0xb7]@[0xeb][0x16]5[0x90][0xc2]S[0xda]_X[0x2][0xb1][0x83][0x15][0xa0][0xfd][0xc5][0xa9][0x80][0x14][0xb1][0x97][0x82][0xd0]h[0xb3]{[0xa8][0x97]8Y[\n]"
18:24:16.165 [main] DEBUG org.apache.http.wire - http-outgoing-1 << "[0xd3].X[0xb]o[0x1a][0x90]-[0x3][0xa4][0x84][0xec][0xf6][0x1f][0x90][0xe9]3[0xf9]ml[0xf9]LZ[0x92][0xf]>i[0xc2][0x9b]~[0xd4][0xab]-[0xfd].[0x11][0xba]+[0xac][0xf8][0xeb][0x91][0x88][0x9e][0xfd][0x8e]7Z[0xfa][0xea][\r]^[0xfa]\[0xad][0xe5]v[0xe8]~[0xc9][0xb3][0x9c]5[0x8b][0xbc][0x9a]*A[0x94]yU[0x9a][0x12][0xaf]J[0xb3][0xa5][0xaa]'[0x9d][0x93]([0x1a][0xe0][0xee][0xb4][0xa2]x[0x19]I[0x0][|[0x11]yN[0x16][0xd9][0xf][0xa3][0x19][0xf7]o[0xc6]SFT+[0xf4][0xc7][0xfd][0x8f][0x83][0xa8]\[0x4][0xfa][0x95][0x89]~32[0xac][0xa3]n[0xad][0xaf][0xdb]fJ[0xc]i[0xa5][0x9c][0xe7][0x88][0xd0]@[0xf0]D[0xe6][0xf7][0xf8][0xf6][0xa2][0xcf]f[0x15][0x97][0x99]V[0x7][0x90][0x8e][0xf8]^[0xaa][0x17]#[0x8b]hz[0x2]Z[0xb3][0x85]6[0x9][0xf8][0x96][0xfe][0x1f][0x0][0x0][0xff][0xff][0xdc]][0xcd]N[0xc2]@[0x10]~[0x15][0xc2][0x99][0x9a]P[0xcb]O[0x8f]D[0x94][0x18][0x4]#%[0xd1]kI[0x9b][0xd0][0xf0][0xd7]Xz[0xe8][0x8d][0xc4][0xb][0x17][0xcf][0x12]o[0x1c][0x89][0x7]b[0xbc][0xe8][0x99][0xf8][0xe][0xe8][0x11]_[0xc4][0xcc]N[0xbb][0xdd][0xed][0xb6]hC[0xc][0x86][0xb][0xc9]v[0xb6][0x9b][0xd9][0xee][0xee]0[0xb3]3[0xf3][\r][0xfb]I3[0xc6][0xa8]s[0xcb][0xa1][0xbe]W;{[0x3]ea[0x98]t#[0xeb]N[0xdd][0x19]A[0x7][0x8f]#[0xfb]g[0xdb]'[0x82][0x9d][0xc0]ls[0xee][0x94]O[0xbf][0xee][0xe6][0xe4]V[0xe0][0x81][0x1c]w[0x8c][0xfe]x[0xa4][0x87]>[0xe9][0xb3][0x87][0x6]@[0x1c][0xd5][0xde][0xfa][0xae]/[0x16](q[0xc8][0x9e]AF[0xe3]o[0x8f][0x6]z[0xc6][\n]"
18:24:16.165 [main] DEBUG org.apache.http.wire - http-outgoing-1 << "[0x88]\j*DO<C[0xc8][0xc7][0x12][0xee][0x4] t[0x2][0xfc][0xa3]i[0xa0]b[0x9d][0xb1]}[0x88][0xd1][0xa4] [0x8a]8I[0xe7][0x1a][0x16]I[0x8e]O[0xf2][0x9b]:"n[0x85]&[0xe0]V`=U[0xb1][0xcc]l1R[0xff][0xca][0xf2]t#[0xae][0xfa][0x15][0x19][0x91][0xa9]i[0x1d]a[0xab][0xd2][0x97][0x1a][0xfa][0xa0][0xaf][0xf7][0xf4].[0xe4][0xf8]o&3B[0xf2]<h;[0x92][0xe6]n&[0xb3][0xf7]'[0x83]<[0xd8][0x1][0xe0][0xe2]X[0x96][0x95][0xb2][0xcc][0xb9]_![0xa5].[0xa7][0x14][0x4][0x1][0x16][0xb2][0xc7][0xa8][0xfe]yE-[0xaa][0xbf](H[0x1b][0x83]tq[0xde][0xba][0xf2][0xeb]c[0xe5][0xb2][0xf5]k[0x10][0xf5]X[0xb9][0x17][0x1]A[0xb6][0x14][0xaa][0xe5]P[0x11]p[0xb][0xbd][0xac][0xdf]>[0xa6][0xeb][0xa5][0xf][0x93][0x10][0x91][[0xc][0x8][0x8d][0x85][0xc9][0xc0])[0xc6][0xa1]d@[0x94][0xc1][0x9e]P2[0x8]S[0x12][0x19]#[0xbc][0x11][0xc1]e [[0x86][0x80][0xe1][0x13][0xd1][0x86]}2[0x9a]>r[\r]k[0xcc][0x9]5[0xa8]9[0xfd]J [0x1c][0x17]$[0xd6][0x83][0x9a][0x6][0xcc]@[0xa8]_up[0xa4][0xd5][0x9c]l[0x8f]c[0x1f][0x7]R[0xcb][0xc]X[0xc][0xd3][0xf6]H'H[0xdb][0xc3]=[0xc3]8s[0xc9][0xa4][0xc3][0x88]4[0xe9]RD[0x98]:[0xba]{@h[0x1c]u[0x8d]w[0xf0][0x9a]C3[0x11][0xd1][0xce][0x11][0x3][0xcf]4![0xf0]L;[0x8d][0x8d]t[0x95]#[0x88]vU[0xbd][0x87][0x98][0x16]Q[0xb9][0xd4][0x8c]Z=[0x94][0xa3]H[0x6][0x8e][0xb6]Z[0xc]W[0xb] [0xed][0x16][0x16][0x9b]WJ[0xaa]Z.p~[P[0x8d]$[0xf8][0xe5][0x85][0x10][0xb2][0xc2][0x9a]9y[0xb5]X[0x92][0xd9]j[0xb8][0xea][0x91][0xfc][0x93]"[0x95][0xad]5 [0xd9][0xad][0x86]YwM[0x82][0xc9]q[0x1]Y9[0x8d]V[4~[0xe8],E[0xc1][0x92][0xec][[0xb9][0xb9]d[0x92]q`[0xf6][0xc1][0x9f]U[0xe6][0xe4][0xac][0x92]>+[0xe7][0x8f][0x9c]-teQu[0xa2]MT[0x95][0x98][0x89][0x87][0x17][0xa8][0xf7]<[0xb8]][0xf8][0xe]j?[0xb4]i[0xf3]T[0x94][0x14]"
18:24:16.165 [main] DEBUG org.apache.http.wire - http-outgoing-1 << "[0xb4][0xd9][0xe5];[0xd3][0x1b][0xcb][0xcf]e*L;[0xc7][0xfc][0xff][0x81][0xa9][0xdf][0x0][0x0][0x0][0xff][0xff][0xdc]][0xcf]k[0x13]A[0x14][0xfe]W[0x16]Oz[0x9]I[0x93][0xcd][0xa6][0xd7][0x84]R[0x84][0xe8]!+[0x85]z[0xdb][0x86]%[0xbb][0xed]&[\r][0x13]SIO[0x82][0x88] [0xe6][0xe2][0xa1][0x8]"[0x18][0x10]5[0x8a][0xb1][0x81][0x88]9X<H[0xef][0xdb][0x9b][0xc7][0x80][0xa6][0x87][0xcc][0x8f][0xec][0xbe]73[0xdb][0xa4][0x6][0xa3][0xf4][0x98][0xc9][0xec][0xdb][0xd9]I[0xf6][0xe3]{[0xf3][0xde][0xfb][0xde][0x9f][0x10][0x96][\r]|H[0xc9][0xa4]R[0x12]j[0xf5][0xd4]S[0xca][0x8a]rJ[0xc9][0xab][0xd6]U][0x1e][0x9][0x11][0x8a]nP[0xa3]*#[0xba]j=[0xa6][0xcd]J[0x4][0x8e]ct[0x10][0x8b][0xd3][0xa9][0xf6][0xf4][0xce][0x1e][0x84][0xc3]p|[0xf6]<<[0x8e]/[0xdb]s[0xc]ai[0xc9][0x93][0x12]+m[0xe5][0xb3][0xa8]e_[0x8e][0xc2][0x6][0xad][[0x91]P[0x83] [0xd2]R(d[0xe1][0xe1][0xc8][0x9a][0xa5][0xaf][0xdd][0xd3]i[0xd7][0xde][0xa4]u[0x5]B[0x16][0xa0][0xb2][0x15][0x89][0x3]p[0xe1]#[0xa8][0xeb]C[0xb][0xc0][0x95][0xda]\[0xbc][0x1d]2[0x98]${i[0x15]([0xb5]'[0x9e][0xc6][0xa0]A[0x3][0x14][0xc2][0x9]G[0xe1]8<[0x99][0xd3][0x7]c[0x15][0x9a]<[0xdc][0xe][0x88][0xdf][0xcc][0xfe]"[0x1c]V[0xd8][0x97][0x8]S>`R[0x12][0xcd][0x17][0xe]U[0x9f][0x1c][0x80]4[0xb2][0xe8][0xa3][0x80][0x14]r[0x0]Y[0x7]AT[0xe3]3[0xa4][0x1a][0x8b][0xa3][\n]"
18:24:16.165 [main] DEBUG org.apache.http.wire - http-outgoing-1 << "[0xd9][0xf9]/T{[0xd8]{[0x8b]p[0xa0]S[0xf5]h[0xf3][0xb2][0x84]pkK[\r][0xb7][0xda]J[0xb8][0xd5][0xde].[0xe9][0xd8][0x81][0xac]O[0xbd][0xe5]WYN[0x85][0x8e] [0x94][0x14][0x8][0x0][0xeb][0xaa][0xb8]M[0x9f][0xbe][0xe4][0x86][0xed][0xb6]\[0x85]4[0xd0].[0x1b][0xf1][0xec][0xe5]jw[0xd7]39[0xdc][0xeb]&[0x17][0xc7].L3[0x95][0xd7]f[0x8d][0x8a][0x9b][0xef]s="[0xd1]>[0x1b][0xd0][0x87][0xbc][0xa9][0x7][0x83][0x5][0x82][0xb7]p[0x17][0xa4]w{=9Lk[0x97][0xa0][0x7][0x12]/[0xcf] [0xed][0xa6]+[0xd5][0xde][0xbf][0xfb][0x9b]$a[0x15][0x1][0x8c][0xd9][0x16][0x1]h[0x0][0x9b]&[0xe0][0x1][0x8c][0xc4][0x10][0xf1][0x95][0xe5][0x9c][0xbe]E[0xcc][0x3]L[0x14][0xe4][0xc3][0xa7]# [0x1d][0x1d][0xc][0x8][0xb4][0x0][0xb][0x10][0x1c]d[0xf7][0xb4][0xe7][0x6]>L[0xb3][0xfa]1[0xba][0xc][0x5][0xe9]T[0xaf]&[0x5][0xd9]F[0xd0]C[0x13]U[0x1c][0xa3][0xec]rE'[0x1d][0xf8][0xa8][0xc5][0xb7][0xb6]R|k[0x97]7[0xb4][0x87][0xc2][0x92]j[0x18][0x85][0xce][0xa4][0x1a]<Y[0x1e][0x1f][0xad]l9?[0xc4]JS[0xad]O[0x98][0x8][0xc2]Jh3[0x19]IB[0xc][0xde][0x12][0xb6][0x1][0xce]X[0xb0][0x83]gnM'[0xa8]-;"[0xcc][0x5])[0x17]U![0xf]i[0xc7]e@[0xb9][0xa0]N[0xaf][0xc][0x1c]_[0xbc]T#[0x10][0xd6]"L)[0xbb][0xff]"[0xef][0x3]?[0x1a][0x7][0x2]<[0xc6][0xa1][0x0][0x8f][0x9]0[0xf8][0xc2]r[0xb7][0xfa][0xac]Y[0xf8][0xfb][0x9f][0xf][0xbb][0x11][0x1e][0xe0][0xd9][0x2][0x11][0xc4]PL[0x1f][0xe0][0x88]([0xb4]C[0xd7]qT[0xf0]w][0xb8][0x9a][0x8][0x19][0x86][0xec][0xe5]{s)[0x9][0xb2]V[0xe0]^I[0x84][0xc0]m[0xc3]m[0xbf]Qs[0x9a][0xfb]$[0x9][0x1e][0xd4][0xce][0xc0][0xb6][0xd2][0x19][0xd8][0xde][0xd4][0xc5][0x8c][0xf2]R2[0x5][0xbc][0x93][0x2][0xf][0xd4]&[0x9f][0xd0]&[0xc0]U[0xd9]3[0xe0][0xe0][0xf9][0xd1][0xf1][0xf4][0xc9][0xab][0xe9][0xcb][0xde][0xf4][0xd1]p[0xfa][0xec][0xe9][0xf4][0xc5][0xc9][0xd2]}[0xad]L3kJU,[0xa9]l[0x14][0xb6]MgS[0x5][0x9]B[0xc4]3 [0xfc]H[0xcf]k[0xbf][0xb7]Ho+[0xb8]=[0x18]5[0xac]t[0xf2]Ah[0xf1]6p1[0x8a][0xa4][0xdd]p[0xfd]9[0xad]o[0xae][0xd9][0x9b][0xd0]+[0x99][0xdd]u[0xc5][0xb9]e[0x98][0xb5][0xd4]%[0x1d][0xf1]z[0xb]0[0xa0][N[0xc0][0x9b][0xa4]BC;[0x8e][0xe7][0xb4][0x1c][0x83]vv[0xee][0xb4]es[0xec][0x8c][0x13][0x98][0xbb][0xe7][0xd4]csw[0x9c][0xba][0x1f][0xc8][0xe6]&[0x83][0xd7][0x93][0xc1]`2[0xf8]6[0x19][0x8c]&[0x9f][0xba][0xb2][0xc1]C[0xf][0x1b]<[0xf4]@[0xaa]I[0xc9][0x9b][0x5][0xf0][0x91][0xc9]_[0xe3][0x8f][0xe7]G[0x8f][0x8d][0xeb]w[0xbd][0xd3]n[0xa3]v[0xff]{[0xbf]q[0xe3]"h[0xe5][0xff][0xf2][0x18]V[0xa3][0xcf][0x2]R[0xd9][0xcf][0xd4]&[0xbf][0x1][0x0][0x0][0xff][0xff][0xdc]]Ko[0xdb]F[0x10][0xfe]+DN[0x9]`[0x7][0x12][0xf5][0xb2][0x8f]1[0xaa][0xaa]q[0xfd][0x8]B[0xb7]1t[0xa3][0xcc][0xb5][0xb8][0x16]E6\Qr}K[0xd0][0xde]j[0xa0]hQ[0x14]=[0xda]=[0xb4]E[0xd2]S/5[0x90][0xf6]"[0xbb][0xbf]!EOF[0xd1][0xff]Q[0xcc].[0x1f][0xbb][0xb3]K[0xc9][0x8a]a7[0xe9]M\[0x8a][0xc3][0xe5][0x92][0xdf][0xc]9[0x8f]od}[\n]"
18:24:16.165 [main] DEBUG org.apache.http.wire - http-outgoing-1 << "[0x1][0xae][0x97]Y[0x91][0xe2][0xfd]Jz[0x8e]z[0xb1]$[0xab][0xd0][0xa5][0xd2]@[0x88][0x91][0xe9][0xc7][0xe8][0xf4][0x8a][0x8b][0x87]S[0x94]_][0x83][0xf6]?yK[0xba]}9(}Ld[0xfa][0xbb][0xf1][0x88][0x84][0xd6]]^[0xb3]0[0xab][0x18][0x87][0x1d][0xea]JpWS[0x82][0xbb][0x9b][0xc6]|X[0xec][0xbf][0x15][0xbd][0xdc]X/[0x89][0xfb]&E[0xb8]{[0xad]2[0x9a][0x15][0xbb][0x8e][0xb8]D*E[0x11]ME}[0x1d][0xca]J5[0xb2]&}oT4[0x3]eG[0x6]M[0x96][0xaf][0xae][0xde][0xc3]|[0x6][0xf9][0xf9][0x83][0xad][0x8e][0xdc][0xcc][0xb]n[0xa6]h[0xc8][0x95][0xf2]i[0xf0]>[0xc7]4[0x10][0xb5]>[0xb9][0x9a][0xfa][0xe3][0xab][0xd9]z[0xea]z[0xf5]*[0xb7][0xf1]y[0xa5]<[0x8d]![0xe5]g[0xbf]o[0xed][0x10][0x1a][0xdc]K[0x15][0x82][0xb8]#[0xfb][0xb1]VI[0x6]O-%[0x16][0xb4]D[0xe7]3v)#[0xf7][0xee]`[0x6]e[0xc3]A[0xc4][0xe2][0xfd][0xa9][0x88][0xf8]{[0xa6]([0xe4][0xfb][0xa6]d[0xc1][0xa8][0xb5]/[0xea][0x1f][0xfd][0x9c][0xb7][0xf9][0xda][0x15]/[0xec]p[0xc1][0xfc][0xf6] [0x1a][0xbb][0x83][0xd2]x[0xf0]@[0xc7][0xad]F~.:Wi$[0xaa][0x18][0xb6]k[0x90][0xca][0xc2][0x2]wlt[0xad][0x80][0x8]1[0x17][0xb9]w[0x10][0x8c][0x90][0x90][\r][0xa6]'V[0x9c][0xf9]P[0xaf]I[0xb1][0xd8][0xa8][0xdb]M[0xbb][0xa1][0xf8]NWr[0x97][0xc9]Ru[0x15][0xf2][0xf0]9[0x15].[0x93][0xd5]JM[0xea][0xd9]g7[0xcd][0x94][0xaa]&[0x6][0xf4][0x8f]v[0xf2][0xee]_[0xc2]wZ[0xce]e[0x98]]vdx[0x93][0xb9][0xa9]Z96@[0xfe][0xd1]` [0xbd][0xe4]d[0xab][0xa0]L[0x93][0xf1]i[0x9e][0x1f][0x3][0xa3]}96[0x83]h[0xe2][0xe][0x8]-X[0x95][0xf3][0x1c][0xa5]6[0x8]p[0xf7][\n]"
18:24:16.165 [main] DEBUG org.apache.http.wire - http-outgoing-1 << "[0x7])l>Md[0x1f][0xe9][0x19]/M[0xf9][0xf2][0xef][0xe7]?[0xcb]nR~[0xd8][0x9e]_[0xb8]"
18:24:16.165 [main] DEBUG org.apache.http.wire - http-outgoing-1 << "J[0xb9][0xa4][0xe9][0xc9][0xd3][0xa4]p[0x97][0xaa]C[0x2]u|*[0xf4][0xa0][0xb0][0xd2] [0xe8][0xfc]XbX[0x5][\n]"
18:24:16.165 [main] DEBUG org.apache.http.wire - http-outgoing-1 << "[0x11]([0xb6][0xfd][0x1][\n]"
18:24:16.165 [main] DEBUG org.apache.http.wire - http-outgoing-1 << "[0xee][0xaf][0xe][0xba][0xf1][0xe0]69V[0x1]p[0x8][0xc2][0xa4][0x94][0x7][0x99]Q[0x1d][0xc2][0xf]u[0x8]o[0x19][0xe3]$([0xa5]c[0xe3] [0xe9][0x5][0x7][0xae][0xb1][0x81][0x1][0x17][0xaa][0xf8]'[0x8a]iI[0xf1][0xf]1x[0xfd][0x10][0x88]]i[0xd6]U[0xfa][0xc2]z[0xf3]~[0xb5][0x9a][0xc1][0xb8]~[0xc5][0x98].[0xca]O_[0xc4]P[0xed][0x8a][0xdd][0x92]j]kUS[0x8]u[0x6][0x9c]E([0xe4]!w[0x87][0x3][0xa8][0xcd]@[0x16][0x8e]y[0xc][0xe4][0xc6]M[0x1]9[0xc0]@[0x1e][0xab]@[0x16][0xb]`@2[0x1b]P[0xeb][0x80][0x1c][0xd1][0xc1]l4[0x13][0x99][0x1a][0xb9][0xcd][0x8a][0xdb][0x9c][0x83][0x18]x[0x8d]5[0x10][0xa7][0xb2]#K[0x8f][0x87][0x4]a[0x99] Y[0x8c][0xc8][0x14][0xc9][0xe9]1R[0xd4]CZ_[0x5][0xc0][0x82]0}[0x1][0x0][0x87][0xb7][\n]"
18:24:16.165 [main] DEBUG org.apache.http.wire - http-outgoing-1 << "[0xe0][0x8d]m[0x5][0xc0][0xc0]Z[0x16][0xc9][0xed][M8[0xee][0xe9]8^[0xd3][0xdd][0x8c][0xa6]xg[0xb3][0x85]8[0x92]?[0x80][0xce][0x89][0xb1][0x11][0xc5]kW[0xa8][0xaa][0x80]oFSUE[0xb3]n[0xab][0x9e][0x0][0xe8][0xc6][0xb7]Tm[0xac][0xe2][0xb0][0xa4]r[0xbd]2[0xf1][0xde][0xca][0xca]js~AEu[0xbe]+@[Q[0x15]}[0x95]Yq[0x89]5[0xf9][0xeb]^[0x15][0xf4][0xd6][0xd4][0x8f][0xf1]Y[0x11][0xd4][0xd9][0x96][0xf]KE[0xa1][0xa2][0xb3]m[0xfa][0xe7][0x2][0x8e][0xbf]q8[0x9e]j%^[0xa2][0xb7]m&[[0xed]m+D[0x17]M[0xc][0xb4][0xd1]4![0x8a][0x1f][0xcb]pk[0xdb]t[0x15]A[0xbf]l[0x8f][0xa2]=c[[0xec]_x3[0xec][0xcf][0x17][0x8b]W[0x6][0xbd][0xf9][0xd9][0xde]j[0xe3]L'[0x1a]B[0xa6]|[0x9][0xc6][0xf4][0x9e][0x1][0x8e][0xd6]3[0xc0][0xd9][0xde]4[0xf2][0xff][0xda][0x98][0x87][0xbc][0xef]z[0x94][0xf9][0x89][0x9]e\[0xe8][0xe5][0xd9][0xf7][0xcb][0x97]g[0xa7][0x17]/[0x86][0xe7][0xcf][0x82][0x9c][0xed]*P[0x93][0xbd][0xf3][0xe9][0xae][0xbb]C?I G[0xcf][0xf3]2[0xca]q7[0x0][0x93][0x1a]EC[0xd7][\r][0x4][0xab][0xf9]z2[0xf4]/^[0xc4][0x90][0x1c]9[0xb2][0xd4]3@[0x8a][0xd6][0xfb][0xd4]#[0xf1][0xf9][0xb3][0x0][0xf6]_[0x9b]@[0xb8][0xd2]ZE[0x8e]?p[0xe3][0xd5]u[0xb4][0xf]S"dQ[0x9d]Qk5[0x1b][0xad]7[0xca][0x9b]|o[0x1d][0xde]1[0xda];[0x90][0x8a][0xf0]a[0xdb]`m[0xe5][0x95][0xc0][0xe6][0xb6]<c[0xc9][0xe1]9[0xc][0xca][0xf3]a1[0x9f][0xf2][0xdb]%#[0xdd][0xf1][0xe7][0x18]^[0xd4][0x8d][0x80]EC,[0xf7]N[0xc9][0x8c][0xfb]Z[0x1d][0xd5]M&V[0xe6][0xcf][0x94][0xf0][0x94][0xe5][0x9b][0xc2]~[0xf3]M[0xa2][0xa8][0xb]^[0xfc]![0x99][0xee][0xfc][0x88]^z[0xc4][0xf4]$[0x90][0x12][0x15][0x8a]m[0xa1][0x15][0xf8][0xdf]%[0xa3][0xcd][0xb7][0x15][0x92][0x1b][0xd1][0xd6][0xe0][0xb3]E,v4[0xfc][0xff][0xc4][0x16][0x96][0xde][0xc5][0xf4]M[0xd0][0x83][0x8a]bMF~[0xa1]*[0xc][0xda][0xf5]HO.[0xef]j[0xc9][0xe5]]#[0xb][0x8f][0xdd][0xc2][0x8d][0xd4]HY[0x92][0x6][0x17][0xf9][0x98][0xe7][0x98];[0x9][0xf5][0x96][0xd3]EF[0xdf]&[0xf2]d[0xe7][0xea][0xc1][0xfc]K[0xc4][0xa8][0x8][0x1b][0x8d]f[0xa3][0xd6]l[0xa8]-[0x98][0xa0]*[0xde][0xd6][0x92]8[0xa5][0xb3]J[0x8d][0x1b]l[0xbb][0xaa]8[0x15][0x9a]5s[0x4][0xc4]D[0xa9][0xce][0xb9][0xe8]7[0xb8]=[0xd9][0xdc][0x86][0xf6][0x9][[0xf][0xc0]:9O[0xe0]w[0xf7]I[0xdb][0xa0]#[0x95][0xdb][0x84][0xb4]d[0xb5][0xfc][0xb5][0xa8][0xab]$[0x8c][0xcb]Wb[0xc5][0xae][0xca][0x82][0xfa]xN[0xce][0xf8]>Rm[0xfb][0xb1][0x8a][0xd2][0x81][0xeb][0x86][0xc]k[0xb7]b[0xc7][0xcd]q[0xac][0x87]H[0xe9][0x86][0xbd][0x0]]3<[0x5][[0x1e][0xe9][0x91]@[0xfb][0x86][0xa2][0x8c]f{p;[0xb8][0x11]6[0xc]#[0x83]X'[0x1a][0xa5]A[0x11]%[0xb7][0x86][0xf1]a,[0x11][0xb7][0x8d]e[0x13]I[0xe2][0xc4][0x1d][0xe9][0x96][0x86][0x8a]a[0x1c][0xe8]A[0x8b]7b[0x12][0xe9][0xfd][0xe][0x9b][0x8][0x8d][0x85][0xa6]4[0x12][0xe3]X[0x14][0xc3][0xa2]"YT[0x14][0xf6]5Q[0xbb]t$[0xc6][0x91][0xa8]1QE[0x8d][0x89]4[0xab][0x8f][0x89][0x81][0x84][0x87][0xf9]tL[0xc2][0xcb]_[0xbf][0xd6][0x84][0x1d][0xa2][0xd0][0xd3][0xa1][0x1c]z[0xda][0xf5]#[0xe6][0x1a][0xee][0xa4][0x18][0xc7]A,[0xd4][0xe2][0xe3]([0x91][0x1e][0x8f]n[0x12]$[0x6]A|[0xb8][0x9c]~?[0xf][0xd2]N_yn[0xa6][0xa9][0xb0][0x9f][0xc][0xca][0xf7][0x12]oz[0x92][0x81]V[0x14]=[0xec][0xc7]y:z[0xe2]e[0xe6][0xfa][0x9f][0xe3]oy[0xb5][0xc3]7[0xdc]b[0x17]![0xad][0xc4]+0[0x9f]v%[0xcb][0xc5];I[0xb0],[0x99][0xa7][0xb4]IY[0xd9]nn[0xd2][0xbb][0x8a]f[0xe5]V}=[0xb9][0xf8]=[0x8c][0xe0][0x1a][0xc0][0xa1]f[0xe5].[0x9f][0xdc][0xca][0x9f][0x82][0xe9][0xfc][0xeb][0x8b]?[0x9f][0xc3][0x1b][0xbf][0xf5][0xfa]%[0xd4]u[0xbe][0xfe]q[0x1][0x93]TJ[0xe6][0xf4]nS[0xfe][0xa3]2[0x8][0xae]Z;$[0x8a][0xfb][0xd4][0xcd][0xa9]P[0xc4][0xa8][0xe3][0x86][0xde][0x84][0xee][0xf9][0xb3]=[0x5]}=3[0xba][0xa3]gFw[0x1c]#+UE[0xe7][0x9e][0xb1][0xda][0xde][0xc4][0x8d]=[0xeb]QDC[0x13][0xef][0x1d][0x97][0xb4][0xd0][0xb4][0xaf][0x10][0xa0]K-[0x8c][0x91][0x8d][0xaa][0xa6][0xf8][0x18][0x1a]u[0xc8]U[0xaa][0xb5][0x8c][0xc6][0xf6]J[0x13][0x92]<[0x10][0xf3][0xa9][0xc6][0x97][\r]v[0xd8]ld[0xd3]skV[0x16]J[0x81][0xcb][0xac]lg[0xed][0x91][0x9c][0x8d]@G[0x94][0xf9]f[0x9a][0xf1]"[0x1d][0xe1]n[0x18][0x85]<[0x6]%[0xe][0x13][0xd3][0xfe][0x8f])[0xc9][0xa7][0xaf][0xbc]>[0xbf]|[0x12][0xe6][0xfc]60[0x18]@^b[0x98][0xdf][0x0][0x1a]2[0x12] /F[0xba]l[0x8c]s[0x9f]8Il}Z[0xdc][0xaf]t([0xd3][0x81][0x9d][0xe9]O[0xfc][0x1c][0xa9][0x12]L[0x19]p[0xac][0xcc][0xef][0x91][0x1d][0xc4]w[0xfe][0xb][0x0][0x0][0xff][0xff][0xdc]][0xcf]o[0xdc]D[0x14][0xfe]W[0xac][0x9e]8[0xb4][0xd1]z[0xd7][0xfb][0x8b][0xdb]v7T[0xb0][0xdb][0x15]Z[0xd3][0x3][0xdc][0x1c]<m[0x1d]/[0xb6]e'[0xe5][0xda][0xb0][0x5][0x84]T[0xe][0x80][0xca][0x1]*[0x81][0x4]R[0x15][0x9a][0x8][0xa2]4[0x8d]"[0x2][0x97]M[0xfe][0x87]4\[0x82]*![0xd1][0xd2][0xff][0x1][0xbd]7c[0xcf]Oo[0x92][0x96]T[0xa8][0x97]([0x9e][0x1d][0xaf][0xc7]^[0xcf]7[0xef][0xbd][0xf9][0xde][0xfb][0xd4][0xac][0xb0][0x1d]H[0xc][0x83][0xca][0xe6][0xbb]y[0x86][0xd8][0xaf][0xc2]G4[0x1d][0xf6]3<[0xfc][0xe1][0xf1]d[0xf2]x[0xb2]"[0x7]K[0xf2][0x17][0x8b][0x8e][0xc8][0xb7][0x88][0x95][0x87]O[0xd8]U/[0x93]4[0xf0][0x11][0xa5][0x2]9[0x94]r[0x89]L"
18:24:16.165 [main] DEBUG org.apache.http.wire - http-outgoing-1 << "7[0xd9][\r][0xc6][0x0][0xae][0x96]p[0x12]m[0x91][0x83],y[0xb9][0xfb][0xf2]t[0x1d][0xaa][0xbd][0x14]'pX[0xce]GF"[0xb][0x8e][0xc9]8X[0xc][0xf9]%[0xd4][0xd0][0xc][0xc2][0xb6][0xc7][0x1e][0xfa]"d[0xd8][0xc6]K[0xf1][0xde][0xe7][0x8b][0xc4][0xc2]O[0x82][0xe2]DS[0xcc]f[\r][0xf5][0xd6][0xd7][0xa0]0[0xa9][0x4][0xe9]X}[0x93]j[0xba]@.[0xee][0xe1]'[0xcf][0x83][0xf7][0xd9][0xb5][0x93][0xe8]F]qE[0xee][0x3][0x85]gn[0xe1]S[0xfc][0x98]Ez8we[0xd8]q1[0xe0][0x8e][0xff][0xe0][0x96][0xdc]{[0x9d][0xa1]&)[0x95][0xa3][0xba]O[0xac][0xa1][0xf7]>[0x8]|f[0xf0]*z[0xec][\n]"
18:24:16.165 [main] DEBUG org.apache.http.wire - http-outgoing-1 << "[0x8]`l)[0xc0].[0xd3]{[0xd3]-[0xec]2[0xbe][0xd0]Q[0xfa][0x10][0xeb][0x86]G[0x1c][0xfa][0x11][0x9a][0xb5][0x4][0xc7][0x88][0x8c]]e[0xec]t[0xf5]*[0x13][0xc1][0xec][0x3][0x97][0xca]zM[0xf0]nJ8[0x18]a[0xaa][0xd7]n[0x1f][0xe9]B[0xd6][0xa6]*"-U[0xdc][0x96][0xc4][0xf8][0xd2]iE[0xdb]G[0x8a][0x9f][0x85][0x83];[0x8e]b6[0x8b]\ViUlG[0xaa][\n]"
18:24:16.165 [main] DEBUG org.apache.http.wire - http-outgoing-1 << "[0x82][0x9e][0x92]]m[0xaa][0xfb][0xb4][0xf8][0xcc][0xfa]2[0xb1][0xcc][0xae]T[0xaa]"[0xb7][0xac]f[0xcf][0xd5]L[\r][\n]"
18:24:16.165 [main] DEBUG org.apache.http.wire - http-outgoing-1 << "ffa[\r][\n]"
18:24:16.165 [main] DEBUG org.apache.http.wire - http-outgoing-1 << "[0x9e]U[[0xf7][0xac]@[0x86]N[0x85][0xf5][0xa7][0xb7]o>[0xbb]s[0xf7][0xe9][0xcf][0xbb]O[0xb6][0xd6]5Twf[0xf8]N}[0xd4][0xfc][0x92][0x16]x:R[0xeb]C[0xb4]K[0x84][0xcd][0x9d][0xd5][0xd9]h[0x1d]*1[0xa6]P[0xac]/P[0xdc][0xbd]4[0xea]gw[0xee]>[0xd9]Z[0xff][0xe7][0xeb][0x7][0xb3][0xe1]:[0xc4][0x9f]*[0x17][0xa5][0xc7][0x97]JA[0xdb]n[0x9c]NW5[0x83][0xf3][0xc7]{[0xf7][0xd5]_[0xbf]|[0x1]\B[0x86][0x8d][0xe2][0xd9]~!V[0x1f][0xa7][0xa4][0x0][0xb1]B[0xb4]^i[0xe4]([0xd6]g[0xc3][0x11]A[\n]"
18:24:16.165 [main] DEBUG org.apache.http.wire - http-outgoing-1 << "[0xda]x[0xd8][0xe8]p[0xf5]`[0xe3][0xd1][0xa7][0xd6][0xc1][0x83]S[0xc7][0x8e][0xc2][0xf8][0xf8]"!0[0x11]4[0xab][0xcc]][0xa6]Jh[0xa6][0xd0][0xb1]nt[0xb9][0xba][0xd1][0x85][0xe9]LZp[0xc3]V[0x98][0x12]o-/[0x18][0xf7]f[0xdc][0x17],[0xd7]Q[0xb5]k[0xb6][0x1c][0xb1]m[0x9a][0x14][0xdf][0x84]{[0x95][0xcb][0xea][0xb4][0x9b][0x90][0x1c]_[0x10]5[0xeb]&[0x9a][0xb7]1p[0xdb][0xc5][0xa0][0xe]U~[0xe3][0xe1][0xdb][0xf3][0xe7][0xdc][0xde][0xb0]D[0x5]N~[0xde]J[0x94][0xa2]:[0xa3][0xac][0x87][0xfb][0xb6]:[0xd3][0xf2][0x1b][0xf9][0xbf][0xa8][0xb5]Lw[0xfd][0x8c][0xdd][0x17][0x8d][0xbf][0x82]k[0x17][0xa9][0x93][0xcd][0x8d][0xa1][0x8f][0xc9][0xbb][0xdb]A[0xb6][0xe2]MAq[0xda][0xa5]][0xc9][0xd8][0xca][0xf8]|[0x83][0xaf][0x85][0xb5]H[0x9a]oj#[0x9f]onL[0xe8][0x98][0xf8][0x84][0xb][0x8a][0xe7]_[0x84]iAE[0xe5][0xd1][0xf3]-[0xe6][0x99][0xff][0xaa][0xcb]Q[0xbb][0x89][0x17][0x94][0xa0][0x3][0xd1][0xd1]a^C[0x87]y[0xd7]D[0x2][0xaf]9j[0xfd]q?[\r]|[0x3]<[0xe0][0x17][0x8a]e5[0xd8]pF$[0x88][0xd0]&[0x99][0xcf][0x12]o[0xba][0xf1][0xc2][0xcc][0xb][0xa7][0xe1][0xd4]ZNUbP[0xc1][0x1a]{A[0xb]w&^Dg[0x8][0xab]*^[0xa9][0xb7][0xdb]b[0xc2][0xba]3[0xd7]4[0xe4][0x89][0x9c]/[0xe7]\ U[0xfb][0x8d]Q[0x7]S[0xd8]/[0xa2]X,[0xb0]0.wt[\n]"
18:24:16.165 [main] DEBUG org.apache.http.wire - http-outgoing-1 << "U~[0xb3]:x[0x9c]U[0xd9].[0xa2][0xc6][0xe4][0x12]a[0xc7][0x86]?[0xb][0xc3]([0xe3][0xf1][0xc][0xb8][0x80][0x13]E[0xba]E~[WSvx-[0x92][0xa9][0x16][0xdf][0xa0][0xae][0x9][0x7][0x7][0xe8]![0xb0],[0x12][0x8f][0xca][0x89]1[0x8a]E~Hwj[0x12]/[0xe2][0xec][0xa8][0xfd][0xef][0xe1]0[0x1e]g[\n]"
18:24:16.165 [main] DEBUG org.apache.http.wire - http-outgoing-1 << "?[0xea]w[0xaa]@}[0x8a][0xea][0x99]$K^&[0xbd][0x2]&[0x92]8/[0xd3][0xc0][0x1a]xQX[0xa6][0x15][0xa2]s[0x1c][0x7][0x1a][0xc7]q[0xd0]7i[0x85][0xb4][0x95][0xb9][0xd9][0x85]}[0xee][0x5]SE=[0xfc][0xc6]`[0xec][0xfd][0xb9][0xf3]q[0xe8][0x5]rq/[0x17][0xd8][0xda][0xe3] [[0x92]w~[0x8b]Q[0x9f]$C[0xa3][0xc4]~[0xae]V[0xda][0x8d][0x86][0xbe][0xe4][0xb7][0xb4]D[0xf1][0xfc]b[0x82][0xa2]H[0xbd]![0xa5]eT[0xcc][0xa6]s[0xfd][0xf5][0x9a]V[0xde]f[0xa8][0xb][0x0][0xec][0x9b][0xee][0xdd][0xb7][0xe0][0xfe]'[0xe1][0xde][0xca][\r]}^[0xda]N[0xf9][0xbc][0x1c][0xf4][0xc5][0xad][0x87]b[0xa8]z[0xa2][0xe8](;f[0x87]6P[0xa6][0xa8]([0xf1][0xea][0x6][0xd1][0xf5][0xbc][0xc2][0x86][0x9c][0xda][0xb0]=9[0xda][0xfe][0xf2][0xe8][0xe1]GG[0xdb][0xb7][0x8e][0x1e][0xfe]v[0x6][0xb9][0x12][0xa5][0x93]_xs[0xa9][0xad] 4P3Ah[0xe0][0x10][0xf0]S^[0xb4][0x9f][0x7][0x80][0x85]~[0xb][0xea][0x89][0x89][0xda][0x83][0x82][0x81][0xd0][0xc0][0xf0]@[0xbc]:[0xab][0xd4][0xb7][0xf1][0xc7]m[0xa8][0xa5]{[0xb]0[0xe1]p[0xf5]4[0x2]%[0xe1]I[0x4]J[0xdc]Ng[0xd4][0xd5][0xf6][0x9d]0[0x8f]ALs[0xb8][0x1a][0xa7][0xd6][0x88]}[0x8d][0xd5][0x8d][0xe3][0x84]K[0xba][0x9f].[0xed][0xfc]M[0x9]8f[0x98][0xfb][0xbe]n[0xee][0xf7]4s[0xbf]g[0xac]G[0xe3]([0x95][0x0][0xfb][0xd7]A[0xb8]r[0xf9][0x3][0x93][0xc9][0xdf]S[0x1c]j[0x8c]a[0xb2]a1[0xae][0x7][0xec][0xd8].ae[0xac][0xfd][0xfb][0xfe][0xde]Jt[0xbc][0x93][0xc0][0x8b][0xfd][0x9b][0xdc][0x84]Z[0xbb][0xde]n5ebG[0xdd][0xe8]'[0xa8][0x1e][0x82][0xdd]j5*[\r]A[0x1c][0xba]V7[0x83]F[0xa9][0x8b][0xf0][0xe][0x96][0xee][0x9e][0xbf][0xf4].[0xfc][0x1d]q[0xb6][0xc7][0xe0]"[0xb4][0x80][0xfb]d[0xac][0x89]UX[0xa6][0x86][0xe5][0xbe]<[0xd6][0xea][0xf6][0x84]d[0x89]r/[0xe1]`m[0xee]`s[0xee][0xcc][0xcb]`[0xbd][0x8c]4[0x9][0xdd][0xed][0x90][0xdd][\r][0x9]DLN[0x86][0xec]\[0xc8]^[0x5][0xa7]{[0x88][0x9e]D[0x89][0xb]qr[0xbf][0xc1][0x85][\n]"
18:24:16.165 [main] DEBUG org.apache.http.wire - http-outgoing-1 << "[0xdd][0xfc][0x17]<[0x8f][0x1][0x0][0x0][0xff][0xff][0xe4]][0xc9]o[0x1b][0xd7][0x19][0xff]W[0x6][0xb9][0xb4][0x5]$A[0xc3][0xe1]p9j_-[0x19][0xe6][0x8][0x82]u{$[0xc7][0x9c][0x11])[0x8e]2[0x8b][0x8][0xf1][0x14]Km-8[0x1][0x82][0xa2]@{H[\n]"
18:24:16.165 [main] DEBUG org.apache.http.wire - http-outgoing-1 << "$[0xb6][0xe1]-[0x10][0x14][0xc7]F@[0xb7][0xae]}`O=Q[0xee][0xc5]N.[0x4][0xdc][0xa6][0xb9][0xe5]_([0xde]2[0xf3]Vnad$[0xee][0xc5][0xe6][0x9b][0xe5][0xcd][0x9b][0xa7][0xf9]~[0xef]{[0xdf][0xf2][0xfb][0xde]~[0x9c][0xc7][0xd6]<[0xf][0x8a][0xbe][0x8b]~[0xaa]qQ62[0x16]$##6[0xb7][0xca][0x95][0x96][0xc4] [0xf][0xe0][0x3]H[0xee][0xab]T[0xa8]P[0xaf][0x5][0xe0][0xd7][0xd1]j[[0x80]d[0xf2][0xf5][0x8a][0xef][0xd5][0xc5]@[0xf]:Zr[0xd8][0xae][0xd2][0x83]c[0xfa][0xa1][0xcc][0xb4][0x9e]1[0xb8][0x10]t[0xb8][\r]23[0x12]N[0xe2][0xc7]Q/[0x13][0xbc]-[0xc5](Wfj*?\9[0x94][0xf7]f[0xf1][0xee]gk[0x91][0xee][0x84][0xb6][0xae][0xca][0xe6][0x13][0xfa][0xda][0x2][0x1e][0xa6][0xfb][0x4][0xbe]^a[0x3]_I[0xf][0xc1][0x8f][0xc8]k[0xbd][0xa0][0xfa]F[0xf4][0x9d][0x8][0x80][0xa1]v[0x82]`I[0x93][0xd3][0x83]n[0xbe]9[0xfe][0x8c]BX[0xd2]C[0xd1][0xe7][0xdb][0xfb][0xc2]y[0x8c]d[0xb4][0xed][0xf0][0x8f][0xa0]h[0x86][0x8][0x8a][0xa1]4[0xe][0x8f]h[0x91][0xff][0x8b],%0[0xf1][0xff][0xee]u[0x81][0xe3]e[0x81][0xf0][0x0][0xd4][0x8a][0xd0]/[0xe]}[0xcb][0xab][0x88][0xc5][0xfa][0xd0][0xee][0xa5].[0xee][0xca][0xb0][0xb8]*[0xc1][0xe2][0xaa]*[0xb0]8[0x9d][0xcd][\n]"
18:24:16.165 [main] DEBUG org.apache.http.wire - http-outgoing-1 << "[0xfa][0xe2][0xba]W[0xaf][0x1c][0xda][0xc0]/[0xe2][0xc7]I[0xc8][0x8];V[0xf]N[0xe9][0x80]W[0x9a][0x80][0x12][0x15]Q[0x9d]|cfX[0xf3]O[0x16][0xaa]|)Q=[0xdc][0xf0][0xfc][0x86]][0x19][0xb5][0x8e][0xf7][0x10][0xb1][0xfd][0xf1][0xab]y[0x15]n[0xda]E[0xa0][0xeb][0xbd][0x9f][0xdc][0xd8]\c[0xb2]d[0xe3]ajU_[0xe0][0x8][0xa9][0xe][0xe0]&[0xac][0xb][0xce][0x98]:[0xeb][0x8c]a_[0x9f][0xc7]:[0xcf][0xf][0xfa]e[0xd8][0xc4][0xaf][0x17][0x9][0x9f][0x15][0x1b][0xe8][0x1f]_s[0xc8]][0x81]q0>"
18:24:16.165 [main] DEBUG org.apache.http.wire - http-outgoing-1 << "g[0x87][0xdc]I[0x8a][0x8a]O[0xe2]"[0xb8]_[0xc0][0xcc][0xba][0xe3]/[0xb0]c[0x9b][0xa9][0xef]}[0x87]0[0xbe][0x1f][0xdd]A[0x8c]#\a[0xa8][0xa4]w[0xae][0xf3]"[0xfb][0xe4][0x4]Ni[0x1b][0xc3]iro[0x9d][0xbb][0xd9][0xe1][0x86][0xed][0xf2][0xaf][0x94][0x0]-Tn[0xee][0xa3]t[0xd8]3[0xe8]^[0x86][0xf6]'B[0x12][0xf][0x11]xx[0xf4][0xdd][0x1d]1?[0xb6][0x1][0x9a][0xc8]e[0xde]C[0xb0][0x9b][0xb2]`[0xef]H[0x82][0x8d][0xa2]1[0xa5]}`&'[0xca]u[0x11][0xec][0xa9]=?[0xf0][0xfe][0x86][0x8d]"[0xf8]P[0xa1][0x1b][0xfa]k[0xa3][0xd2][0x0][0xe8][0xab]e-[0xbf][0xcc][0x98][0xb7][0xf6][0x8a]Q[0xe0]i[\r][0x10]$[0xb7][0x8f][0x19][0xef][0xaa][0xeb]F*cf[0xb9]p[0xd7][0xcc][0x94]9aHlAp[0x18]T[0xe7][0xc9][0x1a][0x1c][0xed][0xbb][0xae][0xf6][0x1e])[0x82]\q`[0xeb][0x8e]*O[0x9e]yQQ[0xfc][0xfb][0xf8][0x88]v[0xd6][0xb9]`[0xc9][0xa6][0xab][0xd5]`/[0x15][0x1b][0xcd]([0xa5][0x8]zk[0xec][0x1d]c[0x84]s[0xf6][0x84][0x91][0x6][0x8][0xe2][0xa9]![0xea][0x12][0x99]+&[0xd4][0x9f][0x99]>[\n]"
18:24:16.165 [main] DEBUG org.apache.http.wire - http-outgoing-1 << "[0xf]g(0[0xe6][0x1][0xe][0x80]I[0xe4][0x9e][0xb9][0x94][0xe8]N[0xf0]@[0xfb][0x16][0xe9][0x8f][0xe8]O[0xdc]1,[0xf4][0xcc][0x8d][0xb1][0xa0]7]^[0xb2]_}[0xf5][0xed]G[0xb0][0x88][0xdb][0xab][0xb3][0xe1][0xc5][0xb8][0xd1]|'[0xa9][0x85][0xb6]wx[0xf0][0xb1][0xcb]=U[\n]"
18:24:16.165 [main] DEBUG org.apache.http.wire - http-outgoing-1 << "[F[0x9e][0x5][0x19]yT[0xb4]ci![0xad][0xb7][0x10]z[0xa5][0xaa][0xe3][0xd5][0x94][0x16][0xa8][0x5][0x11][[0xc8][0x90][0xd6][0xbc]zT[0xaf][0x0][0xdf][0xad][0xda][0xa1]V8[0xb0]}[0xb7]b[0x8f][0xab]W[0xe4]s[0xf9]t[0x8e]K[0xea][0xcd][0xa4]P[0x6][0xa1][0xb8][0xa3]j[0xd8]e[0xd6][0xb3][0x94]6[0xa7]Sy[0xc6]5[0x8d][0x88][0xdc][0x87][0xcb][0xe3]]D<d[0x1b][0x9b][0x8a]$|[0xf2]N[0x12][0xb4][0x98]}X[0xd5][0x17][0xd6]X[0xc1]E[0xa3]Dz[0x5][0x18]E[0xaf][0x8][0xe][0x4]8h[0xd8]R[0xaf]R[0x6]/[0xca][0xdf][0xed][0x97][0x87]_r[0xe2]?[0x1d][0xc1][0x3][0xbb][0xc4]@A[0xd4][0xbe]_[0xe6][0xfc]H0[0xf2][\r]E[0xc7][0x1d][0xdf]`[0xad]@[0x7]v[0x93][0xc9][0xfc][0x89][0xda][0xf][0xd8]B[0xd7]I[0x13][0xfb][0x95][0xe3][0xe7][0x11][0xeb][0xf1][0x81]]f]IP[0xf4][0xef][0x8e]$[0xf2][0xf6][[0xcd][0xd1][0xdd][0xe6]Y[0xbe][0x1a]n[0xd8][0xc4]{T[0xb5]<[0x96][0x1c]I[0x1e][0xe7][0x96]Ey[0x9c][V[0xca][0xa3]DG[0xec][0xab][0x14]{[0xd4]][0xa1][0xe1][0x6][0x81]6[0xe7][0xd5][0xaf][0xa1][0xc]@b[0xe4]F\[0xb7][0x89]s^[0x2]d[0x92]-[0x1c][0xb8][0xcd][0xa6][0x8d][0xec][0x90][0xf0][0xa7]?[0x84][0xdf]7[0xe6][0x8]T[0xca]f[0xce]H[0xeb][0x19][0xce]*[0x9c]F[0xae]$I4[0xdd][0x80]a[0x18][0xd5]S9f[0xd1]7[0xc][0x95][0xc7][0xb7]O~=[0xb6]p[0xe0][0xfc][0xfa][0xf5][0x15]8w[0xf3][0xb]2[0xbd]0}{QR{'[0xfd][0xcd]-/[0xb2]2[0x5]'udn[0xf2][0xb2][0x90][0xa6]P[0xb6]#[0xda][0xe7][0x92][0xed][0xef][0xc9][0xca][0xff][0xbc][0x1d][0x85]A[0xe9]B[0xab]K_P[0xf9][0xa8]d[0x8e][0x9]z[0xb8]M[0x6]<[0xc8]7G[0xc1][0xe3][0xce][0x9b][0xa3][0xa7][0x14]3[0x92]/1F[0x8d][0xd3][0xf6]=[0x16]5H[0x93][0xa0][0x86][0x1b][0x6][0x89][0xa0][0xc5][0xd0][0xe1][0x96][0x80]/[0x81][0xc7][0xb7][0x1f][0xc1][0xf2][0x14]C[0xc2]G[0xc9][0x19][\n]"
18:24:16.165 [main] DEBUG org.apache.http.wire - http-outgoing-1 << ">8jc%[0xa5]1u;[0x8d][0x8a]([[0xbc]w[0xe9][0xd0]Gn,hve(oTK[0xfd][0xa1][0xbc][0xd4]_[0x95][0xe9][0x8d][0xaf]([0xab][0xb2][0x18]b[0xf1][0x83]=[0x10][0x94][0xa2]@[0xb5][0xd4]#[0x1f][0x8b]zT3[0xb5]I[0xc6][0xdd][0xe4]h3[0x9c][0x1d]Y[0x9b]A[0xde]'|n[0x8c][0x9a],z[0xce][0xcc][0xa4]yw[0xb5][0x81]\O[0x12][0xca][0xa0]Q2[0x8e]'S[0xcf]Ms~[0xa7][0xdc][0x90][0x9b][0xb]\[0x8b]e[0x5][0x99][0x93]qE[0x96][0xf5]Y[0xa8][0x11]X[[0xb2]F[0x80][\r]~[0xaf]o[0xbe][0xba]'CM[0xa6][0x8f]][0xf5]*[0x1b][0x93][0x86][0xe7]w[0xe4]X[0xb4][0x8b][0xcc][0x7]>[0xf4]Y[0xce]r[0xd7]g[0xd4][0x2]x[0x8a]c[0xcc]{[0x18][0x87][0xca][0xe3][0x92]*[0xa2]D[0x92][0x9]{[0x9e][0xcf]R[0x98][0x9f][0xfa],[0x83]9i[0xe1][0x9d][0xc1][0xa1][0xcf]&[0x5][0xbb][0xbe][0x90][0x12][0x8c]L[0xab]7F[0xa0]#[0xf6][0xdf][0xa1][0xda](P[0x9a][0x19][0xac][0xb0][0x80][0xdb][0xe8][0xe5][0x8a][0xe][0x1b][0x12]:X[0xdb]":X[0xdb]*WtN$[0xf8][0xb1][0x80][0xbb][0x8f][0xa8][0x9a]Dl@=Z[0xed][0xcf][0xdd][0x6][0xf4]0[0xf3]>[0x16]H[0xdf][0x8][0xff]r[0xff]n[0x9d]~[0xff][0xf1][0x19][0xc][0x5][0xfe][0xf4]C[0xb8]aG[0xb4][0x8d]N[0xd4][0xfe]\[0xbb][0xd4]>[0xad]W[0xa2][0xf6][0xe3]1"[0xc1]S[0x86]9m[0x18]i[0xb6]TJ[0xca][0x98]2't[0xa9][0xe8][0x1][0x9e]+[0xd6]/md[0xf4][0xbc]1[0x98]q`0[0xc3][0xe8][0xf7]7[0xfe][0xfa][0xdf][0xeb][0xb7][0xe5][0xd8][0x15][0xb3][0xb7][0xb1][0xc1][0xda][0x9e]g[0x19][0xf9][0x1a][0x1a][0x1e][0xde][0xe8]N[0x95][0xb]g[0xd0]L[0xbe]1[0x4][0x3][0xb0][0xc5][0xf8][0x87]-[0xd0]>kP[0x7][0xf1]>[0xfe][0xf2][0xbb][0xa7][0xcf]xvB[0xff][0xe6][0x9f][0xfc][0xfd][0x87]g[0x89][0xb9] [0xe9][0xab][0xe8][0xb3][0xad]}[0xee]\[0xbd][0xc6][0xb6][0x1c]|[0xe5][0xee][0x1][0xe3].~[0x88][0x8c]{'#9[0x8c][0xc3]F}[0xa0][0x81][0xcf][0xba][0xbc][0xc0]K[0xd7][0xae][u[0x83][0xb0][0xa7][0x84][0xc9][0xd6]{K[0xb2][0xde][[0xab]*[0x16][0xbc]|^H[0x9d][0x98][0x8f][0x2][0x7][0xd4][0x8b]*[\n]"
18:24:16.165 [main] DEBUG org.apache.http.wire - http-outgoing-1 << "_[0xd4][0xa7][0xe5][0xb5][0xef][0xa1][0xc1]H[0xae]Ln[0x94]/[0xbf]>?[0xee]<{[0xf9][0xf8][0xfc][0xf8][0xfc][0x83]N[0xab][0xd3][0xd2]:[0xb7]:[0xcf]_[0xa2][0xea][0x14][0x9d][0xd6][0xf9][0xf5][0xf3][0xa3][0xce][0xf3][0xe][0x84][0xe4][0xf6][0x8d]h[0xcf][0x81][0xac]![0xb0][0x80][0x1e][0xed]y[0x80][0x1c][0xc6]%[0x1d][0x14]r[0x98]3[0xf3][0x6][0xbf][\r]0`[0xae]{V[0x96][0xc2]r[0xd3]q)q[0x9e][0x9e][0x86][0xb1][0xe7][0xcc][0x12]=[0xad]^[0xa2]M[0xc5]V`[0x11][0xc6]i[0xcc]-[0xa3]z#K;[0xc8]U4+[0xd7][0x18]QO[0x80][0xb8]L[0xf7][0xde][0xbb][[0xab][0x5]6n+[0x9e]lW[0xb] w[\r]g[0x19][0xec][0xfc][0xae][0xf3]ii[\r]+BPX[0xa5]*t.[0xd5][0x1a]9[0x8a][0xc7][0xff][0xaf][0xdb][0xa2]J[0xef][0xb][0x89][0xc7]~[0x14][0xd0][0xde][0xae]DA[0xa0]P[0xe9];[0x9f][0x9d][0x1f][0x9f]_[0xc7][0xb5]K:O[0xfb][0x89]}9(9[0xf4][0xcb]"[0xd2][0x88][0x8e]p[0x8]Pf[0xbe]?[0xa2][0x10][0xbc]@[0xb9]s[0xa7]H[0xe5][0xc1][0x98][0x9],P[0xa1][0xd7][0x12][0xc][0xd8]u[0xdf][0x8f]`[0x97]4nD8F[0xf0][0xa0][0xdc]d[0x9e]CP[0xe1][0x1f][0xa0][0x87][0x12]h[0x80][0x89]g[0xdf]<[0x18][0xb9][0xc8]I[0xb8][[0x1d][0xc][0x10][0xab]k<@[0xd4][0x9b][0x90][0x7]k[0x2]Z[0x12]B[0xbb][0xcc][0x6]j[0xf6][0x80][0xc][0xd9]/`I~[0x1]kgF[0xc9]$$[0xd0]~[0xcf]{eoO[0xe5][0x16]@=[0xca]#[0xd2][0xe2][0xe1][0xc6][0xac]A[0xbe][0xab][0x1d][0x2][0xed]R[0x4][0xed]uu[0xe8][0xb][0xa0]W[0x8c][0xc7][0x1]d[0x9a][0xba])[0x90]OB[0xfe].[0xc3][0x94][0xd0][0x0]?[0x8f][0xa9][0x1][0x9b]6[0xa7]s[0xc][0xe9][0x85][0x91][0x9d][0xca][0xc][0x19]*6;[0xbf][0x92]d[0x93][0xe0]<[0x92]K[0xdb]+[0x9][0x1][0xc6][0x15]D[0x89][0x1]sJ&[0xde][0xdb][0xb9]$[0xe3][0x4]39B[0xb9][0xf5]>[0xbc][0xba][0xd6][0xe][0x87][\r][0xe4]e~[0x1c]KPC4[0xee][0x1][0xce][0xd6][0xf][0xc9][0x8d]EY^s[0x3]r[0xe2]m[0x84][0x89]Y[0xa0][0x1e][0x90][0x19]"`[0x90][0xcc][0x18]A[0x2][0xd4][0xb6]Y[0x18][0x80][0xc1][0xa6]_[0xf3][0x4][0xcc]m[0xc5][0xf8][0xb6][0xf6]-[0x86][0xdf][0x8f]=@d?[0xb9][0xc3]a[0x1e][0xc4]l[0xb][0x90][0xa4][0xc3][0xfc][0xd3][0x11][0x3][0xd0][0xc3]&x[0x17][0xdd][0x5][0xd6][0xc]G[0xca]m9[0xa0][0x8f][0xab]2[0x94][\r][0x94][0x96]d[0xa0][0xb4][0x96]U[0x90]$[0x96]v[0x9d][0x5][0xf5]J[0xd5][0xab][0xaa] [0x9][0xf6]x[0xd9][0x7][0xa1]cC3[0x14][0x1c][0x11][0xef]?`[0xc6][0xd8]m[0xdd][0xee][0xb6][0xbe][0xea][0xb6]nv[[0xa7][0xe8][0xc7][0x1f][0xd1][0xbf]'[0xdd][0xd6][0xa3]n[0xeb]:<[0xfb][0xf4][0xb7][0xdd][0xd6][0x9f][0xbb]-[0xf8]I][0x1]a[0xc9][0x1][0xda]L[0x1d][0x94][0x1c]PE[0xdd][0x8c]][0xba] c[0x1a][0xa9]l[0x86][0xe3][0x2]F[0x91][0xae]HQ[0xe1][0xf1][0xb][0xbf][0x7][0xc9]c[0xd1][\r]=[0xc5][0x87][0xc6]+[0xbd][\r]Y[0x85]+[0xf3][0x12][0xaa][0xf9][0xba][0xc][0x3]=[0xd6]g[0x10]k[0xcf][0xd5][0x82][0x4]Q[0xdd][0xd6]'hn[0xbe][0xec]>[0xfd][0x0]M[0xc0]}v&D[0x8d][0xa6][0xf]j-[0xcf]2[0xa8][0xe5][0x0]W+[0x2]'d[0xc1][0xaa][0xdb]z1@[0x8f][0x11]v[0x1d][0xa1][0x3][0xf8].[0xa5][0xd8][0xf6]d[0xa4][0xbd][0xf1][0x85]~[0x2][0xf1]V[0x83][0xf7]KZ[0xe]h[0x9f][0xa1]4uN[0xd3][0xb8][0xc3][0xec].[0x92][0x1b][0xe2][\r][0x86][0xe0][0x8a][0xe4][0x8e]`p[0xa1]O[0x8d][0xb7][0x1a][0xa4][0xc9][0xee]5F[0xf3]B[0x86][0xe][0xf8][0x99][0xd0][0xf3]C[0xb9]e[0x91][0xc0][0xdd][0xf3][0xfc][0xc9]uhi[0xeb][0x1][0x6]r[0xd1]"K*Zd[0xad][0x17][0x94]l[0xa2][0x2]G[0xc8]<^[0xb1]$([0x80][0xfd]A[0xe9][0xd3][0xd0]hz[0x17][0xb4][0xe7][0x7][0xdb][0xa7][0x86][0xbd][0xfa][0xc2]*[0xbe][0xb0][0x8a].[0xac][0x2]xU[0xfb]q|[0xd9][0xb8][0x10][0xa1][0xeb][0x99]l*[0x9d][0xe2]9MI[0xad]5cBO[0x99]Sy[0x15][0xcf]0}m.>>[0x9d][0xcb][0xa6][0xb9]l[0xf4][0xfc][0x90][0xd9][0xe8]+[0xf3]2[0xdb]!?[0x1b]B[0x99][0xa4]To[0xcf][0xc7][0x16][S[0x91]h[0x8f][0xd8][0x2]5[0xa0][0xee][0x9][0xb6][0x9b][0xa8]HF`[0xab]/[0x8c][0xec][0xb]>[0x89]}6R[0xea][0xb2][0xe7][0x87]Q%R[0xd8]/[0xc8][0x99][0xf6][0xc3]>a[0xa1][0xfc]4`@[0x81][0x87][0xb4]Mh[0xd5][0xc]iUW|[0xd4][0xa3]G[0x11][0xb2]|[0xf7][0x97]Go[0x8e][0x8f]H>n[0xf1]e@[0xf0][0xf5][0xb][0x88][0xbc][0xab]H;[0x88][0x9f][0xb4][0x1f]J[0x87][0x10][0xce]lzA8[0x19][0xf1][0x8]iV[0x2][0xc8][0xa8]Qw[0x13]9 [0x80][0x3][0xe9]N[0xa1][0x99]S{[0xf5][0xe4][0xd5][0xa3][0xd7]G#$[0xd3][0x86][0xb5]`[0xf0][0x16]f[0xbd][0xc0]![0x82]W[0xf1]z@[0x81]\[0xa0][0xc8][0x92][\n]"
18:24:16.165 [main] DEBUG org.apache.http.wire - http-outgoing-1 << "[0x14]YK[0x9b][0xca][0xd2][0xca]R[0x8][0xd3]^[0xfb][0x81][\n]"
18:24:16.165 [main] DEBUG org.apache.http.wire - http-outgoing-1 << "[0xb][0x96][0x90]i[0xa3][0xe2][0x91][0xfc][0xaa][0xf8]'[0xeb]b`[0xcb]%[0xa2][0xf3][0xb0][0x12][0xc3][0xb8][0x85][0xcd][0xf4][0xb4][0xc1][0xef]O[0x10]#[0xf1][0x94][0xae]*[0x91][0xc8][0x8c][0x8f],[0xf4][0x99]l[0xce][0xe4][0xf2]U[0xd3][0x3][0xeb][0x9a][0xcd][0xa2][\r][0xc9][0xec]"[0x8a][0xcc]^[0x96][0x13][0xdb][0xc9][0xdf]A\[0xc4]s[0xbf][0xec]z[0xca][0xe4][0xad][0xb0][0xf4][0xe1][0xdf]X[0xe6][0xf0]o[0xbc][0x86][0x1f][0x9f] [0xb2][0x9d]'[0x89][0x80][0xe1][0x93]E[0xe6][0xc2]}[0xe6]8^[0xb5][0xf1]o[0x87][0xb9][0x86]H[0xcf][0xeb][0x93]o[0xce]^[0x9f][0xc]/2[0x15][0xef][0x9d][0xdc][0x1]l.[0xf1]R^[0xb5]k [0xea]![0xe8]r[0xa2][0xab]%%[0xba]Zk[0xeb][0xaa]5?/[0xac][0xf9][0x8b][0xa0][\n]"
18:24:16.165 [main] DEBUG org.apache.http.wire - http-outgoing-1 << "[0xbc]k[0xaa][0xc4][0xc]km[0x8][0x6][0xf1][0xcb]^[0xed]P[0xc5] [0xae][0xa7]u[0xb6][\n]"
18:24:16.165 [main] DEBUG org.apache.http.wire - http-outgoing-1 << "[0xe1]d[0x1e][0x15]C[0xcf][0xa6]Du[0x1c][0xbf]&G[0xa2]9[0x98]6[0xdc][0x18]h[0xdf][0xa7][0xd3]'[0xc8]g[0xb6][0xb7][0xd9]pcG0[0xf0][0xef][0xd8][0x0]*[0x96]?[0x13][0xaa]p[0xfa]JL[0xfc]0=H[0xa4]4n&[0x82]z[0xf4][0x8][0xba][0xf7][0x8e][0xee][0xf2][0xdc][0xe0][0xf4][0xc2]"[0x1f][0x91][0xdb][0xf7][0xa3]x[0xfa]j[0xdc]i[0x87][0xbf][0x9a]J[0xf0][0x3]$1wG[0x91][0xe3]jm[0xa4][0xf8]][0x8b][0xf0]N[0xaa][0xe4]Af[0xfb][0xb6]$[0xb6]oksC[0xa9][0x3][0xb];[0xe2][0x8d][0xa8][0x1a][0xfd][\n]"
18:24:16.165 [main] DEBUG org.apache.http.wire - http-outgoing-1 << "[0xd4][0xbc]kJ;[0xdd][0xe6]8"1m[0xf0][0xe5]j&[0xd1][0xde]sR[0xcf]JF6[0xf8][0xaa]LU[0xbd]t[0xf6][0xa7][0x91][0x9]B[0xdc])HDo[0x5][0xd3][0xda]d[0xfc][0xdd]xP[0xda]>[0xf8][0xe7][0xdf][0x0][0xee]([0x11][0x7][0xeb][0xed][0x95][0xc7][0xb][0x85]H}[0xec]]a[0x87][0xa8][0xfd][0x1a][0xff]G2$~#-[0x82][0x0]n-0YioY[0xc3]oH[0x96]A[0xdc] [0x12][0x86][0x1b]t![0x84][0x95][0xe7][0xe8]B[0x88][0xcf][0x16][0xd9]K[0xf7][0xd9]3D[0x9e]p[0xc3]a/Kd[0x9][0xd7][0x97][0x1b]^[0x8e][0xbc]![0xdc]dK[0xfc][0xa6][0xd2]wq&[0x11]D7[0xcb]+[0x2][0xa2]Q[0xfe][0xf][0x0][0x0][0xff][0xff][0xec]][0xcd]s[0xdb][0xc6][0x15][0xff]W0[0xbe][0xe4]P[0xd1]C[0x90][0xe0][0xd7][0x91][0x96]T%#[0xcb][0xee]0[0x80][0x92][0xb4][0xd3][0x3]H[0xa2]$D[0x9]T[0xf1][0xc1][0x8e]r[0xb2][0xa4][0xb8][0xe3]f[0xd2]N.[0xfd][0x98][0xe9][0xa5]nb[0xb7][0xb6][0x9b]J[0x9a]4Mj;[0xed][0x81][0xcd][0x9d][0xba][0xc9][0xed]-[0x9a][0xcc][0xd4][0xff]E[0xe7][0xed].[0xb0]o?@[0x91]fj[0xbb][0x99]\4[0x0][0x16]\[0xec]Bx[0xbf][0xdd]}[0xfb]{[0xef][0xa7][0x1a]V[0xac][0x1a][0x96][0xad][0x18][\r][\n]"
18:24:16.165 [main] DEBUG org.apache.http.wire - http-outgoing-1 << "124d[\r][\n]"
18:24:16.165 [main] DEBUG org.apache.http.wire - http-outgoing-1 << "[0x96][0xad][0x9b]Q[0x9a]u[0x99][0x15][0xf]k[0x0][0x9c][0xce]D1.[[0xde]'[0xd3]4s[0x1]E8[0xb3]l5[0xaa]UA[0x13][0xce][0x4][0xfb][0xab]*;^[0xec][0xb9][0xd8][0xcb]]1[0xcb][0x17][0xe6]P([0xcc] [0xb1][0xad][0xf5][0x92]I[0xd6][0xf3])([0xb6][0x8d][0x6])Me/[0xcb]`[0x95][0xb6],[0xc1][0xdd][0xa4][0xe6][0x94][0x16][0xed][0xf1][0x2]jZP[0x0]al^[0xcc]K[0xb8][0x9d][0xdd][0x7][0xa7]4[0x4]2?[0x86]t[0x8e][0x87][0x8f][0xc8][0xc5][0xf7][0xf1],4[0xad][0xd8][0xe3]?o[0x87]9[0x5][0xbb][0xe9]/[0xba]@[0x5]C[0x5][0xd4]@[0xb3]_[0x4][0xbc][0xa4]/[0xd4][0xe5][0xa3][0xd6]3[0xb7][0x13][0x89] [0xfc][0xf7]{[0x10][0x17]MC[[0xc0][0x9a]![0xd4]e[0xbe][0xf9]m<[0xfc][0xbf][0x8c]*Dhc[0xb][0xa2]8v[0x12][0xf8]Q[0x9e]PG[0x1c][0xa8][0x8]sMA[0x18]G[0x9b]~[0xc1][0x94]9/[0xf0] [0x1d][0xb0]\[0x93][0x81]%k[0x91][0x9b][0xb1][0xe1]@H[0xa3]o[0xb8]q[0xc1][0xfe][0xe2][0x1][0x94][0xee])[0x4][0xb8][0xf9][0x13]0[0x98][0xa6]Y[0xb1],q[0x8f][0x1d][0xdc]F[0xb2][0xb0][0x6]kO[0x80][0xc3][0x8a][0xc5][0x9c]-[0xa6]n[0xc1][0xaa][0xa5][0xdb][0xae][0x90][0xad]HH[0xb3][0xa0][0x90][0xde][0xc8][0xd8]r[0xf6][0xb1][0x6]o[0xa6][0xb0]^[0xb0][0xa8]n[0xda]N[0xa3][0xeb][0x7]"[0xc6][0x9c][0x1d]]]]><![CDATA[>[0xbb][0xff][0xc2]xov[0x2][0xf3]-[0xce]|[0xb3][0xc7][0xf][0x3][0xef][0xed][0xc]WH[0xab][0xb9][0x7][0xfa]p[0xff][0xfc][0xf0][0xe][0xd9][0xe1][0xfa][0xc]ore[0xdf]D[0x9b][0xfd]h[0xfc]Q[0x84][0xdc][0xd0][0xfc]<[0xd8][0xce][0x1e][0xc9]Yo[0xe9][0xb7][0x87]F[0xf1]9([0xad]q[0xf2]mn[0x84][0x17]K[0xd3][0x3][0x88][0x11]0+[0x1c]x{9[0x90][0xa5]fF[0xb0][*diI[0xbc][0xd2][0xe2][0xbb][0x19][0xc][0xf4][0xea]][0xa4]Bh[0x84][0xbf][0xe7])[0xe0][0xc5][0x9a]f[0x8f][0x1f][0x93]rc[0x99]1[0x83][0xbc][0xd8]_[0x80][0xb2][[0xab][0xd7],[0xb3]X)[0xcb][0x84] [0x95][0x2][0x0][0xcd]B1;[0xb5]z[0xb9]R[0xc5][0xd9][0xe0][0x1a][0xfa]]4[\r][0x1][0xa0][0xd9][0x82][0x11][0xac]I[0xa4]4[0xaf][0xac]A[0x9f][0xd7]Va2[0xb9]FR[0x5][0xbd][0xd6][0xba]F[0xfe][0x2][0xaf][0x17]h[0x94][0xca]\[0x8a][0xbd][0x0][0x15][0xd0][0x1a]S[0xc8]A[0xad][0xb7]0[0xa0][0x91][0xae][0x18][0xdb]~[0x88][0x17]4[0x17]z[0xc1]c[0x9][0xcb][0xe2]$T*[0xbd][0xa4]k[0xed][0xf8][0xf][0xde][0x14][0x18][0x83];[0xb8][0xbe][0xa6][0x9d][0x84]?N[0xc6][0x1f][0xf1][0xa5][0x7][0x9c]c[0x1c][0xbb][0x5][0x81][0xbf][0x7][0x9c][0xaa][0x93][0x84]XI[0x93][0xde][0x8e][0x0],[0xc4][\n]"
18:24:16.165 [main] DEBUG org.apache.http.wire - http-outgoing-1 << "[0x9a][0xa4][0x91]<C[0x9c][0x9d][0x8][0xa4][0xfc][0xfb]g' [0x9b]9[0x7]i7N.[0xce][0xc4]j[0x8b]a[0xf7][0xd0][0x84][0x1d]/[0x98]F[0xd7][0xdb]Q-mC[0xf5]smh[0xe9]z[0x12]][0xbe][0x19][0xf5]{n[0xdb][0xd5][0xa5][0xbd][0xb7]7[0x16][0xa0][0xd1]Y[0xb5][0x8a]i[0x96][0x8a]r[0xe][0xc5]jQc5;[0x1e][0x1f][0xe2][0xad]z][0xa0][0xd1]Y[0xf3][0xd2][0xe8][0xa8]u[0xac]7[0xf3]ht[0xe4]kB[0xef]W6[0x91]|[0xd5]J{[0xc3][0x16][0xbf][0xe6][0xb4][0x16]c[0xc7][\r]\a[0xdb]y[0xe7][0x82]M[0xe7][0x81]l'[0x3][0xa5][0xe6]K9[0xed]~[0xae][0xd4]9[0xf1]SL[0xcd][0x8f]][0xc3][0xdc]9[0xb8][0x8]J[0x96][0x2]{[0x8e]Y[0xe2][0xd1][0xf9][0xe1]m2[0xaf][0x90]9tb[0xed][0xa9]uv[0x86][0xac]z[0xc4][0xa3][0x3]#[0xf5][0xf0][0xe5][0xcc]XQ[0x5][0xfd]P[0xbd][0x86][0xec][0xf6][0xc9]M[0x98]{[0xcc][0xcb][0xa5][0x1b]\[0x1c]M[0xf][0x96]&[0xd9]oD[0x96][0x9e][0xcb][0xae][0xdf][0x19]F[0xd3][0xb5],[0xe2][0x8e]j[0xcb][0xcb][0x8a]-/[0xeb]H+fUN[0xb4][0xb6]<[0xec][0xc][0xda]I[0x8][0x8b][0xb3][0x9f]h][0x9][0xcb][0xb]I[0xc7][0x9b]V[0x5][0x87][0xae][0x96][0xcc][0xcb][0xb5][0xca]R[0xa1]f^[0xae][0xb0][\r]c[0xc5][0xb2]5[0xef][0x1]e[0x9]jX[0xf5]gQ[0x94]W,:[0xff][0x85][0xcb][0xc6][0xfd][0xf5]m[0x1a]?[0xd7][0x1][0xf4][0xb2]@[0x1c][0x7][0xb4][0x9b]:i[0x9][0xfa]*[0xf6][0xd8][0x1d][0xa2]L&5[0xa2][0x8]4$[0x96][0xdd][0xf1][0x11][0x1c][0xb][0x4][0xb7][0xc7]`[0xa9][0x10][0x1f][0xff][0xe8][0xfc][0xe0][0x1][0x9]p[0xfb][0xf8][0xfc][0xe0]o:[0x5]M[0xfa][0x14][0x8f]?[0x5][0x89]?[0x80][0x1][0xbb]B!RzP[0xb]3;[0x8e][\n]"
18:24:16.165 [main] DEBUG org.apache.http.wire - http-outgoing-1 << "[0xe0]T[0xa0][0xd7]e[0x9][0x7]"[0xa9][0xc9][0x9e][0xea][0xa3][0xbe][0xc9]j[\r][0xe0]V8[0x1][0xc2],8[0x19] W#[0xd0]g[0x9f][0xdc][0x9a]g[0xc1][0xd1]q[0xe7]s[0xbe]'#w;o7j[0xa4]Z[0xf6][0xa6]:[0x1f][0xde][0xd4]y[0xdf][0xeb][0x92][0x8f][0xf0][0xbb]I[0xe0][0xfe]([0x89][0xb5],[0x94][0xcd][0x85]|[0xef]UK[0xd5][0xb3][0xad][0xd5][0x95]A[0x1a][0xba][0x89][0x16][0xe2][0xa5][0x19]DlK3[0x18].{{[0xb2][0x99][0xe6][0xaf][0xbb][0x9b][0xe]2[0xd3]f[0x12][0xc1][0xf4][0xc3][0xcf][0x8b]6[0xe1][\n]"
18:24:16.165 [main] DEBUG org.apache.http.wire - http-outgoing-1 << "2[0xf6][0xe6][0xca][0xf][0xd6]~[0x88][0xc7]X[0xda][0xa1][0x97][0xc6][0xb6][0xd9][0x8b]`#,;cC+;cc[0xea];4[0xa7][\r][0x1f]DYq[[0xb8]yW(cV[0xc6][0xce][0xfa][0xc2][0x9d]|eNR[0xd0][0xcc][0xe3][0x91]KF3[0xcc]m7[0xb1][0xbd]8=[0x97]j[0x9b]i[0xec]%Qi[0x1a][0x8e]B[0xd3][0xa0][0xb4]g[0x95]Q.[0xb9][0xbc][0xd6][0xdd][0x9d]]w[[0xb7][0x82]$U[0xe2]uc[0xd6]$[0xc4]$g[0xd7][0x16][0xe3][0x8e][0x97][0xcb][0xf5]jQJ3[\n]"
18:24:16.165 [main] DEBUG org.apache.http.wire - http-outgoing-1 << "[0xeb]Fy[0xaf][0x97]>[0xc][0xd9][0x96][0x5][0x9c]s4[0x3][0xb6]f[0xcf]1[0x8a]([0xe3][0x94]&N[0x5][0x19][0x80][0x87]/[0x1b]_[0xd6]o[0x89]$^[0xcc]w[0xb2];ko[0xa2]1[0x92]6[0xfb][0x99]([0xe2]_gf[0x99][0xc5][0xd8][0xe6]y[0x16][0x99][0xbd][0x1d]b[0x91][0xd9][0x19][0xb1][0xc8][0xec][0x8c][0x8d][0x9d]w[0xcf][0xf][0xfe]D[0x92][0xc9][0xdc]H[0x8d]2[0xbb][0xa3]-[0xdc][0xbf]+[0x94]Q2[0x95][0x97][0x9e][0xf6][0x85][Y2r[0xe0][0x80]P[0x95][0xa1]9v[0xbe][0x92][0xde]7[0x92][0xb][0xee][0x88][0x9b]u[0xce] d[0x15][0xeb][0xb0]DUbu[0x14]%Vg][0xe7][0x8b]*[0xd7][0x15][0x85]8o[0xa4][0x3][0x12][0x12][0x85]1[0x8][0xdd]=[0x8][0xe][0xbd]0[0xf5]D[\n]"
18:24:16.165 [main] DEBUG org.apache.http.wire - http-outgoing-1 << "[0x15]z[0xc5][0x81]R[0xb5]Q*7[0xb0][0x8f][0xc9]jh[0xb1][0x82]t[0x1a][0xbb][0xc4][0xab][0xc5]r[\r][0xaf][0x97]KU[0xbd]K\[0xa7][0xad]z[0x15][0xfa][0xff]*[0xd9]D[0xd8]X[0x81][0xee]|[0xef]:[0xb8]%[[0xd7][0xe1][0xd3]h9D[0xf5]nSU[0x9][0x9a]|0yxzcr|[0xfa][0xeb][0xc9][0xe7][0x93]c[\r][0x82][0xe4][0x13][0xb6][0x9d][0xe6][0xab][0x8]A[0xd2][0xce][0x18][0xfd]po[0xc4]&-\[0x8d][0xe0]/[0xd3]1$[0x91][0xd6][0xd0][0xc9] [0xd4]T}iJ[0xdb]O[0xf7]O[0xdf][0x9b]<[0x9c][0x1c]OA[0x81][0xec][0x1b][0xa3]0[0xd0][0x9]q[0x98][0x8]/[0xe5]@pDX%[0x1f][0x9e][0x1f][0xbe][0x9b]aA[0x7][0xee][0xe2]`[0xd0][0x9][0x85][0x18][0x11]t[0xce][0x0]a[0x10][0xba][0xe3][0xa3] sA[0xc1]S[0xb6]h[0x5][0x4][0x14][0x80]Trv2gR[0xb8]dp[0xb1][0x1b][\n]"
18:24:16.165 [main] DEBUG org.apache.http.wire - http-outgoing-1 << "[0xcc][0x1][0xdb][0x17]][0x3][0x11][0xc7][0xf0][0xea][0x8e][0x1f][0x12][0xd7][0xb0][0xd6][0xd8]\5QSSI[0xd4][0xd4]l[0xe9][0x12][0xc3]4jRf[0x98]f;1V[0xfa]n[7[0xd3]%[0x95]:[0xcd][0xd5][0x5][0x9c][0xb9][0x8d]zER[0xb][0x0][\r][0xe3][0xa5][0x8a][0xac][0xec]A;[0xcc]#"[0xea][0x10][0x12]zq[0x80][0xb5]%Y[0xd8][0xf5][\r]"[0x2][0xd4]T3[0xba]P[0xaf]}[0xea][0xc2][0xbf][0x3]Y[0xfe][0xe0][0x9f]zv_r[0xe4][0x93][0xd3]'7[0x9][0xd2][0x1e][0x11][0xbf][0xbe][0xbc]G[0x95]ol[0xcd]UuI+[0xfc];[0x8d][0xae][0x1f][0xf6]I[0xba]Wa[0xc3][0xea][0xce][0xb][0xdb][0xb0][0xda][0xf4]B[0xcf][0xf][0xfc]^[0xec][0x91][0x86][0xd2][0xed]T[0xd6][0xda]L [0x84][0x9c][0xe]#c[0xbc][0x1f][0xba]m/[0x82]A[0xab][0x8b][0xd6][0xba]?#[0xe5][0x91][0xe1][0xd2]R[0xb6][0xff][0xc4],[0x94][0xe5]txz[0xf7]WO[0xf9][0xe9]W[0xbf][0xfd][0xfc][0xe9][0x8d][0xf][0x9e]r[0xe][0x18][0xfb][0xaf][0xd3]g[0x93]H[0xc8]L[0xd9][0x90][0x14]u[0xe1][0xa9][0xb7][0xa5][0xa7][0xee][0xc6]S[0x8b][0x89]QC[0xbf][0x2][0xbf][0xd7][0xd5]t+[[0xe4]:[^[0xd7][0xf][0xb6][0xbc][0x80]<7[0x1a][0xf8][0x6][0xff][\n]"
18:24:16.165 [main] DEBUG org.apache.http.wire - http-outgoing-1 << "[0xd3][0xe9][0x0][0xff]L[0xd2]o[0x2][0x4][0xc2][0xc8][0x9b][0x9d][0x83]][0xed][0x86][0xde]7([0x93][0x4] [0x82][0x8a][("k-[0xf4][0xdc][0xd8][0x0][0xad]Q[0xd7][0xf][0x88][0x9f]([0xdb][0x9e]~-[0xf4][0xf2][0xe3][0xc9][0x12][0x95]N[0xba]vE[0xc6][0xb5][0xb5]+[0xba]I[0x84]e)[0x19]m[0xbb]C[0x9d]G[0x8e]T[0xe8][0x0]IUh[0xe5][0xa2]y[0xe6][0xaa][0x15][0x13][0x84][0xd0]0[0xd0]UH[0xee]nyB[0xc1][0x14]X[0xd1][0xe2][0xa3][0xd4][0x10][0xa2][0xd8]-[0xdd][0xa6]U[0x81][0xa6][0x92]X[0xa2][0xc7][0x15]tl[0xa1][0xe3]2:.e[0xc7][0x82][0xfc][0xd1][0x12][0x9a][0x9c][0xb0][0xe3][0xaa].[0x85][0xcd]Uu[0xf9]"[0xfc][0x9b][0xd5]I[0xc8][0x94][0xf8][0x90][0xd9]%h[0x9f][0xbb]#[0x80][0x3]`d[0xac][0x8f][0xff][0x1a][0xf8][0xbd][0xd0][0xa3][0xd2][0xa4]L2[0x1b][0x94][0xae][0x8][0xb6][0xa4]x[0xd7][0x1a][0xee][0xb9][0xc9][0x8e]WpH[0x0]?[0x83][0xb9][0xf][0xcf][0xf][0xfe]L2[0xd9]d)[0xaa]Z^[0x8f][0xfe]2[0x1e]r[0x81]l\[0x19][0x13][0xc5][0xc6][0x97][0x4][0xe8]2[0xd6][0x87][0x81][0x1f][0xc]Bk[0xa0] [0xd6][0xd0]X[0xf][0xdd][0xed]-o[0x14][0xc5]#N[0xfc][0xf9]#[0x10][0xa8][0xbb][0x9d][0xe9][0xa7][0xfe][0xeb][0x1e][0xc0][0xd4][0xd9][0x9][0xe1][0x0][0x11][0x9f][0x1d][\r]G{[0x16][0x89][0xc3]^;|[0x9e][0xc9][0xf2][0xc0][0xcc]U[0x90]a[0xe]b[0x0][0xa7],[0xbe][0xe]HTq4G[0x11]Gs^[0xd7][0xfa][0xf8]E[0x1c]y[0xc3][0x8d][0xfa]~[0xd0][0x8b][0x87][0xc1][0x92][0xb1]ry[0xf9][0xb2]n][0x2]5[0xd3][0xca]r[9[0xc3]&[0x0]g[0xf0][0xe8][0x15][0xaa]K[0xe5][0x86]U[0x93]2Y[0x81][0xf3][0xb0][0xd0][0x90]u[0xaa][0xd3][0x84][0xe3][0xdc][0xed]_-5[0x8a][\r][0x13]y8[0xea]Z[0x90]19,[0x14]L[0x13][0x1d][0x17][0x11][0xb0]4[0xd0]1[0x6][0xa5][0x1a]:[0xae]^[0x8]V[0xdf]Au[0xea]<[0x97][0x97][0x96]I[0x80][0xe3][0xc6][0xea][0x9b]y@[0xc4][0x6]&[0x5][0x87][0xa6][0xc8][0x11][0xbc][0xf4][[0xe]h:[0xf6]z[0xec][0xc2]d[0xc5][0x18][\r][0xd9][0x17][0xc1]%[0x9b]V[0xa3][0x98]L}[0xe4]yX[0xec][0xc6][0x11][0xc0][0x92]8[0xfd][0xba]Mp[0xe9][0xc1]W[0xef][0xdf][0xfa][0xcf][0xed][0x9f][0xe2][0xac]Z1[0xcc][0xbc][0xc8][0x9c][0xcb]Xy[0x85]tL[0xd4]Mz[0x4][0xd3]v[0x93][0xae]Js-[0xf2].y[0xfe][0xed][0x14][0xad]<[0xda][0x81][0xfe]|[0xe0][0x19]+[0xe1][0x17]wG[0x1e][0x9f]a[0x91][0xac][0xdb][0xef](3[0xac][0xdf]?[0xb9][0x9]h6[0x97][0xfe]S[0x12][0xcd][0xe2][0x86][0xb9][0xd6][0x14][0x12][0xf2][0x11][0xb3][0xe3]9[0xfa]qZ[0xbe]^[0xe8][0xc1][0x16]h<[0xcb][0x4][0xcc][0xe]]x7[0x10]Sz[0xd5]o[0x87][0x1e][0x90][0x1f][0xbd][0xb0][0xe3][0x93]+[0xcd][0x9d][0xf1][0xbd][0x90]F[0x9c]n[0x93][0xa9][0x10][0xf4][0xbf][0xd9][0xe9][0xc][0xc3]n[0xf6][0x83][0xc2][0xf8]^[0xa7][0xf][0x19][0xa3][0xe1][0x6][0xd0][0x13][0xa0]?[0xf1]E[0xc1][0x0][0x80][0x19][0x8c][0x8a]a[0xd2]K[0xdc][0x1c]zP[0xa2][0xe6][0xf8]s[0x94][0x1c][0xe]a[0xa1][0xa8][0xc2])[0xd2]v[0xc8][0xc6]0[0x88][0xbd][0x91][0xdf][0xf5]t[0xf1]9[0xa4][0xd6]46R[0x88][0xc3][0xe5][0xed]C1[0xb8][0xd9][0x9d][0xf0]6[0xd2];[0x16][0xd4]M)[[0xf5]bI[0x10][0x90],[0x94][0xcb]Z[0xe9][0x14][0xf6]@![0xd5][0x9f]Y,[[0x2]m[0xa8]6[0xa3]tJ[0xb3][0x5][0xce]m[0x10]PQ@*[0xeb][0xb9][0x4]OS[0x12]{9o[0xa1][0xc1]3k[0xa7][0xb1][0xeb]E[0xc3]y[0x80][0xe9]"[0x1a][0xc9][0xfb]C[0x1d]3[0xd9])u[0xcc]d[0xa7][0x99]c[0x6]x[0x8][0xc7][0x0]@<[0xc8][0x9e][0xdf][0xd5][0xe6]?[0xf2]3[0xbf]LvJP[0x85][0xdf][0xdc]Oo[0x1e][0xb9][H5[0xf2][0x84][0x86][0xeb][0x9d][0xdd][0x9d][0x83][0x1c][0x94][0x84]{[0xdf][0xea][0xbf]k[0x95]H[0x9c][0x96]#[0x0][0xcb][0xdb]moZ[0xfe][0xb2]DMF[0xe4]([0xc9][0x88][0x80][0xc][0xa4]#D[0xd5][0xe5][0xc][0x81]Q@aVA[0x96][0xef][0xcb]{G[0xb8]][0xd7][0xbf][0xbc][0xf1][0x1b]v>[0xc][0x8c][0x96][0x17][0x91][0xfb][0x6].[0xd1]d[0x9c][0xfc]b[0xf2][0xe9][0xe4]d[0xf2][0x9]N[0xde]eL~7[0xf9][0xe4]t[0xf2][0x8f][0xd3][0xc3][0xc9][0xc9][0xe4][0x11][0xc9][0xec]u|[0xba]?[0xf9]l[0x1][0xda]U[0xd9][0xac][0xd4][0xaa]"[0xb5][0xda][0x82][0x99]VU[0xf6]p[0xf1][0xa6]s/[0x97]e[0xd5],a[0xf1]W[0xd5]g3[0xce][0xe5]^Q[0xd6][0x15]MaF[0xd3][0xc5][0x1]7F[0x6]#[0xe1]E[0xa9][0x90]4%[0xd1][0xa8][0x83][0xb3][0x14][0xa1][0x1e][0x18][0xd1][0xf0][0x15][0xe2][0xc6][0xfa]/[0x0][0x0][0x0][0xff][0xff][0xec]]Mo[0x13]G[0x18][0xfe]+[0xab]\[\n]"
18:24:16.165 [main] DEBUG org.apache.http.wire - http-outgoing-1 << "R@[0xf1][0xb7]stRG[0x84][0xe2]$J[0xc8][0x6][[0xea]a6[0xd9]d[0x7][0xec][0xb5][0xb5]^[0xdb][0x8a]%[0xe]M[0xa0][0xa0][0xaa][0xa5]T[0xa8][0x95]"[0xf5]B[0x11]-[0xa1][0xd0]J[0x91][0xe8]GR[0x89][0x83]9[0xf5][0x17][0xe0][0xde]R_z[0xeb]_[0xa8]ffw[0xe7][0x9d][0x8f]u[0x1c][0x82][0x8][0x8a]z[0x9c][0xd9][0x99][0xd9][0x19]{[0xdf]w[0xbe][0x9e][0xf7]yF[0x5]*[0xb6][0xba][0xd2][0xe1]q[0xd7][0x92][0x1a][0x96]}[0xd2][0xfc][0x9f][0x7]4[0xfb][0x1d][0xa2][0xaf][0x96][0x9b][0xe0][0xeb]b~.[0x18]2@^[0xcd][0xb7][0xba]VoW[0xa6]-[0xfb]~[0xb0][0xb5]?[0xd8][0xde][0xd1]1[0x97][0x9][0xdf],[0xf3]|][0xcb][0x96][0x99][0xcb][0xc8][0xbb]e[0xe6][0xb2]y[0x1b]Vu<[0xb9][0xb1][0xd0][0x15][0xee][0xbd]~[0xf2][0x6][0xac]e[0xad][0xae]u[0xf4][0x11]ue[\n]"
18:24:16.165 [main] DEBUG org.apache.http.wire - http-outgoing-1 << "[0xba][0x5][0x13][0xb9]-[0xe4][0xc7][0xc0]/[0xda]-[0xc5]'[0x98][0xcb][0xb2]O0)[0x9][0xb7][0x1a][0xfc][0xa8][0xb][0xd1]2[0xb1][0xf6]B[0x99]6[\n]"
18:24:16.165 [main] DEBUG org.apache.http.wire - http-outgoing-1 << "[0x9d][0x2][0xef][0xd5]"n [0xe2][0x2][0xc][0xab]Zw7[0xe0][0x3][0xc0][0x4][0xb0]fG[0xf][0x8e][0xc6]q[0x94][0xc8]q[0x95][0x6][0xc7][0x91][0xcc][0xe5]2"KY[0x82] 4[0x12]Yy36[0x87]/[0xf0]n[0x84][0x91][0xc5][0x89][0xfc][0xe4][0xd1]p[0x8e][0xa3]u[0x8b]x[0xc3][0xa2]Eg[0x86]H[0x95][0x98][0x14][0xff]"[0xfe][0x9f]F[0x9b][0xb5][0x12]-1L[0xf8][0x1a][0xc3][0x92]To-[0xc][0x8c]p[\n]"
18:24:16.165 [main] DEBUG org.apache.http.wire - http-outgoing-1 << "7[0xab][0xa8][0x86]d#[0xc][0xb3][0xdf]&[0xdf][0xd8][0xf8]; "[0xe0]?2[0xf5][0x8]<I[0xbd][0x1]O[0x6]h[0x91][0xfb][0x83][0xed][0xcf][0xe9][0xbe][0xeb]Vh[0xff][0xbc][0x88]%[0xd6]h[0x88]O[0xd9]f*J:b[0xe1][0xe0]*[0x8a]X8[0x15]8yz[0xc][0xdc]H[0xbb][0xe5][0x1f]i[0xe9][0xa6]H[0xfc]e[0xda][0xae][0xdd]%[0xb1][0xd7][0xc6][0xb9][0xa9]z[0x15][0xb7][0x11][0xe5][0x98][0x6]Vw>[0xc6][0x9][0xa8]WS[0xa6]r5e[0x16]uaT[0x19][0xc9][0x7]L#[0xf][0xb1]][0x80][0xe2][0x1](L_[0xdb]-#[0xea][0xb8][0xb8][0xe9][0xe0][0xa5])[0xef][0xf]/u[0xd2][0x8d]Gb")I[0xdb][0xd2]C[0x99][0xac][0xbc][0xef][0x88][0xde][0x8][0x8e]e[0x12][0xd9]t:#[0xe0]N[0xf2][0xa3][0x1]2[0x3][0xcd][0xc6]iz{[0xac]Sk[0x84][0xbf][0x82]<[0xdb][0xc7][0x87]$[0x98]E@[0xc][0xc2];lX[0xf5]j[0xef]y[<[0x1e][0x99]j[0x1a]3[0xa7][0xb1][0x11][0x81]#c[0x6][0x9]2[0x98]I[0x82][0x8c][0xc0](w[0x6][0xdb]_[0x90][0x9][0x9a]h[0x8f][0xed][0xd2][0x90][0xcd]oi[0x1c]'[0xc1]u)t[0xe3][0xb0][0xbe]%7[0xd8][0x90]K[0x4]G <[0xc3][0x91][0xab][0x4][0x96]KX[0x6][0xe9]v[0xe5][0xd6]1[0x8e]4[0xda][0xb6][0xfb][0xff][0x86]E[0xbb]a!>[0x4][0xfa]+l[0xfb][0xc6][0x1c][0xbd]Z[0xd5]y%5[0xb8][0xd3]T[0x82];[0xcd]9][0xfc]F^[0xba]X[0xba][0x84][0xdc][0xba][0xee][0xae][0x9c][0xb6][0xb7]Dh[0xd8][0xaa][0xb8][0xe9][0x8b].[0x9][0xdb]>[0x13][0xf9][0x9c]><[0xd8]q7[0xc][0xa7][0xb7][0x87][0x8c]k[0xbd]G[0x86]sx[0xb0][0x83][0x8d]U[0xe7][0xf0][0xe0][0x7][0xc3][0xdd]p^[0xed]"[0xc3][0xc4][0x87][0x7]w[0xd8]PN[0xca]46[0x99]$[0xe7][0xc5]"[0x1e].[0x1b][0x11][0x15][0x8d]'&r[0x11][0xef][0x98][0xe8][0xaa]X[0x5][0xbe][0xf3]T"[0x9][0x9]QR[0x19]=[0xb7][0xaa][0x86][0xa0][0x90]Q[0x13]2[0xae]eBP[0xa8][0xb8]*>`[0xe5][0xae]}[0x8][0xb0][0xc5][0x84][0xf1][0xa0][0xbc][0xc7][0xc6][0xab][0xaf][0xe][0xf][0x1e][0x88][0xe0][0xb8][0xbf][0xb7]~[0x1c][0xee][0xa9][0xda][0xd2]r[0xa6][0x8d]m][0xdb]J[0x80][0x8]>[0xdc]I[0x96][0x99]t[0x4]C\V[0xf4][0xff]3[0x87][0x15]%[0x99][0xbb][0xc2][0xbd][0xa7][0xe1][0xf0][0xb9][0xbb][0xba]+[0xea][0xcc][0xf2]:[0xcc]#[0x91]d[0xef]Q[0xe4][0x8f][0x82].F[0xee](*[0xcd][0x9c][0x11][0xbe][0x1e][0xbd][0x91][0xf9]"rMtL[0x8d][0xd9][0xb6][{O[0x88][0x9][0xcd]Y[0xe1][0xfa]y[0x85][0x18],[0x8b]F[0x98]i[0xf9]-7[0xe6]J[0xa8][0xb3][0xae][0xb8][0x80][0x95][0x19][0xd9][0x5][0xac]\[0x99][0xd1][0x82][0xc3][0xa5]K[0xa1][0x12][0xf2][0xd1][0x85]e[0xb6][0xa2][0x97][0xdc][0x0]m[0xf3][0xaa][0xed]y[0xd8][0xaf]{[0x9b]d[0xd0][0xbe]c[0x1b]J[0x1f]A[0xc4]DP[0x18]{dg[0xd2]4z?[0x91][0xd0][0x81][0xa0][0x82][0xed][0x87]c:[0x1][0xe2]<[0x91][0xcb][0x88][0x1b][0x95][0xd4][0xc5][0x14]!{[0xc9]^L[\n]"
18:24:16.165 [main] DEBUG org.apache.http.wire - http-outgoing-1 << "f[0x1f][0xd7]I[0xa8]2[0x9d]N[0xbe][\r][0x18][0xba]2:e[0x91]2[0x84][0xb][0xe6][0xda][0x2]X[0xa4]L[0xcf],[0xbc]/[0x84]e[0xc1][0xa0]Z[0xf0];[0xa4][0xf6][0x1e]<[0xd8][0xe4][0xd9][0xd4][0xee]Y6[0x9][0xe][0x89][0xf2][0xf9]Y[0xc2].[0xbb]L[0xa6]K[0x95][0xaf])[0x4]=[0x82][0xb7][0x85]?[0x1e]o[0xce][0xf2][0xb4][0xd9][\r]}i[0xb7][\n]"
18:24:16.165 [main] DEBUG org.apache.http.wire - http-outgoing-1 << "[0xb2]][0x9e][0xef][0x80]V[0xb0]1Cx[0x12]![0x6][0x8e][0xdd][0x16][0xb3]H[0x8f][0xfe]'[0xfd][0xbb]Ah[0xf9][0xe8]K[0x99]Nu[0xfd]X[0x91][0x1e]![0xa8]l[0x9]9[0xc][0xf0][0xa4]1j[% .*[0x4][0xc4][0xc5][0xa5]KZ[0xd2][0x6]IF[0xa1]X5[\n]"
18:24:16.165 [main] DEBUG org.apache.http.wire - http-outgoing-1 << "[0x8][0xf7][0xf6]u[0xa0][0x11][0xda][0xe8]U[0xe4][0xda][0x87][0xfb][0xf][0xbc][0xfa][0xba]o\m[0xf9][0x1e][0xae][0xf9]'[0xe5]e[0xc8]$&r[0x89][0x94][0x8][0x8e][0xcb][0x8c][0x13][0xb][0x95][0xc4][0x89][0x90][0xe3][0xa1][0xe][0x6][0xd1] [0x4]Tw4<n"[0x8e][0x96][0xa1][0xb4]H[0x8e]aJ[0x5][0x8d]"[0x11][0xb9][0x8d]{[0xf1][0xfa]9E==d[0x10][0xa2]}[0x0]![0x92]f[0xe8]T[0xfc]n[0xa2]T[0x0]3t[0xa9][0xee][0xd5]WW)c[0x83][0x6][0x1][0xd7][0xbf]}[0x11][0x6][0x8f]|[0x8][0x9][0xd0][\n]"
18:24:16.165 [main] DEBUG org.apache.http.wire - http-outgoing-1 << "[0xd5][\r][0xdb][0x8b][0xe5]zxv[0x1a]{[0x10][0xf2]i6[0xc3][0xcf][0x92]I[0x1c][0xd1][0x94]1[0xbf][0xba][0x8a][0xd7][0x4][0x8a]P[0xdd][0x3]j[0xe6][0xff]<~9[0xd8]z1[0xd8][0xfe]r[0xb0][0xbd][0x1b]][0xc9][0xca][0x85][0xb9][0xae]<b[0xf]x#L[0xfe]H[0xc9]f[0xd6]ML[0xa7][0x8a][0xaf][0xdf][0xb0][0xb9][0xf5]P[0xf3][0xae][0xa0][0x6]Zs[0x11][0xcf][\r]"[0xba][0xfa][0xb7][0xfb]w[0x98]<[0x92][0xf1][0xfa]gB![0xca][0x10][0xaf][0x84]P[0xf4][0xaf][0xdd][0x8][0xee]f[0x84][0xdf][0xc5][0xc8]6o7[0x9d][0xb3][0x8][0x8c][0x87]n[0xaa]l[0xd7][0xe2][0xf4]T7[0xd5][0xb3][0x90][0xb2]r[0x16]R.j[0xa3][0xc6][0xb3]9IP[0x15][0xb9][0xe8][0x3][0xdd]i(m[0x91]v[0x2]C[0xea]S[0x85]O[0xa6]z[0xa1][0x8c]j[0xc8][0xd5][0xd0][0xc9][0x1c][0xb][0xcf][0x9b][0xcc][0xa5]syiOA[0x8e]0[0xd2]r[0x4][0x1b][0xeb][0x12][0xa7][0xad]J[0xe6]&[0xb3]yA[0x9c]!7b[0x8c][0xcd][0x10]L/[0x81][0xea]~[0xd6][0xbf][0xd7][0xbf][0xdd][0xbf][0xd7][0xff]T]E[0xe4]s[0xb1][0xce][0xa9]\\[0xe4][0x1f]][0xf0][0xf3]y[0x98][0x9a]P[0xe4]_[0xfe][0xfd][0xf5][0x8f]S[0x3][0xe6]^[0xe]>+[0xea]][0xc2]o[0x8c]z[0x94]ro[0xb7][0x6][0xe5][0xd7][0x99][0xa2][0xfa]Cp[0xe1][0x10][0x16]gA[0xa2][0xbd][0xa7],[0xc5][0xa2]B[0xc3][0xca][0xd4]O[0x84]/[0xa1][0xbe]!LP[0x97]@[0x89][0x84]G[0xbf]J[0xd8][0xb4]kg[0x8][0xdf]JL[0x12]Xx[0x5][0xd5][0xac]8[0xd6][0xa8][0xae]J[0xc]QQ[0x88]![0x88]f[0x88]N[0xac]][\n]"
18:24:16.165 [main] DEBUG org.apache.http.wire - http-outgoing-1 << "{[0xb9][0xd2]j[0xa2][0x1b]:[0x13][0xa7]-[0xc2][0x3][0x85][0xa0]G'[0x8b][0x96]Kd&S[0xa9]|>%l[\r][0xa8]"
18:24:16.181 [main] DEBUG org.apache.http.wire - http-outgoing-1 << "4[0xa2][0xcc][0x18][0xc1]^[0x7]h 3[0xc9],<[0xc][0xc8][0xa4][0xf5][0x87][0x1][0x1a]TW[0x81][0x92]>O[0xad][0x14]"[0xb9][0x15]([0xb4]2W([0x5][0xb1]s[0xe3]c[0x95][0x95][0xa2]b[0xef][0xd1]?![0xd9][0xf9]d[0xfc]1A[0xa5][0xb4][0xc2]?[0xba]` [0xc6][0x8d][0xe][0x91]|[0x80][0xa6]^[0xf9][0xe8][0x14][0xd0]^K[0xe1]p[0xa8][0x91]G[0x83][[0xf7][0xc2][0x14][0x88]t[0xf9][0x85][0xc6][0xbb]=[0x0]<QQyj[0xe6][0x95][0xde]wA[0x92][0xda]9O2[0x5][0xd4][0xb0][0xac][0x13][0xb5][\r]$P[0xf6][0xa8]m=9[0x96][0xfc]I[0xb7]f[0x9d][0xc5][0x99][0xbd]R[0x10]M[0x1f][0xd7],dubb[0xde][0xba][0xaa]LbE[0x91]I[0xac]h[0xf5][0xd2][0x93][0xb2][0x88][0xea]%[0xe4]!O'[0xe1]F[[0x14][0x8c]?[0xec][0xd3][0x9][0xcd]?[0x9d]LO$[0xb2]y[0x85][0x6]V5[0xff][0xe0][0x85][0xc0][0x3][0xa4]&'r[0x99][0xa3][0xb9]`[0xb5]1p[0xd4][0xf6][0x99][0xbd]W[\n]"
18:24:16.181 [main] DEBUG org.apache.http.wire - http-outgoing-1 << "31[0x92]J[0xe0][0x87][0x97]6[0x1c][0x89][0xf8][0x93][0x81][0xa9][0x15][0x8]3[0xaf][0xfb][0xcd][0xe][0xb9][0xed]!C[0x86][0xa6][0xbe][0x0]w[0x1a][0xa3]#[0xd3]y[0x9d][0xe9][0xb9][0xb2]"[0x93]hl[0xb2]`}^[0xe5]1[0xac]R\^[0x14]a[0xd1][0xe2][0xf1][0xe4]3Xvv[0xe][0x94][0x9d]%z#[0xae][0xe1][0xb5][0x1a][0xb6]-[0xd6][0xf9][0x1d][0xd6][0xb9][0xbc][0x0][0xba]t[0x19]5[0x10][0xeb][0x93]=[0xa4]K[0x95][0x2]xMp[0xda][0x1e]X[0xa8][0x87][0xc4][0xe1]/6a[0xc5]7[0x16]{[0x18];[0xe7][0xd6]][0xfb][0xfc][0xd8][0x1b][\n]"
18:24:16.181 [main] DEBUG org.apache.http.wire - http-outgoing-1 << ">[0xbc][0xcd][0x10]f[0xa9][0xa9][0xa6][0xb]w[0x85]N[0xdd]U.[0xaf]W[0x1d][0xcc][0xf2][0xa5][0x96][0xe8][0xf][0x5]Zb[0x2]3[0x10]ZJ[0xc]pn[0xcd][0xb6][0xec][0xaa]r~[0x8c][0x9b]8|[0x12]?GpC`[0xb3][0x4]M[0xd3]E[0x13][0x9b]'[0xf8][0xf3]`[0xa6][0xf8][0x8d][0xce][0x14][0xf7][0x7][0xdb][0xdf][0xc][0xb6][0x9e]D[0x93][0x5]/fI[0xd5][0x1a][0xfc]y[0x8b]*-[0xb0][0x19][0x83][0x17]px[0x5][0x0][0xdc][0xdd]#KD[0xc2])[0xda][0xbf]{[0xc][0x0]^[0xb7]c[0x9f][0xc9]ic[0xb6]4v[0xf3][0xe3][0xff][0x0][0x0][0x0][0xff][0xff][0x3][0x0][0xed][0x93][0xbd][0x80][0x19][0x6][0x4][0x0][\r][\n]"
18:24:16.181 [main] DEBUG org.apache.http.wire - http-outgoing-1 << "0[\r][\n]"
18:24:16.181 [main] DEBUG org.apache.http.wire - http-outgoing-1 << "[\r][\n]"
18:24:16.181 [main] DEBUG org.apache.http.impl.conn.PoolingHttpClientConnectionManager - Connection [id: 1][route: {s}->https://restcountries.eu:443] can be kept alive indefinitely
18:24:16.181 [main] DEBUG org.apache.http.impl.conn.DefaultManagedHttpClientConnection - http-outgoing-1: set socket timeout to 0
18:24:16.181 [main] DEBUG org.apache.http.impl.conn.PoolingHttpClientConnectionManager - Connection released: [id: 1][route: {s}->https://restcountries.eu:443][total kept alive: 1; route allocated: 1 of 5; total allocated: 1 of 10]
18:24:16.181 [main] DEBUG com.intuit.karate - response time in milliseconds: 9148.35
1 < 200
1 < Access-Control-Allow-Headers: Accept, X-Requested-With
1 < Access-Control-Allow-Methods: GET
1 < Access-Control-Allow-Origin: *
1 < CF-Cache-Status: DYNAMIC
1 < CF-RAY: 6614aa0aca80de29-BOM
1 < Cache-Control: public, max-age=86400
1 < Connection: keep-alive
1 < Content-Type: application/json;charset=utf-8
1 < Date: Fri, 18 Jun 2021 12:54:14 GMT
1 < Expect-CT: max-age=604800, report-uri="https://report-uri.cloudflare.com/cdn-cgi/beacon/expect-ct"
1 < NEL: {"report_to":"cf-nel","max_age":604800}
1 < Report-To: {"endpoints":[{"url":"https:\/\/a.nel.cloudflare.com\/report\/v2?s=gzj5A2MjzkCiUnQ5VlBonfcVWsHXPALG2XMsPuVpDW32pVbx3mN6hPooTc1C5Uep5XNFUhrGJLkyCH%2F3AWm2WcuawLQqo6YIt3rZKmet3NJsTKwfH6knyR3RSb%2FNVQ%3D%3D"}],"group":"cf-nel","max_age":604800}
1 < Server: cloudflare
1 < Transfer-Encoding: chunked
1 < alt-svc: h3-27=":443"; ma=86400, h3-28=":443"; ma=86400, h3-29=":443"; ma=86400, h3=":443"; ma=86400
1 < cf-request-id: 0ac0c89abf0000de295f86b000000001
[{"name":"Afghanistan","topLevelDomain":[".af"],"alpha2Code":"AF","alpha3Code":"AFG","callingCodes":["93"],"capital":"Kabul","altSpellings":["AF","Af??nist?n"],"region":"Asia","subregion":"Southern Asia","population":27657145,"latlng":[33.0,65.0],"demonym":"Afghan","area":652230.0,"gini":27.8,"timezones":["UTC+04:30"],"borders":["IRN","PAK","TKM","UZB","TJK","CHN"],"nativeName":"?????????","numericCode":"004","currencies":[{"code":"AFN","name":"Afghan afghani","symbol":"?"}],"languages":[{"iso639_1":"ps","iso639_2":"pus","name":"Pashto","nativeName":"????"},{"iso639_1":"uz","iso639_2":"uzb","name":"Uzbek","nativeName":"O?zbek"},{"iso639_1":"tk","iso639_2":"tuk","name":"Turkmen","nativeName":"Türkmen"}],"translations":{"de":"Afghanistan","es":"Afganistán","fr":"Afghanistan","ja":"???????","it":"Afghanistan","br":"Afeganistão","pt":"Afeganistão","nl":"Afghanistan","hr":"Afganistan","fa":"?????????"},"flag":"https://restcountries.eu/data/afg.svg","regionalBlocs":[{"acronym":"SAARC","name":"South Asian Association for Regional Cooperation","otherAcronyms":[],"otherNames":[]}],"cioc":"AFG"},{"name":"Åland Islands","topLevelDomain":[".ax"],"alpha2Code":"AX","alpha3Code":"ALA","callingCodes":["358"],"capital":"Mariehamn","altSpellings":["AX","Aaland","Aland","Ahvenanmaa"],"region":"Europe","subregion":"Northern Europe","population":28875,"latlng":[60.116667,19.9],"demonym":"Ålandish","area":1580.0,"gini":null,"timezones":["UTC+02:00"],"borders":[],"nativeName":"Åland","numericCode":"248","currencies":[{"code":"EUR","name":"Euro","symbol":"€"}],"languages":[{"iso639_1":"sv","iso639_2":"swe","name":"Swedish","nativeName":"svenska"}],"translations":{"de":"Åland","es":"Alandia","fr":"Åland","ja":"???????","it":"Isole Aland","br":"Ilhas de Aland","pt":"Ilhas de Aland","nl":"Ålandeilanden","hr":"Ålandski otoci","fa":"????? ????"},"flag":"https://restcountries.eu/data/ala.svg","regionalBlocs":[{"acronym":"EU","name":"European Union","otherAcronyms":[],"otherNames":[]}],"cioc":""},{"name":"Albania","topLevelDomain":[".al"],"alpha2Code":"AL","alpha3Code":"ALB","callingCodes":["355"],"capital":"Tirana","altSpellings":["AL","Shqipëri","Shqipëria","Shqipnia"],"region":"Europe","subregion":"Southern Europe","population":2886026,"latlng":[41.0,20.0],"demonym":"Albanian","area":28748.0,"gini":34.5,"timezones":["UTC+01:00"],"borders":["MNE","GRC","MKD","KOS"],"nativeName":"Shqipëria","numericCode":"008","currencies":[{"code":"ALL","name":"Albanian lek","symbol":"L"}],"languages":[{"iso639_1":"sq","iso639_2":"sqi","name":"Albanian","nativeName":"Shqip"}],"translations":{"de":"Albanien","es":"Albania","fr":"Albanie","ja":"?????","it":"Albania","br":"Albânia","pt":"Albânia","nl":"Albanië","hr":"Albanija","fa":"??????"},"flag":"https://restcountries.eu/data/alb.svg","regionalBlocs":[{"acronym":"CEFTA","name":"Central European Free Trade Agreement","otherAcronyms":[],"otherNames":[]}],"cioc":"ALB"},{"name":"Algeria","topLevelDomain":[".dz"],"alpha2Code":"DZ","alpha3Code":"DZA","callingCodes":["213"],"capital":"Algiers","altSpellings":["DZ","Dzayer","Algérie"],"region":"Africa","subregion":"Northern Africa","population":40400000,"latlng":[28.0,3.0],"demonym":"Algerian","area":2381741.0,"gini":35.3,"timezones":["UTC+01:00"],"borders":["TUN","LBY","NER","ESH","MRT","MLI","MAR"],"nativeName":"???????","numericCode":"012","currencies":[{"code":"DZD","name":"Algerian dinar","symbol":"?.?"}],"languages":[{"iso639_1":"ar","iso639_2":"ara","name":"Arabic","nativeName":"???????"}],"translations":{"de":"Algerien","es":"Argelia","fr":"Algérie","ja":"??????","it":"Algeria","br":"Argélia","pt":"Argélia","nl":"Algerije","hr":"Alžir","fa":"???????"},"flag":"https://restcountries.eu/data/dza.svg","regionalBlocs":[{"acronym":"AU","name":"African Union","otherAcronyms":[],"otherNames":["??????? ????????","Union africaine","União Africana","Unión Africana","Umoja wa Afrika"]},{"acronym":"AL","name":"Arab League","otherAcronyms":[],"otherNames":["????? ????? ???????","J?mi?at ad-Duwal al-?Arab?yah","League of Arab States"]}],"cioc":"ALG"},{"name":"American Samoa","topLevelDomain":[".as"],"alpha2Code":"AS","alpha3Code":"ASM","callingCodes":["1684"],"capital":"Pago Pago","altSpellings":["AS","Amerika S?moa","Amelika S?moa","S?moa Amelika"],"region":"Oceania","subregion":"Polynesia","population":57100,"latlng":[-14.33333333,-170.0],"demonym":"American Samoan","area":199.0,"gini":null,"timezones":["UTC-11:00"],"borders":[],"nativeName":"American Samoa","numericCode":"016","currencies":[{"code":"USD","name":"United State Dollar","symbol":"$"}],"languages":[{"iso639_1":"en","iso639_2":"eng","name":"English","nativeName":"English"},{"iso639_1":"sm","iso639_2":"smo","name":"Samoan","nativeName":"gagana fa'a Samoa"}],"translations":{"de":"Amerikanisch-Samoa","es":"Samoa Americana","fr":"Samoa américaines","ja":"????????","it":"Samoa Americane","br":"Samoa Americana","pt":"Samoa Americana","nl":"Amerikaans Samoa","hr":"Ameri?ka Samoa","fa":"?????? ??????"},"flag":"https://restcountries.eu/data/asm.svg","regionalBlocs":[],"cioc":"ASA"},{"name":"Andorra","topLevelDomain":[".ad"],"alpha2Code":"AD","alpha3Code":"AND","callingCodes":["376"],"capital":"Andorra la Vella","altSpellings":["AD","Principality of Andorra","Principat d'Andorra"],"region":"Europe","subregion":"Southern Europe","population":78014,"latlng":[42.5,1.5],"demonym":"Andorran","area":468.0,"gini":null,"timezones":["UTC+01:00"],"borders":["FRA","ESP"],"nativeName":"Andorra","numericCode":"020","currencies":[{"code":"EUR","name":"Euro","symbol":"€"}],"languages":[{"iso639_1":"ca","iso639_2":"cat","name":"Catalan","nativeName":"català"}],"translations":{"de":"Andorra","es":"Andorra","fr":"Andorre","ja":"????","it":"Andorra","br":"Andorra","pt":"Andorra","nl":"Andorra","hr":"Andora","fa":"??????"},"flag":"https://restcountries.eu/data/and.svg","regionalBlocs":[],"cioc":"AND"},{"name":"Angola","topLevelDomain":[".ao"],"alpha2Code":"AO","alpha3Code":"AGO","callingCodes":["244"],"capital":"Luanda","altSpellings":["AO","República de Angola","??publika de an'??la"],"region":"Africa","subregion":"Middle Africa","population":25868000,"latlng":[-12.5,18.5],"demonym":"Angolan","area":1246700.0,"gini":58.6,"timezones":["UTC+01:00"],"borders":["COG","COD","ZMB","NAM"],"nativeName":"Angola","numericCode":"024","currencies":[{"code":"AOA","name":"Angolan kwanza","symbol":"Kz"}],"languages":[{"iso639_1":"pt","iso639_2":"por","name":"Portuguese","nativeName":"Português"}],"translations":{"de":"Angola","es":"Angola","fr":"Angola","ja":"????","it":"Angola","br":"Angola","pt":"Angola","nl":"Angola","hr":"Angola","fa":"??????"},"flag":"https://restcountries.eu/data/ago.svg","regionalBlocs":[{"acronym":"AU","name":"African Union","otherAcronyms":[],"otherNames":["??????? ????????","Union africaine","União Africana","Unión Africana","Umoja wa Afrika"]}],"cioc":"ANG"},{"name":"Anguilla","topLevelDomain":[".ai"],"alpha2Code":"AI","alpha3Code":"AIA","callingCodes":["1264"],"capital":"The Valley","altSpellings":["AI"],"region":"Americas","subregion":"Caribbean","population":13452,"latlng":[18.25,-63.16666666],"demonym":"Anguillian","area":91.0,"gini":null,"timezones":["UTC-04:00"],"borders":[],"nativeName":"Anguilla","numericCode":"660","currencies":[{"code":"XCD","name":"East Caribbean dollar","symbol":"$"}],"languages":[{"iso639_1":"en","iso639_2":"eng","name":"English","nativeName":"English"}],"translations":{"de":"Anguilla","es":"Anguilla","fr":"Anguilla","ja":"????","it":"Anguilla","br":"Anguila","pt":"Anguila","nl":"Anguilla","hr":"Angvila","fa":"???????"},"flag":"https://restcountries.eu/data/aia.svg","regionalBlocs":[],"cioc":""},{"name":"Antarctica","topLevelDomain":[".aq"],"alpha2Code":"AQ","alpha3Code":"ATA","callingCodes":["672"],"capital":"","altSpellings":[],"region":"Polar","subregion":"","population":1000,"latlng":[-74.65,4.48],"demonym":"","area":1.4E7,"gini":null,"timezones":["UTC-03:00","UTC+03:00","UTC+05:00","UTC+06:00","UTC+07:00","UTC+08:00","UTC+10:00","UTC+12:00"],"borders":[],"nativeName":"Antarctica","numericCode":"010","currencies":[{"code":"AUD","name":"Australian dollar","symbol":"$"},{"code":"GBP","name":"British pound","symbol":"£"}],"languages":[{"iso639_1":"en","iso639_2":"eng","name":"English","nativeName":"English"},{"iso639_1":"ru","iso639_2":"rus","name":"Russian","nativeName":"???????"}],"translations":{"de":"Antarktika","es":"Antártida","fr":"Antarctique","ja":"????","it":"Antartide","br":"Antártida","pt":"Antárctida","nl":"Antarctica","hr":"Antarktika","fa":"???????"},"flag":"https://restcountries.eu/data/ata.svg","regionalBlocs":[],"cioc":""},{"name":"Antigua and Barbuda","topLevelDomain":[".ag"],"alpha2Code":"AG","alpha3Code":"ATG","callingCodes":["1268"],"capital":"Saint John's","altSpellings":["AG"],"region":"Americas","subregion":"Caribbean","population":86295,"latlng":[17.05,-61.8],"demonym":"Antiguan, Barbudan","area":442.0,"gini":null,"timezones":["UTC-04:00"],"borders":[],"nativeName":"Antigua and Barbuda","numericCode":"028","currencies":[{"code":"XCD","name":"East Caribbean dollar","symbol":"$"}],"languages":[{"iso639_1":"en","iso639_2":"eng","name":"English","nativeName":"English"}],"translations":{"de":"Antigua und Barbuda","es":"Antigua y Barbuda","fr":"Antigua-et-Barbuda","ja":"????????????","it":"Antigua e Barbuda","br":"Antígua e Barbuda","pt":"Antígua e Barbuda","nl":"Antigua en Barbuda","hr":"Antigva i Barbuda","fa":"??????? ? ???????"},"flag":"https://restcountries.eu/data/atg.svg","regionalBlocs":[{"acronym":"CARICOM","name":"Caribbean Community","otherAcronyms":[],"otherNames":["Comunidad del Caribe","Communauté Caribéenne","Caribische Gemeenschap"]}],"cioc":"ANT"},{"name":"Argentina","topLevelDomain":[".ar"],"alpha2Code":"AR","alpha3Code":"ARG","callingCodes":["54"],"capital":"Buenos Aires","altSpellings":["AR","Argentine Republic","República Argentina"],"region":"Americas","subregion":"South America","population":43590400,"latlng":[-34.0,-64.0],"demonym":"Argentinean","area":2780400.0,"gini":44.5,"timezones":["UTC-03:00"],"borders":["BOL","BRA","CHL","PRY","URY"],"nativeName":"Argentina","numericCode":"032","currencies":[{"code":"ARS","name":"Argentine peso","symbol":"$"}],"languages":[{"iso639_1":"es","iso639_2":"spa","name":"Spanish","nativeName":"Español"},{"iso639_1":"gn","iso639_2":"grn","name":"Guaraní","nativeName":"Avañe'?"}],"translations":{"de":"Argentinien","es":"Argentina","fr":"Argentine","ja":"??????","it":"Argentina","br":"Argentina","pt":"Argentina","nl":"Argentinië","hr":"Argentina","fa":"????????"},"flag":"https://restcountries.eu/data/arg.svg","regionalBlocs":[{"acronym":"USAN","name":"Union of South American Nations","otherAcronyms":["UNASUR","UNASUL","UZAN"],"otherNames":["Unión de Naciones Suramericanas","União de Nações Sul-Americanas","Unie van Zuid-Amerikaanse Naties","South American Union"]}],"cioc":"ARG"},{"name":"Armenia","topLevelDomain":[".am"],"alpha2Code":"AM","alpha3Code":"ARM","callingCodes":["374"],"capital":"Yerevan","altSpellings":["AM","Hayastan","Republic of Armenia","????????? ???????????????"],"region":"Asia","subregion":"Western Asia","population":2994400,"latlng":[40.0,45.0],"demonym":"Armenian","area":29743.0,"gini":30.9,"timezones":["UTC+04:00"],"borders":["AZE","GEO","IRN","TUR"],"nativeName":"????????","numericCode":"051","currencies":[{"code":"AMD","name":"Armenian dram","symbol":null}],"languages":[{"iso639_1":"hy","iso639_2":"hye","name":"Armenian","nativeName":"???????"},{"iso639_1":"ru","iso639_2":"rus","name":"Russian","nativeName":"???????"}],"translations":{"de":"Armenien","es":"Armenia","fr":"Arménie","ja":"?????","it":"Armenia","br":"Armênia","pt":"Arménia","nl":"Armenië","hr":"Armenija","fa":"????????"},"flag":"https://restcountries.eu/data/arm.svg","regionalBlocs":[{"acronym":"EEU","name":"Eurasian Economic Union","otherAcronyms":["EAEU"],"otherNames":[]}],"cioc":"ARM"},{"name":"Aruba","topLevelDomain":[".aw"],"alpha2Code":"AW","alpha3Code":"ABW","callingCodes":["297"],"capital":"Oranjestad","altSpellings":["AW"],"region":"Americas","subregion":"Caribbean","population":107394,"latlng":[12.5,-69.96666666],"demonym":"Aruban","area":180.0,"gini":null,"timezones":["UTC-04:00"],"borders":[],"nativeName":"Aruba","numericCode":"533","currencies":[{"code":"AWG","name":"Aruban florin","symbol":"ƒ"}],"languages":[{"iso639_1":"nl","iso639_2":"nld","name":"Dutch","nativeName":"Nederlands"},{"iso639_1":"pa","iso639_2":"pan","name":"(Eastern) Punjabi","nativeName":"??????"}],"translations":{"de":"Aruba","es":"Aruba","fr":"Aruba","ja":"???","it":"Aruba","br":"Aruba","pt":"Aruba","nl":"Aruba","hr":"Aruba","fa":"?????"},"flag":"https://restcountries.eu/data/abw.svg","regionalBlocs":[],"cioc":"ARU"},{"name":"Australia","topLevelDomain":[".au"],"alpha2Code":"AU","alpha3Code":"AUS","callingCodes":["61"],"capital":"Canberra","altSpellings":["AU"],"region":"Oceania","subregion":"Australia and New Zealand","population":24117360,"latlng":[-27.0,133.0],"demonym":"Australian","area":7692024.0,"gini":30.5,"timezones":["UTC+05:00","UTC+06:30","UTC+07:00","UTC+08:00","UTC+09:30","UTC+10:00","UTC+10:30","UTC+11:30"],"borders":[],"nativeName":"Australia","numericCode":"036","currencies":[{"code":"AUD","name":"Australian dollar","symbol":"$"}],"languages":[{"iso639_1":"en","iso639_2":"eng","name":"English","nativeName":"English"}],"translations":{"de":"Australien","es":"Australia","fr":"Australie","ja":"???????","it":"Australia","br":"Austrália","pt":"Austrália","nl":"Australië","hr":"Australija","fa":"????????"},"flag":"https://restcountries.eu/data/aus.svg","regionalBlocs":[],"cioc":"AUS"},{"name":"Austria","topLevelDomain":[".at"],"alpha2Code":"AT","alpha3Code":"AUT","callingCodes":["43"],"capital":"Vienna","altSpellings":["AT","Österreich","Osterreich","Oesterreich"],"region":"Europe","subregion":"Western Europe","population":8725931,"latlng":[47.33333333,13.33333333],"demonym":"Austrian","area":83871.0,"gini":26.0,"timezones":["UTC+01:00"],"borders":["CZE","DEU","HUN","ITA","LIE","SVK","SVN","CHE"],"nativeName":"Österreich","numericCode":"040","currencies":[{"code":"EUR","name":"Euro","symbol":"€"}],"languages":[{"iso639_1":"de","iso639_2":"deu","name":"German","nativeName":"Deutsch"}],"translations":{"de":"Österreich","es":"Austria","fr":"Autriche","ja":"??????","it":"Austria","br":"áustria","pt":"áustria","nl":"Oostenrijk","hr":"Austrija","fa":"?????"},"flag":"https://restcountries.eu/data/aut.svg","regionalBlocs":[{"acronym":"EU","name":"European Union","otherAcronyms":[],"otherNames":[]}],"cioc":"AUT"},{"name":"Azerbaijan","topLevelDomain":[".az"],"alpha2Code":"AZ","alpha3Code":"AZE","callingCodes":["994"],"capital":"Baku","altSpellings":["AZ","Republic of Azerbaijan","Az?rbaycan Respublikas?"],"region":"Asia","subregion":"Western Asia","population":9730500,"latlng":[40.5,47.5],"demonym":"Azerbaijani","area":86600.0,"gini":33.7,"timezones":["UTC+04:00"],"borders":["ARM","GEO","IRN","RUS","TUR"],"nativeName":"Az?rbaycan","numericCode":"031","currencies":[{"code":"AZN","name":"Azerbaijani manat","symbol":null}],"languages":[{"iso639_1":"az","iso639_2":"aze","name":"Azerbaijani","nativeName":"az?rbaycan dili"}],"translations":{"de":"Aserbaidschan","es":"Azerbaiyán","fr":"Azerbaïdjan","ja":"????????","it":"Azerbaijan","br":"Azerbaijão","pt":"Azerbaijão","nl":"Azerbeidzjan","hr":"Azerbajdžan","fa":"?????????"},"flag":"https://restcountries.eu/data/aze.svg","regionalBlocs":[],"cioc":"AZE"},{"name":"Bahamas","topLevelDomain":[".bs"],"alpha2Code":"BS","alpha3Code":"BHS","callingCodes":["1242"],"capital":"Nassau","altSpellings":["BS","Commonwealth of the Bahamas"],"region":"Americas","subregion":"Caribbean","population":378040,"latlng":[24.25,-76.0],"demonym":"Bahamian","area":13943.0,"gini":null,"timezones":["UTC-05:00"],"borders":[],"nativeName":"Bahamas","numericCode":"044","currencies":[{"code":"BSD","name":"Bahamian dollar","symbol":"$"}],"languages":[{"iso639_1":"en","iso639_2":"eng","name":"English","nativeName":"English"}],"translations":{"de":"Bahamas","es":"Bahamas","fr":"Bahamas","ja":"???","it":"Bahamas","br":"Bahamas","pt":"Baamas","nl":"Bahama’s","hr":"Bahami","fa":"??????"},"flag":"https://restcountries.eu/data/bhs.svg","regionalBlocs":[{"acronym":"CARICOM","name":"Caribbean Community","otherAcronyms":[],"otherNames":["Comunidad del Caribe","Communauté Caribéenne","Caribische Gemeenschap"]}],"cioc":"BAH"},{"name":"Bahrain","topLevelDomain":[".bh"],"alpha2Code":"BH","alpha3Code":"BHR","callingCodes":["973"],"capital":"Manama","altSpellings":["BH","Kingdom of Bahrain","Mamlakat al-Ba?rayn"],"region":"Asia","subregion":"Western Asia","population":1404900,"latlng":[26.0,50.55],"demonym":"Bahraini","area":765.0,"gini":null,"timezones":["UTC+03:00"],"borders":[],"nativeName":"????????","numericCode":"048","currencies":[{"code":"BHD","name":"Bahraini dinar","symbol":".?.?"}],"languages":[{"iso639_1":"ar","iso639_2":"ara","name":"Arabic","nativeName":"???????"}],"translations":{"de":"Bahrain","es":"Bahrein","fr":"Bahreïn","ja":"?????","it":"Bahrein","br":"Bahrein","pt":"Barém","nl":"Bahrein","hr":"Bahrein","fa":"?????"},"flag":"https://restcountries.eu/data/bhr.svg","regionalBlocs":[{"acronym":"AL","name":"Arab League","otherAcronyms":[],"otherNames":["????? ????? ???????","J?mi?at ad-Duwal al-?Arab?yah","League of Arab States"]}],"cioc":"BRN"},{"name":"Bangladesh","topLevelDomain":[".bd"],"alpha2Code":"BD","alpha3Code":"BGD","callingCodes":["880"],"capital":"Dhaka","altSpellings":["BD","People's Republic of Bangladesh","Gônôprôjatôntri Bangladesh"],"region":"Asia","subregion":"Southern Asia","population":161006790,"latlng":[24.0,90.0],"demonym":"Bangladeshi","area":147570.0,"gini":32.1,"timezones":["UTC+06:00"],"borders":["MMR","IND"],"nativeName":"Bangladesh","numericCode":"050","currencies":[{"code":"BDT","name":"Bangladeshi taka","symbol":"?"}],"languages":[{"iso639_1":"bn","iso639_2":"ben","name":"Bengali","nativeName":"?????"}],"translations":{"de":"Bangladesch","es":"Bangladesh","fr":"Bangladesh","ja":"???????","it":"Bangladesh","br":"Bangladesh","pt":"Bangladeche","nl":"Bangladesh","hr":"Bangladeš","fa":"???????"},"flag":"https://restcountries.eu/data/bgd.svg","regionalBlocs":[{"acronym":"SAARC","name":"South Asian Association for Regional Cooperation","otherAcronyms":[],"otherNames":[]}],"cioc":"BAN"},{"name":"Barbados","topLevelDomain":[".bb"],"alpha2Code":"BB","alpha3Code":"BRB","callingCodes":["1246"],"capital":"Bridgetown","altSpellings":["BB"],"region":"Americas","subregion":"Caribbean","population":285000,"latlng":[13.16666666,-59.53333333],"demonym":"Barbadian","area":430.0,"gini":null,"timezones":["UTC-04:00"],"borders":[],"nativeName":"Barbados","numericCode":"052","currencies":[{"code":"BBD","name":"Barbadian dollar","symbol":"$"}],"languages":[{"iso639_1":"en","iso639_2":"eng","name":"English","nativeName":"English"}],"translations":{"de":"Barbados","es":"Barbados","fr":"Barbade","ja":"?????","it":"Barbados","br":"Barbados","pt":"Barbados","nl":"Barbados","hr":"Barbados","fa":"????????"},"flag":"https://restcountries.eu/data/brb.svg","regionalBlocs":[{"acronym":"CARICOM","name":"Caribbean Community","otherAcronyms":[],"otherNames":["Comunidad del Caribe","Communauté Caribéenne","Caribische Gemeenschap"]}],"cioc":"BAR"},{"name":"Belarus","topLevelDomain":[".by"],"alpha2Code":"BY","alpha3Code":"BLR","callingCodes":["375"],"capital":"Minsk","altSpellings":["BY","Bielaru?","Republic of Belarus","??????????","?????????? ????????","Belorussiya","Respublika Belarus’"],"region":"Europe","subregion":"Eastern Europe","population":9498700,"latlng":[53.0,28.0],"demonym":"Belarusian","area":207600.0,"gini":26.5,"timezones":["UTC+03:00"],"borders":["LVA","LTU","POL","RUS","UKR"],"nativeName":"?????????","numericCode":"112","currencies":[{"code":"BYN","name":"New Belarusian ruble","symbol":"Br"},{"code":"BYR","name":"Old Belarusian ruble","symbol":"Br"}],"languages":[{"iso639_1":"be","iso639_2":"bel","name":"Belarusian","nativeName":"?????????? ????"},{"iso639_1":"ru","iso639_2":"rus","name":"Russian","nativeName":"???????"}],"translations":{"de":"Weißrussland","es":"Bielorrusia","fr":"Biélorussie","ja":"?????","it":"Bielorussia","br":"Bielorrússia","pt":"Bielorrússia","nl":"Wit-Rusland","hr":"Bjelorusija","fa":"??????"},"flag":"https://restcountries.eu/data/blr.svg","regionalBlocs":[{"acronym":"EEU","name":"Eurasian Economic Union","otherAcronyms":["EAEU"],"otherNames":[]}],"cioc":"BLR"},{"name":"Belgium","topLevelDomain":[".be"],"alpha2Code":"BE","alpha3Code":"BEL","callingCodes":["32"],"capital":"Brussels","altSpellings":["BE","België","Belgie","Belgien","Belgique","Kingdom of Belgium","Koninkrijk België","Royaume de Belgique","Königreich Belgien"],"region":"Europe","subregion":"Western Europe","population":11319511,"latlng":[50.83333333,4.0],"demonym":"Belgian","area":30528.0,"gini":33.0,"timezones":["UTC+01:00"],"borders":["FRA","DEU","LUX","NLD"],"nativeName":"België","numericCode":"056","currencies":[{"code":"EUR","name":"Euro","symbol":"€"}],"languages":[{"iso639_1":"nl","iso639_2":"nld","name":"Dutch","nativeName":"Nederlands"},{"iso639_1":"fr","iso639_2":"fra","name":"French","nativeName":"français"},{"iso639_1":"de","iso639_2":"deu","name":"German","nativeName":"Deutsch"}],"translations":{"de":"Belgien","es":"Bélgica","fr":"Belgique","ja":"????","it":"Belgio","br":"Bélgica","pt":"Bélgica","nl":"België","hr":"Belgija","fa":"?????"},"flag":"https://restcountries.eu/data/bel.svg","regionalBlocs":[{"acronym":"EU","name":"European Union","otherAcronyms":[],"otherNames":[]}],"cioc":"BEL"},{"name":"Belize","topLevelDomain":[".bz"],"alpha2Code":"BZ","alpha3Code":"BLZ","callingCodes":["501"],"capital":"Belmopan","altSpellings":["BZ"],"region":"Americas","subregion":"Central America","population":370300,"latlng":[17.25,-88.75],"demonym":"Belizean","area":22966.0,"gini":53.1,"timezones":["UTC-06:00"],"borders":["GTM","MEX"],"nativeName":"Belize","numericCode":"084","currencies":[{"code":"BZD","name":"Belize dollar","symbol":"$"}],"languages":[{"iso639_1":"en","iso639_2":"eng","name":"English","nativeName":"English"},{"iso639_1":"es","iso639_2":"spa","name":"Spanish","nativeName":"Español"}],"translations":{"de":"Belize","es":"Belice","fr":"Belize","ja":"????","it":"Belize","br":"Belize","pt":"Belize","nl":"Belize","hr":"Belize","fa":"????"},"flag":"https://restcountries.eu/data/blz.svg","regionalBlocs":[{"acronym":"CARICOM","name":"Caribbean Community","otherAcronyms":[],"otherNames":["Comunidad del Caribe","Communauté Caribéenne","Caribische Gemeenschap"]},{"acronym":"CAIS","name":"Central American Integration System","otherAcronyms":["SICA"],"otherNames":["Sistema de la Integración Centroamericana,"]}],"cioc":"BIZ"},{"name":"Benin","topLevelDomain":[".bj"],"alpha2Code":"BJ","alpha3Code":"BEN","callingCodes":["229"],"capital":"Porto-Novo","altSpellings":["BJ","Republic of Benin","République du Bénin"],"region":"Africa","subregion":"Western Africa","population":10653654,"latlng":[9.5,2.25],"demonym":"Beninese","area":112622.0,"gini":38.6,"timezones":["UTC+01:00"],"borders":["BFA","NER","NGA","TGO"],"nativeName":"Bénin","numericCode":"204","currencies":[{"code":"XOF","name":"West African CFA franc","symbol":"Fr"}],"languages":[{"iso639_1":"fr","iso639_2":"fra","name":"French","nativeName":"français"}],"translations":{"de":"Benin","es":"Benín","fr":"Bénin","ja":"???","it":"Benin","br":"Benin","pt":"Benim","nl":"Benin","hr":"Benin","fa":"????"},"flag":"https://restcountries.eu/data/ben.svg","regionalBlocs":[{"acronym":"AU","name":"African Union","otherAcronyms":[],"otherNames":["??????? ????????","Union africaine","União Africana","Unión Africana","Umoja wa Afrika"]}],"cioc":"BEN"},{"name":"Bermuda","topLevelDomain":[".bm"],"alpha2Code":"BM","alpha3Code":"BMU","callingCodes":["1441"],"capital":"Hamilton","altSpellings":["BM","The Islands of Bermuda","The Bermudas","Somers Isles"],"region":"Americas","subregion":"Northern America","population":61954,"latlng":[32.33333333,-64.75],"demonym":"Bermudian","area":54.0,"gini":null,"timezones":["UTC-04:00"],"borders":[],"nativeName":"Bermuda","numericCode":"060","currencies":[{"code":"BMD","name":"Bermudian dollar","symbol":"$"}],"languages":[{"iso639_1":"en","iso639_2":"eng","name":"English","nativeName":"English"}],"translations":{"de":"Bermuda","es":"Bermudas","fr":"Bermudes","ja":"?????","it":"Bermuda","br":"Bermudas","pt":"Bermudas","nl":"Bermuda","hr":"Bermudi","fa":"??????"},"flag":"https://restcountries.eu/data/bmu.svg","regionalBlocs":[],"cioc":"BER"},{"name":"Bhutan","topLevelDomain":[".bt"],"alpha2Code":"BT","alpha3Code":"BTN","callingCodes":["975"],"capital":"Thimphu","altSpellings":["BT","Kingdom of Bhutan"],"region":"Asia","subregion":"Southern Asia","population":775620,"latlng":[27.5,90.5],"demonym":"Bhutanese","area":38394.0,"gini":38.1,"timezones":["UTC+06:00"],"borders":["CHN","IND"],"nativeName":"?brug-yul","numericCode":"064","currencies":[{"code":"BTN","name":"Bhutanese ngultrum","symbol":"Nu."},{"code":"INR","name":"Indian rupee","symbol":"?"}],"languages":[{"iso639_1":"dz","iso639_2":"dzo","name":"Dzongkha","nativeName":"??????"}],"translations":{"de":"Bhutan","es":"Bután","fr":"Bhoutan","ja":"????","it":"Bhutan","br":"Butão","pt":"Butão","nl":"Bhutan","hr":"Butan","fa":"?????"},"flag":"https://restcountries.eu/data/btn.svg","regionalBlocs":[{"acronym":"SAARC","name":"South Asian Association for Regional Cooperation","otherAcronyms":[],"otherNames":[]}],"cioc":"BHU"},{"name":"Bolivia (Plurinational State of)","topLevelDomain":[".bo"],"alpha2Code":"BO","alpha3Code":"BOL","callingCodes":["591"],"capital":"Sucre","altSpellings":["BO","Buliwya","Wuliwya","Plurinational State of Bolivia","Estado Plurinacional de Bolivia","Buliwya Mamallaqta","Wuliwya Suyu","Tetã Volívia"],"region":"Americas","subregion":"South America","population":10985059,"latlng":[-17.0,-65.0],"demonym":"Bolivian","area":1098581.0,"gini":56.3,"timezones":["UTC-04:00"],"borders":["ARG","BRA","CHL","PRY","PER"],"nativeName":"Bolivia","numericCode":"068","currencies":[{"code":"BOB","name":"Bolivian boliviano","symbol":"Bs."}],"languages":[{"iso639_1":"es","iso639_2":"spa","name":"Spanish","nativeName":"Español"},{"iso639_1":"ay","iso639_2":"aym","name":"Aymara","nativeName":"aymar aru"},{"iso639_1":"qu","iso639_2":"que","name":"Quechua","nativeName":"Runa Simi"}],"translations":{"de":"Bolivien","es":"Bolivia","fr":"Bolivie","ja":"????????","it":"Bolivia","br":"Bolívia","pt":"Bolívia","nl":"Bolivia","hr":"Bolivija","fa":"??????"},"flag":"https://restcountries.eu/data/bol.svg","regionalBlocs":[{"acronym":"USAN","name":"Union of South American Nations","otherAcronyms":["UNASUR","UNASUL","UZAN"],"otherNames":["Unión de Naciones Suramericanas","União de Nações Sul-Americanas","Unie van Zuid-Amerikaanse Naties","South American Union"]}],"cioc":"BOL"},{"name":"Bonaire, Sint Eustatius and Saba","topLevelDomain":[".an",".nl"],"alpha2Code":"BQ","alpha3Code":"BES","callingCodes":["5997"],"capital":"Kralendijk","altSpellings":["BQ","Boneiru"],"region":"Americas","subregion":"Caribbean","population":17408,"latlng":[12.15,-68.266667],"demonym":"Dutch","area":294.0,"gini":null,"timezones":["UTC-04:00"],"borders":[],"nativeName":"Bonaire","numericCode":"535","currencies":[{"code":"USD","name":"United States dollar","symbol":"$"}],"languages":[{"iso639_1":"nl","iso639_2":"nld","name":"Dutch","nativeName":"Nederlands"}],"translations":{"de":"Bonaire, Sint Eustatius und Saba","es":null,"fr":"Bonaire, Saint-Eustache et Saba","ja":null,"it":"Bonaire, Saint-Eustache e Saba","br":"Bonaire","pt":"Bonaire","nl":null,"hr":null,"fa":"?????"},"flag":"https://restcountries.eu/data/bes.svg","regionalBlocs":[],"cioc":null},{"name":"Bosnia and Herzegovina","topLevelDomain":[".ba"],"alpha2Code":"BA","alpha3Code":"BIH","callingCodes":["387"],"capital":"Sarajevo","altSpellings":["BA","Bosnia-Herzegovina","????? ? ???????????"],"region":"Europe","subregion":"Southern Europe","population":3531159,"latlng":[44.0,18.0],"demonym":"Bosnian, Herzegovinian","area":51209.0,"gini":36.2,"timezones":["UTC+01:00"],"borders":["HRV","MNE","SRB"],"nativeName":"Bosna i Hercegovina","numericCode":"070","currencies":[{"code":"BAM","name":"Bosnia and Herzegovina convertible mark","symbol":null}],"languages":[{"iso639_1":"bs","iso639_2":"bos","name":"Bosnian","nativeName":"bosanski jezik"},{"iso639_1":"hr","iso639_2":"hrv","name":"Croatian","nativeName":"hrvatski jezik"},{"iso639_1":"sr","iso639_2":"srp","name":"Serbian","nativeName":"?????? ?????"}],"translations":{"de":"Bosnien und Herzegowina","es":"Bosnia y Herzegovina","fr":"Bosnie-Herzégovine","ja":"????????????","it":"Bosnia ed Erzegovina","br":"Bósnia e Herzegovina","pt":"Bósnia e Herzegovina","nl":"Bosnië en Herzegovina","hr":"Bosna i Hercegovina","fa":"????? ? ???????"},"flag":"https://restcountries.eu/data/bih.svg","regionalBlocs":[{"acronym":"CEFTA","name":"Central European Free Trade Agreement","otherAcronyms":[],"otherNames":[]}],"cioc":"BIH"},{"name":"Botswana","topLevelDomain":[".bw"],"alpha2Code":"BW","alpha3Code":"BWA","callingCodes":["267"],"capital":"Gaborone","altSpellings":["BW","Republic of Botswana","Lefatshe la Botswana"],"region":"Africa","subregion":"Southern Africa","population":2141206,"latlng":[-22.0,24.0],"demonym":"Motswana","area":582000.0,"gini":61.0,"timezones":["UTC+02:00"],"borders":["NAM","ZAF","ZMB","ZWE"],"nativeName":"Botswana","numericCode":"072","currencies":[{"code":"BWP","name":"Botswana pula","symbol":"P"}],"languages":[{"iso639_1":"en","iso639_2":"eng","name":"English","nativeName":"English"},{"iso639_1":"tn","iso639_2":"tsn","name":"Tswana","nativeName":"Setswana"}],"translations":{"de":"Botswana","es":"Botswana","fr":"Botswana","ja":"????","it":"Botswana","br":"Botsuana","pt":"Botsuana","nl":"Botswana","hr":"Bocvana","fa":"????????"},"flag":"https://restcountries.eu/data/bwa.svg","regionalBlocs":[{"acronym":"AU","name":"African Union","otherAcronyms":[],"otherNames":["??????? ????????","Union africaine","União Africana","Unión Africana","Umoja wa Afrika"]}],"cioc":"BOT"},{"name":"Bouvet Island","topLevelDomain":[".bv"],"alpha2Code":"BV","alpha3Code":"BVT","callingCodes":[""],"capital":"","altSpellings":["BV","Bouvetøya","Bouvet-øya"],"region":"","subregion":"","population":0,"latlng":[-54.43333333,3.4],"demonym":"","area":49.0,"gini":null,"timezones":["UTC+01:00"],"borders":[],"nativeName":"Bouvetøya","numericCode":"074","currencies":[{"code":"NOK","name":"Norwegian krone","symbol":"kr"}],"languages":[{"iso639_1":"no","iso639_2":"nor","name":"Norwegian","nativeName":"Norsk"},{"iso639_1":"nb","iso639_2":"nob","name":"Norwegian Bokmål","nativeName":"Norsk bokmål"},{"iso639_1":"nn","iso639_2":"nno","name":"Norwegian Nynorsk","nativeName":"Norsk nynorsk"}],"translations":{"de":"Bouvetinsel","es":"Isla Bouvet","fr":"Île Bouvet","ja":"????","it":"Isola Bouvet","br":"Ilha Bouvet","pt":"Ilha Bouvet","nl":"Bouveteiland","hr":"Otok Bouvet","fa":"????? ????"},"flag":"https://restcountries.eu/data/bvt.svg","regionalBlocs":[],"cioc":""},{"name":"Brazil","topLevelDomain":[".br"],"alpha2Code":"BR","alpha3Code":"BRA","callingCodes":["55"],"capital":"Brasília","altSpellings":["BR","Brasil","Federative Republic of Brazil","República Federativa do Brasil"],"region":"Americas","subregion":"South America","population":206135893,"latlng":[-10.0,-55.0],"demonym":"Brazilian","area":8515767.0,"gini":54.7,"timezones":["UTC-05:00","UTC-04:00","UTC-03:00","UTC-02:00"],"borders":["ARG","BOL","COL","GUF","GUY","PRY","PER","SUR","URY","VEN"],"nativeName":"Brasil","numericCode":"076","currencies":[{"code":"BRL","name":"Brazilian real","symbol":"R$"}],"languages":[{"iso639_1":"pt","iso639_2":"por","name":"Portuguese","nativeName":"Português"}],"translations":{"de":"Brasilien","es":"Brasil","fr":"Brésil","ja":"????","it":"Brasile","br":"Brasil","pt":"Brasil","nl":"Brazilië","hr":"Brazil","fa":"?????"},"flag":"https://restcountries.eu/data/bra.svg","regionalBlocs":[{"acronym":"USAN","name":"Union of South American Nations","otherAcronyms":["UNASUR","UNASUL","UZAN"],"otherNames":["Unión de Naciones Suramericanas","União de Nações Sul-Americanas","Unie van Zuid-Amerikaanse Naties","South American Union"]}],"cioc":"BRA"},{"name":"British Indian Ocean Territory","topLevelDomain":[".io"],"alpha2Code":"IO","alpha3Code":"IOT","callingCodes":["246"],"capital":"Diego Garcia","altSpellings":["IO"],"region":"Africa","subregion":"Eastern Africa","population":3000,"latlng":[-6.0,71.5],"demonym":"Indian","area":60.0,"gini":null,"timezones":["UTC+06:00"],"borders":[],"nativeName":"British Indian Ocean Territory","numericCode":"086","currencies":[{"code":"USD","name":"United States dollar","symbol":"$"}],"languages":[{"iso639_1":"en","iso639_2":"eng","name":"English","nativeName":"English"}],"translations":{"de":"Britisches Territorium im Indischen Ozean","es":"Territorio Británico del Océano Índico","fr":"Territoire britannique de l'océan Indien","ja":"???????????","it":"Territorio britannico dell'oceano indiano","br":"Território Britânico do Oceano íÍdico","pt":"Território Britânico do Oceano Índico","nl":"Britse Gebieden in de Indische Oceaan","hr":"Britanski Indijskooceanski teritorij","fa":"????? ???????? ?? ??????? ???"},"flag":"https://restcountries.eu/data/iot.svg","regionalBlocs":[{"acronym":"AU","name":"African Union","otherAcronyms":[],"otherNames":["??????? ????????","Union africaine","União Africana","Unión Africana","Umoja wa Afrika"]}],"cioc":""},{"name":"United States Minor Outlying Islands","topLevelDomain":[".us"],"alpha2Code":"UM","alpha3Code":"UMI","callingCodes":[""],"capital":"","altSpellings":["UM"],"region":"Americas","subregion":"Northern America","population":300,"latlng":[],"demonym":"American","area":null,"gini":null,"timezones":["UTC-11:00","UTC-10:00","UTC+12:00"],"borders":[],"nativeName":"United States Minor Outlying Islands","numericCode":"581","currencies":[{"code":"USD","name":"United States Dollar","symbol":"$"}],"languages":[{"iso639_1":"en","iso639_2":"eng","name":"English","nativeName":"English"}],"translations":{"de":"Kleinere Inselbesitzungen der Vereinigten Staaten","es":"Islas Ultramarinas Menores de Estados Unidos","fr":"Îles mineures éloignées des États-Unis","ja":"????????","it":"Isole minori esterne degli Stati Uniti d'America","br":"Ilhas Menores Distantes dos Estados Unidos","pt":"Ilhas Menores Distantes dos Estados Unidos","nl":"Kleine afgelegen eilanden van de Verenigde Staten","hr":"Mali udaljeni otoci SAD-a","fa":"????? ???? ???????? ?????? ????? ??????"},"flag":"https://restcountries.eu/data/umi.svg","regionalBlocs":[],"cioc":""},{"name":"Virgin Islands (British)","topLevelDomain":[".vg"],"alpha2Code":"VG","alpha3Code":"VGB","callingCodes":["1284"],"capital":"Road Town","altSpellings":["VG"],"region":"Americas","subregion":"Caribbean","population":28514,"latlng":[18.431383,-64.62305],"demonym":"Virgin Islander","area":151.0,"gini":null,"timezones":["UTC-04:00"],"borders":[],"nativeName":"British Virgin Islands","numericCode":"092","currencies":[{"code":null,"name":"[D]","symbol":"$"},{"code":"USD","name":"United States dollar","symbol":"$"}],"languages":[{"iso639_1":"en","iso639_2":"eng","name":"English","nativeName":"English"}],"translations":{"de":"Britische Jungferninseln","es":"Islas Vírgenes del Reino Unido","fr":"Îles Vierges britanniques","ja":"????????????","it":"Isole Vergini Britanniche","br":"Ilhas Virgens Britânicas","pt":"Ilhas Virgens Britânicas","nl":"Britse Maagdeneilanden","hr":"Britanski Djevi?anski Otoci","fa":"????? ?????? ????????"},"flag":"https://restcountries.eu/data/vgb.svg","regionalBlocs":[],"cioc":"IVB"},{"name":"Virgin Islands (U.S.)","topLevelDomain":[".vi"],"alpha2Code":"VI","alpha3Code":"VIR","callingCodes":["1 340"],"capital":"Charlotte Amalie","altSpellings":["VI","USVI","American Virgin Islands","U.S. Virgin Islands"],"region":"Americas","subregion":"Caribbean","population":114743,"latlng":[18.34,-64.93],"demonym":"Virgin Islander","area":346.36,"gini":null,"timezones":["UTC-04:00"],"borders":[],"nativeName":"Virgin Islands of the United States","numericCode":"850","currencies":[{"code":"USD","name":"United States dollar","symbol":"$"}],"languages":[{"iso639_1":"en","iso639_2":"eng","name":"English","nativeName":"English"}],"translations":{"de":"Amerikanische Jungferninseln","es":"Islas Vírgenes de los Estados Unidos","fr":"Îles Vierges des États-Unis","ja":"????????????","it":"Isole Vergini americane","br":"Ilhas Virgens Americanas","pt":"Ilhas Virgens Americanas","nl":"Verenigde Staten Maagdeneilanden","hr":null,"fa":"????? ?????? ??????"},"flag":"https://restcountries.eu/data/vir.svg","regionalBlocs":[],"cioc":"ISV"},{"name":"Brunei Darussalam","topLevelDomain":[".bn"],"alpha2Code":"BN","alpha3Code":"BRN","callingCodes":["673"],"capital":"Bandar Seri Begawan","altSpellings":["BN","Nation of Brunei"," the Abode of Peace"],"region":"Asia","subregion":"South-Eastern Asia","population":411900,"latlng":[4.5,114.66666666],"demonym":"Bruneian","area":5765.0,"gini":null,"timezones":["UTC+08:00"],"borders":["MYS"],"nativeName":"Negara Brunei Darussalam","numericCode":"096","currencies":[{"code":"BND","name":"Brunei dollar","symbol":"$"},{"code":"SGD","name":"Singapore dollar","symbol":"$"}],"languages":[{"iso639_1":"ms","iso639_2":"msa","name":"Malay","nativeName":"bahasa Melayu"}],"translations":{"de":"Brunei","es":"Brunei","fr":"Brunei","ja":"???????????","it":"Brunei","br":"Brunei","pt":"Brunei","nl":"Brunei","hr":"Brunej","fa":"??????"},"flag":"https://restcountries.eu/data/brn.svg","regionalBlocs":[{"acronym":"ASEAN","name":"Association of Southeast Asian Nations","otherAcronyms":[],"otherNames":[]}],"cioc":"BRU"},{"name":"Bulgaria","topLevelDomain":[".bg"],"alpha2Code":"BG","alpha3Code":"BGR","callingCodes":["359"],"capital":"Sofia","altSpellings":["BG","Republic of Bulgaria","????????? ????????"],"region":"Europe","subregion":"Eastern Europe","population":7153784,"latlng":[43.0,25.0],"demonym":"Bulgarian","area":110879.0,"gini":28.2,"timezones":["UTC+02:00"],"borders":["GRC","MKD","ROU","SRB","TUR"],"nativeName":"????????","numericCode":"100","currencies":[{"code":"BGN","name":"Bulgarian lev","symbol":"??"}],"languages":[{"iso639_1":"bg","iso639_2":"bul","name":"Bulgarian","nativeName":"????????? ????"}],"translations":{"de":"Bulgarien","es":"Bulgaria","fr":"Bulgarie","ja":"?????","it":"Bulgaria","br":"Bulgária","pt":"Bulgária","nl":"Bulgarije","hr":"Bugarska","fa":"?????????"},"flag":"https://restcountries.eu/data/bgr.svg","regionalBlocs":[{"acronym":"EU","name":"European Union","otherAcronyms":[],"otherNames":[]}],"cioc":"BUL"},{"name":"Burkina Faso","topLevelDomain":[".bf"],"alpha2Code":"BF","alpha3Code":"BFA","callingCodes":["226"],"capital":"Ouagadougou","altSpellings":["BF"],"region":"Africa","subregion":"Western Africa","population":19034397,"latlng":[13.0,-2.0],"demonym":"Burkinabe","area":272967.0,"gini":39.8,"timezones":["UTC"],"borders":["BEN","CIV","GHA","MLI","NER","TGO"],"nativeName":"Burkina Faso","numericCode":"854","currencies":[{"code":"XOF","name":"West African CFA franc","symbol":"Fr"}],"languages":[{"iso639_1":"fr","iso639_2":"fra","name":"French","nativeName":"français"},{"iso639_1":"ff","iso639_2":"ful","name":"Fula","nativeName":"Fulfulde"}],"translations":{"de":"Burkina Faso","es":"Burkina Faso","fr":"Burkina Faso","ja":"???????","it":"Burkina Faso","br":"Burkina Faso","pt":"Burquina Faso","nl":"Burkina Faso","hr":"Burkina Faso","fa":"???????????"},"flag":"https://restcountries.eu/data/bfa.svg","regionalBlocs":[{"acronym":"AU","name":"African Union","otherAcronyms":[],"otherNames":["??????? ????????","Union africaine","União Africana","Unión Africana","Umoja wa Afrika"]}],"cioc":"BUR"},{"name":"Burundi","topLevelDomain":[".bi"],"alpha2Code":"BI","alpha3Code":"BDI","callingCodes":["257"],"capital":"Bujumbura","altSpellings":["BI","Republic of Burundi","Republika y'Uburundi","République du Burundi"],"region":"Africa","subregion":"Eastern Africa","population":10114505,"latlng":[-3.5,30.0],"demonym":"Burundian","area":27834.0,"gini":33.3,"timezones":["UTC+02:00"],"borders":["COD","RWA","TZA"],"nativeName":"Burundi","numericCode":"108","currencies":[{"code":"BIF","name":"Burundian franc","symbol":"Fr"}],"languages":[{"iso639_1":"fr","iso639_2":"fra","name":"French","nativeName":"français"},{"iso639_1":"rn","iso639_2":"run","name":"Kirundi","nativeName":"Ikirundi"}],"translations":{"de":"Burundi","es":"Burundi","fr":"Burundi","ja":"????","it":"Burundi","br":"Burundi","pt":"Burúndi","nl":"Burundi","hr":"Burundi","fa":"???????"},"flag":"https://restcountries.eu/data/bdi.svg","regionalBlocs":[{"acronym":"AU","name":"African Union","otherAcronyms":[],"otherNames":["??????? ????????","Union africaine","União Africana","Unión Africana","Umoja wa Afrika"]}],"cioc":"BDI"},{"name":"Cambodia","topLevelDomain":[".kh"],"alpha2Code":"KH","alpha3Code":"KHM","callingCodes":["855"],"capital":"Phnom Penh","altSpellings":["KH","Kingdom of Cambodia"],"region":"Asia","subregion":"South-Eastern Asia","population":15626444,"latlng":[13.0,105.0],"demonym":"Cambodian","area":181035.0,"gini":37.9,"timezones":["UTC+07:00"],"borders":["LAO","THA","VNM"],"nativeName":"Kâmp?chéa","numericCode":"116","currencies":[{"code":"KHR","name":"Cambodian riel","symbol":"?"},{"code":"USD","name":"United States dollar","symbol":"$"}],"languages":[{"iso639_1":"km","iso639_2":"khm","name":"Khmer","nativeName":"?????"}],"translations":{"de":"Kambodscha","es":"Camboya","fr":"Cambodge","ja":"?????","it":"Cambogia","br":"Camboja","pt":"Camboja","nl":"Cambodja","hr":"Kambodža","fa":"??????"},"flag":"https://restcountries.eu/data/khm.svg","regionalBlocs":[{"acronym":"ASEAN","name":"Association of Southeast Asian Nations","otherAcronyms":[],"otherNames":[]}],"cioc":"CAM"},{"name":"Cameroon","topLevelDomain":[".cm"],"alpha2Code":"CM","alpha3Code":"CMR","callingCodes":["237"],"capital":"Yaoundé","altSpellings":["CM","Republic of Cameroon","République du Cameroun"],"region":"Africa","subregion":"Middle Africa","population":22709892,"latlng":[6.0,12.0],"demonym":"Cameroonian","area":475442.0,"gini":38.9,"timezones":["UTC+01:00"],"borders":["CAF","TCD","COG","GNQ","GAB","NGA"],"nativeName":"Cameroon","numericCode":"120","currencies":[{"code":"XAF","name":"Central African CFA franc","symbol":"Fr"}],"languages":[{"iso639_1":"en","iso639_2":"eng","name":"English","nativeName":"English"},{"iso639_1":"fr","iso639_2":"fra","name":"French","nativeName":"français"}],"translations":{"de":"Kamerun","es":"Camerún","fr":"Cameroun","ja":"?????","it":"Camerun","br":"Camarões","pt":"Camarões","nl":"Kameroen","hr":"Kamerun","fa":"??????"},"flag":"https://restcountries.eu/data/cmr.svg","regionalBlocs":[{"acronym":"AU","name":"African Union","otherAcronyms":[],"otherNames":["??????? ????????","Union africaine","União Africana","Unión Africana","Umoja wa Afrika"]}],"cioc":"CMR"},{"name":"Canada","topLevelDomain":[".ca"],"alpha2Code":"CA","alpha3Code":"CAN","callingCodes":["1"],"capital":"Ottawa","altSpellings":["CA"],"region":"Americas","subregion":"Northern America","population":36155487,"latlng":[60.0,-95.0],"demonym":"Canadian","area":9984670.0,"gini":32.6,"timezones":["UTC-08:00","UTC-07:00","UTC-06:00","UTC-05:00","UTC-04:00","UTC-03:30"],"borders":["USA"],"nativeName":"Canada","numericCode":"124","currencies":[{"code":"CAD","name":"Canadian dollar","symbol":"$"}],"languages":[{"iso639_1":"en","iso639_2":"eng","name":"English","nativeName":"English"},{"iso639_1":"fr","iso639_2":"fra","name":"French","nativeName":"français"}],"translations":{"de":"Kanada","es":"Canadá","fr":"Canada","ja":"???","it":"Canada","br":"Canadá","pt":"Canadá","nl":"Canada","hr":"Kanada","fa":"??????"},"flag":"https://restcountries.eu/data/can.svg","regionalBlocs":[{"acronym":"NAFTA","name":"North American Free Trade Agreement","otherAcronyms":[],"otherNames":["Tratado de Libre Comercio de América del Norte","Accord de Libre-échange Nord-Américain"]}],"cioc":"CAN"},{"name":"Cabo Verde","topLevelDomain":[".cv"],"alpha2Code":"CV","alpha3Code":"CPV","callingCodes":["238"],"capital":"Praia","altSpellings":["CV","Republic of Cabo Verde","República de Cabo Verde"],"region":"Africa","subregion":"Western Africa","population":531239,"latlng":[16.0,-24.0],"demonym":"Cape Verdian","area":4033.0,"gini":50.5,"timezones":["UTC-01:00"],"borders":[],"nativeName":"Cabo Verde","numericCode":"132","currencies":[{"code":"CVE","name":"Cape Verdean escudo","symbol":"Esc"}],"languages":[{"iso639_1":"pt","iso639_2":"por","name":"Portuguese","nativeName":"Português"}],"translations":{"de":"Kap Verde","es":"Cabo Verde","fr":"Cap Vert","ja":"??????","it":"Capo Verde","br":"Cabo Verde","pt":"Cabo Verde","nl":"Kaapverdië","hr":"Zelenortska Republika","fa":"??? ???"},"flag":"https://restcountries.eu/data/cpv.svg","regionalBlocs":[{"acronym":"AU","name":"African Union","otherAcronyms":[],"otherNames":["??????? ????????","Union africaine","União Africana","Unión Africana","Umoja wa Afrika"]}],"cioc":"CPV"},{"name":"Cayman Islands","topLevelDomain":[".ky"],"alpha2Code":"KY","alpha3Code":"CYM","callingCodes":["1345"],"capital":"George Town","altSpellings":["KY"],"region":"Americas","subregion":"Caribbean","population":58238,"latlng":[19.5,-80.5],"demonym":"Caymanian","area":264.0,"gini":null,"timezones":["UTC-05:00"],"borders":[],"nativeName":"Cayman Islands","numericCode":"136","currencies":[{"code":"KYD","name":"Cayman Islands dollar","symbol":"$"}],"languages":[{"iso639_1":"en","iso639_2":"eng","name":"English","nativeName":"English"}],"translations":{"de":"Kaimaninseln","es":"Islas Caimán","fr":"Îles Caïmans","ja":"??????","it":"Isole Cayman","br":"Ilhas Cayman","pt":"Ilhas Caimão","nl":"Caymaneilanden","hr":"Kajmanski otoci","fa":"????? ????"},"flag":"https://restcountries.eu/data/cym.svg","regionalBlocs":[],"cioc":"CAY"},{"name":"Central African Republic","topLevelDomain":[".cf"],"alpha2Code":"CF","alpha3Code":"CAF","callingCodes":["236"],"capital":"Bangui","altSpellings":["CF","Central African Republic","République centrafricaine"],"region":"Africa","subregion":"Middle Africa","population":4998000,"latlng":[7.0,21.0],"demonym":"Central African","area":622984.0,"gini":56.3,"timezones":["UTC+01:00"],"borders":["CMR","TCD","COD","COG","SSD","SDN"],"nativeName":"Ködörösêse tî Bêafrîka","numericCode":"140","currencies":[{"code":"XAF","name":"Central African CFA franc","symbol":"Fr"}],"languages":[{"iso639_1":"fr","iso639_2":"fra","name":"French","nativeName":"français"},{"iso639_1":"sg","iso639_2":"sag","name":"Sango","nativeName":"yângâ tî sängö"}],"translations":{"de":"Zentralafrikanische Republik","es":"República Centroafricana","fr":"République centrafricaine","ja":"?????????","it":"Repubblica Centrafricana","br":"República Centro-Africana","pt":"República Centro-Africana","nl":"Centraal-Afrikaanse Republiek","hr":"Srednjoafri?ka Republika","fa":"?????? ??????? ?????"},"flag":"https://restcountries.eu/data/caf.svg","regionalBlocs":[{"acronym":"AU","name":"African Union","otherAcronyms":[],"otherNames":["??????? ????????","Union africaine","União Africana","Unión Africana","Umoja wa Afrika"]}],"cioc":"CAF"},{"name":"Chad","topLevelDomain":[".td"],"alpha2Code":"TD","alpha3Code":"TCD","callingCodes":["235"],"capital":"N'Djamena","altSpellings":["TD","Tchad","Republic of Chad","République du Tchad"],"region":"Africa","subregion":"Middle Africa","population":14497000,"latlng":[15.0,19.0],"demonym":"Chadian","area":1284000.0,"gini":39.8,"timezones":["UTC+01:00"],"borders":["CMR","CAF","LBY","NER","NGA","SSD"],"nativeName":"Tchad","numericCode":"148","currencies":[{"code":"XAF","name":"Central African CFA franc","symbol":"Fr"}],"languages":[{"iso639_1":"fr","iso639_2":"fra","name":"French","nativeName":"français"},{"iso639_1":"ar","iso639_2":"ara","name":"Arabic","nativeName":"???????"}],"translations":{"de":"Tschad","es":"Chad","fr":"Tchad","ja":"???","it":"Ciad","br":"Chade","pt":"Chade","nl":"Tsjaad","hr":"?ad","fa":"???"},"flag":"https://restcountries.eu/data/tcd.svg","regionalBlocs":[{"acronym":"AU","name":"African Union","otherAcronyms":[],"otherNames":["??????? ????????","Union africaine","União Africana","Unión Africana","Umoja wa Afrika"]}],"cioc":"CHA"},{"name":"Chile","topLevelDomain":[".cl"],"alpha2Code":"CL","alpha3Code":"CHL","callingCodes":["56"],"capital":"Santiago","altSpellings":["CL","Republic of Chile","República de Chile"],"region":"Americas","subregion":"South America","population":18191900,"latlng":[-30.0,-71.0],"demonym":"Chilean","area":756102.0,"gini":52.1,"timezones":["UTC-06:00","UTC-04:00"],"borders":["ARG","BOL","PER"],"nativeName":"Chile","numericCode":"152","currencies":[{"code":"CLP","name":"Chilean peso","symbol":"$"}],"languages":[{"iso639_1":"es","iso639_2":"spa","name":"Spanish","nativeName":"Español"}],"translations":{"de":"Chile","es":"Chile","fr":"Chili","ja":"??","it":"Cile","br":"Chile","pt":"Chile","nl":"Chili","hr":"?ile","fa":"????"},"flag":"https://restcountries.eu/data/chl.svg","regionalBlocs":[{"acronym":"PA","name":"Pacific Alliance","otherAcronyms":[],"otherNames":["Alianza del Pacífico"]},{"acronym":"USAN","name":"Union of South American Nations","otherAcronyms":["UNASUR","UNASUL","UZAN"],"otherNames":["Unión de Naciones Suramericanas","União de Nações Sul-Americanas","Unie van Zuid-Amerikaanse Naties","South American Union"]}],"cioc":"CHI"},{"name":"China","topLevelDomain":[".cn"],"alpha2Code":"CN","alpha3Code":"CHN","callingCodes":["86"],"capital":"Beijing","altSpellings":["CN","Zh?ngguó","Zhongguo","Zhonghua","People's Republic of China","???????","Zh?nghuá Rénmín Gònghéguó"],"region":"Asia","subregion":"Eastern Asia","population":1377422166,"latlng":[35.0,105.0],"demonym":"Chinese","area":9640011.0,"gini":47.0,"timezones":["UTC+08:00"],"borders":["AFG","BTN","MMR","HKG","IND","KAZ","PRK","KGZ","LAO","MAC","MNG","PAK","RUS","TJK","VNM"],"nativeName":"??","numericCode":"156","currencies":[{"code":"CNY","name":"Chinese yuan","symbol":"¥"}],"languages":[{"iso639_1":"zh","iso639_2":"zho","name":"Chinese","nativeName":"?? (Zh?ngwén)"}],"translations":{"de":"China","es":"China","fr":"Chine","ja":"??","it":"Cina","br":"China","pt":"China","nl":"China","hr":"Kina","fa":"???"},"flag":"https://restcountries.eu/data/chn.svg","regionalBlocs":[],"cioc":"CHN"},{"name":"Christmas Island","topLevelDomain":[".cx"],"alpha2Code":"CX","alpha3Code":"CXR","callingCodes":["61"],"capital":"Flying Fish Cove","altSpellings":["CX","Territory of Christmas Island"],"region":"Oceania","subregion":"Australia and New Zealand","population":2072,"latlng":[-10.5,105.66666666],"demonym":"Christmas Island","area":135.0,"gini":null,"timezones":["UTC+07:00"],"borders":[],"nativeName":"Christmas Island","numericCode":"162","currencies":[{"code":"AUD","name":"Australian dollar","symbol":"$"}],"languages":[{"iso639_1":"en","iso639_2":"eng","name":"English","nativeName":"English"}],"translations":{"de":"Weihnachtsinsel","es":"Isla de Navidad","fr":"Île Christmas","ja":"??????","it":"Isola di Natale","br":"Ilha Christmas","pt":"Ilha do Natal","nl":"Christmaseiland","hr":"Boži?ni otok","fa":"????? ??????"},"flag":"https://restcountries.eu/data/cxr.svg","regionalBlocs":[],"cioc":""},{"name":"Cocos (Keeling) Islands","topLevelDomain":[".cc"],"alpha2Code":"CC","alpha3Code":"CCK","callingCodes":["61"],"capital":"West Island","altSpellings":["CC","Territory of the Cocos (Keeling) Islands","Keeling Islands"],"region":"Oceania","subregion":"Australia and New Zealand","population":550,"latlng":[-12.5,96.83333333],"demonym":"Cocos Islander","area":14.0,"gini":null,"timezones":["UTC+06:30"],"borders":[],"nativeName":"Cocos (Keeling) Islands","numericCode":"166","currencies":[{"code":"AUD","name":"Australian dollar","symbol":"$"}],"languages":[{"iso639_1":"en","iso639_2":"eng","name":"English","nativeName":"English"}],"translations":{"de":"Kokosinseln","es":"Islas Cocos o Islas Keeling","fr":"Îles Cocos","ja":"????????????","it":"Isole Cocos e Keeling","br":"Ilhas Cocos","pt":"Ilhas dos Cocos","nl":"Cocoseilanden","hr":"Kokosovi Otoci","fa":"????? ?????"},"flag":"https://restcountries.eu/data/cck.svg","regionalBlocs":[],"cioc":""},{"name":"Colombia","topLevelDomain":[".co"],"alpha2Code":"CO","alpha3Code":"COL","callingCodes":["57"],"capital":"Bogotá","altSpellings":["CO","Republic of Colombia","República de Colombia"],"region":"Americas","subregion":"South America","population":48759958,"latlng":[4.0,-72.0],"demonym":"Colombian","area":1141748.0,"gini":55.9,"timezones":["UTC-05:00"],"borders":["BRA","ECU","PAN","PER","VEN"],"nativeName":"Colombia","numericCode":"170","currencies":[{"code":"COP","name":"Colombian peso","symbol":"$"}],"languages":[{"iso639_1":"es","iso639_2":"spa","name":"Spanish","nativeName":"Español"}],"translations":{"de":"Kolumbien","es":"Colombia","fr":"Colombie","ja":"?????","it":"Colombia","br":"Colômbia","pt":"Colômbia","nl":"Colombia","hr":"Kolumbija","fa":"??????"},"flag":"https://restcountries.eu/data/col.svg","regionalBlocs":[{"acronym":"PA","name":"Pacific Alliance","otherAcronyms":[],"otherNames":["Alianza del Pacífico"]},{"acronym":"USAN","name":"Union of South American Nations","otherAcronyms":["UNASUR","UNASUL","UZAN"],"otherNames":["Unión de Naciones Suramericanas","União de Nações Sul-Americanas","Unie van Zuid-Amerikaanse Naties","South American Union"]}],"cioc":"COL"},{"name":"Comoros","topLevelDomain":[".km"],"alpha2Code":"KM","alpha3Code":"COM","callingCodes":["269"],"capital":"Moroni","altSpellings":["KM","Union of the Comoros","Union des Comores","Udzima wa Komori","al-Itti??d al-Qumur?"],"region":"Africa","subregion":"Eastern Africa","population":806153,"latlng":[-12.16666666,44.25],"demonym":"Comoran","area":1862.0,"gini":64.3,"timezones":["UTC+03:00"],"borders":[],"nativeName":"Komori","numericCode":"174","currencies":[{"code":"KMF","name":"Comorian franc","symbol":"Fr"}],"languages":[{"iso639_1":"ar","iso639_2":"ara","name":"Arabic","nativeName":"???????"},{"iso639_1":"fr","iso639_2":"fra","name":"French","nativeName":"français"}],"translations":{"de":"Union der Komoren","es":"Comoras","fr":"Comores","ja":"???","it":"Comore","br":"Comores","pt":"Comores","nl":"Comoren","hr":"Komori","fa":"?????"},"flag":"https://restcountries.eu/data/com.svg","regionalBlocs":[{"acronym":"AU","name":"African Union","otherAcronyms":[],"otherNames":["??????? ????????","Union africaine","União Africana","Unión Africana","Umoja wa Afrika"]},{"acronym":"AL","name":"Arab League","otherAcronyms":[],"otherNames":["????? ????? ???????","J?mi?at ad-Duwal al-?Arab?yah","League of Arab States"]}],"cioc":"COM"},{"name":"Congo","topLevelDomain":[".cg"],"alpha2Code":"CG","alpha3Code":"COG","callingCodes":["242"],"capital":"Brazzaville","altSpellings":["CG","Congo-Brazzaville"],"region":"Africa","subregion":"Middle Africa","population":4741000,"latlng":[-1.0,15.0],"demonym":"Congolese","area":342000.0,"gini":47.3,"timezones":["UTC+01:00"],"borders":["AGO","CMR","CAF","COD","GAB"],"nativeName":"République du Congo","numericCode":"178","currencies":[{"code":"XAF","name":"Central African CFA franc","symbol":"Fr"}],"languages":[{"iso639_1":"fr","iso639_2":"fra","name":"French","nativeName":"français"},{"iso639_1":"ln","iso639_2":"lin","name":"Lingala","nativeName":"Lingála"}],"translations":{"de":"Kongo","es":"Congo","fr":"Congo","ja":"??????","it":"Congo","br":"Congo","pt":"Congo","nl":"Congo [Republiek]","hr":"Kongo","fa":"????"},"flag":"https://restcountries.eu/data/cog.svg","regionalBlocs":[{"acronym":"AU","name":"African Union","otherAcronyms":[],"otherNames":["??????? ????????","Union africaine","União Africana","Unión Africana","Umoja wa Afrika"]}],"cioc":"CGO"},{"name":"Congo (Democratic Republic of the)","topLevelDomain":[".cd"],"alpha2Code":"CD","alpha3Code":"COD","callingCodes":["243"],"capital":"Kinshasa","altSpellings":["CD","DR Congo","Congo-Kinshasa","DRC"],"region":"Africa","subregion":"Middle Africa","population":85026000,"latlng":[0.0,25.0],"demonym":"Congolese","area":2344858.0,"gini":null,"timezones":["UTC+01:00","UTC+02:00"],"borders":["AGO","BDI","CAF","COG","RWA","SSD","TZA","UGA","ZMB"],"nativeName":"République démocratique du Congo","numericCode":"180","currencies":[{"code":"CDF","name":"Congolese franc","symbol":"Fr"}],"languages":[{"iso639_1":"fr","iso639_2":"fra","name":"French","nativeName":"français"},{"iso639_1":"ln","iso639_2":"lin","name":"Lingala","nativeName":"Lingála"},{"iso639_1":"kg","iso639_2":"kon","name":"Kongo","nativeName":"Kikongo"},{"iso639_1":"sw","iso639_2":"swa","name":"Swahili","nativeName":"Kiswahili"},{"iso639_1":"lu","iso639_2":"lub","name":"Luba-Katanga","nativeName":"Tshiluba"}],"translations":{"de":"Kongo (Dem. Rep.)","es":"Congo (Rep. Dem.)","fr":"Congo (Rép. dém.)","ja":"????????","it":"Congo (Rep. Dem.)","br":"RD Congo","pt":"RD Congo","nl":"Congo [DRC]","hr":"Kongo, Demokratska Republika","fa":"?????? ????"},"flag":"https://restcountries.eu/data/cod.svg","regionalBlocs":[{"acronym":"AU","name":"African Union","otherAcronyms":[],"otherNames":["??????? ????????","Union africaine","União Africana","Unión Africana","Umoja wa Afrika"]}],"cioc":"COD"},{"name":"Cook Islands","topLevelDomain":[".ck"],"alpha2Code":"CK","alpha3Code":"COK","callingCodes":["682"],"capital":"Avarua","altSpellings":["CK","K?ki '?irani"],"region":"Oceania","subregion":"Polynesia","population":18100,"latlng":[-21.23333333,-159.76666666],"demonym":"Cook Islander","area":236.0,"gini":null,"timezones":["UTC-10:00"],"borders":[],"nativeName":"Cook Islands","numericCode":"184","currencies":[{"code":"NZD","name":"New Zealand dollar","symbol":"$"},{"code":"CKD","name":"Cook Islands dollar","symbol":"$"}],"languages":[{"iso639_1":"en","iso639_2":"eng","name":"English","nativeName":"English"}],"translations":{"de":"Cookinseln","es":"Islas Cook","fr":"Îles Cook","ja":"?????","it":"Isole Cook","br":"Ilhas Cook","pt":"Ilhas Cook","nl":"Cookeilanden","hr":"Cookovo Oto?je","fa":"????? ???"},"flag":"https://restcountries.eu/data/cok.svg","regionalBlocs":[],"cioc":"COK"},{"name":"Costa Rica","topLevelDomain":[".cr"],"alpha2Code":"CR","alpha3Code":"CRI","callingCodes":["506"],"capital":"San José","altSpellings":["CR","Republic of Costa Rica","República de Costa Rica"],"region":"Americas","subregion":"Central America","population":4890379,"latlng":[10.0,-84.0],"demonym":"Costa Rican","area":51100.0,"gini":50.7,"timezones":["UTC-06:00"],"borders":["NIC","PAN"],"nativeName":"Costa Rica","numericCode":"188","currencies":[{"code":"CRC","name":"Costa Rican colón","symbol":"?"}],"languages":[{"iso639_1":"es","iso639_2":"spa","name":"Spanish","nativeName":"Español"}],"translations":{"de":"Costa Rica","es":"Costa Rica","fr":"Costa Rica","ja":"?????","it":"Costa Rica","br":"Costa Rica","pt":"Costa Rica","nl":"Costa Rica","hr":"Kostarika","fa":"?????????"},"flag":"https://restcountries.eu/data/cri.svg","regionalBlocs":[{"acronym":"CAIS","name":"Central American Integration System","otherAcronyms":["SICA"],"otherNames":["Sistema de la Integración Centroamericana,"]}],"cioc":"CRC"},{"name":"Croatia","topLevelDomain":[".hr"],"alpha2Code":"HR","alpha3Code":"HRV","callingCodes":["385"],"capital":"Zagreb","altSpellings":["HR","Hrvatska","Republic of Croatia","Republika Hrvatska"],"region":"Europe","subregion":"Southern Europe","population":4190669,"latlng":[45.16666666,15.5],"demonym":"Croatian","area":56594.0,"gini":33.7,"timezones":["UTC+01:00"],"borders":["BIH","HUN","MNE","SRB","SVN"],"nativeName":"Hrvatska","numericCode":"191","currencies":[{"code":"HRK","name":"Croatian kuna","symbol":"kn"}],"languages":[{"iso639_1":"hr","iso639_2":"hrv","name":"Croatian","nativeName":"hrvatski jezik"}],"translations":{"de":"Kroatien","es":"Croacia","fr":"Croatie","ja":"?????","it":"Croazia","br":"Croácia","pt":"Croácia","nl":"Kroatië","hr":"Hrvatska","fa":"??????"},"flag":"https://restcountries.eu/data/hrv.svg","regionalBlocs":[{"acronym":"EU","name":"European Union","otherAcronyms":[],"otherNames":[]}],"cioc":"CRO"},{"name":"Cuba","topLevelDomain":[".cu"],"alpha2Code":"CU","alpha3Code":"CUB","callingCodes":["53"],"capital":"Havana","altSpellings":["CU","Republic of Cuba","República de Cuba"],"region":"Americas","subregion":"Caribbean","population":11239004,"latlng":[21.5,-80.0],"demonym":"Cuban","area":109884.0,"gini":null,"timezones":["UTC-05:00"],"borders":[],"nativeName":"Cuba","numericCode":"192","currencies":[{"code":"CUC","name":"Cuban convertible peso","symbol":"$"},{"code":"CUP","name":"Cuban peso","symbol":"$"}],"languages":[{"iso639_1":"es","iso639_2":"spa","name":"Spanish","nativeName":"Español"}],"translations":{"de":"Kuba","es":"Cuba","fr":"Cuba","ja":"????","it":"Cuba","br":"Cuba","pt":"Cuba","nl":"Cuba","hr":"Kuba","fa":"????"},"flag":"https://restcountries.eu/data/cub.svg","regionalBlocs":[],"cioc":"CUB"},{"name":"Curaçao","topLevelDomain":[".cw"],"alpha2Code":"CW","alpha3Code":"CUW","callingCodes":["599"],"capital":"Willemstad","altSpellings":["CW","Curacao","Kòrsou","Country of Curaçao","Land Curaçao","Pais Kòrsou"],"region":"Americas","subregion":"Caribbean","population":154843,"latlng":[12.116667,-68.933333],"demonym":"Dutch","area":444.0,"gini":null,"timezones":["UTC-04:00"],"borders":[],"nativeName":"Curaçao","numericCode":"531","currencies":[{"code":"ANG","name":"Netherlands Antillean guilder","symbol":"ƒ"}],"languages":[{"iso639_1":"nl","iso639_2":"nld","name":"Dutch","nativeName":"Nederlands"},{"iso639_1":"pa","iso639_2":"pan","name":"(Eastern) Punjabi","nativeName":"??????"},{"iso639_1":"en","iso639_2":"eng","name":"English","nativeName":"English"}],"translations":{"de":"Curaçao","es":null,"fr":"Curaçao","ja":null,"it":"Curaçao","br":"Curaçao","pt":"Curaçao","nl":"Curaçao","hr":null,"fa":"????????"},"flag":"https://restcountries.eu/data/cuw.svg","regionalBlocs":[],"cioc":""},{"name":"Cyprus","topLevelDomain":[".cy"],"alpha2Code":"CY","alpha3Code":"CYP","callingCodes":["357"],"capital":"Nicosia","altSpellings":["CY","Kýpros","K?br?s","Republic of Cyprus","???????? ??????????","K?br?s Cumhuriyeti"],"region":"Europe","subregion":"Southern Europe","population":847000,"latlng":[35.0,33.0],"demonym":"Cypriot","area":9251.0,"gini":null,"timezones":["UTC+02:00"],"borders":["GBR"],"nativeName":"??????","numericCode":"196","currencies":[{"code":"EUR","name":"Euro","symbol":"€"}],"languages":[{"iso639_1":"el","iso639_2":"ell","name":"Greek (modern)","nativeName":"????????"},{"iso639_1":"tr","iso639_2":"tur","name":"Turkish","nativeName":"Türkçe"},{"iso639_1":"hy","iso639_2":"hye","name":"Armenian","nativeName":"???????"}],"translations":{"de":"Zypern","es":"Chipre","fr":"Chypre","ja":"????","it":"Cipro","br":"Chipre","pt":"Chipre","nl":"Cyprus","hr":"Cipar","fa":"????"},"flag":"https://restcountries.eu/data/cyp.svg","regionalBlocs":[{"acronym":"EU","name":"European Union","otherAcronyms":[],"otherNames":[]}],"cioc":"CYP"},{"name":"Czech Republic","topLevelDomain":[".cz"],"alpha2Code":"CZ","alpha3Code":"CZE","callingCodes":["420"],"capital":"Prague","altSpellings":["CZ","?eská republika","?esko"],"region":"Europe","subregion":"Eastern Europe","population":10558524,"latlng":[49.75,15.5],"demonym":"Czech","area":78865.0,"gini":26.0,"timezones":["UTC+01:00"],"borders":["AUT","DEU","POL","SVK"],"nativeName":"?eská republika","numericCode":"203","currencies":[{"code":"CZK","name":"Czech koruna","symbol":"K?"}],"languages":[{"iso639_1":"cs","iso639_2":"ces","name":"Czech","nativeName":"?eština"},{"iso639_1":"sk","iso639_2":"slk","name":"Slovak","nativeName":"sloven?ina"}],"translations":{"de":"Tschechische Republik","es":"República Checa","fr":"République tchèque","ja":"???","it":"Repubblica Ceca","br":"República Tcheca","pt":"República Checa","nl":"Tsjechië","hr":"?eška","fa":"?????? ??"},"flag":"https://restcountries.eu/data/cze.svg","regionalBlocs":[{"acronym":"EU","name":"European Union","otherAcronyms":[],"otherNames":[]}],"cioc":"CZE"},{"name":"Denmark","topLevelDomain":[".dk"],"alpha2Code":"DK","alpha3Code":"DNK","callingCodes":["45"],"capital":"Copenhagen","altSpellings":["DK","Danmark","Kingdom of Denmark","Kongeriget Danmark"],"region":"Europe","subregion":"Northern Europe","population":5717014,"latlng":[56.0,10.0],"demonym":"Danish","area":43094.0,"gini":24.0,"timezones":["UTC-04:00","UTC-03:00","UTC-01:00","UTC","UTC+01:00"],"borders":["DEU"],"nativeName":"Danmark","numericCode":"208","currencies":[{"code":"DKK","name":"Danish krone","symbol":"kr"}],"languages":[{"iso639_1":"da","iso639_2":"dan","name":"Danish","nativeName":"dansk"}],"translations":{"de":"Dänemark","es":"Dinamarca","fr":"Danemark","ja":"?????","it":"Danimarca","br":"Dinamarca","pt":"Dinamarca","nl":"Denemarken","hr":"Danska","fa":"???????"},"flag":"https://restcountries.eu/data/dnk.svg","regionalBlocs":[{"acronym":"EU","name":"European Union","otherAcronyms":[],"otherNames":[]}],"cioc":"DEN"},{"name":"Djibouti","topLevelDomain":[".dj"],"alpha2Code":"DJ","alpha3Code":"DJI","callingCodes":["253"],"capital":"Djibouti","altSpellings":["DJ","Jabuuti","Gabuuti","Republic of Djibouti","République de Djibouti","Gabuutih Ummuuno","Jamhuuriyadda Jabuuti"],"region":"Africa","subregion":"Eastern Africa","population":900000,"latlng":[11.5,43.0],"demonym":"Djibouti","area":23200.0,"gini":40.0,"timezones":["UTC+03:00"],"borders":["ERI","ETH","SOM"],"nativeName":"Djibouti","numericCode":"262","currencies":[{"code":"DJF","name":"Djiboutian franc","symbol":"Fr"}],"languages":[{"iso639_1":"fr","iso639_2":"fra","name":"French","nativeName":"français"},{"iso639_1":"ar","iso639_2":"ara","name":"Arabic","nativeName":"???????"}],"translations":{"de":"Dschibuti","es":"Yibuti","fr":"Djibouti","ja":"???","it":"Gibuti","br":"Djibuti","pt":"Djibuti","nl":"Djibouti","hr":"Džibuti","fa":"??????"},"flag":"https://restcountries.eu/data/dji.svg","regionalBlocs":[{"acronym":"AU","name":"African Union","otherAcronyms":[],"otherNames":["??????? ????????","Union africaine","União Africana","Unión Africana","Umoja wa Afrika"]},{"acronym":"AL","name":"Arab League","otherAcronyms":[],"otherNames":["????? ????? ???????","J?mi?at ad-Duwal al-?Arab?yah","League of Arab States"]}],"cioc":"DJI"},{"name":"Dominica","topLevelDomain":[".dm"],"alpha2Code":"DM","alpha3Code":"DMA","callingCodes":["1767"],"capital":"Roseau","altSpellings":["DM","Dominique","Wai‘tu kubuli","Commonwealth of Dominica"],"region":"Americas","subregion":"Caribbean","population":71293,"latlng":[15.41666666,-61.33333333],"demonym":"Dominican","area":751.0,"gini":null,"timezones":["UTC-04:00"],"borders":[],"nativeName":"Dominica","numericCode":"212","currencies":[{"code":"XCD","name":"East Caribbean dollar","symbol":"$"}],"languages":[{"iso639_1":"en","iso639_2":"eng","name":"English","nativeName":"English"}],"translations":{"de":"Dominica","es":"Dominica","fr":"Dominique","ja":"?????","it":"Dominica","br":"Dominica","pt":"Dominica","nl":"Dominica","hr":"Dominika","fa":"????????"},"flag":"https://restcountries.eu/data/dma.svg","regionalBlocs":[],"cioc":"DMA"},{"name":"Dominican Republic","topLevelDomain":[".do"],"alpha2Code":"DO","alpha3Code":"DOM","callingCodes":["1809","1829","1849"],"capital":"Santo Domingo","altSpellings":["DO"],"region":"Americas","subregion":"Caribbean","population":10075045,"latlng":[19.0,-70.66666666],"demonym":"Dominican","area":48671.0,"gini":47.2,"timezones":["UTC-04:00"],"borders":["HTI"],"nativeName":"República Dominicana","numericCode":"214","currencies":[{"code":"DOP","name":"Dominican peso","symbol":"$"}],"languages":[{"iso639_1":"es","iso639_2":"spa","name":"Spanish","nativeName":"Español"}],"translations":{"de":"Dominikanische Republik","es":"República Dominicana","fr":"République dominicaine","ja":"???????","it":"Repubblica Dominicana","br":"República Dominicana","pt":"República Dominicana","nl":"Dominicaanse Republiek","hr":"Dominikanska Republika","fa":"?????? ????????"},"flag":"https://restcountries.eu/data/dom.svg","regionalBlocs":[{"acronym":"CARICOM","name":"Caribbean Community","otherAcronyms":[],"otherNames":["Comunidad del Caribe","Communauté Caribéenne","Caribische Gemeenschap"]},{"acronym":"CAIS","name":"Central American Integration System","otherAcronyms":["SICA"],"otherNames":["Sistema de la Integración Centroamericana,"]}],"cioc":"DOM"},{"name":"Ecuador","topLevelDomain":[".ec"],"alpha2Code":"EC","alpha3Code":"ECU","callingCodes":["593"],"capital":"Quito","altSpellings":["EC","Republic of Ecuador","República del Ecuador"],"region":"Americas","subregion":"South America","population":16545799,"latlng":[-2.0,-77.5],"demonym":"Ecuadorean","area":276841.0,"gini":49.3,"timezones":["UTC-06:00","UTC-05:00"],"borders":["COL","PER"],"nativeName":"Ecuador","numericCode":"218","currencies":[{"code":"USD","name":"United States dollar","symbol":"$"}],"languages":[{"iso639_1":"es","iso639_2":"spa","name":"Spanish","nativeName":"Español"}],"translations":{"de":"Ecuador","es":"Ecuador","fr":"Équateur","ja":"?????","it":"Ecuador","br":"Equador","pt":"Equador","nl":"Ecuador","hr":"Ekvador","fa":"???????"},"flag":"https://restcountries.eu/data/ecu.svg","regionalBlocs":[{"acronym":"USAN","name":"Union of South American Nations","otherAcronyms":["UNASUR","UNASUL","UZAN"],"otherNames":["Unión de Naciones Suramericanas","União de Nações Sul-Americanas","Unie van Zuid-Amerikaanse Naties","South American Union"]}],"cioc":"ECU"},{"name":"Egypt","topLevelDomain":[".eg"],"alpha2Code":"EG","alpha3Code":"EGY","callingCodes":["20"],"capital":"Cairo","altSpellings":["EG","Arab Republic of Egypt"],"region":"Africa","subregion":"Northern Africa","population":91290000,"latlng":[27.0,30.0],"demonym":"Egyptian","area":1002450.0,"gini":30.8,"timezones":["UTC+02:00"],"borders":["ISR","LBY","SDN"],"nativeName":"????","numericCode":"818","currencies":[{"code":"EGP","name":"Egyptian pound","symbol":"£"}],"languages":[{"iso639_1":"ar","iso639_2":"ara","name":"Arabic","nativeName":"???????"}],"translations":{"de":"Ägypten","es":"Egipto","fr":"Égypte","ja":"????","it":"Egitto","br":"Egito","pt":"Egipto","nl":"Egypte","hr":"Egipat","fa":"???"},"flag":"https://restcountries.eu/data/egy.svg","regionalBlocs":[{"acronym":"AU","name":"African Union","otherAcronyms":[],"otherNames":["??????? ????????","Union africaine","União Africana","Unión Africana","Umoja wa Afrika"]},{"acronym":"AL","name":"Arab League","otherAcronyms":[],"otherNames":["????? ????? ???????","J?mi?at ad-Duwal al-?Arab?yah","League of Arab States"]}],"cioc":"EGY"},{"name":"El Salvador","topLevelDomain":[".sv"],"alpha2Code":"SV","alpha3Code":"SLV","callingCodes":["503"],"capital":"San Salvador","altSpellings":["SV","Republic of El Salvador","República de El Salvador"],"region":"Americas","subregion":"Central America","population":6520675,"latlng":[13.83333333,-88.91666666],"demonym":"Salvadoran","area":21041.0,"gini":48.3,"timezones":["UTC-06:00"],"borders":["GTM","HND"],"nativeName":"El Salvador","numericCode":"222","currencies":[{"code":"USD","name":"United States dollar","symbol":"$"}],"languages":[{"iso639_1":"es","iso639_2":"spa","name":"Spanish","nativeName":"Español"}],"translations":{"de":"El Salvador","es":"El Salvador","fr":"Salvador","ja":"???????","it":"El Salvador","br":"El Salvador","pt":"El Salvador","nl":"El Salvador","hr":"Salvador","fa":"??????????"},"flag":"https://restcountries.eu/data/slv.svg","regionalBlocs":[{"acronym":"CAIS","name":"Central American Integration System","otherAcronyms":["SICA"],"otherNames":["Sistema de la Integración Centroamericana,"]}],"cioc":"ESA"},{"name":"Equatorial Guinea","topLevelDomain":[".gq"],"alpha2Code":"GQ","alpha3Code":"GNQ","callingCodes":["240"],"capital":"Malabo","altSpellings":["GQ","Republic of Equatorial Guinea","República de Guinea Ecuatorial","République de Guinée équatoriale","República da Guiné Equatorial"],"region":"Africa","subregion":"Middle Africa","population":1222442,"latlng":[2.0,10.0],"demonym":"Equatorial Guinean","area":28051.0,"gini":null,"timezones":["UTC+01:00"],"borders":["CMR","GAB"],"nativeName":"Guinea Ecuatorial","numericCode":"226","currencies":[{"code":"XAF","name":"Central African CFA franc","symbol":"Fr"}],"languages":[{"iso639_1":"es","iso639_2":"spa","name":"Spanish","nativeName":"Español"},{"iso639_1":"fr","iso639_2":"fra","name":"French","nativeName":"français"}],"translations":{"de":"Äquatorial-Guinea","es":"Guinea Ecuatorial","fr":"Guinée-Équatoriale","ja":"?????","it":"Guinea Equatoriale","br":"Guiné Equatorial","pt":"Guiné Equatorial","nl":"Equatoriaal-Guinea","hr":"Ekvatorijalna Gvineja","fa":"???? ???????"},"flag":"https://restcountries.eu/data/gnq.svg","regionalBlocs":[{"acronym":"AU","name":"African Union","otherAcronyms":[],"otherNames":["??????? ????????","Union africaine","União Africana","Unión Africana","Umoja wa Afrika"]}],"cioc":"GEQ"},{"name":"Eritrea","topLevelDomain":[".er"],"alpha2Code":"ER","alpha3Code":"ERI","callingCodes":["291"],"capital":"Asmara","altSpellings":["ER","State of Eritrea","??? ????","Dawlat Iritriyá","?Ertr?","Iritriy?",""],"region":"Africa","subregion":"Eastern Africa","population":5352000,"latlng":[15.0,39.0],"demonym":"Eritrean","area":117600.0,"gini":null,"timezones":["UTC+03:00"],"borders":["DJI","ETH","SDN"],"nativeName":"????","numericCode":"232","currencies":[{"code":"ERN","name":"Eritrean nakfa","symbol":"Nfk"}],"languages":[{"iso639_1":"ti","iso639_2":"tir","name":"Tigrinya","nativeName":"????"},{"iso639_1":"ar","iso639_2":"ara","name":"Arabic","nativeName":"???????"},{"iso639_1":"en","iso639_2":"eng","name":"English","nativeName":"English"}],"translations":{"de":"Eritrea","es":"Eritrea","fr":"Érythrée","ja":"?????","it":"Eritrea","br":"Eritreia","pt":"Eritreia","nl":"Eritrea","hr":"Eritreja","fa":"??????"},"flag":"https://restcountries.eu/data/eri.svg","regionalBlocs":[{"acronym":"AU","name":"African Union","otherAcronyms":[],"otherNames":["??????? ????????","Union africaine","União Africana","Unión Africana","Umoja wa Afrika"]}],"cioc":"ERI"},{"name":"Estonia","topLevelDomain":[".ee"],"alpha2Code":"EE","alpha3Code":"EST","callingCodes":["372"],"capital":"Tallinn","altSpellings":["EE","Eesti","Republic of Estonia","Eesti Vabariik"],"region":"Europe","subregion":"Northern Europe","population":1315944,"latlng":[59.0,26.0],"demonym":"Estonian","area":45227.0,"gini":36.0,"timezones":["UTC+02:00"],"borders":["LVA","RUS"],"nativeName":"Eesti","numericCode":"233","currencies":[{"code":"EUR","name":"Euro","symbol":"€"}],"languages":[{"iso639_1":"et","iso639_2":"est","name":"Estonian","nativeName":"eesti"}],"translations":{"de":"Estland","es":"Estonia","fr":"Estonie","ja":"?????","it":"Estonia","br":"Estônia","pt":"Estónia","nl":"Estland","hr":"Estonija","fa":"??????"},"flag":"https://restcountries.eu/data/est.svg","regionalBlocs":[{"acronym":"EU","name":"European Union","otherAcronyms":[],"otherNames":[]}],"cioc":"EST"},{"name":"Ethiopia","topLevelDomain":[".et"],"alpha2Code":"ET","alpha3Code":"ETH","callingCodes":["251"],"capital":"Addis Ababa","altSpellings":["ET","??ty???y?","Federal Democratic Republic of Ethiopia","?????? ????? ??????? ?????"],"region":"Africa","subregion":"Eastern Africa","population":92206005,"latlng":[8.0,38.0],"demonym":"Ethiopian","area":1104300.0,"gini":29.8,"timezones":["UTC+03:00"],"borders":["DJI","ERI","KEN","SOM","SSD","SDN"],"nativeName":"?????","numericCode":"231","currencies":[{"code":"ETB","name":"Ethiopian birr","symbol":"Br"}],"languages":[{"iso639_1":"am","iso639_2":"amh","name":"Amharic","nativeName":"????"}],"translations":{"de":"Äthiopien","es":"Etiopía","fr":"Éthiopie","ja":"?????","it":"Etiopia","br":"Etiópia","pt":"Etiópia","nl":"Ethiopië","hr":"Etiopija","fa":"??????"},"flag":"https://restcountries.eu/data/eth.svg","regionalBlocs":[{"acronym":"AU","name":"African Union","otherAcronyms":[],"otherNames":["??????? ????????","Union africaine","União Africana","Unión Africana","Umoja wa Afrika"]}],"cioc":"ETH"},{"name":"Falkland Islands (Malvinas)","topLevelDomain":[".fk"],"alpha2Code":"FK","alpha3Code":"FLK","callingCodes":["500"],"capital":"Stanley","altSpellings":["FK","Islas Malvinas"],"region":"Americas","subregion":"South America","population":2563,"latlng":[-51.75,-59.0],"demonym":"Falkland Islander","area":12173.0,"gini":null,"timezones":["UTC-04:00"],"borders":[],"nativeName":"Falkland Islands","numericCode":"238","currencies":[{"code":"FKP","name":"Falkland Islands pound","symbol":"£"}],"languages":[{"iso639_1":"en","iso639_2":"eng","name":"English","nativeName":"English"}],"translations":{"de":"Falklandinseln","es":"Islas Malvinas","fr":"Îles Malouines","ja":"????????????????","it":"Isole Falkland o Isole Malvine","br":"Ilhas Malvinas","pt":"Ilhas Falkland","nl":"Falklandeilanden [Islas Malvinas]","hr":"Falklandski Otoci","fa":"????? ???????"},"flag":"https://restcountries.eu/data/flk.svg","regionalBlocs":[{"acronym":"USAN","name":"Union of South American Nations","otherAcronyms":["UNASUR","UNASUL","UZAN"],"otherNames":["Unión de Naciones Suramericanas","União de Nações Sul-Americanas","Unie van Zuid-Amerikaanse Naties","South American Union"]}],"cioc":""},{"name":"Faroe Islands","topLevelDomain":[".fo"],"alpha2Code":"FO","alpha3Code":"FRO","callingCodes":["298"],"capital":"Tórshavn","altSpellings":["FO","Føroyar","Færøerne"],"region":"Europe","subregion":"Northern Europe","population":49376,"latlng":[62.0,-7.0],"demonym":"Faroese","area":1393.0,"gini":null,"timezones":["UTC+00:00"],"borders":[],"nativeName":"Føroyar","numericCode":"234","currencies":[{"code":"DKK","name":"Danish krone","symbol":"kr"},{"code":"(none)","name":"Faroese króna","symbol":"kr"}],"languages":[{"iso639_1":"fo","iso639_2":"fao","name":"Faroese","nativeName":"føroyskt"}],"translations":{"de":"Färöer-Inseln","es":"Islas Faroe","fr":"Îles Féroé","ja":"??????","it":"Isole Far Oer","br":"Ilhas Faroé","pt":"Ilhas Faroé","nl":"Faeröer","hr":"Farski Otoci","fa":"????? ????"},"flag":"https://restcountries.eu/data/fro.svg","regionalBlocs":[{"acronym":"EU","name":"European Union","otherAcronyms":[],"otherNames":[]}],"cioc":""},{"name":"Fiji","topLevelDomain":[".fj"],"alpha2Code":"FJ","alpha3Code":"FJI","callingCodes":["679"],"capital":"Suva","altSpellings":["FJ","Viti","Republic of Fiji","Matanitu ko Viti","Fij? Ga?ar?jya"],"region":"Oceania","subregion":"Melanesia","population":867000,"latlng":[-18.0,175.0],"demonym":"Fijian","area":18272.0,"gini":42.8,"timezones":["UTC+12:00"],"borders":[],"nativeName":"Fiji","numericCode":"242","currencies":[{"code":"FJD","name":"Fijian dollar","symbol":"$"}],"languages":[{"iso639_1":"en","iso639_2":"eng","name":"English","nativeName":"English"},{"iso639_1":"fj","iso639_2":"fij","name":"Fijian","nativeName":"vosa Vakaviti"},{"iso639_1":"hi","iso639_2":"hin","name":"Hindi","nativeName":"??????"},{"iso639_1":"ur","iso639_2":"urd","name":"Urdu","nativeName":"????"}],"translations":{"de":"Fidschi","es":"Fiyi","fr":"Fidji","ja":"????","it":"Figi","br":"Fiji","pt":"Fiji","nl":"Fiji","hr":"Fi?i","fa":"????"},"flag":"https://restcountries.eu/data/fji.svg","regionalBlocs":[],"cioc":"FIJ"},{"name":"Finland","topLevelDomain":[".fi"],"alpha2Code":"FI","alpha3Code":"FIN","callingCodes":["358"],"capital":"Helsinki","altSpellings":["FI","Suomi","Republic of Finland","Suomen tasavalta","Republiken Finland"],"region":"Europe","subregion":"Northern Europe","population":5491817,"latlng":[64.0,26.0],"demonym":"Finnish","area":338424.0,"gini":26.9,"timezones":["UTC+02:00"],"borders":["NOR","SWE","RUS"],"nativeName":"Suomi","numericCode":"246","currencies":[{"code":"EUR","name":"Euro","symbol":"€"}],"languages":[{"iso639_1":"fi","iso639_2":"fin","name":"Finnish","nativeName":"suomi"},{"iso639_1":"sv","iso639_2":"swe","name":"Swedish","nativeName":"svenska"}],"translations":{"de":"Finnland","es":"Finlandia","fr":"Finlande","ja":"??????","it":"Finlandia","br":"Finlândia","pt":"Finlândia","nl":"Finland","hr":"Finska","fa":"??????"},"flag":"https://restcountries.eu/data/fin.svg","regionalBlocs":[{"acronym":"EU","name":"European Union","otherAcronyms":[],"otherNames":[]}],"cioc":"FIN"},{"name":"France","topLevelDomain":[".fr"],"alpha2Code":"FR","alpha3Code":"FRA","callingCodes":["33"],"capital":"Paris","altSpellings":["FR","French Republic","République française"],"region":"Europe","subregion":"Western Europe","population":66710000,"latlng":[46.0,2.0],"demonym":"French","area":640679.0,"gini":32.7,"timezones":["UTC-10:00","UTC-09:30","UTC-09:00","UTC-08:00","UTC-04:00","UTC-03:00","UTC+01:00","UTC+03:00","UTC+04:00","UTC+05:00","UTC+11:00","UTC+12:00"],"borders":["AND","BEL","DEU","ITA","LUX","MCO","ESP","CHE"],"nativeName":"France","numericCode":"250","currencies":[{"code":"EUR","name":"Euro","symbol":"€"}],"languages":[{"iso639_1":"fr","iso639_2":"fra","name":"French","nativeName":"français"}],"translations":{"de":"Frankreich","es":"Francia","fr":"France","ja":"????","it":"Francia","br":"França","pt":"França","nl":"Frankrijk","hr":"Francuska","fa":"??????"},"flag":"https://restcountries.eu/data/fra.svg","regionalBlocs":[{"acronym":"EU","name":"European Union","otherAcronyms":[],"otherNames":[]}],"cioc":"FRA"},{"name":"French Guiana","topLevelDomain":[".gf"],"alpha2Code":"GF","alpha3Code":"GUF","callingCodes":["594"],"capital":"Cayenne","altSpellings":["GF","Guiana","Guyane"],"region":"Americas","subregion":"South America","population":254541,"latlng":[4.0,-53.0],"demonym":"","area":null,"gini":null,"timezones":["UTC-03:00"],"borders":["BRA","SUR"],"nativeName":"Guyane française","numericCode":"254","currencies":[{"code":"EUR","name":"Euro","symbol":"€"}],"languages":[{"iso639_1":"fr","iso639_2":"fra","name":"French","nativeName":"français"}],"translations":{"de":"Französisch Guyana","es":"Guayana Francesa","fr":"Guayane","ja":"????????","it":"Guyana francese","br":"Guiana Francesa","pt":"Guiana Francesa","nl":"Frans-Guyana","hr":"Francuska Gvajana","fa":"????? ??????"},"flag":"https://restcountries.eu/data/guf.svg","regionalBlocs":[{"acronym":"USAN","name":"Union of South American Nations","otherAcronyms":["UNASUR","UNASUL","UZAN"],"otherNames":["Unión de Naciones Suramericanas","União de Nações Sul-Americanas","Unie van Zuid-Amerikaanse Naties","South American Union"]},{"acronym":"EU","name":"European Union","otherAcronyms":[],"otherNames":[]}],"cioc":""},{"name":"French Polynesia","topLevelDomain":[".pf"],"alpha2Code":"PF","alpha3Code":"PYF","callingCodes":["689"],"capital":"Papeet?","altSpellings":["PF","Polynésie française","French Polynesia","P?r?netia Far?ni"],"region":"Oceania","subregion":"Polynesia","population":271800,"latlng":[-15.0,-140.0],"demonym":"French Polynesian","area":4167.0,"gini":null,"timezones":["UTC-10:00","UTC-09:30","UTC-09:00"],"borders":[],"nativeName":"Polynésie française","numericCode":"258","currencies":[{"code":"XPF","name":"CFP franc","symbol":"Fr"}],"languages":[{"iso639_1":"fr","iso639_2":"fra","name":"French","nativeName":"français"}],"translations":{"de":"Französisch-Polynesien","es":"Polinesia Francesa","fr":"Polynésie française","ja":"??????????","it":"Polinesia Francese","br":"Polinésia Francesa","pt":"Polinésia Francesa","nl":"Frans-Polynesië","hr":"Francuska Polinezija","fa":"??????? ??????"},"flag":"https://restcountries.eu/data/pyf.svg","regionalBlocs":[],"cioc":""},{"name":"French Southern Territories","topLevelDomain":[".tf"],"alpha2Code":"TF","alpha3Code":"ATF","callingCodes":[""],"capital":"Port-aux-Français","altSpellings":["TF"],"region":"Africa","subregion":"Southern Africa","population":140,"latlng":[-49.25,69.167],"demonym":"French","area":7747.0,"gini":null,"timezones":["UTC+05:00"],"borders":[],"nativeName":"Territoire des Terres australes et antarctiques françaises","numericCode":"260","currencies":[{"code":"EUR","name":"Euro","symbol":"€"}],"languages":[{"iso639_1":"fr","iso639_2":"fra","name":"French","nativeName":"français"}],"translations":{"de":"Französische Süd- und Antarktisgebiete","es":"Tierras Australes y Antárticas Francesas","fr":"Terres australes et antarctiques françaises","ja":"????????????","it":"Territori Francesi del Sud","br":"Terras Austrais e Antárticas Francesas","pt":"Terras Austrais e Antárticas Francesas","nl":"Franse Gebieden in de zuidelijke Indische Oceaan","hr":"Francuski južni i antarkti?ki teritoriji","fa":"?????????? ????? ? ???????? ??????"},"flag":"https://restcountries.eu/data/atf.svg","regionalBlocs":[{"acronym":"AU","name":"African Union","otherAcronyms":[],"otherNames":["??????? ????????","Union africaine","União Africana","Unión Africana","Umoja wa Afrika"]}],"cioc":""},{"name":"Gabon","topLevelDomain":[".ga"],"alpha2Code":"GA","alpha3Code":"GAB","callingCodes":["241"],"capital":"Libreville","altSpellings":["GA","Gabonese Republic","République Gabonaise"],"region":"Africa","subregion":"Middle Africa","population":1802278,"latlng":[-1.0,11.75],"demonym":"Gabonese","area":267668.0,"gini":41.5,"timezones":["UTC+01:00"],"borders":["CMR","COG","GNQ"],"nativeName":"Gabon","numericCode":"266","currencies":[{"code":"XAF","name":"Central African CFA franc","symbol":"Fr"}],"languages":[{"iso639_1":"fr","iso639_2":"fra","name":"French","nativeName":"français"}],"translations":{"de":"Gabun","es":"Gabón","fr":"Gabon","ja":"???","it":"Gabon","br":"Gabão","pt":"Gabão","nl":"Gabon","hr":"Gabon","fa":"????"},"flag":"https://restcountries.eu/data/gab.svg","regionalBlocs":[{"acronym":"AU","name":"African Union","otherAcronyms":[],"otherNames":["??????? ????????","Union africaine","União Africana","Unión Africana","Umoja wa Afrika"]}],"cioc":"GAB"},{"name":"Gambia","topLevelDomain":[".gm"],"alpha2Code":"GM","alpha3Code":"GMB","callingCodes":["220"],"capital":"Banjul","altSpellings":["GM","Republic of the Gambia"],"region":"Africa","subregion":"Western Africa","population":1882450,"latlng":[13.46666666,-16.56666666],"demonym":"Gambian","area":11295.0,"gini":null,"timezones":["UTC+00:00"],"borders":["SEN"],"nativeName":"Gambia","numericCode":"270","currencies":[{"code":"GMD","name":"Gambian dalasi","symbol":"D"}],"languages":[{"iso639_1":"en","iso639_2":"eng","name":"English","nativeName":"English"}],"translations":{"de":"Gambia","es":"Gambia","fr":"Gambie","ja":"????","it":"Gambia","br":"Gâmbia","pt":"Gâmbia","nl":"Gambia","hr":"Gambija","fa":"??????"},"flag":"https://restcountries.eu/data/gmb.svg","regionalBlocs":[{"acronym":"AU","name":"African Union","otherAcronyms":[],"otherNames":["??????? ????????","Union africaine","União Africana","Unión Africana","Umoja wa Afrika"]}],"cioc":"GAM"},{"name":"Georgia","topLevelDomain":[".ge"],"alpha2Code":"GE","alpha3Code":"GEO","callingCodes":["995"],"capital":"Tbilisi","altSpellings":["GE","Sakartvelo"],"region":"Asia","subregion":"Western Asia","population":3720400,"latlng":[42.0,43.5],"demonym":"Georgian","area":69700.0,"gini":41.3,"timezones":["UTC-05:00"],"borders":["ARM","AZE","RUS","TUR"],"nativeName":"??????????","numericCode":"268","currencies":[{"code":"GEL","name":"Georgian Lari","symbol":"?"}],"languages":[{"iso639_1":"ka","iso639_2":"kat","name":"Georgian","nativeName":"???????"}],"translations":{"de":"Georgien","es":"Georgia","fr":"Géorgie","ja":"????","it":"Georgia","br":"Geórgia","pt":"Geórgia","nl":"Georgië","hr":"Gruzija","fa":"???????"},"flag":"https://restcountries.eu/data/geo.svg","regionalBlocs":[],"cioc":"GEO"},{"name":"Germany","topLevelDomain":[".de"],"alpha2Code":"DE","alpha3Code":"DEU","callingCodes":["49"],"capital":"Berlin","altSpellings":["DE","Federal Republic of Germany","Bundesrepublik Deutschland"],"region":"Europe","subregion":"Western Europe","population":81770900,"latlng":[51.0,9.0],"demonym":"German","area":357114.0,"gini":28.3,"timezones":["UTC+01:00"],"borders":["AUT","BEL","CZE","DNK","FRA","LUX","NLD","POL","CHE"],"nativeName":"Deutschland","numericCode":"276","currencies":[{"code":"EUR","name":"Euro","symbol":"€"}],"languages":[{"iso639_1":"de","iso639_2":"deu","name":"German","nativeName":"Deutsch"}],"translations":{"de":"Deutschland","es":"Alemania","fr":"Allemagne","ja":"???","it":"Germania","br":"Alemanha","pt":"Alemanha","nl":"Duitsland","hr":"Njema?ka","fa":"?????"},"flag":"https://restcountries.eu/data/deu.svg","regionalBlocs":[{"acronym":"EU","name":"European Union","otherAcronyms":[],"otherNames":[]}],"cioc":"GER"},{"name":"Ghana","topLevelDomain":[".gh"],"alpha2Code":"GH","alpha3Code":"GHA","callingCodes":["233"],"capital":"Accra","altSpellings":["GH"],"region":"Africa","subregion":"Western Africa","population":27670174,"latlng":[8.0,-2.0],"demonym":"Ghanaian","area":238533.0,"gini":42.8,"timezones":["UTC"],"borders":["BFA","CIV","TGO"],"nativeName":"Ghana","numericCode":"288","currencies":[{"code":"GHS","name":"Ghanaian cedi","symbol":"?"}],"languages":[{"iso639_1":"en","iso639_2":"eng","name":"English","nativeName":"English"}],"translations":{"de":"Ghana","es":"Ghana","fr":"Ghana","ja":"???","it":"Ghana","br":"Gana","pt":"Gana","nl":"Ghana","hr":"Gana","fa":"???"},"flag":"https://restcountries.eu/data/gha.svg","regionalBlocs":[{"acronym":"AU","name":"African Union","otherAcronyms":[],"otherNames":["??????? ????????","Union africaine","União Africana","Unión Africana","Umoja wa Afrika"]}],"cioc":"GHA"},{"name":"Gibraltar","topLevelDomain":[".gi"],"alpha2Code":"GI","alpha3Code":"GIB","callingCodes":["350"],"capital":"Gibraltar","altSpellings":["GI"],"region":"Europe","subregion":"Southern Europe","population":33140,"latlng":[36.13333333,-5.35],"demonym":"Gibraltar","area":6.0,"gini":null,"timezones":["UTC+01:00"],"borders":["ESP"],"nativeName":"Gibraltar","numericCode":"292","currencies":[{"code":"GIP","name":"Gibraltar pound","symbol":"£"}],"languages":[{"iso639_1":"en","iso639_2":"eng","name":"English","nativeName":"English"}],"translations":{"de":"Gibraltar","es":"Gibraltar","fr":"Gibraltar","ja":"??????","it":"Gibilterra","br":"Gibraltar","pt":"Gibraltar","nl":"Gibraltar","hr":"Gibraltar","fa":"????????"},"flag":"https://restcountries.eu/data/gib.svg","regionalBlocs":[{"acronym":"EU","name":"European Union","otherAcronyms":[],"otherNames":[]}],"cioc":""},{"name":"Greece","topLevelDomain":[".gr"],"alpha2Code":"GR","alpha3Code":"GRC","callingCodes":["30"],"capital":"Athens","altSpellings":["GR","Elláda","Hellenic Republic","???????? ??????????"],"region":"Europe","subregion":"Southern Europe","population":10858018,"latlng":[39.0,22.0],"demonym":"Greek","area":131990.0,"gini":34.3,"timezones":["UTC+02:00"],"borders":["ALB","BGR","TUR","MKD"],"nativeName":"??????","numericCode":"300","currencies":[{"code":"EUR","name":"Euro","symbol":"€"}],"languages":[{"iso639_1":"el","iso639_2":"ell","name":"Greek (modern)","nativeName":"????????"}],"translations":{"de":"Griechenland","es":"Grecia","fr":"Grèce","ja":"????","it":"Grecia","br":"Grécia","pt":"Grécia","nl":"Griekenland","hr":"Gr?ka","fa":"?????"},"flag":"https://restcountries.eu/data/grc.svg","regionalBlocs":[{"acronym":"EU","name":"European Union","otherAcronyms":[],"otherNames":[]}],"cioc":"GRE"},{"name":"Greenland","topLevelDomain":[".gl"],"alpha2Code":"GL","alpha3Code":"GRL","callingCodes":["299"],"capital":"Nuuk","altSpellings":["GL","Grønland"],"region":"Americas","subregion":"Northern America","population":55847,"latlng":[72.0,-40.0],"demonym":"Greenlandic","area":2166086.0,"gini":null,"timezones":["UTC-04:00","UTC-03:00","UTC-01:00","UTC+00:00"],"borders":[],"nativeName":"Kalaallit Nunaat","numericCode":"304","currencies":[{"code":"DKK","name":"Danish krone","symbol":"kr"}],"languages":[{"iso639_1":"kl","iso639_2":"kal","name":"Kalaallisut","nativeName":"kalaallisut"}],"translations":{"de":"Grönland","es":"Groenlandia","fr":"Groenland","ja":"???????","it":"Groenlandia","br":"Groelândia","pt":"Gronelândia","nl":"Groenland","hr":"Grenland","fa":"???????"},"flag":"https://restcountries.eu/data/grl.svg","regionalBlocs":[],"cioc":""},{"name":"Grenada","topLevelDomain":[".gd"],"alpha2Code":"GD","alpha3Code":"GRD","callingCodes":["1473"],"capital":"St. George's","altSpellings":["GD"],"region":"Americas","subregion":"Caribbean","population":103328,"latlng":[12.11666666,-61.66666666],"demonym":"Grenadian","area":344.0,"gini":null,"timezones":["UTC-04:00"],"borders":[],"nativeName":"Grenada","numericCode":"308","currencies":[{"code":"XCD","name":"East Caribbean dollar","symbol":"$"}],"languages":[{"iso639_1":"en","iso639_2":"eng","name":"English","nativeName":"English"}],"translations":{"de":"Grenada","es":"Grenada","fr":"Grenade","ja":"????","it":"Grenada","br":"Granada","pt":"Granada","nl":"Grenada","hr":"Grenada","fa":"??????"},"flag":"https://restcountries.eu/data/grd.svg","regionalBlocs":[{"acronym":"CARICOM","name":"Caribbean Community","otherAcronyms":[],"otherNames":["Comunidad del Caribe","Communauté Caribéenne","Caribische Gemeenschap"]}],"cioc":"GRN"},{"name":"Guadeloupe","topLevelDomain":[".gp"],"alpha2Code":"GP","alpha3Code":"GLP","callingCodes":["590"],"capital":"Basse-Terre","altSpellings":["GP","Gwadloup"],"region":"Americas","subregion":"Caribbean","population":400132,"latlng":[16.25,-61.583333],"demonym":"Guadeloupian","area":null,"gini":null,"timezones":["UTC-04:00"],"borders":[],"nativeName":"Guadeloupe","numericCode":"312","currencies":[{"code":"EUR","name":"Euro","symbol":"€"}],"languages":[{"iso639_1":"fr","iso639_2":"fra","name":"French","nativeName":"français"}],"translations":{"de":"Guadeloupe","es":"Guadalupe","fr":"Guadeloupe","ja":"??????","it":"Guadeloupa","br":"Guadalupe","pt":"Guadalupe","nl":"Guadeloupe","hr":"Gvadalupa","fa":"????? ???????"},"flag":"https://restcountries.eu/data/glp.svg","regionalBlocs":[],"cioc":""},{"name":"Guam","topLevelDomain":[".gu"],"alpha2Code":"GU","alpha3Code":"GUM","callingCodes":["1671"],"capital":"Hagåtña","altSpellings":["GU","Guåhån"],"region":"Oceania","subregion":"Micronesia","population":184200,"latlng":[13.46666666,144.78333333],"demonym":"Guamanian","area":549.0,"gini":null,"timezones":["UTC+10:00"],"borders":[],"nativeName":"Guam","numericCode":"316","currencies":[{"code":"USD","name":"United States dollar","symbol":"$"}],"languages":[{"iso639_1":"en","iso639_2":"eng","name":"English","nativeName":"English"},{"iso639_1":"ch","iso639_2":"cha","name":"Chamorro","nativeName":"Chamoru"},{"iso639_1":"es","iso639_2":"spa","name":"Spanish","nativeName":"Español"}],"translations":{"de":"Guam","es":"Guam","fr":"Guam","ja":"???","it":"Guam","br":"Guam","pt":"Guame","nl":"Guam","hr":"Guam","fa":"????"},"flag":"https://restcountries.eu/data/gum.svg","regionalBlocs":[],"cioc":"GUM"},{"name":"Guatemala","topLevelDomain":[".gt"],"alpha2Code":"GT","alpha3Code":"GTM","callingCodes":["502"],"capital":"Guatemala City","altSpellings":["GT"],"region":"Americas","subregion":"Central America","population":16176133,"latlng":[15.5,-90.25],"demonym":"Guatemalan","area":108889.0,"gini":55.9,"timezones":["UTC-06:00"],"borders":["BLZ","SLV","HND","MEX"],"nativeName":"Guatemala","numericCode":"320","currencies":[{"code":"GTQ","name":"Guatemalan quetzal","symbol":"Q"}],"languages":[{"iso639_1":"es","iso639_2":"spa","name":"Spanish","nativeName":"Español"}],"translations":{"de":"Guatemala","es":"Guatemala","fr":"Guatemala","ja":"?????","it":"Guatemala","br":"Guatemala","pt":"Guatemala","nl":"Guatemala","hr":"Gvatemala","fa":"????????"},"flag":"https://restcountries.eu/data/gtm.svg","regionalBlocs":[{"acronym":"CAIS","name":"Central American Integration System","otherAcronyms":["SICA"],"otherNames":["Sistema de la Integración Centroamericana,"]}],"cioc":"GUA"},{"name":"Guernsey","topLevelDomain":[".gg"],"alpha2Code":"GG","alpha3Code":"GGY","callingCodes":["44"],"capital":"St. Peter Port","altSpellings":["GG","Bailiwick of Guernsey","Bailliage de Guernesey"],"region":"Europe","subregion":"Northern Europe","population":62999,"latlng":[49.46666666,-2.58333333],"demonym":"Channel Islander","area":78.0,"gini":null,"timezones":["UTC+00:00"],"borders":[],"nativeName":"Guernsey","numericCode":"831","currencies":[{"code":"GBP","name":"British pound","symbol":"£"},{"code":"(none)","name":"Guernsey pound","symbol":"£"}],"languages":[{"iso639_1":"en","iso639_2":"eng","name":"English","nativeName":"English"},{"iso639_1":"fr","iso639_2":"fra","name":"French","nativeName":"français"}],"translations":{"de":"Guernsey","es":"Guernsey","fr":"Guernesey","ja":"?????","it":"Guernsey","br":"Guernsey","pt":"Guernsey","nl":"Guernsey","hr":"Guernsey","fa":"?????"},"flag":"https://restcountries.eu/data/ggy.svg","regionalBlocs":[],"cioc":""},{"name":"Guinea","topLevelDomain":[".gn"],"alpha2Code":"GN","alpha3Code":"GIN","callingCodes":["224"],"capital":"Conakry","altSpellings":["GN","Republic of Guinea","République de Guinée"],"region":"Africa","subregion":"Western Africa","population":12947000,"latlng":[11.0,-10.0],"demonym":"Guinean","area":245857.0,"gini":39.4,"timezones":["UTC"],"borders":["CIV","GNB","LBR","MLI","SEN","SLE"],"nativeName":"Guinée","numericCode":"324","currencies":[{"code":"GNF","name":"Guinean franc","symbol":"Fr"}],"languages":[{"iso639_1":"fr","iso639_2":"fra","name":"French","nativeName":"français"},{"iso639_1":"ff","iso639_2":"ful","name":"Fula","nativeName":"Fulfulde"}],"translations":{"de":"Guinea","es":"Guinea","fr":"Guinée","ja":"???","it":"Guinea","br":"Guiné","pt":"Guiné","nl":"Guinee","hr":"Gvineja","fa":"????"},"flag":"https://restcountries.eu/data/gin.svg","regionalBlocs":[{"acronym":"AU","name":"African Union","otherAcronyms":[],"otherNames":["??????? ????????","Union africaine","União Africana","Unión Africana","Umoja wa Afrika"]}],"cioc":"GUI"},{"name":"Guinea-Bissau","topLevelDomain":[".gw"],"alpha2Code":"GW","alpha3Code":"GNB","callingCodes":["245"],"capital":"Bissau","altSpellings":["GW","Republic of Guinea-Bissau","República da Guiné-Bissau"],"region":"Africa","subregion":"Western Africa","population":1547777,"latlng":[12.0,-15.0],"demonym":"Guinea-Bissauan","area":36125.0,"gini":35.5,"timezones":["UTC"],"borders":["GIN","SEN"],"nativeName":"Guiné-Bissau","numericCode":"624","currencies":[{"code":"XOF","name":"West African CFA franc","symbol":"Fr"}],"languages":[{"iso639_1":"pt","iso639_2":"por","name":"Portuguese","nativeName":"Português"}],"translations":{"de":"Guinea-Bissau","es":"Guinea-Bisáu","fr":"Guinée-Bissau","ja":"??????","it":"Guinea-Bissau","br":"Guiné-Bissau","pt":"Guiné-Bissau","nl":"Guinee-Bissau","hr":"Gvineja Bisau","fa":"???? ??????"},"flag":"https://restcountries.eu/data/gnb.svg","regionalBlocs":[{"acronym":"AU","name":"African Union","otherAcronyms":[],"otherNames":["??????? ????????","Union africaine","União Africana","Unión Africana","Umoja wa Afrika"]}],"cioc":"GBS"},{"name":"Guyana","topLevelDomain":[".gy"],"alpha2Code":"GY","alpha3Code":"GUY","callingCodes":["592"],"capital":"Georgetown","altSpellings":["GY","Co-operative Republic of Guyana"],"region":"Americas","subregion":"South America","population":746900,"latlng":[5.0,-59.0],"demonym":"Guyanese","area":214969.0,"gini":44.5,"timezones":["UTC-04:00"],"borders":["BRA","SUR","VEN"],"nativeName":"Guyana","numericCode":"328","currencies":[{"code":"GYD","name":"Guyanese dollar","symbol":"$"}],"languages":[{"iso639_1":"en","iso639_2":"eng","name":"English","nativeName":"English"}],"translations":{"de":"Guyana","es":"Guyana","fr":"Guyane","ja":"????","it":"Guyana","br":"Guiana","pt":"Guiana","nl":"Guyana","hr":"Gvajana","fa":"?????"},"flag":"https://restcountries.eu/data/guy.svg","regionalBlocs":[{"acronym":"CARICOM","name":"Caribbean Community","otherAcronyms":[],"otherNames":["Comunidad del Caribe","Communauté Caribéenne","Caribische Gemeenschap"]},{"acronym":"USAN","name":"Union of South American Nations","otherAcronyms":["UNASUR","UNASUL","UZAN"],"otherNames":["Unión de Naciones Suramericanas","União de Nações Sul-Americanas","Unie van Zuid-Amerikaanse Naties","South American Union"]}],"cioc":"GUY"},{"name":"Haiti","topLevelDomain":[".ht"],"alpha2Code":"HT","alpha3Code":"HTI","callingCodes":["509"],"capital":"Port-au-Prince","altSpellings":["HT","Republic of Haiti","République d'Haïti","Repiblik Ayiti"],"region":"Americas","subregion":"Caribbean","population":11078033,"latlng":[19.0,-72.41666666],"demonym":"Haitian","area":27750.0,"gini":59.2,"timezones":["UTC-05:00"],"borders":["DOM"],"nativeName":"Haïti","numericCode":"332","currencies":[{"code":"HTG","name":"Haitian gourde","symbol":"G"}],"languages":[{"iso639_1":"fr","iso639_2":"fra","name":"French","nativeName":"français"},{"iso639_1":"ht","iso639_2":"hat","name":"Haitian","nativeName":"Kreyòl ayisyen"}],"translations":{"de":"Haiti","es":"Haiti","fr":"Haïti","ja":"???","it":"Haiti","br":"Haiti","pt":"Haiti","nl":"Haïti","hr":"Haiti","fa":"??????"},"flag":"https://restcountries.eu/data/hti.svg","regionalBlocs":[{"acronym":"CARICOM","name":"Caribbean Community","otherAcronyms":[],"otherNames":["Comunidad del Caribe","Communauté Caribéenne","Caribische Gemeenschap"]}],"cioc":"HAI"},{"name":"Heard Island and McDonald Islands","topLevelDomain":[".hm",".aq"],"alpha2Code":"HM","alpha3Code":"HMD","callingCodes":[""],"capital":"","altSpellings":["HM"],"region":"","subregion":"","population":0,"latlng":[-53.1,72.51666666],"demonym":"Heard and McDonald Islander","area":412.0,"gini":null,"timezones":["UTC+05:00"],"borders":[],"nativeName":"Heard Island and McDonald Islands","numericCode":"334","currencies":[{"code":"AUD","name":"Australian dollar","symbol":"$"}],"languages":[{"iso639_1":"en","iso639_2":"eng","name":"English","nativeName":"English"}],"translations":{"de":"Heard und die McDonaldinseln","es":"Islas Heard y McDonald","fr":"Îles Heard-et-MacDonald","ja":"?????????????","it":"Isole Heard e McDonald","br":"Ilha Heard e Ilhas McDonald","pt":"Ilha Heard e Ilhas McDonald","nl":"Heard- en McDonaldeilanden","hr":"Otok Heard i oto?je McDonald","fa":"????? ??? ? ????? ?????????"},"flag":"https://restcountries.eu/data/hmd.svg","regionalBlocs":[],"cioc":""},{"name":"Holy See","topLevelDomain":[".va"],"alpha2Code":"VA","alpha3Code":"VAT","callingCodes":["379"],"capital":"Rome","altSpellings":["Sancta Sedes","Vatican","The Vatican"],"region":"Europe","subregion":"Southern Europe","population":451,"latlng":[41.9,12.45],"demonym":"","area":0.44,"gini":null,"timezones":["UTC+01:00"],"borders":["ITA"],"nativeName":"Sancta Sedes","numericCode":"336","currencies":[{"code":"EUR","name":"Euro","symbol":"€"}],"languages":[{"iso639_1":"la","iso639_2":"lat","name":"Latin","nativeName":"latine"},{"iso639_1":"it","iso639_2":"ita","name":"Italian","nativeName":"Italiano"},{"iso639_1":"fr","iso639_2":"fra","name":"French","nativeName":"français"},{"iso639_1":"de","iso639_2":"deu","name":"German","nativeName":"Deutsch"}],"translations":{"de":"Heiliger Stuhl","es":"Santa Sede","fr":"voir Saint","ja":"??","it":"Santa Sede","br":"Vaticano","pt":"Vaticano","nl":"Heilige Stoel","hr":"Sveta Stolica","fa":"???? ????"},"flag":"https://restcountries.eu/data/vat.svg","regionalBlocs":[],"cioc":""},{"name":"Honduras","topLevelDomain":[".hn"],"alpha2Code":"HN","alpha3Code":"HND","callingCodes":["504"],"capital":"Tegucigalpa","altSpellings":["HN","Republic of Honduras","República de Honduras"],"region":"Americas","subregion":"Central America","population":8576532,"latlng":[15.0,-86.5],"demonym":"Honduran","area":112492.0,"gini":57.0,"timezones":["UTC-06:00"],"borders":["GTM","SLV","NIC"],"nativeName":"Honduras","numericCode":"340","currencies":[{"code":"HNL","name":"Honduran lempira","symbol":"L"}],"languages":[{"iso639_1":"es","iso639_2":"spa","name":"Spanish","nativeName":"Español"}],"translations":{"de":"Honduras","es":"Honduras","fr":"Honduras","ja":"??????","it":"Honduras","br":"Honduras","pt":"Honduras","nl":"Honduras","hr":"Honduras","fa":"???????"},"flag":"https://restcountries.eu/data/hnd.svg","regionalBlocs":[{"acronym":"CAIS","name":"Central American Integration System","otherAcronyms":["SICA"],"otherNames":["Sistema de la Integración Centroamericana,"]}],"cioc":"HON"},{"name":"Hong Kong","topLevelDomain":[".hk"],"alpha2Code":"HK","alpha3Code":"HKG","callingCodes":["852"],"capital":"City of Victoria","altSpellings":["HK","??"],"region":"Asia","subregion":"Eastern Asia","population":7324300,"latlng":[22.25,114.16666666],"demonym":"Chinese","area":1104.0,"gini":53.3,"timezones":["UTC+08:00"],"borders":["CHN"],"nativeName":"??","numericCode":"344","currencies":[{"code":"HKD","name":"Hong Kong dollar","symbol":"$"}],"languages":[{"iso639_1":"en","iso639_2":"eng","name":"English","nativeName":"English"},{"iso639_1":"zh","iso639_2":"zho","name":"Chinese","nativeName":"?? (Zh?ngwén)"}],"translations":{"de":"Hong Kong","es":"Hong Kong","fr":"Hong Kong","ja":"??","it":"Hong Kong","br":"Hong Kong","pt":"Hong Kong","nl":"Hongkong","hr":"Hong Kong","fa":"???????"},"flag":"https://restcountries.eu/data/hkg.svg","regionalBlocs":[],"cioc":"HKG"},{"name":"Hungary","topLevelDomain":[".hu"],"alpha2Code":"HU","alpha3Code":"HUN","callingCodes":["36"],"capital":"Budapest","altSpellings":["HU"],"region":"Europe","subregion":"Eastern Europe","population":9823000,"latlng":[47.0,20.0],"demonym":"Hungarian","area":93028.0,"gini":31.2,"timezones":["UTC+01:00"],"borders":["AUT","HRV","ROU","SRB","SVK","SVN","UKR"],"nativeName":"Magyarország","numericCode":"348","currencies":[{"code":"HUF","name":"Hungarian forint","symbol":"Ft"}],"languages":[{"iso639_1":"hu","iso639_2":"hun","name":"Hungarian","nativeName":"magyar"}],"translations":{"de":"Ungarn","es":"Hungría","fr":"Hongrie","ja":"?????","it":"Ungheria","br":"Hungria","pt":"Hungria","nl":"Hongarije","hr":"Ma?arska","fa":"????????"},"flag":"https://restcountries.eu/data/hun.svg","regionalBlocs":[{"acronym":"EU","name":"European Union","otherAcronyms":[],"otherNames":[]}],"cioc":"HUN"},{"name":"Iceland","topLevelDomain":[".is"],"alpha2Code":"IS","alpha3Code":"ISL","callingCodes":["354"],"capital":"Reykjavík","altSpellings":["IS","Island","Republic of Iceland","Lýðveldið Ísland"],"region":"Europe","subregion":"Northern Europe","population":334300,"latlng":[65.0,-18.0],"demonym":"Icelander","area":103000.0,"gini":null,"timezones":["UTC"],"borders":[],"nativeName":"Ísland","numericCode":"352","currencies":[{"code":"ISK","name":"Icelandic króna","symbol":"kr"}],"languages":[{"iso639_1":"is","iso639_2":"isl","name":"Icelandic","nativeName":"Íslenska"}],"translations":{"de":"Island","es":"Islandia","fr":"Islande","ja":"??????","it":"Islanda","br":"Islândia","pt":"Islândia","nl":"IJsland","hr":"Island","fa":"??????"},"flag":"https://restcountries.eu/data/isl.svg","regionalBlocs":[{"acronym":"EFTA","name":"European Free Trade Association","otherAcronyms":[],"otherNames":[]}],"cioc":"ISL"},{"name":"India","topLevelDomain":[".in"],"alpha2Code":"IN","alpha3Code":"IND","callingCodes":["91"],"capital":"New Delhi","altSpellings":["IN","Bh?rat","Republic of India","Bharat Ganrajya"],"region":"Asia","subregion":"Southern Asia","population":1295210000,"latlng":[20.0,77.0],"demonym":"Indian","area":3287590.0,"gini":33.4,"timezones":["UTC+05:30"],"borders":["AFG","BGD","BTN","MMR","CHN","NPL","PAK","LKA"],"nativeName":"????","numericCode":"356","currencies":[{"code":"INR","name":"Indian rupee","symbol":"?"}],"languages":[{"iso639_1":"hi","iso639_2":"hin","name":"Hindi","nativeName":"??????"},{"iso639_1":"en","iso639_2":"eng","name":"English","nativeName":"English"}],"translations":{"de":"Indien","es":"India","fr":"Inde","ja":"???","it":"India","br":"Índia","pt":"Índia","nl":"India","hr":"Indija","fa":"???"},"flag":"https://restcountries.eu/data/ind.svg","regionalBlocs":[{"acronym":"SAARC","name":"South Asian Association for Regional Cooperation","otherAcronyms":[],"otherNames":[]}],"cioc":"IND"},{"name":"Indonesia","topLevelDomain":[".id"],"alpha2Code":"ID","alpha3Code":"IDN","callingCodes":["62"],"capital":"Jakarta","altSpellings":["ID","Republic of Indonesia","Republik Indonesia"],"region":"Asia","subregion":"South-Eastern Asia","population":258705000,"latlng":[-5.0,120.0],"demonym":"Indonesian","area":1904569.0,"gini":34.0,"timezones":["UTC+07:00","UTC+08:00","UTC+09:00"],"borders":["TLS","MYS","PNG"],"nativeName":"Indonesia","numericCode":"360","currencies":[{"code":"IDR","name":"Indonesian rupiah","symbol":"Rp"}],"languages":[{"iso639_1":"id","iso639_2":"ind","name":"Indonesian","nativeName":"Bahasa Indonesia"}],"translations":{"de":"Indonesien","es":"Indonesia","fr":"Indonésie","ja":"??????","it":"Indonesia","br":"Indonésia","pt":"Indonésia","nl":"Indonesië","hr":"Indonezija","fa":"???????"},"flag":"https://restcountries.eu/data/idn.svg","regionalBlocs":[{"acronym":"ASEAN","name":"Association of Southeast Asian Nations","otherAcronyms":[],"otherNames":[]}],"cioc":"INA"},{"name":"Côte d'Ivoire","topLevelDomain":[".ci"],"alpha2Code":"CI","alpha3Code":"CIV","callingCodes":["225"],"capital":"Yamoussoukro","altSpellings":["CI","Ivory Coast","Republic of Côte d'Ivoire","République de Côte d'Ivoire"],"region":"Africa","subregion":"Western Africa","population":22671331,"latlng":[8.0,-5.0],"demonym":"Ivorian","area":322463.0,"gini":41.5,"timezones":["UTC"],"borders":["BFA","GHA","GIN","LBR","MLI"],"nativeName":"Côte d'Ivoire","numericCode":"384","currencies":[{"code":"XOF","name":"West African CFA franc","symbol":"Fr"}],"languages":[{"iso639_1":"fr","iso639_2":"fra","name":"French","nativeName":"français"}],"translations":{"de":"Elfenbeinküste","es":"Costa de Marfil","fr":"Côte d'Ivoire","ja":"????????","it":"Costa D'Avorio","br":"Costa do Marfim","pt":"Costa do Marfim","nl":"Ivoorkust","hr":"Obala Bjelokosti","fa":"???? ???"},"flag":"https://restcountries.eu/data/civ.svg","regionalBlocs":[{"acronym":"AU","name":"African Union","otherAcronyms":[],"otherNames":["??????? ????????","Union africaine","União Africana","Unión Africana","Umoja wa Afrika"]}],"cioc":"CIV"},{"name":"Iran (Islamic Republic of)","topLevelDomain":[".ir"],"alpha2Code":"IR","alpha3Code":"IRN","callingCodes":["98"],"capital":"Tehran","altSpellings":["IR","Islamic Republic of Iran","Jomhuri-ye Esl?mi-ye Ir?n"],"region":"Asia","subregion":"Southern Asia","population":79369900,"latlng":[32.0,53.0],"demonym":"Iranian","area":1648195.0,"gini":38.3,"timezones":["UTC+03:30"],"borders":["AFG","ARM","AZE","IRQ","PAK","TUR","TKM"],"nativeName":"?????","numericCode":"364","currencies":[{"code":"IRR","name":"Iranian rial","symbol":"?"}],"languages":[{"iso639_1":"fa","iso639_2":"fas","name":"Persian (Farsi)","nativeName":"?????"}],"translations":{"de":"Iran","es":"Iran","fr":"Iran","ja":"???????????","it":null,"br":"Irã","pt":"Irão","nl":"Iran","hr":"Iran","fa":"?????"},"flag":"https://restcountries.eu/data/irn.svg","regionalBlocs":[],"cioc":"IRI"},{"name":"Iraq","topLevelDomain":[".iq"],"alpha2Code":"IQ","alpha3Code":"IRQ","callingCodes":["964"],"capital":"Baghdad","altSpellings":["IQ","Republic of Iraq","Jumh?riyyat al-‘Ir?q"],"region":"Asia","subregion":"Western Asia","population":37883543,"latlng":[33.0,44.0],"demonym":"Iraqi","area":438317.0,"gini":30.9,"timezones":["UTC+03:00"],"borders":["IRN","JOR","KWT","SAU","SYR","TUR"],"nativeName":"??????","numericCode":"368","currencies":[{"code":"IQD","name":"Iraqi dinar","symbol":"?.?"}],"languages":[{"iso639_1":"ar","iso639_2":"ara","name":"Arabic","nativeName":"???????"},{"iso639_1":"ku","iso639_2":"kur","name":"Kurdish","nativeName":"Kurdî"}],"translations":{"de":"Irak","es":"Irak","fr":"Irak","ja":"???","it":"Iraq","br":"Iraque","pt":"Iraque","nl":"Irak","hr":"Irak","fa":"????"},"flag":"https://restcountries.eu/data/irq.svg","regionalBlocs":[{"acronym":"AL","name":"Arab League","otherAcronyms":[],"otherNames":["????? ????? ???????","J?mi?at ad-Duwal al-?Arab?yah","League of Arab States"]}],"cioc":"IRQ"},{"name":"Ireland","topLevelDomain":[".ie"],"alpha2Code":"IE","alpha3Code":"IRL","callingCodes":["353"],"capital":"Dublin","altSpellings":["IE","Éire","Republic of Ireland","Poblacht na hÉireann"],"region":"Europe","subregion":"Northern Europe","population":6378000,"latlng":[53.0,-8.0],"demonym":"Irish","area":70273.0,"gini":34.3,"timezones":["UTC"],"borders":["GBR"],"nativeName":"Éire","numericCode":"372","currencies":[{"code":"EUR","name":"Euro","symbol":"€"}],"languages":[{"iso639_1":"ga","iso639_2":"gle","name":"Irish","nativeName":"Gaeilge"},{"iso639_1":"en","iso639_2":"eng","name":"English","nativeName":"English"}],"translations":{"de":"Irland","es":"Irlanda","fr":"Irlande","ja":"??????","it":"Irlanda","br":"Irlanda","pt":"Irlanda","nl":"Ierland","hr":"Irska","fa":"??????"},"flag":"https://restcountries.eu/data/irl.svg","regionalBlocs":[{"acronym":"EU","name":"European Union","otherAcronyms":[],"otherNames":[]}],"cioc":"IRL"},{"name":"Isle of Man","topLevelDomain":[".im"],"alpha2Code":"IM","alpha3Code":"IMN","callingCodes":["44"],"capital":"Douglas","altSpellings":["IM","Ellan Vannin","Mann","Mannin"],"region":"Europe","subregion":"Northern Europe","population":84497,"latlng":[54.25,-4.5],"demonym":"Manx","area":572.0,"gini":null,"timezones":["UTC+00:00"],"borders":[],"nativeName":"Isle of Man","numericCode":"833","currencies":[{"code":"GBP","name":"British pound","symbol":"£"},{"code":"IMP[G]","name":"Manx pound","symbol":"£"}],"languages":[{"iso639_1":"en","iso639_2":"eng","name":"English","nativeName":"English"},{"iso639_1":"gv","iso639_2":"glv","name":"Manx","nativeName":"Gaelg"}],"translations":{"de":"Insel Man","es":"Isla de Man","fr":"Île de Man","ja":"???","it":"Isola di Man","br":"Ilha de Man","pt":"Ilha de Man","nl":"Isle of Man","hr":"Otok Man","fa":"????? ??"},"flag":"https://restcountries.eu/data/imn.svg","regionalBlocs":[{"acronym":"EU","name":"European Union","otherAcronyms":[],"otherNames":[]}],"cioc":""},{"name":"Israel","topLevelDomain":[".il"],"alpha2Code":"IL","alpha3Code":"ISR","callingCodes":["972"],"capital":"Jerusalem","altSpellings":["IL","State of Israel","Med?nat Yisr?'el"],"region":"Asia","subregion":"Western Asia","population":8527400,"latlng":[31.5,34.75],"demonym":"Israeli","area":20770.0,"gini":39.2,"timezones":["UTC+02:00"],"borders":["EGY","JOR","LBN","SYR"],"nativeName":"??????????","numericCode":"376","currencies":[{"code":"ILS","name":"Israeli new shekel","symbol":"?"}],"languages":[{"iso639_1":"he","iso639_2":"heb","name":"Hebrew (modern)","nativeName":"?????"},{"iso639_1":"ar","iso639_2":"ara","name":"Arabic","nativeName":"???????"}],"translations":{"de":"Israel","es":"Israel","fr":"Israël","ja":"?????","it":"Israele","br":"Israel","pt":"Israel","nl":"Israël","hr":"Izrael","fa":"???????"},"flag":"https://restcountries.eu/data/isr.svg","regionalBlocs":[],"cioc":"ISR"},{"name":"Italy","topLevelDomain":[".it"],"alpha2Code":"IT","alpha3Code":"ITA","callingCodes":["39"],"capital":"Rome","altSpellings":["IT","Italian Republic","Repubblica italiana"],"region":"Europe","subregion":"Southern Europe","population":60665551,"latlng":[42.83333333,12.83333333],"demonym":"Italian","area":301336.0,"gini":36.0,"timezones":["UTC+01:00"],"borders":["AUT","FRA","SMR","SVN","CHE","VAT"],"nativeName":"Italia","numericCode":"380","currencies":[{"code":"EUR","name":"Euro","symbol":"€"}],"languages":[{"iso639_1":"it","iso639_2":"ita","name":"Italian","nativeName":"Italiano"}],"translations":{"de":"Italien","es":"Italia","fr":"Italie","ja":"????","it":"Italia","br":"Itália","pt":"Itália","nl":"Italië","hr":"Italija","fa":"???????"},"flag":"https://restcountries.eu/data/ita.svg","regionalBlocs":[{"acronym":"EU","name":"European Union","otherAcronyms":[],"otherNames":[]}],"cioc":"ITA"},{"name":"Jamaica","topLevelDomain":[".jm"],"alpha2Code":"JM","alpha3Code":"JAM","callingCodes":["1876"],"capital":"Kingston","altSpellings":["JM"],"region":"Americas","subregion":"Caribbean","population":2723246,"latlng":[18.25,-77.5],"demonym":"Jamaican","area":10991.0,"gini":45.5,"timezones":["UTC-05:00"],"borders":[],"nativeName":"Jamaica","numericCode":"388","currencies":[{"code":"JMD","name":"Jamaican dollar","symbol":"$"}],"languages":[{"iso639_1":"en","iso639_2":"eng","name":"English","nativeName":"English"}],"translations":{"de":"Jamaika","es":"Jamaica","fr":"Jamaïque","ja":"?????","it":"Giamaica","br":"Jamaica","pt":"Jamaica","nl":"Jamaica","hr":"Jamajka","fa":"????????"},"flag":"https://restcountries.eu/data/jam.svg","regionalBlocs":[{"acronym":"CARICOM","name":"Caribbean Community","otherAcronyms":[],"otherNames":["Comunidad del Caribe","Communauté Caribéenne","Caribische Gemeenschap"]}],"cioc":"JAM"},{"name":"Japan","topLevelDomain":[".jp"],"alpha2Code":"JP","alpha3Code":"JPN","callingCodes":["81"],"capital":"Tokyo","altSpellings":["JP","Nippon","Nihon"],"region":"Asia","subregion":"Eastern Asia","population":126960000,"latlng":[36.0,138.0],"demonym":"Japanese","area":377930.0,"gini":38.1,"timezones":["UTC+09:00"],"borders":[],"nativeName":"??","numericCode":"392","currencies":[{"code":"JPY","name":"Japanese yen","symbol":"¥"}],"languages":[{"iso639_1":"ja","iso639_2":"jpn","name":"Japanese","nativeName":"??? (????)"}],"translations":{"de":"Japan","es":"Japón","fr":"Japon","ja":"??","it":"Giappone","br":"Japão","pt":"Japão","nl":"Japan","hr":"Japan","fa":"????"},"flag":"https://restcountries.eu/data/jpn.svg","regionalBlocs":[],"cioc":"JPN"},{"name":"Jersey","topLevelDomain":[".je"],"alpha2Code":"JE","alpha3Code":"JEY","callingCodes":["44"],"capital":"Saint Helier","altSpellings":["JE","Bailiwick of Jersey","Bailliage de Jersey","Bailliage dé Jèrri"],"region":"Europe","subregion":"Northern Europe","population":100800,"latlng":[49.25,-2.16666666],"demonym":"Channel Islander","area":116.0,"gini":null,"timezones":["UTC+01:00"],"borders":[],"nativeName":"Jersey","numericCode":"832","currencies":[{"code":"GBP","name":"British pound","symbol":"£"},{"code":"JEP[G]","name":"Jersey pound","symbol":"£"}],"languages":[{"iso639_1":"en","iso639_2":"eng","name":"English","nativeName":"English"},{"iso639_1":"fr","iso639_2":"fra","name":"French","nativeName":"français"}],"translations":{"de":"Jersey","es":"Jersey","fr":"Jersey","ja":"?????","it":"Isola di Jersey","br":"Jersey","pt":"Jersey","nl":"Jersey","hr":"Jersey","fa":"????"},"flag":"https://restcountries.eu/data/jey.svg","regionalBlocs":[],"cioc":""},{"name":"Jordan","topLevelDomain":[".jo"],"alpha2Code":"JO","alpha3Code":"JOR","callingCodes":["962"],"capital":"Amman","altSpellings":["JO","Hashemite Kingdom of Jordan","al-Mamlakah al-Urdun?yah al-H?shim?yah"],"region":"Asia","subregion":"Western Asia","population":9531712,"latlng":[31.0,36.0],"demonym":"Jordanian","area":89342.0,"gini":35.4,"timezones":["UTC+03:00"],"borders":["IRQ","ISR","SAU","SYR"],"nativeName":"??????","numericCode":"400","currencies":[{"code":"JOD","name":"Jordanian dinar","symbol":"?.?"}],"languages":[{"iso639_1":"ar","iso639_2":"ara","name":"Arabic","nativeName":"???????"}],"translations":{"de":"Jordanien","es":"Jordania","fr":"Jordanie","ja":"????","it":"Giordania","br":"Jordânia","pt":"Jordânia","nl":"Jordanië","hr":"Jordan","fa":"????"},"flag":"https://restcountries.eu/data/jor.svg","regionalBlocs":[{"acronym":"AL","name":"Arab League","otherAcronyms":[],"otherNames":["????? ????? ???????","J?mi?at ad-Duwal al-?Arab?yah","League of Arab States"]}],"cioc":"JOR"},{"name":"Kazakhstan","topLevelDomain":[".kz",".???"],"alpha2Code":"KZ","alpha3Code":"KAZ","callingCodes":["76","77"],"capital":"Astana","altSpellings":["KZ","Qazaqstan","?????????","Republic of Kazakhstan","????????? ????????????","Qazaqstan Respublïkas?","?????????? ?????????","Respublika Kazakhstan"],"region":"Asia","subregion":"Central Asia","population":17753200,"latlng":[48.0,68.0],"demonym":"Kazakhstani","area":2724900.0,"gini":29.0,"timezones":["UTC+05:00","UTC+06:00"],"borders":["CHN","KGZ","RUS","TKM","UZB"],"nativeName":"?????????","numericCode":"398","currencies":[{"code":"KZT","name":"Kazakhstani tenge","symbol":null}],"languages":[{"iso639_1":"kk","iso639_2":"kaz","name":"Kazakh","nativeName":"????? ????"},{"iso639_1":"ru","iso639_2":"rus","name":"Russian","nativeName":"???????"}],"translations":{"de":"Kasachstan","es":"Kazajistán","fr":"Kazakhstan","ja":"??????","it":"Kazakistan","br":"Cazaquistão","pt":"Cazaquistão","nl":"Kazachstan","hr":"Kazahstan","fa":"????????"},"flag":"https://restcountries.eu/data/kaz.svg","regionalBlocs":[{"acronym":"EEU","name":"Eurasian Economic Union","otherAcronyms":["EAEU"],"otherNames":[]}],"cioc":"KAZ"},{"name":"Kenya","topLevelDomain":[".ke"],"alpha2Code":"KE","alpha3Code":"KEN","callingCodes":["254"],"capital":"Nairobi","altSpellings":["KE","Republic of Kenya","Jamhuri ya Kenya"],"region":"Africa","subregion":"Eastern Africa","population":47251000,"latlng":[1.0,38.0],"demonym":"Kenyan","area":580367.0,"gini":47.7,"timezones":["UTC+03:00"],"borders":["ETH","SOM","SSD","TZA","UGA"],"nativeName":"Kenya","numericCode":"404","currencies":[{"code":"KES","name":"Kenyan shilling","symbol":"Sh"}],"languages":[{"iso639_1":"en","iso639_2":"eng","name":"English","nativeName":"English"},{"iso639_1":"sw","iso639_2":"swa","name":"Swahili","nativeName":"Kiswahili"}],"translations":{"de":"Kenia","es":"Kenia","fr":"Kenya","ja":"???","it":"Kenya","br":"Quênia","pt":"Quénia","nl":"Kenia","hr":"Kenija","fa":"????"},"flag":"https://restcountries.eu/data/ken.svg","regionalBlocs":[{"acronym":"AU","name":"African Union","otherAcronyms":[],"otherNames":["??????? ????????","Union africaine","União Africana","Unión Africana","Umoja wa Afrika"]}],"cioc":"KEN"},{"name":"Kiribati","topLevelDomain":[".ki"],"alpha2Code":"KI","alpha3Code":"KIR","callingCodes":["686"],"capital":"South Tarawa","altSpellings":["KI","Republic of Kiribati","Ribaberiki Kiribati"],"region":"Oceania","subregion":"Micronesia","population":113400,"latlng":[1.41666666,173.0],"demonym":"I-Kiribati","area":811.0,"gini":null,"timezones":["UTC+12:00","UTC+13:00","UTC+14:00"],"borders":[],"nativeName":"Kiribati","numericCode":"296","currencies":[{"code":"AUD","name":"Australian dollar","symbol":"$"},{"code":"(none)","name":"Kiribati dollar","symbol":"$"}],"languages":[{"iso639_1":"en","iso639_2":"eng","name":"English","nativeName":"English"}],"translations":{"de":"Kiribati","es":"Kiribati","fr":"Kiribati","ja":"????","it":"Kiribati","br":"Kiribati","pt":"Quiribáti","nl":"Kiribati","hr":"Kiribati","fa":"????????"},"flag":"https://restcountries.eu/data/kir.svg","regionalBlocs":[],"cioc":"KIR"},{"name":"Kuwait","topLevelDomain":[".kw"],"alpha2Code":"KW","alpha3Code":"KWT","callingCodes":["965"],"capital":"Kuwait City","altSpellings":["KW","State of Kuwait","Dawlat al-Kuwait"],"region":"Asia","subregion":"Western Asia","population":4183658,"latlng":[29.5,45.75],"demonym":"Kuwaiti","area":17818.0,"gini":null,"timezones":["UTC+03:00"],"borders":["IRN","SAU"],"nativeName":"??????","numericCode":"414","currencies":[{"code":"KWD","name":"Kuwaiti dinar","symbol":"?.?"}],"languages":[{"iso639_1":"ar","iso639_2":"ara","name":"Arabic","nativeName":"???????"}],"translations":{"de":"Kuwait","es":"Kuwait","fr":"Koweït","ja":"?????","it":"Kuwait","br":"Kuwait","pt":"Kuwait","nl":"Koeweit","hr":"Kuvajt","fa":"????"},"flag":"https://restcountries.eu/data/kwt.svg","regionalBlocs":[{"acronym":"AL","name":"Arab League","otherAcronyms":[],"otherNames":["????? ????? ???????","J?mi?at ad-Duwal al-?Arab?yah","League of Arab States"]}],"cioc":"KUW"},{"name":"Kyrgyzstan","topLevelDomain":[".kg"],"alpha2Code":"KG","alpha3Code":"KGZ","callingCodes":["996"],"capital":"Bishkek","altSpellings":["KG","????????","Kyrgyz Republic","?????? ????????????","Kyrgyz Respublikasy"],"region":"Asia","subregion":"Central Asia","population":6047800,"latlng":[41.0,75.0],"demonym":"Kirghiz","area":199951.0,"gini":36.2,"timezones":["UTC+06:00"],"borders":["CHN","KAZ","TJK","UZB"],"nativeName":"??????????","numericCode":"417","currencies":[{"code":"KGS","name":"Kyrgyzstani som","symbol":"?"}],"languages":[{"iso639_1":"ky","iso639_2":"kir","name":"Kyrgyz","nativeName":"????????"},{"iso639_1":"ru","iso639_2":"rus","name":"Russian","nativeName":"???????"}],"translations":{"de":"Kirgisistan","es":"Kirguizistán","fr":"Kirghizistan","ja":"????","it":"Kirghizistan","br":"Quirguistão","pt":"Quirguizistão","nl":"Kirgizië","hr":"Kirgistan","fa":"?????????"},"flag":"https://restcountries.eu/data/kgz.svg","regionalBlocs":[{"acronym":"EEU","name":"Eurasian Economic Union","otherAcronyms":["EAEU"],"otherNames":[]}],"cioc":"KGZ"},{"name":"Lao People's Democratic Republic","topLevelDomain":[".la"],"alpha2Code":"LA","alpha3Code":"LAO","callingCodes":["856"],"capital":"Vientiane","altSpellings":["LA","Lao","Laos","Lao People's Democratic Republic","Sathalanalat Paxathipatai Paxaxon Lao"],"region":"Asia","subregion":"South-Eastern Asia","population":6492400,"latlng":[18.0,105.0],"demonym":"Laotian","area":236800.0,"gini":36.7,"timezones":["UTC+07:00"],"borders":["MMR","KHM","CHN","THA","VNM"],"nativeName":"??????","numericCode":"418","currencies":[{"code":"LAK","name":"Lao kip","symbol":"?"}],"languages":[{"iso639_1":"lo","iso639_2":"lao","name":"Lao","nativeName":"???????"}],"translations":{"de":"Laos","es":"Laos","fr":"Laos","ja":"??????????","it":"Laos","br":"Laos","pt":"Laos","nl":"Laos","hr":"Laos","fa":"?????"},"flag":"https://restcountries.eu/data/lao.svg","regionalBlocs":[{"acronym":"ASEAN","name":"Association of Southeast Asian Nations","otherAcronyms":[],"otherNames":[]}],"cioc":"LAO"},{"name":"Latvia","topLevelDomain":[".lv"],"alpha2Code":"LV","alpha3Code":"LVA","callingCodes":["371"],"capital":"Riga","altSpellings":["LV","Republic of Latvia","Latvijas Republika"],"region":"Europe","subregion":"Northern Europe","population":1961600,"latlng":[57.0,25.0],"demonym":"Latvian","area":64559.0,"gini":36.6,"timezones":["UTC+02:00"],"borders":["BLR","EST","LTU","RUS"],"nativeName":"Latvija","numericCode":"428","currencies":[{"code":"EUR","name":"Euro","symbol":"€"}],"languages":[{"iso639_1":"lv","iso639_2":"lav","name":"Latvian","nativeName":"latviešu valoda"}],"translations":{"de":"Lettland","es":"Letonia","fr":"Lettonie","ja":"????","it":"Lettonia","br":"Letônia","pt":"Letónia","nl":"Letland","hr":"Latvija","fa":"?????"},"flag":"https://restcountries.eu/data/lva.svg","regionalBlocs":[{"acronym":"EU","name":"European Union","otherAcronyms":[],"otherNames":[]}],"cioc":"LAT"},{"name":"Lebanon","topLevelDomain":[".lb"],"alpha2Code":"LB","alpha3Code":"LBN","callingCodes":["961"],"capital":"Beirut","altSpellings":["LB","Lebanese Republic","Al-Jumh?r?yah Al-Libn?n?yah"],"region":"Asia","subregion":"Western Asia","population":5988000,"latlng":[33.83333333,35.83333333],"demonym":"Lebanese","area":10452.0,"gini":null,"timezones":["UTC+02:00"],"borders":["ISR","SYR"],"nativeName":"?????","numericCode":"422","currencies":[{"code":"LBP","name":"Lebanese pound","symbol":"?.?"}],"languages":[{"iso639_1":"ar","iso639_2":"ara","name":"Arabic","nativeName":"???????"},{"iso639_1":"fr","iso639_2":"fra","name":"French","nativeName":"français"}],"translations":{"de":"Libanon","es":"Líbano","fr":"Liban","ja":"????","it":"Libano","br":"Líbano","pt":"Líbano","nl":"Libanon","hr":"Libanon","fa":"?????"},"flag":"https://restcountries.eu/data/lbn.svg","regionalBlocs":[{"acronym":"AL","name":"Arab League","otherAcronyms":[],"otherNames":["????? ????? ???????","J?mi?at ad-Duwal al-?Arab?yah","League of Arab States"]}],"cioc":"LIB"},{"name":"Lesotho","topLevelDomain":[".ls"],"alpha2Code":"LS","alpha3Code":"LSO","callingCodes":["266"],"capital":"Maseru","altSpellings":["LS","Kingdom of Lesotho","Muso oa Lesotho"],"region":"Africa","subregion":"Southern Africa","population":1894194,"latlng":[-29.5,28.5],"demonym":"Mosotho","area":30355.0,"gini":52.5,"timezones":["UTC+02:00"],"borders":["ZAF"],"nativeName":"Lesotho","numericCode":"426","currencies":[{"code":"LSL","name":"Lesotho loti","symbol":"L"},{"code":"ZAR","name":"South African rand","symbol":"R"}],"languages":[{"iso639_1":"en","iso639_2":"eng","name":"English","nativeName":"English"},{"iso639_1":"st","iso639_2":"sot","name":"Southern Sotho","nativeName":"Sesotho"}],"translations":{"de":"Lesotho","es":"Lesotho","fr":"Lesotho","ja":"???","it":"Lesotho","br":"Lesoto","pt":"Lesoto","nl":"Lesotho","hr":"Lesoto","fa":"?????"},"flag":"https://restcountries.eu/data/lso.svg","regionalBlocs":[{"acronym":"AU","name":"African Union","otherAcronyms":[],"otherNames":["??????? ????????","Union africaine","União Africana","Unión Africana","Umoja wa Afrika"]}],"cioc":"LES"},{"name":"Liberia","topLevelDomain":[".lr"],"alpha2Code":"LR","alpha3Code":"LBR","callingCodes":["231"],"capital":"Monrovia","altSpellings":["LR","Republic of Liberia"],"region":"Africa","subregion":"Western Africa","population":4615000,"latlng":[6.5,-9.5],"demonym":"Liberian","area":111369.0,"gini":38.2,"timezones":["UTC"],"borders":["GIN","CIV","SLE"],"nativeName":"Liberia","numericCode":"430","currencies":[{"code":"LRD","name":"Liberian dollar","symbol":"$"}],"languages":[{"iso639_1":"en","iso639_2":"eng","name":"English","nativeName":"English"}],"translations":{"de":"Liberia","es":"Liberia","fr":"Liberia","ja":"????","it":"Liberia","br":"Libéria","pt":"Libéria","nl":"Liberia","hr":"Liberija","fa":"??????"},"flag":"https://restcountries.eu/data/lbr.svg","regionalBlocs":[{"acronym":"AU","name":"African Union","otherAcronyms":[],"otherNames":["??????? ????????","Union africaine","União Africana","Unión Africana","Umoja wa Afrika"]}],"cioc":"LBR"},{"name":"Libya","topLevelDomain":[".ly"],"alpha2Code":"LY","alpha3Code":"LBY","callingCodes":["218"],"capital":"Tripoli","altSpellings":["LY","State of Libya","Dawlat Libya"],"region":"Africa","subregion":"Northern Africa","population":6385000,"latlng":[25.0,17.0],"demonym":"Libyan","area":1759540.0,"gini":null,"timezones":["UTC+01:00"],"borders":["DZA","TCD","EGY","NER","SDN","TUN"],"nativeName":"??????","numericCode":"434","currencies":[{"code":"LYD","name":"Libyan dinar","symbol":"?.?"}],"languages":[{"iso639_1":"ar","iso639_2":"ara","name":"Arabic","nativeName":"???????"}],"translations":{"de":"Libyen","es":"Libia","fr":"Libye","ja":"???","it":"Libia","br":"Líbia","pt":"Líbia","nl":"Libië","hr":"Libija","fa":"????"},"flag":"https://restcountries.eu/data/lby.svg","regionalBlocs":[{"acronym":"AU","name":"African Union","otherAcronyms":[],"otherNames":["??????? ????????","Union africaine","União Africana","Unión Africana","Umoja wa Afrika"]},{"acronym":"AL","name":"Arab League","otherAcronyms":[],"otherNames":["????? ????? ???????","J?mi?at ad-Duwal al-?Arab?yah","League of Arab States"]}],"cioc":"LBA"},{"name":"Liechtenstein","topLevelDomain":[".li"],"alpha2Code":"LI","alpha3Code":"LIE","callingCodes":["423"],"capital":"Vaduz","altSpellings":["LI","Principality of Liechtenstein","Fürstentum Liechtenstein"],"region":"Europe","subregion":"Western Europe","population":37623,"latlng":[47.26666666,9.53333333],"demonym":"Liechtensteiner","area":160.0,"gini":null,"timezones":["UTC+01:00"],"borders":["AUT","CHE"],"nativeName":"Liechtenstein","numericCode":"438","currencies":[{"code":"CHF","name":"Swiss franc","symbol":"Fr"}],"languages":[{"iso639_1":"de","iso639_2":"deu","name":"German","nativeName":"Deutsch"}],"translations":{"de":"Liechtenstein","es":"Liechtenstein","fr":"Liechtenstein","ja":"?????????","it":"Liechtenstein","br":"Liechtenstein","pt":"Listenstaine","nl":"Liechtenstein","hr":"Lihtenštajn","fa":"????????????"},"flag":"https://restcountries.eu/data/lie.svg","regionalBlocs":[{"acronym":"EFTA","name":"European Free Trade Association","otherAcronyms":[],"otherNames":[]}],"cioc":"LIE"},{"name":"Lithuania","topLevelDomain":[".lt"],"alpha2Code":"LT","alpha3Code":"LTU","callingCodes":["370"],"capital":"Vilnius","altSpellings":["LT","Republic of Lithuania","Lietuvos Respublika"],"region":"Europe","subregion":"Northern Europe","population":2872294,"latlng":[56.0,24.0],"demonym":"Lithuanian","area":65300.0,"gini":37.6,"timezones":["UTC+02:00"],"borders":["BLR","LVA","POL","RUS"],"nativeName":"Lietuva","numericCode":"440","currencies":[{"code":"EUR","name":"Euro","symbol":"€"}],"languages":[{"iso639_1":"lt","iso639_2":"lit","name":"Lithuanian","nativeName":"lietuvi? kalba"}],"translations":{"de":"Litauen","es":"Lituania","fr":"Lituanie","ja":"?????","it":"Lituania","br":"Lituânia","pt":"Lituânia","nl":"Litouwen","hr":"Litva","fa":"???????"},"flag":"https://restcountries.eu/data/ltu.svg","regionalBlocs":[{"acronym":"EU","name":"European Union","otherAcronyms":[],"otherNames":[]}],"cioc":"LTU"},{"name":"Luxembourg","topLevelDomain":[".lu"],"alpha2Code":"LU","alpha3Code":"LUX","callingCodes":["352"],"capital":"Luxembourg","altSpellings":["LU","Grand Duchy of Luxembourg","Grand-Duché de Luxembourg","Großherzogtum Luxemburg","Groussherzogtum Lëtzebuerg"],"region":"Europe","subregion":"Western Europe","population":576200,"latlng":[49.75,6.16666666],"demonym":"Luxembourger","area":2586.0,"gini":30.8,"timezones":["UTC+01:00"],"borders":["BEL","FRA","DEU"],"nativeName":"Luxembourg","numericCode":"442","currencies":[{"code":"EUR","name":"Euro","symbol":"€"}],"languages":[{"iso639_1":"fr","iso639_2":"fra","name":"French","nativeName":"français"},{"iso639_1":"de","iso639_2":"deu","name":"German","nativeName":"Deutsch"},{"iso639_1":"lb","iso639_2":"ltz","name":"Luxembourgish","nativeName":"Lëtzebuergesch"}],"translations":{"de":"Luxemburg","es":"Luxemburgo","fr":"Luxembourg","ja":"???????","it":"Lussemburgo","br":"Luxemburgo","pt":"Luxemburgo","nl":"Luxemburg","hr":"Luksemburg","fa":"??????????"},"flag":"https://restcountries.eu/data/lux.svg","regionalBlocs":[{"acronym":"EU","name":"European Union","otherAcronyms":[],"otherNames":[]}],"cioc":"LUX"},{"name":"Macao","topLevelDomain":[".mo"],"alpha2Code":"MO","alpha3Code":"MAC","callingCodes":["853"],"capital":"","altSpellings":["MO","??","Macao Special Administrative Region of the People's Republic of China","??????????????","Região Administrativa Especial de Macau da República Popular da China"],"region":"Asia","subregion":"Eastern Asia","population":649100,"latlng":[22.16666666,113.55],"demonym":"Chinese","area":30.0,"gini":null,"timezones":["UTC+08:00"],"borders":["CHN"],"nativeName":"??","numericCode":"446","currencies":[{"code":"MOP","name":"Macanese pataca","symbol":"P"}],"languages":[{"iso639_1":"zh","iso639_2":"zho","name":"Chinese","nativeName":"?? (Zh?ngwén)"},{"iso639_1":"pt","iso639_2":"por","name":"Portuguese","nativeName":"Português"}],"translations":{"de":"Macao","es":"Macao","fr":"Macao","ja":"???","it":"Macao","br":"Macau","pt":"Macau","nl":"Macao","hr":"Makao","fa":"?????"},"flag":"https://restcountries.eu/data/mac.svg","regionalBlocs":[],"cioc":""},{"name":"Macedonia (the former Yugoslav Republic of)","topLevelDomain":[".mk"],"alpha2Code":"MK","alpha3Code":"MKD","callingCodes":["389"],"capital":"Skopje","altSpellings":["MK","Republic of Macedonia","????????? ??????????"],"region":"Europe","subregion":"Southern Europe","population":2058539,"latlng":[41.83333333,22.0],"demonym":"Macedonian","area":25713.0,"gini":43.2,"timezones":["UTC+01:00"],"borders":["ALB","BGR","GRC","KOS","SRB"],"nativeName":"??????????","numericCode":"807","currencies":[{"code":"MKD","name":"Macedonian denar","symbol":"???"}],"languages":[{"iso639_1":"mk","iso639_2":"mkd","name":"Macedonian","nativeName":"?????????? ?????"}],"translations":{"de":"Mazedonien","es":"Macedonia","fr":"Macédoine","ja":"????????????????","it":"Macedonia","br":"Macedônia","pt":"Macedónia","nl":"Macedonië","hr":"Makedonija","fa":""},"flag":"https://restcountries.eu/data/mkd.svg","regionalBlocs":[{"acronym":"CEFTA","name":"Central European Free Trade Agreement","otherAcronyms":[],"otherNames":[]}],"cioc":"MKD"},{"name":"Madagascar","topLevelDomain":[".mg"],"alpha2Code":"MG","alpha3Code":"MDG","callingCodes":["261"],"capital":"Antananarivo","altSpellings":["MG","Republic of Madagascar","Repoblikan'i Madagasikara","République de Madagascar"],"region":"Africa","subregion":"Eastern Africa","population":22434363,"latlng":[-20.0,47.0],"demonym":"Malagasy","area":587041.0,"gini":44.1,"timezones":["UTC+03:00"],"borders":[],"nativeName":"Madagasikara","numericCode":"450","currencies":[{"code":"MGA","name":"Malagasy ariary","symbol":"Ar"}],"languages":[{"iso639_1":"fr","iso639_2":"fra","name":"French","nativeName":"français"},{"iso639_1":"mg","iso639_2":"mlg","name":"Malagasy","nativeName":"fiteny malagasy"}],"translations":{"de":"Madagaskar","es":"Madagascar","fr":"Madagascar","ja":"??????","it":"Madagascar","br":"Madagascar","pt":"Madagáscar","nl":"Madagaskar","hr":"Madagaskar","fa":"??????????"},"flag":"https://restcountries.eu/data/mdg.svg","regionalBlocs":[{"acronym":"AU","name":"African Union","otherAcronyms":[],"otherNames":["??????? ????????","Union africaine","União Africana","Unión Africana","Umoja wa Afrika"]}],"cioc":"MAD"},{"name":"Malawi","topLevelDomain":[".mw"],"alpha2Code":"MW","alpha3Code":"MWI","callingCodes":["265"],"capital":"Lilongwe","altSpellings":["MW","Republic of Malawi"],"region":"Africa","subregion":"Eastern Africa","population":16832910,"latlng":[-13.5,34.0],"demonym":"Malawian","area":118484.0,"gini":39.0,"timezones":["UTC+02:00"],"borders":["MOZ","TZA","ZMB"],"nativeName":"Malawi","numericCode":"454","currencies":[{"code":"MWK","name":"Malawian kwacha","symbol":"MK"}],"languages":[{"iso639_1":"en","iso639_2":"eng","name":"English","nativeName":"English"},{"iso639_1":"ny","iso639_2":"nya","name":"Chichewa","nativeName":"chiChe?a"}],"translations":{"de":"Malawi","es":"Malawi","fr":"Malawi","ja":"????","it":"Malawi","br":"Malawi","pt":"Malávi","nl":"Malawi","hr":"Malavi","fa":"??????"},"flag":"https://restcountries.eu/data/mwi.svg","regionalBlocs":[{"acronym":"AU","name":"African Union","otherAcronyms":[],"otherNames":["??????? ????????","Union africaine","União Africana","Unión Africana","Umoja wa Afrika"]}],"cioc":"MAW"},{"name":"Malaysia","topLevelDomain":[".my"],"alpha2Code":"MY","alpha3Code":"MYS","callingCodes":["60"],"capital":"Kuala Lumpur","altSpellings":["MY"],"region":"Asia","subregion":"South-Eastern Asia","population":31405416,"latlng":[2.5,112.5],"demonym":"Malaysian","area":330803.0,"gini":46.2,"timezones":["UTC+08:00"],"borders":["BRN","IDN","THA"],"nativeName":"Malaysia","numericCode":"458","currencies":[{"code":"MYR","name":"Malaysian ringgit","symbol":"RM"}],"languages":[{"iso639_1":null,"iso639_2":"zsm","name":"Malaysian","nativeName":"???? ??????"}],"translations":{"de":"Malaysia","es":"Malasia","fr":"Malaisie","ja":"?????","it":"Malesia","br":"Malásia","pt":"Malásia","nl":"Maleisië","hr":"Malezija","fa":"?????"},"flag":"https://restcountries.eu/data/mys.svg","regionalBlocs":[{"acronym":"ASEAN","name":"Association of Southeast Asian Nations","otherAcronyms":[],"otherNames":[]}],"cioc":"MAS"},{"name":"Maldives","topLevelDomain":[".mv"],"alpha2Code":"MV","alpha3Code":"MDV","callingCodes":["960"],"capital":"Malé","altSpellings":["MV","Maldive Islands","Republic of the Maldives","Dhivehi Raajjeyge Jumhooriyya"],"region":"Asia","subregion":"Southern Asia","population":344023,"latlng":[3.25,73.0],"demonym":"Maldivan","area":300.0,"gini":37.4,"timezones":["UTC+05:00"],"borders":[],"nativeName":"Maldives","numericCode":"462","currencies":[{"code":"MVR","name":"Maldivian rufiyaa","symbol":".?"}],"languages":[{"iso639_1":"dv","iso639_2":"div","name":"Divehi","nativeName":"??????"}],"translations":{"de":"Malediven","es":"Maldivas","fr":"Maldives","ja":"?????","it":"Maldive","br":"Maldivas","pt":"Maldivas","nl":"Maldiven","hr":"Maldivi","fa":"??????"},"flag":"https://restcountries.eu/data/mdv.svg","regionalBlocs":[{"acronym":"SAARC","name":"South Asian Association for Regional Cooperation","otherAcronyms":[],"otherNames":[]}],"cioc":"MDV"},{"name":"Mali","topLevelDomain":[".ml"],"alpha2Code":"ML","alpha3Code":"MLI","callingCodes":["223"],"capital":"Bamako","altSpellings":["ML","Republic of Mali","République du Mali"],"region":"Africa","subregion":"Western Africa","population":18135000,"latlng":[17.0,-4.0],"demonym":"Malian","area":1240192.0,"gini":33.0,"timezones":["UTC"],"borders":["DZA","BFA","GIN","CIV","MRT","NER","SEN"],"nativeName":"Mali","numericCode":"466","currencies":[{"code":"XOF","name":"West African CFA franc","symbol":"Fr"}],"languages":[{"iso639_1":"fr","iso639_2":"fra","name":"French","nativeName":"français"}],"translations":{"de":"Mali","es":"Mali","fr":"Mali","ja":"??","it":"Mali","br":"Mali","pt":"Mali","nl":"Mali","hr":"Mali","fa":"????"},"flag":"https://restcountries.eu/data/mli.svg","regionalBlocs":[{"acronym":"AU","name":"African Union","otherAcronyms":[],"otherNames":["??????? ????????","Union africaine","União Africana","Unión Africana","Umoja wa Afrika"]}],"cioc":"MLI"},{"name":"Malta","topLevelDomain":[".mt"],"alpha2Code":"MT","alpha3Code":"MLT","callingCodes":["356"],"capital":"Valletta","altSpellings":["MT","Republic of Malta","Repubblika ta' Malta"],"region":"Europe","subregion":"Southern Europe","population":425384,"latlng":[35.83333333,14.58333333],"demonym":"Maltese","area":316.0,"gini":null,"timezones":["UTC+01:00"],"borders":[],"nativeName":"Malta","numericCode":"470","currencies":[{"code":"EUR","name":"Euro","symbol":"€"}],"languages":[{"iso639_1":"mt","iso639_2":"mlt","name":"Maltese","nativeName":"Malti"},{"iso639_1":"en","iso639_2":"eng","name":"English","nativeName":"English"}],"translations":{"de":"Malta","es":"Malta","fr":"Malte","ja":"???","it":"Malta","br":"Malta","pt":"Malta","nl":"Malta","hr":"Malta","fa":"????"},"flag":"https://restcountries.eu/data/mlt.svg","regionalBlocs":[{"acronym":"EU","name":"European Union","otherAcronyms":[],"otherNames":[]}],"cioc":"MLT"},{"name":"Marshall Islands","topLevelDomain":[".mh"],"alpha2Code":"MH","alpha3Code":"MHL","callingCodes":["692"],"capital":"Majuro","altSpellings":["MH","Republic of the Marshall Islands","Aolep?n Aor?kin M?aje?"],"region":"Oceania","subregion":"Micronesia","population":54880,"latlng":[9.0,168.0],"demonym":"Marshallese","area":181.0,"gini":null,"timezones":["UTC+12:00"],"borders":[],"nativeName":"M?aje?","numericCode":"584","currencies":[{"code":"USD","name":"United States dollar","symbol":"$"}],"languages":[{"iso639_1":"en","iso639_2":"eng","name":"English","nativeName":"English"},{"iso639_1":"mh","iso639_2":"mah","name":"Marshallese","nativeName":"Kajin M?aje?"}],"translations":{"de":"Marshallinseln","es":"Islas Marshall","fr":"Îles Marshall","ja":"???????","it":"Isole Marshall","br":"Ilhas Marshall","pt":"Ilhas Marshall","nl":"Marshalleilanden","hr":"Maršalovi Otoci","fa":"????? ??????"},"flag":"https://restcountries.eu/data/mhl.svg","regionalBlocs":[],"cioc":"MHL"},{"name":"Martinique","topLevelDomain":[".mq"],"alpha2Code":"MQ","alpha3Code":"MTQ","callingCodes":["596"],"capital":"Fort-de-France","altSpellings":["MQ"],"region":"Americas","subregion":"Caribbean","population":378243,"latlng":[14.666667,-61.0],"demonym":"French","area":null,"gini":null,"timezones":["UTC-04:00"],"borders":[],"nativeName":"Martinique","numericCode":"474","currencies":[{"code":"EUR","name":"Euro","symbol":"€"}],"languages":[{"iso639_1":"fr","iso639_2":"fra","name":"French","nativeName":"français"}],"translations":{"de":"Martinique","es":"Martinica","fr":"Martinique","ja":"???????","it":"Martinica","br":"Martinica","pt":"Martinica","nl":"Martinique","hr":"Martinique","fa":"????????"},"flag":"https://restcountries.eu/data/mtq.svg","regionalBlocs":[],"cioc":""},{"name":"Mauritania","topLevelDomain":[".mr"],"alpha2Code":"MR","alpha3Code":"MRT","callingCodes":["222"],"capital":"Nouakchott","altSpellings":["MR","Islamic Republic of Mauritania","al-Jumh?riyyah al-?Isl?miyyah al-M?r?t?niyyah"],"region":"Africa","subregion":"Western Africa","population":3718678,"latlng":[20.0,-12.0],"demonym":"Mauritanian","area":1030700.0,"gini":40.5,"timezones":["UTC"],"borders":["DZA","MLI","SEN","ESH"],"nativeName":"?????????","numericCode":"478","currencies":[{"code":"MRO","name":"Mauritanian ouguiya","symbol":"UM"}],"languages":[{"iso639_1":"ar","iso639_2":"ara","name":"Arabic","nativeName":"???????"}],"translations":{"de":"Mauretanien","es":"Mauritania","fr":"Mauritanie","ja":"??????","it":"Mauritania","br":"Mauritânia","pt":"Mauritânia","nl":"Mauritanië","hr":"Mauritanija","fa":"????????"},"flag":"https://restcountries.eu/data/mrt.svg","regionalBlocs":[{"acronym":"AU","name":"African Union","otherAcronyms":[],"otherNames":["??????? ????????","Union africaine","União Africana","Unión Africana","Umoja wa Afrika"]},{"acronym":"AL","name":"Arab League","otherAcronyms":[],"otherNames":["????? ????? ???????","J?mi?at ad-Duwal al-?Arab?yah","League of Arab States"]}],"cioc":"MTN"},{"name":"Mauritius","topLevelDomain":[".mu"],"alpha2Code":"MU","alpha3Code":"MUS","callingCodes":["230"],"capital":"Port Louis","altSpellings":["MU","Republic of Mauritius","République de Maurice"],"region":"Africa","subregion":"Eastern Africa","population":1262879,"latlng":[-20.28333333,57.55],"demonym":"Mauritian","area":2040.0,"gini":null,"timezones":["UTC+04:00"],"borders":[],"nativeName":"Maurice","numericCode":"480","currencies":[{"code":"MUR","name":"Mauritian rupee","symbol":"?"}],"languages":[{"iso639_1":"en","iso639_2":"eng","name":"English","nativeName":"English"}],"translations":{"de":"Mauritius","es":"Mauricio","fr":"Île Maurice","ja":"??????","it":"Mauritius","br":"Maurício","pt":"Maurícia","nl":"Mauritius","hr":"Mauricijus","fa":"?????"},"flag":"https://restcountries.eu/data/mus.svg","regionalBlocs":[{"acronym":"AU","name":"African Union","otherAcronyms":[],"otherNames":["??????? ????????","Union africaine","União Africana","Unión Africana","Umoja wa Afrika"]}],"cioc":"MRI"},{"name":"Mayotte","topLevelDomain":[".yt"],"alpha2Code":"YT","alpha3Code":"MYT","callingCodes":["262"],"capital":"Mamoudzou","altSpellings":["YT","Department of Mayotte","Département de Mayotte"],"region":"Africa","subregion":"Eastern Africa","population":226915,"latlng":[-12.83333333,45.16666666],"demonym":"French","area":null,"gini":null,"timezones":["UTC+03:00"],"borders":[],"nativeName":"Mayotte","numericCode":"175","currencies":[{"code":"EUR","name":"Euro","symbol":"€"}],"languages":[{"iso639_1":"fr","iso639_2":"fra","name":"French","nativeName":"français"}],"translations":{"de":"Mayotte","es":"Mayotte","fr":"Mayotte","ja":"????","it":"Mayotte","br":"Mayotte","pt":"Mayotte","nl":"Mayotte","hr":"Mayotte","fa":"?????"},"flag":"https://restcountries.eu/data/myt.svg","regionalBlocs":[{"acronym":"AU","name":"African Union","otherAcronyms":[],"otherNames":["??????? ????????","Union africaine","União Africana","Unión Africana","Umoja wa Afrika"]}],"cioc":""},{"name":"Mexico","topLevelDomain":[".mx"],"alpha2Code":"MX","alpha3Code":"MEX","callingCodes":["52"],"capital":"Mexico City","altSpellings":["MX","Mexicanos","United Mexican States","Estados Unidos Mexicanos"],"region":"Americas","subregion":"Central America","population":122273473,"latlng":[23.0,-102.0],"demonym":"Mexican","area":1964375.0,"gini":47.0,"timezones":["UTC-08:00","UTC-07:00","UTC-06:00"],"borders":["BLZ","GTM","USA"],"nativeName":"México","numericCode":"484","currencies":[{"code":"MXN","name":"Mexican peso","symbol":"$"}],"languages":[{"iso639_1":"es","iso639_2":"spa","name":"Spanish","nativeName":"Español"}],"translations":{"de":"Mexiko","es":"México","fr":"Mexique","ja":"????","it":"Messico","br":"México","pt":"México","nl":"Mexico","hr":"Meksiko","fa":"?????"},"flag":"https://restcountries.eu/data/mex.svg","regionalBlocs":[{"acronym":"PA","name":"Pacific Alliance","otherAcronyms":[],"otherNames":["Alianza del Pacífico"]},{"acronym":"NAFTA","name":"North American Free Trade Agreement","otherAcronyms":[],"otherNames":["Tratado de Libre Comercio de América del Norte","Accord de Libre-échange Nord-Américain"]}],"cioc":"MEX"},{"name":"Micronesia (Federated States of)","topLevelDomain":[".fm"],"alpha2Code":"FM","alpha3Code":"FSM","callingCodes":["691"],"capital":"Palikir","altSpellings":["FM","Federated States of Micronesia"],"region":"Oceania","subregion":"Micronesia","population":102800,"latlng":[6.91666666,158.25],"demonym":"Micronesian","area":702.0,"gini":null,"timezones":["UTC+10:00","UTC+11"],"borders":[],"nativeName":"Micronesia","numericCode":"583","currencies":[{"code":null,"name":"[D]","symbol":"$"},{"code":"USD","name":"United States dollar","symbol":"$"}],"languages":[{"iso639_1":"en","iso639_2":"eng","name":"English","nativeName":"English"}],"translations":{"de":"Mikronesien","es":"Micronesia","fr":"Micronésie","ja":"????????","it":"Micronesia","br":"Micronésia","pt":"Micronésia","nl":"Micronesië","hr":"Mikronezija","fa":"?????? ????? ????????"},"flag":"https://restcountries.eu/data/fsm.svg","regionalBlocs":[],"cioc":"FSM"},{"name":"Moldova (Republic of)","topLevelDomain":[".md"],"alpha2Code":"MD","alpha3Code":"MDA","callingCodes":["373"],"capital":"Chi?in?u","altSpellings":["MD","Republic of Moldova","Republica Moldova"],"region":"Europe","subregion":"Eastern Europe","population":3553100,"latlng":[47.0,29.0],"demonym":"Moldovan","area":33846.0,"gini":33.0,"timezones":["UTC+02:00"],"borders":["ROU","UKR"],"nativeName":"Moldova","numericCode":"498","currencies":[{"code":"MDL","name":"Moldovan leu","symbol":"L"}],"languages":[{"iso639_1":"ro","iso639_2":"ron","name":"Romanian","nativeName":"Român?"}],"translations":{"de":"Moldawie","es":"Moldavia","fr":"Moldavie","ja":"???????","it":"Moldavia","br":"Moldávia","pt":"Moldávia","nl":"Moldavië","hr":"Moldova","fa":"???????"},"flag":"https://restcountries.eu/data/mda.svg","regionalBlocs":[{"acronym":"CEFTA","name":"Central European Free Trade Agreement","otherAcronyms":[],"otherNames":[]}],"cioc":"MDA"},{"name":"Monaco","topLevelDomain":[".mc"],"alpha2Code":"MC","alpha3Code":"MCO","callingCodes":["377"],"capital":"Monaco","altSpellings":["MC","Principality of Monaco","Principauté de Monaco"],"region":"Europe","subregion":"Western Europe","population":38400,"latlng":[43.73333333,7.4],"demonym":"Monegasque","area":2.02,"gini":null,"timezones":["UTC+01:00"],"borders":["FRA"],"nativeName":"Monaco","numericCode":"492","currencies":[{"code":"EUR","name":"Euro","symbol":"€"}],"languages":[{"iso639_1":"fr","iso639_2":"fra","name":"French","nativeName":"français"}],"translations":{"de":"Monaco","es":"Mónaco","fr":"Monaco","ja":"???","it":"Principato di Monaco","br":"Mônaco","pt":"Mónaco","nl":"Monaco","hr":"Monako","fa":"??????"},"flag":"https://restcountries.eu/data/mco.svg","regionalBlocs":[],"cioc":"MON"},{"name":"Mongolia","topLevelDomain":[".mn"],"alpha2Code":"MN","alpha3Code":"MNG","callingCodes":["976"],"capital":"Ulan Bator","altSpellings":["MN"],"region":"Asia","subregion":"Eastern Asia","population":3093100,"latlng":[46.0,105.0],"demonym":"Mongolian","area":1564110.0,"gini":36.5,"timezones":["UTC+07:00","UTC+08:00"],"borders":["CHN","RUS"],"nativeName":"?????? ???","numericCode":"496","currencies":[{"code":"MNT","name":"Mongolian tögrög","symbol":"?"}],"languages":[{"iso639_1":"mn","iso639_2":"mon","name":"Mongolian","nativeName":"?????? ???"}],"translations":{"de":"Mongolei","es":"Mongolia","fr":"Mongolie","ja":"????","it":"Mongolia","br":"Mongólia","pt":"Mongólia","nl":"Mongolië","hr":"Mongolija","fa":"????????"},"flag":"https://restcountries.eu/data/mng.svg","regionalBlocs":[],"cioc":"MGL"},{"name":"Montenegro","topLevelDomain":[".me"],"alpha2Code":"ME","alpha3Code":"MNE","callingCodes":["382"],"capital":"Podgorica","altSpellings":["ME","Crna Gora"],"region":"Europe","subregion":"Southern Europe","population":621810,"latlng":[42.5,19.3],"demonym":"Montenegrin","area":13812.0,"gini":30.0,"timezones":["UTC+01:00"],"borders":["ALB","BIH","HRV","KOS","SRB"],"nativeName":"???? ????","numericCode":"499","currencies":[{"code":"EUR","name":"Euro","symbol":"€"}],"languages":[{"iso639_1":"sr","iso639_2":"srp","name":"Serbian","nativeName":"?????? ?????"},{"iso639_1":"bs","iso639_2":"bos","name":"Bosnian","nativeName":"bosanski jezik"},{"iso639_1":"sq","iso639_2":"sqi","name":"Albanian","nativeName":"Shqip"},{"iso639_1":"hr","iso639_2":"hrv","name":"Croatian","nativeName":"hrvatski jezik"}],"translations":{"de":"Montenegro","es":"Montenegro","fr":"Monténégro","ja":"??????","it":"Montenegro","br":"Montenegro","pt":"Montenegro","nl":"Montenegro","hr":"Crna Gora","fa":"??????????"},"flag":"https://restcountries.eu/data/mne.svg","regionalBlocs":[{"acronym":"CEFTA","name":"Central European Free Trade Agreement","otherAcronyms":[],"otherNames":[]}],"cioc":"MNE"},{"name":"Montserrat","topLevelDomain":[".ms"],"alpha2Code":"MS","alpha3Code":"MSR","callingCodes":["1664"],"capital":"Plymouth","altSpellings":["MS"],"region":"Americas","subregion":"Caribbean","population":4922,"latlng":[16.75,-62.2],"demonym":"Montserratian","area":102.0,"gini":null,"timezones":["UTC-04:00"],"borders":[],"nativeName":"Montserrat","numericCode":"500","currencies":[{"code":"XCD","name":"East Caribbean dollar","symbol":"$"}],"languages":[{"iso639_1":"en","iso639_2":"eng","name":"English","nativeName":"English"}],"translations":{"de":"Montserrat","es":"Montserrat","fr":"Montserrat","ja":"??????","it":"Montserrat","br":"Montserrat","pt":"Monserrate","nl":"Montserrat","hr":"Montserrat","fa":"?????"},"flag":"https://restcountries.eu/data/msr.svg","regionalBlocs":[{"acronym":"CARICOM","name":"Caribbean Community","otherAcronyms":[],"otherNames":["Comunidad del Caribe","Communauté Caribéenne","Caribische Gemeenschap"]}],"cioc":""},{"name":"Morocco","topLevelDomain":[".ma"],"alpha2Code":"MA","alpha3Code":"MAR","callingCodes":["212"],"capital":"Rabat","altSpellings":["MA","Kingdom of Morocco","Al-Mamlakah al-Ma?ribiyah"],"region":"Africa","subregion":"Northern Africa","population":33337529,"latlng":[32.0,-5.0],"demonym":"Moroccan","area":446550.0,"gini":40.9,"timezones":["UTC"],"borders":["DZA","ESH","ESP"],"nativeName":"??????","numericCode":"504","currencies":[{"code":"MAD","name":"Moroccan dirham","symbol":"?.?."}],"languages":[{"iso639_1":"ar","iso639_2":"ara","name":"Arabic","nativeName":"???????"}],"translations":{"de":"Marokko","es":"Marruecos","fr":"Maroc","ja":"????","it":"Marocco","br":"Marrocos","pt":"Marrocos","nl":"Marokko","hr":"Maroko","fa":"?????"},"flag":"https://restcountries.eu/data/mar.svg","regionalBlocs":[{"acronym":"AU","name":"African Union","otherAcronyms":[],"otherNames":["??????? ????????","Union africaine","União Africana","Unión Africana","Umoja wa Afrika"]},{"acronym":"AL","name":"Arab League","otherAcronyms":[],"otherNames":["????? ????? ???????","J?mi?at ad-Duwal al-?Arab?yah","League of Arab States"]}],"cioc":"MAR"},{"name":"Mozambique","topLevelDomain":[".mz"],"alpha2Code":"MZ","alpha3Code":"MOZ","callingCodes":["258"],"capital":"Maputo","altSpellings":["MZ","Republic of Mozambique","República de Moçambique"],"region":"Africa","subregion":"Eastern Africa","population":26423700,"latlng":[-18.25,35.0],"demonym":"Mozambican","area":801590.0,"gini":45.7,"timezones":["UTC+02:00"],"borders":["MWI","ZAF","SWZ","TZA","ZMB","ZWE"],"nativeName":"Moçambique","numericCode":"508","currencies":[{"code":"MZN","name":"Mozambican metical","symbol":"MT"}],"languages":[{"iso639_1":"pt","iso639_2":"por","name":"Portuguese","nativeName":"Português"}],"translations":{"de":"Mosambik","es":"Mozambique","fr":"Mozambique","ja":"??????","it":"Mozambico","br":"Moçambique","pt":"Moçambique","nl":"Mozambique","hr":"Mozambik","fa":"????????"},"flag":"https://restcountries.eu/data/moz.svg","regionalBlocs":[{"acronym":"AU","name":"African Union","otherAcronyms":[],"otherNames":["??????? ????????","Union africaine","União Africana","Unión Africana","Umoja wa Afrika"]}],"cioc":"MOZ"},{"name":"Myanmar","topLevelDomain":[".mm"],"alpha2Code":"MM","alpha3Code":"MMR","callingCodes":["95"],"capital":"Naypyidaw","altSpellings":["MM","Burma","Republic of the Union of Myanmar","Pyidaunzu Thanm?da My?ma Nainngandaw"],"region":"Asia","subregion":"South-Eastern Asia","population":51419420,"latlng":[22.0,98.0],"demonym":"Burmese","area":676578.0,"gini":null,"timezones":["UTC+06:30"],"borders":["BGD","CHN","IND","LAO","THA"],"nativeName":"Myanma","numericCode":"104","currencies":[{"code":"MMK","name":"Burmese kyat","symbol":"Ks"}],"languages":[{"iso639_1":"my","iso639_2":"mya","name":"Burmese","nativeName":"?????"}],"translations":{"de":"Myanmar","es":"Myanmar","fr":"Myanmar","ja":"?????","it":"Birmania","br":"Myanmar","pt":"Myanmar","nl":"Myanmar","hr":"Mijanmar","fa":"???????"},"flag":"https://restcountries.eu/data/mmr.svg","regionalBlocs":[{"acronym":"ASEAN","name":"Association of Southeast Asian Nations","otherAcronyms":[],"otherNames":[]}],"cioc":"MYA"},{"name":"Namibia","topLevelDomain":[".na"],"alpha2Code":"NA","alpha3Code":"NAM","callingCodes":["264"],"capital":"Windhoek","altSpellings":["NA","Namibië","Republic of Namibia"],"region":"Africa","subregion":"Southern Africa","population":2324388,"latlng":[-22.0,17.0],"demonym":"Namibian","area":825615.0,"gini":63.9,"timezones":["UTC+01:00"],"borders":["AGO","BWA","ZAF","ZMB"],"nativeName":"Namibia","numericCode":"516","currencies":[{"code":"NAD","name":"Namibian dollar","symbol":"$"},{"code":"ZAR","name":"South African rand","symbol":"R"}],"languages":[{"iso639_1":"en","iso639_2":"eng","name":"English","nativeName":"English"},{"iso639_1":"af","iso639_2":"afr","name":"Afrikaans","nativeName":"Afrikaans"}],"translations":{"de":"Namibia","es":"Namibia","fr":"Namibie","ja":"????","it":"Namibia","br":"Namíbia","pt":"Namíbia","nl":"Namibië","hr":"Namibija","fa":"???????"},"flag":"https://restcountries.eu/data/nam.svg","regionalBlocs":[{"acronym":"AU","name":"African Union","otherAcronyms":[],"otherNames":["??????? ????????","Union africaine","União Africana","Unión Africana","Umoja wa Afrika"]}],"cioc":"NAM"},{"name":"Nauru","topLevelDomain":[".nr"],"alpha2Code":"NR","alpha3Code":"NRU","callingCodes":["674"],"capital":"Yaren","altSpellings":["NR","Naoero","Pleasant Island","Republic of Nauru","Ripublik Naoero"],"region":"Oceania","subregion":"Micronesia","population":10084,"latlng":[-0.53333333,166.91666666],"demonym":"Nauruan","area":21.0,"gini":null,"timezones":["UTC+12:00"],"borders":[],"nativeName":"Nauru","numericCode":"520","currencies":[{"code":"AUD","name":"Australian dollar","symbol":"$"},{"code":"(none)","name":null,"symbol":"$"}],"languages":[{"iso639_1":"en","iso639_2":"eng","name":"English","nativeName":"English"},{"iso639_1":"na","iso639_2":"nau","name":"Nauruan","nativeName":"Dorerin Naoero"}],"translations":{"de":"Nauru","es":"Nauru","fr":"Nauru","ja":"???","it":"Nauru","br":"Nauru","pt":"Nauru","nl":"Nauru","hr":"Nauru","fa":"??????"},"flag":"https://restcountries.eu/data/nru.svg","regionalBlocs":[],"cioc":"NRU"},{"name":"Nepal","topLevelDomain":[".np"],"alpha2Code":"NP","alpha3Code":"NPL","callingCodes":["977"],"capital":"Kathmandu","altSpellings":["NP","Federal Democratic Republic of Nepal","Lokt?ntrik Ganatantra Nep?l"],"region":"Asia","subregion":"Southern Asia","population":28431500,"latlng":[28.0,84.0],"demonym":"Nepalese","area":147181.0,"gini":32.8,"timezones":["UTC+05:45"],"borders":["CHN","IND"],"nativeName":"?????","numericCode":"524","currencies":[{"code":"NPR","name":"Nepalese rupee","symbol":"?"}],"languages":[{"iso639_1":"ne","iso639_2":"nep","name":"Nepali","nativeName":"??????"}],"translations":{"de":"Népal","es":"Nepal","fr":"Népal","ja":"????","it":"Nepal","br":"Nepal","pt":"Nepal","nl":"Nepal","hr":"Nepal","fa":"????"},"flag":"https://restcountries.eu/data/npl.svg","regionalBlocs":[{"acronym":"SAARC","name":"South Asian Association for Regional Cooperation","otherAcronyms":[],"otherNames":[]}],"cioc":"NEP"},{"name":"Netherlands","topLevelDomain":[".nl"],"alpha2Code":"NL","alpha3Code":"NLD","callingCodes":["31"],"capital":"Amsterdam","altSpellings":["NL","Holland","Nederland"],"region":"Europe","subregion":"Western Europe","population":17019800,"latlng":[52.5,5.75],"demonym":"Dutch","area":41850.0,"gini":30.9,"timezones":["UTC-04:00","UTC+01:00"],"borders":["BEL","DEU"],"nativeName":"Nederland","numericCode":"528","currencies":[{"code":"EUR","name":"Euro","symbol":"€"}],"languages":[{"iso639_1":"nl","iso639_2":"nld","name":"Dutch","nativeName":"Nederlands"}],"translations":{"de":"Niederlande","es":"Países Bajos","fr":"Pays-Bas","ja":"????","it":"Paesi Bassi","br":"Holanda","pt":"Países Baixos","nl":"Nederland","hr":"Nizozemska","fa":"??????? ????"},"flag":"https://restcountries.eu/data/nld.svg","regionalBlocs":[{"acronym":"EU","name":"European Union","otherAcronyms":[],"otherNames":[]}],"cioc":"NED"},{"name":"New Caledonia","topLevelDomain":[".nc"],"alpha2Code":"NC","alpha3Code":"NCL","callingCodes":["687"],"capital":"Nouméa","altSpellings":["NC"],"region":"Oceania","subregion":"Melanesia","population":268767,"latlng":[-21.5,165.5],"demonym":"New Caledonian","area":18575.0,"gini":null,"timezones":["UTC+11:00"],"borders":[],"nativeName":"Nouvelle-Calédonie","numericCode":"540","currencies":[{"code":"XPF","name":"CFP franc","symbol":"Fr"}],"languages":[{"iso639_1":"fr","iso639_2":"fra","name":"French","nativeName":"français"}],"translations":{"de":"Neukaledonien","es":"Nueva Caledonia","fr":"Nouvelle-Calédonie","ja":"????????","it":"Nuova Caledonia","br":"Nova Caledônia","pt":"Nova Caledónia","nl":"Nieuw-Caledonië","hr":"Nova Kaledonija","fa":"????????? ????"},"flag":"https://restcountries.eu/data/ncl.svg","regionalBlocs":[],"cioc":""},{"name":"New Zealand","topLevelDomain":[".nz"],"alpha2Code":"NZ","alpha3Code":"NZL","callingCodes":["64"],"capital":"Wellington","altSpellings":["NZ","Aotearoa"],"region":"Oceania","subregion":"Australia and New Zealand","population":4697854,"latlng":[-41.0,174.0],"demonym":"New Zealander","area":270467.0,"gini":36.2,"timezones":["UTC-11:00","UTC-10:00","UTC+12:00","UTC+12:45","UTC+13:00"],"borders":[],"nativeName":"New Zealand","numericCode":"554","currencies":[{"code":"NZD","name":"New Zealand dollar","symbol":"$"}],"languages":[{"iso639_1":"en","iso639_2":"eng","name":"English","nativeName":"English"},{"iso639_1":"mi","iso639_2":"mri","name":"M?ori","nativeName":"te reo M?ori"}],"translations":{"de":"Neuseeland","es":"Nueva Zelanda","fr":"Nouvelle-Zélande","ja":"????????","it":"Nuova Zelanda","br":"Nova Zelândia","pt":"Nova Zelândia","nl":"Nieuw-Zeeland","hr":"Novi Zeland","fa":"????????"},"flag":"https://restcountries.eu/data/nzl.svg","regionalBlocs":[],"cioc":"NZL"},{"name":"Nicaragua","topLevelDomain":[".ni"],"alpha2Code":"NI","alpha3Code":"NIC","callingCodes":["505"],"capital":"Managua","altSpellings":["NI","Republic of Nicaragua","República de Nicaragua"],"region":"Americas","subregion":"Central America","population":6262703,"latlng":[13.0,-85.0],"demonym":"Nicaraguan","area":130373.0,"gini":40.5,"timezones":["UTC-06:00"],"borders":["CRI","HND"],"nativeName":"Nicaragua","numericCode":"558","currencies":[{"code":"NIO","name":"Nicaraguan córdoba","symbol":"C$"}],"languages":[{"iso639_1":"es","iso639_2":"spa","name":"Spanish","nativeName":"Español"}],"translations":{"de":"Nicaragua","es":"Nicaragua","fr":"Nicaragua","ja":"?????","it":"Nicaragua","br":"Nicarágua","pt":"Nicarágua","nl":"Nicaragua","hr":"Nikaragva","fa":"??????????"},"flag":"https://restcountries.eu/data/nic.svg","regionalBlocs":[{"acronym":"CAIS","name":"Central American Integration System","otherAcronyms":["SICA"],"otherNames":["Sistema de la Integración Centroamericana,"]}],"cioc":"NCA"},{"name":"Niger","topLevelDomain":[".ne"],"alpha2Code":"NE","alpha3Code":"NER","callingCodes":["227"],"capital":"Niamey","altSpellings":["NE","Nijar","Republic of Niger","République du Niger"],"region":"Africa","subregion":"Western Africa","population":20715000,"latlng":[16.0,8.0],"demonym":"Nigerien","area":1267000.0,"gini":34.6,"timezones":["UTC+01:00"],"borders":["DZA","BEN","BFA","TCD","LBY","MLI","NGA"],"nativeName":"Niger","numericCode":"562","currencies":[{"code":"XOF","name":"West African CFA franc","symbol":"Fr"}],"languages":[{"iso639_1":"fr","iso639_2":"fra","name":"French","nativeName":"français"}],"translations":{"de":"Niger","es":"Níger","fr":"Niger","ja":"?????","it":"Niger","br":"Níger","pt":"Níger","nl":"Niger","hr":"Niger","fa":"????"},"flag":"https://restcountries.eu/data/ner.svg","regionalBlocs":[{"acronym":"AU","name":"African Union","otherAcronyms":[],"otherNames":["??????? ????????","Union africaine","União Africana","Unión Africana","Umoja wa Afrika"]}],"cioc":"NIG"},{"name":"Nigeria","topLevelDomain":[".ng"],"alpha2Code":"NG","alpha3Code":"NGA","callingCodes":["234"],"capital":"Abuja","altSpellings":["NG","Nijeriya","Naíjíríà","Federal Republic of Nigeria"],"region":"Africa","subregion":"Western Africa","population":186988000,"latlng":[10.0,8.0],"demonym":"Nigerian","area":923768.0,"gini":48.8,"timezones":["UTC+01:00"],"borders":["BEN","CMR","TCD","NER"],"nativeName":"Nigeria","numericCode":"566","currencies":[{"code":"NGN","name":"Nigerian naira","symbol":"?"}],"languages":[{"iso639_1":"en","iso639_2":"eng","name":"English","nativeName":"English"}],"translations":{"de":"Nigeria","es":"Nigeria","fr":"Nigéria","ja":"??????","it":"Nigeria","br":"Nigéria","pt":"Nigéria","nl":"Nigeria","hr":"Nigerija","fa":"??????"},"flag":"https://restcountries.eu/data/nga.svg","regionalBlocs":[{"acronym":"AU","name":"African Union","otherAcronyms":[],"otherNames":["??????? ????????","Union africaine","União Africana","Unión Africana","Umoja wa Afrika"]}],"cioc":"NGR"},{"name":"Niue","topLevelDomain":[".nu"],"alpha2Code":"NU","alpha3Code":"NIU","callingCodes":["683"],"capital":"Alofi","altSpellings":["NU"],"region":"Oceania","subregion":"Polynesia","population":1470,"latlng":[-19.03333333,-169.86666666],"demonym":"Niuean","area":260.0,"gini":null,"timezones":["UTC-11:00"],"borders":[],"nativeName":"Niu?","numericCode":"570","currencies":[{"code":"NZD","name":"New Zealand dollar","symbol":"$"},{"code":"(none)","name":"Niue dollar","symbol":"$"}],"languages":[{"iso639_1":"en","iso639_2":"eng","name":"English","nativeName":"English"}],"translations":{"de":"Niue","es":"Niue","fr":"Niue","ja":"???","it":"Niue","br":"Niue","pt":"Niue","nl":"Niue","hr":"Niue","fa":"?????"},"flag":"https://restcountries.eu/data/niu.svg","regionalBlocs":[],"cioc":""},{"name":"Norfolk Island","topLevelDomain":[".nf"],"alpha2Code":"NF","alpha3Code":"NFK","callingCodes":["672"],"capital":"Kingston","altSpellings":["NF","Territory of Norfolk Island","Teratri of Norf'k Ailen"],"region":"Oceania","subregion":"Australia and New Zealand","population":2302,"latlng":[-29.03333333,167.95],"demonym":"Norfolk Islander","area":36.0,"gini":null,"timezones":["UTC+11:30"],"borders":[],"nativeName":"Norfolk Island","numericCode":"574","currencies":[{"code":"AUD","name":"Australian dollar","symbol":"$"}],"languages":[{"iso639_1":"en","iso639_2":"eng","name":"English","nativeName":"English"}],"translations":{"de":"Norfolkinsel","es":"Isla de Norfolk","fr":"Île de Norfolk","ja":"???????","it":"Isola Norfolk","br":"Ilha Norfolk","pt":"Ilha Norfolk","nl":"Norfolkeiland","hr":"Otok Norfolk","fa":"????? ?????"},"flag":"https://restcountries.eu/data/nfk.svg","regionalBlocs":[],"cioc":""},{"name":"Korea (Democratic People's Republic of)","topLevelDomain":[".kp"],"alpha2Code":"KP","alpha3Code":"PRK","callingCodes":["850"],"capital":"Pyongyang","altSpellings":["KP","Democratic People's Republic of Korea","???????????","Chos?n Minjuju?i Inmin Konghwaguk"],"region":"Asia","subregion":"Eastern Asia","population":25281000,"latlng":[40.0,127.0],"demonym":"North Korean","area":120538.0,"gini":null,"timezones":["UTC+09:00"],"borders":["CHN","KOR","RUS"],"nativeName":"??","numericCode":"408","currencies":[{"code":"KPW","name":"North Korean won","symbol":"?"}],"languages":[{"iso639_1":"ko","iso639_2":"kor","name":"Korean","nativeName":"???"}],"translations":{"de":"Nordkorea","es":"Corea del Norte","fr":"Corée du Nord","ja":"???????????","it":"Corea del Nord","br":"Coreia do Norte","pt":"Coreia do Norte","nl":"Noord-Korea","hr":"Sjeverna Koreja","fa":"??? ?????"},"flag":"https://restcountries.eu/data/prk.svg","regionalBlocs":[],"cioc":"PRK"},{"name":"Northern Mariana Islands","topLevelDomain":[".mp"],"alpha2Code":"MP","alpha3Code":"MNP","callingCodes":["1670"],"capital":"Saipan","altSpellings":["MP","Commonwealth of the Northern Mariana Islands","Sankattan Siha Na Islas Mariånas"],"region":"Oceania","subregion":"Micronesia","population":56940,"latlng":[15.2,145.75],"demonym":"American","area":464.0,"gini":null,"timezones":["UTC+10:00"],"borders":[],"nativeName":"Northern Mariana Islands","numericCode":"580","currencies":[{"code":"USD","name":"United States dollar","symbol":"$"}],"languages":[{"iso639_1":"en","iso639_2":"eng","name":"English","nativeName":"English"},{"iso639_1":"ch","iso639_2":"cha","name":"Chamorro","nativeName":"Chamoru"}],"translations":{"de":"Nördliche Marianen","es":"Islas Marianas del Norte","fr":"Îles Mariannes du Nord","ja":"???????","it":"Isole Marianne Settentrionali","br":"Ilhas Marianas","pt":"Ilhas Marianas","nl":"Noordelijke Marianeneilanden","hr":"Sjevernomarijanski otoci","fa":"????? ???????? ?????"},"flag":"https://restcountries.eu/data/mnp.svg","regionalBlocs":[],"cioc":""},{"name":"Norway","topLevelDomain":[".no"],"alpha2Code":"NO","alpha3Code":"NOR","callingCodes":["47"],"capital":"Oslo","altSpellings":["NO","Norge","Noreg","Kingdom of Norway","Kongeriket Norge","Kongeriket Noreg"],"region":"Europe","subregion":"Northern Europe","population":5223256,"latlng":[62.0,10.0],"demonym":"Norwegian","area":323802.0,"gini":25.8,"timezones":["UTC+01:00"],"borders":["FIN","SWE","RUS"],"nativeName":"Norge","numericCode":"578","currencies":[{"code":"NOK","name":"Norwegian krone","symbol":"kr"}],"languages":[{"iso639_1":"no","iso639_2":"nor","name":"Norwegian","nativeName":"Norsk"},{"iso639_1":"nb","iso639_2":"nob","name":"Norwegian Bokmål","nativeName":"Norsk bokmål"},{"iso639_1":"nn","iso639_2":"nno","name":"Norwegian Nynorsk","nativeName":"Norsk nynorsk"}],"translations":{"de":"Norwegen","es":"Noruega","fr":"Norvège","ja":"?????","it":"Norvegia","br":"Noruega","pt":"Noruega","nl":"Noorwegen","hr":"Norveška","fa":"????"},"flag":"https://restcountries.eu/data/nor.svg","regionalBlocs":[{"acronym":"EFTA","name":"European Free Trade Association","otherAcronyms":[],"otherNames":[]}],"cioc":"NOR"},{"name":"Oman","topLevelDomain":[".om"],"alpha2Code":"OM","alpha3Code":"OMN","callingCodes":["968"],"capital":"Muscat","altSpellings":["OM","Sultanate of Oman","Sal?anat ?Um?n"],"region":"Asia","subregion":"Western Asia","population":4420133,"latlng":[21.0,57.0],"demonym":"Omani","area":309500.0,"gini":null,"timezones":["UTC+04:00"],"borders":["SAU","ARE","YEM"],"nativeName":"????","numericCode":"512","currencies":[{"code":"OMR","name":"Omani rial","symbol":"?.?."}],"languages":[{"iso639_1":"ar","iso639_2":"ara","name":"Arabic","nativeName":"???????"}],"translations":{"de":"Oman","es":"Omán","fr":"Oman","ja":"????","it":"oman","br":"Omã","pt":"Omã","nl":"Oman","hr":"Oman","fa":"????"},"flag":"https://restcountries.eu/data/omn.svg","regionalBlocs":[{"acronym":"AL","name":"Arab League","otherAcronyms":[],"otherNames":["????? ????? ???????","J?mi?at ad-Duwal al-?Arab?yah","League of Arab States"]}],"cioc":"OMA"},{"name":"Pakistan","topLevelDomain":[".pk"],"alpha2Code":"PK","alpha3Code":"PAK","callingCodes":["92"],"capital":"Islamabad","altSpellings":["PK","P?kist?n","Islamic Republic of Pakistan","Isl?m? Jumh?riya'eh P?kist?n"],"region":"Asia","subregion":"Southern Asia","population":194125062,"latlng":[30.0,70.0],"demonym":"Pakistani","area":881912.0,"gini":30.0,"timezones":["UTC+05:00"],"borders":["AFG","CHN","IND","IRN"],"nativeName":"Pakistan","numericCode":"586","currencies":[{"code":"PKR","name":"Pakistani rupee","symbol":"?"}],"languages":[{"iso639_1":"en","iso639_2":"eng","name":"English","nativeName":"English"},{"iso639_1":"ur","iso639_2":"urd","name":"Urdu","nativeName":"????"}],"translations":{"de":"Pakistan","es":"Pakistán","fr":"Pakistan","ja":"?????","it":"Pakistan","br":"Paquistão","pt":"Paquistão","nl":"Pakistan","hr":"Pakistan","fa":"???????"},"flag":"https://restcountries.eu/data/pak.svg","regionalBlocs":[{"acronym":"SAARC","name":"South Asian Association for Regional Cooperation","otherAcronyms":[],"otherNames":[]}],"cioc":"PAK"},{"name":"Palau","topLevelDomain":[".pw"],"alpha2Code":"PW","alpha3Code":"PLW","callingCodes":["680"],"capital":"Ngerulmud","altSpellings":["PW","Republic of Palau","Beluu er a Belau"],"region":"Oceania","subregion":"Micronesia","population":17950,"latlng":[7.5,134.5],"demonym":"Palauan","area":459.0,"gini":null,"timezones":["UTC+09:00"],"borders":[],"nativeName":"Palau","numericCode":"585","currencies":[{"code":"(none)","name":"[E]","symbol":"$"},{"code":"USD","name":"United States dollar","symbol":"$"}],"languages":[{"iso639_1":"en","iso639_2":"eng","name":"English","nativeName":"English"}],"translations":{"de":"Palau","es":"Palau","fr":"Palaos","ja":"???","it":"Palau","br":"Palau","pt":"Palau","nl":"Palau","hr":"Palau","fa":"??????"},"flag":"https://restcountries.eu/data/plw.svg","regionalBlocs":[],"cioc":"PLW"},{"name":"Palestine, State of","topLevelDomain":[".ps"],"alpha2Code":"PS","alpha3Code":"PSE","callingCodes":["970"],"capital":"Ramallah","altSpellings":["PS","State of Palestine","Dawlat Filas?in"],"region":"Asia","subregion":"Western Asia","population":4682467,"latlng":[31.9,35.2],"demonym":"Palestinian","area":null,"gini":35.5,"timezones":["UTC+02:00"],"borders":["ISR","EGY","JOR"],"nativeName":"??????","numericCode":"275","currencies":[{"code":"ILS","name":"Israeli new sheqel","symbol":"?"}],"languages":[{"iso639_1":"ar","iso639_2":"ara","name":"Arabic","nativeName":"???????"}],"translations":{"de":"Palästina","es":"Palestina","fr":"Palestine","ja":"?????","it":"Palestina","br":"Palestina","pt":"Palestina","nl":"Palestijnse gebieden","hr":"Palestina","fa":"??????"},"flag":"https://restcountries.eu/data/pse.svg","regionalBlocs":[{"acronym":"AL","name":"Arab League","otherAcronyms":[],"otherNames":["????? ????? ???????","J?mi?at ad-Duwal al-?Arab?yah","League of Arab States"]}],"cioc":"PLE"},{"name":"Panama","topLevelDomain":[".pa"],"alpha2Code":"PA","alpha3Code":"PAN","callingCodes":["507"],"capital":"Panama City","altSpellings":["PA","Republic of Panama","República de Panamá"],"region":"Americas","subregion":"Central America","population":3814672,"latlng":[9.0,-80.0],"demonym":"Panamanian","area":75417.0,"gini":51.9,"timezones":["UTC-05:00"],"borders":["COL","CRI"],"nativeName":"Panamá","numericCode":"591","currencies":[{"code":"PAB","name":"Panamanian balboa","symbol":"B/."},{"code":"USD","name":"United States dollar","symbol":"$"}],"languages":[{"iso639_1":"es","iso639_2":"spa","name":"Spanish","nativeName":"Español"}],"translations":{"de":"Panama","es":"Panamá","fr":"Panama","ja":"???","it":"Panama","br":"Panamá","pt":"Panamá","nl":"Panama","hr":"Panama","fa":"??????"},"flag":"https://restcountries.eu/data/pan.svg","regionalBlocs":[{"acronym":"CAIS","name":"Central American Integration System","otherAcronyms":["SICA"],"otherNames":["Sistema de la Integración Centroamericana,"]}],"cioc":"PAN"},{"name":"Papua New Guinea","topLevelDomain":[".pg"],"alpha2Code":"PG","alpha3Code":"PNG","callingCodes":["675"],"capital":"Port Moresby","altSpellings":["PG","Independent State of Papua New Guinea","Independen Stet bilong Papua Niugini"],"region":"Oceania","subregion":"Melanesia","population":8083700,"latlng":[-6.0,147.0],"demonym":"Papua New Guinean","area":462840.0,"gini":50.9,"timezones":["UTC+10:00"],"borders":["IDN"],"nativeName":"Papua Niugini","numericCode":"598","currencies":[{"code":"PGK","name":"Papua New Guinean kina","symbol":"K"}],"languages":[{"iso639_1":"en","iso639_2":"eng","name":"English","nativeName":"English"}],"translations":{"de":"Papua-Neuguinea","es":"Papúa Nueva Guinea","fr":"Papouasie-Nouvelle-Guinée","ja":"?????????","it":"Papua Nuova Guinea","br":"Papua Nova Guiné","pt":"Papua Nova Guiné","nl":"Papoea-Nieuw-Guinea","hr":"Papua Nova Gvineja","fa":"????? ???? ??"},"flag":"https://restcountries.eu/data/png.svg","regionalBlocs":[],"cioc":"PNG"},{"name":"Paraguay","topLevelDomain":[".py"],"alpha2Code":"PY","alpha3Code":"PRY","callingCodes":["595"],"capital":"Asunción","altSpellings":["PY","Republic of Paraguay","República del Paraguay","Tetã Paraguái"],"region":"Americas","subregion":"South America","population":6854536,"latlng":[-23.0,-58.0],"demonym":"Paraguayan","area":406752.0,"gini":52.4,"timezones":["UTC-04:00"],"borders":["ARG","BOL","BRA"],"nativeName":"Paraguay","numericCode":"600","currencies":[{"code":"PYG","name":"Paraguayan guaraní","symbol":"?"}],"languages":[{"iso639_1":"es","iso639_2":"spa","name":"Spanish","nativeName":"Español"},{"iso639_1":"gn","iso639_2":"grn","name":"Guaraní","nativeName":"Avañe'?"}],"translations":{"de":"Paraguay","es":"Paraguay","fr":"Paraguay","ja":"?????","it":"Paraguay","br":"Paraguai","pt":"Paraguai","nl":"Paraguay","hr":"Paragvaj","fa":"????????"},"flag":"https://restcountries.eu/data/pry.svg","regionalBlocs":[{"acronym":"USAN","name":"Union of South American Nations","otherAcronyms":["UNASUR","UNASUL","UZAN"],"otherNames":["Unión de Naciones Suramericanas","União de Nações Sul-Americanas","Unie van Zuid-Amerikaanse Naties","South American Union"]}],"cioc":"PAR"},{"name":"Peru","topLevelDomain":[".pe"],"alpha2Code":"PE","alpha3Code":"PER","callingCodes":["51"],"capital":"Lima","altSpellings":["PE","Republic of Peru"," República del Perú"],"region":"Americas","subregion":"South America","population":31488700,"latlng":[-10.0,-76.0],"demonym":"Peruvian","area":1285216.0,"gini":48.1,"timezones":["UTC-05:00"],"borders":["BOL","BRA","CHL","COL","ECU"],"nativeName":"Perú","numericCode":"604","currencies":[{"code":"PEN","name":"Peruvian sol","symbol":"S/."}],"languages":[{"iso639_1":"es","iso639_2":"spa","name":"Spanish","nativeName":"Español"}],"translations":{"de":"Peru","es":"Perú","fr":"Pérou","ja":"???","it":"Perù","br":"Peru","pt":"Peru","nl":"Peru","hr":"Peru","fa":"???"},"flag":"https://restcountries.eu/data/per.svg","regionalBlocs":[{"acronym":"PA","name":"Pacific Alliance","otherAcronyms":[],"otherNames":["Alianza del Pacífico"]},{"acronym":"USAN","name":"Union of South American Nations","otherAcronyms":["UNASUR","UNASUL","UZAN"],"otherNames":["Unión de Naciones Suramericanas","União de Nações Sul-Americanas","Unie van Zuid-Amerikaanse Naties","South American Union"]}],"cioc":"PER"},{"name":"Philippines","topLevelDomain":[".ph"],"alpha2Code":"PH","alpha3Code":"PHL","callingCodes":["63"],"capital":"Manila","altSpellings":["PH","Republic of the Philippines","Repúblika ng Pilipinas"],"region":"Asia","subregion":"South-Eastern Asia","population":103279800,"latlng":[13.0,122.0],"demonym":"Filipino","area":342353.0,"gini":43.0,"timezones":["UTC+08:00"],"borders":[],"nativeName":"Pilipinas","numericCode":"608","currencies":[{"code":"PHP","name":"Philippine peso","symbol":"?"}],"languages":[{"iso639_1":"en","iso639_2":"eng","name":"English","nativeName":"English"}],"translations":{"de":"Philippinen","es":"Filipinas","fr":"Philippines","ja":"?????","it":"Filippine","br":"Filipinas","pt":"Filipinas","nl":"Filipijnen","hr":"Filipini","fa":"????? ???????????"},"flag":"https://restcountries.eu/data/phl.svg","regionalBlocs":[{"acronym":"ASEAN","name":"Association of Southeast Asian Nations","otherAcronyms":[],"otherNames":[]}],"cioc":"PHI"},{"name":"Pitcairn","topLevelDomain":[".pn"],"alpha2Code":"PN","alpha3Code":"PCN","callingCodes":["64"],"capital":"Adamstown","altSpellings":["PN","Pitcairn Henderson Ducie and Oeno Islands"],"region":"Oceania","subregion":"Polynesia","population":56,"latlng":[-25.06666666,-130.1],"demonym":"Pitcairn Islander","area":47.0,"gini":null,"timezones":["UTC-08:00"],"borders":[],"nativeName":"Pitcairn Islands","numericCode":"612","currencies":[{"code":"NZD","name":"New Zealand dollar","symbol":"$"},{"code":null,"name":"Pitcairn Islands dollar","symbol":"$"}],"languages":[{"iso639_1":"en","iso639_2":"eng","name":"English","nativeName":"English"}],"translations":{"de":"Pitcairn","es":"Islas Pitcairn","fr":"Îles Pitcairn","ja":"?????","it":"Isole Pitcairn","br":"Ilhas Pitcairn","pt":"Ilhas Picárnia","nl":"Pitcairneilanden","hr":"Pitcairnovo oto?je","fa":"??????"},"flag":"https://restcountries.eu/data/pcn.svg","regionalBlocs":[],"cioc":""},{"name":"Poland","topLevelDomain":[".pl"],"alpha2Code":"PL","alpha3Code":"POL","callingCodes":["48"],"capital":"Warsaw","altSpellings":["PL","Republic of Poland","Rzeczpospolita Polska"],"region":"Europe","subregion":"Eastern Europe","population":38437239,"latlng":[52.0,20.0],"demonym":"Polish","area":312679.0,"gini":34.1,"timezones":["UTC+01:00"],"borders":["BLR","CZE","DEU","LTU","RUS","SVK","UKR"],"nativeName":"Polska","numericCode":"616","currencies":[{"code":"PLN","name":"Polish z?oty","symbol":"z?"}],"languages":[{"iso639_1":"pl","iso639_2":"pol","name":"Polish","nativeName":"j?zyk polski"}],"translations":{"de":"Polen","es":"Polonia","fr":"Pologne","ja":"?????","it":"Polonia","br":"Polônia","pt":"Polónia","nl":"Polen","hr":"Poljska","fa":"??????"},"flag":"https://restcountries.eu/data/pol.svg","regionalBlocs":[{"acronym":"EU","name":"European Union","otherAcronyms":[],"otherNames":[]}],"cioc":"POL"},{"name":"Portugal","topLevelDomain":[".pt"],"alpha2Code":"PT","alpha3Code":"PRT","callingCodes":["351"],"capital":"Lisbon","altSpellings":["PT","Portuguesa","Portuguese Republic","República Portuguesa"],"region":"Europe","subregion":"Southern Europe","population":10374822,"latlng":[39.5,-8.0],"demonym":"Portuguese","area":92090.0,"gini":38.5,"timezones":["UTC-01:00","UTC"],"borders":["ESP"],"nativeName":"Portugal","numericCode":"620","currencies":[{"code":"EUR","name":"Euro","symbol":"€"}],"languages":[{"iso639_1":"pt","iso639_2":"por","name":"Portuguese","nativeName":"Português"}],"translations":{"de":"Portugal","es":"Portugal","fr":"Portugal","ja":"?????","it":"Portogallo","br":"Portugal","pt":"Portugal","nl":"Portugal","hr":"Portugal","fa":"??????"},"flag":"https://restcountries.eu/data/prt.svg","regionalBlocs":[{"acronym":"EU","name":"European Union","otherAcronyms":[],"otherNames":[]}],"cioc":"POR"},{"name":"Puerto Rico","topLevelDomain":[".pr"],"alpha2Code":"PR","alpha3Code":"PRI","callingCodes":["1787","1939"],"capital":"San Juan","altSpellings":["PR","Commonwealth of Puerto Rico","Estado Libre Asociado de Puerto Rico"],"region":"Americas","subregion":"Caribbean","population":3474182,"latlng":[18.25,-66.5],"demonym":"Puerto Rican","area":8870.0,"gini":null,"timezones":["UTC-04:00"],"borders":[],"nativeName":"Puerto Rico","numericCode":"630","currencies":[{"code":"USD","name":"United States dollar","symbol":"$"}],"languages":[{"iso639_1":"es","iso639_2":"spa","name":"Spanish","nativeName":"Español"},{"iso639_1":"en","iso639_2":"eng","name":"English","nativeName":"English"}],"translations":{"de":"Puerto Rico","es":"Puerto Rico","fr":"Porto Rico","ja":"??????","it":"Porto Rico","br":"Porto Rico","pt":"Porto Rico","nl":"Puerto Rico","hr":"Portoriko","fa":"????? ????"},"flag":"https://restcountries.eu/data/pri.svg","regionalBlocs":[],"cioc":"PUR"},{"name":"Qatar","topLevelDomain":[".qa"],"alpha2Code":"QA","alpha3Code":"QAT","callingCodes":["974"],"capital":"Doha","altSpellings":["QA","State of Qatar","Dawlat Qa?ar"],"region":"Asia","subregion":"Western Asia","population":2587564,"latlng":[25.5,51.25],"demonym":"Qatari","area":11586.0,"gini":41.1,"timezones":["UTC+03:00"],"borders":["SAU"],"nativeName":"???","numericCode":"634","currencies":[{"code":"QAR","name":"Qatari riyal","symbol":"?.?"}],"languages":[{"iso639_1":"ar","iso639_2":"ara","name":"Arabic","nativeName":"???????"}],"translations":{"de":"Katar","es":"Catar","fr":"Qatar","ja":"????","it":"Qatar","br":"Catar","pt":"Catar","nl":"Qatar","hr":"Katar","fa":"???"},"flag":"https://restcountries.eu/data/qat.svg","regionalBlocs":[{"acronym":"AL","name":"Arab League","otherAcronyms":[],"otherNames":["????? ????? ???????","J?mi?at ad-Duwal al-?Arab?yah","League of Arab States"]}],"cioc":"QAT"},{"name":"Republic of Kosovo","topLevelDomain":[""],"alpha2Code":"XK","alpha3Code":"KOS","callingCodes":["383"],"capital":"Pristina","altSpellings":["XK","????????? ??????"],"region":"Europe","subregion":"Eastern Europe","population":1733842,"latlng":[42.666667,21.166667],"demonym":"Kosovar","area":10908.0,"gini":null,"timezones":["UTC+01:00"],"borders":["ALB","MKD","MNE","SRB"],"nativeName":"Republika e Kosovës","numericCode":null,"currencies":[{"code":"EUR","name":"Euro","symbol":"€"}],"languages":[{"iso639_1":"sq","iso639_2":"sqi","name":"Albanian","nativeName":"Shqip"},{"iso639_1":"sr","iso639_2":"srp","name":"Serbian","nativeName":"?????? ?????"}],"translations":{"de":null,"es":"Kosovo","fr":null,"ja":null,"it":null,"br":"Kosovo","pt":"Kosovo","nl":null,"hr":"Kosovo","fa":"?????"},"flag":"https://restcountries.eu/data/kos.svg","regionalBlocs":[{"acronym":"CEFTA","name":"Central European Free Trade Agreement","otherAcronyms":[],"otherNames":[]}],"cioc":null},{"name":"Réunion","topLevelDomain":[".re"],"alpha2Code":"RE","alpha3Code":"REU","callingCodes":["262"],"capital":"Saint-Denis","altSpellings":["RE","Reunion"],"region":"Africa","subregion":"Eastern Africa","population":840974,"latlng":[-21.15,55.5],"demonym":"French","area":null,"gini":null,"timezones":["UTC+04:00"],"borders":[],"nativeName":"La Réunion","numericCode":"638","currencies":[{"code":"EUR","name":"Euro","symbol":"€"}],"languages":[{"iso639_1":"fr","iso639_2":"fra","name":"French","nativeName":"français"}],"translations":{"de":"Réunion","es":"Reunión","fr":"Réunion","ja":"?????","it":"Riunione","br":"Reunião","pt":"Reunião","nl":"Réunion","hr":"Réunion","fa":"???????"},"flag":"https://restcountries.eu/data/reu.svg","regionalBlocs":[{"acronym":"AU","name":"African Union","otherAcronyms":[],"otherNames":["??????? ????????","Union africaine","União Africana","Unión Africana","Umoja wa Afrika"]}],"cioc":""},{"name":"Romania","topLevelDomain":[".ro"],"alpha2Code":"RO","alpha3Code":"ROU","callingCodes":["40"],"capital":"Bucharest","altSpellings":["RO","Rumania","Roumania","România"],"region":"Europe","subregion":"Eastern Europe","population":19861408,"latlng":[46.0,25.0],"demonym":"Romanian","area":238391.0,"gini":30.0,"timezones":["UTC+02:00"],"borders":["BGR","HUN","MDA","SRB","UKR"],"nativeName":"România","numericCode":"642","currencies":[{"code":"RON","name":"Romanian leu","symbol":"lei"}],"languages":[{"iso639_1":"ro","iso639_2":"ron","name":"Romanian","nativeName":"Român?"}],"translations":{"de":"Rumänien","es":"Rumania","fr":"Roumanie","ja":"?????","it":"Romania","br":"Romênia","pt":"Roménia","nl":"Roemenië","hr":"Rumunjska","fa":"??????"},"flag":"https://restcountries.eu/data/rou.svg","regionalBlocs":[{"acronym":"EU","name":"European Union","otherAcronyms":[],"otherNames":[]}],"cioc":"ROU"},{"name":"Russian Federation","topLevelDomain":[".ru"],"alpha2Code":"RU","alpha3Code":"RUS","callingCodes":["7"],"capital":"Moscow","altSpellings":["RU","Rossiya","Russian Federation","?????????? ?????????","Rossiyskaya Federatsiya"],"region":"Europe","subregion":"Eastern Europe","population":146599183,"latlng":[60.0,100.0],"demonym":"Russian","area":1.7124442E7,"gini":40.1,"timezones":["UTC+03:00","UTC+04:00","UTC+06:00","UTC+07:00","UTC+08:00","UTC+09:00","UTC+10:00","UTC+11:00","UTC+12:00"],"borders":["AZE","BLR","CHN","EST","FIN","GEO","KAZ","PRK","LVA","LTU","MNG","NOR","POL","UKR"],"nativeName":"??????","numericCode":"643","currencies":[{"code":"RUB","name":"Russian ruble","symbol":"?"}],"languages":[{"iso639_1":"ru","iso639_2":"rus","name":"Russian","nativeName":"???????"}],"translations":{"de":"Russland","es":"Rusia","fr":"Russie","ja":"?????","it":"Russia","br":"Rússia","pt":"Rússia","nl":"Rusland","hr":"Rusija","fa":"?????"},"flag":"https://restcountries.eu/data/rus.svg","regionalBlocs":[{"acronym":"EEU","name":"Eurasian Economic Union","otherAcronyms":["EAEU"],"otherNames":[]}],"cioc":"RUS"},{"name":"Rwanda","topLevelDomain":[".rw"],"alpha2Code":"RW","alpha3Code":"RWA","callingCodes":["250"],"capital":"Kigali","altSpellings":["RW","Republic of Rwanda","Repubulika y'u Rwanda","République du Rwanda"],"region":"Africa","subregion":"Eastern Africa","population":11553188,"latlng":[-2.0,30.0],"demonym":"Rwandan","area":26338.0,"gini":50.8,"timezones":["UTC+02:00"],"borders":["BDI","COD","TZA","UGA"],"nativeName":"Rwanda","numericCode":"646","currencies":[{"code":"RWF","name":"Rwandan franc","symbol":"Fr"}],"languages":[{"iso639_1":"rw","iso639_2":"kin","name":"Kinyarwanda","nativeName":"Ikinyarwanda"},{"iso639_1":"en","iso639_2":"eng","name":"English","nativeName":"English"},{"iso639_1":"fr","iso639_2":"fra","name":"French","nativeName":"français"}],"translations":{"de":"Ruanda","es":"Ruanda","fr":"Rwanda","ja":"????","it":"Ruanda","br":"Ruanda","pt":"Ruanda","nl":"Rwanda","hr":"Ruanda","fa":"??????"},"flag":"https://restcountries.eu/data/rwa.svg","regionalBlocs":[{"acronym":"AU","name":"African Union","otherAcronyms":[],"otherNames":["??????? ????????","Union africaine","União Africana","Unión Africana","Umoja wa Afrika"]}],"cioc":"RWA"},{"name":"Saint Barthélemy","topLevelDomain":[".bl"],"alpha2Code":"BL","alpha3Code":"BLM","callingCodes":["590"],"capital":"Gustavia","altSpellings":["BL","St. Barthelemy","Collectivity of Saint Barthélemy","Collectivité de Saint-Barthélemy"],"region":"Americas","subregion":"Caribbean","population":9417,"latlng":[18.5,-63.41666666],"demonym":"Saint Barthélemy Islander","area":21.0,"gini":null,"timezones":["UTC-04:00"],"borders":[],"nativeName":"Saint-Barthélemy","numericCode":"652","currencies":[{"code":"EUR","name":"Euro","symbol":"€"}],"languages":[{"iso639_1":"fr","iso639_2":"fra","name":"French","nativeName":"français"}],"translations":{"de":"Saint-Barthélemy","es":"San Bartolomé","fr":"Saint-Barthélemy","ja":"?????????","it":"Antille Francesi","br":"São Bartolomeu","pt":"São Bartolomeu","nl":"Saint Barthélemy","hr":"Saint Barthélemy","fa":"??-???????"},"flag":"https://restcountries.eu/data/blm.svg","regionalBlocs":[],"cioc":""},{"name":"Saint Helena, Ascension and Tristan da Cunha","topLevelDomain":[".sh"],"alpha2Code":"SH","alpha3Code":"SHN","callingCodes":["290"],"capital":"Jamestown","altSpellings":["SH"],"region":"Africa","subregion":"Western Africa","population":4255,"latlng":[-15.95,-5.7],"demonym":"Saint Helenian","area":null,"gini":null,"timezones":["UTC+00:00"],"borders":[],"nativeName":"Saint Helena","numericCode":"654","currencies":[{"code":"SHP","name":"Saint Helena pound","symbol":"£"}],"languages":[{"iso639_1":"en","iso639_2":"eng","name":"English","nativeName":"English"}],"translations":{"de":"Sankt Helena","es":"Santa Helena","fr":"Sainte-Hélène","ja":"??????????????????????????","it":"Sant'Elena","br":"Santa Helena","pt":"Santa Helena","nl":"Sint-Helena","hr":"Sveta Helena","fa":"??? ????? ????? ? ??????? ?? ????"},"flag":"https://restcountries.eu/data/shn.svg","regionalBlocs":[{"acronym":"AU","name":"African Union","otherAcronyms":[],"otherNames":["??????? ????????","Union africaine","União Africana","Unión Africana","Umoja wa Afrika"]}],"cioc":null},{"name":"Saint Kitts and Nevis","topLevelDomain":[".kn"],"alpha2Code":"KN","alpha3Code":"KNA","callingCodes":["1869"],"capital":"Basseterre","altSpellings":["KN","Federation of Saint Christopher and Nevis"],"region":"Americas","subregion":"Caribbean","population":46204,"latlng":[17.33333333,-62.75],"demonym":"Kittian and Nevisian","area":261.0,"gini":null,"timezones":["UTC-04:00"],"borders":[],"nativeName":"Saint Kitts and Nevis","numericCode":"659","currencies":[{"code":"XCD","name":"East Caribbean dollar","symbol":"$"}],"languages":[{"iso639_1":"en","iso639_2":"eng","name":"English","nativeName":"English"}],"translations":{"de":"St. Kitts und Nevis","es":"San Cristóbal y Nieves","fr":"Saint-Christophe-et-Niévès","ja":"???????????????","it":"Saint Kitts e Nevis","br":"São Cristóvão e Neves","pt":"São Cristóvão e Neves","nl":"Saint Kitts en Nevis","hr":"Sveti Kristof i Nevis","fa":"??? ???? ? ????"},"flag":"https://restcountries.eu/data/kna.svg","regionalBlocs":[{"acronym":"CARICOM","name":"Caribbean Community","otherAcronyms":[],"otherNames":["Comunidad del Caribe","Communauté Caribéenne","Caribische Gemeenschap"]}],"cioc":"SKN"},{"name":"Saint Lucia","topLevelDomain":[".lc"],"alpha2Code":"LC","alpha3Code":"LCA","callingCodes":["1758"],"capital":"Castries","altSpellings":["LC"],"region":"Americas","subregion":"Caribbean","population":186000,"latlng":[13.88333333,-60.96666666],"demonym":"Saint Lucian","area":616.0,"gini":42.6,"timezones":["UTC-04:00"],"borders":[],"nativeName":"Saint Lucia","numericCode":"662","currencies":[{"code":"XCD","name":"East Caribbean dollar","symbol":"$"}],"languages":[{"iso639_1":"en","iso639_2":"eng","name":"English","nativeName":"English"}],"translations":{"de":"Saint Lucia","es":"Santa Lucía","fr":"Saint-Lucie","ja":"??????","it":"Santa Lucia","br":"Santa Lúcia","pt":"Santa Lúcia","nl":"Saint Lucia","hr":"Sveta Lucija","fa":"??? ?????"},"flag":"https://restcountries.eu/data/lca.svg","regionalBlocs":[{"acronym":"CARICOM","name":"Caribbean Community","otherAcronyms":[],"otherNames":["Comunidad del Caribe","Communauté Caribéenne","Caribische Gemeenschap"]}],"cioc":"LCA"},{"name":"Saint Martin (French part)","topLevelDomain":[".mf",".fr",".gp"],"alpha2Code":"MF","alpha3Code":"MAF","callingCodes":["590"],"capital":"Marigot","altSpellings":["MF","Collectivity of Saint Martin","Collectivité de Saint-Martin"],"region":"Americas","subregion":"Caribbean","population":36979,"latlng":[18.08333333,-63.95],"demonym":"Saint Martin Islander","area":53.0,"gini":null,"timezones":["UTC-04:00"],"borders":["SXM","NLD"],"nativeName":"Saint-Martin","numericCode":"663","currencies":[{"code":"EUR","name":"Euro","symbol":"€"}],"languages":[{"iso639_1":"en","iso639_2":"eng","name":"English","nativeName":"English"},{"iso639_1":"fr","iso639_2":"fra","name":"French","nativeName":"français"},{"iso639_1":"nl","iso639_2":"nld","name":"Dutch","nativeName":"Nederlands"}],"translations":{"de":"Saint Martin","es":"Saint Martin","fr":"Saint-Martin","ja":"??????????????","it":"Saint Martin","br":"Saint Martin","pt":"Ilha São Martinho","nl":"Saint-Martin","hr":"Sveti Martin","fa":"???? ?????"},"flag":"https://restcountries.eu/data/maf.svg","regionalBlocs":[],"cioc":""},{"name":"Saint Pierre and Miquelon","topLevelDomain":[".pm"],"alpha2Code":"PM","alpha3Code":"SPM","callingCodes":["508"],"capital":"Saint-Pierre","altSpellings":["PM","Collectivité territoriale de Saint-Pierre-et-Miquelon"],"region":"Americas","subregion":"Northern America","population":6069,"latlng":[46.83333333,-56.33333333],"demonym":"French","area":242.0,"gini":null,"timezones":["UTC-03:00"],"borders":[],"nativeName":"Saint-Pierre-et-Miquelon","numericCode":"666","currencies":[{"code":"EUR","name":"Euro","symbol":"€"}],"languages":[{"iso639_1":"fr","iso639_2":"fra","name":"French","nativeName":"français"}],"translations":{"de":"Saint-Pierre und Miquelon","es":"San Pedro y Miquelón","fr":"Saint-Pierre-et-Miquelon","ja":"?????????????","it":"Saint-Pierre e Miquelon","br":"Saint-Pierre e Miquelon","pt":"São Pedro e Miquelon","nl":"Saint Pierre en Miquelon","hr":"Sveti Petar i Mikelon","fa":"?? ??? ? ?????"},"flag":"https://restcountries.eu/data/spm.svg","regionalBlocs":[],"cioc":""},{"name":"Saint Vincent and the Grenadines","topLevelDomain":[".vc"],"alpha2Code":"VC","alpha3Code":"VCT","callingCodes":["1784"],"capital":"Kingstown","altSpellings":["VC"],"region":"Americas","subregion":"Caribbean","population":109991,"latlng":[13.25,-61.2],"demonym":"Saint Vincentian","area":389.0,"gini":null,"timezones":["UTC-04:00"],"borders":[],"nativeName":"Saint Vincent and the Grenadines","numericCode":"670","currencies":[{"code":"XCD","name":"East Caribbean dollar","symbol":"$"}],"languages":[{"iso639_1":"en","iso639_2":"eng","name":"English","nativeName":"English"}],"translations":{"de":"Saint Vincent und die Grenadinen","es":"San Vicente y Granadinas","fr":"Saint-Vincent-et-les-Grenadines","ja":"????????????????????","it":"Saint Vincent e Grenadine","br":"São Vicente e Granadinas","pt":"São Vicente e Granadinas","nl":"Saint Vincent en de Grenadines","hr":"Sveti Vincent i Grenadini","fa":"??? ?????? ? ??????????"},"flag":"https://restcountries.eu/data/vct.svg","regionalBlocs":[{"acronym":"CARICOM","name":"Caribbean Community","otherAcronyms":[],"otherNames":["Comunidad del Caribe","Communauté Caribéenne","Caribische Gemeenschap"]}],"cioc":"VIN"},{"name":"Samoa","topLevelDomain":[".ws"],"alpha2Code":"WS","alpha3Code":"WSM","callingCodes":["685"],"capital":"Apia","altSpellings":["WS","Independent State of Samoa","Malo Sa?oloto Tuto?atasi o S?moa"],"region":"Oceania","subregion":"Polynesia","population":194899,"latlng":[-13.58333333,-172.33333333],"demonym":"Samoan","area":2842.0,"gini":null,"timezones":["UTC+13:00"],"borders":[],"nativeName":"Samoa","numericCode":"882","currencies":[{"code":"WST","name":"Samoan t?l?","symbol":"T"}],"languages":[{"iso639_1":"sm","iso639_2":"smo","name":"Samoan","nativeName":"gagana fa'a Samoa"},{"iso639_1":"en","iso639_2":"eng","name":"English","nativeName":"English"}],"translations":{"de":"Samoa","es":"Samoa","fr":"Samoa","ja":"???","it":"Samoa","br":"Samoa","pt":"Samoa","nl":"Samoa","hr":"Samoa","fa":"?????"},"flag":"https://restcountries.eu/data/wsm.svg","regionalBlocs":[],"cioc":"SAM"},{"name":"San Marino","topLevelDomain":[".sm"],"alpha2Code":"SM","alpha3Code":"SMR","callingCodes":["378"],"capital":"City of San Marino","altSpellings":["SM","Republic of San Marino","Repubblica di San Marino"],"region":"Europe","subregion":"Southern Europe","population":33005,"latlng":[43.76666666,12.41666666],"demonym":"Sammarinese","area":61.0,"gini":null,"timezones":["UTC+01:00"],"borders":["ITA"],"nativeName":"San Marino","numericCode":"674","currencies":[{"code":"EUR","name":"Euro","symbol":"€"}],"languages":[{"iso639_1":"it","iso639_2":"ita","name":"Italian","nativeName":"Italiano"}],"translations":{"de":"San Marino","es":"San Marino","fr":"Saint-Marin","ja":"?????","it":"San Marino","br":"San Marino","pt":"São Marinho","nl":"San Marino","hr":"San Marino","fa":"??? ??????"},"flag":"https://restcountries.eu/data/smr.svg","regionalBlocs":[],"cioc":"SMR"},{"name":"Sao Tome and Principe","topLevelDomain":[".st"],"alpha2Code":"ST","alpha3Code":"STP","callingCodes":["239"],"capital":"São Tomé","altSpellings":["ST","Democratic Republic of São Tomé and Príncipe","República Democrática de São Tomé e Príncipe"],"region":"Africa","subregion":"Middle Africa","population":187356,"latlng":[1.0,7.0],"demonym":"Sao Tomean","area":964.0,"gini":50.8,"timezones":["UTC"],"borders":[],"nativeName":"São Tomé e Príncipe","numericCode":"678","currencies":[{"code":"STD","name":"São Tomé and Príncipe dobra","symbol":"Db"}],"languages":[{"iso639_1":"pt","iso639_2":"por","name":"Portuguese","nativeName":"Português"}],"translations":{"de":"São Tomé und Príncipe","es":"Santo Tomé y Príncipe","fr":"Sao Tomé-et-Principe","ja":"??????????","it":"São Tomé e Príncipe","br":"São Tomé e Príncipe","pt":"São Tomé e Príncipe","nl":"Sao Tomé en Principe","hr":"Sveti Toma i Princip","fa":"?????? ?? ??????"},"flag":"https://restcountries.eu/data/stp.svg","regionalBlocs":[{"acronym":"AU","name":"African Union","otherAcronyms":[],"otherNames":["??????? ????????","Union africaine","União Africana","Unión Africana","Umoja wa Afrika"]}],"cioc":"STP"},{"name":"Saudi Arabia","topLevelDomain":[".sa"],"alpha2Code":"SA","alpha3Code":"SAU","callingCodes":["966"],"capital":"Riyadh","altSpellings":["SA","Kingdom of Saudi Arabia","Al-Mamlakah al-‘Arabiyyah as-Su‘?diyyah"],"region":"Asia","subregion":"Western Asia","population":32248200,"latlng":[25.0,45.0],"demonym":"Saudi Arabian","area":2149690.0,"gini":null,"timezones":["UTC+03:00"],"borders":["IRQ","JOR","KWT","OMN","QAT","ARE","YEM"],"nativeName":"??????? ????????","numericCode":"682","currencies":[{"code":"SAR","name":"Saudi riyal","symbol":"?.?"}],"languages":[{"iso639_1":"ar","iso639_2":"ara","name":"Arabic","nativeName":"???????"}],"translations":{"de":"Saudi-Arabien","es":"Arabia Saudí","fr":"Arabie Saoudite","ja":"???????","it":"Arabia Saudita","br":"Arábia Saudita","pt":"Arábia Saudita","nl":"Saoedi-Arabië","hr":"Saudijska Arabija","fa":"??????? ?????"},"flag":"https://restcountries.eu/data/sau.svg","regionalBlocs":[{"acronym":"AL","name":"Arab League","otherAcronyms":[],"otherNames":["????? ????? ???????","J?mi?at ad-Duwal al-?Arab?yah","League of Arab States"]}],"cioc":"KSA"},{"name":"Senegal","topLevelDomain":[".sn"],"alpha2Code":"SN","alpha3Code":"SEN","callingCodes":["221"],"capital":"Dakar","altSpellings":["SN","Republic of Senegal","République du Sénégal"],"region":"Africa","subregion":"Western Africa","population":14799859,"latlng":[14.0,-14.0],"demonym":"Senegalese","area":196722.0,"gini":39.2,"timezones":["UTC"],"borders":["GMB","GIN","GNB","MLI","MRT"],"nativeName":"Sénégal","numericCode":"686","currencies":[{"code":"XOF","name":"West African CFA franc","symbol":"Fr"}],"languages":[{"iso639_1":"fr","iso639_2":"fra","name":"French","nativeName":"français"}],"translations":{"de":"Senegal","es":"Senegal","fr":"Sénégal","ja":"????","it":"Senegal","br":"Senegal","pt":"Senegal","nl":"Senegal","hr":"Senegal","fa":"?????"},"flag":"https://restcountries.eu/data/sen.svg","regionalBlocs":[{"acronym":"AU","name":"African Union","otherAcronyms":[],"otherNames":["??????? ????????","Union africaine","União Africana","Unión Africana","Umoja wa Afrika"]}],"cioc":"SEN"},{"name":"Serbia","topLevelDomain":[".rs"],"alpha2Code":"RS","alpha3Code":"SRB","callingCodes":["381"],"capital":"Belgrade","altSpellings":["RS","Srbija","Republic of Serbia","????????? ??????","Republika Srbija"],"region":"Europe","subregion":"Southern Europe","population":7076372,"latlng":[44.0,21.0],"demonym":"Serbian","area":88361.0,"gini":27.8,"timezones":["UTC+01:00"],"borders":["BIH","BGR","HRV","HUN","KOS","MKD","MNE","ROU"],"nativeName":"??????","numericCode":"688","currencies":[{"code":"RSD","name":"Serbian dinar","symbol":"???."}],"languages":[{"iso639_1":"sr","iso639_2":"srp","name":"Serbian","nativeName":"?????? ?????"}],"translations":{"de":"Serbien","es":"Serbia","fr":"Serbie","ja":"????","it":"Serbia","br":"Sérvia","pt":"Sérvia","nl":"Servië","hr":"Srbija","fa":"???????"},"flag":"https://restcountries.eu/data/srb.svg","regionalBlocs":[{"acronym":"CEFTA","name":"Central European Free Trade Agreement","otherAcronyms":[],"otherNames":[]}],"cioc":"SRB"},{"name":"Seychelles","topLevelDomain":[".sc"],"alpha2Code":"SC","alpha3Code":"SYC","callingCodes":["248"],"capital":"Victoria","altSpellings":["SC","Republic of Seychelles","Repiblik Sesel","République des Seychelles"],"region":"Africa","subregion":"Eastern Africa","population":91400,"latlng":[-4.58333333,55.66666666],"demonym":"Seychellois","area":452.0,"gini":65.8,"timezones":["UTC+04:00"],"borders":[],"nativeName":"Seychelles","numericCode":"690","currencies":[{"code":"SCR","name":"Seychellois rupee","symbol":"?"}],"languages":[{"iso639_1":"fr","iso639_2":"fra","name":"French","nativeName":"français"},{"iso639_1":"en","iso639_2":"eng","name":"English","nativeName":"English"}],"translations":{"de":"Seychellen","es":"Seychelles","fr":"Seychelles","ja":"?????","it":"Seychelles","br":"Seicheles","pt":"Seicheles","nl":"Seychellen","hr":"Sejšeli","fa":"????"},"flag":"https://restcountries.eu/data/syc.svg","regionalBlocs":[{"acronym":"AU","name":"African Union","otherAcronyms":[],"otherNames":["??????? ????????","Union africaine","União Africana","Unión Africana","Umoja wa Afrika"]}],"cioc":"SEY"},{"name":"Sierra Leone","topLevelDomain":[".sl"],"alpha2Code":"SL","alpha3Code":"SLE","callingCodes":["232"],"capital":"Freetown","altSpellings":["SL","Republic of Sierra Leone"],"region":"Africa","subregion":"Western Africa","population":7075641,"latlng":[8.5,-11.5],"demonym":"Sierra Leonean","area":71740.0,"gini":42.5,"timezones":["UTC"],"borders":["GIN","LBR"],"nativeName":"Sierra Leone","numericCode":"694","currencies":[{"code":"SLL","name":"Sierra Leonean leone","symbol":"Le"}],"languages":[{"iso639_1":"en","iso639_2":"eng","name":"English","nativeName":"English"}],"translations":{"de":"Sierra Leone","es":"Sierra Leone","fr":"Sierra Leone","ja":"??????","it":"Sierra Leone","br":"Serra Leoa","pt":"Serra Leoa","nl":"Sierra Leone","hr":"Sijera Leone","fa":"????????"},"flag":"https://restcountries.eu/data/sle.svg","regionalBlocs":[{"acronym":"AU","name":"African Union","otherAcronyms":[],"otherNames":["??????? ????????","Union africaine","União Africana","Unión Africana","Umoja wa Afrika"]}],"cioc":"SLE"},{"name":"Singapore","topLevelDomain":[".sg"],"alpha2Code":"SG","alpha3Code":"SGP","callingCodes":["65"],"capital":"Singapore","altSpellings":["SG","Singapura","Republik Singapura","??????"],"region":"Asia","subregion":"South-Eastern Asia","population":5535000,"latlng":[1.36666666,103.8],"demonym":"Singaporean","area":710.0,"gini":48.1,"timezones":["UTC+08:00"],"borders":[],"nativeName":"Singapore","numericCode":"702","currencies":[{"code":"BND","name":"Brunei dollar","symbol":"$"},{"code":"SGD","name":"Singapore dollar","symbol":"$"}],"languages":[{"iso639_1":"en","iso639_2":"eng","name":"English","nativeName":"English"},{"iso639_1":"ms","iso639_2":"msa","name":"Malay","nativeName":"bahasa Melayu"},{"iso639_1":"ta","iso639_2":"tam","name":"Tamil","nativeName":"?????"},{"iso639_1":"zh","iso639_2":"zho","name":"Chinese","nativeName":"?? (Zh?ngwén)"}],"translations":{"de":"Singapur","es":"Singapur","fr":"Singapour","ja":"??????","it":"Singapore","br":"Singapura","pt":"Singapura","nl":"Singapore","hr":"Singapur","fa":"???????"},"flag":"https://restcountries.eu/data/sgp.svg","regionalBlocs":[{"acronym":"ASEAN","name":"Association of Southeast Asian Nations","otherAcronyms":[],"otherNames":[]}],"cioc":"SIN"},{"name":"Sint Maarten (Dutch part)","topLevelDomain":[".sx"],"alpha2Code":"SX","alpha3Code":"SXM","callingCodes":["1721"],"capital":"Philipsburg","altSpellings":["SX"],"region":"Americas","subregion":"Caribbean","population":38247,"latlng":[18.033333,-63.05],"demonym":"Dutch","area":34.0,"gini":null,"timezones":["UTC-04:00"],"borders":["MAF"],"nativeName":"Sint Maarten","numericCode":"534","currencies":[{"code":"ANG","name":"Netherlands Antillean guilder","symbol":"ƒ"}],"languages":[{"iso639_1":"nl","iso639_2":"nld","name":"Dutch","nativeName":"Nederlands"},{"iso639_1":"en","iso639_2":"eng","name":"English","nativeName":"English"}],"translations":{"de":"Sint Maarten (niederl. Teil)","es":null,"fr":"Saint Martin (partie néerlandaise)","ja":null,"it":"Saint Martin (parte olandese)","br":"Sint Maarten","pt":"São Martinho","nl":"Sint Maarten","hr":null,"fa":"???? ?????"},"flag":"https://restcountries.eu/data/sxm.svg","regionalBlocs":[],"cioc":""},{"name":"Slovakia","topLevelDomain":[".sk"],"alpha2Code":"SK","alpha3Code":"SVK","callingCodes":["421"],"capital":"Bratislava","altSpellings":["SK","Slovak Republic","Slovenská republika"],"region":"Europe","subregion":"Eastern Europe","population":5426252,"latlng":[48.66666666,19.5],"demonym":"Slovak","area":49037.0,"gini":26.0,"timezones":["UTC+01:00"],"borders":["AUT","CZE","HUN","POL","UKR"],"nativeName":"Slovensko","numericCode":"703","currencies":[{"code":"EUR","name":"Euro","symbol":"€"}],"languages":[{"iso639_1":"sk","iso639_2":"slk","name":"Slovak","nativeName":"sloven?ina"}],"translations":{"de":"Slowakei","es":"República Eslovaca","fr":"Slovaquie","ja":"?????","it":"Slovacchia","br":"Eslováquia","pt":"Eslováquia","nl":"Slowakije","hr":"Slova?ka","fa":"???????"},"flag":"https://restcountries.eu/data/svk.svg","regionalBlocs":[{"acronym":"EU","name":"European Union","otherAcronyms":[],"otherNames":[]}],"cioc":"SVK"},{"name":"Slovenia","topLevelDomain":[".si"],"alpha2Code":"SI","alpha3Code":"SVN","callingCodes":["386"],"capital":"Ljubljana","altSpellings":["SI","Republic of Slovenia","Republika Slovenija"],"region":"Europe","subregion":"Southern Europe","population":2064188,"latlng":[46.11666666,14.81666666],"demonym":"Slovene","area":20273.0,"gini":31.2,"timezones":["UTC+01:00"],"borders":["AUT","HRV","ITA","HUN"],"nativeName":"Slovenija","numericCode":"705","currencies":[{"code":"EUR","name":"Euro","symbol":"€"}],"languages":[{"iso639_1":"sl","iso639_2":"slv","name":"Slovene","nativeName":"slovenski jezik"}],"translations":{"de":"Slowenien","es":"Eslovenia","fr":"Slovénie","ja":"?????","it":"Slovenia","br":"Eslovênia","pt":"Eslovénia","nl":"Slovenië","hr":"Slovenija","fa":"???????"},"flag":"https://restcountries.eu/data/svn.svg","regionalBlocs":[{"acronym":"EU","name":"European Union","otherAcronyms":[],"otherNames":[]}],"cioc":"SLO"},{"name":"Solomon Islands","topLevelDomain":[".sb"],"alpha2Code":"SB","alpha3Code":"SLB","callingCodes":["677"],"capital":"Honiara","altSpellings":["SB"],"region":"Oceania","subregion":"Melanesia","population":642000,"latlng":[-8.0,159.0],"demonym":"Solomon Islander","area":28896.0,"gini":null,"timezones":["UTC+11:00"],"borders":[],"nativeName":"Solomon Islands","numericCode":"090","currencies":[{"code":"SBD","name":"Solomon Islands dollar","symbol":"$"}],"languages":[{"iso639_1":"en","iso639_2":"eng","name":"English","nativeName":"English"}],"translations":{"de":"Salomonen","es":"Islas Salomón","fr":"Îles Salomon","ja":"??????","it":"Isole Salomone","br":"Ilhas Salomão","pt":"Ilhas Salomão","nl":"Salomonseilanden","hr":"Solomonski Otoci","fa":"????? ??????"},"flag":"https://restcountries.eu/data/slb.svg","regionalBlocs":[],"cioc":"SOL"},{"name":"Somalia","topLevelDomain":[".so"],"alpha2Code":"SO","alpha3Code":"SOM","callingCodes":["252"],"capital":"Mogadishu","altSpellings":["SO","a?-??m?l","Federal Republic of Somalia","Jamhuuriyadda Federaalka Soomaaliya","Jumh?riyyat a?-??m?l al-Fider?liyya"],"region":"Africa","subregion":"Eastern Africa","population":11079000,"latlng":[10.0,49.0],"demonym":"Somali","area":637657.0,"gini":null,"timezones":["UTC+03:00"],"borders":["DJI","ETH","KEN"],"nativeName":"Soomaaliya","numericCode":"706","currencies":[{"code":"SOS","name":"Somali shilling","symbol":"Sh"}],"languages":[{"iso639_1":"so","iso639_2":"som","name":"Somali","nativeName":"Soomaaliga"},{"iso639_1":"ar","iso639_2":"ara","name":"Arabic","nativeName":"???????"}],"translations":{"de":"Somalia","es":"Somalia","fr":"Somalie","ja":"????","it":"Somalia","br":"Somália","pt":"Somália","nl":"Somalië","hr":"Somalija","fa":"??????"},"flag":"https://restcountries.eu/data/som.svg","regionalBlocs":[{"acronym":"AU","name":"African Union","otherAcronyms":[],"otherNames":["??????? ????????","Union africaine","União Africana","Unión Africana","Umoja wa Afrika"]},{"acronym":"AL","name":"Arab League","otherAcronyms":[],"otherNames":["????? ????? ???????","J?mi?at ad-Duwal al-?Arab?yah","League of Arab States"]}],"cioc":"SOM"},{"name":"South Africa","topLevelDomain":[".za"],"alpha2Code":"ZA","alpha3Code":"ZAF","callingCodes":["27"],"capital":"Pretoria","altSpellings":["ZA","RSA","Suid-Afrika","Republic of South Africa"],"region":"Africa","subregion":"Southern Africa","population":55653654,"latlng":[-29.0,24.0],"demonym":"South African","area":1221037.0,"gini":63.1,"timezones":["UTC+02:00"],"borders":["BWA","LSO","MOZ","NAM","SWZ","ZWE"],"nativeName":"South Africa","numericCode":"710","currencies":[{"code":"ZAR","name":"South African rand","symbol":"R"}],"languages":[{"iso639_1":"af","iso639_2":"afr","name":"Afrikaans","nativeName":"Afrikaans"},{"iso639_1":"en","iso639_2":"eng","name":"English","nativeName":"English"},{"iso639_1":"nr","iso639_2":"nbl","name":"Southern Ndebele","nativeName":"isiNdebele"},{"iso639_1":"st","iso639_2":"sot","name":"Southern Sotho","nativeName":"Sesotho"},{"iso639_1":"ss","iso639_2":"ssw","name":"Swati","nativeName":"SiSwati"},{"iso639_1":"tn","iso639_2":"tsn","name":"Tswana","nativeName":"Setswana"},{"iso639_1":"ts","iso639_2":"tso","name":"Tsonga","nativeName":"Xitsonga"},{"iso639_1":"ve","iso639_2":"ven","name":"Venda","nativeName":"Tshiven?a"},{"iso639_1":"xh","iso639_2":"xho","name":"Xhosa","nativeName":"isiXhosa"},{"iso639_1":"zu","iso639_2":"zul","name":"Zulu","nativeName":"isiZulu"}],"translations":{"de":"Republik Südafrika","es":"República de Sudáfrica","fr":"Afrique du Sud","ja":"?????","it":"Sud Africa","br":"República Sul-Africana","pt":"República Sul-Africana","nl":"Zuid-Afrika","hr":"Južnoafri?ka Republika","fa":"??????? ?????"},"flag":"https://restcountries.eu/data/zaf.svg","regionalBlocs":[{"acronym":"AU","name":"African Union","otherAcronyms":[],"otherNames":["??????? ????????","Union africaine","União Africana","Unión Africana","Umoja wa Afrika"]}],"cioc":"RSA"},{"name":"South Georgia and the South Sandwich Islands","topLevelDomain":[".gs"],"alpha2Code":"GS","alpha3Code":"SGS","callingCodes":["500"],"capital":"King Edward Point","altSpellings":["GS","South Georgia and the South Sandwich Islands"],"region":"Americas","subregion":"South America","population":30,"latlng":[-54.5,-37.0],"demonym":"South Georgia and the South Sandwich Islander","area":null,"gini":null,"timezones":["UTC-02:00"],"borders":[],"nativeName":"South Georgia","numericCode":"239","currencies":[{"code":"GBP","name":"British pound","symbol":"£"},{"code":"(none)","name":null,"symbol":"£"}],"languages":[{"iso639_1":"en","iso639_2":"eng","name":"English","nativeName":"English"}],"translations":{"de":"Südgeorgien und die Südlichen Sandwichinseln","es":"Islas Georgias del Sur y Sandwich del Sur","fr":"Géorgie du Sud-et-les Îles Sandwich du Sud","ja":"?????????????????????","it":"Georgia del Sud e Isole Sandwich Meridionali","br":"Ilhas Geórgias do Sul e Sandwich do Sul","pt":"Ilhas Geórgia do Sul e Sanduíche do Sul","nl":"Zuid-Georgia en Zuidelijke Sandwicheilanden","hr":"Južna Georgija i oto?je Južni Sandwich","fa":"????? ??????? ????? ? ??????? ?????"},"flag":"https://restcountries.eu/data/sgs.svg","regionalBlocs":[{"acronym":"USAN","name":"Union of South American Nations","otherAcronyms":["UNASUR","UNASUL","UZAN"],"otherNames":["Unión de Naciones Suramericanas","União de Nações Sul-Americanas","Unie van Zuid-Amerikaanse Naties","South American Union"]}],"cioc":""},{"name":"Korea (Republic of)","topLevelDomain":[".kr"],"alpha2Code":"KR","alpha3Code":"KOR","callingCodes":["82"],"capital":"Seoul","altSpellings":["KR","Republic of Korea"],"region":"Asia","subregion":"Eastern Asia","population":50801405,"latlng":[37.0,127.5],"demonym":"South Korean","area":100210.0,"gini":31.3,"timezones":["UTC+09:00"],"borders":["PRK"],"nativeName":"????","numericCode":"410","currencies":[{"code":"KRW","name":"South Korean won","symbol":"?"}],"languages":[{"iso639_1":"ko","iso639_2":"kor","name":"Korean","nativeName":"???"}],"translations":{"de":"Südkorea","es":"Corea del Sur","fr":"Corée du Sud","ja":"????","it":"Corea del Sud","br":"Coreia do Sul","pt":"Coreia do Sul","nl":"Zuid-Korea","hr":"Južna Koreja","fa":"??? ?????"},"flag":"https://restcountries.eu/data/kor.svg","regionalBlocs":[],"cioc":"KOR"},{"name":"South Sudan","topLevelDomain":[".ss"],"alpha2Code":"SS","alpha3Code":"SSD","callingCodes":["211"],"capital":"Juba","altSpellings":["SS"],"region":"Africa","subregion":"Middle Africa","population":12131000,"latlng":[7.0,30.0],"demonym":"South Sudanese","area":619745.0,"gini":45.5,"timezones":["UTC+03:00"],"borders":["CAF","COD","ETH","KEN","SDN","UGA"],"nativeName":"South Sudan","numericCode":"728","currencies":[{"code":"SSP","name":"South Sudanese pound","symbol":"£"}],"languages":[{"iso639_1":"en","iso639_2":"eng","name":"English","nativeName":"English"}],"translations":{"de":"Südsudan","es":"Sudán del Sur","fr":"Soudan du Sud","ja":"?????","it":"Sudan del sud","br":"Sudão do Sul","pt":"Sudão do Sul","nl":"Zuid-Soedan","hr":"Južni Sudan","fa":"????? ?????"},"flag":"https://restcountries.eu/data/ssd.svg","regionalBlocs":[{"acronym":"AU","name":"African Union","otherAcronyms":[],"otherNames":["??????? ????????","Union africaine","União Africana","Unión Africana","Umoja wa Afrika"]}],"cioc":""},{"name":"Spain","topLevelDomain":[".es"],"alpha2Code":"ES","alpha3Code":"ESP","callingCodes":["34"],"capital":"Madrid","altSpellings":["ES","Kingdom of Spain","Reino de España"],"region":"Europe","subregion":"Southern Europe","population":46438422,"latlng":[40.0,-4.0],"demonym":"Spanish","area":505992.0,"gini":34.7,"timezones":["UTC","UTC+01:00"],"borders":["AND","FRA","GIB","PRT","MAR"],"nativeName":"España","numericCode":"724","currencies":[{"code":"EUR","name":"Euro","symbol":"€"}],"languages":[{"iso639_1":"es","iso639_2":"spa","name":"Spanish","nativeName":"Español"}],"translations":{"de":"Spanien","es":"España","fr":"Espagne","ja":"????","it":"Spagna","br":"Espanha","pt":"Espanha","nl":"Spanje","hr":"Španjolska","fa":"???????"},"flag":"https://restcountries.eu/data/esp.svg","regionalBlocs":[{"acronym":"EU","name":"European Union","otherAcronyms":[],"otherNames":[]}],"cioc":"ESP"},{"name":"Sri Lanka","topLevelDomain":[".lk"],"alpha2Code":"LK","alpha3Code":"LKA","callingCodes":["94"],"capital":"Colombo","altSpellings":["LK","ila?kai","Democratic Socialist Republic of Sri Lanka"],"region":"Asia","subregion":"Southern Asia","population":20966000,"latlng":[7.0,81.0],"demonym":"Sri Lankan","area":65610.0,"gini":40.3,"timezones":["UTC+05:30"],"borders":["IND"],"nativeName":"?r? la?k?va","numericCode":"144","currencies":[{"code":"LKR","name":"Sri Lankan rupee","symbol":"Rs"}],"languages":[{"iso639_1":"si","iso639_2":"sin","name":"Sinhalese","nativeName":"?????"},{"iso639_1":"ta","iso639_2":"tam","name":"Tamil","nativeName":"?????"}],"translations":{"de":"Sri Lanka","es":"Sri Lanka","fr":"Sri Lanka","ja":"?????","it":"Sri Lanka","br":"Sri Lanka","pt":"Sri Lanka","nl":"Sri Lanka","hr":"Šri Lanka","fa":"?????????"},"flag":"https://restcountries.eu/data/lka.svg","regionalBlocs":[{"acronym":"SAARC","name":"South Asian Association for Regional Cooperation","otherAcronyms":[],"otherNames":[]}],"cioc":"SRI"},{"name":"Sudan","topLevelDomain":[".sd"],"alpha2Code":"SD","alpha3Code":"SDN","callingCodes":["249"],"capital":"Khartoum","altSpellings":["SD","Republic of the Sudan","Jumh?r?yat as-S?d?n"],"region":"Africa","subregion":"Northern Africa","population":39598700,"latlng":[15.0,30.0],"demonym":"Sudanese","area":1886068.0,"gini":35.3,"timezones":["UTC+03:00"],"borders":["CAF","TCD","EGY","ERI","ETH","LBY","SSD"],"nativeName":"???????","numericCode":"729","currencies":[{"code":"SDG","name":"Sudanese pound","symbol":"?.?."}],"languages":[{"iso639_1":"ar","iso639_2":"ara","name":"Arabic","nativeName":"???????"},{"iso639_1":"en","iso639_2":"eng","name":"English","nativeName":"English"}],"translations":{"de":"Sudan","es":"Sudán","fr":"Soudan","ja":"????","it":"Sudan","br":"Sudão","pt":"Sudão","nl":"Soedan","hr":"Sudan","fa":"?????"},"flag":"https://restcountries.eu/data/sdn.svg","regionalBlocs":[{"acronym":"AU","name":"African Union","otherAcronyms":[],"otherNames":["??????? ????????","Union africaine","União Africana","Unión Africana","Umoja wa Afrika"]},{"acronym":"AL","name":"Arab League","otherAcronyms":[],"otherNames":["????? ????? ???????","J?mi?at ad-Duwal al-?Arab?yah","League of Arab States"]}],"cioc":"SUD"},{"name":"Suriname","topLevelDomain":[".sr"],"alpha2Code":"SR","alpha3Code":"SUR","callingCodes":["597"],"capital":"Paramaribo","altSpellings":["SR","Sarnam","Sranangron","Republic of Suriname","Republiek Suriname"],"region":"Americas","subregion":"South America","population":541638,"latlng":[4.0,-56.0],"demonym":"Surinamer","area":163820.0,"gini":52.9,"timezones":["UTC-03:00"],"borders":["BRA","GUF","FRA","GUY"],"nativeName":"Suriname","numericCode":"740","currencies":[{"code":"SRD","name":"Surinamese dollar","symbol":"$"}],"languages":[{"iso639_1":"nl","iso639_2":"nld","name":"Dutch","nativeName":"Nederlands"}],"translations":{"de":"Suriname","es":"Surinam","fr":"Surinam","ja":"????","it":"Suriname","br":"Suriname","pt":"Suriname","nl":"Suriname","hr":"Surinam","fa":"???????"},"flag":"https://restcountries.eu/data/sur.svg","regionalBlocs":[{"acronym":"CARICOM","name":"Caribbean Community","otherAcronyms":[],"otherNames":["Comunidad del Caribe","Communauté Caribéenne","Caribische Gemeenschap"]},{"acronym":"USAN","name":"Union of South American Nations","otherAcronyms":["UNASUR","UNASUL","UZAN"],"otherNames":["Unión de Naciones Suramericanas","União de Nações Sul-Americanas","Unie van Zuid-Amerikaanse Naties","South American Union"]}],"cioc":"SUR"},{"name":"Svalbard and Jan Mayen","topLevelDomain":[".sj"],"alpha2Code":"SJ","alpha3Code":"SJM","callingCodes":["4779"],"capital":"Longyearbyen","altSpellings":["SJ","Svalbard and Jan Mayen Islands"],"region":"Europe","subregion":"Northern Europe","population":2562,"latlng":[78.0,20.0],"demonym":"Norwegian","area":null,"gini":null,"timezones":["UTC+01:00"],"borders":[],"nativeName":"Svalbard og Jan Mayen","numericCode":"744","currencies":[{"code":"NOK","name":"Norwegian krone","symbol":"kr"}],"languages":[{"iso639_1":"no","iso639_2":"nor","name":"Norwegian","nativeName":"Norsk"}],"translations":{"de":"Svalbard und Jan Mayen","es":"Islas Svalbard y Jan Mayen","fr":"Svalbard et Jan Mayen","ja":"???????????????????","it":"Svalbard e Jan Mayen","br":"Svalbard","pt":"Svalbard","nl":"Svalbard en Jan Mayen","hr":"Svalbard i Jan Mayen","fa":"???????? ? ??? ????"},"flag":"https://restcountries.eu/data/sjm.svg","regionalBlocs":[],"cioc":""},{"name":"Swaziland","topLevelDomain":[".sz"],"alpha2Code":"SZ","alpha3Code":"SWZ","callingCodes":["268"],"capital":"Lobamba","altSpellings":["SZ","weSwatini","Swatini","Ngwane","Kingdom of Swaziland","Umbuso waseSwatini"],"region":"Africa","subregion":"Southern Africa","population":1132657,"latlng":[-26.5,31.5],"demonym":"Swazi","area":17364.0,"gini":51.5,"timezones":["UTC+02:00"],"borders":["MOZ","ZAF"],"nativeName":"Swaziland","numericCode":"748","currencies":[{"code":"SZL","name":"Swazi lilangeni","symbol":"L"}],"languages":[{"iso639_1":"en","iso639_2":"eng","name":"English","nativeName":"English"},{"iso639_1":"ss","iso639_2":"ssw","name":"Swati","nativeName":"SiSwati"}],"translations":{"de":"Swasiland","es":"Suazilandia","fr":"Swaziland","ja":"??????","it":"Swaziland","br":"Suazilândia","pt":"Suazilândia","nl":"Swaziland","hr":"Svazi","fa":"????????"},"flag":"https://restcountries.eu/data/swz.svg","regionalBlocs":[{"acronym":"AU","name":"African Union","otherAcronyms":[],"otherNames":["??????? ????????","Union africaine","União Africana","Unión Africana","Umoja wa Afrika"]}],"cioc":"SWZ"},{"name":"Sweden","topLevelDomain":[".se"],"alpha2Code":"SE","alpha3Code":"SWE","callingCodes":["46"],"capital":"Stockholm","altSpellings":["SE","Kingdom of Sweden","Konungariket Sverige"],"region":"Europe","subregion":"Northern Europe","population":9894888,"latlng":[62.0,15.0],"demonym":"Swedish","area":450295.0,"gini":25.0,"timezones":["UTC+01:00"],"borders":["FIN","NOR"],"nativeName":"Sverige","numericCode":"752","currencies":[{"code":"SEK","name":"Swedish krona","symbol":"kr"}],"languages":[{"iso639_1":"sv","iso639_2":"swe","name":"Swedish","nativeName":"svenska"}],"translations":{"de":"Schweden","es":"Suecia","fr":"Suède","ja":"??????","it":"Svezia","br":"Suécia","pt":"Suécia","nl":"Zweden","hr":"Švedska","fa":"????"},"flag":"https://restcountries.eu/data/swe.svg","regionalBlocs":[{"acronym":"EU","name":"European Union","otherAcronyms":[],"otherNames":[]}],"cioc":"SWE"},{"name":"Switzerland","topLevelDomain":[".ch"],"alpha2Code":"CH","alpha3Code":"CHE","callingCodes":["41"],"capital":"Bern","altSpellings":["CH","Swiss Confederation","Schweiz","Suisse","Svizzera","Svizra"],"region":"Europe","subregion":"Western Europe","population":8341600,"latlng":[47.0,8.0],"demonym":"Swiss","area":41284.0,"gini":33.7,"timezones":["UTC+01:00"],"borders":["AUT","FRA","ITA","LIE","DEU"],"nativeName":"Schweiz","numericCode":"756","currencies":[{"code":"CHF","name":"Swiss franc","symbol":"Fr"}],"languages":[{"iso639_1":"de","iso639_2":"deu","name":"German","nativeName":"Deutsch"},{"iso639_1":"fr","iso639_2":"fra","name":"French","nativeName":"français"},{"iso639_1":"it","iso639_2":"ita","name":"Italian","nativeName":"Italiano"}],"translations":{"de":"Schweiz","es":"Suiza","fr":"Suisse","ja":"???","it":"Svizzera","br":"Suíça","pt":"Suíça","nl":"Zwitserland","hr":"Švicarska","fa":"?????"},"flag":"https://restcountries.eu/data/che.svg","regionalBlocs":[{"acronym":"EFTA","name":"European Free Trade Association","otherAcronyms":[],"otherNames":[]}],"cioc":"SUI"},{"name":"Syrian Arab Republic","topLevelDomain":[".sy"],"alpha2Code":"SY","alpha3Code":"SYR","callingCodes":["963"],"capital":"Damascus","altSpellings":["SY","Syrian Arab Republic","Al-Jumh?r?yah Al-?Arab?yah As-S?r?yah"],"region":"Asia","subregion":"Western Asia","population":18564000,"latlng":[35.0,38.0],"demonym":"Syrian","area":185180.0,"gini":35.8,"timezones":["UTC+02:00"],"borders":["IRQ","ISR","JOR","LBN","TUR"],"nativeName":"?????","numericCode":"760","currencies":[{"code":"SYP","name":"Syrian pound","symbol":"£"}],"languages":[{"iso639_1":"ar","iso639_2":"ara","name":"Arabic","nativeName":"???????"}],"translations":{"de":"Syrien","es":"Siria","fr":"Syrie","ja":"??????????","it":"Siria","br":"Síria","pt":"Síria","nl":"Syrië","hr":"Sirija","fa":"?????"},"flag":"https://restcountries.eu/data/syr.svg","regionalBlocs":[{"acronym":"AL","name":"Arab League","otherAcronyms":[],"otherNames":["????? ????? ???????","J?mi?at ad-Duwal al-?Arab?yah","League of Arab States"]}],"cioc":"SYR"},{"name":"Taiwan","topLevelDomain":[".tw"],"alpha2Code":"TW","alpha3Code":"TWN","callingCodes":["886"],"capital":"Taipei","altSpellings":["TW","Táiw?n","Republic of China","????","Zh?nghuá Mínguó"],"region":"Asia","subregion":"Eastern Asia","population":23503349,"latlng":[23.5,121.0],"demonym":"Taiwanese","area":36193.0,"gini":null,"timezones":["UTC+08:00"],"borders":[],"nativeName":"??","numericCode":"158","currencies":[{"code":"TWD","name":"New Taiwan dollar","symbol":"$"}],"languages":[{"iso639_1":"zh","iso639_2":"zho","name":"Chinese","nativeName":"?? (Zh?ngwén)"}],"translations":{"de":"Taiwan","es":"Taiwán","fr":"Taïwan","ja":"????????","it":"Taiwan","br":"Taiwan","pt":"Taiwan","nl":"Taiwan","hr":"Tajvan","fa":"??????"},"flag":"https://restcountries.eu/data/twn.svg","regionalBlocs":[],"cioc":"TPE"},{"name":"Tajikistan","topLevelDomain":[".tj"],"alpha2Code":"TJ","alpha3Code":"TJK","callingCodes":["992"],"capital":"Dushanbe","altSpellings":["TJ","Toçikiston","Republic of Tajikistan","???????? ??????????","Çumhuriyi Toçikiston"],"region":"Asia","subregion":"Central Asia","population":8593600,"latlng":[39.0,71.0],"demonym":"Tadzhik","area":143100.0,"gini":30.8,"timezones":["UTC+05:00"],"borders":["AFG","CHN","KGZ","UZB"],"nativeName":"??????????","numericCode":"762","currencies":[{"code":"TJS","name":"Tajikistani somoni","symbol":"??"}],"languages":[{"iso639_1":"tg","iso639_2":"tgk","name":"Tajik","nativeName":"??????"},{"iso639_1":"ru","iso639_2":"rus","name":"Russian","nativeName":"???????"}],"translations":{"de":"Tadschikistan","es":"Tayikistán","fr":"Tadjikistan","ja":"??????","it":"Tagikistan","br":"Tajiquistão","pt":"Tajiquistão","nl":"Tadzjikistan","hr":"Ta?ikistan","fa":"?????????"},"flag":"https://restcountries.eu/data/tjk.svg","regionalBlocs":[],"cioc":"TJK"},{"name":"Tanzania, United Republic of","topLevelDomain":[".tz"],"alpha2Code":"TZ","alpha3Code":"TZA","callingCodes":["255"],"capital":"Dodoma","altSpellings":["TZ","United Republic of Tanzania","Jamhuri ya Muungano wa Tanzania"],"region":"Africa","subregion":"Eastern Africa","population":55155000,"latlng":[-6.0,35.0],"demonym":"Tanzanian","area":945087.0,"gini":37.6,"timezones":["UTC+03:00"],"borders":["BDI","COD","KEN","MWI","MOZ","RWA","UGA","ZMB"],"nativeName":"Tanzania","numericCode":"834","currencies":[{"code":"TZS","name":"Tanzanian shilling","symbol":"Sh"}],"languages":[{"iso639_1":"sw","iso639_2":"swa","name":"Swahili","nativeName":"Kiswahili"},{"iso639_1":"en","iso639_2":"eng","name":"English","nativeName":"English"}],"translations":{"de":"Tansania","es":"Tanzania","fr":"Tanzanie","ja":"?????","it":"Tanzania","br":"Tanzânia","pt":"Tanzânia","nl":"Tanzania","hr":"Tanzanija","fa":"????????"},"flag":"https://restcountries.eu/data/tza.svg","regionalBlocs":[{"acronym":"AU","name":"African Union","otherAcronyms":[],"otherNames":["??????? ????????","Union africaine","União Africana","Unión Africana","Umoja wa Afrika"]}],"cioc":"TAN"},{"name":"Thailand","topLevelDomain":[".th"],"alpha2Code":"TH","alpha3Code":"THA","callingCodes":["66"],"capital":"Bangkok","altSpellings":["TH","Prathet","Thai","Kingdom of Thailand","??????????????","Ratcha Anachak Thai"],"region":"Asia","subregion":"South-Eastern Asia","population":65327652,"latlng":[15.0,100.0],"demonym":"Thai","area":513120.0,"gini":40.0,"timezones":["UTC+07:00"],"borders":["MMR","KHM","LAO","MYS"],"nativeName":"?????????","numericCode":"764","currencies":[{"code":"THB","name":"Thai baht","symbol":"?"}],"languages":[{"iso639_1":"th","iso639_2":"tha","name":"Thai","nativeName":"???"}],"translations":{"de":"Thailand","es":"Tailandia","fr":"Thaïlande","ja":"??","it":"Tailandia","br":"Tailândia","pt":"Tailândia","nl":"Thailand","hr":"Tajland","fa":"??????"},"flag":"https://restcountries.eu/data/tha.svg","regionalBlocs":[{"acronym":"ASEAN","name":"Association of Southeast Asian Nations","otherAcronyms":[],"otherNames":[]}],"cioc":"THA"},{"name":"Timor-Leste","topLevelDomain":[".tl"],"alpha2Code":"TL","alpha3Code":"TLS","callingCodes":["670"],"capital":"Dili","altSpellings":["TL","East Timor","Democratic Republic of Timor-Leste","República Democrática de Timor-Leste","Repúblika Demokrátika Timór-Leste"],"region":"Asia","subregion":"South-Eastern Asia","population":1167242,"latlng":[-8.83333333,125.91666666],"demonym":"East Timorese","area":14874.0,"gini":31.9,"timezones":["UTC+09:00"],"borders":["IDN"],"nativeName":"Timor-Leste","numericCode":"626","currencies":[{"code":"USD","name":"United States dollar","symbol":"$"},{"code":null,"name":null,"symbol":null}],"languages":[{"iso639_1":"pt","iso639_2":"por","name":"Portuguese","nativeName":"Português"}],"translations":{"de":"Timor-Leste","es":"Timor Oriental","fr":"Timor oriental","ja":"??????","it":"Timor Est","br":"Timor Leste","pt":"Timor Leste","nl":"Oost-Timor","hr":"Isto?ni Timor","fa":"????? ????"},"flag":"https://restcountries.eu/data/tls.svg","regionalBlocs":[],"cioc":"TLS"},{"name":"Togo","topLevelDomain":[".tg"],"alpha2Code":"TG","alpha3Code":"TGO","callingCodes":["228"],"capital":"Lomé","altSpellings":["TG","Togolese","Togolese Republic","République Togolaise"],"region":"Africa","subregion":"Western Africa","population":7143000,"latlng":[8.0,1.16666666],"demonym":"Togolese","area":56785.0,"gini":34.4,"timezones":["UTC"],"borders":["BEN","BFA","GHA"],"nativeName":"Togo","numericCode":"768","currencies":[{"code":"XOF","name":"West African CFA franc","symbol":"Fr"}],"languages":[{"iso639_1":"fr","iso639_2":"fra","name":"French","nativeName":"français"}],"translations":{"de":"Togo","es":"Togo","fr":"Togo","ja":"???","it":"Togo","br":"Togo","pt":"Togo","nl":"Togo","hr":"Togo","fa":"????"},"flag":"https://restcountries.eu/data/tgo.svg","regionalBlocs":[{"acronym":"AU","name":"African Union","otherAcronyms":[],"otherNames":["??????? ????????","Union africaine","União Africana","Unión Africana","Umoja wa Afrika"]}],"cioc":"TOG"},{"name":"Tokelau","topLevelDomain":[".tk"],"alpha2Code":"TK","alpha3Code":"TKL","callingCodes":["690"],"capital":"Fakaofo","altSpellings":["TK"],"region":"Oceania","subregion":"Polynesia","population":1411,"latlng":[-9.0,-172.0],"demonym":"Tokelauan","area":12.0,"gini":null,"timezones":["UTC+13:00"],"borders":[],"nativeName":"Tokelau","numericCode":"772","currencies":[{"code":"NZD","name":"New Zealand dollar","symbol":"$"}],"languages":[{"iso639_1":"en","iso639_2":"eng","name":"English","nativeName":"English"}],"translations":{"de":"Tokelau","es":"Islas Tokelau","fr":"Tokelau","ja":"????","it":"Isole Tokelau","br":"Tokelau","pt":"Toquelau","nl":"Tokelau","hr":"Tokelau","fa":"???????"},"flag":"https://restcountries.eu/data/tkl.svg","regionalBlocs":[],"cioc":""},{"name":"Tonga","topLevelDomain":[".to"],"alpha2Code":"TO","alpha3Code":"TON","callingCodes":["676"],"capital":"Nuku'alofa","altSpellings":["TO"],"region":"Oceania","subregion":"Polynesia","population":103252,"latlng":[-20.0,-175.0],"demonym":"Tongan","area":747.0,"gini":null,"timezones":["UTC+13:00"],"borders":[],"nativeName":"Tonga","numericCode":"776","currencies":[{"code":"TOP","name":"Tongan pa?anga","symbol":"T$"}],"languages":[{"iso639_1":"en","iso639_2":"eng","name":"English","nativeName":"English"},{"iso639_1":"to","iso639_2":"ton","name":"Tonga (Tonga Islands)","nativeName":"faka Tonga"}],"translations":{"de":"Tonga","es":"Tonga","fr":"Tonga","ja":"???","it":"Tonga","br":"Tonga","pt":"Tonga","nl":"Tonga","hr":"Tonga","fa":"?????"},"flag":"https://restcountries.eu/data/ton.svg","regionalBlocs":[],"cioc":"TGA"},{"name":"Trinidad and Tobago","topLevelDomain":[".tt"],"alpha2Code":"TT","alpha3Code":"TTO","callingCodes":["1868"],"capital":"Port of Spain","altSpellings":["TT","Republic of Trinidad and Tobago"],"region":"Americas","subregion":"Caribbean","population":1349667,"latlng":[11.0,-61.0],"demonym":"Trinidadian","area":5130.0,"gini":40.3,"timezones":["UTC-04:00"],"borders":[],"nativeName":"Trinidad and Tobago","numericCode":"780","currencies":[{"code":"TTD","name":"Trinidad and Tobago dollar","symbol":"$"}],"languages":[{"iso639_1":"en","iso639_2":"eng","name":"English","nativeName":"English"}],"translations":{"de":"Trinidad und Tobago","es":"Trinidad y Tobago","fr":"Trinité et Tobago","ja":"??????????","it":"Trinidad e Tobago","br":"Trinidad e Tobago","pt":"Trindade e Tobago","nl":"Trinidad en Tobago","hr":"Trinidad i Tobago","fa":"???????? ? ??????"},"flag":"https://restcountries.eu/data/tto.svg","regionalBlocs":[{"acronym":"CARICOM","name":"Caribbean Community","otherAcronyms":[],"otherNames":["Comunidad del Caribe","Communauté Caribéenne","Caribische Gemeenschap"]}],"cioc":"TTO"},{"name":"Tunisia","topLevelDomain":[".tn"],"alpha2Code":"TN","alpha3Code":"TUN","callingCodes":["216"],"capital":"Tunis","altSpellings":["TN","Republic of Tunisia","al-Jumh?riyyah at-T?nisiyyah"],"region":"Africa","subregion":"Northern Africa","population":11154400,"latlng":[34.0,9.0],"demonym":"Tunisian","area":163610.0,"gini":41.4,"timezones":["UTC+01:00"],"borders":["DZA","LBY"],"nativeName":"????","numericCode":"788","currencies":[{"code":"TND","name":"Tunisian dinar","symbol":"?.?"}],"languages":[{"iso639_1":"ar","iso639_2":"ara","name":"Arabic","nativeName":"???????"}],"translations":{"de":"Tunesien","es":"Túnez","fr":"Tunisie","ja":"?????","it":"Tunisia","br":"Tunísia","pt":"Tunísia","nl":"Tunesië","hr":"Tunis","fa":"????"},"flag":"https://restcountries.eu/data/tun.svg","regionalBlocs":[{"acronym":"AU","name":"African Union","otherAcronyms":[],"otherNames":["??????? ????????","Union africaine","União Africana","Unión Africana","Umoja wa Afrika"]},{"acronym":"AL","name":"Arab League","otherAcronyms":[],"otherNames":["????? ????? ???????","J?mi?at ad-Duwal al-?Arab?yah","League of Arab States"]}],"cioc":"TUN"},{"name":"Turkey","topLevelDomain":[".tr"],"alpha2Code":"TR","alpha3Code":"TUR","callingCodes":["90"],"capital":"Ankara","altSpellings":["TR","Turkiye","Republic of Turkey","Türkiye Cumhuriyeti"],"region":"Asia","subregion":"Western Asia","population":78741053,"latlng":[39.0,35.0],"demonym":"Turkish","area":783562.0,"gini":39.0,"timezones":["UTC+03:00"],"borders":["ARM","AZE","BGR","GEO","GRC","IRN","IRQ","SYR"],"nativeName":"Türkiye","numericCode":"792","currencies":[{"code":"TRY","name":"Turkish lira","symbol":null}],"languages":[{"iso639_1":"tr","iso639_2":"tur","name":"Turkish","nativeName":"Türkçe"}],"translations":{"de":"Türkei","es":"Turquía","fr":"Turquie","ja":"???","it":"Turchia","br":"Turquia","pt":"Turquia","nl":"Turkije","hr":"Turska","fa":"?????"},"flag":"https://restcountries.eu/data/tur.svg","regionalBlocs":[],"cioc":"TUR"},{"name":"Turkmenistan","topLevelDomain":[".tm"],"alpha2Code":"TM","alpha3Code":"TKM","callingCodes":["993"],"capital":"Ashgabat","altSpellings":["TM"],"region":"Asia","subregion":"Central Asia","population":4751120,"latlng":[40.0,60.0],"demonym":"Turkmen","area":488100.0,"gini":40.8,"timezones":["UTC+05:00"],"borders":["AFG","IRN","KAZ","UZB"],"nativeName":"Türkmenistan","numericCode":"795","currencies":[{"code":"TMT","name":"Turkmenistan manat","symbol":"m"}],"languages":[{"iso639_1":"tk","iso639_2":"tuk","name":"Turkmen","nativeName":"Türkmen"},{"iso639_1":"ru","iso639_2":"rus","name":"Russian","nativeName":"???????"}],"translations":{"de":"Turkmenistan","es":"Turkmenistán","fr":"Turkménistan","ja":"????????","it":"Turkmenistan","br":"Turcomenistão","pt":"Turquemenistão","nl":"Turkmenistan","hr":"Turkmenistan","fa":"?????????"},"flag":"https://restcountries.eu/data/tkm.svg","regionalBlocs":[],"cioc":"TKM"},{"name":"Turks and Caicos Islands","topLevelDomain":[".tc"],"alpha2Code":"TC","alpha3Code":"TCA","callingCodes":["1649"],"capital":"Cockburn Town","altSpellings":["TC"],"region":"Americas","subregion":"Caribbean","population":31458,"latlng":[21.75,-71.58333333],"demonym":"Turks and Caicos Islander","area":948.0,"gini":null,"timezones":["UTC-04:00"],"borders":[],"nativeName":"Turks and Caicos Islands","numericCode":"796","currencies":[{"code":"USD","name":"United States dollar","symbol":"$"}],"languages":[{"iso639_1":"en","iso639_2":"eng","name":"English","nativeName":"English"}],"translations":{"de":"Turks- und Caicosinseln","es":"Islas Turks y Caicos","fr":"Îles Turques-et-Caïques","ja":"???????????","it":"Isole Turks e Caicos","br":"Ilhas Turcas e Caicos","pt":"Ilhas Turcas e Caicos","nl":"Turks- en Caicoseilanden","hr":"Otoci Turks i Caicos","fa":"????? ????? ? ??????"},"flag":"https://restcountries.eu/data/tca.svg","regionalBlocs":[],"cioc":""},{"name":"Tuvalu","topLevelDomain":[".tv"],"alpha2Code":"TV","alpha3Code":"TUV","callingCodes":["688"],"capital":"Funafuti","altSpellings":["TV"],"region":"Oceania","subregion":"Polynesia","population":10640,"latlng":[-8.0,178.0],"demonym":"Tuvaluan","area":26.0,"gini":null,"timezones":["UTC+12:00"],"borders":[],"nativeName":"Tuvalu","numericCode":"798","currencies":[{"code":"AUD","name":"Australian dollar","symbol":"$"},{"code":"TVD[G]","name":"Tuvaluan dollar","symbol":"$"}],"languages":[{"iso639_1":"en","iso639_2":"eng","name":"English","nativeName":"English"}],"translations":{"de":"Tuvalu","es":"Tuvalu","fr":"Tuvalu","ja":"???","it":"Tuvalu","br":"Tuvalu","pt":"Tuvalu","nl":"Tuvalu","hr":"Tuvalu","fa":"??????"},"flag":"https://restcountries.eu/data/tuv.svg","regionalBlocs":[],"cioc":"TUV"},{"name":"Uganda","topLevelDomain":[".ug"],"alpha2Code":"UG","alpha3Code":"UGA","callingCodes":["256"],"capital":"Kampala","altSpellings":["UG","Republic of Uganda","Jamhuri ya Uganda"],"region":"Africa","subregion":"Eastern Africa","population":33860700,"latlng":[1.0,32.0],"demonym":"Ugandan","area":241550.0,"gini":44.3,"timezones":["UTC+03:00"],"borders":["COD","KEN","RWA","SSD","TZA"],"nativeName":"Uganda","numericCode":"800","currencies":[{"code":"UGX","name":"Ugandan shilling","symbol":"Sh"}],"languages":[{"iso639_1":"en","iso639_2":"eng","name":"English","nativeName":"English"},{"iso639_1":"sw","iso639_2":"swa","name":"Swahili","nativeName":"Kiswahili"}],"translations":{"de":"Uganda","es":"Uganda","fr":"Uganda","ja":"????","it":"Uganda","br":"Uganda","pt":"Uganda","nl":"Oeganda","hr":"Uganda","fa":"???????"},"flag":"https://restcountries.eu/data/uga.svg","regionalBlocs":[{"acronym":"AU","name":"African Union","otherAcronyms":[],"otherNames":["??????? ????????","Union africaine","União Africana","Unión Africana","Umoja wa Afrika"]}],"cioc":"UGA"},{"name":"Ukraine","topLevelDomain":[".ua"],"alpha2Code":"UA","alpha3Code":"UKR","callingCodes":["380"],"capital":"Kiev","altSpellings":["UA","Ukrayina"],"region":"Europe","subregion":"Eastern Europe","population":42692393,"latlng":[49.0,32.0],"demonym":"Ukrainian","area":603700.0,"gini":26.4,"timezones":["UTC+02:00"],"borders":["BLR","HUN","MDA","POL","ROU","RUS","SVK"],"nativeName":"???????","numericCode":"804","currencies":[{"code":"UAH","name":"Ukrainian hryvnia","symbol":"?"}],"languages":[{"iso639_1":"uk","iso639_2":"ukr","name":"Ukrainian","nativeName":"??????????"}],"translations":{"de":"Ukraine","es":"Ucrania","fr":"Ukraine","ja":"?????","it":"Ucraina","br":"Ucrânia","pt":"Ucrânia","nl":"Oekraïne","hr":"Ukrajina","fa":"??????"},"flag":"https://restcountries.eu/data/ukr.svg","regionalBlocs":[],"cioc":"UKR"},{"name":"United Arab Emirates","topLevelDomain":[".ae"],"alpha2Code":"AE","alpha3Code":"ARE","callingCodes":["971"],"capital":"Abu Dhabi","altSpellings":["AE","UAE"],"region":"Asia","subregion":"Western Asia","population":9856000,"latlng":[24.0,54.0],"demonym":"Emirati","area":83600.0,"gini":null,"timezones":["UTC+04"],"borders":["OMN","SAU"],"nativeName":"???? ???????? ??????? ???????","numericCode":"784","currencies":[{"code":"AED","name":"United Arab Emirates dirham","symbol":"?.?"}],"languages":[{"iso639_1":"ar","iso639_2":"ara","name":"Arabic","nativeName":"???????"}],"translations":{"de":"Vereinigte Arabische Emirate","es":"Emiratos Árabes Unidos","fr":"Émirats arabes unis","ja":"????????","it":"Emirati Arabi Uniti","br":"Emirados árabes Unidos","pt":"Emirados árabes Unidos","nl":"Verenigde Arabische Emiraten","hr":"Ujedinjeni Arapski Emirati","fa":"?????? ????? ????"},"flag":"https://restcountries.eu/data/are.svg","regionalBlocs":[{"acronym":"AL","name":"Arab League","otherAcronyms":[],"otherNames":["????? ????? ???????","J?mi?at ad-Duwal al-?Arab?yah","League of Arab States"]}],"cioc":"UAE"},{"name":"United Kingdom of Great Britain and Northern Ireland","topLevelDomain":[".uk"],"alpha2Code":"GB","alpha3Code":"GBR","callingCodes":["44"],"capital":"London","altSpellings":["GB","UK","Great Britain"],"region":"Europe","subregion":"Northern Europe","population":65110000,"latlng":[54.0,-2.0],"demonym":"British","area":242900.0,"gini":34.0,"timezones":["UTC-08:00","UTC-05:00","UTC-04:00","UTC-03:00","UTC-02:00","UTC","UTC+01:00","UTC+02:00","UTC+06:00"],"borders":["IRL"],"nativeName":"United Kingdom","numericCode":"826","currencies":[{"code":"GBP","name":"British pound","symbol":"£"}],"languages":[{"iso639_1":"en","iso639_2":"eng","name":"English","nativeName":"English"}],"translations":{"de":"Vereinigtes Königreich","es":"Reino Unido","fr":"Royaume-Uni","ja":"????","it":"Regno Unito","br":"Reino Unido","pt":"Reino Unido","nl":"Verenigd Koninkrijk","hr":"Ujedinjeno Kraljevstvo","fa":"????????? ???? ? ?????? ?????"},"flag":"https://restcountries.eu/data/gbr.svg","regionalBlocs":[{"acronym":"EU","name":"European Union","otherAcronyms":[],"otherNames":[]}],"cioc":"GBR"},{"name":"United States of America","topLevelDomain":[".us"],"alpha2Code":"US","alpha3Code":"USA","callingCodes":["1"],"capital":"Washington, D.C.","altSpellings":["US","USA","United States of America"],"region":"Americas","subregion":"Northern America","population":323947000,"latlng":[38.0,-97.0],"demonym":"American","area":9629091.0,"gini":48.0,"timezones":["UTC-12:00","UTC-11:00","UTC-10:00","UTC-09:00","UTC-08:00","UTC-07:00","UTC-06:00","UTC-05:00","UTC-04:00","UTC+10:00","UTC+12:00"],"borders":["CAN","MEX"],"nativeName":"United States","numericCode":"840","currencies":[{"code":"USD","name":"United States dollar","symbol":"$"}],"languages":[{"iso639_1":"en","iso639_2":"eng","name":"English","nativeName":"English"}],"translations":{"de":"Vereinigte Staaten von Amerika","es":"Estados Unidos","fr":"États-Unis","ja":"???????","it":"Stati Uniti D'America","br":"Estados Unidos","pt":"Estados Unidos","nl":"Verenigde Staten","hr":"Sjedinjene Ameri?ke Države","fa":"?????? ????? ??????"},"flag":"https://restcountries.eu/data/usa.svg","regionalBlocs":[{"acronym":"NAFTA","name":"North American Free Trade Agreement","otherAcronyms":[],"otherNames":["Tratado de Libre Comercio de América del Norte","Accord de Libre-échange Nord-Américain"]}],"cioc":"USA"},{"name":"Uruguay","topLevelDomain":[".uy"],"alpha2Code":"UY","alpha3Code":"URY","callingCodes":["598"],"capital":"Montevideo","altSpellings":["UY","Oriental Republic of Uruguay","República Oriental del Uruguay"],"region":"Americas","subregion":"South America","population":3480222,"latlng":[-33.0,-56.0],"demonym":"Uruguayan","area":181034.0,"gini":39.7,"timezones":["UTC-03:00"],"borders":["ARG","BRA"],"nativeName":"Uruguay","numericCode":"858","currencies":[{"code":"UYU","name":"Uruguayan peso","symbol":"$"}],"languages":[{"iso639_1":"es","iso639_2":"spa","name":"Spanish","nativeName":"Español"}],"translations":{"de":"Uruguay","es":"Uruguay","fr":"Uruguay","ja":"?????","it":"Uruguay","br":"Uruguai","pt":"Uruguai","nl":"Uruguay","hr":"Urugvaj","fa":"???????"},"flag":"https://restcountries.eu/data/ury.svg","regionalBlocs":[{"acronym":"USAN","name":"Union of South American Nations","otherAcronyms":["UNASUR","UNASUL","UZAN"],"otherNames":["Unión de Naciones Suramericanas","União de Nações Sul-Americanas","Unie van Zuid-Amerikaanse Naties","South American Union"]}],"cioc":"URU"},{"name":"Uzbekistan","topLevelDomain":[".uz"],"alpha2Code":"UZ","alpha3Code":"UZB","callingCodes":["998"],"capital":"Tashkent","altSpellings":["UZ","Republic of Uzbekistan","O‘zbekiston Respublikasi","?????????? ????????????"],"region":"Asia","subregion":"Central Asia","population":31576400,"latlng":[41.0,64.0],"demonym":"Uzbekistani","area":447400.0,"gini":36.7,"timezones":["UTC+05:00"],"borders":["AFG","KAZ","KGZ","TJK","TKM"],"nativeName":"O‘zbekiston","numericCode":"860","currencies":[{"code":"UZS","name":"Uzbekistani so'm","symbol":null}],"languages":[{"iso639_1":"uz","iso639_2":"uzb","name":"Uzbek","nativeName":"O?zbek"},{"iso639_1":"ru","iso639_2":"rus","name":"Russian","nativeName":"???????"}],"translations":{"de":"Usbekistan","es":"Uzbekistán","fr":"Ouzbékistan","ja":"???????","it":"Uzbekistan","br":"Uzbequistão","pt":"Usbequistão","nl":"Oezbekistan","hr":"Uzbekistan","fa":"????????"},"flag":"https://restcountries.eu/data/uzb.svg","regionalBlocs":[],"cioc":"UZB"},{"name":"Vanuatu","topLevelDomain":[".vu"],"alpha2Code":"VU","alpha3Code":"VUT","callingCodes":["678"],"capital":"Port Vila","altSpellings":["VU","Republic of Vanuatu","Ripablik blong Vanuatu","République de Vanuatu"],"region":"Oceania","subregion":"Melanesia","population":277500,"latlng":[-16.0,167.0],"demonym":"Ni-Vanuatu","area":12189.0,"gini":null,"timezones":["UTC+11:00"],"borders":[],"nativeName":"Vanuatu","numericCode":"548","currencies":[{"code":"VUV","name":"Vanuatu vatu","symbol":"Vt"}],"languages":[{"iso639_1":"bi","iso639_2":"bis","name":"Bislama","nativeName":"Bislama"},{"iso639_1":"en","iso639_2":"eng","name":"English","nativeName":"English"},{"iso639_1":"fr","iso639_2":"fra","name":"French","nativeName":"français"}],"translations":{"de":"Vanuatu","es":"Vanuatu","fr":"Vanuatu","ja":"????","it":"Vanuatu","br":"Vanuatu","pt":"Vanuatu","nl":"Vanuatu","hr":"Vanuatu","fa":"???????"},"flag":"https://restcountries.eu/data/vut.svg","regionalBlocs":[],"cioc":"VAN"},{"name":"Venezuela (Bolivarian Republic of)","topLevelDomain":[".ve"],"alpha2Code":"VE","alpha3Code":"VEN","callingCodes":["58"],"capital":"Caracas","altSpellings":["VE","Bolivarian Republic of Venezuela","República Bolivariana de Venezuela"],"region":"Americas","subregion":"South America","population":31028700,"latlng":[8.0,-66.0],"demonym":"Venezuelan","area":916445.0,"gini":44.8,"timezones":["UTC-04:00"],"borders":["BRA","COL","GUY"],"nativeName":"Venezuela","numericCode":"862","currencies":[{"code":"VEF","name":"Venezuelan bolívar","symbol":"Bs F"}],"languages":[{"iso639_1":"es","iso639_2":"spa","name":"Spanish","nativeName":"Español"}],"translations":{"de":"Venezuela","es":"Venezuela","fr":"Venezuela","ja":"?????????????","it":"Venezuela","br":"Venezuela","pt":"Venezuela","nl":"Venezuela","hr":"Venezuela","fa":"???????"},"flag":"https://restcountries.eu/data/ven.svg","regionalBlocs":[{"acronym":"USAN","name":"Union of South American Nations","otherAcronyms":["UNASUR","UNASUL","UZAN"],"otherNames":["Unión de Naciones Suramericanas","União de Nações Sul-Americanas","Unie van Zuid-Amerikaanse Naties","South American Union"]}],"cioc":"VEN"},{"name":"Viet Nam","topLevelDomain":[".vn"],"alpha2Code":"VN","alpha3Code":"VNM","callingCodes":["84"],"capital":"Hanoi","altSpellings":["VN","Socialist Republic of Vietnam","C?ng hòa Xã h?i ch? ngh?a Vi?t Nam"],"region":"Asia","subregion":"South-Eastern Asia","population":92700000,"latlng":[16.16666666,107.83333333],"demonym":"Vietnamese","area":331212.0,"gini":35.6,"timezones":["UTC+07:00"],"borders":["KHM","CHN","LAO"],"nativeName":"Vi?t Nam","numericCode":"704","currencies":[{"code":"VND","name":"Vietnamese ??ng","symbol":"?"}],"languages":[{"iso639_1":"vi","iso639_2":"vie","name":"Vietnamese","nativeName":"Ti?ng Vi?t"}],"translations":{"de":"Vietnam","es":"Vietnam","fr":"Viêt Nam","ja":"????","it":"Vietnam","br":"Vietnã","pt":"Vietname","nl":"Vietnam","hr":"Vijetnam","fa":"??????"},"flag":"https://restcountries.eu/data/vnm.svg","regionalBlocs":[{"acronym":"ASEAN","name":"Association of Southeast Asian Nations","otherAcronyms":[],"otherNames":[]}],"cioc":"VIE"},{"name":"Wallis and Futuna","topLevelDomain":[".wf"],"alpha2Code":"WF","alpha3Code":"WLF","callingCodes":["681"],"capital":"Mata-Utu","altSpellings":["WF","Territory of the Wallis and Futuna Islands","Territoire des îles Wallis et Futuna"],"region":"Oceania","subregion":"Polynesia","population":11750,"latlng":[-13.3,-176.2],"demonym":"Wallis and Futuna Islander","area":142.0,"gini":null,"timezones":["UTC+12:00"],"borders":[],"nativeName":"Wallis et Futuna","numericCode":"876","currencies":[{"code":"XPF","name":"CFP franc","symbol":"Fr"}],"languages":[{"iso639_1":"fr","iso639_2":"fra","name":"French","nativeName":"français"}],"translations":{"de":"Wallis und Futuna","es":"Wallis y Futuna","fr":"Wallis-et-Futuna","ja":"????????","it":"Wallis e Futuna","br":"Wallis e Futuna","pt":"Wallis e Futuna","nl":"Wallis en Futuna","hr":"Wallis i Fortuna","fa":"????? ? ??????"},"flag":"https://restcountries.eu/data/wlf.svg","regionalBlocs":[],"cioc":""},{"name":"Western Sahara","topLevelDomain":[".eh"],"alpha2Code":"EH","alpha3Code":"ESH","callingCodes":["212"],"capital":"El Aaiún","altSpellings":["EH","Tane?roft Tutrimt"],"region":"Africa","subregion":"Northern Africa","population":510713,"latlng":[24.5,-13.0],"demonym":"Sahrawi","area":266000.0,"gini":null,"timezones":["UTC+00:00"],"borders":["DZA","MRT","MAR"],"nativeName":"??????? ???????","numericCode":"732","currencies":[{"code":"MAD","name":"Moroccan dirham","symbol":"?.?."},{"code":"DZD","name":"Algerian dinar","symbol":"?.?"}],"languages":[{"iso639_1":"es","iso639_2":"spa","name":"Spanish","nativeName":"Español"}],"translations":{"de":"Westsahara","es":"Sahara Occidental","fr":"Sahara Occidental","ja":"????","it":"Sahara Occidentale","br":"Saara Ocidental","pt":"Saara Ocidental","nl":"Westelijke Sahara","hr":"Zapadna Sahara","fa":"?????? ????????? ???? ????"},"flag":"https://restcountries.eu/data/esh.svg","regionalBlocs":[{"acronym":"AU","name":"African Union","otherAcronyms":[],"otherNames":["??????? ????????","Union africaine","União Africana","Unión Africana","Umoja wa Afrika"]}],"cioc":""},{"name":"Yemen","topLevelDomain":[".ye"],"alpha2Code":"YE","alpha3Code":"YEM","callingCodes":["967"],"capital":"Sana'a","altSpellings":["YE","Yemeni Republic","al-Jumh?riyyah al-Yamaniyyah"],"region":"Asia","subregion":"Western Asia","population":27478000,"latlng":[15.0,48.0],"demonym":"Yemeni","area":527968.0,"gini":37.7,"timezones":["UTC+03:00"],"borders":["OMN","SAU"],"nativeName":"???????","numericCode":"887","currencies":[{"code":"YER","name":"Yemeni rial","symbol":"?"}],"languages":[{"iso639_1":"ar","iso639_2":"ara","name":"Arabic","nativeName":"???????"}],"translations":{"de":"Jemen","es":"Yemen","fr":"Yémen","ja":"????","it":"Yemen","br":"Iêmen","pt":"Iémen","nl":"Jemen","hr":"Jemen","fa":"???"},"flag":"https://restcountries.eu/data/yem.svg","regionalBlocs":[{"acronym":"AL","name":"Arab League","otherAcronyms":[],"otherNames":["????? ????? ???????","J?mi?at ad-Duwal al-?Arab?yah","League of Arab States"]}],"cioc":"YEM"},{"name":"Zambia","topLevelDomain":[".zm"],"alpha2Code":"ZM","alpha3Code":"ZMB","callingCodes":["260"],"capital":"Lusaka","altSpellings":["ZM","Republic of Zambia"],"region":"Africa","subregion":"Eastern Africa","population":15933883,"latlng":[-15.0,30.0],"demonym":"Zambian","area":752612.0,"gini":54.6,"timezones":["UTC+02:00"],"borders":["AGO","BWA","COD","MWI","MOZ","NAM","TZA","ZWE"],"nativeName":"Zambia","numericCode":"894","currencies":[{"code":"ZMW","name":"Zambian kwacha","symbol":"ZK"}],"languages":[{"iso639_1":"en","iso639_2":"eng","name":"English","nativeName":"English"}],"translations":{"de":"Sambia","es":"Zambia","fr":"Zambie","ja":"????","it":"Zambia","br":"Zâmbia","pt":"Zâmbia","nl":"Zambia","hr":"Zambija","fa":"??????"},"flag":"https://restcountries.eu/data/zmb.svg","regionalBlocs":[{"acronym":"AU","name":"African Union","otherAcronyms":[],"otherNames":["??????? ????????","Union africaine","União Africana","Unión Africana","Umoja wa Afrika"]}],"cioc":"ZAM"},{"name":"Zimbabwe","topLevelDomain":[".zw"],"alpha2Code":"ZW","alpha3Code":"ZWE","callingCodes":["263"],"capital":"Harare","altSpellings":["ZW","Republic of Zimbabwe"],"region":"Africa","subregion":"Eastern Africa","population":14240168,"latlng":[-20.0,30.0],"demonym":"Zimbabwean","area":390757.0,"gini":null,"timezones":["UTC+02:00"],"borders":["BWA","MOZ","ZAF","ZMB"],"nativeName":"Zimbabwe","numericCode":"716","currencies":[{"code":"BWP","name":"Botswana pula","symbol":"P"},{"code":"GBP","name":"British pound","symbol":"£"},{"code":"CNY","name":"Chinese yuan","symbol":"¥"},{"code":"EUR","name":"Euro","symbol":"€"},{"code":"INR","name":"Indian rupee","symbol":"?"},{"code":"JPY","name":"Japanese yen","symbol":"¥"},{"code":"ZAR","name":"South African rand","symbol":"Rs"},{"code":"USD","name":"United States dollar","symbol":"$"},{"code":"(none)","name":null,"symbol":null}],"languages":[{"iso639_1":"en","iso639_2":"eng","name":"English","nativeName":"English"},{"iso639_1":"sn","iso639_2":"sna","name":"Shona","nativeName":"chiShona"},{"iso639_1":"nd","iso639_2":"nde","name":"Northern Ndebele","nativeName":"isiNdebele"}],"translations":{"de":"Simbabwe","es":"Zimbabue","fr":"Zimbabwe","ja":"?????","it":"Zimbabwe","br":"Zimbabwe","pt":"Zimbabué","nl":"Zimbabwe","hr":"Zimbabve","fa":"???????"},"flag":"https://restcountries.eu/data/zwe.svg","regionalBlocs":[{"acronym":"AU","name":"African Union","otherAcronyms":[],"otherNames":["??????? ????????","Union africaine","União Africana","Unión Africana","Umoja wa Afrika"]}],"cioc":"ZIM"}]

Inside Given
User Entered Data
User logged out and exit
]]></system-out>
    <system-err><![CDATA[Jun 18, 2021 6:24:06 PM cucumber.runtime.java.ObjectFactoryLoader loadSingleObjectFactory
INFO: Loading ObjectFactory via service loader: io.cucumber.picocontainer.PicoFactory
]]></system-err>
  </testcase>
</testsuite>